[2023-12-23T19:00:54.059+0000] {processor.py:161} INFO - Started process (PID=35) to work on /opt/airflow/dags/data_loader.py
[2023-12-23T19:00:54.060+0000] {processor.py:830} INFO - Processing file /opt/airflow/dags/data_loader.py for tasks to queue
[2023-12-23T19:00:54.066+0000] {logging_mixin.py:188} INFO - [2023-12-23T19:00:54.065+0000] {dagbag.py:538} INFO - Filling up the DagBag from /opt/airflow/dags/data_loader.py
[2023-12-23T19:00:54.731+0000] {processor.py:840} INFO - DAG(s) 'data_loader_pg' retrieved from /opt/airflow/dags/data_loader.py
[2023-12-23T19:00:55.109+0000] {logging_mixin.py:188} INFO - [2023-12-23T19:00:55.108+0000] {dag.py:3033} INFO - Sync 1 DAGs
[2023-12-23T19:00:55.123+0000] {logging_mixin.py:188} INFO - [2023-12-23T19:00:55.123+0000] {dag.py:3820} INFO - Setting next_dagrun for data_loader_pg to 2023-12-23T00:00:00+00:00, run_after=2023-12-24T00:00:00+00:00
[2023-12-23T19:00:55.139+0000] {processor.py:183} INFO - Processing /opt/airflow/dags/data_loader.py took 1.088 seconds
[2023-12-23T19:01:25.558+0000] {processor.py:161} INFO - Started process (PID=44) to work on /opt/airflow/dags/data_loader.py
[2023-12-23T19:01:25.558+0000] {processor.py:830} INFO - Processing file /opt/airflow/dags/data_loader.py for tasks to queue
[2023-12-23T19:01:25.560+0000] {logging_mixin.py:188} INFO - [2023-12-23T19:01:25.560+0000] {dagbag.py:538} INFO - Filling up the DagBag from /opt/airflow/dags/data_loader.py
[2023-12-23T19:01:25.917+0000] {processor.py:840} INFO - DAG(s) 'data_loader_pg' retrieved from /opt/airflow/dags/data_loader.py
[2023-12-23T19:01:25.935+0000] {logging_mixin.py:188} INFO - [2023-12-23T19:01:25.934+0000] {dag.py:3033} INFO - Sync 1 DAGs
[2023-12-23T19:01:25.946+0000] {logging_mixin.py:188} INFO - [2023-12-23T19:01:25.946+0000] {dag.py:3820} INFO - Setting next_dagrun for data_loader_pg to 2023-12-23T00:00:00+00:00, run_after=2023-12-24T00:00:00+00:00
[2023-12-23T19:01:25.957+0000] {processor.py:183} INFO - Processing /opt/airflow/dags/data_loader.py took 0.401 seconds
[2023-12-23T19:01:55.991+0000] {processor.py:161} INFO - Started process (PID=53) to work on /opt/airflow/dags/data_loader.py
[2023-12-23T19:01:55.993+0000] {processor.py:830} INFO - Processing file /opt/airflow/dags/data_loader.py for tasks to queue
[2023-12-23T19:01:55.994+0000] {logging_mixin.py:188} INFO - [2023-12-23T19:01:55.994+0000] {dagbag.py:538} INFO - Filling up the DagBag from /opt/airflow/dags/data_loader.py
[2023-12-23T19:01:56.337+0000] {processor.py:840} INFO - DAG(s) 'data_loader_pg' retrieved from /opt/airflow/dags/data_loader.py
[2023-12-23T19:01:56.392+0000] {logging_mixin.py:188} INFO - [2023-12-23T19:01:56.391+0000] {dag.py:3033} INFO - Sync 1 DAGs
[2023-12-23T19:01:56.403+0000] {logging_mixin.py:188} INFO - [2023-12-23T19:01:56.403+0000] {dag.py:3820} INFO - Setting next_dagrun for data_loader_pg to 2023-12-23T00:00:00+00:00, run_after=2023-12-24T00:00:00+00:00
[2023-12-23T19:01:56.413+0000] {processor.py:183} INFO - Processing /opt/airflow/dags/data_loader.py took 0.425 seconds
[2023-12-23T19:02:27.378+0000] {processor.py:161} INFO - Started process (PID=62) to work on /opt/airflow/dags/data_loader.py
[2023-12-23T19:02:27.380+0000] {processor.py:830} INFO - Processing file /opt/airflow/dags/data_loader.py for tasks to queue
[2023-12-23T19:02:27.381+0000] {logging_mixin.py:188} INFO - [2023-12-23T19:02:27.381+0000] {dagbag.py:538} INFO - Filling up the DagBag from /opt/airflow/dags/data_loader.py
[2023-12-23T19:02:27.698+0000] {processor.py:840} INFO - DAG(s) 'data_loader_pg' retrieved from /opt/airflow/dags/data_loader.py
[2023-12-23T19:02:27.713+0000] {logging_mixin.py:188} INFO - [2023-12-23T19:02:27.713+0000] {dag.py:3033} INFO - Sync 1 DAGs
[2023-12-23T19:02:27.723+0000] {logging_mixin.py:188} INFO - [2023-12-23T19:02:27.723+0000] {dag.py:3820} INFO - Setting next_dagrun for data_loader_pg to 2023-12-23T00:00:00+00:00, run_after=2023-12-24T00:00:00+00:00
[2023-12-23T19:02:27.731+0000] {processor.py:183} INFO - Processing /opt/airflow/dags/data_loader.py took 0.355 seconds
[2023-12-23T19:02:57.772+0000] {processor.py:161} INFO - Started process (PID=71) to work on /opt/airflow/dags/data_loader.py
[2023-12-23T19:02:57.772+0000] {processor.py:830} INFO - Processing file /opt/airflow/dags/data_loader.py for tasks to queue
[2023-12-23T19:02:57.774+0000] {logging_mixin.py:188} INFO - [2023-12-23T19:02:57.774+0000] {dagbag.py:538} INFO - Filling up the DagBag from /opt/airflow/dags/data_loader.py
[2023-12-23T19:02:58.189+0000] {processor.py:840} INFO - DAG(s) 'data_loader_pg' retrieved from /opt/airflow/dags/data_loader.py
[2023-12-23T19:02:58.206+0000] {logging_mixin.py:188} INFO - [2023-12-23T19:02:58.206+0000] {dag.py:3033} INFO - Sync 1 DAGs
[2023-12-23T19:02:58.217+0000] {logging_mixin.py:188} INFO - [2023-12-23T19:02:58.217+0000] {dag.py:3820} INFO - Setting next_dagrun for data_loader_pg to 2023-12-23T00:00:00+00:00, run_after=2023-12-24T00:00:00+00:00
[2023-12-23T19:02:58.226+0000] {processor.py:183} INFO - Processing /opt/airflow/dags/data_loader.py took 0.457 seconds
[2023-12-23T19:03:29.137+0000] {processor.py:161} INFO - Started process (PID=80) to work on /opt/airflow/dags/data_loader.py
[2023-12-23T19:03:29.140+0000] {processor.py:830} INFO - Processing file /opt/airflow/dags/data_loader.py for tasks to queue
[2023-12-23T19:03:29.143+0000] {logging_mixin.py:188} INFO - [2023-12-23T19:03:29.142+0000] {dagbag.py:538} INFO - Filling up the DagBag from /opt/airflow/dags/data_loader.py
[2023-12-23T19:03:29.548+0000] {processor.py:840} INFO - DAG(s) 'data_loader_pg' retrieved from /opt/airflow/dags/data_loader.py
[2023-12-23T19:03:29.564+0000] {logging_mixin.py:188} INFO - [2023-12-23T19:03:29.564+0000] {dag.py:3033} INFO - Sync 1 DAGs
[2023-12-23T19:03:29.575+0000] {logging_mixin.py:188} INFO - [2023-12-23T19:03:29.575+0000] {dag.py:3820} INFO - Setting next_dagrun for data_loader_pg to 2023-12-23T00:00:00+00:00, run_after=2023-12-24T00:00:00+00:00
[2023-12-23T19:03:29.584+0000] {processor.py:183} INFO - Processing /opt/airflow/dags/data_loader.py took 0.455 seconds
[2023-12-23T19:04:00.521+0000] {processor.py:161} INFO - Started process (PID=89) to work on /opt/airflow/dags/data_loader.py
[2023-12-23T19:04:00.522+0000] {processor.py:830} INFO - Processing file /opt/airflow/dags/data_loader.py for tasks to queue
[2023-12-23T19:04:00.525+0000] {logging_mixin.py:188} INFO - [2023-12-23T19:04:00.525+0000] {dagbag.py:538} INFO - Filling up the DagBag from /opt/airflow/dags/data_loader.py
[2023-12-23T19:04:00.868+0000] {processor.py:840} INFO - DAG(s) 'data_loader_pg' retrieved from /opt/airflow/dags/data_loader.py
[2023-12-23T19:04:00.890+0000] {logging_mixin.py:188} INFO - [2023-12-23T19:04:00.890+0000] {dag.py:3033} INFO - Sync 1 DAGs
[2023-12-23T19:04:00.902+0000] {logging_mixin.py:188} INFO - [2023-12-23T19:04:00.902+0000] {dag.py:3820} INFO - Setting next_dagrun for data_loader_pg to 2023-12-23T00:00:00+00:00, run_after=2023-12-24T00:00:00+00:00
[2023-12-23T19:04:00.912+0000] {processor.py:183} INFO - Processing /opt/airflow/dags/data_loader.py took 0.396 seconds
[2023-12-23T19:04:30.951+0000] {processor.py:161} INFO - Started process (PID=98) to work on /opt/airflow/dags/data_loader.py
[2023-12-23T19:04:30.957+0000] {processor.py:830} INFO - Processing file /opt/airflow/dags/data_loader.py for tasks to queue
[2023-12-23T19:04:30.960+0000] {logging_mixin.py:188} INFO - [2023-12-23T19:04:30.960+0000] {dagbag.py:538} INFO - Filling up the DagBag from /opt/airflow/dags/data_loader.py
[2023-12-23T19:04:31.297+0000] {processor.py:840} INFO - DAG(s) 'data_loader_pg' retrieved from /opt/airflow/dags/data_loader.py
[2023-12-23T19:04:31.310+0000] {logging_mixin.py:188} INFO - [2023-12-23T19:04:31.310+0000] {dag.py:3033} INFO - Sync 1 DAGs
[2023-12-23T19:04:31.320+0000] {logging_mixin.py:188} INFO - [2023-12-23T19:04:31.320+0000] {dag.py:3820} INFO - Setting next_dagrun for data_loader_pg to 2023-12-23T00:00:00+00:00, run_after=2023-12-24T00:00:00+00:00
[2023-12-23T19:04:31.327+0000] {processor.py:183} INFO - Processing /opt/airflow/dags/data_loader.py took 0.379 seconds
[2023-12-23T19:05:01.374+0000] {processor.py:161} INFO - Started process (PID=107) to work on /opt/airflow/dags/data_loader.py
[2023-12-23T19:05:01.375+0000] {processor.py:830} INFO - Processing file /opt/airflow/dags/data_loader.py for tasks to queue
[2023-12-23T19:05:01.377+0000] {logging_mixin.py:188} INFO - [2023-12-23T19:05:01.377+0000] {dagbag.py:538} INFO - Filling up the DagBag from /opt/airflow/dags/data_loader.py
[2023-12-23T19:05:01.704+0000] {processor.py:840} INFO - DAG(s) 'data_loader_pg' retrieved from /opt/airflow/dags/data_loader.py
[2023-12-23T19:05:01.724+0000] {logging_mixin.py:188} INFO - [2023-12-23T19:05:01.724+0000] {dag.py:3033} INFO - Sync 1 DAGs
[2023-12-23T19:05:01.736+0000] {logging_mixin.py:188} INFO - [2023-12-23T19:05:01.736+0000] {dag.py:3820} INFO - Setting next_dagrun for data_loader_pg to 2023-12-23T00:00:00+00:00, run_after=2023-12-24T00:00:00+00:00
[2023-12-23T19:05:01.745+0000] {processor.py:183} INFO - Processing /opt/airflow/dags/data_loader.py took 0.375 seconds
[2023-12-23T19:05:31.813+0000] {processor.py:161} INFO - Started process (PID=116) to work on /opt/airflow/dags/data_loader.py
[2023-12-23T19:05:31.815+0000] {processor.py:830} INFO - Processing file /opt/airflow/dags/data_loader.py for tasks to queue
[2023-12-23T19:05:31.817+0000] {logging_mixin.py:188} INFO - [2023-12-23T19:05:31.816+0000] {dagbag.py:538} INFO - Filling up the DagBag from /opt/airflow/dags/data_loader.py
[2023-12-23T19:05:32.157+0000] {processor.py:840} INFO - DAG(s) 'data_loader_pg' retrieved from /opt/airflow/dags/data_loader.py
[2023-12-23T19:05:32.171+0000] {logging_mixin.py:188} INFO - [2023-12-23T19:05:32.171+0000] {dag.py:3033} INFO - Sync 1 DAGs
[2023-12-23T19:05:32.181+0000] {logging_mixin.py:188} INFO - [2023-12-23T19:05:32.181+0000] {dag.py:3820} INFO - Setting next_dagrun for data_loader_pg to 2023-12-23T00:00:00+00:00, run_after=2023-12-24T00:00:00+00:00
[2023-12-23T19:05:32.191+0000] {processor.py:183} INFO - Processing /opt/airflow/dags/data_loader.py took 0.380 seconds
[2023-12-23T19:06:02.211+0000] {processor.py:161} INFO - Started process (PID=125) to work on /opt/airflow/dags/data_loader.py
[2023-12-23T19:06:02.212+0000] {processor.py:830} INFO - Processing file /opt/airflow/dags/data_loader.py for tasks to queue
[2023-12-23T19:06:02.213+0000] {logging_mixin.py:188} INFO - [2023-12-23T19:06:02.213+0000] {dagbag.py:538} INFO - Filling up the DagBag from /opt/airflow/dags/data_loader.py
[2023-12-23T19:06:02.603+0000] {processor.py:840} INFO - DAG(s) 'data_loader_pg' retrieved from /opt/airflow/dags/data_loader.py
[2023-12-23T19:06:02.631+0000] {logging_mixin.py:188} INFO - [2023-12-23T19:06:02.631+0000] {dag.py:3033} INFO - Sync 1 DAGs
[2023-12-23T19:06:02.649+0000] {logging_mixin.py:188} INFO - [2023-12-23T19:06:02.649+0000] {dag.py:3820} INFO - Setting next_dagrun for data_loader_pg to 2023-12-23T00:00:00+00:00, run_after=2023-12-24T00:00:00+00:00
[2023-12-23T19:06:02.663+0000] {processor.py:183} INFO - Processing /opt/airflow/dags/data_loader.py took 0.455 seconds
[2023-12-23T19:06:32.739+0000] {processor.py:161} INFO - Started process (PID=134) to work on /opt/airflow/dags/data_loader.py
[2023-12-23T19:06:32.741+0000] {processor.py:830} INFO - Processing file /opt/airflow/dags/data_loader.py for tasks to queue
[2023-12-23T19:06:32.743+0000] {logging_mixin.py:188} INFO - [2023-12-23T19:06:32.743+0000] {dagbag.py:538} INFO - Filling up the DagBag from /opt/airflow/dags/data_loader.py
[2023-12-23T19:06:33.232+0000] {processor.py:840} INFO - DAG(s) 'data_loader_pg' retrieved from /opt/airflow/dags/data_loader.py
[2023-12-23T19:06:33.252+0000] {logging_mixin.py:188} INFO - [2023-12-23T19:06:33.251+0000] {dag.py:3033} INFO - Sync 1 DAGs
[2023-12-23T19:06:33.271+0000] {logging_mixin.py:188} INFO - [2023-12-23T19:06:33.271+0000] {dag.py:3820} INFO - Setting next_dagrun for data_loader_pg to 2023-12-23T00:00:00+00:00, run_after=2023-12-24T00:00:00+00:00
[2023-12-23T19:06:33.282+0000] {processor.py:183} INFO - Processing /opt/airflow/dags/data_loader.py took 0.546 seconds
[2023-12-23T19:07:04.101+0000] {processor.py:161} INFO - Started process (PID=143) to work on /opt/airflow/dags/data_loader.py
[2023-12-23T19:07:04.102+0000] {processor.py:830} INFO - Processing file /opt/airflow/dags/data_loader.py for tasks to queue
[2023-12-23T19:07:04.104+0000] {logging_mixin.py:188} INFO - [2023-12-23T19:07:04.104+0000] {dagbag.py:538} INFO - Filling up the DagBag from /opt/airflow/dags/data_loader.py
[2023-12-23T19:07:04.397+0000] {processor.py:840} INFO - DAG(s) 'data_loader_pg' retrieved from /opt/airflow/dags/data_loader.py
[2023-12-23T19:07:04.414+0000] {logging_mixin.py:188} INFO - [2023-12-23T19:07:04.413+0000] {dag.py:3033} INFO - Sync 1 DAGs
[2023-12-23T19:07:04.424+0000] {logging_mixin.py:188} INFO - [2023-12-23T19:07:04.424+0000] {dag.py:3820} INFO - Setting next_dagrun for data_loader_pg to 2023-12-23T00:00:00+00:00, run_after=2023-12-24T00:00:00+00:00
[2023-12-23T19:07:04.432+0000] {processor.py:183} INFO - Processing /opt/airflow/dags/data_loader.py took 0.334 seconds
[2023-12-23T19:07:34.532+0000] {processor.py:161} INFO - Started process (PID=152) to work on /opt/airflow/dags/data_loader.py
[2023-12-23T19:07:34.533+0000] {processor.py:830} INFO - Processing file /opt/airflow/dags/data_loader.py for tasks to queue
[2023-12-23T19:07:34.534+0000] {logging_mixin.py:188} INFO - [2023-12-23T19:07:34.534+0000] {dagbag.py:538} INFO - Filling up the DagBag from /opt/airflow/dags/data_loader.py
[2023-12-23T19:07:34.935+0000] {processor.py:840} INFO - DAG(s) 'data_loader_pg' retrieved from /opt/airflow/dags/data_loader.py
[2023-12-23T19:07:34.954+0000] {logging_mixin.py:188} INFO - [2023-12-23T19:07:34.953+0000] {dag.py:3033} INFO - Sync 1 DAGs
[2023-12-23T19:07:34.965+0000] {logging_mixin.py:188} INFO - [2023-12-23T19:07:34.965+0000] {dag.py:3820} INFO - Setting next_dagrun for data_loader_pg to 2023-12-23T00:00:00+00:00, run_after=2023-12-24T00:00:00+00:00
[2023-12-23T19:07:34.974+0000] {processor.py:183} INFO - Processing /opt/airflow/dags/data_loader.py took 0.445 seconds
[2023-12-23T19:08:05.194+0000] {processor.py:161} INFO - Started process (PID=161) to work on /opt/airflow/dags/data_loader.py
[2023-12-23T19:08:05.195+0000] {processor.py:830} INFO - Processing file /opt/airflow/dags/data_loader.py for tasks to queue
[2023-12-23T19:08:05.198+0000] {logging_mixin.py:188} INFO - [2023-12-23T19:08:05.197+0000] {dagbag.py:538} INFO - Filling up the DagBag from /opt/airflow/dags/data_loader.py
[2023-12-23T19:08:05.592+0000] {processor.py:840} INFO - DAG(s) 'data_loader_pg' retrieved from /opt/airflow/dags/data_loader.py
[2023-12-23T19:08:05.611+0000] {logging_mixin.py:188} INFO - [2023-12-23T19:08:05.611+0000] {dag.py:3033} INFO - Sync 1 DAGs
[2023-12-23T19:08:05.622+0000] {logging_mixin.py:188} INFO - [2023-12-23T19:08:05.622+0000] {dag.py:3820} INFO - Setting next_dagrun for data_loader_pg to 2023-12-23T00:00:00+00:00, run_after=2023-12-24T00:00:00+00:00
[2023-12-23T19:08:05.631+0000] {processor.py:183} INFO - Processing /opt/airflow/dags/data_loader.py took 0.439 seconds
[2023-12-23T19:08:35.782+0000] {processor.py:161} INFO - Started process (PID=170) to work on /opt/airflow/dags/data_loader.py
[2023-12-23T19:08:35.784+0000] {processor.py:830} INFO - Processing file /opt/airflow/dags/data_loader.py for tasks to queue
[2023-12-23T19:08:35.786+0000] {logging_mixin.py:188} INFO - [2023-12-23T19:08:35.785+0000] {dagbag.py:538} INFO - Filling up the DagBag from /opt/airflow/dags/data_loader.py
[2023-12-23T19:08:36.151+0000] {processor.py:840} INFO - DAG(s) 'data_loader_pg' retrieved from /opt/airflow/dags/data_loader.py
[2023-12-23T19:08:36.168+0000] {logging_mixin.py:188} INFO - [2023-12-23T19:08:36.168+0000] {dag.py:3033} INFO - Sync 1 DAGs
[2023-12-23T19:08:36.185+0000] {logging_mixin.py:188} INFO - [2023-12-23T19:08:36.185+0000] {dag.py:3820} INFO - Setting next_dagrun for data_loader_pg to 2023-12-23T00:00:00+00:00, run_after=2023-12-24T00:00:00+00:00
[2023-12-23T19:08:36.196+0000] {processor.py:183} INFO - Processing /opt/airflow/dags/data_loader.py took 0.418 seconds
[2023-12-23T19:09:06.280+0000] {processor.py:161} INFO - Started process (PID=179) to work on /opt/airflow/dags/data_loader.py
[2023-12-23T19:09:06.281+0000] {processor.py:830} INFO - Processing file /opt/airflow/dags/data_loader.py for tasks to queue
[2023-12-23T19:09:06.283+0000] {logging_mixin.py:188} INFO - [2023-12-23T19:09:06.283+0000] {dagbag.py:538} INFO - Filling up the DagBag from /opt/airflow/dags/data_loader.py
[2023-12-23T19:09:06.654+0000] {processor.py:840} INFO - DAG(s) 'data_loader_pg' retrieved from /opt/airflow/dags/data_loader.py
[2023-12-23T19:09:06.670+0000] {logging_mixin.py:188} INFO - [2023-12-23T19:09:06.669+0000] {dag.py:3033} INFO - Sync 1 DAGs
[2023-12-23T19:09:06.682+0000] {logging_mixin.py:188} INFO - [2023-12-23T19:09:06.682+0000] {dag.py:3820} INFO - Setting next_dagrun for data_loader_pg to 2023-12-23T00:00:00+00:00, run_after=2023-12-24T00:00:00+00:00
[2023-12-23T19:09:06.691+0000] {processor.py:183} INFO - Processing /opt/airflow/dags/data_loader.py took 0.416 seconds
[2023-12-23T19:09:36.845+0000] {processor.py:161} INFO - Started process (PID=188) to work on /opt/airflow/dags/data_loader.py
[2023-12-23T19:09:36.847+0000] {processor.py:830} INFO - Processing file /opt/airflow/dags/data_loader.py for tasks to queue
[2023-12-23T19:09:36.848+0000] {logging_mixin.py:188} INFO - [2023-12-23T19:09:36.848+0000] {dagbag.py:538} INFO - Filling up the DagBag from /opt/airflow/dags/data_loader.py
[2023-12-23T19:09:37.211+0000] {processor.py:840} INFO - DAG(s) 'data_loader_pg' retrieved from /opt/airflow/dags/data_loader.py
[2023-12-23T19:09:37.226+0000] {logging_mixin.py:188} INFO - [2023-12-23T19:09:37.226+0000] {dag.py:3033} INFO - Sync 1 DAGs
[2023-12-23T19:09:37.237+0000] {logging_mixin.py:188} INFO - [2023-12-23T19:09:37.237+0000] {dag.py:3820} INFO - Setting next_dagrun for data_loader_pg to 2023-12-23T00:00:00+00:00, run_after=2023-12-24T00:00:00+00:00
[2023-12-23T19:09:37.246+0000] {processor.py:183} INFO - Processing /opt/airflow/dags/data_loader.py took 0.405 seconds
