[2023-12-23T19:00:54.041+0000] {processor.py:161} INFO - Started process (PID=34) to work on /opt/airflow/dags/dbt_handler.py
[2023-12-23T19:00:54.043+0000] {processor.py:830} INFO - Processing file /opt/airflow/dags/dbt_handler.py for tasks to queue
[2023-12-23T19:00:54.047+0000] {logging_mixin.py:188} INFO - [2023-12-23T19:00:54.046+0000] {dagbag.py:538} INFO - Filling up the DagBag from /opt/airflow/dags/dbt_handler.py
[2023-12-23T19:00:54.074+0000] {processor.py:840} INFO - DAG(s) 'Model_dbt_dag' retrieved from /opt/airflow/dags/dbt_handler.py
[2023-12-23T19:00:54.323+0000] {logging_mixin.py:188} INFO - [2023-12-23T19:00:54.323+0000] {dag.py:3033} INFO - Sync 1 DAGs
[2023-12-23T19:00:54.333+0000] {logging_mixin.py:188} INFO - [2023-12-23T19:00:54.333+0000] {dag.py:3820} INFO - Setting next_dagrun for Model_dbt_dag to None, run_after=None
[2023-12-23T19:00:54.368+0000] {processor.py:183} INFO - Processing /opt/airflow/dags/dbt_handler.py took 0.332 seconds
[2023-12-23T19:01:24.532+0000] {processor.py:161} INFO - Started process (PID=43) to work on /opt/airflow/dags/dbt_handler.py
[2023-12-23T19:01:24.533+0000] {processor.py:830} INFO - Processing file /opt/airflow/dags/dbt_handler.py for tasks to queue
[2023-12-23T19:01:24.538+0000] {logging_mixin.py:188} INFO - [2023-12-23T19:01:24.537+0000] {dagbag.py:538} INFO - Filling up the DagBag from /opt/airflow/dags/dbt_handler.py
[2023-12-23T19:01:24.553+0000] {processor.py:840} INFO - DAG(s) 'Model_dbt_dag' retrieved from /opt/airflow/dags/dbt_handler.py
[2023-12-23T19:01:24.578+0000] {logging_mixin.py:188} INFO - [2023-12-23T19:01:24.578+0000] {dag.py:3033} INFO - Sync 1 DAGs
[2023-12-23T19:01:24.586+0000] {logging_mixin.py:188} INFO - [2023-12-23T19:01:24.586+0000] {dag.py:3820} INFO - Setting next_dagrun for Model_dbt_dag to None, run_after=None
[2023-12-23T19:01:24.597+0000] {processor.py:183} INFO - Processing /opt/airflow/dags/dbt_handler.py took 0.075 seconds
[2023-12-23T19:01:54.839+0000] {processor.py:161} INFO - Started process (PID=52) to work on /opt/airflow/dags/dbt_handler.py
[2023-12-23T19:01:54.841+0000] {processor.py:830} INFO - Processing file /opt/airflow/dags/dbt_handler.py for tasks to queue
[2023-12-23T19:01:54.846+0000] {logging_mixin.py:188} INFO - [2023-12-23T19:01:54.845+0000] {dagbag.py:538} INFO - Filling up the DagBag from /opt/airflow/dags/dbt_handler.py
[2023-12-23T19:01:54.861+0000] {processor.py:840} INFO - DAG(s) 'Model_dbt_dag' retrieved from /opt/airflow/dags/dbt_handler.py
[2023-12-23T19:01:54.933+0000] {logging_mixin.py:188} INFO - [2023-12-23T19:01:54.933+0000] {dag.py:3033} INFO - Sync 1 DAGs
[2023-12-23T19:01:54.939+0000] {logging_mixin.py:188} INFO - [2023-12-23T19:01:54.939+0000] {dag.py:3820} INFO - Setting next_dagrun for Model_dbt_dag to None, run_after=None
[2023-12-23T19:01:54.950+0000] {processor.py:183} INFO - Processing /opt/airflow/dags/dbt_handler.py took 0.115 seconds
[2023-12-23T19:02:25.333+0000] {processor.py:161} INFO - Started process (PID=61) to work on /opt/airflow/dags/dbt_handler.py
[2023-12-23T19:02:25.334+0000] {processor.py:830} INFO - Processing file /opt/airflow/dags/dbt_handler.py for tasks to queue
[2023-12-23T19:02:25.338+0000] {logging_mixin.py:188} INFO - [2023-12-23T19:02:25.337+0000] {dagbag.py:538} INFO - Filling up the DagBag from /opt/airflow/dags/dbt_handler.py
[2023-12-23T19:02:25.352+0000] {processor.py:840} INFO - DAG(s) 'Model_dbt_dag' retrieved from /opt/airflow/dags/dbt_handler.py
[2023-12-23T19:02:25.379+0000] {logging_mixin.py:188} INFO - [2023-12-23T19:02:25.378+0000] {dag.py:3033} INFO - Sync 1 DAGs
[2023-12-23T19:02:25.388+0000] {logging_mixin.py:188} INFO - [2023-12-23T19:02:25.387+0000] {dag.py:3820} INFO - Setting next_dagrun for Model_dbt_dag to None, run_after=None
[2023-12-23T19:02:25.399+0000] {processor.py:183} INFO - Processing /opt/airflow/dags/dbt_handler.py took 0.071 seconds
[2023-12-23T19:02:55.660+0000] {processor.py:161} INFO - Started process (PID=70) to work on /opt/airflow/dags/dbt_handler.py
[2023-12-23T19:02:55.661+0000] {processor.py:830} INFO - Processing file /opt/airflow/dags/dbt_handler.py for tasks to queue
[2023-12-23T19:02:55.665+0000] {logging_mixin.py:188} INFO - [2023-12-23T19:02:55.664+0000] {dagbag.py:538} INFO - Filling up the DagBag from /opt/airflow/dags/dbt_handler.py
[2023-12-23T19:02:55.679+0000] {processor.py:840} INFO - DAG(s) 'Model_dbt_dag' retrieved from /opt/airflow/dags/dbt_handler.py
[2023-12-23T19:02:55.702+0000] {logging_mixin.py:188} INFO - [2023-12-23T19:02:55.702+0000] {dag.py:3033} INFO - Sync 1 DAGs
[2023-12-23T19:02:55.712+0000] {logging_mixin.py:188} INFO - [2023-12-23T19:02:55.712+0000] {dag.py:3820} INFO - Setting next_dagrun for Model_dbt_dag to None, run_after=None
[2023-12-23T19:02:55.723+0000] {processor.py:183} INFO - Processing /opt/airflow/dags/dbt_handler.py took 0.067 seconds
[2023-12-23T19:03:26.069+0000] {processor.py:161} INFO - Started process (PID=79) to work on /opt/airflow/dags/dbt_handler.py
[2023-12-23T19:03:26.070+0000] {processor.py:830} INFO - Processing file /opt/airflow/dags/dbt_handler.py for tasks to queue
[2023-12-23T19:03:26.074+0000] {logging_mixin.py:188} INFO - [2023-12-23T19:03:26.073+0000] {dagbag.py:538} INFO - Filling up the DagBag from /opt/airflow/dags/dbt_handler.py
[2023-12-23T19:03:26.088+0000] {processor.py:840} INFO - DAG(s) 'Model_dbt_dag' retrieved from /opt/airflow/dags/dbt_handler.py
[2023-12-23T19:03:26.111+0000] {logging_mixin.py:188} INFO - [2023-12-23T19:03:26.111+0000] {dag.py:3033} INFO - Sync 1 DAGs
[2023-12-23T19:03:26.120+0000] {logging_mixin.py:188} INFO - [2023-12-23T19:03:26.120+0000] {dag.py:3820} INFO - Setting next_dagrun for Model_dbt_dag to None, run_after=None
[2023-12-23T19:03:26.131+0000] {processor.py:183} INFO - Processing /opt/airflow/dags/dbt_handler.py took 0.065 seconds
[2023-12-23T19:03:56.436+0000] {processor.py:161} INFO - Started process (PID=88) to work on /opt/airflow/dags/dbt_handler.py
[2023-12-23T19:03:56.437+0000] {processor.py:830} INFO - Processing file /opt/airflow/dags/dbt_handler.py for tasks to queue
[2023-12-23T19:03:56.441+0000] {logging_mixin.py:188} INFO - [2023-12-23T19:03:56.440+0000] {dagbag.py:538} INFO - Filling up the DagBag from /opt/airflow/dags/dbt_handler.py
[2023-12-23T19:03:56.455+0000] {processor.py:840} INFO - DAG(s) 'Model_dbt_dag' retrieved from /opt/airflow/dags/dbt_handler.py
[2023-12-23T19:03:56.481+0000] {logging_mixin.py:188} INFO - [2023-12-23T19:03:56.481+0000] {dag.py:3033} INFO - Sync 1 DAGs
[2023-12-23T19:03:56.493+0000] {logging_mixin.py:188} INFO - [2023-12-23T19:03:56.493+0000] {dag.py:3820} INFO - Setting next_dagrun for Model_dbt_dag to None, run_after=None
[2023-12-23T19:03:56.514+0000] {processor.py:183} INFO - Processing /opt/airflow/dags/dbt_handler.py took 0.083 seconds
[2023-12-23T19:04:26.906+0000] {processor.py:161} INFO - Started process (PID=97) to work on /opt/airflow/dags/dbt_handler.py
[2023-12-23T19:04:26.907+0000] {processor.py:830} INFO - Processing file /opt/airflow/dags/dbt_handler.py for tasks to queue
[2023-12-23T19:04:26.911+0000] {logging_mixin.py:188} INFO - [2023-12-23T19:04:26.910+0000] {dagbag.py:538} INFO - Filling up the DagBag from /opt/airflow/dags/dbt_handler.py
[2023-12-23T19:04:26.940+0000] {processor.py:840} INFO - DAG(s) 'Model_dbt_dag' retrieved from /opt/airflow/dags/dbt_handler.py
[2023-12-23T19:04:26.974+0000] {logging_mixin.py:188} INFO - [2023-12-23T19:04:26.974+0000] {dag.py:3033} INFO - Sync 1 DAGs
[2023-12-23T19:04:26.989+0000] {logging_mixin.py:188} INFO - [2023-12-23T19:04:26.989+0000] {dag.py:3820} INFO - Setting next_dagrun for Model_dbt_dag to None, run_after=None
[2023-12-23T19:04:27.003+0000] {processor.py:183} INFO - Processing /opt/airflow/dags/dbt_handler.py took 0.102 seconds
[2023-12-23T19:04:57.341+0000] {processor.py:161} INFO - Started process (PID=106) to work on /opt/airflow/dags/dbt_handler.py
[2023-12-23T19:04:57.342+0000] {processor.py:830} INFO - Processing file /opt/airflow/dags/dbt_handler.py for tasks to queue
[2023-12-23T19:04:57.346+0000] {logging_mixin.py:188} INFO - [2023-12-23T19:04:57.346+0000] {dagbag.py:538} INFO - Filling up the DagBag from /opt/airflow/dags/dbt_handler.py
[2023-12-23T19:04:57.375+0000] {processor.py:840} INFO - DAG(s) 'Model_dbt_dag' retrieved from /opt/airflow/dags/dbt_handler.py
[2023-12-23T19:04:57.407+0000] {logging_mixin.py:188} INFO - [2023-12-23T19:04:57.407+0000] {dag.py:3033} INFO - Sync 1 DAGs
[2023-12-23T19:04:57.417+0000] {logging_mixin.py:188} INFO - [2023-12-23T19:04:57.417+0000] {dag.py:3820} INFO - Setting next_dagrun for Model_dbt_dag to None, run_after=None
[2023-12-23T19:04:57.429+0000] {processor.py:183} INFO - Processing /opt/airflow/dags/dbt_handler.py took 0.093 seconds
[2023-12-23T19:05:27.680+0000] {processor.py:161} INFO - Started process (PID=115) to work on /opt/airflow/dags/dbt_handler.py
[2023-12-23T19:05:27.681+0000] {processor.py:830} INFO - Processing file /opt/airflow/dags/dbt_handler.py for tasks to queue
[2023-12-23T19:05:27.685+0000] {logging_mixin.py:188} INFO - [2023-12-23T19:05:27.685+0000] {dagbag.py:538} INFO - Filling up the DagBag from /opt/airflow/dags/dbt_handler.py
[2023-12-23T19:05:27.700+0000] {processor.py:840} INFO - DAG(s) 'Model_dbt_dag' retrieved from /opt/airflow/dags/dbt_handler.py
[2023-12-23T19:05:27.748+0000] {logging_mixin.py:188} INFO - [2023-12-23T19:05:27.748+0000] {dag.py:3033} INFO - Sync 1 DAGs
[2023-12-23T19:05:27.758+0000] {logging_mixin.py:188} INFO - [2023-12-23T19:05:27.758+0000] {dag.py:3820} INFO - Setting next_dagrun for Model_dbt_dag to None, run_after=None
[2023-12-23T19:05:27.769+0000] {processor.py:183} INFO - Processing /opt/airflow/dags/dbt_handler.py took 0.093 seconds
[2023-12-23T19:05:58.104+0000] {processor.py:161} INFO - Started process (PID=124) to work on /opt/airflow/dags/dbt_handler.py
[2023-12-23T19:05:58.105+0000] {processor.py:830} INFO - Processing file /opt/airflow/dags/dbt_handler.py for tasks to queue
[2023-12-23T19:05:58.108+0000] {logging_mixin.py:188} INFO - [2023-12-23T19:05:58.107+0000] {dagbag.py:538} INFO - Filling up the DagBag from /opt/airflow/dags/dbt_handler.py
[2023-12-23T19:05:58.122+0000] {processor.py:840} INFO - DAG(s) 'Model_dbt_dag' retrieved from /opt/airflow/dags/dbt_handler.py
[2023-12-23T19:05:58.151+0000] {logging_mixin.py:188} INFO - [2023-12-23T19:05:58.151+0000] {dag.py:3033} INFO - Sync 1 DAGs
[2023-12-23T19:05:58.160+0000] {logging_mixin.py:188} INFO - [2023-12-23T19:05:58.160+0000] {dag.py:3820} INFO - Setting next_dagrun for Model_dbt_dag to None, run_after=None
[2023-12-23T19:05:58.172+0000] {processor.py:183} INFO - Processing /opt/airflow/dags/dbt_handler.py took 0.072 seconds
[2023-12-23T19:06:28.699+0000] {processor.py:161} INFO - Started process (PID=133) to work on /opt/airflow/dags/dbt_handler.py
[2023-12-23T19:06:28.700+0000] {processor.py:830} INFO - Processing file /opt/airflow/dags/dbt_handler.py for tasks to queue
[2023-12-23T19:06:28.704+0000] {logging_mixin.py:188} INFO - [2023-12-23T19:06:28.704+0000] {dagbag.py:538} INFO - Filling up the DagBag from /opt/airflow/dags/dbt_handler.py
[2023-12-23T19:06:28.721+0000] {processor.py:840} INFO - DAG(s) 'Model_dbt_dag' retrieved from /opt/airflow/dags/dbt_handler.py
[2023-12-23T19:06:28.761+0000] {logging_mixin.py:188} INFO - [2023-12-23T19:06:28.761+0000] {dag.py:3033} INFO - Sync 1 DAGs
[2023-12-23T19:06:28.776+0000] {logging_mixin.py:188} INFO - [2023-12-23T19:06:28.776+0000] {dag.py:3820} INFO - Setting next_dagrun for Model_dbt_dag to None, run_after=None
[2023-12-23T19:06:28.789+0000] {processor.py:183} INFO - Processing /opt/airflow/dags/dbt_handler.py took 0.094 seconds
[2023-12-23T19:06:59.067+0000] {processor.py:161} INFO - Started process (PID=142) to work on /opt/airflow/dags/dbt_handler.py
[2023-12-23T19:06:59.068+0000] {processor.py:830} INFO - Processing file /opt/airflow/dags/dbt_handler.py for tasks to queue
[2023-12-23T19:06:59.071+0000] {logging_mixin.py:188} INFO - [2023-12-23T19:06:59.071+0000] {dagbag.py:538} INFO - Filling up the DagBag from /opt/airflow/dags/dbt_handler.py
[2023-12-23T19:06:59.085+0000] {processor.py:840} INFO - DAG(s) 'Model_dbt_dag' retrieved from /opt/airflow/dags/dbt_handler.py
[2023-12-23T19:06:59.112+0000] {logging_mixin.py:188} INFO - [2023-12-23T19:06:59.112+0000] {dag.py:3033} INFO - Sync 1 DAGs
[2023-12-23T19:06:59.122+0000] {logging_mixin.py:188} INFO - [2023-12-23T19:06:59.122+0000] {dag.py:3820} INFO - Setting next_dagrun for Model_dbt_dag to None, run_after=None
[2023-12-23T19:06:59.134+0000] {processor.py:183} INFO - Processing /opt/airflow/dags/dbt_handler.py took 0.074 seconds
[2023-12-23T19:07:29.446+0000] {processor.py:161} INFO - Started process (PID=151) to work on /opt/airflow/dags/dbt_handler.py
[2023-12-23T19:07:29.447+0000] {processor.py:830} INFO - Processing file /opt/airflow/dags/dbt_handler.py for tasks to queue
[2023-12-23T19:07:29.451+0000] {logging_mixin.py:188} INFO - [2023-12-23T19:07:29.451+0000] {dagbag.py:538} INFO - Filling up the DagBag from /opt/airflow/dags/dbt_handler.py
[2023-12-23T19:07:29.466+0000] {processor.py:840} INFO - DAG(s) 'Model_dbt_dag' retrieved from /opt/airflow/dags/dbt_handler.py
[2023-12-23T19:07:29.504+0000] {logging_mixin.py:188} INFO - [2023-12-23T19:07:29.504+0000] {dag.py:3033} INFO - Sync 1 DAGs
[2023-12-23T19:07:29.515+0000] {logging_mixin.py:188} INFO - [2023-12-23T19:07:29.515+0000] {dag.py:3820} INFO - Setting next_dagrun for Model_dbt_dag to None, run_after=None
[2023-12-23T19:07:29.528+0000] {processor.py:183} INFO - Processing /opt/airflow/dags/dbt_handler.py took 0.086 seconds
[2023-12-23T19:07:59.905+0000] {processor.py:161} INFO - Started process (PID=160) to work on /opt/airflow/dags/dbt_handler.py
[2023-12-23T19:07:59.908+0000] {processor.py:830} INFO - Processing file /opt/airflow/dags/dbt_handler.py for tasks to queue
[2023-12-23T19:07:59.915+0000] {logging_mixin.py:188} INFO - [2023-12-23T19:07:59.913+0000] {dagbag.py:538} INFO - Filling up the DagBag from /opt/airflow/dags/dbt_handler.py
[2023-12-23T19:08:00.025+0000] {processor.py:840} INFO - DAG(s) 'Model_dbt_dag' retrieved from /opt/airflow/dags/dbt_handler.py
[2023-12-23T19:08:00.089+0000] {logging_mixin.py:188} INFO - [2023-12-23T19:08:00.089+0000] {dag.py:3033} INFO - Sync 1 DAGs
[2023-12-23T19:08:00.099+0000] {logging_mixin.py:188} INFO - [2023-12-23T19:08:00.099+0000] {dag.py:3820} INFO - Setting next_dagrun for Model_dbt_dag to None, run_after=None
[2023-12-23T19:08:00.112+0000] {processor.py:183} INFO - Processing /opt/airflow/dags/dbt_handler.py took 0.326 seconds
[2023-12-23T19:08:30.715+0000] {processor.py:161} INFO - Started process (PID=169) to work on /opt/airflow/dags/dbt_handler.py
[2023-12-23T19:08:30.717+0000] {processor.py:830} INFO - Processing file /opt/airflow/dags/dbt_handler.py for tasks to queue
[2023-12-23T19:08:30.722+0000] {logging_mixin.py:188} INFO - [2023-12-23T19:08:30.722+0000] {dagbag.py:538} INFO - Filling up the DagBag from /opt/airflow/dags/dbt_handler.py
[2023-12-23T19:08:30.741+0000] {processor.py:840} INFO - DAG(s) 'Model_dbt_dag' retrieved from /opt/airflow/dags/dbt_handler.py
[2023-12-23T19:08:30.773+0000] {logging_mixin.py:188} INFO - [2023-12-23T19:08:30.773+0000] {dag.py:3033} INFO - Sync 1 DAGs
[2023-12-23T19:08:30.784+0000] {logging_mixin.py:188} INFO - [2023-12-23T19:08:30.784+0000] {dag.py:3820} INFO - Setting next_dagrun for Model_dbt_dag to None, run_after=None
[2023-12-23T19:08:30.798+0000] {processor.py:183} INFO - Processing /opt/airflow/dags/dbt_handler.py took 0.089 seconds
[2023-12-23T19:09:01.213+0000] {processor.py:161} INFO - Started process (PID=178) to work on /opt/airflow/dags/dbt_handler.py
[2023-12-23T19:09:01.214+0000] {processor.py:830} INFO - Processing file /opt/airflow/dags/dbt_handler.py for tasks to queue
[2023-12-23T19:09:01.221+0000] {logging_mixin.py:188} INFO - [2023-12-23T19:09:01.221+0000] {dagbag.py:538} INFO - Filling up the DagBag from /opt/airflow/dags/dbt_handler.py
[2023-12-23T19:09:01.244+0000] {processor.py:840} INFO - DAG(s) 'Model_dbt_dag' retrieved from /opt/airflow/dags/dbt_handler.py
[2023-12-23T19:09:01.283+0000] {logging_mixin.py:188} INFO - [2023-12-23T19:09:01.283+0000] {dag.py:3033} INFO - Sync 1 DAGs
[2023-12-23T19:09:01.300+0000] {logging_mixin.py:188} INFO - [2023-12-23T19:09:01.300+0000] {dag.py:3820} INFO - Setting next_dagrun for Model_dbt_dag to None, run_after=None
[2023-12-23T19:09:01.315+0000] {processor.py:183} INFO - Processing /opt/airflow/dags/dbt_handler.py took 0.120 seconds
[2023-12-23T19:09:31.598+0000] {processor.py:161} INFO - Started process (PID=187) to work on /opt/airflow/dags/dbt_handler.py
[2023-12-23T19:09:31.640+0000] {processor.py:830} INFO - Processing file /opt/airflow/dags/dbt_handler.py for tasks to queue
[2023-12-23T19:09:31.650+0000] {logging_mixin.py:188} INFO - [2023-12-23T19:09:31.650+0000] {dagbag.py:538} INFO - Filling up the DagBag from /opt/airflow/dags/dbt_handler.py
[2023-12-23T19:09:31.667+0000] {processor.py:840} INFO - DAG(s) 'Model_dbt_dag' retrieved from /opt/airflow/dags/dbt_handler.py
[2023-12-23T19:09:31.743+0000] {logging_mixin.py:188} INFO - [2023-12-23T19:09:31.742+0000] {dag.py:3033} INFO - Sync 1 DAGs
[2023-12-23T19:09:31.756+0000] {logging_mixin.py:188} INFO - [2023-12-23T19:09:31.756+0000] {dag.py:3820} INFO - Setting next_dagrun for Model_dbt_dag to None, run_after=None
[2023-12-23T19:09:31.769+0000] {processor.py:183} INFO - Processing /opt/airflow/dags/dbt_handler.py took 0.177 seconds
[2023-12-23T19:10:02.111+0000] {processor.py:161} INFO - Started process (PID=196) to work on /opt/airflow/dags/dbt_handler.py
[2023-12-23T19:10:02.112+0000] {processor.py:830} INFO - Processing file /opt/airflow/dags/dbt_handler.py for tasks to queue
[2023-12-23T19:10:02.118+0000] {logging_mixin.py:188} INFO - [2023-12-23T19:10:02.118+0000] {dagbag.py:538} INFO - Filling up the DagBag from /opt/airflow/dags/dbt_handler.py
[2023-12-23T19:10:02.135+0000] {processor.py:840} INFO - DAG(s) 'Model_dbt_dag' retrieved from /opt/airflow/dags/dbt_handler.py
[2023-12-23T19:10:02.190+0000] {logging_mixin.py:188} INFO - [2023-12-23T19:10:02.189+0000] {dag.py:3033} INFO - Sync 1 DAGs
[2023-12-23T19:10:02.200+0000] {logging_mixin.py:188} INFO - [2023-12-23T19:10:02.200+0000] {dag.py:3820} INFO - Setting next_dagrun for Model_dbt_dag to None, run_after=None
[2023-12-23T19:10:02.212+0000] {processor.py:183} INFO - Processing /opt/airflow/dags/dbt_handler.py took 0.108 seconds
