[2023-12-19T09:03:52.474+0000] {processor.py:161} INFO - Started process (PID=70) to work on /home/airflow/.local/lib/python3.8/site-packages/airflow/example_dags/example_sensor_decorator.py
[2023-12-19T09:03:52.477+0000] {processor.py:830} INFO - Processing file /home/airflow/.local/lib/python3.8/site-packages/airflow/example_dags/example_sensor_decorator.py for tasks to queue
[2023-12-19T09:03:52.481+0000] {logging_mixin.py:188} INFO - [2023-12-19T09:03:52.480+0000] {dagbag.py:538} INFO - Filling up the DagBag from /home/airflow/.local/lib/python3.8/site-packages/airflow/example_dags/example_sensor_decorator.py
[2023-12-19T09:03:52.498+0000] {processor.py:840} INFO - DAG(s) 'example_sensor_decorator' retrieved from /home/airflow/.local/lib/python3.8/site-packages/airflow/example_dags/example_sensor_decorator.py
[2023-12-19T09:03:52.554+0000] {logging_mixin.py:188} INFO - [2023-12-19T09:03:52.554+0000] {dag.py:3033} INFO - Sync 1 DAGs
[2023-12-19T09:03:52.569+0000] {logging_mixin.py:188} INFO - [2023-12-19T09:03:52.569+0000] {dag.py:3820} INFO - Setting next_dagrun for example_sensor_decorator to None, run_after=None
[2023-12-19T09:03:52.595+0000] {processor.py:183} INFO - Processing /home/airflow/.local/lib/python3.8/site-packages/airflow/example_dags/example_sensor_decorator.py took 0.123 seconds
[2023-12-19T09:04:23.446+0000] {processor.py:161} INFO - Started process (PID=126) to work on /home/airflow/.local/lib/python3.8/site-packages/airflow/example_dags/example_sensor_decorator.py
[2023-12-19T09:04:23.448+0000] {processor.py:830} INFO - Processing file /home/airflow/.local/lib/python3.8/site-packages/airflow/example_dags/example_sensor_decorator.py for tasks to queue
[2023-12-19T09:04:23.450+0000] {logging_mixin.py:188} INFO - [2023-12-19T09:04:23.450+0000] {dagbag.py:538} INFO - Filling up the DagBag from /home/airflow/.local/lib/python3.8/site-packages/airflow/example_dags/example_sensor_decorator.py
[2023-12-19T09:04:23.456+0000] {processor.py:840} INFO - DAG(s) 'example_sensor_decorator' retrieved from /home/airflow/.local/lib/python3.8/site-packages/airflow/example_dags/example_sensor_decorator.py
[2023-12-19T09:04:23.529+0000] {logging_mixin.py:188} INFO - [2023-12-19T09:04:23.529+0000] {dag.py:3033} INFO - Sync 1 DAGs
[2023-12-19T09:04:23.537+0000] {logging_mixin.py:188} INFO - [2023-12-19T09:04:23.537+0000] {dag.py:3820} INFO - Setting next_dagrun for example_sensor_decorator to None, run_after=None
[2023-12-19T09:04:23.551+0000] {processor.py:183} INFO - Processing /home/airflow/.local/lib/python3.8/site-packages/airflow/example_dags/example_sensor_decorator.py took 0.107 seconds
[2023-12-19T09:04:53.622+0000] {processor.py:161} INFO - Started process (PID=180) to work on /home/airflow/.local/lib/python3.8/site-packages/airflow/example_dags/example_sensor_decorator.py
[2023-12-19T09:04:53.624+0000] {processor.py:830} INFO - Processing file /home/airflow/.local/lib/python3.8/site-packages/airflow/example_dags/example_sensor_decorator.py for tasks to queue
[2023-12-19T09:04:53.627+0000] {logging_mixin.py:188} INFO - [2023-12-19T09:04:53.626+0000] {dagbag.py:538} INFO - Filling up the DagBag from /home/airflow/.local/lib/python3.8/site-packages/airflow/example_dags/example_sensor_decorator.py
[2023-12-19T09:04:53.632+0000] {processor.py:840} INFO - DAG(s) 'example_sensor_decorator' retrieved from /home/airflow/.local/lib/python3.8/site-packages/airflow/example_dags/example_sensor_decorator.py
[2023-12-19T09:04:53.647+0000] {logging_mixin.py:188} INFO - [2023-12-19T09:04:53.647+0000] {dag.py:3033} INFO - Sync 1 DAGs
[2023-12-19T09:04:53.657+0000] {logging_mixin.py:188} INFO - [2023-12-19T09:04:53.657+0000] {dag.py:3820} INFO - Setting next_dagrun for example_sensor_decorator to None, run_after=None
[2023-12-19T09:04:53.671+0000] {processor.py:183} INFO - Processing /home/airflow/.local/lib/python3.8/site-packages/airflow/example_dags/example_sensor_decorator.py took 0.052 seconds
[2023-12-19T09:05:23.726+0000] {processor.py:161} INFO - Started process (PID=235) to work on /home/airflow/.local/lib/python3.8/site-packages/airflow/example_dags/example_sensor_decorator.py
[2023-12-19T09:05:23.728+0000] {processor.py:830} INFO - Processing file /home/airflow/.local/lib/python3.8/site-packages/airflow/example_dags/example_sensor_decorator.py for tasks to queue
[2023-12-19T09:05:23.731+0000] {logging_mixin.py:188} INFO - [2023-12-19T09:05:23.731+0000] {dagbag.py:538} INFO - Filling up the DagBag from /home/airflow/.local/lib/python3.8/site-packages/airflow/example_dags/example_sensor_decorator.py
[2023-12-19T09:05:23.737+0000] {processor.py:840} INFO - DAG(s) 'example_sensor_decorator' retrieved from /home/airflow/.local/lib/python3.8/site-packages/airflow/example_dags/example_sensor_decorator.py
[2023-12-19T09:05:23.754+0000] {logging_mixin.py:188} INFO - [2023-12-19T09:05:23.754+0000] {dag.py:3033} INFO - Sync 1 DAGs
[2023-12-19T09:05:23.763+0000] {logging_mixin.py:188} INFO - [2023-12-19T09:05:23.763+0000] {dag.py:3820} INFO - Setting next_dagrun for example_sensor_decorator to None, run_after=None
[2023-12-19T09:05:23.776+0000] {processor.py:183} INFO - Processing /home/airflow/.local/lib/python3.8/site-packages/airflow/example_dags/example_sensor_decorator.py took 0.053 seconds
[2023-12-19T09:05:53.955+0000] {processor.py:161} INFO - Started process (PID=290) to work on /home/airflow/.local/lib/python3.8/site-packages/airflow/example_dags/example_sensor_decorator.py
[2023-12-19T09:05:53.956+0000] {processor.py:830} INFO - Processing file /home/airflow/.local/lib/python3.8/site-packages/airflow/example_dags/example_sensor_decorator.py for tasks to queue
[2023-12-19T09:05:53.959+0000] {logging_mixin.py:188} INFO - [2023-12-19T09:05:53.959+0000] {dagbag.py:538} INFO - Filling up the DagBag from /home/airflow/.local/lib/python3.8/site-packages/airflow/example_dags/example_sensor_decorator.py
[2023-12-19T09:05:53.964+0000] {processor.py:840} INFO - DAG(s) 'example_sensor_decorator' retrieved from /home/airflow/.local/lib/python3.8/site-packages/airflow/example_dags/example_sensor_decorator.py
[2023-12-19T09:05:53.982+0000] {logging_mixin.py:188} INFO - [2023-12-19T09:05:53.982+0000] {dag.py:3033} INFO - Sync 1 DAGs
[2023-12-19T09:05:54.000+0000] {logging_mixin.py:188} INFO - [2023-12-19T09:05:54.000+0000] {dag.py:3820} INFO - Setting next_dagrun for example_sensor_decorator to None, run_after=None
[2023-12-19T09:05:54.020+0000] {processor.py:183} INFO - Processing /home/airflow/.local/lib/python3.8/site-packages/airflow/example_dags/example_sensor_decorator.py took 0.068 seconds
[2023-12-19T09:06:24.608+0000] {processor.py:161} INFO - Started process (PID=345) to work on /home/airflow/.local/lib/python3.8/site-packages/airflow/example_dags/example_sensor_decorator.py
[2023-12-19T09:06:24.610+0000] {processor.py:830} INFO - Processing file /home/airflow/.local/lib/python3.8/site-packages/airflow/example_dags/example_sensor_decorator.py for tasks to queue
[2023-12-19T09:06:24.613+0000] {logging_mixin.py:188} INFO - [2023-12-19T09:06:24.612+0000] {dagbag.py:538} INFO - Filling up the DagBag from /home/airflow/.local/lib/python3.8/site-packages/airflow/example_dags/example_sensor_decorator.py
[2023-12-19T09:06:24.618+0000] {processor.py:840} INFO - DAG(s) 'example_sensor_decorator' retrieved from /home/airflow/.local/lib/python3.8/site-packages/airflow/example_dags/example_sensor_decorator.py
[2023-12-19T09:06:24.636+0000] {logging_mixin.py:188} INFO - [2023-12-19T09:06:24.635+0000] {dag.py:3033} INFO - Sync 1 DAGs
[2023-12-19T09:06:24.649+0000] {logging_mixin.py:188} INFO - [2023-12-19T09:06:24.649+0000] {dag.py:3820} INFO - Setting next_dagrun for example_sensor_decorator to None, run_after=None
[2023-12-19T09:06:24.665+0000] {processor.py:183} INFO - Processing /home/airflow/.local/lib/python3.8/site-packages/airflow/example_dags/example_sensor_decorator.py took 0.059 seconds
[2023-12-19T09:06:55.405+0000] {processor.py:161} INFO - Started process (PID=400) to work on /home/airflow/.local/lib/python3.8/site-packages/airflow/example_dags/example_sensor_decorator.py
[2023-12-19T09:06:55.406+0000] {processor.py:830} INFO - Processing file /home/airflow/.local/lib/python3.8/site-packages/airflow/example_dags/example_sensor_decorator.py for tasks to queue
[2023-12-19T09:06:55.410+0000] {logging_mixin.py:188} INFO - [2023-12-19T09:06:55.410+0000] {dagbag.py:538} INFO - Filling up the DagBag from /home/airflow/.local/lib/python3.8/site-packages/airflow/example_dags/example_sensor_decorator.py
[2023-12-19T09:06:55.415+0000] {processor.py:840} INFO - DAG(s) 'example_sensor_decorator' retrieved from /home/airflow/.local/lib/python3.8/site-packages/airflow/example_dags/example_sensor_decorator.py
[2023-12-19T09:06:55.432+0000] {logging_mixin.py:188} INFO - [2023-12-19T09:06:55.431+0000] {dag.py:3033} INFO - Sync 1 DAGs
[2023-12-19T09:06:55.442+0000] {logging_mixin.py:188} INFO - [2023-12-19T09:06:55.441+0000] {dag.py:3820} INFO - Setting next_dagrun for example_sensor_decorator to None, run_after=None
[2023-12-19T09:06:55.458+0000] {processor.py:183} INFO - Processing /home/airflow/.local/lib/python3.8/site-packages/airflow/example_dags/example_sensor_decorator.py took 0.056 seconds
[2023-12-19T09:07:26.258+0000] {processor.py:161} INFO - Started process (PID=455) to work on /home/airflow/.local/lib/python3.8/site-packages/airflow/example_dags/example_sensor_decorator.py
[2023-12-19T09:07:26.259+0000] {processor.py:830} INFO - Processing file /home/airflow/.local/lib/python3.8/site-packages/airflow/example_dags/example_sensor_decorator.py for tasks to queue
[2023-12-19T09:07:26.262+0000] {logging_mixin.py:188} INFO - [2023-12-19T09:07:26.262+0000] {dagbag.py:538} INFO - Filling up the DagBag from /home/airflow/.local/lib/python3.8/site-packages/airflow/example_dags/example_sensor_decorator.py
[2023-12-19T09:07:26.268+0000] {processor.py:840} INFO - DAG(s) 'example_sensor_decorator' retrieved from /home/airflow/.local/lib/python3.8/site-packages/airflow/example_dags/example_sensor_decorator.py
[2023-12-19T09:07:26.285+0000] {logging_mixin.py:188} INFO - [2023-12-19T09:07:26.284+0000] {dag.py:3033} INFO - Sync 1 DAGs
[2023-12-19T09:07:26.295+0000] {logging_mixin.py:188} INFO - [2023-12-19T09:07:26.295+0000] {dag.py:3820} INFO - Setting next_dagrun for example_sensor_decorator to None, run_after=None
[2023-12-19T09:07:26.313+0000] {processor.py:183} INFO - Processing /home/airflow/.local/lib/python3.8/site-packages/airflow/example_dags/example_sensor_decorator.py took 0.058 seconds
[2023-12-19T09:07:57.070+0000] {processor.py:161} INFO - Started process (PID=510) to work on /home/airflow/.local/lib/python3.8/site-packages/airflow/example_dags/example_sensor_decorator.py
[2023-12-19T09:07:57.072+0000] {processor.py:830} INFO - Processing file /home/airflow/.local/lib/python3.8/site-packages/airflow/example_dags/example_sensor_decorator.py for tasks to queue
[2023-12-19T09:07:57.074+0000] {logging_mixin.py:188} INFO - [2023-12-19T09:07:57.074+0000] {dagbag.py:538} INFO - Filling up the DagBag from /home/airflow/.local/lib/python3.8/site-packages/airflow/example_dags/example_sensor_decorator.py
[2023-12-19T09:07:57.081+0000] {processor.py:840} INFO - DAG(s) 'example_sensor_decorator' retrieved from /home/airflow/.local/lib/python3.8/site-packages/airflow/example_dags/example_sensor_decorator.py
[2023-12-19T09:07:57.098+0000] {logging_mixin.py:188} INFO - [2023-12-19T09:07:57.098+0000] {dag.py:3033} INFO - Sync 1 DAGs
[2023-12-19T09:07:57.107+0000] {logging_mixin.py:188} INFO - [2023-12-19T09:07:57.107+0000] {dag.py:3820} INFO - Setting next_dagrun for example_sensor_decorator to None, run_after=None
[2023-12-19T09:07:57.121+0000] {processor.py:183} INFO - Processing /home/airflow/.local/lib/python3.8/site-packages/airflow/example_dags/example_sensor_decorator.py took 0.053 seconds
[2023-12-19T09:08:27.986+0000] {processor.py:161} INFO - Started process (PID=565) to work on /home/airflow/.local/lib/python3.8/site-packages/airflow/example_dags/example_sensor_decorator.py
[2023-12-19T09:08:27.988+0000] {processor.py:830} INFO - Processing file /home/airflow/.local/lib/python3.8/site-packages/airflow/example_dags/example_sensor_decorator.py for tasks to queue
[2023-12-19T09:08:27.990+0000] {logging_mixin.py:188} INFO - [2023-12-19T09:08:27.990+0000] {dagbag.py:538} INFO - Filling up the DagBag from /home/airflow/.local/lib/python3.8/site-packages/airflow/example_dags/example_sensor_decorator.py
[2023-12-19T09:08:27.996+0000] {processor.py:840} INFO - DAG(s) 'example_sensor_decorator' retrieved from /home/airflow/.local/lib/python3.8/site-packages/airflow/example_dags/example_sensor_decorator.py
[2023-12-19T09:08:28.013+0000] {logging_mixin.py:188} INFO - [2023-12-19T09:08:28.013+0000] {dag.py:3033} INFO - Sync 1 DAGs
[2023-12-19T09:08:28.023+0000] {logging_mixin.py:188} INFO - [2023-12-19T09:08:28.023+0000] {dag.py:3820} INFO - Setting next_dagrun for example_sensor_decorator to None, run_after=None
[2023-12-19T09:08:28.038+0000] {processor.py:183} INFO - Processing /home/airflow/.local/lib/python3.8/site-packages/airflow/example_dags/example_sensor_decorator.py took 0.054 seconds
[2023-12-19T09:08:58.214+0000] {processor.py:161} INFO - Started process (PID=620) to work on /home/airflow/.local/lib/python3.8/site-packages/airflow/example_dags/example_sensor_decorator.py
[2023-12-19T09:08:58.216+0000] {processor.py:830} INFO - Processing file /home/airflow/.local/lib/python3.8/site-packages/airflow/example_dags/example_sensor_decorator.py for tasks to queue
[2023-12-19T09:08:58.219+0000] {logging_mixin.py:188} INFO - [2023-12-19T09:08:58.219+0000] {dagbag.py:538} INFO - Filling up the DagBag from /home/airflow/.local/lib/python3.8/site-packages/airflow/example_dags/example_sensor_decorator.py
[2023-12-19T09:08:58.225+0000] {processor.py:840} INFO - DAG(s) 'example_sensor_decorator' retrieved from /home/airflow/.local/lib/python3.8/site-packages/airflow/example_dags/example_sensor_decorator.py
[2023-12-19T09:08:58.241+0000] {logging_mixin.py:188} INFO - [2023-12-19T09:08:58.241+0000] {dag.py:3033} INFO - Sync 1 DAGs
[2023-12-19T09:08:58.251+0000] {logging_mixin.py:188} INFO - [2023-12-19T09:08:58.251+0000] {dag.py:3820} INFO - Setting next_dagrun for example_sensor_decorator to None, run_after=None
[2023-12-19T09:08:58.264+0000] {processor.py:183} INFO - Processing /home/airflow/.local/lib/python3.8/site-packages/airflow/example_dags/example_sensor_decorator.py took 0.053 seconds
[2023-12-19T09:09:28.460+0000] {processor.py:161} INFO - Started process (PID=675) to work on /home/airflow/.local/lib/python3.8/site-packages/airflow/example_dags/example_sensor_decorator.py
[2023-12-19T09:09:28.462+0000] {processor.py:830} INFO - Processing file /home/airflow/.local/lib/python3.8/site-packages/airflow/example_dags/example_sensor_decorator.py for tasks to queue
[2023-12-19T09:09:28.464+0000] {logging_mixin.py:188} INFO - [2023-12-19T09:09:28.464+0000] {dagbag.py:538} INFO - Filling up the DagBag from /home/airflow/.local/lib/python3.8/site-packages/airflow/example_dags/example_sensor_decorator.py
[2023-12-19T09:09:28.470+0000] {processor.py:840} INFO - DAG(s) 'example_sensor_decorator' retrieved from /home/airflow/.local/lib/python3.8/site-packages/airflow/example_dags/example_sensor_decorator.py
[2023-12-19T09:09:28.486+0000] {logging_mixin.py:188} INFO - [2023-12-19T09:09:28.486+0000] {dag.py:3033} INFO - Sync 1 DAGs
[2023-12-19T09:09:28.496+0000] {logging_mixin.py:188} INFO - [2023-12-19T09:09:28.496+0000] {dag.py:3820} INFO - Setting next_dagrun for example_sensor_decorator to None, run_after=None
[2023-12-19T09:09:28.509+0000] {processor.py:183} INFO - Processing /home/airflow/.local/lib/python3.8/site-packages/airflow/example_dags/example_sensor_decorator.py took 0.052 seconds
[2023-12-19T09:09:58.746+0000] {processor.py:161} INFO - Started process (PID=730) to work on /home/airflow/.local/lib/python3.8/site-packages/airflow/example_dags/example_sensor_decorator.py
[2023-12-19T09:09:58.748+0000] {processor.py:830} INFO - Processing file /home/airflow/.local/lib/python3.8/site-packages/airflow/example_dags/example_sensor_decorator.py for tasks to queue
[2023-12-19T09:09:58.751+0000] {logging_mixin.py:188} INFO - [2023-12-19T09:09:58.751+0000] {dagbag.py:538} INFO - Filling up the DagBag from /home/airflow/.local/lib/python3.8/site-packages/airflow/example_dags/example_sensor_decorator.py
[2023-12-19T09:09:58.758+0000] {processor.py:840} INFO - DAG(s) 'example_sensor_decorator' retrieved from /home/airflow/.local/lib/python3.8/site-packages/airflow/example_dags/example_sensor_decorator.py
[2023-12-19T09:09:58.776+0000] {logging_mixin.py:188} INFO - [2023-12-19T09:09:58.776+0000] {dag.py:3033} INFO - Sync 1 DAGs
[2023-12-19T09:09:58.785+0000] {logging_mixin.py:188} INFO - [2023-12-19T09:09:58.785+0000] {dag.py:3820} INFO - Setting next_dagrun for example_sensor_decorator to None, run_after=None
[2023-12-19T09:09:58.799+0000] {processor.py:183} INFO - Processing /home/airflow/.local/lib/python3.8/site-packages/airflow/example_dags/example_sensor_decorator.py took 0.056 seconds
[2023-12-19T09:10:29.030+0000] {processor.py:161} INFO - Started process (PID=786) to work on /home/airflow/.local/lib/python3.8/site-packages/airflow/example_dags/example_sensor_decorator.py
[2023-12-19T09:10:29.032+0000] {processor.py:830} INFO - Processing file /home/airflow/.local/lib/python3.8/site-packages/airflow/example_dags/example_sensor_decorator.py for tasks to queue
[2023-12-19T09:10:29.035+0000] {logging_mixin.py:188} INFO - [2023-12-19T09:10:29.034+0000] {dagbag.py:538} INFO - Filling up the DagBag from /home/airflow/.local/lib/python3.8/site-packages/airflow/example_dags/example_sensor_decorator.py
[2023-12-19T09:10:29.041+0000] {processor.py:840} INFO - DAG(s) 'example_sensor_decorator' retrieved from /home/airflow/.local/lib/python3.8/site-packages/airflow/example_dags/example_sensor_decorator.py
[2023-12-19T09:10:29.058+0000] {logging_mixin.py:188} INFO - [2023-12-19T09:10:29.058+0000] {dag.py:3033} INFO - Sync 1 DAGs
[2023-12-19T09:10:29.071+0000] {logging_mixin.py:188} INFO - [2023-12-19T09:10:29.070+0000] {dag.py:3820} INFO - Setting next_dagrun for example_sensor_decorator to None, run_after=None
[2023-12-19T09:10:29.089+0000] {processor.py:183} INFO - Processing /home/airflow/.local/lib/python3.8/site-packages/airflow/example_dags/example_sensor_decorator.py took 0.062 seconds
[2023-12-19T09:10:59.633+0000] {processor.py:161} INFO - Started process (PID=841) to work on /home/airflow/.local/lib/python3.8/site-packages/airflow/example_dags/example_sensor_decorator.py
[2023-12-19T09:10:59.635+0000] {processor.py:830} INFO - Processing file /home/airflow/.local/lib/python3.8/site-packages/airflow/example_dags/example_sensor_decorator.py for tasks to queue
[2023-12-19T09:10:59.638+0000] {logging_mixin.py:188} INFO - [2023-12-19T09:10:59.637+0000] {dagbag.py:538} INFO - Filling up the DagBag from /home/airflow/.local/lib/python3.8/site-packages/airflow/example_dags/example_sensor_decorator.py
[2023-12-19T09:10:59.643+0000] {processor.py:840} INFO - DAG(s) 'example_sensor_decorator' retrieved from /home/airflow/.local/lib/python3.8/site-packages/airflow/example_dags/example_sensor_decorator.py
[2023-12-19T09:10:59.661+0000] {logging_mixin.py:188} INFO - [2023-12-19T09:10:59.660+0000] {dag.py:3033} INFO - Sync 1 DAGs
[2023-12-19T09:10:59.671+0000] {logging_mixin.py:188} INFO - [2023-12-19T09:10:59.671+0000] {dag.py:3820} INFO - Setting next_dagrun for example_sensor_decorator to None, run_after=None
[2023-12-19T09:10:59.685+0000] {processor.py:183} INFO - Processing /home/airflow/.local/lib/python3.8/site-packages/airflow/example_dags/example_sensor_decorator.py took 0.055 seconds
[2023-12-19T09:11:30.634+0000] {processor.py:161} INFO - Started process (PID=896) to work on /home/airflow/.local/lib/python3.8/site-packages/airflow/example_dags/example_sensor_decorator.py
[2023-12-19T09:11:30.636+0000] {processor.py:830} INFO - Processing file /home/airflow/.local/lib/python3.8/site-packages/airflow/example_dags/example_sensor_decorator.py for tasks to queue
[2023-12-19T09:11:30.638+0000] {logging_mixin.py:188} INFO - [2023-12-19T09:11:30.638+0000] {dagbag.py:538} INFO - Filling up the DagBag from /home/airflow/.local/lib/python3.8/site-packages/airflow/example_dags/example_sensor_decorator.py
[2023-12-19T09:11:30.642+0000] {processor.py:840} INFO - DAG(s) 'example_sensor_decorator' retrieved from /home/airflow/.local/lib/python3.8/site-packages/airflow/example_dags/example_sensor_decorator.py
[2023-12-19T09:11:30.658+0000] {logging_mixin.py:188} INFO - [2023-12-19T09:11:30.657+0000] {dag.py:3033} INFO - Sync 1 DAGs
[2023-12-19T09:11:30.666+0000] {logging_mixin.py:188} INFO - [2023-12-19T09:11:30.666+0000] {dag.py:3820} INFO - Setting next_dagrun for example_sensor_decorator to None, run_after=None
[2023-12-19T09:11:30.680+0000] {processor.py:183} INFO - Processing /home/airflow/.local/lib/python3.8/site-packages/airflow/example_dags/example_sensor_decorator.py took 0.047 seconds
[2023-12-19T09:12:01.148+0000] {processor.py:161} INFO - Started process (PID=951) to work on /home/airflow/.local/lib/python3.8/site-packages/airflow/example_dags/example_sensor_decorator.py
[2023-12-19T09:12:01.149+0000] {processor.py:830} INFO - Processing file /home/airflow/.local/lib/python3.8/site-packages/airflow/example_dags/example_sensor_decorator.py for tasks to queue
[2023-12-19T09:12:01.151+0000] {logging_mixin.py:188} INFO - [2023-12-19T09:12:01.151+0000] {dagbag.py:538} INFO - Filling up the DagBag from /home/airflow/.local/lib/python3.8/site-packages/airflow/example_dags/example_sensor_decorator.py
[2023-12-19T09:12:01.156+0000] {processor.py:840} INFO - DAG(s) 'example_sensor_decorator' retrieved from /home/airflow/.local/lib/python3.8/site-packages/airflow/example_dags/example_sensor_decorator.py
[2023-12-19T09:12:01.170+0000] {logging_mixin.py:188} INFO - [2023-12-19T09:12:01.170+0000] {dag.py:3033} INFO - Sync 1 DAGs
[2023-12-19T09:12:01.177+0000] {logging_mixin.py:188} INFO - [2023-12-19T09:12:01.177+0000] {dag.py:3820} INFO - Setting next_dagrun for example_sensor_decorator to None, run_after=None
[2023-12-19T09:12:01.188+0000] {processor.py:183} INFO - Processing /home/airflow/.local/lib/python3.8/site-packages/airflow/example_dags/example_sensor_decorator.py took 0.042 seconds
[2023-12-19T09:12:31.721+0000] {processor.py:161} INFO - Started process (PID=1007) to work on /home/airflow/.local/lib/python3.8/site-packages/airflow/example_dags/example_sensor_decorator.py
[2023-12-19T09:12:31.723+0000] {processor.py:830} INFO - Processing file /home/airflow/.local/lib/python3.8/site-packages/airflow/example_dags/example_sensor_decorator.py for tasks to queue
[2023-12-19T09:12:31.725+0000] {logging_mixin.py:188} INFO - [2023-12-19T09:12:31.725+0000] {dagbag.py:538} INFO - Filling up the DagBag from /home/airflow/.local/lib/python3.8/site-packages/airflow/example_dags/example_sensor_decorator.py
[2023-12-19T09:12:31.730+0000] {processor.py:840} INFO - DAG(s) 'example_sensor_decorator' retrieved from /home/airflow/.local/lib/python3.8/site-packages/airflow/example_dags/example_sensor_decorator.py
[2023-12-19T09:12:31.744+0000] {logging_mixin.py:188} INFO - [2023-12-19T09:12:31.744+0000] {dag.py:3033} INFO - Sync 1 DAGs
[2023-12-19T09:12:31.752+0000] {logging_mixin.py:188} INFO - [2023-12-19T09:12:31.752+0000] {dag.py:3820} INFO - Setting next_dagrun for example_sensor_decorator to None, run_after=None
[2023-12-19T09:12:31.763+0000] {processor.py:183} INFO - Processing /home/airflow/.local/lib/python3.8/site-packages/airflow/example_dags/example_sensor_decorator.py took 0.044 seconds
[2023-12-19T09:13:02.230+0000] {processor.py:161} INFO - Started process (PID=1062) to work on /home/airflow/.local/lib/python3.8/site-packages/airflow/example_dags/example_sensor_decorator.py
[2023-12-19T09:13:02.233+0000] {processor.py:830} INFO - Processing file /home/airflow/.local/lib/python3.8/site-packages/airflow/example_dags/example_sensor_decorator.py for tasks to queue
[2023-12-19T09:13:02.236+0000] {logging_mixin.py:188} INFO - [2023-12-19T09:13:02.236+0000] {dagbag.py:538} INFO - Filling up the DagBag from /home/airflow/.local/lib/python3.8/site-packages/airflow/example_dags/example_sensor_decorator.py
[2023-12-19T09:13:02.241+0000] {processor.py:840} INFO - DAG(s) 'example_sensor_decorator' retrieved from /home/airflow/.local/lib/python3.8/site-packages/airflow/example_dags/example_sensor_decorator.py
[2023-12-19T09:13:02.257+0000] {logging_mixin.py:188} INFO - [2023-12-19T09:13:02.257+0000] {dag.py:3033} INFO - Sync 1 DAGs
[2023-12-19T09:13:02.266+0000] {logging_mixin.py:188} INFO - [2023-12-19T09:13:02.265+0000] {dag.py:3820} INFO - Setting next_dagrun for example_sensor_decorator to None, run_after=None
[2023-12-19T09:13:02.277+0000] {processor.py:183} INFO - Processing /home/airflow/.local/lib/python3.8/site-packages/airflow/example_dags/example_sensor_decorator.py took 0.050 seconds
[2023-12-19T09:13:32.713+0000] {processor.py:161} INFO - Started process (PID=1117) to work on /home/airflow/.local/lib/python3.8/site-packages/airflow/example_dags/example_sensor_decorator.py
[2023-12-19T09:13:32.715+0000] {processor.py:830} INFO - Processing file /home/airflow/.local/lib/python3.8/site-packages/airflow/example_dags/example_sensor_decorator.py for tasks to queue
[2023-12-19T09:13:32.717+0000] {logging_mixin.py:188} INFO - [2023-12-19T09:13:32.717+0000] {dagbag.py:538} INFO - Filling up the DagBag from /home/airflow/.local/lib/python3.8/site-packages/airflow/example_dags/example_sensor_decorator.py
[2023-12-19T09:13:32.722+0000] {processor.py:840} INFO - DAG(s) 'example_sensor_decorator' retrieved from /home/airflow/.local/lib/python3.8/site-packages/airflow/example_dags/example_sensor_decorator.py
[2023-12-19T09:13:32.735+0000] {logging_mixin.py:188} INFO - [2023-12-19T09:13:32.735+0000] {dag.py:3033} INFO - Sync 1 DAGs
[2023-12-19T09:13:32.743+0000] {logging_mixin.py:188} INFO - [2023-12-19T09:13:32.743+0000] {dag.py:3820} INFO - Setting next_dagrun for example_sensor_decorator to None, run_after=None
[2023-12-19T09:13:32.756+0000] {processor.py:183} INFO - Processing /home/airflow/.local/lib/python3.8/site-packages/airflow/example_dags/example_sensor_decorator.py took 0.045 seconds
[2023-12-19T09:14:03.327+0000] {processor.py:161} INFO - Started process (PID=1172) to work on /home/airflow/.local/lib/python3.8/site-packages/airflow/example_dags/example_sensor_decorator.py
[2023-12-19T09:14:03.329+0000] {processor.py:830} INFO - Processing file /home/airflow/.local/lib/python3.8/site-packages/airflow/example_dags/example_sensor_decorator.py for tasks to queue
[2023-12-19T09:14:03.332+0000] {logging_mixin.py:188} INFO - [2023-12-19T09:14:03.332+0000] {dagbag.py:538} INFO - Filling up the DagBag from /home/airflow/.local/lib/python3.8/site-packages/airflow/example_dags/example_sensor_decorator.py
[2023-12-19T09:14:03.338+0000] {processor.py:840} INFO - DAG(s) 'example_sensor_decorator' retrieved from /home/airflow/.local/lib/python3.8/site-packages/airflow/example_dags/example_sensor_decorator.py
[2023-12-19T09:14:03.354+0000] {logging_mixin.py:188} INFO - [2023-12-19T09:14:03.353+0000] {dag.py:3033} INFO - Sync 1 DAGs
[2023-12-19T09:14:03.362+0000] {logging_mixin.py:188} INFO - [2023-12-19T09:14:03.362+0000] {dag.py:3820} INFO - Setting next_dagrun for example_sensor_decorator to None, run_after=None
[2023-12-19T09:14:03.374+0000] {processor.py:183} INFO - Processing /home/airflow/.local/lib/python3.8/site-packages/airflow/example_dags/example_sensor_decorator.py took 0.049 seconds
[2023-12-19T09:14:33.958+0000] {processor.py:161} INFO - Started process (PID=1227) to work on /home/airflow/.local/lib/python3.8/site-packages/airflow/example_dags/example_sensor_decorator.py
[2023-12-19T09:14:33.960+0000] {processor.py:830} INFO - Processing file /home/airflow/.local/lib/python3.8/site-packages/airflow/example_dags/example_sensor_decorator.py for tasks to queue
[2023-12-19T09:14:33.962+0000] {logging_mixin.py:188} INFO - [2023-12-19T09:14:33.962+0000] {dagbag.py:538} INFO - Filling up the DagBag from /home/airflow/.local/lib/python3.8/site-packages/airflow/example_dags/example_sensor_decorator.py
[2023-12-19T09:14:33.967+0000] {processor.py:840} INFO - DAG(s) 'example_sensor_decorator' retrieved from /home/airflow/.local/lib/python3.8/site-packages/airflow/example_dags/example_sensor_decorator.py
[2023-12-19T09:14:33.980+0000] {logging_mixin.py:188} INFO - [2023-12-19T09:14:33.980+0000] {dag.py:3033} INFO - Sync 1 DAGs
[2023-12-19T09:14:33.989+0000] {logging_mixin.py:188} INFO - [2023-12-19T09:14:33.989+0000] {dag.py:3820} INFO - Setting next_dagrun for example_sensor_decorator to None, run_after=None
[2023-12-19T09:14:34.001+0000] {processor.py:183} INFO - Processing /home/airflow/.local/lib/python3.8/site-packages/airflow/example_dags/example_sensor_decorator.py took 0.045 seconds
[2023-12-19T09:15:04.392+0000] {processor.py:161} INFO - Started process (PID=1282) to work on /home/airflow/.local/lib/python3.8/site-packages/airflow/example_dags/example_sensor_decorator.py
[2023-12-19T09:15:04.394+0000] {processor.py:830} INFO - Processing file /home/airflow/.local/lib/python3.8/site-packages/airflow/example_dags/example_sensor_decorator.py for tasks to queue
[2023-12-19T09:15:04.396+0000] {logging_mixin.py:188} INFO - [2023-12-19T09:15:04.396+0000] {dagbag.py:538} INFO - Filling up the DagBag from /home/airflow/.local/lib/python3.8/site-packages/airflow/example_dags/example_sensor_decorator.py
[2023-12-19T09:15:04.401+0000] {processor.py:840} INFO - DAG(s) 'example_sensor_decorator' retrieved from /home/airflow/.local/lib/python3.8/site-packages/airflow/example_dags/example_sensor_decorator.py
[2023-12-19T09:15:04.415+0000] {logging_mixin.py:188} INFO - [2023-12-19T09:15:04.415+0000] {dag.py:3033} INFO - Sync 1 DAGs
[2023-12-19T09:15:04.423+0000] {logging_mixin.py:188} INFO - [2023-12-19T09:15:04.423+0000] {dag.py:3820} INFO - Setting next_dagrun for example_sensor_decorator to None, run_after=None
[2023-12-19T09:15:04.434+0000] {processor.py:183} INFO - Processing /home/airflow/.local/lib/python3.8/site-packages/airflow/example_dags/example_sensor_decorator.py took 0.044 seconds
[2023-12-19T09:15:35.216+0000] {processor.py:161} INFO - Started process (PID=1337) to work on /home/airflow/.local/lib/python3.8/site-packages/airflow/example_dags/example_sensor_decorator.py
[2023-12-19T09:15:35.217+0000] {processor.py:830} INFO - Processing file /home/airflow/.local/lib/python3.8/site-packages/airflow/example_dags/example_sensor_decorator.py for tasks to queue
[2023-12-19T09:15:35.220+0000] {logging_mixin.py:188} INFO - [2023-12-19T09:15:35.219+0000] {dagbag.py:538} INFO - Filling up the DagBag from /home/airflow/.local/lib/python3.8/site-packages/airflow/example_dags/example_sensor_decorator.py
[2023-12-19T09:15:35.224+0000] {processor.py:840} INFO - DAG(s) 'example_sensor_decorator' retrieved from /home/airflow/.local/lib/python3.8/site-packages/airflow/example_dags/example_sensor_decorator.py
[2023-12-19T09:15:35.238+0000] {logging_mixin.py:188} INFO - [2023-12-19T09:15:35.238+0000] {dag.py:3033} INFO - Sync 1 DAGs
[2023-12-19T09:15:35.247+0000] {logging_mixin.py:188} INFO - [2023-12-19T09:15:35.247+0000] {dag.py:3820} INFO - Setting next_dagrun for example_sensor_decorator to None, run_after=None
[2023-12-19T09:15:35.257+0000] {processor.py:183} INFO - Processing /home/airflow/.local/lib/python3.8/site-packages/airflow/example_dags/example_sensor_decorator.py took 0.043 seconds
[2023-12-19T09:16:05.694+0000] {processor.py:161} INFO - Started process (PID=1392) to work on /home/airflow/.local/lib/python3.8/site-packages/airflow/example_dags/example_sensor_decorator.py
[2023-12-19T09:16:05.695+0000] {processor.py:830} INFO - Processing file /home/airflow/.local/lib/python3.8/site-packages/airflow/example_dags/example_sensor_decorator.py for tasks to queue
[2023-12-19T09:16:05.697+0000] {logging_mixin.py:188} INFO - [2023-12-19T09:16:05.697+0000] {dagbag.py:538} INFO - Filling up the DagBag from /home/airflow/.local/lib/python3.8/site-packages/airflow/example_dags/example_sensor_decorator.py
[2023-12-19T09:16:05.702+0000] {processor.py:840} INFO - DAG(s) 'example_sensor_decorator' retrieved from /home/airflow/.local/lib/python3.8/site-packages/airflow/example_dags/example_sensor_decorator.py
[2023-12-19T09:16:05.717+0000] {logging_mixin.py:188} INFO - [2023-12-19T09:16:05.717+0000] {dag.py:3033} INFO - Sync 1 DAGs
[2023-12-19T09:16:05.725+0000] {logging_mixin.py:188} INFO - [2023-12-19T09:16:05.724+0000] {dag.py:3820} INFO - Setting next_dagrun for example_sensor_decorator to None, run_after=None
[2023-12-19T09:16:05.736+0000] {processor.py:183} INFO - Processing /home/airflow/.local/lib/python3.8/site-packages/airflow/example_dags/example_sensor_decorator.py took 0.044 seconds
[2023-12-19T09:16:36.286+0000] {processor.py:161} INFO - Started process (PID=1447) to work on /home/airflow/.local/lib/python3.8/site-packages/airflow/example_dags/example_sensor_decorator.py
[2023-12-19T09:16:36.288+0000] {processor.py:830} INFO - Processing file /home/airflow/.local/lib/python3.8/site-packages/airflow/example_dags/example_sensor_decorator.py for tasks to queue
[2023-12-19T09:16:36.290+0000] {logging_mixin.py:188} INFO - [2023-12-19T09:16:36.290+0000] {dagbag.py:538} INFO - Filling up the DagBag from /home/airflow/.local/lib/python3.8/site-packages/airflow/example_dags/example_sensor_decorator.py
[2023-12-19T09:16:36.295+0000] {processor.py:840} INFO - DAG(s) 'example_sensor_decorator' retrieved from /home/airflow/.local/lib/python3.8/site-packages/airflow/example_dags/example_sensor_decorator.py
[2023-12-19T09:16:36.309+0000] {logging_mixin.py:188} INFO - [2023-12-19T09:16:36.309+0000] {dag.py:3033} INFO - Sync 1 DAGs
[2023-12-19T09:16:36.317+0000] {logging_mixin.py:188} INFO - [2023-12-19T09:16:36.317+0000] {dag.py:3820} INFO - Setting next_dagrun for example_sensor_decorator to None, run_after=None
[2023-12-19T09:16:36.329+0000] {processor.py:183} INFO - Processing /home/airflow/.local/lib/python3.8/site-packages/airflow/example_dags/example_sensor_decorator.py took 0.045 seconds
[2023-12-19T09:17:06.767+0000] {processor.py:161} INFO - Started process (PID=1502) to work on /home/airflow/.local/lib/python3.8/site-packages/airflow/example_dags/example_sensor_decorator.py
[2023-12-19T09:17:06.768+0000] {processor.py:830} INFO - Processing file /home/airflow/.local/lib/python3.8/site-packages/airflow/example_dags/example_sensor_decorator.py for tasks to queue
[2023-12-19T09:17:06.770+0000] {logging_mixin.py:188} INFO - [2023-12-19T09:17:06.770+0000] {dagbag.py:538} INFO - Filling up the DagBag from /home/airflow/.local/lib/python3.8/site-packages/airflow/example_dags/example_sensor_decorator.py
[2023-12-19T09:17:06.775+0000] {processor.py:840} INFO - DAG(s) 'example_sensor_decorator' retrieved from /home/airflow/.local/lib/python3.8/site-packages/airflow/example_dags/example_sensor_decorator.py
[2023-12-19T09:17:06.790+0000] {logging_mixin.py:188} INFO - [2023-12-19T09:17:06.790+0000] {dag.py:3033} INFO - Sync 1 DAGs
[2023-12-19T09:17:06.798+0000] {logging_mixin.py:188} INFO - [2023-12-19T09:17:06.798+0000] {dag.py:3820} INFO - Setting next_dagrun for example_sensor_decorator to None, run_after=None
[2023-12-19T09:17:06.810+0000] {processor.py:183} INFO - Processing /home/airflow/.local/lib/python3.8/site-packages/airflow/example_dags/example_sensor_decorator.py took 0.046 seconds
[2023-12-19T09:17:37.328+0000] {processor.py:161} INFO - Started process (PID=1557) to work on /home/airflow/.local/lib/python3.8/site-packages/airflow/example_dags/example_sensor_decorator.py
[2023-12-19T09:17:37.330+0000] {processor.py:830} INFO - Processing file /home/airflow/.local/lib/python3.8/site-packages/airflow/example_dags/example_sensor_decorator.py for tasks to queue
[2023-12-19T09:17:37.332+0000] {logging_mixin.py:188} INFO - [2023-12-19T09:17:37.332+0000] {dagbag.py:538} INFO - Filling up the DagBag from /home/airflow/.local/lib/python3.8/site-packages/airflow/example_dags/example_sensor_decorator.py
[2023-12-19T09:17:37.337+0000] {processor.py:840} INFO - DAG(s) 'example_sensor_decorator' retrieved from /home/airflow/.local/lib/python3.8/site-packages/airflow/example_dags/example_sensor_decorator.py
[2023-12-19T09:17:37.353+0000] {logging_mixin.py:188} INFO - [2023-12-19T09:17:37.353+0000] {dag.py:3033} INFO - Sync 1 DAGs
[2023-12-19T09:17:37.361+0000] {logging_mixin.py:188} INFO - [2023-12-19T09:17:37.360+0000] {dag.py:3820} INFO - Setting next_dagrun for example_sensor_decorator to None, run_after=None
[2023-12-19T09:17:37.372+0000] {processor.py:183} INFO - Processing /home/airflow/.local/lib/python3.8/site-packages/airflow/example_dags/example_sensor_decorator.py took 0.046 seconds
[2023-12-19T09:18:07.799+0000] {processor.py:161} INFO - Started process (PID=1612) to work on /home/airflow/.local/lib/python3.8/site-packages/airflow/example_dags/example_sensor_decorator.py
[2023-12-19T09:18:07.801+0000] {processor.py:830} INFO - Processing file /home/airflow/.local/lib/python3.8/site-packages/airflow/example_dags/example_sensor_decorator.py for tasks to queue
[2023-12-19T09:18:07.803+0000] {logging_mixin.py:188} INFO - [2023-12-19T09:18:07.803+0000] {dagbag.py:538} INFO - Filling up the DagBag from /home/airflow/.local/lib/python3.8/site-packages/airflow/example_dags/example_sensor_decorator.py
[2023-12-19T09:18:07.808+0000] {processor.py:840} INFO - DAG(s) 'example_sensor_decorator' retrieved from /home/airflow/.local/lib/python3.8/site-packages/airflow/example_dags/example_sensor_decorator.py
[2023-12-19T09:18:07.822+0000] {logging_mixin.py:188} INFO - [2023-12-19T09:18:07.822+0000] {dag.py:3033} INFO - Sync 1 DAGs
[2023-12-19T09:18:07.830+0000] {logging_mixin.py:188} INFO - [2023-12-19T09:18:07.830+0000] {dag.py:3820} INFO - Setting next_dagrun for example_sensor_decorator to None, run_after=None
[2023-12-19T09:18:07.841+0000] {processor.py:183} INFO - Processing /home/airflow/.local/lib/python3.8/site-packages/airflow/example_dags/example_sensor_decorator.py took 0.044 seconds
[2023-12-19T09:18:38.393+0000] {processor.py:161} INFO - Started process (PID=1667) to work on /home/airflow/.local/lib/python3.8/site-packages/airflow/example_dags/example_sensor_decorator.py
[2023-12-19T09:18:38.394+0000] {processor.py:830} INFO - Processing file /home/airflow/.local/lib/python3.8/site-packages/airflow/example_dags/example_sensor_decorator.py for tasks to queue
[2023-12-19T09:18:38.396+0000] {logging_mixin.py:188} INFO - [2023-12-19T09:18:38.396+0000] {dagbag.py:538} INFO - Filling up the DagBag from /home/airflow/.local/lib/python3.8/site-packages/airflow/example_dags/example_sensor_decorator.py
[2023-12-19T09:18:38.401+0000] {processor.py:840} INFO - DAG(s) 'example_sensor_decorator' retrieved from /home/airflow/.local/lib/python3.8/site-packages/airflow/example_dags/example_sensor_decorator.py
[2023-12-19T09:18:38.415+0000] {logging_mixin.py:188} INFO - [2023-12-19T09:18:38.415+0000] {dag.py:3033} INFO - Sync 1 DAGs
[2023-12-19T09:18:38.424+0000] {logging_mixin.py:188} INFO - [2023-12-19T09:18:38.424+0000] {dag.py:3820} INFO - Setting next_dagrun for example_sensor_decorator to None, run_after=None
[2023-12-19T09:18:38.435+0000] {processor.py:183} INFO - Processing /home/airflow/.local/lib/python3.8/site-packages/airflow/example_dags/example_sensor_decorator.py took 0.045 seconds
[2023-12-19T09:19:08.558+0000] {processor.py:161} INFO - Started process (PID=1722) to work on /home/airflow/.local/lib/python3.8/site-packages/airflow/example_dags/example_sensor_decorator.py
[2023-12-19T09:19:08.559+0000] {processor.py:830} INFO - Processing file /home/airflow/.local/lib/python3.8/site-packages/airflow/example_dags/example_sensor_decorator.py for tasks to queue
[2023-12-19T09:19:08.561+0000] {logging_mixin.py:188} INFO - [2023-12-19T09:19:08.561+0000] {dagbag.py:538} INFO - Filling up the DagBag from /home/airflow/.local/lib/python3.8/site-packages/airflow/example_dags/example_sensor_decorator.py
[2023-12-19T09:19:08.566+0000] {processor.py:840} INFO - DAG(s) 'example_sensor_decorator' retrieved from /home/airflow/.local/lib/python3.8/site-packages/airflow/example_dags/example_sensor_decorator.py
[2023-12-19T09:19:08.585+0000] {logging_mixin.py:188} INFO - [2023-12-19T09:19:08.585+0000] {dag.py:3033} INFO - Sync 1 DAGs
[2023-12-19T09:19:08.594+0000] {logging_mixin.py:188} INFO - [2023-12-19T09:19:08.594+0000] {dag.py:3820} INFO - Setting next_dagrun for example_sensor_decorator to None, run_after=None
[2023-12-19T09:19:08.607+0000] {processor.py:183} INFO - Processing /home/airflow/.local/lib/python3.8/site-packages/airflow/example_dags/example_sensor_decorator.py took 0.052 seconds
[2023-12-19T09:19:40.412+0000] {processor.py:161} INFO - Started process (PID=1777) to work on /home/airflow/.local/lib/python3.8/site-packages/airflow/example_dags/example_sensor_decorator.py
[2023-12-19T09:19:40.413+0000] {processor.py:830} INFO - Processing file /home/airflow/.local/lib/python3.8/site-packages/airflow/example_dags/example_sensor_decorator.py for tasks to queue
[2023-12-19T09:19:40.416+0000] {logging_mixin.py:188} INFO - [2023-12-19T09:19:40.415+0000] {dagbag.py:538} INFO - Filling up the DagBag from /home/airflow/.local/lib/python3.8/site-packages/airflow/example_dags/example_sensor_decorator.py
[2023-12-19T09:19:40.421+0000] {processor.py:840} INFO - DAG(s) 'example_sensor_decorator' retrieved from /home/airflow/.local/lib/python3.8/site-packages/airflow/example_dags/example_sensor_decorator.py
[2023-12-19T09:19:40.437+0000] {logging_mixin.py:188} INFO - [2023-12-19T09:19:40.437+0000] {dag.py:3033} INFO - Sync 1 DAGs
[2023-12-19T09:19:40.548+0000] {logging_mixin.py:188} INFO - [2023-12-19T09:19:40.548+0000] {dag.py:3820} INFO - Setting next_dagrun for example_sensor_decorator to None, run_after=None
[2023-12-19T09:19:40.560+0000] {processor.py:183} INFO - Processing /home/airflow/.local/lib/python3.8/site-packages/airflow/example_dags/example_sensor_decorator.py took 0.151 seconds
[2023-12-19T09:20:10.766+0000] {processor.py:161} INFO - Started process (PID=1831) to work on /home/airflow/.local/lib/python3.8/site-packages/airflow/example_dags/example_sensor_decorator.py
[2023-12-19T09:20:10.768+0000] {processor.py:830} INFO - Processing file /home/airflow/.local/lib/python3.8/site-packages/airflow/example_dags/example_sensor_decorator.py for tasks to queue
[2023-12-19T09:20:10.770+0000] {logging_mixin.py:188} INFO - [2023-12-19T09:20:10.770+0000] {dagbag.py:538} INFO - Filling up the DagBag from /home/airflow/.local/lib/python3.8/site-packages/airflow/example_dags/example_sensor_decorator.py
[2023-12-19T09:20:10.778+0000] {processor.py:840} INFO - DAG(s) 'example_sensor_decorator' retrieved from /home/airflow/.local/lib/python3.8/site-packages/airflow/example_dags/example_sensor_decorator.py
[2023-12-19T09:20:10.797+0000] {logging_mixin.py:188} INFO - [2023-12-19T09:20:10.797+0000] {dag.py:3033} INFO - Sync 1 DAGs
[2023-12-19T09:20:10.808+0000] {logging_mixin.py:188} INFO - [2023-12-19T09:20:10.807+0000] {dag.py:3820} INFO - Setting next_dagrun for example_sensor_decorator to None, run_after=None
[2023-12-19T09:20:10.825+0000] {processor.py:183} INFO - Processing /home/airflow/.local/lib/python3.8/site-packages/airflow/example_dags/example_sensor_decorator.py took 0.062 seconds
[2023-12-19T09:20:41.567+0000] {processor.py:161} INFO - Started process (PID=1892) to work on /home/airflow/.local/lib/python3.8/site-packages/airflow/example_dags/example_sensor_decorator.py
[2023-12-19T09:20:41.569+0000] {processor.py:830} INFO - Processing file /home/airflow/.local/lib/python3.8/site-packages/airflow/example_dags/example_sensor_decorator.py for tasks to queue
[2023-12-19T09:20:41.571+0000] {logging_mixin.py:188} INFO - [2023-12-19T09:20:41.571+0000] {dagbag.py:538} INFO - Filling up the DagBag from /home/airflow/.local/lib/python3.8/site-packages/airflow/example_dags/example_sensor_decorator.py
[2023-12-19T09:20:41.576+0000] {processor.py:840} INFO - DAG(s) 'example_sensor_decorator' retrieved from /home/airflow/.local/lib/python3.8/site-packages/airflow/example_dags/example_sensor_decorator.py
[2023-12-19T09:20:41.591+0000] {logging_mixin.py:188} INFO - [2023-12-19T09:20:41.591+0000] {dag.py:3033} INFO - Sync 1 DAGs
[2023-12-19T09:20:41.599+0000] {logging_mixin.py:188} INFO - [2023-12-19T09:20:41.599+0000] {dag.py:3820} INFO - Setting next_dagrun for example_sensor_decorator to None, run_after=None
[2023-12-19T09:20:41.611+0000] {processor.py:183} INFO - Processing /home/airflow/.local/lib/python3.8/site-packages/airflow/example_dags/example_sensor_decorator.py took 0.046 seconds
[2023-12-19T09:21:12.490+0000] {processor.py:161} INFO - Started process (PID=1947) to work on /home/airflow/.local/lib/python3.8/site-packages/airflow/example_dags/example_sensor_decorator.py
[2023-12-19T09:21:12.493+0000] {processor.py:830} INFO - Processing file /home/airflow/.local/lib/python3.8/site-packages/airflow/example_dags/example_sensor_decorator.py for tasks to queue
[2023-12-19T09:21:12.495+0000] {logging_mixin.py:188} INFO - [2023-12-19T09:21:12.494+0000] {dagbag.py:538} INFO - Filling up the DagBag from /home/airflow/.local/lib/python3.8/site-packages/airflow/example_dags/example_sensor_decorator.py
[2023-12-19T09:21:12.499+0000] {processor.py:840} INFO - DAG(s) 'example_sensor_decorator' retrieved from /home/airflow/.local/lib/python3.8/site-packages/airflow/example_dags/example_sensor_decorator.py
[2023-12-19T09:21:12.512+0000] {logging_mixin.py:188} INFO - [2023-12-19T09:21:12.512+0000] {dag.py:3033} INFO - Sync 1 DAGs
[2023-12-19T09:21:12.521+0000] {logging_mixin.py:188} INFO - [2023-12-19T09:21:12.521+0000] {dag.py:3820} INFO - Setting next_dagrun for example_sensor_decorator to None, run_after=None
[2023-12-19T09:21:12.533+0000] {processor.py:183} INFO - Processing /home/airflow/.local/lib/python3.8/site-packages/airflow/example_dags/example_sensor_decorator.py took 0.045 seconds
[2023-12-19T09:21:43.018+0000] {processor.py:161} INFO - Started process (PID=2002) to work on /home/airflow/.local/lib/python3.8/site-packages/airflow/example_dags/example_sensor_decorator.py
[2023-12-19T09:21:43.020+0000] {processor.py:830} INFO - Processing file /home/airflow/.local/lib/python3.8/site-packages/airflow/example_dags/example_sensor_decorator.py for tasks to queue
[2023-12-19T09:21:43.022+0000] {logging_mixin.py:188} INFO - [2023-12-19T09:21:43.022+0000] {dagbag.py:538} INFO - Filling up the DagBag from /home/airflow/.local/lib/python3.8/site-packages/airflow/example_dags/example_sensor_decorator.py
[2023-12-19T09:21:43.027+0000] {processor.py:840} INFO - DAG(s) 'example_sensor_decorator' retrieved from /home/airflow/.local/lib/python3.8/site-packages/airflow/example_dags/example_sensor_decorator.py
[2023-12-19T09:21:43.040+0000] {logging_mixin.py:188} INFO - [2023-12-19T09:21:43.040+0000] {dag.py:3033} INFO - Sync 1 DAGs
[2023-12-19T09:21:43.048+0000] {logging_mixin.py:188} INFO - [2023-12-19T09:21:43.047+0000] {dag.py:3820} INFO - Setting next_dagrun for example_sensor_decorator to None, run_after=None
[2023-12-19T09:21:43.058+0000] {processor.py:183} INFO - Processing /home/airflow/.local/lib/python3.8/site-packages/airflow/example_dags/example_sensor_decorator.py took 0.042 seconds
[2023-12-19T09:22:14.067+0000] {processor.py:161} INFO - Started process (PID=2057) to work on /home/airflow/.local/lib/python3.8/site-packages/airflow/example_dags/example_sensor_decorator.py
[2023-12-19T09:22:14.068+0000] {processor.py:830} INFO - Processing file /home/airflow/.local/lib/python3.8/site-packages/airflow/example_dags/example_sensor_decorator.py for tasks to queue
[2023-12-19T09:22:14.071+0000] {logging_mixin.py:188} INFO - [2023-12-19T09:22:14.071+0000] {dagbag.py:538} INFO - Filling up the DagBag from /home/airflow/.local/lib/python3.8/site-packages/airflow/example_dags/example_sensor_decorator.py
[2023-12-19T09:22:14.076+0000] {processor.py:840} INFO - DAG(s) 'example_sensor_decorator' retrieved from /home/airflow/.local/lib/python3.8/site-packages/airflow/example_dags/example_sensor_decorator.py
[2023-12-19T09:22:14.092+0000] {logging_mixin.py:188} INFO - [2023-12-19T09:22:14.092+0000] {dag.py:3033} INFO - Sync 1 DAGs
[2023-12-19T09:22:14.203+0000] {logging_mixin.py:188} INFO - [2023-12-19T09:22:14.203+0000] {dag.py:3820} INFO - Setting next_dagrun for example_sensor_decorator to None, run_after=None
[2023-12-19T09:22:14.216+0000] {processor.py:183} INFO - Processing /home/airflow/.local/lib/python3.8/site-packages/airflow/example_dags/example_sensor_decorator.py took 0.152 seconds
[2023-12-19T09:22:44.861+0000] {processor.py:161} INFO - Started process (PID=2112) to work on /home/airflow/.local/lib/python3.8/site-packages/airflow/example_dags/example_sensor_decorator.py
[2023-12-19T09:22:44.863+0000] {processor.py:830} INFO - Processing file /home/airflow/.local/lib/python3.8/site-packages/airflow/example_dags/example_sensor_decorator.py for tasks to queue
[2023-12-19T09:22:44.866+0000] {logging_mixin.py:188} INFO - [2023-12-19T09:22:44.865+0000] {dagbag.py:538} INFO - Filling up the DagBag from /home/airflow/.local/lib/python3.8/site-packages/airflow/example_dags/example_sensor_decorator.py
[2023-12-19T09:22:44.870+0000] {processor.py:840} INFO - DAG(s) 'example_sensor_decorator' retrieved from /home/airflow/.local/lib/python3.8/site-packages/airflow/example_dags/example_sensor_decorator.py
[2023-12-19T09:22:44.884+0000] {logging_mixin.py:188} INFO - [2023-12-19T09:22:44.884+0000] {dag.py:3033} INFO - Sync 1 DAGs
[2023-12-19T09:22:44.893+0000] {logging_mixin.py:188} INFO - [2023-12-19T09:22:44.893+0000] {dag.py:3820} INFO - Setting next_dagrun for example_sensor_decorator to None, run_after=None
[2023-12-19T09:22:44.909+0000] {processor.py:183} INFO - Processing /home/airflow/.local/lib/python3.8/site-packages/airflow/example_dags/example_sensor_decorator.py took 0.050 seconds
[2023-12-19T09:23:15.555+0000] {processor.py:161} INFO - Started process (PID=2167) to work on /home/airflow/.local/lib/python3.8/site-packages/airflow/example_dags/example_sensor_decorator.py
[2023-12-19T09:23:15.557+0000] {processor.py:830} INFO - Processing file /home/airflow/.local/lib/python3.8/site-packages/airflow/example_dags/example_sensor_decorator.py for tasks to queue
[2023-12-19T09:23:15.560+0000] {logging_mixin.py:188} INFO - [2023-12-19T09:23:15.559+0000] {dagbag.py:538} INFO - Filling up the DagBag from /home/airflow/.local/lib/python3.8/site-packages/airflow/example_dags/example_sensor_decorator.py
[2023-12-19T09:23:15.564+0000] {processor.py:840} INFO - DAG(s) 'example_sensor_decorator' retrieved from /home/airflow/.local/lib/python3.8/site-packages/airflow/example_dags/example_sensor_decorator.py
[2023-12-19T09:23:15.579+0000] {logging_mixin.py:188} INFO - [2023-12-19T09:23:15.578+0000] {dag.py:3033} INFO - Sync 1 DAGs
[2023-12-19T09:23:15.588+0000] {logging_mixin.py:188} INFO - [2023-12-19T09:23:15.588+0000] {dag.py:3820} INFO - Setting next_dagrun for example_sensor_decorator to None, run_after=None
[2023-12-19T09:23:15.602+0000] {processor.py:183} INFO - Processing /home/airflow/.local/lib/python3.8/site-packages/airflow/example_dags/example_sensor_decorator.py took 0.049 seconds
[2023-12-19T09:23:46.257+0000] {processor.py:161} INFO - Started process (PID=2222) to work on /home/airflow/.local/lib/python3.8/site-packages/airflow/example_dags/example_sensor_decorator.py
[2023-12-19T09:23:46.258+0000] {processor.py:830} INFO - Processing file /home/airflow/.local/lib/python3.8/site-packages/airflow/example_dags/example_sensor_decorator.py for tasks to queue
[2023-12-19T09:23:46.260+0000] {logging_mixin.py:188} INFO - [2023-12-19T09:23:46.260+0000] {dagbag.py:538} INFO - Filling up the DagBag from /home/airflow/.local/lib/python3.8/site-packages/airflow/example_dags/example_sensor_decorator.py
[2023-12-19T09:23:46.265+0000] {processor.py:840} INFO - DAG(s) 'example_sensor_decorator' retrieved from /home/airflow/.local/lib/python3.8/site-packages/airflow/example_dags/example_sensor_decorator.py
[2023-12-19T09:23:46.279+0000] {logging_mixin.py:188} INFO - [2023-12-19T09:23:46.278+0000] {dag.py:3033} INFO - Sync 1 DAGs
[2023-12-19T09:23:46.287+0000] {logging_mixin.py:188} INFO - [2023-12-19T09:23:46.286+0000] {dag.py:3820} INFO - Setting next_dagrun for example_sensor_decorator to None, run_after=None
[2023-12-19T09:23:46.297+0000] {processor.py:183} INFO - Processing /home/airflow/.local/lib/python3.8/site-packages/airflow/example_dags/example_sensor_decorator.py took 0.043 seconds
[2023-12-19T09:24:16.778+0000] {processor.py:161} INFO - Started process (PID=2276) to work on /home/airflow/.local/lib/python3.8/site-packages/airflow/example_dags/example_sensor_decorator.py
[2023-12-19T09:24:16.779+0000] {processor.py:830} INFO - Processing file /home/airflow/.local/lib/python3.8/site-packages/airflow/example_dags/example_sensor_decorator.py for tasks to queue
[2023-12-19T09:24:16.782+0000] {logging_mixin.py:188} INFO - [2023-12-19T09:24:16.782+0000] {dagbag.py:538} INFO - Filling up the DagBag from /home/airflow/.local/lib/python3.8/site-packages/airflow/example_dags/example_sensor_decorator.py
[2023-12-19T09:24:16.786+0000] {processor.py:840} INFO - DAG(s) 'example_sensor_decorator' retrieved from /home/airflow/.local/lib/python3.8/site-packages/airflow/example_dags/example_sensor_decorator.py
[2023-12-19T09:24:16.802+0000] {logging_mixin.py:188} INFO - [2023-12-19T09:24:16.802+0000] {dag.py:3033} INFO - Sync 1 DAGs
[2023-12-19T09:24:16.811+0000] {logging_mixin.py:188} INFO - [2023-12-19T09:24:16.811+0000] {dag.py:3820} INFO - Setting next_dagrun for example_sensor_decorator to None, run_after=None
[2023-12-19T09:24:16.823+0000] {processor.py:183} INFO - Processing /home/airflow/.local/lib/python3.8/site-packages/airflow/example_dags/example_sensor_decorator.py took 0.047 seconds
[2023-12-19T09:24:47.193+0000] {processor.py:161} INFO - Started process (PID=2331) to work on /home/airflow/.local/lib/python3.8/site-packages/airflow/example_dags/example_sensor_decorator.py
[2023-12-19T09:24:47.195+0000] {processor.py:830} INFO - Processing file /home/airflow/.local/lib/python3.8/site-packages/airflow/example_dags/example_sensor_decorator.py for tasks to queue
[2023-12-19T09:24:47.197+0000] {logging_mixin.py:188} INFO - [2023-12-19T09:24:47.197+0000] {dagbag.py:538} INFO - Filling up the DagBag from /home/airflow/.local/lib/python3.8/site-packages/airflow/example_dags/example_sensor_decorator.py
[2023-12-19T09:24:47.201+0000] {processor.py:840} INFO - DAG(s) 'example_sensor_decorator' retrieved from /home/airflow/.local/lib/python3.8/site-packages/airflow/example_dags/example_sensor_decorator.py
[2023-12-19T09:24:47.216+0000] {logging_mixin.py:188} INFO - [2023-12-19T09:24:47.216+0000] {dag.py:3033} INFO - Sync 1 DAGs
[2023-12-19T09:24:47.224+0000] {logging_mixin.py:188} INFO - [2023-12-19T09:24:47.224+0000] {dag.py:3820} INFO - Setting next_dagrun for example_sensor_decorator to None, run_after=None
[2023-12-19T09:24:47.234+0000] {processor.py:183} INFO - Processing /home/airflow/.local/lib/python3.8/site-packages/airflow/example_dags/example_sensor_decorator.py took 0.043 seconds
[2023-12-19T09:25:17.654+0000] {processor.py:161} INFO - Started process (PID=2386) to work on /home/airflow/.local/lib/python3.8/site-packages/airflow/example_dags/example_sensor_decorator.py
[2023-12-19T09:25:17.656+0000] {processor.py:830} INFO - Processing file /home/airflow/.local/lib/python3.8/site-packages/airflow/example_dags/example_sensor_decorator.py for tasks to queue
[2023-12-19T09:25:17.659+0000] {logging_mixin.py:188} INFO - [2023-12-19T09:25:17.659+0000] {dagbag.py:538} INFO - Filling up the DagBag from /home/airflow/.local/lib/python3.8/site-packages/airflow/example_dags/example_sensor_decorator.py
[2023-12-19T09:25:17.664+0000] {processor.py:840} INFO - DAG(s) 'example_sensor_decorator' retrieved from /home/airflow/.local/lib/python3.8/site-packages/airflow/example_dags/example_sensor_decorator.py
[2023-12-19T09:25:17.678+0000] {logging_mixin.py:188} INFO - [2023-12-19T09:25:17.678+0000] {dag.py:3033} INFO - Sync 1 DAGs
[2023-12-19T09:25:17.687+0000] {logging_mixin.py:188} INFO - [2023-12-19T09:25:17.686+0000] {dag.py:3820} INFO - Setting next_dagrun for example_sensor_decorator to None, run_after=None
[2023-12-19T09:25:17.698+0000] {processor.py:183} INFO - Processing /home/airflow/.local/lib/python3.8/site-packages/airflow/example_dags/example_sensor_decorator.py took 0.046 seconds
[2023-12-19T09:25:48.278+0000] {processor.py:161} INFO - Started process (PID=2441) to work on /home/airflow/.local/lib/python3.8/site-packages/airflow/example_dags/example_sensor_decorator.py
[2023-12-19T09:25:48.280+0000] {processor.py:830} INFO - Processing file /home/airflow/.local/lib/python3.8/site-packages/airflow/example_dags/example_sensor_decorator.py for tasks to queue
[2023-12-19T09:25:48.282+0000] {logging_mixin.py:188} INFO - [2023-12-19T09:25:48.282+0000] {dagbag.py:538} INFO - Filling up the DagBag from /home/airflow/.local/lib/python3.8/site-packages/airflow/example_dags/example_sensor_decorator.py
[2023-12-19T09:25:48.287+0000] {processor.py:840} INFO - DAG(s) 'example_sensor_decorator' retrieved from /home/airflow/.local/lib/python3.8/site-packages/airflow/example_dags/example_sensor_decorator.py
[2023-12-19T09:25:48.302+0000] {logging_mixin.py:188} INFO - [2023-12-19T09:25:48.302+0000] {dag.py:3033} INFO - Sync 1 DAGs
[2023-12-19T09:25:48.310+0000] {logging_mixin.py:188} INFO - [2023-12-19T09:25:48.310+0000] {dag.py:3820} INFO - Setting next_dagrun for example_sensor_decorator to None, run_after=None
[2023-12-19T09:25:48.323+0000] {processor.py:183} INFO - Processing /home/airflow/.local/lib/python3.8/site-packages/airflow/example_dags/example_sensor_decorator.py took 0.048 seconds
[2023-12-19T09:26:18.763+0000] {processor.py:161} INFO - Started process (PID=2496) to work on /home/airflow/.local/lib/python3.8/site-packages/airflow/example_dags/example_sensor_decorator.py
[2023-12-19T09:26:18.765+0000] {processor.py:830} INFO - Processing file /home/airflow/.local/lib/python3.8/site-packages/airflow/example_dags/example_sensor_decorator.py for tasks to queue
[2023-12-19T09:26:18.767+0000] {logging_mixin.py:188} INFO - [2023-12-19T09:26:18.767+0000] {dagbag.py:538} INFO - Filling up the DagBag from /home/airflow/.local/lib/python3.8/site-packages/airflow/example_dags/example_sensor_decorator.py
[2023-12-19T09:26:18.772+0000] {processor.py:840} INFO - DAG(s) 'example_sensor_decorator' retrieved from /home/airflow/.local/lib/python3.8/site-packages/airflow/example_dags/example_sensor_decorator.py
[2023-12-19T09:26:18.787+0000] {logging_mixin.py:188} INFO - [2023-12-19T09:26:18.787+0000] {dag.py:3033} INFO - Sync 1 DAGs
[2023-12-19T09:26:18.796+0000] {logging_mixin.py:188} INFO - [2023-12-19T09:26:18.796+0000] {dag.py:3820} INFO - Setting next_dagrun for example_sensor_decorator to None, run_after=None
[2023-12-19T09:26:18.806+0000] {processor.py:183} INFO - Processing /home/airflow/.local/lib/python3.8/site-packages/airflow/example_dags/example_sensor_decorator.py took 0.045 seconds
[2023-12-19T09:26:49.268+0000] {processor.py:161} INFO - Started process (PID=2551) to work on /home/airflow/.local/lib/python3.8/site-packages/airflow/example_dags/example_sensor_decorator.py
[2023-12-19T09:26:49.269+0000] {processor.py:830} INFO - Processing file /home/airflow/.local/lib/python3.8/site-packages/airflow/example_dags/example_sensor_decorator.py for tasks to queue
[2023-12-19T09:26:49.271+0000] {logging_mixin.py:188} INFO - [2023-12-19T09:26:49.271+0000] {dagbag.py:538} INFO - Filling up the DagBag from /home/airflow/.local/lib/python3.8/site-packages/airflow/example_dags/example_sensor_decorator.py
[2023-12-19T09:26:49.276+0000] {processor.py:840} INFO - DAG(s) 'example_sensor_decorator' retrieved from /home/airflow/.local/lib/python3.8/site-packages/airflow/example_dags/example_sensor_decorator.py
[2023-12-19T09:26:49.290+0000] {logging_mixin.py:188} INFO - [2023-12-19T09:26:49.290+0000] {dag.py:3033} INFO - Sync 1 DAGs
[2023-12-19T09:26:49.300+0000] {logging_mixin.py:188} INFO - [2023-12-19T09:26:49.300+0000] {dag.py:3820} INFO - Setting next_dagrun for example_sensor_decorator to None, run_after=None
[2023-12-19T09:26:49.312+0000] {processor.py:183} INFO - Processing /home/airflow/.local/lib/python3.8/site-packages/airflow/example_dags/example_sensor_decorator.py took 0.047 seconds
