[2023-12-19T09:03:49.721+0000] {processor.py:161} INFO - Started process (PID=36) to work on /home/airflow/.local/lib/python3.8/site-packages/airflow/example_dags/example_external_task_marker_dag.py
[2023-12-19T09:03:49.725+0000] {processor.py:830} INFO - Processing file /home/airflow/.local/lib/python3.8/site-packages/airflow/example_dags/example_external_task_marker_dag.py for tasks to queue
[2023-12-19T09:03:49.729+0000] {logging_mixin.py:188} INFO - [2023-12-19T09:03:49.729+0000] {dagbag.py:538} INFO - Filling up the DagBag from /home/airflow/.local/lib/python3.8/site-packages/airflow/example_dags/example_external_task_marker_dag.py
[2023-12-19T09:03:49.756+0000] {processor.py:840} INFO - DAG(s) 'example_external_task_marker_parent', 'example_external_task_marker_child' retrieved from /home/airflow/.local/lib/python3.8/site-packages/airflow/example_dags/example_external_task_marker_dag.py
[2023-12-19T09:03:49.770+0000] {logging_mixin.py:188} INFO - [2023-12-19T09:03:49.769+0000] {dag.py:3033} INFO - Sync 2 DAGs
[2023-12-19T09:03:49.780+0000] {logging_mixin.py:188} INFO - [2023-12-19T09:03:49.780+0000] {dag.py:3820} INFO - Setting next_dagrun for example_external_task_marker_child to None, run_after=None
[2023-12-19T09:03:49.784+0000] {logging_mixin.py:188} INFO - [2023-12-19T09:03:49.784+0000] {dag.py:3820} INFO - Setting next_dagrun for example_external_task_marker_parent to None, run_after=None
[2023-12-19T09:03:49.810+0000] {processor.py:183} INFO - Processing /home/airflow/.local/lib/python3.8/site-packages/airflow/example_dags/example_external_task_marker_dag.py took 0.092 seconds
[2023-12-19T09:04:20.796+0000] {processor.py:161} INFO - Started process (PID=92) to work on /home/airflow/.local/lib/python3.8/site-packages/airflow/example_dags/example_external_task_marker_dag.py
[2023-12-19T09:04:20.798+0000] {processor.py:830} INFO - Processing file /home/airflow/.local/lib/python3.8/site-packages/airflow/example_dags/example_external_task_marker_dag.py for tasks to queue
[2023-12-19T09:04:20.801+0000] {logging_mixin.py:188} INFO - [2023-12-19T09:04:20.800+0000] {dagbag.py:538} INFO - Filling up the DagBag from /home/airflow/.local/lib/python3.8/site-packages/airflow/example_dags/example_external_task_marker_dag.py
[2023-12-19T09:04:20.806+0000] {processor.py:840} INFO - DAG(s) 'example_external_task_marker_child', 'example_external_task_marker_parent' retrieved from /home/airflow/.local/lib/python3.8/site-packages/airflow/example_dags/example_external_task_marker_dag.py
[2023-12-19T09:04:20.879+0000] {logging_mixin.py:188} INFO - [2023-12-19T09:04:20.879+0000] {dag.py:3033} INFO - Sync 2 DAGs
[2023-12-19T09:04:20.888+0000] {logging_mixin.py:188} INFO - [2023-12-19T09:04:20.887+0000] {dag.py:3820} INFO - Setting next_dagrun for example_external_task_marker_child to None, run_after=None
[2023-12-19T09:04:20.891+0000] {logging_mixin.py:188} INFO - [2023-12-19T09:04:20.891+0000] {dag.py:3820} INFO - Setting next_dagrun for example_external_task_marker_parent to None, run_after=None
[2023-12-19T09:04:20.906+0000] {processor.py:183} INFO - Processing /home/airflow/.local/lib/python3.8/site-packages/airflow/example_dags/example_external_task_marker_dag.py took 0.112 seconds
[2023-12-19T09:04:51.539+0000] {processor.py:161} INFO - Started process (PID=146) to work on /home/airflow/.local/lib/python3.8/site-packages/airflow/example_dags/example_external_task_marker_dag.py
[2023-12-19T09:04:51.542+0000] {processor.py:830} INFO - Processing file /home/airflow/.local/lib/python3.8/site-packages/airflow/example_dags/example_external_task_marker_dag.py for tasks to queue
[2023-12-19T09:04:51.544+0000] {logging_mixin.py:188} INFO - [2023-12-19T09:04:51.543+0000] {dagbag.py:538} INFO - Filling up the DagBag from /home/airflow/.local/lib/python3.8/site-packages/airflow/example_dags/example_external_task_marker_dag.py
[2023-12-19T09:04:51.548+0000] {processor.py:840} INFO - DAG(s) 'example_external_task_marker_parent', 'example_external_task_marker_child' retrieved from /home/airflow/.local/lib/python3.8/site-packages/airflow/example_dags/example_external_task_marker_dag.py
[2023-12-19T09:04:51.571+0000] {logging_mixin.py:188} INFO - [2023-12-19T09:04:51.570+0000] {dag.py:3033} INFO - Sync 2 DAGs
[2023-12-19T09:04:51.581+0000] {logging_mixin.py:188} INFO - [2023-12-19T09:04:51.581+0000] {dag.py:3820} INFO - Setting next_dagrun for example_external_task_marker_child to None, run_after=None
[2023-12-19T09:04:51.585+0000] {logging_mixin.py:188} INFO - [2023-12-19T09:04:51.585+0000] {dag.py:3820} INFO - Setting next_dagrun for example_external_task_marker_parent to None, run_after=None
[2023-12-19T09:04:51.598+0000] {processor.py:183} INFO - Processing /home/airflow/.local/lib/python3.8/site-packages/airflow/example_dags/example_external_task_marker_dag.py took 0.062 seconds
[2023-12-19T09:05:21.688+0000] {processor.py:161} INFO - Started process (PID=201) to work on /home/airflow/.local/lib/python3.8/site-packages/airflow/example_dags/example_external_task_marker_dag.py
[2023-12-19T09:05:21.690+0000] {processor.py:830} INFO - Processing file /home/airflow/.local/lib/python3.8/site-packages/airflow/example_dags/example_external_task_marker_dag.py for tasks to queue
[2023-12-19T09:05:21.693+0000] {logging_mixin.py:188} INFO - [2023-12-19T09:05:21.693+0000] {dagbag.py:538} INFO - Filling up the DagBag from /home/airflow/.local/lib/python3.8/site-packages/airflow/example_dags/example_external_task_marker_dag.py
[2023-12-19T09:05:21.698+0000] {processor.py:840} INFO - DAG(s) 'example_external_task_marker_child', 'example_external_task_marker_parent' retrieved from /home/airflow/.local/lib/python3.8/site-packages/airflow/example_dags/example_external_task_marker_dag.py
[2023-12-19T09:05:21.715+0000] {logging_mixin.py:188} INFO - [2023-12-19T09:05:21.715+0000] {dag.py:3033} INFO - Sync 2 DAGs
[2023-12-19T09:05:21.724+0000] {logging_mixin.py:188} INFO - [2023-12-19T09:05:21.724+0000] {dag.py:3820} INFO - Setting next_dagrun for example_external_task_marker_child to None, run_after=None
[2023-12-19T09:05:21.728+0000] {logging_mixin.py:188} INFO - [2023-12-19T09:05:21.727+0000] {dag.py:3820} INFO - Setting next_dagrun for example_external_task_marker_parent to None, run_after=None
[2023-12-19T09:05:21.739+0000] {processor.py:183} INFO - Processing /home/airflow/.local/lib/python3.8/site-packages/airflow/example_dags/example_external_task_marker_dag.py took 0.054 seconds
[2023-12-19T09:05:52.162+0000] {processor.py:161} INFO - Started process (PID=256) to work on /home/airflow/.local/lib/python3.8/site-packages/airflow/example_dags/example_external_task_marker_dag.py
[2023-12-19T09:05:52.164+0000] {processor.py:830} INFO - Processing file /home/airflow/.local/lib/python3.8/site-packages/airflow/example_dags/example_external_task_marker_dag.py for tasks to queue
[2023-12-19T09:05:52.166+0000] {logging_mixin.py:188} INFO - [2023-12-19T09:05:52.166+0000] {dagbag.py:538} INFO - Filling up the DagBag from /home/airflow/.local/lib/python3.8/site-packages/airflow/example_dags/example_external_task_marker_dag.py
[2023-12-19T09:05:52.171+0000] {processor.py:840} INFO - DAG(s) 'example_external_task_marker_child', 'example_external_task_marker_parent' retrieved from /home/airflow/.local/lib/python3.8/site-packages/airflow/example_dags/example_external_task_marker_dag.py
[2023-12-19T09:05:52.189+0000] {logging_mixin.py:188} INFO - [2023-12-19T09:05:52.189+0000] {dag.py:3033} INFO - Sync 2 DAGs
[2023-12-19T09:05:52.199+0000] {logging_mixin.py:188} INFO - [2023-12-19T09:05:52.199+0000] {dag.py:3820} INFO - Setting next_dagrun for example_external_task_marker_child to None, run_after=None
[2023-12-19T09:05:52.202+0000] {logging_mixin.py:188} INFO - [2023-12-19T09:05:52.202+0000] {dag.py:3820} INFO - Setting next_dagrun for example_external_task_marker_parent to None, run_after=None
[2023-12-19T09:05:52.214+0000] {processor.py:183} INFO - Processing /home/airflow/.local/lib/python3.8/site-packages/airflow/example_dags/example_external_task_marker_dag.py took 0.054 seconds
[2023-12-19T09:06:22.979+0000] {processor.py:161} INFO - Started process (PID=311) to work on /home/airflow/.local/lib/python3.8/site-packages/airflow/example_dags/example_external_task_marker_dag.py
[2023-12-19T09:06:22.981+0000] {processor.py:830} INFO - Processing file /home/airflow/.local/lib/python3.8/site-packages/airflow/example_dags/example_external_task_marker_dag.py for tasks to queue
[2023-12-19T09:06:22.983+0000] {logging_mixin.py:188} INFO - [2023-12-19T09:06:22.983+0000] {dagbag.py:538} INFO - Filling up the DagBag from /home/airflow/.local/lib/python3.8/site-packages/airflow/example_dags/example_external_task_marker_dag.py
[2023-12-19T09:06:22.989+0000] {processor.py:840} INFO - DAG(s) 'example_external_task_marker_parent', 'example_external_task_marker_child' retrieved from /home/airflow/.local/lib/python3.8/site-packages/airflow/example_dags/example_external_task_marker_dag.py
[2023-12-19T09:06:23.012+0000] {logging_mixin.py:188} INFO - [2023-12-19T09:06:23.012+0000] {dag.py:3033} INFO - Sync 2 DAGs
[2023-12-19T09:06:23.023+0000] {logging_mixin.py:188} INFO - [2023-12-19T09:06:23.023+0000] {dag.py:3820} INFO - Setting next_dagrun for example_external_task_marker_child to None, run_after=None
[2023-12-19T09:06:23.026+0000] {logging_mixin.py:188} INFO - [2023-12-19T09:06:23.026+0000] {dag.py:3820} INFO - Setting next_dagrun for example_external_task_marker_parent to None, run_after=None
[2023-12-19T09:06:23.040+0000] {processor.py:183} INFO - Processing /home/airflow/.local/lib/python3.8/site-packages/airflow/example_dags/example_external_task_marker_dag.py took 0.063 seconds
[2023-12-19T09:06:53.794+0000] {processor.py:161} INFO - Started process (PID=366) to work on /home/airflow/.local/lib/python3.8/site-packages/airflow/example_dags/example_external_task_marker_dag.py
[2023-12-19T09:06:53.795+0000] {processor.py:830} INFO - Processing file /home/airflow/.local/lib/python3.8/site-packages/airflow/example_dags/example_external_task_marker_dag.py for tasks to queue
[2023-12-19T09:06:53.798+0000] {logging_mixin.py:188} INFO - [2023-12-19T09:06:53.798+0000] {dagbag.py:538} INFO - Filling up the DagBag from /home/airflow/.local/lib/python3.8/site-packages/airflow/example_dags/example_external_task_marker_dag.py
[2023-12-19T09:06:53.804+0000] {processor.py:840} INFO - DAG(s) 'example_external_task_marker_parent', 'example_external_task_marker_child' retrieved from /home/airflow/.local/lib/python3.8/site-packages/airflow/example_dags/example_external_task_marker_dag.py
[2023-12-19T09:06:53.825+0000] {logging_mixin.py:188} INFO - [2023-12-19T09:06:53.825+0000] {dag.py:3033} INFO - Sync 2 DAGs
[2023-12-19T09:06:53.836+0000] {logging_mixin.py:188} INFO - [2023-12-19T09:06:53.836+0000] {dag.py:3820} INFO - Setting next_dagrun for example_external_task_marker_child to None, run_after=None
[2023-12-19T09:06:53.840+0000] {logging_mixin.py:188} INFO - [2023-12-19T09:06:53.840+0000] {dag.py:3820} INFO - Setting next_dagrun for example_external_task_marker_parent to None, run_after=None
[2023-12-19T09:06:53.854+0000] {processor.py:183} INFO - Processing /home/airflow/.local/lib/python3.8/site-packages/airflow/example_dags/example_external_task_marker_dag.py took 0.062 seconds
[2023-12-19T09:07:24.520+0000] {processor.py:161} INFO - Started process (PID=421) to work on /home/airflow/.local/lib/python3.8/site-packages/airflow/example_dags/example_external_task_marker_dag.py
[2023-12-19T09:07:24.524+0000] {processor.py:830} INFO - Processing file /home/airflow/.local/lib/python3.8/site-packages/airflow/example_dags/example_external_task_marker_dag.py for tasks to queue
[2023-12-19T09:07:24.528+0000] {logging_mixin.py:188} INFO - [2023-12-19T09:07:24.528+0000] {dagbag.py:538} INFO - Filling up the DagBag from /home/airflow/.local/lib/python3.8/site-packages/airflow/example_dags/example_external_task_marker_dag.py
[2023-12-19T09:07:24.534+0000] {processor.py:840} INFO - DAG(s) 'example_external_task_marker_parent', 'example_external_task_marker_child' retrieved from /home/airflow/.local/lib/python3.8/site-packages/airflow/example_dags/example_external_task_marker_dag.py
[2023-12-19T09:07:24.555+0000] {logging_mixin.py:188} INFO - [2023-12-19T09:07:24.555+0000] {dag.py:3033} INFO - Sync 2 DAGs
[2023-12-19T09:07:24.566+0000] {logging_mixin.py:188} INFO - [2023-12-19T09:07:24.566+0000] {dag.py:3820} INFO - Setting next_dagrun for example_external_task_marker_child to None, run_after=None
[2023-12-19T09:07:24.569+0000] {logging_mixin.py:188} INFO - [2023-12-19T09:07:24.569+0000] {dag.py:3820} INFO - Setting next_dagrun for example_external_task_marker_parent to None, run_after=None
[2023-12-19T09:07:24.580+0000] {processor.py:183} INFO - Processing /home/airflow/.local/lib/python3.8/site-packages/airflow/example_dags/example_external_task_marker_dag.py took 0.063 seconds
[2023-12-19T09:07:55.400+0000] {processor.py:161} INFO - Started process (PID=476) to work on /home/airflow/.local/lib/python3.8/site-packages/airflow/example_dags/example_external_task_marker_dag.py
[2023-12-19T09:07:55.402+0000] {processor.py:830} INFO - Processing file /home/airflow/.local/lib/python3.8/site-packages/airflow/example_dags/example_external_task_marker_dag.py for tasks to queue
[2023-12-19T09:07:55.405+0000] {logging_mixin.py:188} INFO - [2023-12-19T09:07:55.405+0000] {dagbag.py:538} INFO - Filling up the DagBag from /home/airflow/.local/lib/python3.8/site-packages/airflow/example_dags/example_external_task_marker_dag.py
[2023-12-19T09:07:55.410+0000] {processor.py:840} INFO - DAG(s) 'example_external_task_marker_parent', 'example_external_task_marker_child' retrieved from /home/airflow/.local/lib/python3.8/site-packages/airflow/example_dags/example_external_task_marker_dag.py
[2023-12-19T09:07:55.429+0000] {logging_mixin.py:188} INFO - [2023-12-19T09:07:55.429+0000] {dag.py:3033} INFO - Sync 2 DAGs
[2023-12-19T09:07:55.440+0000] {logging_mixin.py:188} INFO - [2023-12-19T09:07:55.440+0000] {dag.py:3820} INFO - Setting next_dagrun for example_external_task_marker_child to None, run_after=None
[2023-12-19T09:07:55.444+0000] {logging_mixin.py:188} INFO - [2023-12-19T09:07:55.444+0000] {dag.py:3820} INFO - Setting next_dagrun for example_external_task_marker_parent to None, run_after=None
[2023-12-19T09:07:55.458+0000] {processor.py:183} INFO - Processing /home/airflow/.local/lib/python3.8/site-packages/airflow/example_dags/example_external_task_marker_dag.py took 0.060 seconds
[2023-12-19T09:08:26.137+0000] {processor.py:161} INFO - Started process (PID=531) to work on /home/airflow/.local/lib/python3.8/site-packages/airflow/example_dags/example_external_task_marker_dag.py
[2023-12-19T09:08:26.139+0000] {processor.py:830} INFO - Processing file /home/airflow/.local/lib/python3.8/site-packages/airflow/example_dags/example_external_task_marker_dag.py for tasks to queue
[2023-12-19T09:08:26.141+0000] {logging_mixin.py:188} INFO - [2023-12-19T09:08:26.141+0000] {dagbag.py:538} INFO - Filling up the DagBag from /home/airflow/.local/lib/python3.8/site-packages/airflow/example_dags/example_external_task_marker_dag.py
[2023-12-19T09:08:26.146+0000] {processor.py:840} INFO - DAG(s) 'example_external_task_marker_child', 'example_external_task_marker_parent' retrieved from /home/airflow/.local/lib/python3.8/site-packages/airflow/example_dags/example_external_task_marker_dag.py
[2023-12-19T09:08:26.165+0000] {logging_mixin.py:188} INFO - [2023-12-19T09:08:26.165+0000] {dag.py:3033} INFO - Sync 2 DAGs
[2023-12-19T09:08:26.174+0000] {logging_mixin.py:188} INFO - [2023-12-19T09:08:26.174+0000] {dag.py:3820} INFO - Setting next_dagrun for example_external_task_marker_child to None, run_after=None
[2023-12-19T09:08:26.178+0000] {logging_mixin.py:188} INFO - [2023-12-19T09:08:26.178+0000] {dag.py:3820} INFO - Setting next_dagrun for example_external_task_marker_parent to None, run_after=None
[2023-12-19T09:08:26.194+0000] {processor.py:183} INFO - Processing /home/airflow/.local/lib/python3.8/site-packages/airflow/example_dags/example_external_task_marker_dag.py took 0.059 seconds
[2023-12-19T09:08:56.392+0000] {processor.py:161} INFO - Started process (PID=586) to work on /home/airflow/.local/lib/python3.8/site-packages/airflow/example_dags/example_external_task_marker_dag.py
[2023-12-19T09:08:56.394+0000] {processor.py:830} INFO - Processing file /home/airflow/.local/lib/python3.8/site-packages/airflow/example_dags/example_external_task_marker_dag.py for tasks to queue
[2023-12-19T09:08:56.397+0000] {logging_mixin.py:188} INFO - [2023-12-19T09:08:56.397+0000] {dagbag.py:538} INFO - Filling up the DagBag from /home/airflow/.local/lib/python3.8/site-packages/airflow/example_dags/example_external_task_marker_dag.py
[2023-12-19T09:08:56.403+0000] {processor.py:840} INFO - DAG(s) 'example_external_task_marker_child', 'example_external_task_marker_parent' retrieved from /home/airflow/.local/lib/python3.8/site-packages/airflow/example_dags/example_external_task_marker_dag.py
[2023-12-19T09:08:56.422+0000] {logging_mixin.py:188} INFO - [2023-12-19T09:08:56.422+0000] {dag.py:3033} INFO - Sync 2 DAGs
[2023-12-19T09:08:56.432+0000] {logging_mixin.py:188} INFO - [2023-12-19T09:08:56.432+0000] {dag.py:3820} INFO - Setting next_dagrun for example_external_task_marker_child to None, run_after=None
[2023-12-19T09:08:56.435+0000] {logging_mixin.py:188} INFO - [2023-12-19T09:08:56.435+0000] {dag.py:3820} INFO - Setting next_dagrun for example_external_task_marker_parent to None, run_after=None
[2023-12-19T09:08:56.447+0000] {processor.py:183} INFO - Processing /home/airflow/.local/lib/python3.8/site-packages/airflow/example_dags/example_external_task_marker_dag.py took 0.057 seconds
[2023-12-19T09:09:26.638+0000] {processor.py:161} INFO - Started process (PID=641) to work on /home/airflow/.local/lib/python3.8/site-packages/airflow/example_dags/example_external_task_marker_dag.py
[2023-12-19T09:09:26.640+0000] {processor.py:830} INFO - Processing file /home/airflow/.local/lib/python3.8/site-packages/airflow/example_dags/example_external_task_marker_dag.py for tasks to queue
[2023-12-19T09:09:26.642+0000] {logging_mixin.py:188} INFO - [2023-12-19T09:09:26.642+0000] {dagbag.py:538} INFO - Filling up the DagBag from /home/airflow/.local/lib/python3.8/site-packages/airflow/example_dags/example_external_task_marker_dag.py
[2023-12-19T09:09:26.647+0000] {processor.py:840} INFO - DAG(s) 'example_external_task_marker_child', 'example_external_task_marker_parent' retrieved from /home/airflow/.local/lib/python3.8/site-packages/airflow/example_dags/example_external_task_marker_dag.py
[2023-12-19T09:09:26.668+0000] {logging_mixin.py:188} INFO - [2023-12-19T09:09:26.668+0000] {dag.py:3033} INFO - Sync 2 DAGs
[2023-12-19T09:09:26.677+0000] {logging_mixin.py:188} INFO - [2023-12-19T09:09:26.677+0000] {dag.py:3820} INFO - Setting next_dagrun for example_external_task_marker_child to None, run_after=None
[2023-12-19T09:09:26.680+0000] {logging_mixin.py:188} INFO - [2023-12-19T09:09:26.680+0000] {dag.py:3820} INFO - Setting next_dagrun for example_external_task_marker_parent to None, run_after=None
[2023-12-19T09:09:26.691+0000] {processor.py:183} INFO - Processing /home/airflow/.local/lib/python3.8/site-packages/airflow/example_dags/example_external_task_marker_dag.py took 0.056 seconds
[2023-12-19T09:09:56.848+0000] {processor.py:161} INFO - Started process (PID=696) to work on /home/airflow/.local/lib/python3.8/site-packages/airflow/example_dags/example_external_task_marker_dag.py
[2023-12-19T09:09:56.851+0000] {processor.py:830} INFO - Processing file /home/airflow/.local/lib/python3.8/site-packages/airflow/example_dags/example_external_task_marker_dag.py for tasks to queue
[2023-12-19T09:09:56.854+0000] {logging_mixin.py:188} INFO - [2023-12-19T09:09:56.853+0000] {dagbag.py:538} INFO - Filling up the DagBag from /home/airflow/.local/lib/python3.8/site-packages/airflow/example_dags/example_external_task_marker_dag.py
[2023-12-19T09:09:56.859+0000] {processor.py:840} INFO - DAG(s) 'example_external_task_marker_child', 'example_external_task_marker_parent' retrieved from /home/airflow/.local/lib/python3.8/site-packages/airflow/example_dags/example_external_task_marker_dag.py
[2023-12-19T09:09:56.879+0000] {logging_mixin.py:188} INFO - [2023-12-19T09:09:56.879+0000] {dag.py:3033} INFO - Sync 2 DAGs
[2023-12-19T09:09:56.889+0000] {logging_mixin.py:188} INFO - [2023-12-19T09:09:56.889+0000] {dag.py:3820} INFO - Setting next_dagrun for example_external_task_marker_child to None, run_after=None
[2023-12-19T09:09:56.894+0000] {logging_mixin.py:188} INFO - [2023-12-19T09:09:56.894+0000] {dag.py:3820} INFO - Setting next_dagrun for example_external_task_marker_parent to None, run_after=None
[2023-12-19T09:09:56.906+0000] {processor.py:183} INFO - Processing /home/airflow/.local/lib/python3.8/site-packages/airflow/example_dags/example_external_task_marker_dag.py took 0.060 seconds
[2023-12-19T09:10:27.082+0000] {processor.py:161} INFO - Started process (PID=752) to work on /home/airflow/.local/lib/python3.8/site-packages/airflow/example_dags/example_external_task_marker_dag.py
[2023-12-19T09:10:27.084+0000] {processor.py:830} INFO - Processing file /home/airflow/.local/lib/python3.8/site-packages/airflow/example_dags/example_external_task_marker_dag.py for tasks to queue
[2023-12-19T09:10:27.086+0000] {logging_mixin.py:188} INFO - [2023-12-19T09:10:27.086+0000] {dagbag.py:538} INFO - Filling up the DagBag from /home/airflow/.local/lib/python3.8/site-packages/airflow/example_dags/example_external_task_marker_dag.py
[2023-12-19T09:10:27.092+0000] {processor.py:840} INFO - DAG(s) 'example_external_task_marker_child', 'example_external_task_marker_parent' retrieved from /home/airflow/.local/lib/python3.8/site-packages/airflow/example_dags/example_external_task_marker_dag.py
[2023-12-19T09:10:27.109+0000] {logging_mixin.py:188} INFO - [2023-12-19T09:10:27.109+0000] {dag.py:3033} INFO - Sync 2 DAGs
[2023-12-19T09:10:27.119+0000] {logging_mixin.py:188} INFO - [2023-12-19T09:10:27.119+0000] {dag.py:3820} INFO - Setting next_dagrun for example_external_task_marker_child to None, run_after=None
[2023-12-19T09:10:27.122+0000] {logging_mixin.py:188} INFO - [2023-12-19T09:10:27.122+0000] {dag.py:3820} INFO - Setting next_dagrun for example_external_task_marker_parent to None, run_after=None
[2023-12-19T09:10:27.136+0000] {processor.py:183} INFO - Processing /home/airflow/.local/lib/python3.8/site-packages/airflow/example_dags/example_external_task_marker_dag.py took 0.057 seconds
[2023-12-19T09:10:57.243+0000] {processor.py:161} INFO - Started process (PID=807) to work on /home/airflow/.local/lib/python3.8/site-packages/airflow/example_dags/example_external_task_marker_dag.py
[2023-12-19T09:10:57.245+0000] {processor.py:830} INFO - Processing file /home/airflow/.local/lib/python3.8/site-packages/airflow/example_dags/example_external_task_marker_dag.py for tasks to queue
[2023-12-19T09:10:57.247+0000] {logging_mixin.py:188} INFO - [2023-12-19T09:10:57.247+0000] {dagbag.py:538} INFO - Filling up the DagBag from /home/airflow/.local/lib/python3.8/site-packages/airflow/example_dags/example_external_task_marker_dag.py
[2023-12-19T09:10:57.252+0000] {processor.py:840} INFO - DAG(s) 'example_external_task_marker_child', 'example_external_task_marker_parent' retrieved from /home/airflow/.local/lib/python3.8/site-packages/airflow/example_dags/example_external_task_marker_dag.py
[2023-12-19T09:10:57.271+0000] {logging_mixin.py:188} INFO - [2023-12-19T09:10:57.271+0000] {dag.py:3033} INFO - Sync 2 DAGs
[2023-12-19T09:10:57.280+0000] {logging_mixin.py:188} INFO - [2023-12-19T09:10:57.280+0000] {dag.py:3820} INFO - Setting next_dagrun for example_external_task_marker_child to None, run_after=None
[2023-12-19T09:10:57.284+0000] {logging_mixin.py:188} INFO - [2023-12-19T09:10:57.283+0000] {dag.py:3820} INFO - Setting next_dagrun for example_external_task_marker_parent to None, run_after=None
[2023-12-19T09:10:57.296+0000] {processor.py:183} INFO - Processing /home/airflow/.local/lib/python3.8/site-packages/airflow/example_dags/example_external_task_marker_dag.py took 0.055 seconds
[2023-12-19T09:11:27.810+0000] {processor.py:161} INFO - Started process (PID=862) to work on /home/airflow/.local/lib/python3.8/site-packages/airflow/example_dags/example_external_task_marker_dag.py
[2023-12-19T09:11:27.811+0000] {processor.py:830} INFO - Processing file /home/airflow/.local/lib/python3.8/site-packages/airflow/example_dags/example_external_task_marker_dag.py for tasks to queue
[2023-12-19T09:11:27.814+0000] {logging_mixin.py:188} INFO - [2023-12-19T09:11:27.814+0000] {dagbag.py:538} INFO - Filling up the DagBag from /home/airflow/.local/lib/python3.8/site-packages/airflow/example_dags/example_external_task_marker_dag.py
[2023-12-19T09:11:27.820+0000] {processor.py:840} INFO - DAG(s) 'example_external_task_marker_parent', 'example_external_task_marker_child' retrieved from /home/airflow/.local/lib/python3.8/site-packages/airflow/example_dags/example_external_task_marker_dag.py
[2023-12-19T09:11:27.840+0000] {logging_mixin.py:188} INFO - [2023-12-19T09:11:27.840+0000] {dag.py:3033} INFO - Sync 2 DAGs
[2023-12-19T09:11:27.850+0000] {logging_mixin.py:188} INFO - [2023-12-19T09:11:27.850+0000] {dag.py:3820} INFO - Setting next_dagrun for example_external_task_marker_child to None, run_after=None
[2023-12-19T09:11:27.854+0000] {logging_mixin.py:188} INFO - [2023-12-19T09:11:27.854+0000] {dag.py:3820} INFO - Setting next_dagrun for example_external_task_marker_parent to None, run_after=None
[2023-12-19T09:11:27.867+0000] {processor.py:183} INFO - Processing /home/airflow/.local/lib/python3.8/site-packages/airflow/example_dags/example_external_task_marker_dag.py took 0.060 seconds
[2023-12-19T09:11:58.537+0000] {processor.py:161} INFO - Started process (PID=917) to work on /home/airflow/.local/lib/python3.8/site-packages/airflow/example_dags/example_external_task_marker_dag.py
[2023-12-19T09:11:58.539+0000] {processor.py:830} INFO - Processing file /home/airflow/.local/lib/python3.8/site-packages/airflow/example_dags/example_external_task_marker_dag.py for tasks to queue
[2023-12-19T09:11:58.541+0000] {logging_mixin.py:188} INFO - [2023-12-19T09:11:58.541+0000] {dagbag.py:538} INFO - Filling up the DagBag from /home/airflow/.local/lib/python3.8/site-packages/airflow/example_dags/example_external_task_marker_dag.py
[2023-12-19T09:11:58.546+0000] {processor.py:840} INFO - DAG(s) 'example_external_task_marker_child', 'example_external_task_marker_parent' retrieved from /home/airflow/.local/lib/python3.8/site-packages/airflow/example_dags/example_external_task_marker_dag.py
[2023-12-19T09:11:58.561+0000] {logging_mixin.py:188} INFO - [2023-12-19T09:11:58.561+0000] {dag.py:3033} INFO - Sync 2 DAGs
[2023-12-19T09:11:58.569+0000] {logging_mixin.py:188} INFO - [2023-12-19T09:11:58.569+0000] {dag.py:3820} INFO - Setting next_dagrun for example_external_task_marker_child to None, run_after=None
[2023-12-19T09:11:58.572+0000] {logging_mixin.py:188} INFO - [2023-12-19T09:11:58.572+0000] {dag.py:3820} INFO - Setting next_dagrun for example_external_task_marker_parent to None, run_after=None
[2023-12-19T09:11:58.582+0000] {processor.py:183} INFO - Processing /home/airflow/.local/lib/python3.8/site-packages/airflow/example_dags/example_external_task_marker_dag.py took 0.047 seconds
[2023-12-19T09:12:29.198+0000] {processor.py:161} INFO - Started process (PID=973) to work on /home/airflow/.local/lib/python3.8/site-packages/airflow/example_dags/example_external_task_marker_dag.py
[2023-12-19T09:12:29.200+0000] {processor.py:830} INFO - Processing file /home/airflow/.local/lib/python3.8/site-packages/airflow/example_dags/example_external_task_marker_dag.py for tasks to queue
[2023-12-19T09:12:29.202+0000] {logging_mixin.py:188} INFO - [2023-12-19T09:12:29.202+0000] {dagbag.py:538} INFO - Filling up the DagBag from /home/airflow/.local/lib/python3.8/site-packages/airflow/example_dags/example_external_task_marker_dag.py
[2023-12-19T09:12:29.207+0000] {processor.py:840} INFO - DAG(s) 'example_external_task_marker_child', 'example_external_task_marker_parent' retrieved from /home/airflow/.local/lib/python3.8/site-packages/airflow/example_dags/example_external_task_marker_dag.py
[2023-12-19T09:12:29.229+0000] {logging_mixin.py:188} INFO - [2023-12-19T09:12:29.229+0000] {dag.py:3033} INFO - Sync 2 DAGs
[2023-12-19T09:12:29.239+0000] {logging_mixin.py:188} INFO - [2023-12-19T09:12:29.239+0000] {dag.py:3820} INFO - Setting next_dagrun for example_external_task_marker_child to None, run_after=None
[2023-12-19T09:12:29.244+0000] {logging_mixin.py:188} INFO - [2023-12-19T09:12:29.243+0000] {dag.py:3820} INFO - Setting next_dagrun for example_external_task_marker_parent to None, run_after=None
[2023-12-19T09:12:29.258+0000] {processor.py:183} INFO - Processing /home/airflow/.local/lib/python3.8/site-packages/airflow/example_dags/example_external_task_marker_dag.py took 0.062 seconds
[2023-12-19T09:12:59.724+0000] {processor.py:161} INFO - Started process (PID=1028) to work on /home/airflow/.local/lib/python3.8/site-packages/airflow/example_dags/example_external_task_marker_dag.py
[2023-12-19T09:12:59.725+0000] {processor.py:830} INFO - Processing file /home/airflow/.local/lib/python3.8/site-packages/airflow/example_dags/example_external_task_marker_dag.py for tasks to queue
[2023-12-19T09:12:59.727+0000] {logging_mixin.py:188} INFO - [2023-12-19T09:12:59.727+0000] {dagbag.py:538} INFO - Filling up the DagBag from /home/airflow/.local/lib/python3.8/site-packages/airflow/example_dags/example_external_task_marker_dag.py
[2023-12-19T09:12:59.732+0000] {processor.py:840} INFO - DAG(s) 'example_external_task_marker_child', 'example_external_task_marker_parent' retrieved from /home/airflow/.local/lib/python3.8/site-packages/airflow/example_dags/example_external_task_marker_dag.py
[2023-12-19T09:12:59.749+0000] {logging_mixin.py:188} INFO - [2023-12-19T09:12:59.749+0000] {dag.py:3033} INFO - Sync 2 DAGs
[2023-12-19T09:12:59.759+0000] {logging_mixin.py:188} INFO - [2023-12-19T09:12:59.759+0000] {dag.py:3820} INFO - Setting next_dagrun for example_external_task_marker_child to None, run_after=None
[2023-12-19T09:12:59.763+0000] {logging_mixin.py:188} INFO - [2023-12-19T09:12:59.763+0000] {dag.py:3820} INFO - Setting next_dagrun for example_external_task_marker_parent to None, run_after=None
[2023-12-19T09:12:59.775+0000] {processor.py:183} INFO - Processing /home/airflow/.local/lib/python3.8/site-packages/airflow/example_dags/example_external_task_marker_dag.py took 0.054 seconds
[2023-12-19T09:13:30.152+0000] {processor.py:161} INFO - Started process (PID=1083) to work on /home/airflow/.local/lib/python3.8/site-packages/airflow/example_dags/example_external_task_marker_dag.py
[2023-12-19T09:13:30.154+0000] {processor.py:830} INFO - Processing file /home/airflow/.local/lib/python3.8/site-packages/airflow/example_dags/example_external_task_marker_dag.py for tasks to queue
[2023-12-19T09:13:30.156+0000] {logging_mixin.py:188} INFO - [2023-12-19T09:13:30.156+0000] {dagbag.py:538} INFO - Filling up the DagBag from /home/airflow/.local/lib/python3.8/site-packages/airflow/example_dags/example_external_task_marker_dag.py
[2023-12-19T09:13:30.161+0000] {processor.py:840} INFO - DAG(s) 'example_external_task_marker_parent', 'example_external_task_marker_child' retrieved from /home/airflow/.local/lib/python3.8/site-packages/airflow/example_dags/example_external_task_marker_dag.py
[2023-12-19T09:13:30.178+0000] {logging_mixin.py:188} INFO - [2023-12-19T09:13:30.178+0000] {dag.py:3033} INFO - Sync 2 DAGs
[2023-12-19T09:13:30.186+0000] {logging_mixin.py:188} INFO - [2023-12-19T09:13:30.186+0000] {dag.py:3820} INFO - Setting next_dagrun for example_external_task_marker_child to None, run_after=None
[2023-12-19T09:13:30.189+0000] {logging_mixin.py:188} INFO - [2023-12-19T09:13:30.189+0000] {dag.py:3820} INFO - Setting next_dagrun for example_external_task_marker_parent to None, run_after=None
[2023-12-19T09:13:30.199+0000] {processor.py:183} INFO - Processing /home/airflow/.local/lib/python3.8/site-packages/airflow/example_dags/example_external_task_marker_dag.py took 0.050 seconds
[2023-12-19T09:14:00.800+0000] {processor.py:161} INFO - Started process (PID=1138) to work on /home/airflow/.local/lib/python3.8/site-packages/airflow/example_dags/example_external_task_marker_dag.py
[2023-12-19T09:14:00.803+0000] {processor.py:830} INFO - Processing file /home/airflow/.local/lib/python3.8/site-packages/airflow/example_dags/example_external_task_marker_dag.py for tasks to queue
[2023-12-19T09:14:00.805+0000] {logging_mixin.py:188} INFO - [2023-12-19T09:14:00.805+0000] {dagbag.py:538} INFO - Filling up the DagBag from /home/airflow/.local/lib/python3.8/site-packages/airflow/example_dags/example_external_task_marker_dag.py
[2023-12-19T09:14:00.810+0000] {processor.py:840} INFO - DAG(s) 'example_external_task_marker_child', 'example_external_task_marker_parent' retrieved from /home/airflow/.local/lib/python3.8/site-packages/airflow/example_dags/example_external_task_marker_dag.py
[2023-12-19T09:14:00.828+0000] {logging_mixin.py:188} INFO - [2023-12-19T09:14:00.828+0000] {dag.py:3033} INFO - Sync 2 DAGs
[2023-12-19T09:14:00.837+0000] {logging_mixin.py:188} INFO - [2023-12-19T09:14:00.837+0000] {dag.py:3820} INFO - Setting next_dagrun for example_external_task_marker_child to None, run_after=None
[2023-12-19T09:14:00.840+0000] {logging_mixin.py:188} INFO - [2023-12-19T09:14:00.840+0000] {dag.py:3820} INFO - Setting next_dagrun for example_external_task_marker_parent to None, run_after=None
[2023-12-19T09:14:00.850+0000] {processor.py:183} INFO - Processing /home/airflow/.local/lib/python3.8/site-packages/airflow/example_dags/example_external_task_marker_dag.py took 0.052 seconds
[2023-12-19T09:14:31.334+0000] {processor.py:161} INFO - Started process (PID=1193) to work on /home/airflow/.local/lib/python3.8/site-packages/airflow/example_dags/example_external_task_marker_dag.py
[2023-12-19T09:14:31.337+0000] {processor.py:830} INFO - Processing file /home/airflow/.local/lib/python3.8/site-packages/airflow/example_dags/example_external_task_marker_dag.py for tasks to queue
[2023-12-19T09:14:31.341+0000] {logging_mixin.py:188} INFO - [2023-12-19T09:14:31.341+0000] {dagbag.py:538} INFO - Filling up the DagBag from /home/airflow/.local/lib/python3.8/site-packages/airflow/example_dags/example_external_task_marker_dag.py
[2023-12-19T09:14:31.346+0000] {processor.py:840} INFO - DAG(s) 'example_external_task_marker_child', 'example_external_task_marker_parent' retrieved from /home/airflow/.local/lib/python3.8/site-packages/airflow/example_dags/example_external_task_marker_dag.py
[2023-12-19T09:14:31.366+0000] {logging_mixin.py:188} INFO - [2023-12-19T09:14:31.366+0000] {dag.py:3033} INFO - Sync 2 DAGs
[2023-12-19T09:14:31.376+0000] {logging_mixin.py:188} INFO - [2023-12-19T09:14:31.376+0000] {dag.py:3820} INFO - Setting next_dagrun for example_external_task_marker_child to None, run_after=None
[2023-12-19T09:14:31.380+0000] {logging_mixin.py:188} INFO - [2023-12-19T09:14:31.380+0000] {dag.py:3820} INFO - Setting next_dagrun for example_external_task_marker_parent to None, run_after=None
[2023-12-19T09:14:31.393+0000] {processor.py:183} INFO - Processing /home/airflow/.local/lib/python3.8/site-packages/airflow/example_dags/example_external_task_marker_dag.py took 0.062 seconds
[2023-12-19T09:15:01.841+0000] {processor.py:161} INFO - Started process (PID=1248) to work on /home/airflow/.local/lib/python3.8/site-packages/airflow/example_dags/example_external_task_marker_dag.py
[2023-12-19T09:15:01.843+0000] {processor.py:830} INFO - Processing file /home/airflow/.local/lib/python3.8/site-packages/airflow/example_dags/example_external_task_marker_dag.py for tasks to queue
[2023-12-19T09:15:01.846+0000] {logging_mixin.py:188} INFO - [2023-12-19T09:15:01.846+0000] {dagbag.py:538} INFO - Filling up the DagBag from /home/airflow/.local/lib/python3.8/site-packages/airflow/example_dags/example_external_task_marker_dag.py
[2023-12-19T09:15:01.852+0000] {processor.py:840} INFO - DAG(s) 'example_external_task_marker_child', 'example_external_task_marker_parent' retrieved from /home/airflow/.local/lib/python3.8/site-packages/airflow/example_dags/example_external_task_marker_dag.py
[2023-12-19T09:15:01.869+0000] {logging_mixin.py:188} INFO - [2023-12-19T09:15:01.869+0000] {dag.py:3033} INFO - Sync 2 DAGs
[2023-12-19T09:15:01.877+0000] {logging_mixin.py:188} INFO - [2023-12-19T09:15:01.877+0000] {dag.py:3820} INFO - Setting next_dagrun for example_external_task_marker_child to None, run_after=None
[2023-12-19T09:15:01.881+0000] {logging_mixin.py:188} INFO - [2023-12-19T09:15:01.880+0000] {dag.py:3820} INFO - Setting next_dagrun for example_external_task_marker_parent to None, run_after=None
[2023-12-19T09:15:01.892+0000] {processor.py:183} INFO - Processing /home/airflow/.local/lib/python3.8/site-packages/airflow/example_dags/example_external_task_marker_dag.py took 0.053 seconds
[2023-12-19T09:15:32.536+0000] {processor.py:161} INFO - Started process (PID=1303) to work on /home/airflow/.local/lib/python3.8/site-packages/airflow/example_dags/example_external_task_marker_dag.py
[2023-12-19T09:15:32.538+0000] {processor.py:830} INFO - Processing file /home/airflow/.local/lib/python3.8/site-packages/airflow/example_dags/example_external_task_marker_dag.py for tasks to queue
[2023-12-19T09:15:32.540+0000] {logging_mixin.py:188} INFO - [2023-12-19T09:15:32.539+0000] {dagbag.py:538} INFO - Filling up the DagBag from /home/airflow/.local/lib/python3.8/site-packages/airflow/example_dags/example_external_task_marker_dag.py
[2023-12-19T09:15:32.545+0000] {processor.py:840} INFO - DAG(s) 'example_external_task_marker_child', 'example_external_task_marker_parent' retrieved from /home/airflow/.local/lib/python3.8/site-packages/airflow/example_dags/example_external_task_marker_dag.py
[2023-12-19T09:15:32.561+0000] {logging_mixin.py:188} INFO - [2023-12-19T09:15:32.561+0000] {dag.py:3033} INFO - Sync 2 DAGs
[2023-12-19T09:15:32.570+0000] {logging_mixin.py:188} INFO - [2023-12-19T09:15:32.569+0000] {dag.py:3820} INFO - Setting next_dagrun for example_external_task_marker_child to None, run_after=None
[2023-12-19T09:15:32.572+0000] {logging_mixin.py:188} INFO - [2023-12-19T09:15:32.572+0000] {dag.py:3820} INFO - Setting next_dagrun for example_external_task_marker_parent to None, run_after=None
[2023-12-19T09:15:32.582+0000] {processor.py:183} INFO - Processing /home/airflow/.local/lib/python3.8/site-packages/airflow/example_dags/example_external_task_marker_dag.py took 0.048 seconds
[2023-12-19T09:16:03.193+0000] {processor.py:161} INFO - Started process (PID=1358) to work on /home/airflow/.local/lib/python3.8/site-packages/airflow/example_dags/example_external_task_marker_dag.py
[2023-12-19T09:16:03.195+0000] {processor.py:830} INFO - Processing file /home/airflow/.local/lib/python3.8/site-packages/airflow/example_dags/example_external_task_marker_dag.py for tasks to queue
[2023-12-19T09:16:03.198+0000] {logging_mixin.py:188} INFO - [2023-12-19T09:16:03.197+0000] {dagbag.py:538} INFO - Filling up the DagBag from /home/airflow/.local/lib/python3.8/site-packages/airflow/example_dags/example_external_task_marker_dag.py
[2023-12-19T09:16:03.202+0000] {processor.py:840} INFO - DAG(s) 'example_external_task_marker_child', 'example_external_task_marker_parent' retrieved from /home/airflow/.local/lib/python3.8/site-packages/airflow/example_dags/example_external_task_marker_dag.py
[2023-12-19T09:16:03.220+0000] {logging_mixin.py:188} INFO - [2023-12-19T09:16:03.220+0000] {dag.py:3033} INFO - Sync 2 DAGs
[2023-12-19T09:16:03.229+0000] {logging_mixin.py:188} INFO - [2023-12-19T09:16:03.229+0000] {dag.py:3820} INFO - Setting next_dagrun for example_external_task_marker_child to None, run_after=None
[2023-12-19T09:16:03.232+0000] {logging_mixin.py:188} INFO - [2023-12-19T09:16:03.232+0000] {dag.py:3820} INFO - Setting next_dagrun for example_external_task_marker_parent to None, run_after=None
[2023-12-19T09:16:03.243+0000] {processor.py:183} INFO - Processing /home/airflow/.local/lib/python3.8/site-packages/airflow/example_dags/example_external_task_marker_dag.py took 0.052 seconds
[2023-12-19T09:16:33.724+0000] {processor.py:161} INFO - Started process (PID=1413) to work on /home/airflow/.local/lib/python3.8/site-packages/airflow/example_dags/example_external_task_marker_dag.py
[2023-12-19T09:16:33.726+0000] {processor.py:830} INFO - Processing file /home/airflow/.local/lib/python3.8/site-packages/airflow/example_dags/example_external_task_marker_dag.py for tasks to queue
[2023-12-19T09:16:33.728+0000] {logging_mixin.py:188} INFO - [2023-12-19T09:16:33.728+0000] {dagbag.py:538} INFO - Filling up the DagBag from /home/airflow/.local/lib/python3.8/site-packages/airflow/example_dags/example_external_task_marker_dag.py
[2023-12-19T09:16:33.735+0000] {processor.py:840} INFO - DAG(s) 'example_external_task_marker_parent', 'example_external_task_marker_child' retrieved from /home/airflow/.local/lib/python3.8/site-packages/airflow/example_dags/example_external_task_marker_dag.py
[2023-12-19T09:16:33.754+0000] {logging_mixin.py:188} INFO - [2023-12-19T09:16:33.754+0000] {dag.py:3033} INFO - Sync 2 DAGs
[2023-12-19T09:16:33.762+0000] {logging_mixin.py:188} INFO - [2023-12-19T09:16:33.762+0000] {dag.py:3820} INFO - Setting next_dagrun for example_external_task_marker_child to None, run_after=None
[2023-12-19T09:16:33.766+0000] {logging_mixin.py:188} INFO - [2023-12-19T09:16:33.765+0000] {dag.py:3820} INFO - Setting next_dagrun for example_external_task_marker_parent to None, run_after=None
[2023-12-19T09:16:33.778+0000] {processor.py:183} INFO - Processing /home/airflow/.local/lib/python3.8/site-packages/airflow/example_dags/example_external_task_marker_dag.py took 0.056 seconds
[2023-12-19T09:17:04.327+0000] {processor.py:161} INFO - Started process (PID=1468) to work on /home/airflow/.local/lib/python3.8/site-packages/airflow/example_dags/example_external_task_marker_dag.py
[2023-12-19T09:17:04.329+0000] {processor.py:830} INFO - Processing file /home/airflow/.local/lib/python3.8/site-packages/airflow/example_dags/example_external_task_marker_dag.py for tasks to queue
[2023-12-19T09:17:04.331+0000] {logging_mixin.py:188} INFO - [2023-12-19T09:17:04.331+0000] {dagbag.py:538} INFO - Filling up the DagBag from /home/airflow/.local/lib/python3.8/site-packages/airflow/example_dags/example_external_task_marker_dag.py
[2023-12-19T09:17:04.336+0000] {processor.py:840} INFO - DAG(s) 'example_external_task_marker_parent', 'example_external_task_marker_child' retrieved from /home/airflow/.local/lib/python3.8/site-packages/airflow/example_dags/example_external_task_marker_dag.py
[2023-12-19T09:17:04.353+0000] {logging_mixin.py:188} INFO - [2023-12-19T09:17:04.353+0000] {dag.py:3033} INFO - Sync 2 DAGs
[2023-12-19T09:17:04.361+0000] {logging_mixin.py:188} INFO - [2023-12-19T09:17:04.361+0000] {dag.py:3820} INFO - Setting next_dagrun for example_external_task_marker_child to None, run_after=None
[2023-12-19T09:17:04.365+0000] {logging_mixin.py:188} INFO - [2023-12-19T09:17:04.364+0000] {dag.py:3820} INFO - Setting next_dagrun for example_external_task_marker_parent to None, run_after=None
[2023-12-19T09:17:04.376+0000] {processor.py:183} INFO - Processing /home/airflow/.local/lib/python3.8/site-packages/airflow/example_dags/example_external_task_marker_dag.py took 0.051 seconds
[2023-12-19T09:17:34.749+0000] {processor.py:161} INFO - Started process (PID=1523) to work on /home/airflow/.local/lib/python3.8/site-packages/airflow/example_dags/example_external_task_marker_dag.py
[2023-12-19T09:17:34.751+0000] {processor.py:830} INFO - Processing file /home/airflow/.local/lib/python3.8/site-packages/airflow/example_dags/example_external_task_marker_dag.py for tasks to queue
[2023-12-19T09:17:34.754+0000] {logging_mixin.py:188} INFO - [2023-12-19T09:17:34.753+0000] {dagbag.py:538} INFO - Filling up the DagBag from /home/airflow/.local/lib/python3.8/site-packages/airflow/example_dags/example_external_task_marker_dag.py
[2023-12-19T09:17:34.759+0000] {processor.py:840} INFO - DAG(s) 'example_external_task_marker_child', 'example_external_task_marker_parent' retrieved from /home/airflow/.local/lib/python3.8/site-packages/airflow/example_dags/example_external_task_marker_dag.py
[2023-12-19T09:17:34.776+0000] {logging_mixin.py:188} INFO - [2023-12-19T09:17:34.776+0000] {dag.py:3033} INFO - Sync 2 DAGs
[2023-12-19T09:17:34.784+0000] {logging_mixin.py:188} INFO - [2023-12-19T09:17:34.784+0000] {dag.py:3820} INFO - Setting next_dagrun for example_external_task_marker_child to None, run_after=None
[2023-12-19T09:17:34.787+0000] {logging_mixin.py:188} INFO - [2023-12-19T09:17:34.787+0000] {dag.py:3820} INFO - Setting next_dagrun for example_external_task_marker_parent to None, run_after=None
[2023-12-19T09:17:34.798+0000] {processor.py:183} INFO - Processing /home/airflow/.local/lib/python3.8/site-packages/airflow/example_dags/example_external_task_marker_dag.py took 0.051 seconds
[2023-12-19T09:18:05.302+0000] {processor.py:161} INFO - Started process (PID=1578) to work on /home/airflow/.local/lib/python3.8/site-packages/airflow/example_dags/example_external_task_marker_dag.py
[2023-12-19T09:18:05.304+0000] {processor.py:830} INFO - Processing file /home/airflow/.local/lib/python3.8/site-packages/airflow/example_dags/example_external_task_marker_dag.py for tasks to queue
[2023-12-19T09:18:05.306+0000] {logging_mixin.py:188} INFO - [2023-12-19T09:18:05.306+0000] {dagbag.py:538} INFO - Filling up the DagBag from /home/airflow/.local/lib/python3.8/site-packages/airflow/example_dags/example_external_task_marker_dag.py
[2023-12-19T09:18:05.311+0000] {processor.py:840} INFO - DAG(s) 'example_external_task_marker_parent', 'example_external_task_marker_child' retrieved from /home/airflow/.local/lib/python3.8/site-packages/airflow/example_dags/example_external_task_marker_dag.py
[2023-12-19T09:18:05.328+0000] {logging_mixin.py:188} INFO - [2023-12-19T09:18:05.328+0000] {dag.py:3033} INFO - Sync 2 DAGs
[2023-12-19T09:18:05.336+0000] {logging_mixin.py:188} INFO - [2023-12-19T09:18:05.336+0000] {dag.py:3820} INFO - Setting next_dagrun for example_external_task_marker_child to None, run_after=None
[2023-12-19T09:18:05.339+0000] {logging_mixin.py:188} INFO - [2023-12-19T09:18:05.339+0000] {dag.py:3820} INFO - Setting next_dagrun for example_external_task_marker_parent to None, run_after=None
[2023-12-19T09:18:05.349+0000] {processor.py:183} INFO - Processing /home/airflow/.local/lib/python3.8/site-packages/airflow/example_dags/example_external_task_marker_dag.py took 0.049 seconds
[2023-12-19T09:18:35.941+0000] {processor.py:161} INFO - Started process (PID=1633) to work on /home/airflow/.local/lib/python3.8/site-packages/airflow/example_dags/example_external_task_marker_dag.py
[2023-12-19T09:18:35.943+0000] {processor.py:830} INFO - Processing file /home/airflow/.local/lib/python3.8/site-packages/airflow/example_dags/example_external_task_marker_dag.py for tasks to queue
[2023-12-19T09:18:35.945+0000] {logging_mixin.py:188} INFO - [2023-12-19T09:18:35.945+0000] {dagbag.py:538} INFO - Filling up the DagBag from /home/airflow/.local/lib/python3.8/site-packages/airflow/example_dags/example_external_task_marker_dag.py
[2023-12-19T09:18:35.949+0000] {processor.py:840} INFO - DAG(s) 'example_external_task_marker_child', 'example_external_task_marker_parent' retrieved from /home/airflow/.local/lib/python3.8/site-packages/airflow/example_dags/example_external_task_marker_dag.py
[2023-12-19T09:18:35.970+0000] {logging_mixin.py:188} INFO - [2023-12-19T09:18:35.970+0000] {dag.py:3033} INFO - Sync 2 DAGs
[2023-12-19T09:18:35.980+0000] {logging_mixin.py:188} INFO - [2023-12-19T09:18:35.980+0000] {dag.py:3820} INFO - Setting next_dagrun for example_external_task_marker_child to None, run_after=None
[2023-12-19T09:18:35.983+0000] {logging_mixin.py:188} INFO - [2023-12-19T09:18:35.983+0000] {dag.py:3820} INFO - Setting next_dagrun for example_external_task_marker_parent to None, run_after=None
[2023-12-19T09:18:35.994+0000] {processor.py:183} INFO - Processing /home/airflow/.local/lib/python3.8/site-packages/airflow/example_dags/example_external_task_marker_dag.py took 0.056 seconds
[2023-12-19T09:19:06.478+0000] {processor.py:161} INFO - Started process (PID=1688) to work on /home/airflow/.local/lib/python3.8/site-packages/airflow/example_dags/example_external_task_marker_dag.py
[2023-12-19T09:19:06.480+0000] {processor.py:830} INFO - Processing file /home/airflow/.local/lib/python3.8/site-packages/airflow/example_dags/example_external_task_marker_dag.py for tasks to queue
[2023-12-19T09:19:06.483+0000] {logging_mixin.py:188} INFO - [2023-12-19T09:19:06.483+0000] {dagbag.py:538} INFO - Filling up the DagBag from /home/airflow/.local/lib/python3.8/site-packages/airflow/example_dags/example_external_task_marker_dag.py
[2023-12-19T09:19:06.489+0000] {processor.py:840} INFO - DAG(s) 'example_external_task_marker_parent', 'example_external_task_marker_child' retrieved from /home/airflow/.local/lib/python3.8/site-packages/airflow/example_dags/example_external_task_marker_dag.py
[2023-12-19T09:19:06.508+0000] {logging_mixin.py:188} INFO - [2023-12-19T09:19:06.508+0000] {dag.py:3033} INFO - Sync 2 DAGs
[2023-12-19T09:19:06.517+0000] {logging_mixin.py:188} INFO - [2023-12-19T09:19:06.517+0000] {dag.py:3820} INFO - Setting next_dagrun for example_external_task_marker_child to None, run_after=None
[2023-12-19T09:19:06.521+0000] {logging_mixin.py:188} INFO - [2023-12-19T09:19:06.520+0000] {dag.py:3820} INFO - Setting next_dagrun for example_external_task_marker_parent to None, run_after=None
[2023-12-19T09:19:06.533+0000] {processor.py:183} INFO - Processing /home/airflow/.local/lib/python3.8/site-packages/airflow/example_dags/example_external_task_marker_dag.py took 0.059 seconds
[2023-12-19T09:19:36.563+0000] {processor.py:161} INFO - Started process (PID=1743) to work on /home/airflow/.local/lib/python3.8/site-packages/airflow/example_dags/example_external_task_marker_dag.py
[2023-12-19T09:19:36.564+0000] {processor.py:830} INFO - Processing file /home/airflow/.local/lib/python3.8/site-packages/airflow/example_dags/example_external_task_marker_dag.py for tasks to queue
[2023-12-19T09:19:36.567+0000] {logging_mixin.py:188} INFO - [2023-12-19T09:19:36.566+0000] {dagbag.py:538} INFO - Filling up the DagBag from /home/airflow/.local/lib/python3.8/site-packages/airflow/example_dags/example_external_task_marker_dag.py
[2023-12-19T09:19:36.571+0000] {processor.py:840} INFO - DAG(s) 'example_external_task_marker_child', 'example_external_task_marker_parent' retrieved from /home/airflow/.local/lib/python3.8/site-packages/airflow/example_dags/example_external_task_marker_dag.py
[2023-12-19T09:19:36.591+0000] {logging_mixin.py:188} INFO - [2023-12-19T09:19:36.590+0000] {dag.py:3033} INFO - Sync 2 DAGs
[2023-12-19T09:19:36.599+0000] {logging_mixin.py:188} INFO - [2023-12-19T09:19:36.599+0000] {dag.py:3820} INFO - Setting next_dagrun for example_external_task_marker_child to None, run_after=None
[2023-12-19T09:19:36.602+0000] {logging_mixin.py:188} INFO - [2023-12-19T09:19:36.602+0000] {dag.py:3820} INFO - Setting next_dagrun for example_external_task_marker_parent to None, run_after=None
[2023-12-19T09:19:36.612+0000] {processor.py:183} INFO - Processing /home/airflow/.local/lib/python3.8/site-packages/airflow/example_dags/example_external_task_marker_dag.py took 0.052 seconds
[2023-12-19T09:20:06.770+0000] {processor.py:161} INFO - Started process (PID=1797) to work on /home/airflow/.local/lib/python3.8/site-packages/airflow/example_dags/example_external_task_marker_dag.py
[2023-12-19T09:20:06.771+0000] {processor.py:830} INFO - Processing file /home/airflow/.local/lib/python3.8/site-packages/airflow/example_dags/example_external_task_marker_dag.py for tasks to queue
[2023-12-19T09:20:06.773+0000] {logging_mixin.py:188} INFO - [2023-12-19T09:20:06.773+0000] {dagbag.py:538} INFO - Filling up the DagBag from /home/airflow/.local/lib/python3.8/site-packages/airflow/example_dags/example_external_task_marker_dag.py
[2023-12-19T09:20:06.778+0000] {processor.py:840} INFO - DAG(s) 'example_external_task_marker_child', 'example_external_task_marker_parent' retrieved from /home/airflow/.local/lib/python3.8/site-packages/airflow/example_dags/example_external_task_marker_dag.py
[2023-12-19T09:20:06.795+0000] {logging_mixin.py:188} INFO - [2023-12-19T09:20:06.795+0000] {dag.py:3033} INFO - Sync 2 DAGs
[2023-12-19T09:20:06.804+0000] {logging_mixin.py:188} INFO - [2023-12-19T09:20:06.803+0000] {dag.py:3820} INFO - Setting next_dagrun for example_external_task_marker_child to None, run_after=None
[2023-12-19T09:20:06.807+0000] {logging_mixin.py:188} INFO - [2023-12-19T09:20:06.807+0000] {dag.py:3820} INFO - Setting next_dagrun for example_external_task_marker_parent to None, run_after=None
[2023-12-19T09:20:06.818+0000] {processor.py:183} INFO - Processing /home/airflow/.local/lib/python3.8/site-packages/airflow/example_dags/example_external_task_marker_dag.py took 0.051 seconds
[2023-12-19T09:20:37.004+0000] {processor.py:161} INFO - Started process (PID=1852) to work on /home/airflow/.local/lib/python3.8/site-packages/airflow/example_dags/example_external_task_marker_dag.py
[2023-12-19T09:20:37.005+0000] {processor.py:830} INFO - Processing file /home/airflow/.local/lib/python3.8/site-packages/airflow/example_dags/example_external_task_marker_dag.py for tasks to queue
[2023-12-19T09:20:37.008+0000] {logging_mixin.py:188} INFO - [2023-12-19T09:20:37.008+0000] {dagbag.py:538} INFO - Filling up the DagBag from /home/airflow/.local/lib/python3.8/site-packages/airflow/example_dags/example_external_task_marker_dag.py
[2023-12-19T09:20:37.012+0000] {processor.py:840} INFO - DAG(s) 'example_external_task_marker_child', 'example_external_task_marker_parent' retrieved from /home/airflow/.local/lib/python3.8/site-packages/airflow/example_dags/example_external_task_marker_dag.py
[2023-12-19T09:20:37.031+0000] {logging_mixin.py:188} INFO - [2023-12-19T09:20:37.030+0000] {dag.py:3033} INFO - Sync 2 DAGs
[2023-12-19T09:20:37.039+0000] {logging_mixin.py:188} INFO - [2023-12-19T09:20:37.039+0000] {dag.py:3820} INFO - Setting next_dagrun for example_external_task_marker_child to None, run_after=None
[2023-12-19T09:20:37.043+0000] {logging_mixin.py:188} INFO - [2023-12-19T09:20:37.042+0000] {dag.py:3820} INFO - Setting next_dagrun for example_external_task_marker_parent to None, run_after=None
[2023-12-19T09:20:37.053+0000] {processor.py:183} INFO - Processing /home/airflow/.local/lib/python3.8/site-packages/airflow/example_dags/example_external_task_marker_dag.py took 0.051 seconds
[2023-12-19T09:21:07.860+0000] {processor.py:161} INFO - Started process (PID=1907) to work on /home/airflow/.local/lib/python3.8/site-packages/airflow/example_dags/example_external_task_marker_dag.py
[2023-12-19T09:21:07.861+0000] {processor.py:830} INFO - Processing file /home/airflow/.local/lib/python3.8/site-packages/airflow/example_dags/example_external_task_marker_dag.py for tasks to queue
[2023-12-19T09:21:07.864+0000] {logging_mixin.py:188} INFO - [2023-12-19T09:21:07.863+0000] {dagbag.py:538} INFO - Filling up the DagBag from /home/airflow/.local/lib/python3.8/site-packages/airflow/example_dags/example_external_task_marker_dag.py
[2023-12-19T09:21:07.867+0000] {processor.py:840} INFO - DAG(s) 'example_external_task_marker_child', 'example_external_task_marker_parent' retrieved from /home/airflow/.local/lib/python3.8/site-packages/airflow/example_dags/example_external_task_marker_dag.py
[2023-12-19T09:21:07.884+0000] {logging_mixin.py:188} INFO - [2023-12-19T09:21:07.884+0000] {dag.py:3033} INFO - Sync 2 DAGs
[2023-12-19T09:21:07.984+0000] {logging_mixin.py:188} INFO - [2023-12-19T09:21:07.984+0000] {dag.py:3820} INFO - Setting next_dagrun for example_external_task_marker_child to None, run_after=None
[2023-12-19T09:21:07.987+0000] {logging_mixin.py:188} INFO - [2023-12-19T09:21:07.987+0000] {dag.py:3820} INFO - Setting next_dagrun for example_external_task_marker_parent to None, run_after=None
[2023-12-19T09:21:07.997+0000] {processor.py:183} INFO - Processing /home/airflow/.local/lib/python3.8/site-packages/airflow/example_dags/example_external_task_marker_dag.py took 0.139 seconds
[2023-12-19T09:21:38.858+0000] {processor.py:161} INFO - Started process (PID=1962) to work on /home/airflow/.local/lib/python3.8/site-packages/airflow/example_dags/example_external_task_marker_dag.py
[2023-12-19T09:21:38.860+0000] {processor.py:830} INFO - Processing file /home/airflow/.local/lib/python3.8/site-packages/airflow/example_dags/example_external_task_marker_dag.py for tasks to queue
[2023-12-19T09:21:38.863+0000] {logging_mixin.py:188} INFO - [2023-12-19T09:21:38.862+0000] {dagbag.py:538} INFO - Filling up the DagBag from /home/airflow/.local/lib/python3.8/site-packages/airflow/example_dags/example_external_task_marker_dag.py
[2023-12-19T09:21:38.867+0000] {processor.py:840} INFO - DAG(s) 'example_external_task_marker_parent', 'example_external_task_marker_child' retrieved from /home/airflow/.local/lib/python3.8/site-packages/airflow/example_dags/example_external_task_marker_dag.py
[2023-12-19T09:21:38.887+0000] {logging_mixin.py:188} INFO - [2023-12-19T09:21:38.887+0000] {dag.py:3033} INFO - Sync 2 DAGs
[2023-12-19T09:21:38.896+0000] {logging_mixin.py:188} INFO - [2023-12-19T09:21:38.896+0000] {dag.py:3820} INFO - Setting next_dagrun for example_external_task_marker_child to None, run_after=None
[2023-12-19T09:21:38.899+0000] {logging_mixin.py:188} INFO - [2023-12-19T09:21:38.899+0000] {dag.py:3820} INFO - Setting next_dagrun for example_external_task_marker_parent to None, run_after=None
[2023-12-19T09:21:39.008+0000] {processor.py:183} INFO - Processing /home/airflow/.local/lib/python3.8/site-packages/airflow/example_dags/example_external_task_marker_dag.py took 0.152 seconds
[2023-12-19T09:22:09.087+0000] {processor.py:161} INFO - Started process (PID=2017) to work on /home/airflow/.local/lib/python3.8/site-packages/airflow/example_dags/example_external_task_marker_dag.py
[2023-12-19T09:22:09.088+0000] {processor.py:830} INFO - Processing file /home/airflow/.local/lib/python3.8/site-packages/airflow/example_dags/example_external_task_marker_dag.py for tasks to queue
[2023-12-19T09:22:09.090+0000] {logging_mixin.py:188} INFO - [2023-12-19T09:22:09.090+0000] {dagbag.py:538} INFO - Filling up the DagBag from /home/airflow/.local/lib/python3.8/site-packages/airflow/example_dags/example_external_task_marker_dag.py
[2023-12-19T09:22:09.095+0000] {processor.py:840} INFO - DAG(s) 'example_external_task_marker_child', 'example_external_task_marker_parent' retrieved from /home/airflow/.local/lib/python3.8/site-packages/airflow/example_dags/example_external_task_marker_dag.py
[2023-12-19T09:22:09.114+0000] {logging_mixin.py:188} INFO - [2023-12-19T09:22:09.114+0000] {dag.py:3033} INFO - Sync 2 DAGs
[2023-12-19T09:22:09.123+0000] {logging_mixin.py:188} INFO - [2023-12-19T09:22:09.123+0000] {dag.py:3820} INFO - Setting next_dagrun for example_external_task_marker_child to None, run_after=None
[2023-12-19T09:22:09.127+0000] {logging_mixin.py:188} INFO - [2023-12-19T09:22:09.126+0000] {dag.py:3820} INFO - Setting next_dagrun for example_external_task_marker_parent to None, run_after=None
[2023-12-19T09:22:09.136+0000] {processor.py:183} INFO - Processing /home/airflow/.local/lib/python3.8/site-packages/airflow/example_dags/example_external_task_marker_dag.py took 0.052 seconds
[2023-12-19T09:22:39.329+0000] {processor.py:161} INFO - Started process (PID=2072) to work on /home/airflow/.local/lib/python3.8/site-packages/airflow/example_dags/example_external_task_marker_dag.py
[2023-12-19T09:22:39.331+0000] {processor.py:830} INFO - Processing file /home/airflow/.local/lib/python3.8/site-packages/airflow/example_dags/example_external_task_marker_dag.py for tasks to queue
[2023-12-19T09:22:39.334+0000] {logging_mixin.py:188} INFO - [2023-12-19T09:22:39.334+0000] {dagbag.py:538} INFO - Filling up the DagBag from /home/airflow/.local/lib/python3.8/site-packages/airflow/example_dags/example_external_task_marker_dag.py
[2023-12-19T09:22:39.340+0000] {processor.py:840} INFO - DAG(s) 'example_external_task_marker_parent', 'example_external_task_marker_child' retrieved from /home/airflow/.local/lib/python3.8/site-packages/airflow/example_dags/example_external_task_marker_dag.py
[2023-12-19T09:22:39.358+0000] {logging_mixin.py:188} INFO - [2023-12-19T09:22:39.358+0000] {dag.py:3033} INFO - Sync 2 DAGs
[2023-12-19T09:22:39.365+0000] {logging_mixin.py:188} INFO - [2023-12-19T09:22:39.365+0000] {dag.py:3820} INFO - Setting next_dagrun for example_external_task_marker_child to None, run_after=None
[2023-12-19T09:22:39.368+0000] {logging_mixin.py:188} INFO - [2023-12-19T09:22:39.368+0000] {dag.py:3820} INFO - Setting next_dagrun for example_external_task_marker_parent to None, run_after=None
[2023-12-19T09:22:39.380+0000] {processor.py:183} INFO - Processing /home/airflow/.local/lib/python3.8/site-packages/airflow/example_dags/example_external_task_marker_dag.py took 0.054 seconds
[2023-12-19T09:23:09.822+0000] {processor.py:161} INFO - Started process (PID=2127) to work on /home/airflow/.local/lib/python3.8/site-packages/airflow/example_dags/example_external_task_marker_dag.py
[2023-12-19T09:23:09.824+0000] {processor.py:830} INFO - Processing file /home/airflow/.local/lib/python3.8/site-packages/airflow/example_dags/example_external_task_marker_dag.py for tasks to queue
[2023-12-19T09:23:09.826+0000] {logging_mixin.py:188} INFO - [2023-12-19T09:23:09.826+0000] {dagbag.py:538} INFO - Filling up the DagBag from /home/airflow/.local/lib/python3.8/site-packages/airflow/example_dags/example_external_task_marker_dag.py
[2023-12-19T09:23:09.830+0000] {processor.py:840} INFO - DAG(s) 'example_external_task_marker_child', 'example_external_task_marker_parent' retrieved from /home/airflow/.local/lib/python3.8/site-packages/airflow/example_dags/example_external_task_marker_dag.py
[2023-12-19T09:23:09.845+0000] {logging_mixin.py:188} INFO - [2023-12-19T09:23:09.845+0000] {dag.py:3033} INFO - Sync 2 DAGs
[2023-12-19T09:23:09.854+0000] {logging_mixin.py:188} INFO - [2023-12-19T09:23:09.854+0000] {dag.py:3820} INFO - Setting next_dagrun for example_external_task_marker_child to None, run_after=None
[2023-12-19T09:23:09.857+0000] {logging_mixin.py:188} INFO - [2023-12-19T09:23:09.856+0000] {dag.py:3820} INFO - Setting next_dagrun for example_external_task_marker_parent to None, run_after=None
[2023-12-19T09:23:09.867+0000] {processor.py:183} INFO - Processing /home/airflow/.local/lib/python3.8/site-packages/airflow/example_dags/example_external_task_marker_dag.py took 0.047 seconds
[2023-12-19T09:23:40.634+0000] {processor.py:161} INFO - Started process (PID=2182) to work on /home/airflow/.local/lib/python3.8/site-packages/airflow/example_dags/example_external_task_marker_dag.py
[2023-12-19T09:23:40.636+0000] {processor.py:830} INFO - Processing file /home/airflow/.local/lib/python3.8/site-packages/airflow/example_dags/example_external_task_marker_dag.py for tasks to queue
[2023-12-19T09:23:40.638+0000] {logging_mixin.py:188} INFO - [2023-12-19T09:23:40.638+0000] {dagbag.py:538} INFO - Filling up the DagBag from /home/airflow/.local/lib/python3.8/site-packages/airflow/example_dags/example_external_task_marker_dag.py
[2023-12-19T09:23:40.643+0000] {processor.py:840} INFO - DAG(s) 'example_external_task_marker_child', 'example_external_task_marker_parent' retrieved from /home/airflow/.local/lib/python3.8/site-packages/airflow/example_dags/example_external_task_marker_dag.py
[2023-12-19T09:23:40.661+0000] {logging_mixin.py:188} INFO - [2023-12-19T09:23:40.661+0000] {dag.py:3033} INFO - Sync 2 DAGs
[2023-12-19T09:23:40.670+0000] {logging_mixin.py:188} INFO - [2023-12-19T09:23:40.669+0000] {dag.py:3820} INFO - Setting next_dagrun for example_external_task_marker_child to None, run_after=None
[2023-12-19T09:23:40.673+0000] {logging_mixin.py:188} INFO - [2023-12-19T09:23:40.673+0000] {dag.py:3820} INFO - Setting next_dagrun for example_external_task_marker_parent to None, run_after=None
[2023-12-19T09:23:40.683+0000] {processor.py:183} INFO - Processing /home/airflow/.local/lib/python3.8/site-packages/airflow/example_dags/example_external_task_marker_dag.py took 0.051 seconds
[2023-12-19T09:24:11.236+0000] {processor.py:161} INFO - Started process (PID=2237) to work on /home/airflow/.local/lib/python3.8/site-packages/airflow/example_dags/example_external_task_marker_dag.py
[2023-12-19T09:24:11.237+0000] {processor.py:830} INFO - Processing file /home/airflow/.local/lib/python3.8/site-packages/airflow/example_dags/example_external_task_marker_dag.py for tasks to queue
[2023-12-19T09:24:11.240+0000] {logging_mixin.py:188} INFO - [2023-12-19T09:24:11.240+0000] {dagbag.py:538} INFO - Filling up the DagBag from /home/airflow/.local/lib/python3.8/site-packages/airflow/example_dags/example_external_task_marker_dag.py
[2023-12-19T09:24:11.245+0000] {processor.py:840} INFO - DAG(s) 'example_external_task_marker_child', 'example_external_task_marker_parent' retrieved from /home/airflow/.local/lib/python3.8/site-packages/airflow/example_dags/example_external_task_marker_dag.py
[2023-12-19T09:24:11.264+0000] {logging_mixin.py:188} INFO - [2023-12-19T09:24:11.264+0000] {dag.py:3033} INFO - Sync 2 DAGs
[2023-12-19T09:24:11.273+0000] {logging_mixin.py:188} INFO - [2023-12-19T09:24:11.272+0000] {dag.py:3820} INFO - Setting next_dagrun for example_external_task_marker_child to None, run_after=None
[2023-12-19T09:24:11.276+0000] {logging_mixin.py:188} INFO - [2023-12-19T09:24:11.276+0000] {dag.py:3820} INFO - Setting next_dagrun for example_external_task_marker_parent to None, run_after=None
[2023-12-19T09:24:11.287+0000] {processor.py:183} INFO - Processing /home/airflow/.local/lib/python3.8/site-packages/airflow/example_dags/example_external_task_marker_dag.py took 0.054 seconds
[2023-12-19T09:24:41.660+0000] {processor.py:161} INFO - Started process (PID=2297) to work on /home/airflow/.local/lib/python3.8/site-packages/airflow/example_dags/example_external_task_marker_dag.py
[2023-12-19T09:24:41.661+0000] {processor.py:830} INFO - Processing file /home/airflow/.local/lib/python3.8/site-packages/airflow/example_dags/example_external_task_marker_dag.py for tasks to queue
[2023-12-19T09:24:41.665+0000] {logging_mixin.py:188} INFO - [2023-12-19T09:24:41.664+0000] {dagbag.py:538} INFO - Filling up the DagBag from /home/airflow/.local/lib/python3.8/site-packages/airflow/example_dags/example_external_task_marker_dag.py
[2023-12-19T09:24:41.670+0000] {processor.py:840} INFO - DAG(s) 'example_external_task_marker_parent', 'example_external_task_marker_child' retrieved from /home/airflow/.local/lib/python3.8/site-packages/airflow/example_dags/example_external_task_marker_dag.py
[2023-12-19T09:24:41.689+0000] {logging_mixin.py:188} INFO - [2023-12-19T09:24:41.689+0000] {dag.py:3033} INFO - Sync 2 DAGs
[2023-12-19T09:24:41.697+0000] {logging_mixin.py:188} INFO - [2023-12-19T09:24:41.697+0000] {dag.py:3820} INFO - Setting next_dagrun for example_external_task_marker_child to None, run_after=None
[2023-12-19T09:24:41.701+0000] {logging_mixin.py:188} INFO - [2023-12-19T09:24:41.701+0000] {dag.py:3820} INFO - Setting next_dagrun for example_external_task_marker_parent to None, run_after=None
[2023-12-19T09:24:41.712+0000] {processor.py:183} INFO - Processing /home/airflow/.local/lib/python3.8/site-packages/airflow/example_dags/example_external_task_marker_dag.py took 0.054 seconds
[2023-12-19T09:25:12.097+0000] {processor.py:161} INFO - Started process (PID=2352) to work on /home/airflow/.local/lib/python3.8/site-packages/airflow/example_dags/example_external_task_marker_dag.py
[2023-12-19T09:25:12.099+0000] {processor.py:830} INFO - Processing file /home/airflow/.local/lib/python3.8/site-packages/airflow/example_dags/example_external_task_marker_dag.py for tasks to queue
[2023-12-19T09:25:12.102+0000] {logging_mixin.py:188} INFO - [2023-12-19T09:25:12.102+0000] {dagbag.py:538} INFO - Filling up the DagBag from /home/airflow/.local/lib/python3.8/site-packages/airflow/example_dags/example_external_task_marker_dag.py
[2023-12-19T09:25:12.110+0000] {processor.py:840} INFO - DAG(s) 'example_external_task_marker_child', 'example_external_task_marker_parent' retrieved from /home/airflow/.local/lib/python3.8/site-packages/airflow/example_dags/example_external_task_marker_dag.py
[2023-12-19T09:25:12.126+0000] {logging_mixin.py:188} INFO - [2023-12-19T09:25:12.126+0000] {dag.py:3033} INFO - Sync 2 DAGs
[2023-12-19T09:25:12.134+0000] {logging_mixin.py:188} INFO - [2023-12-19T09:25:12.134+0000] {dag.py:3820} INFO - Setting next_dagrun for example_external_task_marker_child to None, run_after=None
[2023-12-19T09:25:12.137+0000] {logging_mixin.py:188} INFO - [2023-12-19T09:25:12.137+0000] {dag.py:3820} INFO - Setting next_dagrun for example_external_task_marker_parent to None, run_after=None
[2023-12-19T09:25:12.148+0000] {processor.py:183} INFO - Processing /home/airflow/.local/lib/python3.8/site-packages/airflow/example_dags/example_external_task_marker_dag.py took 0.052 seconds
[2023-12-19T09:25:42.663+0000] {processor.py:161} INFO - Started process (PID=2407) to work on /home/airflow/.local/lib/python3.8/site-packages/airflow/example_dags/example_external_task_marker_dag.py
[2023-12-19T09:25:42.665+0000] {processor.py:830} INFO - Processing file /home/airflow/.local/lib/python3.8/site-packages/airflow/example_dags/example_external_task_marker_dag.py for tasks to queue
[2023-12-19T09:25:42.668+0000] {logging_mixin.py:188} INFO - [2023-12-19T09:25:42.667+0000] {dagbag.py:538} INFO - Filling up the DagBag from /home/airflow/.local/lib/python3.8/site-packages/airflow/example_dags/example_external_task_marker_dag.py
[2023-12-19T09:25:42.672+0000] {processor.py:840} INFO - DAG(s) 'example_external_task_marker_child', 'example_external_task_marker_parent' retrieved from /home/airflow/.local/lib/python3.8/site-packages/airflow/example_dags/example_external_task_marker_dag.py
[2023-12-19T09:25:42.690+0000] {logging_mixin.py:188} INFO - [2023-12-19T09:25:42.690+0000] {dag.py:3033} INFO - Sync 2 DAGs
[2023-12-19T09:25:42.699+0000] {logging_mixin.py:188} INFO - [2023-12-19T09:25:42.699+0000] {dag.py:3820} INFO - Setting next_dagrun for example_external_task_marker_child to None, run_after=None
[2023-12-19T09:25:42.703+0000] {logging_mixin.py:188} INFO - [2023-12-19T09:25:42.703+0000] {dag.py:3820} INFO - Setting next_dagrun for example_external_task_marker_parent to None, run_after=None
[2023-12-19T09:25:42.714+0000] {processor.py:183} INFO - Processing /home/airflow/.local/lib/python3.8/site-packages/airflow/example_dags/example_external_task_marker_dag.py took 0.054 seconds
[2023-12-19T09:26:13.192+0000] {processor.py:161} INFO - Started process (PID=2462) to work on /home/airflow/.local/lib/python3.8/site-packages/airflow/example_dags/example_external_task_marker_dag.py
[2023-12-19T09:26:13.194+0000] {processor.py:830} INFO - Processing file /home/airflow/.local/lib/python3.8/site-packages/airflow/example_dags/example_external_task_marker_dag.py for tasks to queue
[2023-12-19T09:26:13.196+0000] {logging_mixin.py:188} INFO - [2023-12-19T09:26:13.196+0000] {dagbag.py:538} INFO - Filling up the DagBag from /home/airflow/.local/lib/python3.8/site-packages/airflow/example_dags/example_external_task_marker_dag.py
[2023-12-19T09:26:13.200+0000] {processor.py:840} INFO - DAG(s) 'example_external_task_marker_parent', 'example_external_task_marker_child' retrieved from /home/airflow/.local/lib/python3.8/site-packages/airflow/example_dags/example_external_task_marker_dag.py
[2023-12-19T09:26:13.220+0000] {logging_mixin.py:188} INFO - [2023-12-19T09:26:13.219+0000] {dag.py:3033} INFO - Sync 2 DAGs
[2023-12-19T09:26:13.228+0000] {logging_mixin.py:188} INFO - [2023-12-19T09:26:13.228+0000] {dag.py:3820} INFO - Setting next_dagrun for example_external_task_marker_child to None, run_after=None
[2023-12-19T09:26:13.231+0000] {logging_mixin.py:188} INFO - [2023-12-19T09:26:13.231+0000] {dag.py:3820} INFO - Setting next_dagrun for example_external_task_marker_parent to None, run_after=None
[2023-12-19T09:26:13.242+0000] {processor.py:183} INFO - Processing /home/airflow/.local/lib/python3.8/site-packages/airflow/example_dags/example_external_task_marker_dag.py took 0.052 seconds
[2023-12-19T09:26:43.686+0000] {processor.py:161} INFO - Started process (PID=2517) to work on /home/airflow/.local/lib/python3.8/site-packages/airflow/example_dags/example_external_task_marker_dag.py
[2023-12-19T09:26:43.688+0000] {processor.py:830} INFO - Processing file /home/airflow/.local/lib/python3.8/site-packages/airflow/example_dags/example_external_task_marker_dag.py for tasks to queue
[2023-12-19T09:26:43.690+0000] {logging_mixin.py:188} INFO - [2023-12-19T09:26:43.690+0000] {dagbag.py:538} INFO - Filling up the DagBag from /home/airflow/.local/lib/python3.8/site-packages/airflow/example_dags/example_external_task_marker_dag.py
[2023-12-19T09:26:43.694+0000] {processor.py:840} INFO - DAG(s) 'example_external_task_marker_child', 'example_external_task_marker_parent' retrieved from /home/airflow/.local/lib/python3.8/site-packages/airflow/example_dags/example_external_task_marker_dag.py
[2023-12-19T09:26:43.713+0000] {logging_mixin.py:188} INFO - [2023-12-19T09:26:43.713+0000] {dag.py:3033} INFO - Sync 2 DAGs
[2023-12-19T09:26:43.721+0000] {logging_mixin.py:188} INFO - [2023-12-19T09:26:43.721+0000] {dag.py:3820} INFO - Setting next_dagrun for example_external_task_marker_child to None, run_after=None
[2023-12-19T09:26:43.724+0000] {logging_mixin.py:188} INFO - [2023-12-19T09:26:43.724+0000] {dag.py:3820} INFO - Setting next_dagrun for example_external_task_marker_parent to None, run_after=None
[2023-12-19T09:26:43.737+0000] {processor.py:183} INFO - Processing /home/airflow/.local/lib/python3.8/site-packages/airflow/example_dags/example_external_task_marker_dag.py took 0.053 seconds
