[2023-12-19T09:03:51.541+0000] {processor.py:161} INFO - Started process (PID=58) to work on /home/airflow/.local/lib/python3.8/site-packages/airflow/example_dags/example_latest_only_with_trigger.py
[2023-12-19T09:03:51.543+0000] {processor.py:830} INFO - Processing file /home/airflow/.local/lib/python3.8/site-packages/airflow/example_dags/example_latest_only_with_trigger.py for tasks to queue
[2023-12-19T09:03:51.548+0000] {logging_mixin.py:188} INFO - [2023-12-19T09:03:51.548+0000] {dagbag.py:538} INFO - Filling up the DagBag from /home/airflow/.local/lib/python3.8/site-packages/airflow/example_dags/example_latest_only_with_trigger.py
[2023-12-19T09:03:51.564+0000] {processor.py:840} INFO - DAG(s) 'latest_only_with_trigger' retrieved from /home/airflow/.local/lib/python3.8/site-packages/airflow/example_dags/example_latest_only_with_trigger.py
[2023-12-19T09:03:51.576+0000] {logging_mixin.py:188} INFO - [2023-12-19T09:03:51.576+0000] {dag.py:3033} INFO - Sync 1 DAGs
[2023-12-19T09:03:51.621+0000] {logging_mixin.py:188} INFO - [2023-12-19T09:03:51.621+0000] {dag.py:3820} INFO - Setting next_dagrun for latest_only_with_trigger to 2023-12-19T04:00:00+00:00, run_after=2023-12-19T08:00:00+00:00
[2023-12-19T09:03:51.648+0000] {processor.py:183} INFO - Processing /home/airflow/.local/lib/python3.8/site-packages/airflow/example_dags/example_latest_only_with_trigger.py took 0.112 seconds
[2023-12-19T09:04:22.555+0000] {processor.py:161} INFO - Started process (PID=114) to work on /home/airflow/.local/lib/python3.8/site-packages/airflow/example_dags/example_latest_only_with_trigger.py
[2023-12-19T09:04:22.557+0000] {processor.py:830} INFO - Processing file /home/airflow/.local/lib/python3.8/site-packages/airflow/example_dags/example_latest_only_with_trigger.py for tasks to queue
[2023-12-19T09:04:22.560+0000] {logging_mixin.py:188} INFO - [2023-12-19T09:04:22.559+0000] {dagbag.py:538} INFO - Filling up the DagBag from /home/airflow/.local/lib/python3.8/site-packages/airflow/example_dags/example_latest_only_with_trigger.py
[2023-12-19T09:04:22.565+0000] {processor.py:840} INFO - DAG(s) 'latest_only_with_trigger' retrieved from /home/airflow/.local/lib/python3.8/site-packages/airflow/example_dags/example_latest_only_with_trigger.py
[2023-12-19T09:04:22.639+0000] {logging_mixin.py:188} INFO - [2023-12-19T09:04:22.639+0000] {dag.py:3033} INFO - Sync 1 DAGs
[2023-12-19T09:04:22.655+0000] {logging_mixin.py:188} INFO - [2023-12-19T09:04:22.655+0000] {dag.py:3820} INFO - Setting next_dagrun for latest_only_with_trigger to 2023-12-19T04:00:00+00:00, run_after=2023-12-19T08:00:00+00:00
[2023-12-19T09:04:22.670+0000] {processor.py:183} INFO - Processing /home/airflow/.local/lib/python3.8/site-packages/airflow/example_dags/example_latest_only_with_trigger.py took 0.117 seconds
[2023-12-19T09:04:52.803+0000] {processor.py:161} INFO - Started process (PID=168) to work on /home/airflow/.local/lib/python3.8/site-packages/airflow/example_dags/example_latest_only_with_trigger.py
[2023-12-19T09:04:52.805+0000] {processor.py:830} INFO - Processing file /home/airflow/.local/lib/python3.8/site-packages/airflow/example_dags/example_latest_only_with_trigger.py for tasks to queue
[2023-12-19T09:04:52.807+0000] {logging_mixin.py:188} INFO - [2023-12-19T09:04:52.807+0000] {dagbag.py:538} INFO - Filling up the DagBag from /home/airflow/.local/lib/python3.8/site-packages/airflow/example_dags/example_latest_only_with_trigger.py
[2023-12-19T09:04:52.812+0000] {processor.py:840} INFO - DAG(s) 'latest_only_with_trigger' retrieved from /home/airflow/.local/lib/python3.8/site-packages/airflow/example_dags/example_latest_only_with_trigger.py
[2023-12-19T09:04:52.829+0000] {logging_mixin.py:188} INFO - [2023-12-19T09:04:52.829+0000] {dag.py:3033} INFO - Sync 1 DAGs
[2023-12-19T09:04:52.844+0000] {logging_mixin.py:188} INFO - [2023-12-19T09:04:52.844+0000] {dag.py:3820} INFO - Setting next_dagrun for latest_only_with_trigger to 2023-12-19T04:00:00+00:00, run_after=2023-12-19T08:00:00+00:00
[2023-12-19T09:04:52.856+0000] {processor.py:183} INFO - Processing /home/airflow/.local/lib/python3.8/site-packages/airflow/example_dags/example_latest_only_with_trigger.py took 0.056 seconds
[2023-12-19T09:05:23.020+0000] {processor.py:161} INFO - Started process (PID=223) to work on /home/airflow/.local/lib/python3.8/site-packages/airflow/example_dags/example_latest_only_with_trigger.py
[2023-12-19T09:05:23.022+0000] {processor.py:830} INFO - Processing file /home/airflow/.local/lib/python3.8/site-packages/airflow/example_dags/example_latest_only_with_trigger.py for tasks to queue
[2023-12-19T09:05:23.025+0000] {logging_mixin.py:188} INFO - [2023-12-19T09:05:23.025+0000] {dagbag.py:538} INFO - Filling up the DagBag from /home/airflow/.local/lib/python3.8/site-packages/airflow/example_dags/example_latest_only_with_trigger.py
[2023-12-19T09:05:23.030+0000] {processor.py:840} INFO - DAG(s) 'latest_only_with_trigger' retrieved from /home/airflow/.local/lib/python3.8/site-packages/airflow/example_dags/example_latest_only_with_trigger.py
[2023-12-19T09:05:23.051+0000] {logging_mixin.py:188} INFO - [2023-12-19T09:05:23.051+0000] {dag.py:3033} INFO - Sync 1 DAGs
[2023-12-19T09:05:23.071+0000] {logging_mixin.py:188} INFO - [2023-12-19T09:05:23.071+0000] {dag.py:3820} INFO - Setting next_dagrun for latest_only_with_trigger to 2023-12-19T04:00:00+00:00, run_after=2023-12-19T08:00:00+00:00
[2023-12-19T09:05:23.085+0000] {processor.py:183} INFO - Processing /home/airflow/.local/lib/python3.8/site-packages/airflow/example_dags/example_latest_only_with_trigger.py took 0.068 seconds
[2023-12-19T09:05:53.365+0000] {processor.py:161} INFO - Started process (PID=278) to work on /home/airflow/.local/lib/python3.8/site-packages/airflow/example_dags/example_latest_only_with_trigger.py
[2023-12-19T09:05:53.374+0000] {processor.py:830} INFO - Processing file /home/airflow/.local/lib/python3.8/site-packages/airflow/example_dags/example_latest_only_with_trigger.py for tasks to queue
[2023-12-19T09:05:53.379+0000] {logging_mixin.py:188} INFO - [2023-12-19T09:05:53.379+0000] {dagbag.py:538} INFO - Filling up the DagBag from /home/airflow/.local/lib/python3.8/site-packages/airflow/example_dags/example_latest_only_with_trigger.py
[2023-12-19T09:05:53.385+0000] {processor.py:840} INFO - DAG(s) 'latest_only_with_trigger' retrieved from /home/airflow/.local/lib/python3.8/site-packages/airflow/example_dags/example_latest_only_with_trigger.py
[2023-12-19T09:05:53.405+0000] {logging_mixin.py:188} INFO - [2023-12-19T09:05:53.405+0000] {dag.py:3033} INFO - Sync 1 DAGs
[2023-12-19T09:05:53.422+0000] {logging_mixin.py:188} INFO - [2023-12-19T09:05:53.422+0000] {dag.py:3820} INFO - Setting next_dagrun for latest_only_with_trigger to 2023-12-19T04:00:00+00:00, run_after=2023-12-19T08:00:00+00:00
[2023-12-19T09:05:53.437+0000] {processor.py:183} INFO - Processing /home/airflow/.local/lib/python3.8/site-packages/airflow/example_dags/example_latest_only_with_trigger.py took 0.075 seconds
[2023-12-19T09:06:24.014+0000] {processor.py:161} INFO - Started process (PID=333) to work on /home/airflow/.local/lib/python3.8/site-packages/airflow/example_dags/example_latest_only_with_trigger.py
[2023-12-19T09:06:24.016+0000] {processor.py:830} INFO - Processing file /home/airflow/.local/lib/python3.8/site-packages/airflow/example_dags/example_latest_only_with_trigger.py for tasks to queue
[2023-12-19T09:06:24.018+0000] {logging_mixin.py:188} INFO - [2023-12-19T09:06:24.018+0000] {dagbag.py:538} INFO - Filling up the DagBag from /home/airflow/.local/lib/python3.8/site-packages/airflow/example_dags/example_latest_only_with_trigger.py
[2023-12-19T09:06:24.024+0000] {processor.py:840} INFO - DAG(s) 'latest_only_with_trigger' retrieved from /home/airflow/.local/lib/python3.8/site-packages/airflow/example_dags/example_latest_only_with_trigger.py
[2023-12-19T09:06:24.042+0000] {logging_mixin.py:188} INFO - [2023-12-19T09:06:24.042+0000] {dag.py:3033} INFO - Sync 1 DAGs
[2023-12-19T09:06:24.060+0000] {logging_mixin.py:188} INFO - [2023-12-19T09:06:24.060+0000] {dag.py:3820} INFO - Setting next_dagrun for latest_only_with_trigger to 2023-12-19T04:00:00+00:00, run_after=2023-12-19T08:00:00+00:00
[2023-12-19T09:06:24.081+0000] {processor.py:183} INFO - Processing /home/airflow/.local/lib/python3.8/site-packages/airflow/example_dags/example_latest_only_with_trigger.py took 0.069 seconds
[2023-12-19T09:06:54.847+0000] {processor.py:161} INFO - Started process (PID=388) to work on /home/airflow/.local/lib/python3.8/site-packages/airflow/example_dags/example_latest_only_with_trigger.py
[2023-12-19T09:06:54.848+0000] {processor.py:830} INFO - Processing file /home/airflow/.local/lib/python3.8/site-packages/airflow/example_dags/example_latest_only_with_trigger.py for tasks to queue
[2023-12-19T09:06:54.850+0000] {logging_mixin.py:188} INFO - [2023-12-19T09:06:54.850+0000] {dagbag.py:538} INFO - Filling up the DagBag from /home/airflow/.local/lib/python3.8/site-packages/airflow/example_dags/example_latest_only_with_trigger.py
[2023-12-19T09:06:54.855+0000] {processor.py:840} INFO - DAG(s) 'latest_only_with_trigger' retrieved from /home/airflow/.local/lib/python3.8/site-packages/airflow/example_dags/example_latest_only_with_trigger.py
[2023-12-19T09:06:54.873+0000] {logging_mixin.py:188} INFO - [2023-12-19T09:06:54.873+0000] {dag.py:3033} INFO - Sync 1 DAGs
[2023-12-19T09:06:54.889+0000] {logging_mixin.py:188} INFO - [2023-12-19T09:06:54.889+0000] {dag.py:3820} INFO - Setting next_dagrun for latest_only_with_trigger to 2023-12-19T04:00:00+00:00, run_after=2023-12-19T08:00:00+00:00
[2023-12-19T09:06:54.904+0000] {processor.py:183} INFO - Processing /home/airflow/.local/lib/python3.8/site-packages/airflow/example_dags/example_latest_only_with_trigger.py took 0.060 seconds
[2023-12-19T09:07:25.692+0000] {processor.py:161} INFO - Started process (PID=443) to work on /home/airflow/.local/lib/python3.8/site-packages/airflow/example_dags/example_latest_only_with_trigger.py
[2023-12-19T09:07:25.694+0000] {processor.py:830} INFO - Processing file /home/airflow/.local/lib/python3.8/site-packages/airflow/example_dags/example_latest_only_with_trigger.py for tasks to queue
[2023-12-19T09:07:25.697+0000] {logging_mixin.py:188} INFO - [2023-12-19T09:07:25.696+0000] {dagbag.py:538} INFO - Filling up the DagBag from /home/airflow/.local/lib/python3.8/site-packages/airflow/example_dags/example_latest_only_with_trigger.py
[2023-12-19T09:07:25.701+0000] {processor.py:840} INFO - DAG(s) 'latest_only_with_trigger' retrieved from /home/airflow/.local/lib/python3.8/site-packages/airflow/example_dags/example_latest_only_with_trigger.py
[2023-12-19T09:07:25.718+0000] {logging_mixin.py:188} INFO - [2023-12-19T09:07:25.718+0000] {dag.py:3033} INFO - Sync 1 DAGs
[2023-12-19T09:07:25.733+0000] {logging_mixin.py:188} INFO - [2023-12-19T09:07:25.733+0000] {dag.py:3820} INFO - Setting next_dagrun for latest_only_with_trigger to 2023-12-19T04:00:00+00:00, run_after=2023-12-19T08:00:00+00:00
[2023-12-19T09:07:25.746+0000] {processor.py:183} INFO - Processing /home/airflow/.local/lib/python3.8/site-packages/airflow/example_dags/example_latest_only_with_trigger.py took 0.057 seconds
[2023-12-19T09:07:56.508+0000] {processor.py:161} INFO - Started process (PID=498) to work on /home/airflow/.local/lib/python3.8/site-packages/airflow/example_dags/example_latest_only_with_trigger.py
[2023-12-19T09:07:56.510+0000] {processor.py:830} INFO - Processing file /home/airflow/.local/lib/python3.8/site-packages/airflow/example_dags/example_latest_only_with_trigger.py for tasks to queue
[2023-12-19T09:07:56.513+0000] {logging_mixin.py:188} INFO - [2023-12-19T09:07:56.512+0000] {dagbag.py:538} INFO - Filling up the DagBag from /home/airflow/.local/lib/python3.8/site-packages/airflow/example_dags/example_latest_only_with_trigger.py
[2023-12-19T09:07:56.518+0000] {processor.py:840} INFO - DAG(s) 'latest_only_with_trigger' retrieved from /home/airflow/.local/lib/python3.8/site-packages/airflow/example_dags/example_latest_only_with_trigger.py
[2023-12-19T09:07:56.537+0000] {logging_mixin.py:188} INFO - [2023-12-19T09:07:56.537+0000] {dag.py:3033} INFO - Sync 1 DAGs
[2023-12-19T09:07:56.554+0000] {logging_mixin.py:188} INFO - [2023-12-19T09:07:56.554+0000] {dag.py:3820} INFO - Setting next_dagrun for latest_only_with_trigger to 2023-12-19T04:00:00+00:00, run_after=2023-12-19T08:00:00+00:00
[2023-12-19T09:07:56.571+0000] {processor.py:183} INFO - Processing /home/airflow/.local/lib/python3.8/site-packages/airflow/example_dags/example_latest_only_with_trigger.py took 0.065 seconds
[2023-12-19T09:08:27.333+0000] {processor.py:161} INFO - Started process (PID=553) to work on /home/airflow/.local/lib/python3.8/site-packages/airflow/example_dags/example_latest_only_with_trigger.py
[2023-12-19T09:08:27.334+0000] {processor.py:830} INFO - Processing file /home/airflow/.local/lib/python3.8/site-packages/airflow/example_dags/example_latest_only_with_trigger.py for tasks to queue
[2023-12-19T09:08:27.337+0000] {logging_mixin.py:188} INFO - [2023-12-19T09:08:27.337+0000] {dagbag.py:538} INFO - Filling up the DagBag from /home/airflow/.local/lib/python3.8/site-packages/airflow/example_dags/example_latest_only_with_trigger.py
[2023-12-19T09:08:27.342+0000] {processor.py:840} INFO - DAG(s) 'latest_only_with_trigger' retrieved from /home/airflow/.local/lib/python3.8/site-packages/airflow/example_dags/example_latest_only_with_trigger.py
[2023-12-19T09:08:27.361+0000] {logging_mixin.py:188} INFO - [2023-12-19T09:08:27.361+0000] {dag.py:3033} INFO - Sync 1 DAGs
[2023-12-19T09:08:27.377+0000] {logging_mixin.py:188} INFO - [2023-12-19T09:08:27.377+0000] {dag.py:3820} INFO - Setting next_dagrun for latest_only_with_trigger to 2023-12-19T04:00:00+00:00, run_after=2023-12-19T08:00:00+00:00
[2023-12-19T09:08:27.398+0000] {processor.py:183} INFO - Processing /home/airflow/.local/lib/python3.8/site-packages/airflow/example_dags/example_latest_only_with_trigger.py took 0.068 seconds
[2023-12-19T09:08:57.557+0000] {processor.py:161} INFO - Started process (PID=608) to work on /home/airflow/.local/lib/python3.8/site-packages/airflow/example_dags/example_latest_only_with_trigger.py
[2023-12-19T09:08:57.559+0000] {processor.py:830} INFO - Processing file /home/airflow/.local/lib/python3.8/site-packages/airflow/example_dags/example_latest_only_with_trigger.py for tasks to queue
[2023-12-19T09:08:57.561+0000] {logging_mixin.py:188} INFO - [2023-12-19T09:08:57.561+0000] {dagbag.py:538} INFO - Filling up the DagBag from /home/airflow/.local/lib/python3.8/site-packages/airflow/example_dags/example_latest_only_with_trigger.py
[2023-12-19T09:08:57.567+0000] {processor.py:840} INFO - DAG(s) 'latest_only_with_trigger' retrieved from /home/airflow/.local/lib/python3.8/site-packages/airflow/example_dags/example_latest_only_with_trigger.py
[2023-12-19T09:08:57.586+0000] {logging_mixin.py:188} INFO - [2023-12-19T09:08:57.586+0000] {dag.py:3033} INFO - Sync 1 DAGs
[2023-12-19T09:08:57.601+0000] {logging_mixin.py:188} INFO - [2023-12-19T09:08:57.600+0000] {dag.py:3820} INFO - Setting next_dagrun for latest_only_with_trigger to 2023-12-19T04:00:00+00:00, run_after=2023-12-19T08:00:00+00:00
[2023-12-19T09:08:57.620+0000] {processor.py:183} INFO - Processing /home/airflow/.local/lib/python3.8/site-packages/airflow/example_dags/example_latest_only_with_trigger.py took 0.066 seconds
[2023-12-19T09:09:27.732+0000] {processor.py:161} INFO - Started process (PID=663) to work on /home/airflow/.local/lib/python3.8/site-packages/airflow/example_dags/example_latest_only_with_trigger.py
[2023-12-19T09:09:27.734+0000] {processor.py:830} INFO - Processing file /home/airflow/.local/lib/python3.8/site-packages/airflow/example_dags/example_latest_only_with_trigger.py for tasks to queue
[2023-12-19T09:09:27.737+0000] {logging_mixin.py:188} INFO - [2023-12-19T09:09:27.736+0000] {dagbag.py:538} INFO - Filling up the DagBag from /home/airflow/.local/lib/python3.8/site-packages/airflow/example_dags/example_latest_only_with_trigger.py
[2023-12-19T09:09:27.742+0000] {processor.py:840} INFO - DAG(s) 'latest_only_with_trigger' retrieved from /home/airflow/.local/lib/python3.8/site-packages/airflow/example_dags/example_latest_only_with_trigger.py
[2023-12-19T09:09:27.760+0000] {logging_mixin.py:188} INFO - [2023-12-19T09:09:27.760+0000] {dag.py:3033} INFO - Sync 1 DAGs
[2023-12-19T09:09:27.777+0000] {logging_mixin.py:188} INFO - [2023-12-19T09:09:27.777+0000] {dag.py:3820} INFO - Setting next_dagrun for latest_only_with_trigger to 2023-12-19T04:00:00+00:00, run_after=2023-12-19T08:00:00+00:00
[2023-12-19T09:09:27.792+0000] {processor.py:183} INFO - Processing /home/airflow/.local/lib/python3.8/site-packages/airflow/example_dags/example_latest_only_with_trigger.py took 0.063 seconds
[2023-12-19T09:09:58.106+0000] {processor.py:161} INFO - Started process (PID=718) to work on /home/airflow/.local/lib/python3.8/site-packages/airflow/example_dags/example_latest_only_with_trigger.py
[2023-12-19T09:09:58.109+0000] {processor.py:830} INFO - Processing file /home/airflow/.local/lib/python3.8/site-packages/airflow/example_dags/example_latest_only_with_trigger.py for tasks to queue
[2023-12-19T09:09:58.113+0000] {logging_mixin.py:188} INFO - [2023-12-19T09:09:58.113+0000] {dagbag.py:538} INFO - Filling up the DagBag from /home/airflow/.local/lib/python3.8/site-packages/airflow/example_dags/example_latest_only_with_trigger.py
[2023-12-19T09:09:58.121+0000] {processor.py:840} INFO - DAG(s) 'latest_only_with_trigger' retrieved from /home/airflow/.local/lib/python3.8/site-packages/airflow/example_dags/example_latest_only_with_trigger.py
[2023-12-19T09:09:58.146+0000] {logging_mixin.py:188} INFO - [2023-12-19T09:09:58.146+0000] {dag.py:3033} INFO - Sync 1 DAGs
[2023-12-19T09:09:58.177+0000] {logging_mixin.py:188} INFO - [2023-12-19T09:09:58.177+0000] {dag.py:3820} INFO - Setting next_dagrun for latest_only_with_trigger to 2023-12-19T04:00:00+00:00, run_after=2023-12-19T08:00:00+00:00
[2023-12-19T09:09:58.199+0000] {processor.py:183} INFO - Processing /home/airflow/.local/lib/python3.8/site-packages/airflow/example_dags/example_latest_only_with_trigger.py took 0.096 seconds
[2023-12-19T09:10:28.421+0000] {processor.py:161} INFO - Started process (PID=774) to work on /home/airflow/.local/lib/python3.8/site-packages/airflow/example_dags/example_latest_only_with_trigger.py
[2023-12-19T09:10:28.424+0000] {processor.py:830} INFO - Processing file /home/airflow/.local/lib/python3.8/site-packages/airflow/example_dags/example_latest_only_with_trigger.py for tasks to queue
[2023-12-19T09:10:28.427+0000] {logging_mixin.py:188} INFO - [2023-12-19T09:10:28.427+0000] {dagbag.py:538} INFO - Filling up the DagBag from /home/airflow/.local/lib/python3.8/site-packages/airflow/example_dags/example_latest_only_with_trigger.py
[2023-12-19T09:10:28.433+0000] {processor.py:840} INFO - DAG(s) 'latest_only_with_trigger' retrieved from /home/airflow/.local/lib/python3.8/site-packages/airflow/example_dags/example_latest_only_with_trigger.py
[2023-12-19T09:10:28.456+0000] {logging_mixin.py:188} INFO - [2023-12-19T09:10:28.455+0000] {dag.py:3033} INFO - Sync 1 DAGs
[2023-12-19T09:10:28.479+0000] {logging_mixin.py:188} INFO - [2023-12-19T09:10:28.478+0000] {dag.py:3820} INFO - Setting next_dagrun for latest_only_with_trigger to 2023-12-19T04:00:00+00:00, run_after=2023-12-19T08:00:00+00:00
[2023-12-19T09:10:28.494+0000] {processor.py:183} INFO - Processing /home/airflow/.local/lib/python3.8/site-packages/airflow/example_dags/example_latest_only_with_trigger.py took 0.080 seconds
[2023-12-19T09:10:58.842+0000] {processor.py:161} INFO - Started process (PID=829) to work on /home/airflow/.local/lib/python3.8/site-packages/airflow/example_dags/example_latest_only_with_trigger.py
[2023-12-19T09:10:58.844+0000] {processor.py:830} INFO - Processing file /home/airflow/.local/lib/python3.8/site-packages/airflow/example_dags/example_latest_only_with_trigger.py for tasks to queue
[2023-12-19T09:10:58.847+0000] {logging_mixin.py:188} INFO - [2023-12-19T09:10:58.847+0000] {dagbag.py:538} INFO - Filling up the DagBag from /home/airflow/.local/lib/python3.8/site-packages/airflow/example_dags/example_latest_only_with_trigger.py
[2023-12-19T09:10:58.853+0000] {processor.py:840} INFO - DAG(s) 'latest_only_with_trigger' retrieved from /home/airflow/.local/lib/python3.8/site-packages/airflow/example_dags/example_latest_only_with_trigger.py
[2023-12-19T09:10:58.873+0000] {logging_mixin.py:188} INFO - [2023-12-19T09:10:58.873+0000] {dag.py:3033} INFO - Sync 1 DAGs
[2023-12-19T09:10:58.891+0000] {logging_mixin.py:188} INFO - [2023-12-19T09:10:58.891+0000] {dag.py:3820} INFO - Setting next_dagrun for latest_only_with_trigger to 2023-12-19T04:00:00+00:00, run_after=2023-12-19T08:00:00+00:00
[2023-12-19T09:10:58.908+0000] {processor.py:183} INFO - Processing /home/airflow/.local/lib/python3.8/site-packages/airflow/example_dags/example_latest_only_with_trigger.py took 0.069 seconds
[2023-12-19T09:11:29.048+0000] {processor.py:161} INFO - Started process (PID=884) to work on /home/airflow/.local/lib/python3.8/site-packages/airflow/example_dags/example_latest_only_with_trigger.py
[2023-12-19T09:11:29.050+0000] {processor.py:830} INFO - Processing file /home/airflow/.local/lib/python3.8/site-packages/airflow/example_dags/example_latest_only_with_trigger.py for tasks to queue
[2023-12-19T09:11:29.053+0000] {logging_mixin.py:188} INFO - [2023-12-19T09:11:29.052+0000] {dagbag.py:538} INFO - Filling up the DagBag from /home/airflow/.local/lib/python3.8/site-packages/airflow/example_dags/example_latest_only_with_trigger.py
[2023-12-19T09:11:29.058+0000] {processor.py:840} INFO - DAG(s) 'latest_only_with_trigger' retrieved from /home/airflow/.local/lib/python3.8/site-packages/airflow/example_dags/example_latest_only_with_trigger.py
[2023-12-19T09:11:29.076+0000] {logging_mixin.py:188} INFO - [2023-12-19T09:11:29.076+0000] {dag.py:3033} INFO - Sync 1 DAGs
[2023-12-19T09:11:29.093+0000] {logging_mixin.py:188} INFO - [2023-12-19T09:11:29.093+0000] {dag.py:3820} INFO - Setting next_dagrun for latest_only_with_trigger to 2023-12-19T04:00:00+00:00, run_after=2023-12-19T08:00:00+00:00
[2023-12-19T09:11:29.108+0000] {processor.py:183} INFO - Processing /home/airflow/.local/lib/python3.8/site-packages/airflow/example_dags/example_latest_only_with_trigger.py took 0.063 seconds
[2023-12-19T09:11:59.485+0000] {processor.py:161} INFO - Started process (PID=939) to work on /home/airflow/.local/lib/python3.8/site-packages/airflow/example_dags/example_latest_only_with_trigger.py
[2023-12-19T09:11:59.487+0000] {processor.py:830} INFO - Processing file /home/airflow/.local/lib/python3.8/site-packages/airflow/example_dags/example_latest_only_with_trigger.py for tasks to queue
[2023-12-19T09:11:59.490+0000] {logging_mixin.py:188} INFO - [2023-12-19T09:11:59.490+0000] {dagbag.py:538} INFO - Filling up the DagBag from /home/airflow/.local/lib/python3.8/site-packages/airflow/example_dags/example_latest_only_with_trigger.py
[2023-12-19T09:11:59.495+0000] {processor.py:840} INFO - DAG(s) 'latest_only_with_trigger' retrieved from /home/airflow/.local/lib/python3.8/site-packages/airflow/example_dags/example_latest_only_with_trigger.py
[2023-12-19T09:11:59.513+0000] {logging_mixin.py:188} INFO - [2023-12-19T09:11:59.513+0000] {dag.py:3033} INFO - Sync 1 DAGs
[2023-12-19T09:11:59.531+0000] {logging_mixin.py:188} INFO - [2023-12-19T09:11:59.531+0000] {dag.py:3820} INFO - Setting next_dagrun for latest_only_with_trigger to 2023-12-19T04:00:00+00:00, run_after=2023-12-19T08:00:00+00:00
[2023-12-19T09:11:59.543+0000] {processor.py:183} INFO - Processing /home/airflow/.local/lib/python3.8/site-packages/airflow/example_dags/example_latest_only_with_trigger.py took 0.061 seconds
[2023-12-19T09:12:30.060+0000] {processor.py:161} INFO - Started process (PID=995) to work on /home/airflow/.local/lib/python3.8/site-packages/airflow/example_dags/example_latest_only_with_trigger.py
[2023-12-19T09:12:30.062+0000] {processor.py:830} INFO - Processing file /home/airflow/.local/lib/python3.8/site-packages/airflow/example_dags/example_latest_only_with_trigger.py for tasks to queue
[2023-12-19T09:12:30.064+0000] {logging_mixin.py:188} INFO - [2023-12-19T09:12:30.064+0000] {dagbag.py:538} INFO - Filling up the DagBag from /home/airflow/.local/lib/python3.8/site-packages/airflow/example_dags/example_latest_only_with_trigger.py
[2023-12-19T09:12:30.068+0000] {processor.py:840} INFO - DAG(s) 'latest_only_with_trigger' retrieved from /home/airflow/.local/lib/python3.8/site-packages/airflow/example_dags/example_latest_only_with_trigger.py
[2023-12-19T09:12:30.084+0000] {logging_mixin.py:188} INFO - [2023-12-19T09:12:30.083+0000] {dag.py:3033} INFO - Sync 1 DAGs
[2023-12-19T09:12:30.097+0000] {logging_mixin.py:188} INFO - [2023-12-19T09:12:30.097+0000] {dag.py:3820} INFO - Setting next_dagrun for latest_only_with_trigger to 2023-12-19T04:00:00+00:00, run_after=2023-12-19T08:00:00+00:00
[2023-12-19T09:12:30.109+0000] {processor.py:183} INFO - Processing /home/airflow/.local/lib/python3.8/site-packages/airflow/example_dags/example_latest_only_with_trigger.py took 0.051 seconds
[2023-12-19T09:13:00.687+0000] {processor.py:161} INFO - Started process (PID=1050) to work on /home/airflow/.local/lib/python3.8/site-packages/airflow/example_dags/example_latest_only_with_trigger.py
[2023-12-19T09:13:00.688+0000] {processor.py:830} INFO - Processing file /home/airflow/.local/lib/python3.8/site-packages/airflow/example_dags/example_latest_only_with_trigger.py for tasks to queue
[2023-12-19T09:13:00.690+0000] {logging_mixin.py:188} INFO - [2023-12-19T09:13:00.690+0000] {dagbag.py:538} INFO - Filling up the DagBag from /home/airflow/.local/lib/python3.8/site-packages/airflow/example_dags/example_latest_only_with_trigger.py
[2023-12-19T09:13:00.695+0000] {processor.py:840} INFO - DAG(s) 'latest_only_with_trigger' retrieved from /home/airflow/.local/lib/python3.8/site-packages/airflow/example_dags/example_latest_only_with_trigger.py
[2023-12-19T09:13:00.710+0000] {logging_mixin.py:188} INFO - [2023-12-19T09:13:00.710+0000] {dag.py:3033} INFO - Sync 1 DAGs
[2023-12-19T09:13:00.728+0000] {logging_mixin.py:188} INFO - [2023-12-19T09:13:00.728+0000] {dag.py:3820} INFO - Setting next_dagrun for latest_only_with_trigger to 2023-12-19T04:00:00+00:00, run_after=2023-12-19T08:00:00+00:00
[2023-12-19T09:13:00.741+0000] {processor.py:183} INFO - Processing /home/airflow/.local/lib/python3.8/site-packages/airflow/example_dags/example_latest_only_with_trigger.py took 0.058 seconds
[2023-12-19T09:13:31.202+0000] {processor.py:161} INFO - Started process (PID=1105) to work on /home/airflow/.local/lib/python3.8/site-packages/airflow/example_dags/example_latest_only_with_trigger.py
[2023-12-19T09:13:31.204+0000] {processor.py:830} INFO - Processing file /home/airflow/.local/lib/python3.8/site-packages/airflow/example_dags/example_latest_only_with_trigger.py for tasks to queue
[2023-12-19T09:13:31.206+0000] {logging_mixin.py:188} INFO - [2023-12-19T09:13:31.206+0000] {dagbag.py:538} INFO - Filling up the DagBag from /home/airflow/.local/lib/python3.8/site-packages/airflow/example_dags/example_latest_only_with_trigger.py
[2023-12-19T09:13:31.211+0000] {processor.py:840} INFO - DAG(s) 'latest_only_with_trigger' retrieved from /home/airflow/.local/lib/python3.8/site-packages/airflow/example_dags/example_latest_only_with_trigger.py
[2023-12-19T09:13:31.225+0000] {logging_mixin.py:188} INFO - [2023-12-19T09:13:31.225+0000] {dag.py:3033} INFO - Sync 1 DAGs
[2023-12-19T09:13:31.239+0000] {logging_mixin.py:188} INFO - [2023-12-19T09:13:31.239+0000] {dag.py:3820} INFO - Setting next_dagrun for latest_only_with_trigger to 2023-12-19T04:00:00+00:00, run_after=2023-12-19T08:00:00+00:00
[2023-12-19T09:13:31.252+0000] {processor.py:183} INFO - Processing /home/airflow/.local/lib/python3.8/site-packages/airflow/example_dags/example_latest_only_with_trigger.py took 0.052 seconds
[2023-12-19T09:14:01.830+0000] {processor.py:161} INFO - Started process (PID=1160) to work on /home/airflow/.local/lib/python3.8/site-packages/airflow/example_dags/example_latest_only_with_trigger.py
[2023-12-19T09:14:01.831+0000] {processor.py:830} INFO - Processing file /home/airflow/.local/lib/python3.8/site-packages/airflow/example_dags/example_latest_only_with_trigger.py for tasks to queue
[2023-12-19T09:14:01.833+0000] {logging_mixin.py:188} INFO - [2023-12-19T09:14:01.833+0000] {dagbag.py:538} INFO - Filling up the DagBag from /home/airflow/.local/lib/python3.8/site-packages/airflow/example_dags/example_latest_only_with_trigger.py
[2023-12-19T09:14:01.839+0000] {processor.py:840} INFO - DAG(s) 'latest_only_with_trigger' retrieved from /home/airflow/.local/lib/python3.8/site-packages/airflow/example_dags/example_latest_only_with_trigger.py
[2023-12-19T09:14:01.854+0000] {logging_mixin.py:188} INFO - [2023-12-19T09:14:01.854+0000] {dag.py:3033} INFO - Sync 1 DAGs
[2023-12-19T09:14:01.873+0000] {logging_mixin.py:188} INFO - [2023-12-19T09:14:01.873+0000] {dag.py:3820} INFO - Setting next_dagrun for latest_only_with_trigger to 2023-12-19T04:00:00+00:00, run_after=2023-12-19T08:00:00+00:00
[2023-12-19T09:14:01.887+0000] {processor.py:183} INFO - Processing /home/airflow/.local/lib/python3.8/site-packages/airflow/example_dags/example_latest_only_with_trigger.py took 0.060 seconds
[2023-12-19T09:14:32.330+0000] {processor.py:161} INFO - Started process (PID=1215) to work on /home/airflow/.local/lib/python3.8/site-packages/airflow/example_dags/example_latest_only_with_trigger.py
[2023-12-19T09:14:32.332+0000] {processor.py:830} INFO - Processing file /home/airflow/.local/lib/python3.8/site-packages/airflow/example_dags/example_latest_only_with_trigger.py for tasks to queue
[2023-12-19T09:14:32.334+0000] {logging_mixin.py:188} INFO - [2023-12-19T09:14:32.334+0000] {dagbag.py:538} INFO - Filling up the DagBag from /home/airflow/.local/lib/python3.8/site-packages/airflow/example_dags/example_latest_only_with_trigger.py
[2023-12-19T09:14:32.337+0000] {processor.py:840} INFO - DAG(s) 'latest_only_with_trigger' retrieved from /home/airflow/.local/lib/python3.8/site-packages/airflow/example_dags/example_latest_only_with_trigger.py
[2023-12-19T09:14:32.352+0000] {logging_mixin.py:188} INFO - [2023-12-19T09:14:32.352+0000] {dag.py:3033} INFO - Sync 1 DAGs
[2023-12-19T09:14:32.366+0000] {logging_mixin.py:188} INFO - [2023-12-19T09:14:32.366+0000] {dag.py:3820} INFO - Setting next_dagrun for latest_only_with_trigger to 2023-12-19T04:00:00+00:00, run_after=2023-12-19T08:00:00+00:00
[2023-12-19T09:14:32.377+0000] {processor.py:183} INFO - Processing /home/airflow/.local/lib/python3.8/site-packages/airflow/example_dags/example_latest_only_with_trigger.py took 0.049 seconds
[2023-12-19T09:15:02.789+0000] {processor.py:161} INFO - Started process (PID=1270) to work on /home/airflow/.local/lib/python3.8/site-packages/airflow/example_dags/example_latest_only_with_trigger.py
[2023-12-19T09:15:02.790+0000] {processor.py:830} INFO - Processing file /home/airflow/.local/lib/python3.8/site-packages/airflow/example_dags/example_latest_only_with_trigger.py for tasks to queue
[2023-12-19T09:15:02.792+0000] {logging_mixin.py:188} INFO - [2023-12-19T09:15:02.792+0000] {dagbag.py:538} INFO - Filling up the DagBag from /home/airflow/.local/lib/python3.8/site-packages/airflow/example_dags/example_latest_only_with_trigger.py
[2023-12-19T09:15:02.796+0000] {processor.py:840} INFO - DAG(s) 'latest_only_with_trigger' retrieved from /home/airflow/.local/lib/python3.8/site-packages/airflow/example_dags/example_latest_only_with_trigger.py
[2023-12-19T09:15:02.811+0000] {logging_mixin.py:188} INFO - [2023-12-19T09:15:02.811+0000] {dag.py:3033} INFO - Sync 1 DAGs
[2023-12-19T09:15:02.826+0000] {logging_mixin.py:188} INFO - [2023-12-19T09:15:02.825+0000] {dag.py:3820} INFO - Setting next_dagrun for latest_only_with_trigger to 2023-12-19T04:00:00+00:00, run_after=2023-12-19T08:00:00+00:00
[2023-12-19T09:15:02.838+0000] {processor.py:183} INFO - Processing /home/airflow/.local/lib/python3.8/site-packages/airflow/example_dags/example_latest_only_with_trigger.py took 0.052 seconds
[2023-12-19T09:15:33.556+0000] {processor.py:161} INFO - Started process (PID=1325) to work on /home/airflow/.local/lib/python3.8/site-packages/airflow/example_dags/example_latest_only_with_trigger.py
[2023-12-19T09:15:33.557+0000] {processor.py:830} INFO - Processing file /home/airflow/.local/lib/python3.8/site-packages/airflow/example_dags/example_latest_only_with_trigger.py for tasks to queue
[2023-12-19T09:15:33.559+0000] {logging_mixin.py:188} INFO - [2023-12-19T09:15:33.559+0000] {dagbag.py:538} INFO - Filling up the DagBag from /home/airflow/.local/lib/python3.8/site-packages/airflow/example_dags/example_latest_only_with_trigger.py
[2023-12-19T09:15:33.565+0000] {processor.py:840} INFO - DAG(s) 'latest_only_with_trigger' retrieved from /home/airflow/.local/lib/python3.8/site-packages/airflow/example_dags/example_latest_only_with_trigger.py
[2023-12-19T09:15:33.579+0000] {logging_mixin.py:188} INFO - [2023-12-19T09:15:33.579+0000] {dag.py:3033} INFO - Sync 1 DAGs
[2023-12-19T09:15:33.592+0000] {logging_mixin.py:188} INFO - [2023-12-19T09:15:33.592+0000] {dag.py:3820} INFO - Setting next_dagrun for latest_only_with_trigger to 2023-12-19T04:00:00+00:00, run_after=2023-12-19T08:00:00+00:00
[2023-12-19T09:15:33.603+0000] {processor.py:183} INFO - Processing /home/airflow/.local/lib/python3.8/site-packages/airflow/example_dags/example_latest_only_with_trigger.py took 0.050 seconds
[2023-12-19T09:16:04.144+0000] {processor.py:161} INFO - Started process (PID=1380) to work on /home/airflow/.local/lib/python3.8/site-packages/airflow/example_dags/example_latest_only_with_trigger.py
[2023-12-19T09:16:04.145+0000] {processor.py:830} INFO - Processing file /home/airflow/.local/lib/python3.8/site-packages/airflow/example_dags/example_latest_only_with_trigger.py for tasks to queue
[2023-12-19T09:16:04.147+0000] {logging_mixin.py:188} INFO - [2023-12-19T09:16:04.147+0000] {dagbag.py:538} INFO - Filling up the DagBag from /home/airflow/.local/lib/python3.8/site-packages/airflow/example_dags/example_latest_only_with_trigger.py
[2023-12-19T09:16:04.152+0000] {processor.py:840} INFO - DAG(s) 'latest_only_with_trigger' retrieved from /home/airflow/.local/lib/python3.8/site-packages/airflow/example_dags/example_latest_only_with_trigger.py
[2023-12-19T09:16:04.172+0000] {logging_mixin.py:188} INFO - [2023-12-19T09:16:04.171+0000] {dag.py:3033} INFO - Sync 1 DAGs
[2023-12-19T09:16:04.186+0000] {logging_mixin.py:188} INFO - [2023-12-19T09:16:04.185+0000] {dag.py:3820} INFO - Setting next_dagrun for latest_only_with_trigger to 2023-12-19T04:00:00+00:00, run_after=2023-12-19T08:00:00+00:00
[2023-12-19T09:16:04.197+0000] {processor.py:183} INFO - Processing /home/airflow/.local/lib/python3.8/site-packages/airflow/example_dags/example_latest_only_with_trigger.py took 0.056 seconds
[2023-12-19T09:16:34.626+0000] {processor.py:161} INFO - Started process (PID=1435) to work on /home/airflow/.local/lib/python3.8/site-packages/airflow/example_dags/example_latest_only_with_trigger.py
[2023-12-19T09:16:34.627+0000] {processor.py:830} INFO - Processing file /home/airflow/.local/lib/python3.8/site-packages/airflow/example_dags/example_latest_only_with_trigger.py for tasks to queue
[2023-12-19T09:16:34.629+0000] {logging_mixin.py:188} INFO - [2023-12-19T09:16:34.629+0000] {dagbag.py:538} INFO - Filling up the DagBag from /home/airflow/.local/lib/python3.8/site-packages/airflow/example_dags/example_latest_only_with_trigger.py
[2023-12-19T09:16:34.633+0000] {processor.py:840} INFO - DAG(s) 'latest_only_with_trigger' retrieved from /home/airflow/.local/lib/python3.8/site-packages/airflow/example_dags/example_latest_only_with_trigger.py
[2023-12-19T09:16:34.648+0000] {logging_mixin.py:188} INFO - [2023-12-19T09:16:34.647+0000] {dag.py:3033} INFO - Sync 1 DAGs
[2023-12-19T09:16:34.662+0000] {logging_mixin.py:188} INFO - [2023-12-19T09:16:34.662+0000] {dag.py:3820} INFO - Setting next_dagrun for latest_only_with_trigger to 2023-12-19T04:00:00+00:00, run_after=2023-12-19T08:00:00+00:00
[2023-12-19T09:16:34.674+0000] {processor.py:183} INFO - Processing /home/airflow/.local/lib/python3.8/site-packages/airflow/example_dags/example_latest_only_with_trigger.py took 0.051 seconds
[2023-12-19T09:17:05.282+0000] {processor.py:161} INFO - Started process (PID=1490) to work on /home/airflow/.local/lib/python3.8/site-packages/airflow/example_dags/example_latest_only_with_trigger.py
[2023-12-19T09:17:05.283+0000] {processor.py:830} INFO - Processing file /home/airflow/.local/lib/python3.8/site-packages/airflow/example_dags/example_latest_only_with_trigger.py for tasks to queue
[2023-12-19T09:17:05.286+0000] {logging_mixin.py:188} INFO - [2023-12-19T09:17:05.286+0000] {dagbag.py:538} INFO - Filling up the DagBag from /home/airflow/.local/lib/python3.8/site-packages/airflow/example_dags/example_latest_only_with_trigger.py
[2023-12-19T09:17:05.291+0000] {processor.py:840} INFO - DAG(s) 'latest_only_with_trigger' retrieved from /home/airflow/.local/lib/python3.8/site-packages/airflow/example_dags/example_latest_only_with_trigger.py
[2023-12-19T09:17:05.306+0000] {logging_mixin.py:188} INFO - [2023-12-19T09:17:05.306+0000] {dag.py:3033} INFO - Sync 1 DAGs
[2023-12-19T09:17:05.320+0000] {logging_mixin.py:188} INFO - [2023-12-19T09:17:05.320+0000] {dag.py:3820} INFO - Setting next_dagrun for latest_only_with_trigger to 2023-12-19T04:00:00+00:00, run_after=2023-12-19T08:00:00+00:00
[2023-12-19T09:17:05.331+0000] {processor.py:183} INFO - Processing /home/airflow/.local/lib/python3.8/site-packages/airflow/example_dags/example_latest_only_with_trigger.py took 0.052 seconds
[2023-12-19T09:17:35.795+0000] {processor.py:161} INFO - Started process (PID=1545) to work on /home/airflow/.local/lib/python3.8/site-packages/airflow/example_dags/example_latest_only_with_trigger.py
[2023-12-19T09:17:35.797+0000] {processor.py:830} INFO - Processing file /home/airflow/.local/lib/python3.8/site-packages/airflow/example_dags/example_latest_only_with_trigger.py for tasks to queue
[2023-12-19T09:17:35.799+0000] {logging_mixin.py:188} INFO - [2023-12-19T09:17:35.799+0000] {dagbag.py:538} INFO - Filling up the DagBag from /home/airflow/.local/lib/python3.8/site-packages/airflow/example_dags/example_latest_only_with_trigger.py
[2023-12-19T09:17:35.804+0000] {processor.py:840} INFO - DAG(s) 'latest_only_with_trigger' retrieved from /home/airflow/.local/lib/python3.8/site-packages/airflow/example_dags/example_latest_only_with_trigger.py
[2023-12-19T09:17:35.819+0000] {logging_mixin.py:188} INFO - [2023-12-19T09:17:35.819+0000] {dag.py:3033} INFO - Sync 1 DAGs
[2023-12-19T09:17:35.838+0000] {logging_mixin.py:188} INFO - [2023-12-19T09:17:35.837+0000] {dag.py:3820} INFO - Setting next_dagrun for latest_only_with_trigger to 2023-12-19T04:00:00+00:00, run_after=2023-12-19T08:00:00+00:00
[2023-12-19T09:17:35.850+0000] {processor.py:183} INFO - Processing /home/airflow/.local/lib/python3.8/site-packages/airflow/example_dags/example_latest_only_with_trigger.py took 0.058 seconds
[2023-12-19T09:18:06.300+0000] {processor.py:161} INFO - Started process (PID=1600) to work on /home/airflow/.local/lib/python3.8/site-packages/airflow/example_dags/example_latest_only_with_trigger.py
[2023-12-19T09:18:06.302+0000] {processor.py:830} INFO - Processing file /home/airflow/.local/lib/python3.8/site-packages/airflow/example_dags/example_latest_only_with_trigger.py for tasks to queue
[2023-12-19T09:18:06.304+0000] {logging_mixin.py:188} INFO - [2023-12-19T09:18:06.304+0000] {dagbag.py:538} INFO - Filling up the DagBag from /home/airflow/.local/lib/python3.8/site-packages/airflow/example_dags/example_latest_only_with_trigger.py
[2023-12-19T09:18:06.310+0000] {processor.py:840} INFO - DAG(s) 'latest_only_with_trigger' retrieved from /home/airflow/.local/lib/python3.8/site-packages/airflow/example_dags/example_latest_only_with_trigger.py
[2023-12-19T09:18:06.325+0000] {logging_mixin.py:188} INFO - [2023-12-19T09:18:06.325+0000] {dag.py:3033} INFO - Sync 1 DAGs
[2023-12-19T09:18:06.339+0000] {logging_mixin.py:188} INFO - [2023-12-19T09:18:06.339+0000] {dag.py:3820} INFO - Setting next_dagrun for latest_only_with_trigger to 2023-12-19T04:00:00+00:00, run_after=2023-12-19T08:00:00+00:00
[2023-12-19T09:18:06.351+0000] {processor.py:183} INFO - Processing /home/airflow/.local/lib/python3.8/site-packages/airflow/example_dags/example_latest_only_with_trigger.py took 0.053 seconds
[2023-12-19T09:18:36.890+0000] {processor.py:161} INFO - Started process (PID=1655) to work on /home/airflow/.local/lib/python3.8/site-packages/airflow/example_dags/example_latest_only_with_trigger.py
[2023-12-19T09:18:36.892+0000] {processor.py:830} INFO - Processing file /home/airflow/.local/lib/python3.8/site-packages/airflow/example_dags/example_latest_only_with_trigger.py for tasks to queue
[2023-12-19T09:18:36.895+0000] {logging_mixin.py:188} INFO - [2023-12-19T09:18:36.895+0000] {dagbag.py:538} INFO - Filling up the DagBag from /home/airflow/.local/lib/python3.8/site-packages/airflow/example_dags/example_latest_only_with_trigger.py
[2023-12-19T09:18:36.899+0000] {processor.py:840} INFO - DAG(s) 'latest_only_with_trigger' retrieved from /home/airflow/.local/lib/python3.8/site-packages/airflow/example_dags/example_latest_only_with_trigger.py
[2023-12-19T09:18:36.915+0000] {logging_mixin.py:188} INFO - [2023-12-19T09:18:36.915+0000] {dag.py:3033} INFO - Sync 1 DAGs
[2023-12-19T09:18:36.932+0000] {logging_mixin.py:188} INFO - [2023-12-19T09:18:36.932+0000] {dag.py:3820} INFO - Setting next_dagrun for latest_only_with_trigger to 2023-12-19T04:00:00+00:00, run_after=2023-12-19T08:00:00+00:00
[2023-12-19T09:18:36.945+0000] {processor.py:183} INFO - Processing /home/airflow/.local/lib/python3.8/site-packages/airflow/example_dags/example_latest_only_with_trigger.py took 0.057 seconds
[2023-12-19T09:19:08.051+0000] {processor.py:161} INFO - Started process (PID=1710) to work on /home/airflow/.local/lib/python3.8/site-packages/airflow/example_dags/example_latest_only_with_trigger.py
[2023-12-19T09:19:08.052+0000] {processor.py:830} INFO - Processing file /home/airflow/.local/lib/python3.8/site-packages/airflow/example_dags/example_latest_only_with_trigger.py for tasks to queue
[2023-12-19T09:19:08.055+0000] {logging_mixin.py:188} INFO - [2023-12-19T09:19:08.055+0000] {dagbag.py:538} INFO - Filling up the DagBag from /home/airflow/.local/lib/python3.8/site-packages/airflow/example_dags/example_latest_only_with_trigger.py
[2023-12-19T09:19:08.060+0000] {processor.py:840} INFO - DAG(s) 'latest_only_with_trigger' retrieved from /home/airflow/.local/lib/python3.8/site-packages/airflow/example_dags/example_latest_only_with_trigger.py
[2023-12-19T09:19:08.077+0000] {logging_mixin.py:188} INFO - [2023-12-19T09:19:08.076+0000] {dag.py:3033} INFO - Sync 1 DAGs
[2023-12-19T09:19:08.093+0000] {logging_mixin.py:188} INFO - [2023-12-19T09:19:08.093+0000] {dag.py:3820} INFO - Setting next_dagrun for latest_only_with_trigger to 2023-12-19T04:00:00+00:00, run_after=2023-12-19T08:00:00+00:00
[2023-12-19T09:19:08.106+0000] {processor.py:183} INFO - Processing /home/airflow/.local/lib/python3.8/site-packages/airflow/example_dags/example_latest_only_with_trigger.py took 0.058 seconds
[2023-12-19T09:19:39.232+0000] {processor.py:161} INFO - Started process (PID=1765) to work on /home/airflow/.local/lib/python3.8/site-packages/airflow/example_dags/example_latest_only_with_trigger.py
[2023-12-19T09:19:39.234+0000] {processor.py:830} INFO - Processing file /home/airflow/.local/lib/python3.8/site-packages/airflow/example_dags/example_latest_only_with_trigger.py for tasks to queue
[2023-12-19T09:19:39.236+0000] {logging_mixin.py:188} INFO - [2023-12-19T09:19:39.236+0000] {dagbag.py:538} INFO - Filling up the DagBag from /home/airflow/.local/lib/python3.8/site-packages/airflow/example_dags/example_latest_only_with_trigger.py
[2023-12-19T09:19:39.241+0000] {processor.py:840} INFO - DAG(s) 'latest_only_with_trigger' retrieved from /home/airflow/.local/lib/python3.8/site-packages/airflow/example_dags/example_latest_only_with_trigger.py
[2023-12-19T09:19:39.258+0000] {logging_mixin.py:188} INFO - [2023-12-19T09:19:39.257+0000] {dag.py:3033} INFO - Sync 1 DAGs
[2023-12-19T09:19:39.361+0000] {logging_mixin.py:188} INFO - [2023-12-19T09:19:39.361+0000] {dag.py:3820} INFO - Setting next_dagrun for latest_only_with_trigger to 2023-12-19T04:00:00+00:00, run_after=2023-12-19T08:00:00+00:00
[2023-12-19T09:19:39.372+0000] {processor.py:183} INFO - Processing /home/airflow/.local/lib/python3.8/site-packages/airflow/example_dags/example_latest_only_with_trigger.py took 0.142 seconds
[2023-12-19T09:20:09.903+0000] {processor.py:161} INFO - Started process (PID=1819) to work on /home/airflow/.local/lib/python3.8/site-packages/airflow/example_dags/example_latest_only_with_trigger.py
[2023-12-19T09:20:09.906+0000] {processor.py:830} INFO - Processing file /home/airflow/.local/lib/python3.8/site-packages/airflow/example_dags/example_latest_only_with_trigger.py for tasks to queue
[2023-12-19T09:20:09.908+0000] {logging_mixin.py:188} INFO - [2023-12-19T09:20:09.907+0000] {dagbag.py:538} INFO - Filling up the DagBag from /home/airflow/.local/lib/python3.8/site-packages/airflow/example_dags/example_latest_only_with_trigger.py
[2023-12-19T09:20:09.912+0000] {processor.py:840} INFO - DAG(s) 'latest_only_with_trigger' retrieved from /home/airflow/.local/lib/python3.8/site-packages/airflow/example_dags/example_latest_only_with_trigger.py
[2023-12-19T09:20:09.933+0000] {logging_mixin.py:188} INFO - [2023-12-19T09:20:09.933+0000] {dag.py:3033} INFO - Sync 1 DAGs
[2023-12-19T09:20:09.946+0000] {logging_mixin.py:188} INFO - [2023-12-19T09:20:09.946+0000] {dag.py:3820} INFO - Setting next_dagrun for latest_only_with_trigger to 2023-12-19T04:00:00+00:00, run_after=2023-12-19T08:00:00+00:00
[2023-12-19T09:20:09.958+0000] {processor.py:183} INFO - Processing /home/airflow/.local/lib/python3.8/site-packages/airflow/example_dags/example_latest_only_with_trigger.py took 0.057 seconds
[2023-12-19T09:20:40.101+0000] {processor.py:161} INFO - Started process (PID=1874) to work on /home/airflow/.local/lib/python3.8/site-packages/airflow/example_dags/example_latest_only_with_trigger.py
[2023-12-19T09:20:40.103+0000] {processor.py:830} INFO - Processing file /home/airflow/.local/lib/python3.8/site-packages/airflow/example_dags/example_latest_only_with_trigger.py for tasks to queue
[2023-12-19T09:20:40.105+0000] {logging_mixin.py:188} INFO - [2023-12-19T09:20:40.105+0000] {dagbag.py:538} INFO - Filling up the DagBag from /home/airflow/.local/lib/python3.8/site-packages/airflow/example_dags/example_latest_only_with_trigger.py
[2023-12-19T09:20:40.110+0000] {processor.py:840} INFO - DAG(s) 'latest_only_with_trigger' retrieved from /home/airflow/.local/lib/python3.8/site-packages/airflow/example_dags/example_latest_only_with_trigger.py
[2023-12-19T09:20:40.130+0000] {logging_mixin.py:188} INFO - [2023-12-19T09:20:40.130+0000] {dag.py:3033} INFO - Sync 1 DAGs
[2023-12-19T09:20:40.148+0000] {logging_mixin.py:188} INFO - [2023-12-19T09:20:40.147+0000] {dag.py:3820} INFO - Setting next_dagrun for latest_only_with_trigger to 2023-12-19T04:00:00+00:00, run_after=2023-12-19T08:00:00+00:00
[2023-12-19T09:20:40.169+0000] {processor.py:183} INFO - Processing /home/airflow/.local/lib/python3.8/site-packages/airflow/example_dags/example_latest_only_with_trigger.py took 0.070 seconds
[2023-12-19T09:21:10.905+0000] {processor.py:161} INFO - Started process (PID=1929) to work on /home/airflow/.local/lib/python3.8/site-packages/airflow/example_dags/example_latest_only_with_trigger.py
[2023-12-19T09:21:10.906+0000] {processor.py:830} INFO - Processing file /home/airflow/.local/lib/python3.8/site-packages/airflow/example_dags/example_latest_only_with_trigger.py for tasks to queue
[2023-12-19T09:21:10.908+0000] {logging_mixin.py:188} INFO - [2023-12-19T09:21:10.908+0000] {dagbag.py:538} INFO - Filling up the DagBag from /home/airflow/.local/lib/python3.8/site-packages/airflow/example_dags/example_latest_only_with_trigger.py
[2023-12-19T09:21:10.913+0000] {processor.py:840} INFO - DAG(s) 'latest_only_with_trigger' retrieved from /home/airflow/.local/lib/python3.8/site-packages/airflow/example_dags/example_latest_only_with_trigger.py
[2023-12-19T09:21:10.928+0000] {logging_mixin.py:188} INFO - [2023-12-19T09:21:10.928+0000] {dag.py:3033} INFO - Sync 1 DAGs
[2023-12-19T09:21:10.940+0000] {logging_mixin.py:188} INFO - [2023-12-19T09:21:10.940+0000] {dag.py:3820} INFO - Setting next_dagrun for latest_only_with_trigger to 2023-12-19T04:00:00+00:00, run_after=2023-12-19T08:00:00+00:00
[2023-12-19T09:21:10.951+0000] {processor.py:183} INFO - Processing /home/airflow/.local/lib/python3.8/site-packages/airflow/example_dags/example_latest_only_with_trigger.py took 0.049 seconds
[2023-12-19T09:21:42.153+0000] {processor.py:161} INFO - Started process (PID=1990) to work on /home/airflow/.local/lib/python3.8/site-packages/airflow/example_dags/example_latest_only_with_trigger.py
[2023-12-19T09:21:42.156+0000] {processor.py:830} INFO - Processing file /home/airflow/.local/lib/python3.8/site-packages/airflow/example_dags/example_latest_only_with_trigger.py for tasks to queue
[2023-12-19T09:21:42.158+0000] {logging_mixin.py:188} INFO - [2023-12-19T09:21:42.158+0000] {dagbag.py:538} INFO - Filling up the DagBag from /home/airflow/.local/lib/python3.8/site-packages/airflow/example_dags/example_latest_only_with_trigger.py
[2023-12-19T09:21:42.163+0000] {processor.py:840} INFO - DAG(s) 'latest_only_with_trigger' retrieved from /home/airflow/.local/lib/python3.8/site-packages/airflow/example_dags/example_latest_only_with_trigger.py
[2023-12-19T09:21:42.287+0000] {logging_mixin.py:188} INFO - [2023-12-19T09:21:42.287+0000] {dag.py:3033} INFO - Sync 1 DAGs
[2023-12-19T09:21:42.298+0000] {logging_mixin.py:188} INFO - [2023-12-19T09:21:42.298+0000] {dag.py:3820} INFO - Setting next_dagrun for latest_only_with_trigger to 2023-12-19T04:00:00+00:00, run_after=2023-12-19T08:00:00+00:00
[2023-12-19T09:21:42.310+0000] {processor.py:183} INFO - Processing /home/airflow/.local/lib/python3.8/site-packages/airflow/example_dags/example_latest_only_with_trigger.py took 0.158 seconds
[2023-12-19T09:22:12.918+0000] {processor.py:161} INFO - Started process (PID=2045) to work on /home/airflow/.local/lib/python3.8/site-packages/airflow/example_dags/example_latest_only_with_trigger.py
[2023-12-19T09:22:12.920+0000] {processor.py:830} INFO - Processing file /home/airflow/.local/lib/python3.8/site-packages/airflow/example_dags/example_latest_only_with_trigger.py for tasks to queue
[2023-12-19T09:22:12.924+0000] {logging_mixin.py:188} INFO - [2023-12-19T09:22:12.924+0000] {dagbag.py:538} INFO - Filling up the DagBag from /home/airflow/.local/lib/python3.8/site-packages/airflow/example_dags/example_latest_only_with_trigger.py
[2023-12-19T09:22:12.928+0000] {processor.py:840} INFO - DAG(s) 'latest_only_with_trigger' retrieved from /home/airflow/.local/lib/python3.8/site-packages/airflow/example_dags/example_latest_only_with_trigger.py
[2023-12-19T09:22:12.945+0000] {logging_mixin.py:188} INFO - [2023-12-19T09:22:12.945+0000] {dag.py:3033} INFO - Sync 1 DAGs
[2023-12-19T09:22:13.056+0000] {logging_mixin.py:188} INFO - [2023-12-19T09:22:13.056+0000] {dag.py:3820} INFO - Setting next_dagrun for latest_only_with_trigger to 2023-12-19T04:00:00+00:00, run_after=2023-12-19T08:00:00+00:00
[2023-12-19T09:22:13.069+0000] {processor.py:183} INFO - Processing /home/airflow/.local/lib/python3.8/site-packages/airflow/example_dags/example_latest_only_with_trigger.py took 0.155 seconds
[2023-12-19T09:22:43.325+0000] {processor.py:161} INFO - Started process (PID=2100) to work on /home/airflow/.local/lib/python3.8/site-packages/airflow/example_dags/example_latest_only_with_trigger.py
[2023-12-19T09:22:43.327+0000] {processor.py:830} INFO - Processing file /home/airflow/.local/lib/python3.8/site-packages/airflow/example_dags/example_latest_only_with_trigger.py for tasks to queue
[2023-12-19T09:22:43.329+0000] {logging_mixin.py:188} INFO - [2023-12-19T09:22:43.329+0000] {dagbag.py:538} INFO - Filling up the DagBag from /home/airflow/.local/lib/python3.8/site-packages/airflow/example_dags/example_latest_only_with_trigger.py
[2023-12-19T09:22:43.333+0000] {processor.py:840} INFO - DAG(s) 'latest_only_with_trigger' retrieved from /home/airflow/.local/lib/python3.8/site-packages/airflow/example_dags/example_latest_only_with_trigger.py
[2023-12-19T09:22:43.348+0000] {logging_mixin.py:188} INFO - [2023-12-19T09:22:43.348+0000] {dag.py:3033} INFO - Sync 1 DAGs
[2023-12-19T09:22:43.362+0000] {logging_mixin.py:188} INFO - [2023-12-19T09:22:43.361+0000] {dag.py:3820} INFO - Setting next_dagrun for latest_only_with_trigger to 2023-12-19T04:00:00+00:00, run_after=2023-12-19T08:00:00+00:00
[2023-12-19T09:22:43.375+0000] {processor.py:183} INFO - Processing /home/airflow/.local/lib/python3.8/site-packages/airflow/example_dags/example_latest_only_with_trigger.py took 0.052 seconds
[2023-12-19T09:23:13.967+0000] {processor.py:161} INFO - Started process (PID=2155) to work on /home/airflow/.local/lib/python3.8/site-packages/airflow/example_dags/example_latest_only_with_trigger.py
[2023-12-19T09:23:13.968+0000] {processor.py:830} INFO - Processing file /home/airflow/.local/lib/python3.8/site-packages/airflow/example_dags/example_latest_only_with_trigger.py for tasks to queue
[2023-12-19T09:23:13.970+0000] {logging_mixin.py:188} INFO - [2023-12-19T09:23:13.970+0000] {dagbag.py:538} INFO - Filling up the DagBag from /home/airflow/.local/lib/python3.8/site-packages/airflow/example_dags/example_latest_only_with_trigger.py
[2023-12-19T09:23:13.974+0000] {processor.py:840} INFO - DAG(s) 'latest_only_with_trigger' retrieved from /home/airflow/.local/lib/python3.8/site-packages/airflow/example_dags/example_latest_only_with_trigger.py
[2023-12-19T09:23:13.990+0000] {logging_mixin.py:188} INFO - [2023-12-19T09:23:13.990+0000] {dag.py:3033} INFO - Sync 1 DAGs
[2023-12-19T09:23:14.003+0000] {logging_mixin.py:188} INFO - [2023-12-19T09:23:14.003+0000] {dag.py:3820} INFO - Setting next_dagrun for latest_only_with_trigger to 2023-12-19T04:00:00+00:00, run_after=2023-12-19T08:00:00+00:00
[2023-12-19T09:23:14.014+0000] {processor.py:183} INFO - Processing /home/airflow/.local/lib/python3.8/site-packages/airflow/example_dags/example_latest_only_with_trigger.py took 0.050 seconds
[2023-12-19T09:23:44.698+0000] {processor.py:161} INFO - Started process (PID=2210) to work on /home/airflow/.local/lib/python3.8/site-packages/airflow/example_dags/example_latest_only_with_trigger.py
[2023-12-19T09:23:44.700+0000] {processor.py:830} INFO - Processing file /home/airflow/.local/lib/python3.8/site-packages/airflow/example_dags/example_latest_only_with_trigger.py for tasks to queue
[2023-12-19T09:23:44.703+0000] {logging_mixin.py:188} INFO - [2023-12-19T09:23:44.702+0000] {dagbag.py:538} INFO - Filling up the DagBag from /home/airflow/.local/lib/python3.8/site-packages/airflow/example_dags/example_latest_only_with_trigger.py
[2023-12-19T09:23:44.708+0000] {processor.py:840} INFO - DAG(s) 'latest_only_with_trigger' retrieved from /home/airflow/.local/lib/python3.8/site-packages/airflow/example_dags/example_latest_only_with_trigger.py
[2023-12-19T09:23:44.723+0000] {logging_mixin.py:188} INFO - [2023-12-19T09:23:44.722+0000] {dag.py:3033} INFO - Sync 1 DAGs
[2023-12-19T09:23:44.738+0000] {logging_mixin.py:188} INFO - [2023-12-19T09:23:44.738+0000] {dag.py:3820} INFO - Setting next_dagrun for latest_only_with_trigger to 2023-12-19T04:00:00+00:00, run_after=2023-12-19T08:00:00+00:00
[2023-12-19T09:23:44.751+0000] {processor.py:183} INFO - Processing /home/airflow/.local/lib/python3.8/site-packages/airflow/example_dags/example_latest_only_with_trigger.py took 0.055 seconds
[2023-12-19T09:24:15.268+0000] {processor.py:161} INFO - Started process (PID=2264) to work on /home/airflow/.local/lib/python3.8/site-packages/airflow/example_dags/example_latest_only_with_trigger.py
[2023-12-19T09:24:15.270+0000] {processor.py:830} INFO - Processing file /home/airflow/.local/lib/python3.8/site-packages/airflow/example_dags/example_latest_only_with_trigger.py for tasks to queue
[2023-12-19T09:24:15.272+0000] {logging_mixin.py:188} INFO - [2023-12-19T09:24:15.272+0000] {dagbag.py:538} INFO - Filling up the DagBag from /home/airflow/.local/lib/python3.8/site-packages/airflow/example_dags/example_latest_only_with_trigger.py
[2023-12-19T09:24:15.277+0000] {processor.py:840} INFO - DAG(s) 'latest_only_with_trigger' retrieved from /home/airflow/.local/lib/python3.8/site-packages/airflow/example_dags/example_latest_only_with_trigger.py
[2023-12-19T09:24:15.297+0000] {logging_mixin.py:188} INFO - [2023-12-19T09:24:15.297+0000] {dag.py:3033} INFO - Sync 1 DAGs
[2023-12-19T09:24:15.310+0000] {logging_mixin.py:188} INFO - [2023-12-19T09:24:15.310+0000] {dag.py:3820} INFO - Setting next_dagrun for latest_only_with_trigger to 2023-12-19T04:00:00+00:00, run_after=2023-12-19T08:00:00+00:00
[2023-12-19T09:24:15.323+0000] {processor.py:183} INFO - Processing /home/airflow/.local/lib/python3.8/site-packages/airflow/example_dags/example_latest_only_with_trigger.py took 0.058 seconds
[2023-12-19T09:24:45.636+0000] {processor.py:161} INFO - Started process (PID=2319) to work on /home/airflow/.local/lib/python3.8/site-packages/airflow/example_dags/example_latest_only_with_trigger.py
[2023-12-19T09:24:45.638+0000] {processor.py:830} INFO - Processing file /home/airflow/.local/lib/python3.8/site-packages/airflow/example_dags/example_latest_only_with_trigger.py for tasks to queue
[2023-12-19T09:24:45.640+0000] {logging_mixin.py:188} INFO - [2023-12-19T09:24:45.640+0000] {dagbag.py:538} INFO - Filling up the DagBag from /home/airflow/.local/lib/python3.8/site-packages/airflow/example_dags/example_latest_only_with_trigger.py
[2023-12-19T09:24:45.644+0000] {processor.py:840} INFO - DAG(s) 'latest_only_with_trigger' retrieved from /home/airflow/.local/lib/python3.8/site-packages/airflow/example_dags/example_latest_only_with_trigger.py
[2023-12-19T09:24:45.662+0000] {logging_mixin.py:188} INFO - [2023-12-19T09:24:45.661+0000] {dag.py:3033} INFO - Sync 1 DAGs
[2023-12-19T09:24:45.676+0000] {logging_mixin.py:188} INFO - [2023-12-19T09:24:45.676+0000] {dag.py:3820} INFO - Setting next_dagrun for latest_only_with_trigger to 2023-12-19T04:00:00+00:00, run_after=2023-12-19T08:00:00+00:00
[2023-12-19T09:24:45.688+0000] {processor.py:183} INFO - Processing /home/airflow/.local/lib/python3.8/site-packages/airflow/example_dags/example_latest_only_with_trigger.py took 0.055 seconds
[2023-12-19T09:25:16.126+0000] {processor.py:161} INFO - Started process (PID=2374) to work on /home/airflow/.local/lib/python3.8/site-packages/airflow/example_dags/example_latest_only_with_trigger.py
[2023-12-19T09:25:16.127+0000] {processor.py:830} INFO - Processing file /home/airflow/.local/lib/python3.8/site-packages/airflow/example_dags/example_latest_only_with_trigger.py for tasks to queue
[2023-12-19T09:25:16.129+0000] {logging_mixin.py:188} INFO - [2023-12-19T09:25:16.129+0000] {dagbag.py:538} INFO - Filling up the DagBag from /home/airflow/.local/lib/python3.8/site-packages/airflow/example_dags/example_latest_only_with_trigger.py
[2023-12-19T09:25:16.134+0000] {processor.py:840} INFO - DAG(s) 'latest_only_with_trigger' retrieved from /home/airflow/.local/lib/python3.8/site-packages/airflow/example_dags/example_latest_only_with_trigger.py
[2023-12-19T09:25:16.150+0000] {logging_mixin.py:188} INFO - [2023-12-19T09:25:16.149+0000] {dag.py:3033} INFO - Sync 1 DAGs
[2023-12-19T09:25:16.164+0000] {logging_mixin.py:188} INFO - [2023-12-19T09:25:16.163+0000] {dag.py:3820} INFO - Setting next_dagrun for latest_only_with_trigger to 2023-12-19T04:00:00+00:00, run_after=2023-12-19T08:00:00+00:00
[2023-12-19T09:25:16.175+0000] {processor.py:183} INFO - Processing /home/airflow/.local/lib/python3.8/site-packages/airflow/example_dags/example_latest_only_with_trigger.py took 0.052 seconds
[2023-12-19T09:25:46.756+0000] {processor.py:161} INFO - Started process (PID=2429) to work on /home/airflow/.local/lib/python3.8/site-packages/airflow/example_dags/example_latest_only_with_trigger.py
[2023-12-19T09:25:46.758+0000] {processor.py:830} INFO - Processing file /home/airflow/.local/lib/python3.8/site-packages/airflow/example_dags/example_latest_only_with_trigger.py for tasks to queue
[2023-12-19T09:25:46.760+0000] {logging_mixin.py:188} INFO - [2023-12-19T09:25:46.760+0000] {dagbag.py:538} INFO - Filling up the DagBag from /home/airflow/.local/lib/python3.8/site-packages/airflow/example_dags/example_latest_only_with_trigger.py
[2023-12-19T09:25:46.764+0000] {processor.py:840} INFO - DAG(s) 'latest_only_with_trigger' retrieved from /home/airflow/.local/lib/python3.8/site-packages/airflow/example_dags/example_latest_only_with_trigger.py
[2023-12-19T09:25:46.780+0000] {logging_mixin.py:188} INFO - [2023-12-19T09:25:46.780+0000] {dag.py:3033} INFO - Sync 1 DAGs
[2023-12-19T09:25:46.794+0000] {logging_mixin.py:188} INFO - [2023-12-19T09:25:46.794+0000] {dag.py:3820} INFO - Setting next_dagrun for latest_only_with_trigger to 2023-12-19T04:00:00+00:00, run_after=2023-12-19T08:00:00+00:00
[2023-12-19T09:25:46.806+0000] {processor.py:183} INFO - Processing /home/airflow/.local/lib/python3.8/site-packages/airflow/example_dags/example_latest_only_with_trigger.py took 0.052 seconds
[2023-12-19T09:26:17.218+0000] {processor.py:161} INFO - Started process (PID=2484) to work on /home/airflow/.local/lib/python3.8/site-packages/airflow/example_dags/example_latest_only_with_trigger.py
[2023-12-19T09:26:17.219+0000] {processor.py:830} INFO - Processing file /home/airflow/.local/lib/python3.8/site-packages/airflow/example_dags/example_latest_only_with_trigger.py for tasks to queue
[2023-12-19T09:26:17.221+0000] {logging_mixin.py:188} INFO - [2023-12-19T09:26:17.221+0000] {dagbag.py:538} INFO - Filling up the DagBag from /home/airflow/.local/lib/python3.8/site-packages/airflow/example_dags/example_latest_only_with_trigger.py
[2023-12-19T09:26:17.226+0000] {processor.py:840} INFO - DAG(s) 'latest_only_with_trigger' retrieved from /home/airflow/.local/lib/python3.8/site-packages/airflow/example_dags/example_latest_only_with_trigger.py
[2023-12-19T09:26:17.244+0000] {logging_mixin.py:188} INFO - [2023-12-19T09:26:17.244+0000] {dag.py:3033} INFO - Sync 1 DAGs
[2023-12-19T09:26:17.257+0000] {logging_mixin.py:188} INFO - [2023-12-19T09:26:17.257+0000] {dag.py:3820} INFO - Setting next_dagrun for latest_only_with_trigger to 2023-12-19T04:00:00+00:00, run_after=2023-12-19T08:00:00+00:00
[2023-12-19T09:26:17.269+0000] {processor.py:183} INFO - Processing /home/airflow/.local/lib/python3.8/site-packages/airflow/example_dags/example_latest_only_with_trigger.py took 0.054 seconds
[2023-12-19T09:26:47.730+0000] {processor.py:161} INFO - Started process (PID=2539) to work on /home/airflow/.local/lib/python3.8/site-packages/airflow/example_dags/example_latest_only_with_trigger.py
[2023-12-19T09:26:47.731+0000] {processor.py:830} INFO - Processing file /home/airflow/.local/lib/python3.8/site-packages/airflow/example_dags/example_latest_only_with_trigger.py for tasks to queue
[2023-12-19T09:26:47.734+0000] {logging_mixin.py:188} INFO - [2023-12-19T09:26:47.733+0000] {dagbag.py:538} INFO - Filling up the DagBag from /home/airflow/.local/lib/python3.8/site-packages/airflow/example_dags/example_latest_only_with_trigger.py
[2023-12-19T09:26:47.738+0000] {processor.py:840} INFO - DAG(s) 'latest_only_with_trigger' retrieved from /home/airflow/.local/lib/python3.8/site-packages/airflow/example_dags/example_latest_only_with_trigger.py
[2023-12-19T09:26:47.753+0000] {logging_mixin.py:188} INFO - [2023-12-19T09:26:47.753+0000] {dag.py:3033} INFO - Sync 1 DAGs
[2023-12-19T09:26:47.768+0000] {logging_mixin.py:188} INFO - [2023-12-19T09:26:47.767+0000] {dag.py:3820} INFO - Setting next_dagrun for latest_only_with_trigger to 2023-12-19T04:00:00+00:00, run_after=2023-12-19T08:00:00+00:00
[2023-12-19T09:26:47.779+0000] {processor.py:183} INFO - Processing /home/airflow/.local/lib/python3.8/site-packages/airflow/example_dags/example_latest_only_with_trigger.py took 0.051 seconds
