[2023-12-19T09:03:49.400+0000] {processor.py:161} INFO - Started process (PID=32) to work on /home/airflow/.local/lib/python3.8/site-packages/airflow/example_dags/example_sla_dag.py
[2023-12-19T09:03:49.402+0000] {processor.py:830} INFO - Processing file /home/airflow/.local/lib/python3.8/site-packages/airflow/example_dags/example_sla_dag.py for tasks to queue
[2023-12-19T09:03:49.405+0000] {logging_mixin.py:188} INFO - [2023-12-19T09:03:49.404+0000] {dagbag.py:538} INFO - Filling up the DagBag from /home/airflow/.local/lib/python3.8/site-packages/airflow/example_dags/example_sla_dag.py
[2023-12-19T09:03:49.413+0000] {processor.py:840} INFO - DAG(s) 'example_sla_dag' retrieved from /home/airflow/.local/lib/python3.8/site-packages/airflow/example_dags/example_sla_dag.py
[2023-12-19T09:03:49.424+0000] {logging_mixin.py:188} INFO - [2023-12-19T09:03:49.424+0000] {dag.py:3033} INFO - Sync 1 DAGs
[2023-12-19T09:03:49.449+0000] {logging_mixin.py:188} INFO - [2023-12-19T09:03:49.449+0000] {dag.py:3820} INFO - Setting next_dagrun for example_sla_dag to 2023-12-19T09:00:00+00:00, run_after=2023-12-19T09:02:00+00:00
[2023-12-19T09:03:49.470+0000] {processor.py:183} INFO - Processing /home/airflow/.local/lib/python3.8/site-packages/airflow/example_dags/example_sla_dag.py took 0.073 seconds
[2023-12-19T09:04:20.503+0000] {processor.py:161} INFO - Started process (PID=88) to work on /home/airflow/.local/lib/python3.8/site-packages/airflow/example_dags/example_sla_dag.py
[2023-12-19T09:04:20.505+0000] {processor.py:830} INFO - Processing file /home/airflow/.local/lib/python3.8/site-packages/airflow/example_dags/example_sla_dag.py for tasks to queue
[2023-12-19T09:04:20.508+0000] {logging_mixin.py:188} INFO - [2023-12-19T09:04:20.508+0000] {dagbag.py:538} INFO - Filling up the DagBag from /home/airflow/.local/lib/python3.8/site-packages/airflow/example_dags/example_sla_dag.py
[2023-12-19T09:04:20.516+0000] {processor.py:840} INFO - DAG(s) 'example_sla_dag' retrieved from /home/airflow/.local/lib/python3.8/site-packages/airflow/example_dags/example_sla_dag.py
[2023-12-19T09:04:20.586+0000] {logging_mixin.py:188} INFO - [2023-12-19T09:04:20.585+0000] {dag.py:3033} INFO - Sync 1 DAGs
[2023-12-19T09:04:20.602+0000] {logging_mixin.py:188} INFO - [2023-12-19T09:04:20.602+0000] {dag.py:3820} INFO - Setting next_dagrun for example_sla_dag to 2023-12-19T09:02:00+00:00, run_after=2023-12-19T09:04:00+00:00
[2023-12-19T09:04:20.618+0000] {processor.py:183} INFO - Processing /home/airflow/.local/lib/python3.8/site-packages/airflow/example_dags/example_sla_dag.py took 0.117 seconds
[2023-12-19T09:04:51.349+0000] {processor.py:161} INFO - Started process (PID=142) to work on /home/airflow/.local/lib/python3.8/site-packages/airflow/example_dags/example_sla_dag.py
[2023-12-19T09:04:51.351+0000] {processor.py:830} INFO - Processing file /home/airflow/.local/lib/python3.8/site-packages/airflow/example_dags/example_sla_dag.py for tasks to queue
[2023-12-19T09:04:51.354+0000] {logging_mixin.py:188} INFO - [2023-12-19T09:04:51.353+0000] {dagbag.py:538} INFO - Filling up the DagBag from /home/airflow/.local/lib/python3.8/site-packages/airflow/example_dags/example_sla_dag.py
[2023-12-19T09:04:51.362+0000] {processor.py:840} INFO - DAG(s) 'example_sla_dag' retrieved from /home/airflow/.local/lib/python3.8/site-packages/airflow/example_dags/example_sla_dag.py
[2023-12-19T09:04:51.380+0000] {logging_mixin.py:188} INFO - [2023-12-19T09:04:51.380+0000] {dag.py:3033} INFO - Sync 1 DAGs
[2023-12-19T09:04:51.400+0000] {logging_mixin.py:188} INFO - [2023-12-19T09:04:51.400+0000] {dag.py:3820} INFO - Setting next_dagrun for example_sla_dag to 2023-12-19T09:02:00+00:00, run_after=2023-12-19T09:04:00+00:00
[2023-12-19T09:04:51.414+0000] {processor.py:183} INFO - Processing /home/airflow/.local/lib/python3.8/site-packages/airflow/example_dags/example_sla_dag.py took 0.067 seconds
[2023-12-19T09:05:21.503+0000] {processor.py:161} INFO - Started process (PID=197) to work on /home/airflow/.local/lib/python3.8/site-packages/airflow/example_dags/example_sla_dag.py
[2023-12-19T09:05:21.505+0000] {processor.py:830} INFO - Processing file /home/airflow/.local/lib/python3.8/site-packages/airflow/example_dags/example_sla_dag.py for tasks to queue
[2023-12-19T09:05:21.509+0000] {logging_mixin.py:188} INFO - [2023-12-19T09:05:21.509+0000] {dagbag.py:538} INFO - Filling up the DagBag from /home/airflow/.local/lib/python3.8/site-packages/airflow/example_dags/example_sla_dag.py
[2023-12-19T09:05:21.517+0000] {processor.py:840} INFO - DAG(s) 'example_sla_dag' retrieved from /home/airflow/.local/lib/python3.8/site-packages/airflow/example_dags/example_sla_dag.py
[2023-12-19T09:05:21.535+0000] {logging_mixin.py:188} INFO - [2023-12-19T09:05:21.535+0000] {dag.py:3033} INFO - Sync 1 DAGs
[2023-12-19T09:05:21.554+0000] {logging_mixin.py:188} INFO - [2023-12-19T09:05:21.554+0000] {dag.py:3820} INFO - Setting next_dagrun for example_sla_dag to 2023-12-19T09:02:00+00:00, run_after=2023-12-19T09:04:00+00:00
[2023-12-19T09:05:21.569+0000] {processor.py:183} INFO - Processing /home/airflow/.local/lib/python3.8/site-packages/airflow/example_dags/example_sla_dag.py took 0.068 seconds
[2023-12-19T09:05:51.985+0000] {processor.py:161} INFO - Started process (PID=252) to work on /home/airflow/.local/lib/python3.8/site-packages/airflow/example_dags/example_sla_dag.py
[2023-12-19T09:05:51.989+0000] {processor.py:830} INFO - Processing file /home/airflow/.local/lib/python3.8/site-packages/airflow/example_dags/example_sla_dag.py for tasks to queue
[2023-12-19T09:05:51.992+0000] {logging_mixin.py:188} INFO - [2023-12-19T09:05:51.992+0000] {dagbag.py:538} INFO - Filling up the DagBag from /home/airflow/.local/lib/python3.8/site-packages/airflow/example_dags/example_sla_dag.py
[2023-12-19T09:05:51.999+0000] {processor.py:840} INFO - DAG(s) 'example_sla_dag' retrieved from /home/airflow/.local/lib/python3.8/site-packages/airflow/example_dags/example_sla_dag.py
[2023-12-19T09:05:52.016+0000] {logging_mixin.py:188} INFO - [2023-12-19T09:05:52.016+0000] {dag.py:3033} INFO - Sync 1 DAGs
[2023-12-19T09:05:52.033+0000] {logging_mixin.py:188} INFO - [2023-12-19T09:05:52.033+0000] {dag.py:3820} INFO - Setting next_dagrun for example_sla_dag to 2023-12-19T09:02:00+00:00, run_after=2023-12-19T09:04:00+00:00
[2023-12-19T09:05:52.047+0000] {processor.py:183} INFO - Processing /home/airflow/.local/lib/python3.8/site-packages/airflow/example_dags/example_sla_dag.py took 0.065 seconds
[2023-12-19T09:06:22.792+0000] {processor.py:161} INFO - Started process (PID=307) to work on /home/airflow/.local/lib/python3.8/site-packages/airflow/example_dags/example_sla_dag.py
[2023-12-19T09:06:22.795+0000] {processor.py:830} INFO - Processing file /home/airflow/.local/lib/python3.8/site-packages/airflow/example_dags/example_sla_dag.py for tasks to queue
[2023-12-19T09:06:22.799+0000] {logging_mixin.py:188} INFO - [2023-12-19T09:06:22.798+0000] {dagbag.py:538} INFO - Filling up the DagBag from /home/airflow/.local/lib/python3.8/site-packages/airflow/example_dags/example_sla_dag.py
[2023-12-19T09:06:22.806+0000] {processor.py:840} INFO - DAG(s) 'example_sla_dag' retrieved from /home/airflow/.local/lib/python3.8/site-packages/airflow/example_dags/example_sla_dag.py
[2023-12-19T09:06:22.826+0000] {logging_mixin.py:188} INFO - [2023-12-19T09:06:22.826+0000] {dag.py:3033} INFO - Sync 1 DAGs
[2023-12-19T09:06:22.844+0000] {logging_mixin.py:188} INFO - [2023-12-19T09:06:22.844+0000] {dag.py:3820} INFO - Setting next_dagrun for example_sla_dag to 2023-12-19T09:04:00+00:00, run_after=2023-12-19T09:06:00+00:00
[2023-12-19T09:06:22.858+0000] {processor.py:183} INFO - Processing /home/airflow/.local/lib/python3.8/site-packages/airflow/example_dags/example_sla_dag.py took 0.069 seconds
[2023-12-19T09:06:53.601+0000] {processor.py:161} INFO - Started process (PID=362) to work on /home/airflow/.local/lib/python3.8/site-packages/airflow/example_dags/example_sla_dag.py
[2023-12-19T09:06:53.603+0000] {processor.py:830} INFO - Processing file /home/airflow/.local/lib/python3.8/site-packages/airflow/example_dags/example_sla_dag.py for tasks to queue
[2023-12-19T09:06:53.607+0000] {logging_mixin.py:188} INFO - [2023-12-19T09:06:53.606+0000] {dagbag.py:538} INFO - Filling up the DagBag from /home/airflow/.local/lib/python3.8/site-packages/airflow/example_dags/example_sla_dag.py
[2023-12-19T09:06:53.616+0000] {processor.py:840} INFO - DAG(s) 'example_sla_dag' retrieved from /home/airflow/.local/lib/python3.8/site-packages/airflow/example_dags/example_sla_dag.py
[2023-12-19T09:06:53.635+0000] {logging_mixin.py:188} INFO - [2023-12-19T09:06:53.635+0000] {dag.py:3033} INFO - Sync 1 DAGs
[2023-12-19T09:06:53.653+0000] {logging_mixin.py:188} INFO - [2023-12-19T09:06:53.653+0000] {dag.py:3820} INFO - Setting next_dagrun for example_sla_dag to 2023-12-19T09:04:00+00:00, run_after=2023-12-19T09:06:00+00:00
[2023-12-19T09:06:53.668+0000] {processor.py:183} INFO - Processing /home/airflow/.local/lib/python3.8/site-packages/airflow/example_dags/example_sla_dag.py took 0.070 seconds
[2023-12-19T09:07:24.325+0000] {processor.py:161} INFO - Started process (PID=417) to work on /home/airflow/.local/lib/python3.8/site-packages/airflow/example_dags/example_sla_dag.py
[2023-12-19T09:07:24.327+0000] {processor.py:830} INFO - Processing file /home/airflow/.local/lib/python3.8/site-packages/airflow/example_dags/example_sla_dag.py for tasks to queue
[2023-12-19T09:07:24.330+0000] {logging_mixin.py:188} INFO - [2023-12-19T09:07:24.330+0000] {dagbag.py:538} INFO - Filling up the DagBag from /home/airflow/.local/lib/python3.8/site-packages/airflow/example_dags/example_sla_dag.py
[2023-12-19T09:07:24.337+0000] {processor.py:840} INFO - DAG(s) 'example_sla_dag' retrieved from /home/airflow/.local/lib/python3.8/site-packages/airflow/example_dags/example_sla_dag.py
[2023-12-19T09:07:24.355+0000] {logging_mixin.py:188} INFO - [2023-12-19T09:07:24.355+0000] {dag.py:3033} INFO - Sync 1 DAGs
[2023-12-19T09:07:24.373+0000] {logging_mixin.py:188} INFO - [2023-12-19T09:07:24.373+0000] {dag.py:3820} INFO - Setting next_dagrun for example_sla_dag to 2023-12-19T09:04:00+00:00, run_after=2023-12-19T09:06:00+00:00
[2023-12-19T09:07:24.388+0000] {processor.py:183} INFO - Processing /home/airflow/.local/lib/python3.8/site-packages/airflow/example_dags/example_sla_dag.py took 0.066 seconds
[2023-12-19T09:07:55.220+0000] {processor.py:161} INFO - Started process (PID=472) to work on /home/airflow/.local/lib/python3.8/site-packages/airflow/example_dags/example_sla_dag.py
[2023-12-19T09:07:55.222+0000] {processor.py:830} INFO - Processing file /home/airflow/.local/lib/python3.8/site-packages/airflow/example_dags/example_sla_dag.py for tasks to queue
[2023-12-19T09:07:55.225+0000] {logging_mixin.py:188} INFO - [2023-12-19T09:07:55.225+0000] {dagbag.py:538} INFO - Filling up the DagBag from /home/airflow/.local/lib/python3.8/site-packages/airflow/example_dags/example_sla_dag.py
[2023-12-19T09:07:55.234+0000] {processor.py:840} INFO - DAG(s) 'example_sla_dag' retrieved from /home/airflow/.local/lib/python3.8/site-packages/airflow/example_dags/example_sla_dag.py
[2023-12-19T09:07:55.251+0000] {logging_mixin.py:188} INFO - [2023-12-19T09:07:55.251+0000] {dag.py:3033} INFO - Sync 1 DAGs
[2023-12-19T09:07:55.269+0000] {logging_mixin.py:188} INFO - [2023-12-19T09:07:55.269+0000] {dag.py:3820} INFO - Setting next_dagrun for example_sla_dag to 2023-12-19T09:04:00+00:00, run_after=2023-12-19T09:06:00+00:00
[2023-12-19T09:07:55.282+0000] {processor.py:183} INFO - Processing /home/airflow/.local/lib/python3.8/site-packages/airflow/example_dags/example_sla_dag.py took 0.065 seconds
[2023-12-19T09:08:25.945+0000] {processor.py:161} INFO - Started process (PID=527) to work on /home/airflow/.local/lib/python3.8/site-packages/airflow/example_dags/example_sla_dag.py
[2023-12-19T09:08:25.947+0000] {processor.py:830} INFO - Processing file /home/airflow/.local/lib/python3.8/site-packages/airflow/example_dags/example_sla_dag.py for tasks to queue
[2023-12-19T09:08:25.951+0000] {logging_mixin.py:188} INFO - [2023-12-19T09:08:25.950+0000] {dagbag.py:538} INFO - Filling up the DagBag from /home/airflow/.local/lib/python3.8/site-packages/airflow/example_dags/example_sla_dag.py
[2023-12-19T09:08:25.960+0000] {processor.py:840} INFO - DAG(s) 'example_sla_dag' retrieved from /home/airflow/.local/lib/python3.8/site-packages/airflow/example_dags/example_sla_dag.py
[2023-12-19T09:08:25.980+0000] {logging_mixin.py:188} INFO - [2023-12-19T09:08:25.980+0000] {dag.py:3033} INFO - Sync 1 DAGs
[2023-12-19T09:08:25.999+0000] {logging_mixin.py:188} INFO - [2023-12-19T09:08:25.999+0000] {dag.py:3820} INFO - Setting next_dagrun for example_sla_dag to 2023-12-19T09:06:00+00:00, run_after=2023-12-19T09:08:00+00:00
[2023-12-19T09:08:26.015+0000] {processor.py:183} INFO - Processing /home/airflow/.local/lib/python3.8/site-packages/airflow/example_dags/example_sla_dag.py took 0.072 seconds
[2023-12-19T09:08:56.202+0000] {processor.py:161} INFO - Started process (PID=582) to work on /home/airflow/.local/lib/python3.8/site-packages/airflow/example_dags/example_sla_dag.py
[2023-12-19T09:08:56.204+0000] {processor.py:830} INFO - Processing file /home/airflow/.local/lib/python3.8/site-packages/airflow/example_dags/example_sla_dag.py for tasks to queue
[2023-12-19T09:08:56.207+0000] {logging_mixin.py:188} INFO - [2023-12-19T09:08:56.207+0000] {dagbag.py:538} INFO - Filling up the DagBag from /home/airflow/.local/lib/python3.8/site-packages/airflow/example_dags/example_sla_dag.py
[2023-12-19T09:08:56.215+0000] {processor.py:840} INFO - DAG(s) 'example_sla_dag' retrieved from /home/airflow/.local/lib/python3.8/site-packages/airflow/example_dags/example_sla_dag.py
[2023-12-19T09:08:56.235+0000] {logging_mixin.py:188} INFO - [2023-12-19T09:08:56.235+0000] {dag.py:3033} INFO - Sync 1 DAGs
[2023-12-19T09:08:56.253+0000] {logging_mixin.py:188} INFO - [2023-12-19T09:08:56.253+0000] {dag.py:3820} INFO - Setting next_dagrun for example_sla_dag to 2023-12-19T09:06:00+00:00, run_after=2023-12-19T09:08:00+00:00
[2023-12-19T09:08:56.268+0000] {processor.py:183} INFO - Processing /home/airflow/.local/lib/python3.8/site-packages/airflow/example_dags/example_sla_dag.py took 0.069 seconds
[2023-12-19T09:09:26.441+0000] {processor.py:161} INFO - Started process (PID=637) to work on /home/airflow/.local/lib/python3.8/site-packages/airflow/example_dags/example_sla_dag.py
[2023-12-19T09:09:26.443+0000] {processor.py:830} INFO - Processing file /home/airflow/.local/lib/python3.8/site-packages/airflow/example_dags/example_sla_dag.py for tasks to queue
[2023-12-19T09:09:26.447+0000] {logging_mixin.py:188} INFO - [2023-12-19T09:09:26.446+0000] {dagbag.py:538} INFO - Filling up the DagBag from /home/airflow/.local/lib/python3.8/site-packages/airflow/example_dags/example_sla_dag.py
[2023-12-19T09:09:26.455+0000] {processor.py:840} INFO - DAG(s) 'example_sla_dag' retrieved from /home/airflow/.local/lib/python3.8/site-packages/airflow/example_dags/example_sla_dag.py
[2023-12-19T09:09:26.473+0000] {logging_mixin.py:188} INFO - [2023-12-19T09:09:26.473+0000] {dag.py:3033} INFO - Sync 1 DAGs
[2023-12-19T09:09:26.495+0000] {logging_mixin.py:188} INFO - [2023-12-19T09:09:26.495+0000] {dag.py:3820} INFO - Setting next_dagrun for example_sla_dag to 2023-12-19T09:06:00+00:00, run_after=2023-12-19T09:08:00+00:00
[2023-12-19T09:09:26.513+0000] {processor.py:183} INFO - Processing /home/airflow/.local/lib/python3.8/site-packages/airflow/example_dags/example_sla_dag.py took 0.077 seconds
[2023-12-19T09:09:56.656+0000] {processor.py:161} INFO - Started process (PID=692) to work on /home/airflow/.local/lib/python3.8/site-packages/airflow/example_dags/example_sla_dag.py
[2023-12-19T09:09:56.658+0000] {processor.py:830} INFO - Processing file /home/airflow/.local/lib/python3.8/site-packages/airflow/example_dags/example_sla_dag.py for tasks to queue
[2023-12-19T09:09:56.661+0000] {logging_mixin.py:188} INFO - [2023-12-19T09:09:56.661+0000] {dagbag.py:538} INFO - Filling up the DagBag from /home/airflow/.local/lib/python3.8/site-packages/airflow/example_dags/example_sla_dag.py
[2023-12-19T09:09:56.671+0000] {processor.py:840} INFO - DAG(s) 'example_sla_dag' retrieved from /home/airflow/.local/lib/python3.8/site-packages/airflow/example_dags/example_sla_dag.py
[2023-12-19T09:09:56.690+0000] {logging_mixin.py:188} INFO - [2023-12-19T09:09:56.690+0000] {dag.py:3033} INFO - Sync 1 DAGs
[2023-12-19T09:09:56.709+0000] {logging_mixin.py:188} INFO - [2023-12-19T09:09:56.709+0000] {dag.py:3820} INFO - Setting next_dagrun for example_sla_dag to 2023-12-19T09:06:00+00:00, run_after=2023-12-19T09:08:00+00:00
[2023-12-19T09:09:56.724+0000] {processor.py:183} INFO - Processing /home/airflow/.local/lib/python3.8/site-packages/airflow/example_dags/example_sla_dag.py took 0.070 seconds
[2023-12-19T09:10:26.887+0000] {processor.py:161} INFO - Started process (PID=748) to work on /home/airflow/.local/lib/python3.8/site-packages/airflow/example_dags/example_sla_dag.py
[2023-12-19T09:10:26.888+0000] {processor.py:830} INFO - Processing file /home/airflow/.local/lib/python3.8/site-packages/airflow/example_dags/example_sla_dag.py for tasks to queue
[2023-12-19T09:10:26.892+0000] {logging_mixin.py:188} INFO - [2023-12-19T09:10:26.891+0000] {dagbag.py:538} INFO - Filling up the DagBag from /home/airflow/.local/lib/python3.8/site-packages/airflow/example_dags/example_sla_dag.py
[2023-12-19T09:10:26.899+0000] {processor.py:840} INFO - DAG(s) 'example_sla_dag' retrieved from /home/airflow/.local/lib/python3.8/site-packages/airflow/example_dags/example_sla_dag.py
[2023-12-19T09:10:26.917+0000] {logging_mixin.py:188} INFO - [2023-12-19T09:10:26.917+0000] {dag.py:3033} INFO - Sync 1 DAGs
[2023-12-19T09:10:26.935+0000] {logging_mixin.py:188} INFO - [2023-12-19T09:10:26.935+0000] {dag.py:3820} INFO - Setting next_dagrun for example_sla_dag to 2023-12-19T09:08:00+00:00, run_after=2023-12-19T09:10:00+00:00
[2023-12-19T09:10:26.952+0000] {processor.py:183} INFO - Processing /home/airflow/.local/lib/python3.8/site-packages/airflow/example_dags/example_sla_dag.py took 0.068 seconds
[2023-12-19T09:10:57.057+0000] {processor.py:161} INFO - Started process (PID=803) to work on /home/airflow/.local/lib/python3.8/site-packages/airflow/example_dags/example_sla_dag.py
[2023-12-19T09:10:57.059+0000] {processor.py:830} INFO - Processing file /home/airflow/.local/lib/python3.8/site-packages/airflow/example_dags/example_sla_dag.py for tasks to queue
[2023-12-19T09:10:57.062+0000] {logging_mixin.py:188} INFO - [2023-12-19T09:10:57.062+0000] {dagbag.py:538} INFO - Filling up the DagBag from /home/airflow/.local/lib/python3.8/site-packages/airflow/example_dags/example_sla_dag.py
[2023-12-19T09:10:57.069+0000] {processor.py:840} INFO - DAG(s) 'example_sla_dag' retrieved from /home/airflow/.local/lib/python3.8/site-packages/airflow/example_dags/example_sla_dag.py
[2023-12-19T09:10:57.090+0000] {logging_mixin.py:188} INFO - [2023-12-19T09:10:57.090+0000] {dag.py:3033} INFO - Sync 1 DAGs
[2023-12-19T09:10:57.108+0000] {logging_mixin.py:188} INFO - [2023-12-19T09:10:57.107+0000] {dag.py:3820} INFO - Setting next_dagrun for example_sla_dag to 2023-12-19T09:08:00+00:00, run_after=2023-12-19T09:10:00+00:00
[2023-12-19T09:10:57.121+0000] {processor.py:183} INFO - Processing /home/airflow/.local/lib/python3.8/site-packages/airflow/example_dags/example_sla_dag.py took 0.067 seconds
[2023-12-19T09:11:27.616+0000] {processor.py:161} INFO - Started process (PID=858) to work on /home/airflow/.local/lib/python3.8/site-packages/airflow/example_dags/example_sla_dag.py
[2023-12-19T09:11:27.617+0000] {processor.py:830} INFO - Processing file /home/airflow/.local/lib/python3.8/site-packages/airflow/example_dags/example_sla_dag.py for tasks to queue
[2023-12-19T09:11:27.620+0000] {logging_mixin.py:188} INFO - [2023-12-19T09:11:27.620+0000] {dagbag.py:538} INFO - Filling up the DagBag from /home/airflow/.local/lib/python3.8/site-packages/airflow/example_dags/example_sla_dag.py
[2023-12-19T09:11:27.629+0000] {processor.py:840} INFO - DAG(s) 'example_sla_dag' retrieved from /home/airflow/.local/lib/python3.8/site-packages/airflow/example_dags/example_sla_dag.py
[2023-12-19T09:11:27.651+0000] {logging_mixin.py:188} INFO - [2023-12-19T09:11:27.650+0000] {dag.py:3033} INFO - Sync 1 DAGs
[2023-12-19T09:11:27.669+0000] {logging_mixin.py:188} INFO - [2023-12-19T09:11:27.669+0000] {dag.py:3820} INFO - Setting next_dagrun for example_sla_dag to 2023-12-19T09:08:00+00:00, run_after=2023-12-19T09:10:00+00:00
[2023-12-19T09:11:27.687+0000] {processor.py:183} INFO - Processing /home/airflow/.local/lib/python3.8/site-packages/airflow/example_dags/example_sla_dag.py took 0.074 seconds
[2023-12-19T09:11:58.377+0000] {processor.py:161} INFO - Started process (PID=913) to work on /home/airflow/.local/lib/python3.8/site-packages/airflow/example_dags/example_sla_dag.py
[2023-12-19T09:11:58.379+0000] {processor.py:830} INFO - Processing file /home/airflow/.local/lib/python3.8/site-packages/airflow/example_dags/example_sla_dag.py for tasks to queue
[2023-12-19T09:11:58.381+0000] {logging_mixin.py:188} INFO - [2023-12-19T09:11:58.381+0000] {dagbag.py:538} INFO - Filling up the DagBag from /home/airflow/.local/lib/python3.8/site-packages/airflow/example_dags/example_sla_dag.py
[2023-12-19T09:11:58.387+0000] {processor.py:840} INFO - DAG(s) 'example_sla_dag' retrieved from /home/airflow/.local/lib/python3.8/site-packages/airflow/example_dags/example_sla_dag.py
[2023-12-19T09:11:58.404+0000] {logging_mixin.py:188} INFO - [2023-12-19T09:11:58.404+0000] {dag.py:3033} INFO - Sync 1 DAGs
[2023-12-19T09:11:58.418+0000] {logging_mixin.py:188} INFO - [2023-12-19T09:11:58.418+0000] {dag.py:3820} INFO - Setting next_dagrun for example_sla_dag to 2023-12-19T09:08:00+00:00, run_after=2023-12-19T09:10:00+00:00
[2023-12-19T09:11:58.431+0000] {processor.py:183} INFO - Processing /home/airflow/.local/lib/python3.8/site-packages/airflow/example_dags/example_sla_dag.py took 0.057 seconds
[2023-12-19T09:12:29.033+0000] {processor.py:161} INFO - Started process (PID=969) to work on /home/airflow/.local/lib/python3.8/site-packages/airflow/example_dags/example_sla_dag.py
[2023-12-19T09:12:29.034+0000] {processor.py:830} INFO - Processing file /home/airflow/.local/lib/python3.8/site-packages/airflow/example_dags/example_sla_dag.py for tasks to queue
[2023-12-19T09:12:29.037+0000] {logging_mixin.py:188} INFO - [2023-12-19T09:12:29.037+0000] {dagbag.py:538} INFO - Filling up the DagBag from /home/airflow/.local/lib/python3.8/site-packages/airflow/example_dags/example_sla_dag.py
[2023-12-19T09:12:29.043+0000] {processor.py:840} INFO - DAG(s) 'example_sla_dag' retrieved from /home/airflow/.local/lib/python3.8/site-packages/airflow/example_dags/example_sla_dag.py
[2023-12-19T09:12:29.058+0000] {logging_mixin.py:188} INFO - [2023-12-19T09:12:29.057+0000] {dag.py:3033} INFO - Sync 1 DAGs
[2023-12-19T09:12:29.072+0000] {logging_mixin.py:188} INFO - [2023-12-19T09:12:29.072+0000] {dag.py:3820} INFO - Setting next_dagrun for example_sla_dag to 2023-12-19T09:10:00+00:00, run_after=2023-12-19T09:12:00+00:00
[2023-12-19T09:12:29.090+0000] {processor.py:183} INFO - Processing /home/airflow/.local/lib/python3.8/site-packages/airflow/example_dags/example_sla_dag.py took 0.060 seconds
[2023-12-19T09:12:59.571+0000] {processor.py:161} INFO - Started process (PID=1024) to work on /home/airflow/.local/lib/python3.8/site-packages/airflow/example_dags/example_sla_dag.py
[2023-12-19T09:12:59.572+0000] {processor.py:830} INFO - Processing file /home/airflow/.local/lib/python3.8/site-packages/airflow/example_dags/example_sla_dag.py for tasks to queue
[2023-12-19T09:12:59.575+0000] {logging_mixin.py:188} INFO - [2023-12-19T09:12:59.575+0000] {dagbag.py:538} INFO - Filling up the DagBag from /home/airflow/.local/lib/python3.8/site-packages/airflow/example_dags/example_sla_dag.py
[2023-12-19T09:12:59.581+0000] {processor.py:840} INFO - DAG(s) 'example_sla_dag' retrieved from /home/airflow/.local/lib/python3.8/site-packages/airflow/example_dags/example_sla_dag.py
[2023-12-19T09:12:59.598+0000] {logging_mixin.py:188} INFO - [2023-12-19T09:12:59.597+0000] {dag.py:3033} INFO - Sync 1 DAGs
[2023-12-19T09:12:59.612+0000] {logging_mixin.py:188} INFO - [2023-12-19T09:12:59.612+0000] {dag.py:3820} INFO - Setting next_dagrun for example_sla_dag to 2023-12-19T09:10:00+00:00, run_after=2023-12-19T09:12:00+00:00
[2023-12-19T09:12:59.624+0000] {processor.py:183} INFO - Processing /home/airflow/.local/lib/python3.8/site-packages/airflow/example_dags/example_sla_dag.py took 0.056 seconds
[2023-12-19T09:13:29.993+0000] {processor.py:161} INFO - Started process (PID=1079) to work on /home/airflow/.local/lib/python3.8/site-packages/airflow/example_dags/example_sla_dag.py
[2023-12-19T09:13:29.995+0000] {processor.py:830} INFO - Processing file /home/airflow/.local/lib/python3.8/site-packages/airflow/example_dags/example_sla_dag.py for tasks to queue
[2023-12-19T09:13:29.998+0000] {logging_mixin.py:188} INFO - [2023-12-19T09:13:29.997+0000] {dagbag.py:538} INFO - Filling up the DagBag from /home/airflow/.local/lib/python3.8/site-packages/airflow/example_dags/example_sla_dag.py
[2023-12-19T09:13:30.004+0000] {processor.py:840} INFO - DAG(s) 'example_sla_dag' retrieved from /home/airflow/.local/lib/python3.8/site-packages/airflow/example_dags/example_sla_dag.py
[2023-12-19T09:13:30.020+0000] {logging_mixin.py:188} INFO - [2023-12-19T09:13:30.020+0000] {dag.py:3033} INFO - Sync 1 DAGs
[2023-12-19T09:13:30.035+0000] {logging_mixin.py:188} INFO - [2023-12-19T09:13:30.035+0000] {dag.py:3820} INFO - Setting next_dagrun for example_sla_dag to 2023-12-19T09:10:00+00:00, run_after=2023-12-19T09:12:00+00:00
[2023-12-19T09:13:30.048+0000] {processor.py:183} INFO - Processing /home/airflow/.local/lib/python3.8/site-packages/airflow/example_dags/example_sla_dag.py took 0.057 seconds
[2023-12-19T09:14:00.628+0000] {processor.py:161} INFO - Started process (PID=1134) to work on /home/airflow/.local/lib/python3.8/site-packages/airflow/example_dags/example_sla_dag.py
[2023-12-19T09:14:00.629+0000] {processor.py:830} INFO - Processing file /home/airflow/.local/lib/python3.8/site-packages/airflow/example_dags/example_sla_dag.py for tasks to queue
[2023-12-19T09:14:00.632+0000] {logging_mixin.py:188} INFO - [2023-12-19T09:14:00.631+0000] {dagbag.py:538} INFO - Filling up the DagBag from /home/airflow/.local/lib/python3.8/site-packages/airflow/example_dags/example_sla_dag.py
[2023-12-19T09:14:00.638+0000] {processor.py:840} INFO - DAG(s) 'example_sla_dag' retrieved from /home/airflow/.local/lib/python3.8/site-packages/airflow/example_dags/example_sla_dag.py
[2023-12-19T09:14:00.655+0000] {logging_mixin.py:188} INFO - [2023-12-19T09:14:00.655+0000] {dag.py:3033} INFO - Sync 1 DAGs
[2023-12-19T09:14:00.669+0000] {logging_mixin.py:188} INFO - [2023-12-19T09:14:00.669+0000] {dag.py:3820} INFO - Setting next_dagrun for example_sla_dag to 2023-12-19T09:12:00+00:00, run_after=2023-12-19T09:14:00+00:00
[2023-12-19T09:14:00.687+0000] {processor.py:183} INFO - Processing /home/airflow/.local/lib/python3.8/site-packages/airflow/example_dags/example_sla_dag.py took 0.062 seconds
[2023-12-19T09:14:31.160+0000] {processor.py:161} INFO - Started process (PID=1189) to work on /home/airflow/.local/lib/python3.8/site-packages/airflow/example_dags/example_sla_dag.py
[2023-12-19T09:14:31.162+0000] {processor.py:830} INFO - Processing file /home/airflow/.local/lib/python3.8/site-packages/airflow/example_dags/example_sla_dag.py for tasks to queue
[2023-12-19T09:14:31.165+0000] {logging_mixin.py:188} INFO - [2023-12-19T09:14:31.165+0000] {dagbag.py:538} INFO - Filling up the DagBag from /home/airflow/.local/lib/python3.8/site-packages/airflow/example_dags/example_sla_dag.py
[2023-12-19T09:14:31.172+0000] {processor.py:840} INFO - DAG(s) 'example_sla_dag' retrieved from /home/airflow/.local/lib/python3.8/site-packages/airflow/example_dags/example_sla_dag.py
[2023-12-19T09:14:31.189+0000] {logging_mixin.py:188} INFO - [2023-12-19T09:14:31.189+0000] {dag.py:3033} INFO - Sync 1 DAGs
[2023-12-19T09:14:31.206+0000] {logging_mixin.py:188} INFO - [2023-12-19T09:14:31.206+0000] {dag.py:3820} INFO - Setting next_dagrun for example_sla_dag to 2023-12-19T09:12:00+00:00, run_after=2023-12-19T09:14:00+00:00
[2023-12-19T09:14:31.220+0000] {processor.py:183} INFO - Processing /home/airflow/.local/lib/python3.8/site-packages/airflow/example_dags/example_sla_dag.py took 0.062 seconds
[2023-12-19T09:15:01.689+0000] {processor.py:161} INFO - Started process (PID=1244) to work on /home/airflow/.local/lib/python3.8/site-packages/airflow/example_dags/example_sla_dag.py
[2023-12-19T09:15:01.693+0000] {processor.py:830} INFO - Processing file /home/airflow/.local/lib/python3.8/site-packages/airflow/example_dags/example_sla_dag.py for tasks to queue
[2023-12-19T09:15:01.696+0000] {logging_mixin.py:188} INFO - [2023-12-19T09:15:01.696+0000] {dagbag.py:538} INFO - Filling up the DagBag from /home/airflow/.local/lib/python3.8/site-packages/airflow/example_dags/example_sla_dag.py
[2023-12-19T09:15:01.702+0000] {processor.py:840} INFO - DAG(s) 'example_sla_dag' retrieved from /home/airflow/.local/lib/python3.8/site-packages/airflow/example_dags/example_sla_dag.py
[2023-12-19T09:15:01.718+0000] {logging_mixin.py:188} INFO - [2023-12-19T09:15:01.718+0000] {dag.py:3033} INFO - Sync 1 DAGs
[2023-12-19T09:15:01.732+0000] {logging_mixin.py:188} INFO - [2023-12-19T09:15:01.732+0000] {dag.py:3820} INFO - Setting next_dagrun for example_sla_dag to 2023-12-19T09:12:00+00:00, run_after=2023-12-19T09:14:00+00:00
[2023-12-19T09:15:01.743+0000] {processor.py:183} INFO - Processing /home/airflow/.local/lib/python3.8/site-packages/airflow/example_dags/example_sla_dag.py took 0.056 seconds
[2023-12-19T09:15:32.382+0000] {processor.py:161} INFO - Started process (PID=1299) to work on /home/airflow/.local/lib/python3.8/site-packages/airflow/example_dags/example_sla_dag.py
[2023-12-19T09:15:32.384+0000] {processor.py:830} INFO - Processing file /home/airflow/.local/lib/python3.8/site-packages/airflow/example_dags/example_sla_dag.py for tasks to queue
[2023-12-19T09:15:32.386+0000] {logging_mixin.py:188} INFO - [2023-12-19T09:15:32.386+0000] {dagbag.py:538} INFO - Filling up the DagBag from /home/airflow/.local/lib/python3.8/site-packages/airflow/example_dags/example_sla_dag.py
[2023-12-19T09:15:32.392+0000] {processor.py:840} INFO - DAG(s) 'example_sla_dag' retrieved from /home/airflow/.local/lib/python3.8/site-packages/airflow/example_dags/example_sla_dag.py
[2023-12-19T09:15:32.407+0000] {logging_mixin.py:188} INFO - [2023-12-19T09:15:32.407+0000] {dag.py:3033} INFO - Sync 1 DAGs
[2023-12-19T09:15:32.422+0000] {logging_mixin.py:188} INFO - [2023-12-19T09:15:32.422+0000] {dag.py:3820} INFO - Setting next_dagrun for example_sla_dag to 2023-12-19T09:12:00+00:00, run_after=2023-12-19T09:14:00+00:00
[2023-12-19T09:15:32.435+0000] {processor.py:183} INFO - Processing /home/airflow/.local/lib/python3.8/site-packages/airflow/example_dags/example_sla_dag.py took 0.056 seconds
[2023-12-19T09:16:03.035+0000] {processor.py:161} INFO - Started process (PID=1354) to work on /home/airflow/.local/lib/python3.8/site-packages/airflow/example_dags/example_sla_dag.py
[2023-12-19T09:16:03.036+0000] {processor.py:830} INFO - Processing file /home/airflow/.local/lib/python3.8/site-packages/airflow/example_dags/example_sla_dag.py for tasks to queue
[2023-12-19T09:16:03.039+0000] {logging_mixin.py:188} INFO - [2023-12-19T09:16:03.039+0000] {dagbag.py:538} INFO - Filling up the DagBag from /home/airflow/.local/lib/python3.8/site-packages/airflow/example_dags/example_sla_dag.py
[2023-12-19T09:16:03.044+0000] {processor.py:840} INFO - DAG(s) 'example_sla_dag' retrieved from /home/airflow/.local/lib/python3.8/site-packages/airflow/example_dags/example_sla_dag.py
[2023-12-19T09:16:03.060+0000] {logging_mixin.py:188} INFO - [2023-12-19T09:16:03.060+0000] {dag.py:3033} INFO - Sync 1 DAGs
[2023-12-19T09:16:03.078+0000] {logging_mixin.py:188} INFO - [2023-12-19T09:16:03.078+0000] {dag.py:3820} INFO - Setting next_dagrun for example_sla_dag to 2023-12-19T09:14:00+00:00, run_after=2023-12-19T09:16:00+00:00
[2023-12-19T09:16:03.092+0000] {processor.py:183} INFO - Processing /home/airflow/.local/lib/python3.8/site-packages/airflow/example_dags/example_sla_dag.py took 0.060 seconds
[2023-12-19T09:16:33.572+0000] {processor.py:161} INFO - Started process (PID=1409) to work on /home/airflow/.local/lib/python3.8/site-packages/airflow/example_dags/example_sla_dag.py
[2023-12-19T09:16:33.574+0000] {processor.py:830} INFO - Processing file /home/airflow/.local/lib/python3.8/site-packages/airflow/example_dags/example_sla_dag.py for tasks to queue
[2023-12-19T09:16:33.577+0000] {logging_mixin.py:188} INFO - [2023-12-19T09:16:33.577+0000] {dagbag.py:538} INFO - Filling up the DagBag from /home/airflow/.local/lib/python3.8/site-packages/airflow/example_dags/example_sla_dag.py
[2023-12-19T09:16:33.583+0000] {processor.py:840} INFO - DAG(s) 'example_sla_dag' retrieved from /home/airflow/.local/lib/python3.8/site-packages/airflow/example_dags/example_sla_dag.py
[2023-12-19T09:16:33.598+0000] {logging_mixin.py:188} INFO - [2023-12-19T09:16:33.598+0000] {dag.py:3033} INFO - Sync 1 DAGs
[2023-12-19T09:16:33.613+0000] {logging_mixin.py:188} INFO - [2023-12-19T09:16:33.613+0000] {dag.py:3820} INFO - Setting next_dagrun for example_sla_dag to 2023-12-19T09:14:00+00:00, run_after=2023-12-19T09:16:00+00:00
[2023-12-19T09:16:33.626+0000] {processor.py:183} INFO - Processing /home/airflow/.local/lib/python3.8/site-packages/airflow/example_dags/example_sla_dag.py took 0.056 seconds
[2023-12-19T09:17:04.169+0000] {processor.py:161} INFO - Started process (PID=1464) to work on /home/airflow/.local/lib/python3.8/site-packages/airflow/example_dags/example_sla_dag.py
[2023-12-19T09:17:04.171+0000] {processor.py:830} INFO - Processing file /home/airflow/.local/lib/python3.8/site-packages/airflow/example_dags/example_sla_dag.py for tasks to queue
[2023-12-19T09:17:04.174+0000] {logging_mixin.py:188} INFO - [2023-12-19T09:17:04.174+0000] {dagbag.py:538} INFO - Filling up the DagBag from /home/airflow/.local/lib/python3.8/site-packages/airflow/example_dags/example_sla_dag.py
[2023-12-19T09:17:04.180+0000] {processor.py:840} INFO - DAG(s) 'example_sla_dag' retrieved from /home/airflow/.local/lib/python3.8/site-packages/airflow/example_dags/example_sla_dag.py
[2023-12-19T09:17:04.195+0000] {logging_mixin.py:188} INFO - [2023-12-19T09:17:04.195+0000] {dag.py:3033} INFO - Sync 1 DAGs
[2023-12-19T09:17:04.210+0000] {logging_mixin.py:188} INFO - [2023-12-19T09:17:04.210+0000] {dag.py:3820} INFO - Setting next_dagrun for example_sla_dag to 2023-12-19T09:14:00+00:00, run_after=2023-12-19T09:16:00+00:00
[2023-12-19T09:17:04.223+0000] {processor.py:183} INFO - Processing /home/airflow/.local/lib/python3.8/site-packages/airflow/example_dags/example_sla_dag.py took 0.056 seconds
[2023-12-19T09:17:34.596+0000] {processor.py:161} INFO - Started process (PID=1519) to work on /home/airflow/.local/lib/python3.8/site-packages/airflow/example_dags/example_sla_dag.py
[2023-12-19T09:17:34.597+0000] {processor.py:830} INFO - Processing file /home/airflow/.local/lib/python3.8/site-packages/airflow/example_dags/example_sla_dag.py for tasks to queue
[2023-12-19T09:17:34.600+0000] {logging_mixin.py:188} INFO - [2023-12-19T09:17:34.600+0000] {dagbag.py:538} INFO - Filling up the DagBag from /home/airflow/.local/lib/python3.8/site-packages/airflow/example_dags/example_sla_dag.py
[2023-12-19T09:17:34.607+0000] {processor.py:840} INFO - DAG(s) 'example_sla_dag' retrieved from /home/airflow/.local/lib/python3.8/site-packages/airflow/example_dags/example_sla_dag.py
[2023-12-19T09:17:34.624+0000] {logging_mixin.py:188} INFO - [2023-12-19T09:17:34.623+0000] {dag.py:3033} INFO - Sync 1 DAGs
[2023-12-19T09:17:34.638+0000] {logging_mixin.py:188} INFO - [2023-12-19T09:17:34.638+0000] {dag.py:3820} INFO - Setting next_dagrun for example_sla_dag to 2023-12-19T09:14:00+00:00, run_after=2023-12-19T09:16:00+00:00
[2023-12-19T09:17:34.650+0000] {processor.py:183} INFO - Processing /home/airflow/.local/lib/python3.8/site-packages/airflow/example_dags/example_sla_dag.py took 0.057 seconds
[2023-12-19T09:18:05.140+0000] {processor.py:161} INFO - Started process (PID=1574) to work on /home/airflow/.local/lib/python3.8/site-packages/airflow/example_dags/example_sla_dag.py
[2023-12-19T09:18:05.142+0000] {processor.py:830} INFO - Processing file /home/airflow/.local/lib/python3.8/site-packages/airflow/example_dags/example_sla_dag.py for tasks to queue
[2023-12-19T09:18:05.145+0000] {logging_mixin.py:188} INFO - [2023-12-19T09:18:05.145+0000] {dagbag.py:538} INFO - Filling up the DagBag from /home/airflow/.local/lib/python3.8/site-packages/airflow/example_dags/example_sla_dag.py
[2023-12-19T09:18:05.151+0000] {processor.py:840} INFO - DAG(s) 'example_sla_dag' retrieved from /home/airflow/.local/lib/python3.8/site-packages/airflow/example_dags/example_sla_dag.py
[2023-12-19T09:18:05.167+0000] {logging_mixin.py:188} INFO - [2023-12-19T09:18:05.167+0000] {dag.py:3033} INFO - Sync 1 DAGs
[2023-12-19T09:18:05.181+0000] {logging_mixin.py:188} INFO - [2023-12-19T09:18:05.181+0000] {dag.py:3820} INFO - Setting next_dagrun for example_sla_dag to 2023-12-19T09:16:00+00:00, run_after=2023-12-19T09:18:00+00:00
[2023-12-19T09:18:05.194+0000] {processor.py:183} INFO - Processing /home/airflow/.local/lib/python3.8/site-packages/airflow/example_dags/example_sla_dag.py took 0.057 seconds
[2023-12-19T09:18:35.678+0000] {processor.py:161} INFO - Started process (PID=1629) to work on /home/airflow/.local/lib/python3.8/site-packages/airflow/example_dags/example_sla_dag.py
[2023-12-19T09:18:35.680+0000] {processor.py:830} INFO - Processing file /home/airflow/.local/lib/python3.8/site-packages/airflow/example_dags/example_sla_dag.py for tasks to queue
[2023-12-19T09:18:35.683+0000] {logging_mixin.py:188} INFO - [2023-12-19T09:18:35.683+0000] {dagbag.py:538} INFO - Filling up the DagBag from /home/airflow/.local/lib/python3.8/site-packages/airflow/example_dags/example_sla_dag.py
[2023-12-19T09:18:35.690+0000] {processor.py:840} INFO - DAG(s) 'example_sla_dag' retrieved from /home/airflow/.local/lib/python3.8/site-packages/airflow/example_dags/example_sla_dag.py
[2023-12-19T09:18:35.705+0000] {logging_mixin.py:188} INFO - [2023-12-19T09:18:35.705+0000] {dag.py:3033} INFO - Sync 1 DAGs
[2023-12-19T09:18:35.721+0000] {logging_mixin.py:188} INFO - [2023-12-19T09:18:35.721+0000] {dag.py:3820} INFO - Setting next_dagrun for example_sla_dag to 2023-12-19T09:16:00+00:00, run_after=2023-12-19T09:18:00+00:00
[2023-12-19T09:18:35.839+0000] {processor.py:183} INFO - Processing /home/airflow/.local/lib/python3.8/site-packages/airflow/example_dags/example_sla_dag.py took 0.163 seconds
[2023-12-19T09:19:06.169+0000] {processor.py:161} INFO - Started process (PID=1684) to work on /home/airflow/.local/lib/python3.8/site-packages/airflow/example_dags/example_sla_dag.py
[2023-12-19T09:19:06.170+0000] {processor.py:830} INFO - Processing file /home/airflow/.local/lib/python3.8/site-packages/airflow/example_dags/example_sla_dag.py for tasks to queue
[2023-12-19T09:19:06.172+0000] {logging_mixin.py:188} INFO - [2023-12-19T09:19:06.172+0000] {dagbag.py:538} INFO - Filling up the DagBag from /home/airflow/.local/lib/python3.8/site-packages/airflow/example_dags/example_sla_dag.py
[2023-12-19T09:19:06.179+0000] {processor.py:840} INFO - DAG(s) 'example_sla_dag' retrieved from /home/airflow/.local/lib/python3.8/site-packages/airflow/example_dags/example_sla_dag.py
[2023-12-19T09:19:06.194+0000] {logging_mixin.py:188} INFO - [2023-12-19T09:19:06.194+0000] {dag.py:3033} INFO - Sync 1 DAGs
[2023-12-19T09:19:06.210+0000] {logging_mixin.py:188} INFO - [2023-12-19T09:19:06.210+0000] {dag.py:3820} INFO - Setting next_dagrun for example_sla_dag to 2023-12-19T09:16:00+00:00, run_after=2023-12-19T09:18:00+00:00
[2023-12-19T09:19:06.224+0000] {processor.py:183} INFO - Processing /home/airflow/.local/lib/python3.8/site-packages/airflow/example_dags/example_sla_dag.py took 0.057 seconds
[2023-12-19T09:19:36.404+0000] {processor.py:161} INFO - Started process (PID=1739) to work on /home/airflow/.local/lib/python3.8/site-packages/airflow/example_dags/example_sla_dag.py
[2023-12-19T09:19:36.406+0000] {processor.py:830} INFO - Processing file /home/airflow/.local/lib/python3.8/site-packages/airflow/example_dags/example_sla_dag.py for tasks to queue
[2023-12-19T09:19:36.409+0000] {logging_mixin.py:188} INFO - [2023-12-19T09:19:36.409+0000] {dagbag.py:538} INFO - Filling up the DagBag from /home/airflow/.local/lib/python3.8/site-packages/airflow/example_dags/example_sla_dag.py
[2023-12-19T09:19:36.417+0000] {processor.py:840} INFO - DAG(s) 'example_sla_dag' retrieved from /home/airflow/.local/lib/python3.8/site-packages/airflow/example_dags/example_sla_dag.py
[2023-12-19T09:19:36.434+0000] {logging_mixin.py:188} INFO - [2023-12-19T09:19:36.434+0000] {dag.py:3033} INFO - Sync 1 DAGs
[2023-12-19T09:19:36.449+0000] {logging_mixin.py:188} INFO - [2023-12-19T09:19:36.449+0000] {dag.py:3820} INFO - Setting next_dagrun for example_sla_dag to 2023-12-19T09:16:00+00:00, run_after=2023-12-19T09:18:00+00:00
[2023-12-19T09:19:36.462+0000] {processor.py:183} INFO - Processing /home/airflow/.local/lib/python3.8/site-packages/airflow/example_dags/example_sla_dag.py took 0.060 seconds
[2023-12-19T09:20:06.615+0000] {processor.py:161} INFO - Started process (PID=1793) to work on /home/airflow/.local/lib/python3.8/site-packages/airflow/example_dags/example_sla_dag.py
[2023-12-19T09:20:06.617+0000] {processor.py:830} INFO - Processing file /home/airflow/.local/lib/python3.8/site-packages/airflow/example_dags/example_sla_dag.py for tasks to queue
[2023-12-19T09:20:06.619+0000] {logging_mixin.py:188} INFO - [2023-12-19T09:20:06.619+0000] {dagbag.py:538} INFO - Filling up the DagBag from /home/airflow/.local/lib/python3.8/site-packages/airflow/example_dags/example_sla_dag.py
[2023-12-19T09:20:06.626+0000] {processor.py:840} INFO - DAG(s) 'example_sla_dag' retrieved from /home/airflow/.local/lib/python3.8/site-packages/airflow/example_dags/example_sla_dag.py
[2023-12-19T09:20:06.642+0000] {logging_mixin.py:188} INFO - [2023-12-19T09:20:06.642+0000] {dag.py:3033} INFO - Sync 1 DAGs
[2023-12-19T09:20:06.656+0000] {logging_mixin.py:188} INFO - [2023-12-19T09:20:06.656+0000] {dag.py:3820} INFO - Setting next_dagrun for example_sla_dag to 2023-12-19T09:18:00+00:00, run_after=2023-12-19T09:20:00+00:00
[2023-12-19T09:20:06.668+0000] {processor.py:183} INFO - Processing /home/airflow/.local/lib/python3.8/site-packages/airflow/example_dags/example_sla_dag.py took 0.055 seconds
[2023-12-19T09:20:36.840+0000] {processor.py:161} INFO - Started process (PID=1848) to work on /home/airflow/.local/lib/python3.8/site-packages/airflow/example_dags/example_sla_dag.py
[2023-12-19T09:20:36.843+0000] {processor.py:830} INFO - Processing file /home/airflow/.local/lib/python3.8/site-packages/airflow/example_dags/example_sla_dag.py for tasks to queue
[2023-12-19T09:20:36.845+0000] {logging_mixin.py:188} INFO - [2023-12-19T09:20:36.845+0000] {dagbag.py:538} INFO - Filling up the DagBag from /home/airflow/.local/lib/python3.8/site-packages/airflow/example_dags/example_sla_dag.py
[2023-12-19T09:20:36.854+0000] {processor.py:840} INFO - DAG(s) 'example_sla_dag' retrieved from /home/airflow/.local/lib/python3.8/site-packages/airflow/example_dags/example_sla_dag.py
[2023-12-19T09:20:36.870+0000] {logging_mixin.py:188} INFO - [2023-12-19T09:20:36.870+0000] {dag.py:3033} INFO - Sync 1 DAGs
[2023-12-19T09:20:36.886+0000] {logging_mixin.py:188} INFO - [2023-12-19T09:20:36.886+0000] {dag.py:3820} INFO - Setting next_dagrun for example_sla_dag to 2023-12-19T09:18:00+00:00, run_after=2023-12-19T09:20:00+00:00
[2023-12-19T09:20:36.898+0000] {processor.py:183} INFO - Processing /home/airflow/.local/lib/python3.8/site-packages/airflow/example_dags/example_sla_dag.py took 0.061 seconds
[2023-12-19T09:21:07.519+0000] {processor.py:161} INFO - Started process (PID=1903) to work on /home/airflow/.local/lib/python3.8/site-packages/airflow/example_dags/example_sla_dag.py
[2023-12-19T09:21:07.521+0000] {processor.py:830} INFO - Processing file /home/airflow/.local/lib/python3.8/site-packages/airflow/example_dags/example_sla_dag.py for tasks to queue
[2023-12-19T09:21:07.524+0000] {logging_mixin.py:188} INFO - [2023-12-19T09:21:07.524+0000] {dagbag.py:538} INFO - Filling up the DagBag from /home/airflow/.local/lib/python3.8/site-packages/airflow/example_dags/example_sla_dag.py
[2023-12-19T09:21:07.531+0000] {processor.py:840} INFO - DAG(s) 'example_sla_dag' retrieved from /home/airflow/.local/lib/python3.8/site-packages/airflow/example_dags/example_sla_dag.py
[2023-12-19T09:21:07.547+0000] {logging_mixin.py:188} INFO - [2023-12-19T09:21:07.547+0000] {dag.py:3033} INFO - Sync 1 DAGs
[2023-12-19T09:21:07.658+0000] {logging_mixin.py:188} INFO - [2023-12-19T09:21:07.658+0000] {dag.py:3820} INFO - Setting next_dagrun for example_sla_dag to 2023-12-19T09:18:00+00:00, run_after=2023-12-19T09:20:00+00:00
[2023-12-19T09:21:07.671+0000] {processor.py:183} INFO - Processing /home/airflow/.local/lib/python3.8/site-packages/airflow/example_dags/example_sla_dag.py took 0.155 seconds
[2023-12-19T09:21:38.436+0000] {processor.py:161} INFO - Started process (PID=1958) to work on /home/airflow/.local/lib/python3.8/site-packages/airflow/example_dags/example_sla_dag.py
[2023-12-19T09:21:38.439+0000] {processor.py:830} INFO - Processing file /home/airflow/.local/lib/python3.8/site-packages/airflow/example_dags/example_sla_dag.py for tasks to queue
[2023-12-19T09:21:38.443+0000] {logging_mixin.py:188} INFO - [2023-12-19T09:21:38.443+0000] {dagbag.py:538} INFO - Filling up the DagBag from /home/airflow/.local/lib/python3.8/site-packages/airflow/example_dags/example_sla_dag.py
[2023-12-19T09:21:38.449+0000] {processor.py:840} INFO - DAG(s) 'example_sla_dag' retrieved from /home/airflow/.local/lib/python3.8/site-packages/airflow/example_dags/example_sla_dag.py
[2023-12-19T09:21:38.467+0000] {logging_mixin.py:188} INFO - [2023-12-19T09:21:38.467+0000] {dag.py:3033} INFO - Sync 1 DAGs
[2023-12-19T09:21:38.486+0000] {logging_mixin.py:188} INFO - [2023-12-19T09:21:38.486+0000] {dag.py:3820} INFO - Setting next_dagrun for example_sla_dag to 2023-12-19T09:18:00+00:00, run_after=2023-12-19T09:20:00+00:00
[2023-12-19T09:21:38.626+0000] {processor.py:183} INFO - Processing /home/airflow/.local/lib/python3.8/site-packages/airflow/example_dags/example_sla_dag.py took 0.193 seconds
[2023-12-19T09:22:08.921+0000] {processor.py:161} INFO - Started process (PID=2013) to work on /home/airflow/.local/lib/python3.8/site-packages/airflow/example_dags/example_sla_dag.py
[2023-12-19T09:22:08.922+0000] {processor.py:830} INFO - Processing file /home/airflow/.local/lib/python3.8/site-packages/airflow/example_dags/example_sla_dag.py for tasks to queue
[2023-12-19T09:22:08.924+0000] {logging_mixin.py:188} INFO - [2023-12-19T09:22:08.924+0000] {dagbag.py:538} INFO - Filling up the DagBag from /home/airflow/.local/lib/python3.8/site-packages/airflow/example_dags/example_sla_dag.py
[2023-12-19T09:22:08.930+0000] {processor.py:840} INFO - DAG(s) 'example_sla_dag' retrieved from /home/airflow/.local/lib/python3.8/site-packages/airflow/example_dags/example_sla_dag.py
[2023-12-19T09:22:08.946+0000] {logging_mixin.py:188} INFO - [2023-12-19T09:22:08.946+0000] {dag.py:3033} INFO - Sync 1 DAGs
[2023-12-19T09:22:08.960+0000] {logging_mixin.py:188} INFO - [2023-12-19T09:22:08.960+0000] {dag.py:3820} INFO - Setting next_dagrun for example_sla_dag to 2023-12-19T09:20:00+00:00, run_after=2023-12-19T09:22:00+00:00
[2023-12-19T09:22:08.973+0000] {processor.py:183} INFO - Processing /home/airflow/.local/lib/python3.8/site-packages/airflow/example_dags/example_sla_dag.py took 0.055 seconds
[2023-12-19T09:22:39.103+0000] {processor.py:161} INFO - Started process (PID=2068) to work on /home/airflow/.local/lib/python3.8/site-packages/airflow/example_dags/example_sla_dag.py
[2023-12-19T09:22:39.104+0000] {processor.py:830} INFO - Processing file /home/airflow/.local/lib/python3.8/site-packages/airflow/example_dags/example_sla_dag.py for tasks to queue
[2023-12-19T09:22:39.106+0000] {logging_mixin.py:188} INFO - [2023-12-19T09:22:39.106+0000] {dagbag.py:538} INFO - Filling up the DagBag from /home/airflow/.local/lib/python3.8/site-packages/airflow/example_dags/example_sla_dag.py
[2023-12-19T09:22:39.113+0000] {processor.py:840} INFO - DAG(s) 'example_sla_dag' retrieved from /home/airflow/.local/lib/python3.8/site-packages/airflow/example_dags/example_sla_dag.py
[2023-12-19T09:22:39.128+0000] {logging_mixin.py:188} INFO - [2023-12-19T09:22:39.128+0000] {dag.py:3033} INFO - Sync 1 DAGs
[2023-12-19T09:22:39.143+0000] {logging_mixin.py:188} INFO - [2023-12-19T09:22:39.143+0000] {dag.py:3820} INFO - Setting next_dagrun for example_sla_dag to 2023-12-19T09:20:00+00:00, run_after=2023-12-19T09:22:00+00:00
[2023-12-19T09:22:39.155+0000] {processor.py:183} INFO - Processing /home/airflow/.local/lib/python3.8/site-packages/airflow/example_dags/example_sla_dag.py took 0.054 seconds
[2023-12-19T09:23:09.660+0000] {processor.py:161} INFO - Started process (PID=2123) to work on /home/airflow/.local/lib/python3.8/site-packages/airflow/example_dags/example_sla_dag.py
[2023-12-19T09:23:09.662+0000] {processor.py:830} INFO - Processing file /home/airflow/.local/lib/python3.8/site-packages/airflow/example_dags/example_sla_dag.py for tasks to queue
[2023-12-19T09:23:09.665+0000] {logging_mixin.py:188} INFO - [2023-12-19T09:23:09.665+0000] {dagbag.py:538} INFO - Filling up the DagBag from /home/airflow/.local/lib/python3.8/site-packages/airflow/example_dags/example_sla_dag.py
[2023-12-19T09:23:09.671+0000] {processor.py:840} INFO - DAG(s) 'example_sla_dag' retrieved from /home/airflow/.local/lib/python3.8/site-packages/airflow/example_dags/example_sla_dag.py
[2023-12-19T09:23:09.691+0000] {logging_mixin.py:188} INFO - [2023-12-19T09:23:09.691+0000] {dag.py:3033} INFO - Sync 1 DAGs
[2023-12-19T09:23:09.707+0000] {logging_mixin.py:188} INFO - [2023-12-19T09:23:09.707+0000] {dag.py:3820} INFO - Setting next_dagrun for example_sla_dag to 2023-12-19T09:20:00+00:00, run_after=2023-12-19T09:22:00+00:00
[2023-12-19T09:23:09.718+0000] {processor.py:183} INFO - Processing /home/airflow/.local/lib/python3.8/site-packages/airflow/example_dags/example_sla_dag.py took 0.061 seconds
[2023-12-19T09:23:40.473+0000] {processor.py:161} INFO - Started process (PID=2178) to work on /home/airflow/.local/lib/python3.8/site-packages/airflow/example_dags/example_sla_dag.py
[2023-12-19T09:23:40.475+0000] {processor.py:830} INFO - Processing file /home/airflow/.local/lib/python3.8/site-packages/airflow/example_dags/example_sla_dag.py for tasks to queue
[2023-12-19T09:23:40.477+0000] {logging_mixin.py:188} INFO - [2023-12-19T09:23:40.477+0000] {dagbag.py:538} INFO - Filling up the DagBag from /home/airflow/.local/lib/python3.8/site-packages/airflow/example_dags/example_sla_dag.py
[2023-12-19T09:23:40.483+0000] {processor.py:840} INFO - DAG(s) 'example_sla_dag' retrieved from /home/airflow/.local/lib/python3.8/site-packages/airflow/example_dags/example_sla_dag.py
[2023-12-19T09:23:40.501+0000] {logging_mixin.py:188} INFO - [2023-12-19T09:23:40.500+0000] {dag.py:3033} INFO - Sync 1 DAGs
[2023-12-19T09:23:40.515+0000] {logging_mixin.py:188} INFO - [2023-12-19T09:23:40.515+0000] {dag.py:3820} INFO - Setting next_dagrun for example_sla_dag to 2023-12-19T09:20:00+00:00, run_after=2023-12-19T09:22:00+00:00
[2023-12-19T09:23:40.528+0000] {processor.py:183} INFO - Processing /home/airflow/.local/lib/python3.8/site-packages/airflow/example_dags/example_sla_dag.py took 0.057 seconds
[2023-12-19T09:24:11.080+0000] {processor.py:161} INFO - Started process (PID=2233) to work on /home/airflow/.local/lib/python3.8/site-packages/airflow/example_dags/example_sla_dag.py
[2023-12-19T09:24:11.082+0000] {processor.py:830} INFO - Processing file /home/airflow/.local/lib/python3.8/site-packages/airflow/example_dags/example_sla_dag.py for tasks to queue
[2023-12-19T09:24:11.084+0000] {logging_mixin.py:188} INFO - [2023-12-19T09:24:11.084+0000] {dagbag.py:538} INFO - Filling up the DagBag from /home/airflow/.local/lib/python3.8/site-packages/airflow/example_dags/example_sla_dag.py
[2023-12-19T09:24:11.090+0000] {processor.py:840} INFO - DAG(s) 'example_sla_dag' retrieved from /home/airflow/.local/lib/python3.8/site-packages/airflow/example_dags/example_sla_dag.py
[2023-12-19T09:24:11.106+0000] {logging_mixin.py:188} INFO - [2023-12-19T09:24:11.106+0000] {dag.py:3033} INFO - Sync 1 DAGs
[2023-12-19T09:24:11.121+0000] {logging_mixin.py:188} INFO - [2023-12-19T09:24:11.121+0000] {dag.py:3820} INFO - Setting next_dagrun for example_sla_dag to 2023-12-19T09:22:00+00:00, run_after=2023-12-19T09:24:00+00:00
[2023-12-19T09:24:11.134+0000] {processor.py:183} INFO - Processing /home/airflow/.local/lib/python3.8/site-packages/airflow/example_dags/example_sla_dag.py took 0.056 seconds
[2023-12-19T09:24:41.473+0000] {processor.py:161} INFO - Started process (PID=2287) to work on /home/airflow/.local/lib/python3.8/site-packages/airflow/example_dags/example_sla_dag.py
[2023-12-19T09:24:41.475+0000] {processor.py:830} INFO - Processing file /home/airflow/.local/lib/python3.8/site-packages/airflow/example_dags/example_sla_dag.py for tasks to queue
[2023-12-19T09:24:41.477+0000] {logging_mixin.py:188} INFO - [2023-12-19T09:24:41.477+0000] {dagbag.py:538} INFO - Filling up the DagBag from /home/airflow/.local/lib/python3.8/site-packages/airflow/example_dags/example_sla_dag.py
[2023-12-19T09:24:41.486+0000] {processor.py:840} INFO - DAG(s) 'example_sla_dag' retrieved from /home/airflow/.local/lib/python3.8/site-packages/airflow/example_dags/example_sla_dag.py
[2023-12-19T09:24:41.503+0000] {logging_mixin.py:188} INFO - [2023-12-19T09:24:41.502+0000] {dag.py:3033} INFO - Sync 1 DAGs
[2023-12-19T09:24:41.517+0000] {logging_mixin.py:188} INFO - [2023-12-19T09:24:41.517+0000] {dag.py:3820} INFO - Setting next_dagrun for example_sla_dag to 2023-12-19T09:22:00+00:00, run_after=2023-12-19T09:24:00+00:00
[2023-12-19T09:24:41.529+0000] {processor.py:183} INFO - Processing /home/airflow/.local/lib/python3.8/site-packages/airflow/example_dags/example_sla_dag.py took 0.059 seconds
[2023-12-19T09:25:11.949+0000] {processor.py:161} INFO - Started process (PID=2348) to work on /home/airflow/.local/lib/python3.8/site-packages/airflow/example_dags/example_sla_dag.py
[2023-12-19T09:25:11.951+0000] {processor.py:830} INFO - Processing file /home/airflow/.local/lib/python3.8/site-packages/airflow/example_dags/example_sla_dag.py for tasks to queue
[2023-12-19T09:25:11.953+0000] {logging_mixin.py:188} INFO - [2023-12-19T09:25:11.953+0000] {dagbag.py:538} INFO - Filling up the DagBag from /home/airflow/.local/lib/python3.8/site-packages/airflow/example_dags/example_sla_dag.py
[2023-12-19T09:25:11.959+0000] {processor.py:840} INFO - DAG(s) 'example_sla_dag' retrieved from /home/airflow/.local/lib/python3.8/site-packages/airflow/example_dags/example_sla_dag.py
[2023-12-19T09:25:11.973+0000] {logging_mixin.py:188} INFO - [2023-12-19T09:25:11.973+0000] {dag.py:3033} INFO - Sync 1 DAGs
[2023-12-19T09:25:11.988+0000] {logging_mixin.py:188} INFO - [2023-12-19T09:25:11.988+0000] {dag.py:3820} INFO - Setting next_dagrun for example_sla_dag to 2023-12-19T09:22:00+00:00, run_after=2023-12-19T09:24:00+00:00
[2023-12-19T09:25:12.000+0000] {processor.py:183} INFO - Processing /home/airflow/.local/lib/python3.8/site-packages/airflow/example_dags/example_sla_dag.py took 0.053 seconds
[2023-12-19T09:25:42.512+0000] {processor.py:161} INFO - Started process (PID=2403) to work on /home/airflow/.local/lib/python3.8/site-packages/airflow/example_dags/example_sla_dag.py
[2023-12-19T09:25:42.514+0000] {processor.py:830} INFO - Processing file /home/airflow/.local/lib/python3.8/site-packages/airflow/example_dags/example_sla_dag.py for tasks to queue
[2023-12-19T09:25:42.516+0000] {logging_mixin.py:188} INFO - [2023-12-19T09:25:42.516+0000] {dagbag.py:538} INFO - Filling up the DagBag from /home/airflow/.local/lib/python3.8/site-packages/airflow/example_dags/example_sla_dag.py
[2023-12-19T09:25:42.522+0000] {processor.py:840} INFO - DAG(s) 'example_sla_dag' retrieved from /home/airflow/.local/lib/python3.8/site-packages/airflow/example_dags/example_sla_dag.py
[2023-12-19T09:25:42.538+0000] {logging_mixin.py:188} INFO - [2023-12-19T09:25:42.538+0000] {dag.py:3033} INFO - Sync 1 DAGs
[2023-12-19T09:25:42.552+0000] {logging_mixin.py:188} INFO - [2023-12-19T09:25:42.552+0000] {dag.py:3820} INFO - Setting next_dagrun for example_sla_dag to 2023-12-19T09:22:00+00:00, run_after=2023-12-19T09:24:00+00:00
[2023-12-19T09:25:42.564+0000] {processor.py:183} INFO - Processing /home/airflow/.local/lib/python3.8/site-packages/airflow/example_dags/example_sla_dag.py took 0.054 seconds
[2023-12-19T09:26:13.035+0000] {processor.py:161} INFO - Started process (PID=2458) to work on /home/airflow/.local/lib/python3.8/site-packages/airflow/example_dags/example_sla_dag.py
[2023-12-19T09:26:13.038+0000] {processor.py:830} INFO - Processing file /home/airflow/.local/lib/python3.8/site-packages/airflow/example_dags/example_sla_dag.py for tasks to queue
[2023-12-19T09:26:13.041+0000] {logging_mixin.py:188} INFO - [2023-12-19T09:26:13.041+0000] {dagbag.py:538} INFO - Filling up the DagBag from /home/airflow/.local/lib/python3.8/site-packages/airflow/example_dags/example_sla_dag.py
[2023-12-19T09:26:13.048+0000] {processor.py:840} INFO - DAG(s) 'example_sla_dag' retrieved from /home/airflow/.local/lib/python3.8/site-packages/airflow/example_dags/example_sla_dag.py
[2023-12-19T09:26:13.064+0000] {logging_mixin.py:188} INFO - [2023-12-19T09:26:13.064+0000] {dag.py:3033} INFO - Sync 1 DAGs
[2023-12-19T09:26:13.079+0000] {logging_mixin.py:188} INFO - [2023-12-19T09:26:13.079+0000] {dag.py:3820} INFO - Setting next_dagrun for example_sla_dag to 2023-12-19T09:24:00+00:00, run_after=2023-12-19T09:26:00+00:00
[2023-12-19T09:26:13.090+0000] {processor.py:183} INFO - Processing /home/airflow/.local/lib/python3.8/site-packages/airflow/example_dags/example_sla_dag.py took 0.058 seconds
[2023-12-19T09:26:43.521+0000] {processor.py:161} INFO - Started process (PID=2513) to work on /home/airflow/.local/lib/python3.8/site-packages/airflow/example_dags/example_sla_dag.py
[2023-12-19T09:26:43.522+0000] {processor.py:830} INFO - Processing file /home/airflow/.local/lib/python3.8/site-packages/airflow/example_dags/example_sla_dag.py for tasks to queue
[2023-12-19T09:26:43.524+0000] {logging_mixin.py:188} INFO - [2023-12-19T09:26:43.524+0000] {dagbag.py:538} INFO - Filling up the DagBag from /home/airflow/.local/lib/python3.8/site-packages/airflow/example_dags/example_sla_dag.py
[2023-12-19T09:26:43.531+0000] {processor.py:840} INFO - DAG(s) 'example_sla_dag' retrieved from /home/airflow/.local/lib/python3.8/site-packages/airflow/example_dags/example_sla_dag.py
[2023-12-19T09:26:43.548+0000] {logging_mixin.py:188} INFO - [2023-12-19T09:26:43.548+0000] {dag.py:3033} INFO - Sync 1 DAGs
[2023-12-19T09:26:43.564+0000] {logging_mixin.py:188} INFO - [2023-12-19T09:26:43.564+0000] {dag.py:3820} INFO - Setting next_dagrun for example_sla_dag to 2023-12-19T09:24:00+00:00, run_after=2023-12-19T09:26:00+00:00
[2023-12-19T09:26:43.578+0000] {processor.py:183} INFO - Processing /home/airflow/.local/lib/python3.8/site-packages/airflow/example_dags/example_sla_dag.py took 0.060 seconds
