[2023-12-19T09:03:50.261+0000] {processor.py:161} INFO - Started process (PID=44) to work on /home/airflow/.local/lib/python3.8/site-packages/airflow/example_dags/example_task_group.py
[2023-12-19T09:03:50.263+0000] {processor.py:830} INFO - Processing file /home/airflow/.local/lib/python3.8/site-packages/airflow/example_dags/example_task_group.py for tasks to queue
[2023-12-19T09:03:50.267+0000] {logging_mixin.py:188} INFO - [2023-12-19T09:03:50.267+0000] {dagbag.py:538} INFO - Filling up the DagBag from /home/airflow/.local/lib/python3.8/site-packages/airflow/example_dags/example_task_group.py
[2023-12-19T09:03:50.277+0000] {processor.py:840} INFO - DAG(s) 'example_task_group' retrieved from /home/airflow/.local/lib/python3.8/site-packages/airflow/example_dags/example_task_group.py
[2023-12-19T09:03:50.292+0000] {logging_mixin.py:188} INFO - [2023-12-19T09:03:50.292+0000] {dag.py:3033} INFO - Sync 1 DAGs
[2023-12-19T09:03:50.344+0000] {logging_mixin.py:188} INFO - [2023-12-19T09:03:50.342+0000] {dag.py:3820} INFO - Setting next_dagrun for example_task_group to 2023-12-18T00:00:00+00:00, run_after=2023-12-19T00:00:00+00:00
[2023-12-19T09:03:50.385+0000] {processor.py:183} INFO - Processing /home/airflow/.local/lib/python3.8/site-packages/airflow/example_dags/example_task_group.py took 0.129 seconds
[2023-12-19T09:04:21.478+0000] {processor.py:161} INFO - Started process (PID=100) to work on /home/airflow/.local/lib/python3.8/site-packages/airflow/example_dags/example_task_group.py
[2023-12-19T09:04:21.480+0000] {processor.py:830} INFO - Processing file /home/airflow/.local/lib/python3.8/site-packages/airflow/example_dags/example_task_group.py for tasks to queue
[2023-12-19T09:04:21.483+0000] {logging_mixin.py:188} INFO - [2023-12-19T09:04:21.483+0000] {dagbag.py:538} INFO - Filling up the DagBag from /home/airflow/.local/lib/python3.8/site-packages/airflow/example_dags/example_task_group.py
[2023-12-19T09:04:21.489+0000] {processor.py:840} INFO - DAG(s) 'example_task_group' retrieved from /home/airflow/.local/lib/python3.8/site-packages/airflow/example_dags/example_task_group.py
[2023-12-19T09:04:21.563+0000] {logging_mixin.py:188} INFO - [2023-12-19T09:04:21.563+0000] {dag.py:3033} INFO - Sync 1 DAGs
[2023-12-19T09:04:21.580+0000] {logging_mixin.py:188} INFO - [2023-12-19T09:04:21.579+0000] {dag.py:3820} INFO - Setting next_dagrun for example_task_group to 2023-12-18T00:00:00+00:00, run_after=2023-12-19T00:00:00+00:00
[2023-12-19T09:04:21.596+0000] {processor.py:183} INFO - Processing /home/airflow/.local/lib/python3.8/site-packages/airflow/example_dags/example_task_group.py took 0.121 seconds
[2023-12-19T09:04:51.995+0000] {processor.py:161} INFO - Started process (PID=154) to work on /home/airflow/.local/lib/python3.8/site-packages/airflow/example_dags/example_task_group.py
[2023-12-19T09:04:51.997+0000] {processor.py:830} INFO - Processing file /home/airflow/.local/lib/python3.8/site-packages/airflow/example_dags/example_task_group.py for tasks to queue
[2023-12-19T09:04:52.000+0000] {logging_mixin.py:188} INFO - [2023-12-19T09:04:51.999+0000] {dagbag.py:538} INFO - Filling up the DagBag from /home/airflow/.local/lib/python3.8/site-packages/airflow/example_dags/example_task_group.py
[2023-12-19T09:04:52.007+0000] {processor.py:840} INFO - DAG(s) 'example_task_group' retrieved from /home/airflow/.local/lib/python3.8/site-packages/airflow/example_dags/example_task_group.py
[2023-12-19T09:04:52.027+0000] {logging_mixin.py:188} INFO - [2023-12-19T09:04:52.027+0000] {dag.py:3033} INFO - Sync 1 DAGs
[2023-12-19T09:04:52.047+0000] {logging_mixin.py:188} INFO - [2023-12-19T09:04:52.046+0000] {dag.py:3820} INFO - Setting next_dagrun for example_task_group to 2023-12-18T00:00:00+00:00, run_after=2023-12-19T00:00:00+00:00
[2023-12-19T09:04:52.063+0000] {processor.py:183} INFO - Processing /home/airflow/.local/lib/python3.8/site-packages/airflow/example_dags/example_task_group.py took 0.070 seconds
[2023-12-19T09:05:22.173+0000] {processor.py:161} INFO - Started process (PID=209) to work on /home/airflow/.local/lib/python3.8/site-packages/airflow/example_dags/example_task_group.py
[2023-12-19T09:05:22.176+0000] {processor.py:830} INFO - Processing file /home/airflow/.local/lib/python3.8/site-packages/airflow/example_dags/example_task_group.py for tasks to queue
[2023-12-19T09:05:22.179+0000] {logging_mixin.py:188} INFO - [2023-12-19T09:05:22.178+0000] {dagbag.py:538} INFO - Filling up the DagBag from /home/airflow/.local/lib/python3.8/site-packages/airflow/example_dags/example_task_group.py
[2023-12-19T09:05:22.186+0000] {processor.py:840} INFO - DAG(s) 'example_task_group' retrieved from /home/airflow/.local/lib/python3.8/site-packages/airflow/example_dags/example_task_group.py
[2023-12-19T09:05:22.206+0000] {logging_mixin.py:188} INFO - [2023-12-19T09:05:22.206+0000] {dag.py:3033} INFO - Sync 1 DAGs
[2023-12-19T09:05:22.222+0000] {logging_mixin.py:188} INFO - [2023-12-19T09:05:22.222+0000] {dag.py:3820} INFO - Setting next_dagrun for example_task_group to 2023-12-18T00:00:00+00:00, run_after=2023-12-19T00:00:00+00:00
[2023-12-19T09:05:22.236+0000] {processor.py:183} INFO - Processing /home/airflow/.local/lib/python3.8/site-packages/airflow/example_dags/example_task_group.py took 0.066 seconds
[2023-12-19T09:05:52.651+0000] {processor.py:161} INFO - Started process (PID=264) to work on /home/airflow/.local/lib/python3.8/site-packages/airflow/example_dags/example_task_group.py
[2023-12-19T09:05:52.653+0000] {processor.py:830} INFO - Processing file /home/airflow/.local/lib/python3.8/site-packages/airflow/example_dags/example_task_group.py for tasks to queue
[2023-12-19T09:05:52.656+0000] {logging_mixin.py:188} INFO - [2023-12-19T09:05:52.655+0000] {dagbag.py:538} INFO - Filling up the DagBag from /home/airflow/.local/lib/python3.8/site-packages/airflow/example_dags/example_task_group.py
[2023-12-19T09:05:52.662+0000] {processor.py:840} INFO - DAG(s) 'example_task_group' retrieved from /home/airflow/.local/lib/python3.8/site-packages/airflow/example_dags/example_task_group.py
[2023-12-19T09:05:52.681+0000] {logging_mixin.py:188} INFO - [2023-12-19T09:05:52.681+0000] {dag.py:3033} INFO - Sync 1 DAGs
[2023-12-19T09:05:52.697+0000] {logging_mixin.py:188} INFO - [2023-12-19T09:05:52.696+0000] {dag.py:3820} INFO - Setting next_dagrun for example_task_group to 2023-12-18T00:00:00+00:00, run_after=2023-12-19T00:00:00+00:00
[2023-12-19T09:05:52.710+0000] {processor.py:183} INFO - Processing /home/airflow/.local/lib/python3.8/site-packages/airflow/example_dags/example_task_group.py took 0.062 seconds
[2023-12-19T09:06:23.317+0000] {processor.py:161} INFO - Started process (PID=319) to work on /home/airflow/.local/lib/python3.8/site-packages/airflow/example_dags/example_task_group.py
[2023-12-19T09:06:23.319+0000] {processor.py:830} INFO - Processing file /home/airflow/.local/lib/python3.8/site-packages/airflow/example_dags/example_task_group.py for tasks to queue
[2023-12-19T09:06:23.322+0000] {logging_mixin.py:188} INFO - [2023-12-19T09:06:23.322+0000] {dagbag.py:538} INFO - Filling up the DagBag from /home/airflow/.local/lib/python3.8/site-packages/airflow/example_dags/example_task_group.py
[2023-12-19T09:06:23.328+0000] {processor.py:840} INFO - DAG(s) 'example_task_group' retrieved from /home/airflow/.local/lib/python3.8/site-packages/airflow/example_dags/example_task_group.py
[2023-12-19T09:06:23.346+0000] {logging_mixin.py:188} INFO - [2023-12-19T09:06:23.346+0000] {dag.py:3033} INFO - Sync 1 DAGs
[2023-12-19T09:06:23.365+0000] {logging_mixin.py:188} INFO - [2023-12-19T09:06:23.364+0000] {dag.py:3820} INFO - Setting next_dagrun for example_task_group to 2023-12-18T00:00:00+00:00, run_after=2023-12-19T00:00:00+00:00
[2023-12-19T09:06:23.381+0000] {processor.py:183} INFO - Processing /home/airflow/.local/lib/python3.8/site-packages/airflow/example_dags/example_task_group.py took 0.066 seconds
[2023-12-19T09:06:54.129+0000] {processor.py:161} INFO - Started process (PID=374) to work on /home/airflow/.local/lib/python3.8/site-packages/airflow/example_dags/example_task_group.py
[2023-12-19T09:06:54.131+0000] {processor.py:830} INFO - Processing file /home/airflow/.local/lib/python3.8/site-packages/airflow/example_dags/example_task_group.py for tasks to queue
[2023-12-19T09:06:54.134+0000] {logging_mixin.py:188} INFO - [2023-12-19T09:06:54.134+0000] {dagbag.py:538} INFO - Filling up the DagBag from /home/airflow/.local/lib/python3.8/site-packages/airflow/example_dags/example_task_group.py
[2023-12-19T09:06:54.140+0000] {processor.py:840} INFO - DAG(s) 'example_task_group' retrieved from /home/airflow/.local/lib/python3.8/site-packages/airflow/example_dags/example_task_group.py
[2023-12-19T09:06:54.159+0000] {logging_mixin.py:188} INFO - [2023-12-19T09:06:54.159+0000] {dag.py:3033} INFO - Sync 1 DAGs
[2023-12-19T09:06:54.179+0000] {logging_mixin.py:188} INFO - [2023-12-19T09:06:54.178+0000] {dag.py:3820} INFO - Setting next_dagrun for example_task_group to 2023-12-18T00:00:00+00:00, run_after=2023-12-19T00:00:00+00:00
[2023-12-19T09:06:54.197+0000] {processor.py:183} INFO - Processing /home/airflow/.local/lib/python3.8/site-packages/airflow/example_dags/example_task_group.py took 0.070 seconds
[2023-12-19T09:07:24.943+0000] {processor.py:161} INFO - Started process (PID=429) to work on /home/airflow/.local/lib/python3.8/site-packages/airflow/example_dags/example_task_group.py
[2023-12-19T09:07:24.945+0000] {processor.py:830} INFO - Processing file /home/airflow/.local/lib/python3.8/site-packages/airflow/example_dags/example_task_group.py for tasks to queue
[2023-12-19T09:07:24.949+0000] {logging_mixin.py:188} INFO - [2023-12-19T09:07:24.948+0000] {dagbag.py:538} INFO - Filling up the DagBag from /home/airflow/.local/lib/python3.8/site-packages/airflow/example_dags/example_task_group.py
[2023-12-19T09:07:24.955+0000] {processor.py:840} INFO - DAG(s) 'example_task_group' retrieved from /home/airflow/.local/lib/python3.8/site-packages/airflow/example_dags/example_task_group.py
[2023-12-19T09:07:24.975+0000] {logging_mixin.py:188} INFO - [2023-12-19T09:07:24.975+0000] {dag.py:3033} INFO - Sync 1 DAGs
[2023-12-19T09:07:24.992+0000] {logging_mixin.py:188} INFO - [2023-12-19T09:07:24.991+0000] {dag.py:3820} INFO - Setting next_dagrun for example_task_group to 2023-12-18T00:00:00+00:00, run_after=2023-12-19T00:00:00+00:00
[2023-12-19T09:07:25.005+0000] {processor.py:183} INFO - Processing /home/airflow/.local/lib/python3.8/site-packages/airflow/example_dags/example_task_group.py took 0.065 seconds
[2023-12-19T09:07:55.729+0000] {processor.py:161} INFO - Started process (PID=484) to work on /home/airflow/.local/lib/python3.8/site-packages/airflow/example_dags/example_task_group.py
[2023-12-19T09:07:55.731+0000] {processor.py:830} INFO - Processing file /home/airflow/.local/lib/python3.8/site-packages/airflow/example_dags/example_task_group.py for tasks to queue
[2023-12-19T09:07:55.734+0000] {logging_mixin.py:188} INFO - [2023-12-19T09:07:55.734+0000] {dagbag.py:538} INFO - Filling up the DagBag from /home/airflow/.local/lib/python3.8/site-packages/airflow/example_dags/example_task_group.py
[2023-12-19T09:07:55.740+0000] {processor.py:840} INFO - DAG(s) 'example_task_group' retrieved from /home/airflow/.local/lib/python3.8/site-packages/airflow/example_dags/example_task_group.py
[2023-12-19T09:07:55.758+0000] {logging_mixin.py:188} INFO - [2023-12-19T09:07:55.758+0000] {dag.py:3033} INFO - Sync 1 DAGs
[2023-12-19T09:07:55.774+0000] {logging_mixin.py:188} INFO - [2023-12-19T09:07:55.774+0000] {dag.py:3820} INFO - Setting next_dagrun for example_task_group to 2023-12-18T00:00:00+00:00, run_after=2023-12-19T00:00:00+00:00
[2023-12-19T09:07:55.791+0000] {processor.py:183} INFO - Processing /home/airflow/.local/lib/python3.8/site-packages/airflow/example_dags/example_task_group.py took 0.065 seconds
[2023-12-19T09:08:26.573+0000] {processor.py:161} INFO - Started process (PID=539) to work on /home/airflow/.local/lib/python3.8/site-packages/airflow/example_dags/example_task_group.py
[2023-12-19T09:08:26.575+0000] {processor.py:830} INFO - Processing file /home/airflow/.local/lib/python3.8/site-packages/airflow/example_dags/example_task_group.py for tasks to queue
[2023-12-19T09:08:26.578+0000] {logging_mixin.py:188} INFO - [2023-12-19T09:08:26.578+0000] {dagbag.py:538} INFO - Filling up the DagBag from /home/airflow/.local/lib/python3.8/site-packages/airflow/example_dags/example_task_group.py
[2023-12-19T09:08:26.585+0000] {processor.py:840} INFO - DAG(s) 'example_task_group' retrieved from /home/airflow/.local/lib/python3.8/site-packages/airflow/example_dags/example_task_group.py
[2023-12-19T09:08:26.603+0000] {logging_mixin.py:188} INFO - [2023-12-19T09:08:26.603+0000] {dag.py:3033} INFO - Sync 1 DAGs
[2023-12-19T09:08:26.625+0000] {logging_mixin.py:188} INFO - [2023-12-19T09:08:26.624+0000] {dag.py:3820} INFO - Setting next_dagrun for example_task_group to 2023-12-18T00:00:00+00:00, run_after=2023-12-19T00:00:00+00:00
[2023-12-19T09:08:26.640+0000] {processor.py:183} INFO - Processing /home/airflow/.local/lib/python3.8/site-packages/airflow/example_dags/example_task_group.py took 0.070 seconds
[2023-12-19T09:08:56.814+0000] {processor.py:161} INFO - Started process (PID=594) to work on /home/airflow/.local/lib/python3.8/site-packages/airflow/example_dags/example_task_group.py
[2023-12-19T09:08:56.816+0000] {processor.py:830} INFO - Processing file /home/airflow/.local/lib/python3.8/site-packages/airflow/example_dags/example_task_group.py for tasks to queue
[2023-12-19T09:08:56.819+0000] {logging_mixin.py:188} INFO - [2023-12-19T09:08:56.819+0000] {dagbag.py:538} INFO - Filling up the DagBag from /home/airflow/.local/lib/python3.8/site-packages/airflow/example_dags/example_task_group.py
[2023-12-19T09:08:56.826+0000] {processor.py:840} INFO - DAG(s) 'example_task_group' retrieved from /home/airflow/.local/lib/python3.8/site-packages/airflow/example_dags/example_task_group.py
[2023-12-19T09:08:56.847+0000] {logging_mixin.py:188} INFO - [2023-12-19T09:08:56.847+0000] {dag.py:3033} INFO - Sync 1 DAGs
[2023-12-19T09:08:56.863+0000] {logging_mixin.py:188} INFO - [2023-12-19T09:08:56.863+0000] {dag.py:3820} INFO - Setting next_dagrun for example_task_group to 2023-12-18T00:00:00+00:00, run_after=2023-12-19T00:00:00+00:00
[2023-12-19T09:08:56.878+0000] {processor.py:183} INFO - Processing /home/airflow/.local/lib/python3.8/site-packages/airflow/example_dags/example_task_group.py took 0.067 seconds
[2023-12-19T09:09:27.049+0000] {processor.py:161} INFO - Started process (PID=649) to work on /home/airflow/.local/lib/python3.8/site-packages/airflow/example_dags/example_task_group.py
[2023-12-19T09:09:27.050+0000] {processor.py:830} INFO - Processing file /home/airflow/.local/lib/python3.8/site-packages/airflow/example_dags/example_task_group.py for tasks to queue
[2023-12-19T09:09:27.053+0000] {logging_mixin.py:188} INFO - [2023-12-19T09:09:27.053+0000] {dagbag.py:538} INFO - Filling up the DagBag from /home/airflow/.local/lib/python3.8/site-packages/airflow/example_dags/example_task_group.py
[2023-12-19T09:09:27.059+0000] {processor.py:840} INFO - DAG(s) 'example_task_group' retrieved from /home/airflow/.local/lib/python3.8/site-packages/airflow/example_dags/example_task_group.py
[2023-12-19T09:09:27.077+0000] {logging_mixin.py:188} INFO - [2023-12-19T09:09:27.077+0000] {dag.py:3033} INFO - Sync 1 DAGs
[2023-12-19T09:09:27.094+0000] {logging_mixin.py:188} INFO - [2023-12-19T09:09:27.094+0000] {dag.py:3820} INFO - Setting next_dagrun for example_task_group to 2023-12-18T00:00:00+00:00, run_after=2023-12-19T00:00:00+00:00
[2023-12-19T09:09:27.111+0000] {processor.py:183} INFO - Processing /home/airflow/.local/lib/python3.8/site-packages/airflow/example_dags/example_task_group.py took 0.065 seconds
[2023-12-19T09:09:57.284+0000] {processor.py:161} INFO - Started process (PID=704) to work on /home/airflow/.local/lib/python3.8/site-packages/airflow/example_dags/example_task_group.py
[2023-12-19T09:09:57.286+0000] {processor.py:830} INFO - Processing file /home/airflow/.local/lib/python3.8/site-packages/airflow/example_dags/example_task_group.py for tasks to queue
[2023-12-19T09:09:57.289+0000] {logging_mixin.py:188} INFO - [2023-12-19T09:09:57.289+0000] {dagbag.py:538} INFO - Filling up the DagBag from /home/airflow/.local/lib/python3.8/site-packages/airflow/example_dags/example_task_group.py
[2023-12-19T09:09:57.297+0000] {processor.py:840} INFO - DAG(s) 'example_task_group' retrieved from /home/airflow/.local/lib/python3.8/site-packages/airflow/example_dags/example_task_group.py
[2023-12-19T09:09:57.315+0000] {logging_mixin.py:188} INFO - [2023-12-19T09:09:57.315+0000] {dag.py:3033} INFO - Sync 1 DAGs
[2023-12-19T09:09:57.332+0000] {logging_mixin.py:188} INFO - [2023-12-19T09:09:57.332+0000] {dag.py:3820} INFO - Setting next_dagrun for example_task_group to 2023-12-18T00:00:00+00:00, run_after=2023-12-19T00:00:00+00:00
[2023-12-19T09:09:57.347+0000] {processor.py:183} INFO - Processing /home/airflow/.local/lib/python3.8/site-packages/airflow/example_dags/example_task_group.py took 0.066 seconds
[2023-12-19T09:10:27.599+0000] {processor.py:161} INFO - Started process (PID=760) to work on /home/airflow/.local/lib/python3.8/site-packages/airflow/example_dags/example_task_group.py
[2023-12-19T09:10:27.601+0000] {processor.py:830} INFO - Processing file /home/airflow/.local/lib/python3.8/site-packages/airflow/example_dags/example_task_group.py for tasks to queue
[2023-12-19T09:10:27.604+0000] {logging_mixin.py:188} INFO - [2023-12-19T09:10:27.604+0000] {dagbag.py:538} INFO - Filling up the DagBag from /home/airflow/.local/lib/python3.8/site-packages/airflow/example_dags/example_task_group.py
[2023-12-19T09:10:27.611+0000] {processor.py:840} INFO - DAG(s) 'example_task_group' retrieved from /home/airflow/.local/lib/python3.8/site-packages/airflow/example_dags/example_task_group.py
[2023-12-19T09:10:27.629+0000] {logging_mixin.py:188} INFO - [2023-12-19T09:10:27.629+0000] {dag.py:3033} INFO - Sync 1 DAGs
[2023-12-19T09:10:27.644+0000] {logging_mixin.py:188} INFO - [2023-12-19T09:10:27.644+0000] {dag.py:3820} INFO - Setting next_dagrun for example_task_group to 2023-12-18T00:00:00+00:00, run_after=2023-12-19T00:00:00+00:00
[2023-12-19T09:10:27.660+0000] {processor.py:183} INFO - Processing /home/airflow/.local/lib/python3.8/site-packages/airflow/example_dags/example_task_group.py took 0.064 seconds
[2023-12-19T09:10:57.701+0000] {processor.py:161} INFO - Started process (PID=815) to work on /home/airflow/.local/lib/python3.8/site-packages/airflow/example_dags/example_task_group.py
[2023-12-19T09:10:57.703+0000] {processor.py:830} INFO - Processing file /home/airflow/.local/lib/python3.8/site-packages/airflow/example_dags/example_task_group.py for tasks to queue
[2023-12-19T09:10:57.706+0000] {logging_mixin.py:188} INFO - [2023-12-19T09:10:57.706+0000] {dagbag.py:538} INFO - Filling up the DagBag from /home/airflow/.local/lib/python3.8/site-packages/airflow/example_dags/example_task_group.py
[2023-12-19T09:10:57.712+0000] {processor.py:840} INFO - DAG(s) 'example_task_group' retrieved from /home/airflow/.local/lib/python3.8/site-packages/airflow/example_dags/example_task_group.py
[2023-12-19T09:10:57.730+0000] {logging_mixin.py:188} INFO - [2023-12-19T09:10:57.729+0000] {dag.py:3033} INFO - Sync 1 DAGs
[2023-12-19T09:10:57.746+0000] {logging_mixin.py:188} INFO - [2023-12-19T09:10:57.745+0000] {dag.py:3820} INFO - Setting next_dagrun for example_task_group to 2023-12-18T00:00:00+00:00, run_after=2023-12-19T00:00:00+00:00
[2023-12-19T09:10:57.759+0000] {processor.py:183} INFO - Processing /home/airflow/.local/lib/python3.8/site-packages/airflow/example_dags/example_task_group.py took 0.061 seconds
[2023-12-19T09:11:28.146+0000] {processor.py:161} INFO - Started process (PID=870) to work on /home/airflow/.local/lib/python3.8/site-packages/airflow/example_dags/example_task_group.py
[2023-12-19T09:11:28.148+0000] {processor.py:830} INFO - Processing file /home/airflow/.local/lib/python3.8/site-packages/airflow/example_dags/example_task_group.py for tasks to queue
[2023-12-19T09:11:28.151+0000] {logging_mixin.py:188} INFO - [2023-12-19T09:11:28.151+0000] {dagbag.py:538} INFO - Filling up the DagBag from /home/airflow/.local/lib/python3.8/site-packages/airflow/example_dags/example_task_group.py
[2023-12-19T09:11:28.157+0000] {processor.py:840} INFO - DAG(s) 'example_task_group' retrieved from /home/airflow/.local/lib/python3.8/site-packages/airflow/example_dags/example_task_group.py
[2023-12-19T09:11:28.176+0000] {logging_mixin.py:188} INFO - [2023-12-19T09:11:28.176+0000] {dag.py:3033} INFO - Sync 1 DAGs
[2023-12-19T09:11:28.194+0000] {logging_mixin.py:188} INFO - [2023-12-19T09:11:28.194+0000] {dag.py:3820} INFO - Setting next_dagrun for example_task_group to 2023-12-18T00:00:00+00:00, run_after=2023-12-19T00:00:00+00:00
[2023-12-19T09:11:28.211+0000] {processor.py:183} INFO - Processing /home/airflow/.local/lib/python3.8/site-packages/airflow/example_dags/example_task_group.py took 0.068 seconds
[2023-12-19T09:11:58.903+0000] {processor.py:161} INFO - Started process (PID=925) to work on /home/airflow/.local/lib/python3.8/site-packages/airflow/example_dags/example_task_group.py
[2023-12-19T09:11:58.905+0000] {processor.py:830} INFO - Processing file /home/airflow/.local/lib/python3.8/site-packages/airflow/example_dags/example_task_group.py for tasks to queue
[2023-12-19T09:11:58.908+0000] {logging_mixin.py:188} INFO - [2023-12-19T09:11:58.908+0000] {dagbag.py:538} INFO - Filling up the DagBag from /home/airflow/.local/lib/python3.8/site-packages/airflow/example_dags/example_task_group.py
[2023-12-19T09:11:58.913+0000] {processor.py:840} INFO - DAG(s) 'example_task_group' retrieved from /home/airflow/.local/lib/python3.8/site-packages/airflow/example_dags/example_task_group.py
[2023-12-19T09:11:58.937+0000] {logging_mixin.py:188} INFO - [2023-12-19T09:11:58.937+0000] {dag.py:3033} INFO - Sync 1 DAGs
[2023-12-19T09:11:58.954+0000] {logging_mixin.py:188} INFO - [2023-12-19T09:11:58.954+0000] {dag.py:3820} INFO - Setting next_dagrun for example_task_group to 2023-12-18T00:00:00+00:00, run_after=2023-12-19T00:00:00+00:00
[2023-12-19T09:11:58.967+0000] {processor.py:183} INFO - Processing /home/airflow/.local/lib/python3.8/site-packages/airflow/example_dags/example_task_group.py took 0.066 seconds
[2023-12-19T09:12:29.507+0000] {processor.py:161} INFO - Started process (PID=981) to work on /home/airflow/.local/lib/python3.8/site-packages/airflow/example_dags/example_task_group.py
[2023-12-19T09:12:29.509+0000] {processor.py:830} INFO - Processing file /home/airflow/.local/lib/python3.8/site-packages/airflow/example_dags/example_task_group.py for tasks to queue
[2023-12-19T09:12:29.511+0000] {logging_mixin.py:188} INFO - [2023-12-19T09:12:29.511+0000] {dagbag.py:538} INFO - Filling up the DagBag from /home/airflow/.local/lib/python3.8/site-packages/airflow/example_dags/example_task_group.py
[2023-12-19T09:12:29.516+0000] {processor.py:840} INFO - DAG(s) 'example_task_group' retrieved from /home/airflow/.local/lib/python3.8/site-packages/airflow/example_dags/example_task_group.py
[2023-12-19T09:12:29.535+0000] {logging_mixin.py:188} INFO - [2023-12-19T09:12:29.534+0000] {dag.py:3033} INFO - Sync 1 DAGs
[2023-12-19T09:12:29.553+0000] {logging_mixin.py:188} INFO - [2023-12-19T09:12:29.553+0000] {dag.py:3820} INFO - Setting next_dagrun for example_task_group to 2023-12-18T00:00:00+00:00, run_after=2023-12-19T00:00:00+00:00
[2023-12-19T09:12:29.571+0000] {processor.py:183} INFO - Processing /home/airflow/.local/lib/python3.8/site-packages/airflow/example_dags/example_task_group.py took 0.067 seconds
[2023-12-19T09:13:00.015+0000] {processor.py:161} INFO - Started process (PID=1036) to work on /home/airflow/.local/lib/python3.8/site-packages/airflow/example_dags/example_task_group.py
[2023-12-19T09:13:00.017+0000] {processor.py:830} INFO - Processing file /home/airflow/.local/lib/python3.8/site-packages/airflow/example_dags/example_task_group.py for tasks to queue
[2023-12-19T09:13:00.019+0000] {logging_mixin.py:188} INFO - [2023-12-19T09:13:00.019+0000] {dagbag.py:538} INFO - Filling up the DagBag from /home/airflow/.local/lib/python3.8/site-packages/airflow/example_dags/example_task_group.py
[2023-12-19T09:13:00.024+0000] {processor.py:840} INFO - DAG(s) 'example_task_group' retrieved from /home/airflow/.local/lib/python3.8/site-packages/airflow/example_dags/example_task_group.py
[2023-12-19T09:13:00.041+0000] {logging_mixin.py:188} INFO - [2023-12-19T09:13:00.041+0000] {dag.py:3033} INFO - Sync 1 DAGs
[2023-12-19T09:13:00.057+0000] {logging_mixin.py:188} INFO - [2023-12-19T09:13:00.057+0000] {dag.py:3820} INFO - Setting next_dagrun for example_task_group to 2023-12-18T00:00:00+00:00, run_after=2023-12-19T00:00:00+00:00
[2023-12-19T09:13:00.075+0000] {processor.py:183} INFO - Processing /home/airflow/.local/lib/python3.8/site-packages/airflow/example_dags/example_task_group.py took 0.062 seconds
[2023-12-19T09:13:30.501+0000] {processor.py:161} INFO - Started process (PID=1091) to work on /home/airflow/.local/lib/python3.8/site-packages/airflow/example_dags/example_task_group.py
[2023-12-19T09:13:30.502+0000] {processor.py:830} INFO - Processing file /home/airflow/.local/lib/python3.8/site-packages/airflow/example_dags/example_task_group.py for tasks to queue
[2023-12-19T09:13:30.505+0000] {logging_mixin.py:188} INFO - [2023-12-19T09:13:30.505+0000] {dagbag.py:538} INFO - Filling up the DagBag from /home/airflow/.local/lib/python3.8/site-packages/airflow/example_dags/example_task_group.py
[2023-12-19T09:13:30.510+0000] {processor.py:840} INFO - DAG(s) 'example_task_group' retrieved from /home/airflow/.local/lib/python3.8/site-packages/airflow/example_dags/example_task_group.py
[2023-12-19T09:13:30.529+0000] {logging_mixin.py:188} INFO - [2023-12-19T09:13:30.528+0000] {dag.py:3033} INFO - Sync 1 DAGs
[2023-12-19T09:13:30.542+0000] {logging_mixin.py:188} INFO - [2023-12-19T09:13:30.542+0000] {dag.py:3820} INFO - Setting next_dagrun for example_task_group to 2023-12-18T00:00:00+00:00, run_after=2023-12-19T00:00:00+00:00
[2023-12-19T09:13:30.556+0000] {processor.py:183} INFO - Processing /home/airflow/.local/lib/python3.8/site-packages/airflow/example_dags/example_task_group.py took 0.058 seconds
[2023-12-19T09:14:01.169+0000] {processor.py:161} INFO - Started process (PID=1146) to work on /home/airflow/.local/lib/python3.8/site-packages/airflow/example_dags/example_task_group.py
[2023-12-19T09:14:01.171+0000] {processor.py:830} INFO - Processing file /home/airflow/.local/lib/python3.8/site-packages/airflow/example_dags/example_task_group.py for tasks to queue
[2023-12-19T09:14:01.174+0000] {logging_mixin.py:188} INFO - [2023-12-19T09:14:01.174+0000] {dagbag.py:538} INFO - Filling up the DagBag from /home/airflow/.local/lib/python3.8/site-packages/airflow/example_dags/example_task_group.py
[2023-12-19T09:14:01.179+0000] {processor.py:840} INFO - DAG(s) 'example_task_group' retrieved from /home/airflow/.local/lib/python3.8/site-packages/airflow/example_dags/example_task_group.py
[2023-12-19T09:14:01.194+0000] {logging_mixin.py:188} INFO - [2023-12-19T09:14:01.193+0000] {dag.py:3033} INFO - Sync 1 DAGs
[2023-12-19T09:14:01.206+0000] {logging_mixin.py:188} INFO - [2023-12-19T09:14:01.206+0000] {dag.py:3820} INFO - Setting next_dagrun for example_task_group to 2023-12-18T00:00:00+00:00, run_after=2023-12-19T00:00:00+00:00
[2023-12-19T09:14:01.218+0000] {processor.py:183} INFO - Processing /home/airflow/.local/lib/python3.8/site-packages/airflow/example_dags/example_task_group.py took 0.051 seconds
[2023-12-19T09:14:31.657+0000] {processor.py:161} INFO - Started process (PID=1201) to work on /home/airflow/.local/lib/python3.8/site-packages/airflow/example_dags/example_task_group.py
[2023-12-19T09:14:31.659+0000] {processor.py:830} INFO - Processing file /home/airflow/.local/lib/python3.8/site-packages/airflow/example_dags/example_task_group.py for tasks to queue
[2023-12-19T09:14:31.662+0000] {logging_mixin.py:188} INFO - [2023-12-19T09:14:31.661+0000] {dagbag.py:538} INFO - Filling up the DagBag from /home/airflow/.local/lib/python3.8/site-packages/airflow/example_dags/example_task_group.py
[2023-12-19T09:14:31.667+0000] {processor.py:840} INFO - DAG(s) 'example_task_group' retrieved from /home/airflow/.local/lib/python3.8/site-packages/airflow/example_dags/example_task_group.py
[2023-12-19T09:14:31.685+0000] {logging_mixin.py:188} INFO - [2023-12-19T09:14:31.685+0000] {dag.py:3033} INFO - Sync 1 DAGs
[2023-12-19T09:14:31.707+0000] {logging_mixin.py:188} INFO - [2023-12-19T09:14:31.707+0000] {dag.py:3820} INFO - Setting next_dagrun for example_task_group to 2023-12-18T00:00:00+00:00, run_after=2023-12-19T00:00:00+00:00
[2023-12-19T09:14:31.721+0000] {processor.py:183} INFO - Processing /home/airflow/.local/lib/python3.8/site-packages/airflow/example_dags/example_task_group.py took 0.066 seconds
[2023-12-19T09:15:02.126+0000] {processor.py:161} INFO - Started process (PID=1256) to work on /home/airflow/.local/lib/python3.8/site-packages/airflow/example_dags/example_task_group.py
[2023-12-19T09:15:02.127+0000] {processor.py:830} INFO - Processing file /home/airflow/.local/lib/python3.8/site-packages/airflow/example_dags/example_task_group.py for tasks to queue
[2023-12-19T09:15:02.130+0000] {logging_mixin.py:188} INFO - [2023-12-19T09:15:02.130+0000] {dagbag.py:538} INFO - Filling up the DagBag from /home/airflow/.local/lib/python3.8/site-packages/airflow/example_dags/example_task_group.py
[2023-12-19T09:15:02.136+0000] {processor.py:840} INFO - DAG(s) 'example_task_group' retrieved from /home/airflow/.local/lib/python3.8/site-packages/airflow/example_dags/example_task_group.py
[2023-12-19T09:15:02.151+0000] {logging_mixin.py:188} INFO - [2023-12-19T09:15:02.151+0000] {dag.py:3033} INFO - Sync 1 DAGs
[2023-12-19T09:15:02.165+0000] {logging_mixin.py:188} INFO - [2023-12-19T09:15:02.165+0000] {dag.py:3820} INFO - Setting next_dagrun for example_task_group to 2023-12-18T00:00:00+00:00, run_after=2023-12-19T00:00:00+00:00
[2023-12-19T09:15:02.178+0000] {processor.py:183} INFO - Processing /home/airflow/.local/lib/python3.8/site-packages/airflow/example_dags/example_task_group.py took 0.054 seconds
[2023-12-19T09:15:32.906+0000] {processor.py:161} INFO - Started process (PID=1311) to work on /home/airflow/.local/lib/python3.8/site-packages/airflow/example_dags/example_task_group.py
[2023-12-19T09:15:32.907+0000] {processor.py:830} INFO - Processing file /home/airflow/.local/lib/python3.8/site-packages/airflow/example_dags/example_task_group.py for tasks to queue
[2023-12-19T09:15:32.910+0000] {logging_mixin.py:188} INFO - [2023-12-19T09:15:32.910+0000] {dagbag.py:538} INFO - Filling up the DagBag from /home/airflow/.local/lib/python3.8/site-packages/airflow/example_dags/example_task_group.py
[2023-12-19T09:15:32.915+0000] {processor.py:840} INFO - DAG(s) 'example_task_group' retrieved from /home/airflow/.local/lib/python3.8/site-packages/airflow/example_dags/example_task_group.py
[2023-12-19T09:15:32.932+0000] {logging_mixin.py:188} INFO - [2023-12-19T09:15:32.932+0000] {dag.py:3033} INFO - Sync 1 DAGs
[2023-12-19T09:15:32.945+0000] {logging_mixin.py:188} INFO - [2023-12-19T09:15:32.945+0000] {dag.py:3820} INFO - Setting next_dagrun for example_task_group to 2023-12-18T00:00:00+00:00, run_after=2023-12-19T00:00:00+00:00
[2023-12-19T09:15:32.958+0000] {processor.py:183} INFO - Processing /home/airflow/.local/lib/python3.8/site-packages/airflow/example_dags/example_task_group.py took 0.054 seconds
[2023-12-19T09:16:03.485+0000] {processor.py:161} INFO - Started process (PID=1366) to work on /home/airflow/.local/lib/python3.8/site-packages/airflow/example_dags/example_task_group.py
[2023-12-19T09:16:03.486+0000] {processor.py:830} INFO - Processing file /home/airflow/.local/lib/python3.8/site-packages/airflow/example_dags/example_task_group.py for tasks to queue
[2023-12-19T09:16:03.489+0000] {logging_mixin.py:188} INFO - [2023-12-19T09:16:03.489+0000] {dagbag.py:538} INFO - Filling up the DagBag from /home/airflow/.local/lib/python3.8/site-packages/airflow/example_dags/example_task_group.py
[2023-12-19T09:16:03.494+0000] {processor.py:840} INFO - DAG(s) 'example_task_group' retrieved from /home/airflow/.local/lib/python3.8/site-packages/airflow/example_dags/example_task_group.py
[2023-12-19T09:16:03.509+0000] {logging_mixin.py:188} INFO - [2023-12-19T09:16:03.509+0000] {dag.py:3033} INFO - Sync 1 DAGs
[2023-12-19T09:16:03.524+0000] {logging_mixin.py:188} INFO - [2023-12-19T09:16:03.524+0000] {dag.py:3820} INFO - Setting next_dagrun for example_task_group to 2023-12-18T00:00:00+00:00, run_after=2023-12-19T00:00:00+00:00
[2023-12-19T09:16:03.538+0000] {processor.py:183} INFO - Processing /home/airflow/.local/lib/python3.8/site-packages/airflow/example_dags/example_task_group.py took 0.056 seconds
[2023-12-19T09:16:34.017+0000] {processor.py:161} INFO - Started process (PID=1421) to work on /home/airflow/.local/lib/python3.8/site-packages/airflow/example_dags/example_task_group.py
[2023-12-19T09:16:34.018+0000] {processor.py:830} INFO - Processing file /home/airflow/.local/lib/python3.8/site-packages/airflow/example_dags/example_task_group.py for tasks to queue
[2023-12-19T09:16:34.021+0000] {logging_mixin.py:188} INFO - [2023-12-19T09:16:34.021+0000] {dagbag.py:538} INFO - Filling up the DagBag from /home/airflow/.local/lib/python3.8/site-packages/airflow/example_dags/example_task_group.py
[2023-12-19T09:16:34.026+0000] {processor.py:840} INFO - DAG(s) 'example_task_group' retrieved from /home/airflow/.local/lib/python3.8/site-packages/airflow/example_dags/example_task_group.py
[2023-12-19T09:16:34.042+0000] {logging_mixin.py:188} INFO - [2023-12-19T09:16:34.042+0000] {dag.py:3033} INFO - Sync 1 DAGs
[2023-12-19T09:16:34.056+0000] {logging_mixin.py:188} INFO - [2023-12-19T09:16:34.056+0000] {dag.py:3820} INFO - Setting next_dagrun for example_task_group to 2023-12-18T00:00:00+00:00, run_after=2023-12-19T00:00:00+00:00
[2023-12-19T09:16:34.068+0000] {processor.py:183} INFO - Processing /home/airflow/.local/lib/python3.8/site-packages/airflow/example_dags/example_task_group.py took 0.054 seconds
[2023-12-19T09:17:04.625+0000] {processor.py:161} INFO - Started process (PID=1476) to work on /home/airflow/.local/lib/python3.8/site-packages/airflow/example_dags/example_task_group.py
[2023-12-19T09:17:04.627+0000] {processor.py:830} INFO - Processing file /home/airflow/.local/lib/python3.8/site-packages/airflow/example_dags/example_task_group.py for tasks to queue
[2023-12-19T09:17:04.630+0000] {logging_mixin.py:188} INFO - [2023-12-19T09:17:04.630+0000] {dagbag.py:538} INFO - Filling up the DagBag from /home/airflow/.local/lib/python3.8/site-packages/airflow/example_dags/example_task_group.py
[2023-12-19T09:17:04.635+0000] {processor.py:840} INFO - DAG(s) 'example_task_group' retrieved from /home/airflow/.local/lib/python3.8/site-packages/airflow/example_dags/example_task_group.py
[2023-12-19T09:17:04.650+0000] {logging_mixin.py:188} INFO - [2023-12-19T09:17:04.650+0000] {dag.py:3033} INFO - Sync 1 DAGs
[2023-12-19T09:17:04.665+0000] {logging_mixin.py:188} INFO - [2023-12-19T09:17:04.665+0000] {dag.py:3820} INFO - Setting next_dagrun for example_task_group to 2023-12-18T00:00:00+00:00, run_after=2023-12-19T00:00:00+00:00
[2023-12-19T09:17:04.677+0000] {processor.py:183} INFO - Processing /home/airflow/.local/lib/python3.8/site-packages/airflow/example_dags/example_task_group.py took 0.054 seconds
[2023-12-19T09:17:35.179+0000] {processor.py:161} INFO - Started process (PID=1531) to work on /home/airflow/.local/lib/python3.8/site-packages/airflow/example_dags/example_task_group.py
[2023-12-19T09:17:35.181+0000] {processor.py:830} INFO - Processing file /home/airflow/.local/lib/python3.8/site-packages/airflow/example_dags/example_task_group.py for tasks to queue
[2023-12-19T09:17:35.184+0000] {logging_mixin.py:188} INFO - [2023-12-19T09:17:35.184+0000] {dagbag.py:538} INFO - Filling up the DagBag from /home/airflow/.local/lib/python3.8/site-packages/airflow/example_dags/example_task_group.py
[2023-12-19T09:17:35.190+0000] {processor.py:840} INFO - DAG(s) 'example_task_group' retrieved from /home/airflow/.local/lib/python3.8/site-packages/airflow/example_dags/example_task_group.py
[2023-12-19T09:17:35.206+0000] {logging_mixin.py:188} INFO - [2023-12-19T09:17:35.206+0000] {dag.py:3033} INFO - Sync 1 DAGs
[2023-12-19T09:17:35.219+0000] {logging_mixin.py:188} INFO - [2023-12-19T09:17:35.219+0000] {dag.py:3820} INFO - Setting next_dagrun for example_task_group to 2023-12-18T00:00:00+00:00, run_after=2023-12-19T00:00:00+00:00
[2023-12-19T09:17:35.231+0000] {processor.py:183} INFO - Processing /home/airflow/.local/lib/python3.8/site-packages/airflow/example_dags/example_task_group.py took 0.055 seconds
[2023-12-19T09:18:05.661+0000] {processor.py:161} INFO - Started process (PID=1586) to work on /home/airflow/.local/lib/python3.8/site-packages/airflow/example_dags/example_task_group.py
[2023-12-19T09:18:05.663+0000] {processor.py:830} INFO - Processing file /home/airflow/.local/lib/python3.8/site-packages/airflow/example_dags/example_task_group.py for tasks to queue
[2023-12-19T09:18:05.665+0000] {logging_mixin.py:188} INFO - [2023-12-19T09:18:05.665+0000] {dagbag.py:538} INFO - Filling up the DagBag from /home/airflow/.local/lib/python3.8/site-packages/airflow/example_dags/example_task_group.py
[2023-12-19T09:18:05.670+0000] {processor.py:840} INFO - DAG(s) 'example_task_group' retrieved from /home/airflow/.local/lib/python3.8/site-packages/airflow/example_dags/example_task_group.py
[2023-12-19T09:18:05.686+0000] {logging_mixin.py:188} INFO - [2023-12-19T09:18:05.686+0000] {dag.py:3033} INFO - Sync 1 DAGs
[2023-12-19T09:18:05.700+0000] {logging_mixin.py:188} INFO - [2023-12-19T09:18:05.700+0000] {dag.py:3820} INFO - Setting next_dagrun for example_task_group to 2023-12-18T00:00:00+00:00, run_after=2023-12-19T00:00:00+00:00
[2023-12-19T09:18:05.712+0000] {processor.py:183} INFO - Processing /home/airflow/.local/lib/python3.8/site-packages/airflow/example_dags/example_task_group.py took 0.053 seconds
[2023-12-19T09:18:36.222+0000] {processor.py:161} INFO - Started process (PID=1641) to work on /home/airflow/.local/lib/python3.8/site-packages/airflow/example_dags/example_task_group.py
[2023-12-19T09:18:36.223+0000] {processor.py:830} INFO - Processing file /home/airflow/.local/lib/python3.8/site-packages/airflow/example_dags/example_task_group.py for tasks to queue
[2023-12-19T09:18:36.226+0000] {logging_mixin.py:188} INFO - [2023-12-19T09:18:36.226+0000] {dagbag.py:538} INFO - Filling up the DagBag from /home/airflow/.local/lib/python3.8/site-packages/airflow/example_dags/example_task_group.py
[2023-12-19T09:18:36.231+0000] {processor.py:840} INFO - DAG(s) 'example_task_group' retrieved from /home/airflow/.local/lib/python3.8/site-packages/airflow/example_dags/example_task_group.py
[2023-12-19T09:18:36.246+0000] {logging_mixin.py:188} INFO - [2023-12-19T09:18:36.246+0000] {dag.py:3033} INFO - Sync 1 DAGs
[2023-12-19T09:18:36.259+0000] {logging_mixin.py:188} INFO - [2023-12-19T09:18:36.259+0000] {dag.py:3820} INFO - Setting next_dagrun for example_task_group to 2023-12-18T00:00:00+00:00, run_after=2023-12-19T00:00:00+00:00
[2023-12-19T09:18:36.275+0000] {processor.py:183} INFO - Processing /home/airflow/.local/lib/python3.8/site-packages/airflow/example_dags/example_task_group.py took 0.056 seconds
[2023-12-19T09:19:06.983+0000] {processor.py:161} INFO - Started process (PID=1696) to work on /home/airflow/.local/lib/python3.8/site-packages/airflow/example_dags/example_task_group.py
[2023-12-19T09:19:06.984+0000] {processor.py:830} INFO - Processing file /home/airflow/.local/lib/python3.8/site-packages/airflow/example_dags/example_task_group.py for tasks to queue
[2023-12-19T09:19:06.987+0000] {logging_mixin.py:188} INFO - [2023-12-19T09:19:06.987+0000] {dagbag.py:538} INFO - Filling up the DagBag from /home/airflow/.local/lib/python3.8/site-packages/airflow/example_dags/example_task_group.py
[2023-12-19T09:19:06.993+0000] {processor.py:840} INFO - DAG(s) 'example_task_group' retrieved from /home/airflow/.local/lib/python3.8/site-packages/airflow/example_dags/example_task_group.py
[2023-12-19T09:19:07.010+0000] {logging_mixin.py:188} INFO - [2023-12-19T09:19:07.010+0000] {dag.py:3033} INFO - Sync 1 DAGs
[2023-12-19T09:19:07.024+0000] {logging_mixin.py:188} INFO - [2023-12-19T09:19:07.024+0000] {dag.py:3820} INFO - Setting next_dagrun for example_task_group to 2023-12-18T00:00:00+00:00, run_after=2023-12-19T00:00:00+00:00
[2023-12-19T09:19:07.142+0000] {processor.py:183} INFO - Processing /home/airflow/.local/lib/python3.8/site-packages/airflow/example_dags/example_task_group.py took 0.162 seconds
[2023-12-19T09:19:37.994+0000] {processor.py:161} INFO - Started process (PID=1751) to work on /home/airflow/.local/lib/python3.8/site-packages/airflow/example_dags/example_task_group.py
[2023-12-19T09:19:37.996+0000] {processor.py:830} INFO - Processing file /home/airflow/.local/lib/python3.8/site-packages/airflow/example_dags/example_task_group.py for tasks to queue
[2023-12-19T09:19:37.998+0000] {logging_mixin.py:188} INFO - [2023-12-19T09:19:37.998+0000] {dagbag.py:538} INFO - Filling up the DagBag from /home/airflow/.local/lib/python3.8/site-packages/airflow/example_dags/example_task_group.py
[2023-12-19T09:19:38.004+0000] {processor.py:840} INFO - DAG(s) 'example_task_group' retrieved from /home/airflow/.local/lib/python3.8/site-packages/airflow/example_dags/example_task_group.py
[2023-12-19T09:19:38.020+0000] {logging_mixin.py:188} INFO - [2023-12-19T09:19:38.019+0000] {dag.py:3033} INFO - Sync 1 DAGs
[2023-12-19T09:19:38.033+0000] {logging_mixin.py:188} INFO - [2023-12-19T09:19:38.032+0000] {dag.py:3820} INFO - Setting next_dagrun for example_task_group to 2023-12-18T00:00:00+00:00, run_after=2023-12-19T00:00:00+00:00
[2023-12-19T09:19:38.045+0000] {processor.py:183} INFO - Processing /home/airflow/.local/lib/python3.8/site-packages/airflow/example_dags/example_task_group.py took 0.054 seconds
[2023-12-19T09:20:08.169+0000] {processor.py:161} INFO - Started process (PID=1805) to work on /home/airflow/.local/lib/python3.8/site-packages/airflow/example_dags/example_task_group.py
[2023-12-19T09:20:08.171+0000] {processor.py:830} INFO - Processing file /home/airflow/.local/lib/python3.8/site-packages/airflow/example_dags/example_task_group.py for tasks to queue
[2023-12-19T09:20:08.173+0000] {logging_mixin.py:188} INFO - [2023-12-19T09:20:08.173+0000] {dagbag.py:538} INFO - Filling up the DagBag from /home/airflow/.local/lib/python3.8/site-packages/airflow/example_dags/example_task_group.py
[2023-12-19T09:20:08.179+0000] {processor.py:840} INFO - DAG(s) 'example_task_group' retrieved from /home/airflow/.local/lib/python3.8/site-packages/airflow/example_dags/example_task_group.py
[2023-12-19T09:20:08.195+0000] {logging_mixin.py:188} INFO - [2023-12-19T09:20:08.195+0000] {dag.py:3033} INFO - Sync 1 DAGs
[2023-12-19T09:20:08.209+0000] {logging_mixin.py:188} INFO - [2023-12-19T09:20:08.209+0000] {dag.py:3820} INFO - Setting next_dagrun for example_task_group to 2023-12-18T00:00:00+00:00, run_after=2023-12-19T00:00:00+00:00
[2023-12-19T09:20:08.221+0000] {processor.py:183} INFO - Processing /home/airflow/.local/lib/python3.8/site-packages/airflow/example_dags/example_task_group.py took 0.054 seconds
[2023-12-19T09:20:38.356+0000] {processor.py:161} INFO - Started process (PID=1860) to work on /home/airflow/.local/lib/python3.8/site-packages/airflow/example_dags/example_task_group.py
[2023-12-19T09:20:38.358+0000] {processor.py:830} INFO - Processing file /home/airflow/.local/lib/python3.8/site-packages/airflow/example_dags/example_task_group.py for tasks to queue
[2023-12-19T09:20:38.360+0000] {logging_mixin.py:188} INFO - [2023-12-19T09:20:38.360+0000] {dagbag.py:538} INFO - Filling up the DagBag from /home/airflow/.local/lib/python3.8/site-packages/airflow/example_dags/example_task_group.py
[2023-12-19T09:20:38.365+0000] {processor.py:840} INFO - DAG(s) 'example_task_group' retrieved from /home/airflow/.local/lib/python3.8/site-packages/airflow/example_dags/example_task_group.py
[2023-12-19T09:20:38.379+0000] {logging_mixin.py:188} INFO - [2023-12-19T09:20:38.379+0000] {dag.py:3033} INFO - Sync 1 DAGs
[2023-12-19T09:20:38.391+0000] {logging_mixin.py:188} INFO - [2023-12-19T09:20:38.391+0000] {dag.py:3820} INFO - Setting next_dagrun for example_task_group to 2023-12-18T00:00:00+00:00, run_after=2023-12-19T00:00:00+00:00
[2023-12-19T09:20:38.403+0000] {processor.py:183} INFO - Processing /home/airflow/.local/lib/python3.8/site-packages/airflow/example_dags/example_task_group.py took 0.049 seconds
[2023-12-19T09:21:09.732+0000] {processor.py:161} INFO - Started process (PID=1915) to work on /home/airflow/.local/lib/python3.8/site-packages/airflow/example_dags/example_task_group.py
[2023-12-19T09:21:09.735+0000] {processor.py:830} INFO - Processing file /home/airflow/.local/lib/python3.8/site-packages/airflow/example_dags/example_task_group.py for tasks to queue
[2023-12-19T09:21:09.737+0000] {logging_mixin.py:188} INFO - [2023-12-19T09:21:09.737+0000] {dagbag.py:538} INFO - Filling up the DagBag from /home/airflow/.local/lib/python3.8/site-packages/airflow/example_dags/example_task_group.py
[2023-12-19T09:21:09.743+0000] {processor.py:840} INFO - DAG(s) 'example_task_group' retrieved from /home/airflow/.local/lib/python3.8/site-packages/airflow/example_dags/example_task_group.py
[2023-12-19T09:21:09.759+0000] {logging_mixin.py:188} INFO - [2023-12-19T09:21:09.759+0000] {dag.py:3033} INFO - Sync 1 DAGs
[2023-12-19T09:21:09.866+0000] {logging_mixin.py:188} INFO - [2023-12-19T09:21:09.866+0000] {dag.py:3820} INFO - Setting next_dagrun for example_task_group to 2023-12-18T00:00:00+00:00, run_after=2023-12-19T00:00:00+00:00
[2023-12-19T09:21:09.878+0000] {processor.py:183} INFO - Processing /home/airflow/.local/lib/python3.8/site-packages/airflow/example_dags/example_task_group.py took 0.149 seconds
[2023-12-19T09:21:40.603+0000] {processor.py:161} INFO - Started process (PID=1970) to work on /home/airflow/.local/lib/python3.8/site-packages/airflow/example_dags/example_task_group.py
[2023-12-19T09:21:40.606+0000] {processor.py:830} INFO - Processing file /home/airflow/.local/lib/python3.8/site-packages/airflow/example_dags/example_task_group.py for tasks to queue
[2023-12-19T09:21:40.609+0000] {logging_mixin.py:188} INFO - [2023-12-19T09:21:40.608+0000] {dagbag.py:538} INFO - Filling up the DagBag from /home/airflow/.local/lib/python3.8/site-packages/airflow/example_dags/example_task_group.py
[2023-12-19T09:21:40.614+0000] {processor.py:840} INFO - DAG(s) 'example_task_group' retrieved from /home/airflow/.local/lib/python3.8/site-packages/airflow/example_dags/example_task_group.py
[2023-12-19T09:21:40.631+0000] {logging_mixin.py:188} INFO - [2023-12-19T09:21:40.631+0000] {dag.py:3033} INFO - Sync 1 DAGs
[2023-12-19T09:21:40.746+0000] {logging_mixin.py:188} INFO - [2023-12-19T09:21:40.746+0000] {dag.py:3820} INFO - Setting next_dagrun for example_task_group to 2023-12-18T00:00:00+00:00, run_after=2023-12-19T00:00:00+00:00
[2023-12-19T09:21:40.761+0000] {processor.py:183} INFO - Processing /home/airflow/.local/lib/python3.8/site-packages/airflow/example_dags/example_task_group.py took 0.161 seconds
[2023-12-19T09:22:11.586+0000] {processor.py:161} INFO - Started process (PID=2031) to work on /home/airflow/.local/lib/python3.8/site-packages/airflow/example_dags/example_task_group.py
[2023-12-19T09:22:11.588+0000] {processor.py:830} INFO - Processing file /home/airflow/.local/lib/python3.8/site-packages/airflow/example_dags/example_task_group.py for tasks to queue
[2023-12-19T09:22:11.591+0000] {logging_mixin.py:188} INFO - [2023-12-19T09:22:11.590+0000] {dagbag.py:538} INFO - Filling up the DagBag from /home/airflow/.local/lib/python3.8/site-packages/airflow/example_dags/example_task_group.py
[2023-12-19T09:22:11.596+0000] {processor.py:840} INFO - DAG(s) 'example_task_group' retrieved from /home/airflow/.local/lib/python3.8/site-packages/airflow/example_dags/example_task_group.py
[2023-12-19T09:22:11.612+0000] {logging_mixin.py:188} INFO - [2023-12-19T09:22:11.612+0000] {dag.py:3033} INFO - Sync 1 DAGs
[2023-12-19T09:22:11.627+0000] {logging_mixin.py:188} INFO - [2023-12-19T09:22:11.627+0000] {dag.py:3820} INFO - Setting next_dagrun for example_task_group to 2023-12-18T00:00:00+00:00, run_after=2023-12-19T00:00:00+00:00
[2023-12-19T09:22:11.751+0000] {processor.py:183} INFO - Processing /home/airflow/.local/lib/python3.8/site-packages/airflow/example_dags/example_task_group.py took 0.167 seconds
[2023-12-19T09:22:42.663+0000] {processor.py:161} INFO - Started process (PID=2086) to work on /home/airflow/.local/lib/python3.8/site-packages/airflow/example_dags/example_task_group.py
[2023-12-19T09:22:42.666+0000] {processor.py:830} INFO - Processing file /home/airflow/.local/lib/python3.8/site-packages/airflow/example_dags/example_task_group.py for tasks to queue
[2023-12-19T09:22:42.670+0000] {logging_mixin.py:188} INFO - [2023-12-19T09:22:42.670+0000] {dagbag.py:538} INFO - Filling up the DagBag from /home/airflow/.local/lib/python3.8/site-packages/airflow/example_dags/example_task_group.py
[2023-12-19T09:22:42.677+0000] {processor.py:840} INFO - DAG(s) 'example_task_group' retrieved from /home/airflow/.local/lib/python3.8/site-packages/airflow/example_dags/example_task_group.py
[2023-12-19T09:22:42.691+0000] {logging_mixin.py:188} INFO - [2023-12-19T09:22:42.691+0000] {dag.py:3033} INFO - Sync 1 DAGs
[2023-12-19T09:22:42.704+0000] {logging_mixin.py:188} INFO - [2023-12-19T09:22:42.704+0000] {dag.py:3820} INFO - Setting next_dagrun for example_task_group to 2023-12-18T00:00:00+00:00, run_after=2023-12-19T00:00:00+00:00
[2023-12-19T09:22:42.717+0000] {processor.py:183} INFO - Processing /home/airflow/.local/lib/python3.8/site-packages/airflow/example_dags/example_task_group.py took 0.059 seconds
[2023-12-19T09:23:13.171+0000] {processor.py:161} INFO - Started process (PID=2141) to work on /home/airflow/.local/lib/python3.8/site-packages/airflow/example_dags/example_task_group.py
[2023-12-19T09:23:13.175+0000] {processor.py:830} INFO - Processing file /home/airflow/.local/lib/python3.8/site-packages/airflow/example_dags/example_task_group.py for tasks to queue
[2023-12-19T09:23:13.179+0000] {logging_mixin.py:188} INFO - [2023-12-19T09:23:13.179+0000] {dagbag.py:538} INFO - Filling up the DagBag from /home/airflow/.local/lib/python3.8/site-packages/airflow/example_dags/example_task_group.py
[2023-12-19T09:23:13.185+0000] {processor.py:840} INFO - DAG(s) 'example_task_group' retrieved from /home/airflow/.local/lib/python3.8/site-packages/airflow/example_dags/example_task_group.py
[2023-12-19T09:23:13.201+0000] {logging_mixin.py:188} INFO - [2023-12-19T09:23:13.201+0000] {dag.py:3033} INFO - Sync 1 DAGs
[2023-12-19T09:23:13.214+0000] {logging_mixin.py:188} INFO - [2023-12-19T09:23:13.214+0000] {dag.py:3820} INFO - Setting next_dagrun for example_task_group to 2023-12-18T00:00:00+00:00, run_after=2023-12-19T00:00:00+00:00
[2023-12-19T09:23:13.226+0000] {processor.py:183} INFO - Processing /home/airflow/.local/lib/python3.8/site-packages/airflow/example_dags/example_task_group.py took 0.059 seconds
[2023-12-19T09:23:43.950+0000] {processor.py:161} INFO - Started process (PID=2196) to work on /home/airflow/.local/lib/python3.8/site-packages/airflow/example_dags/example_task_group.py
[2023-12-19T09:23:43.952+0000] {processor.py:830} INFO - Processing file /home/airflow/.local/lib/python3.8/site-packages/airflow/example_dags/example_task_group.py for tasks to queue
[2023-12-19T09:23:43.958+0000] {logging_mixin.py:188} INFO - [2023-12-19T09:23:43.958+0000] {dagbag.py:538} INFO - Filling up the DagBag from /home/airflow/.local/lib/python3.8/site-packages/airflow/example_dags/example_task_group.py
[2023-12-19T09:23:43.972+0000] {processor.py:840} INFO - DAG(s) 'example_task_group' retrieved from /home/airflow/.local/lib/python3.8/site-packages/airflow/example_dags/example_task_group.py
[2023-12-19T09:23:43.998+0000] {logging_mixin.py:188} INFO - [2023-12-19T09:23:43.998+0000] {dag.py:3033} INFO - Sync 1 DAGs
[2023-12-19T09:23:44.015+0000] {logging_mixin.py:188} INFO - [2023-12-19T09:23:44.015+0000] {dag.py:3820} INFO - Setting next_dagrun for example_task_group to 2023-12-18T00:00:00+00:00, run_after=2023-12-19T00:00:00+00:00
[2023-12-19T09:23:44.027+0000] {processor.py:183} INFO - Processing /home/airflow/.local/lib/python3.8/site-packages/airflow/example_dags/example_task_group.py took 0.081 seconds
[2023-12-19T09:24:14.566+0000] {processor.py:161} INFO - Started process (PID=2250) to work on /home/airflow/.local/lib/python3.8/site-packages/airflow/example_dags/example_task_group.py
[2023-12-19T09:24:14.568+0000] {processor.py:830} INFO - Processing file /home/airflow/.local/lib/python3.8/site-packages/airflow/example_dags/example_task_group.py for tasks to queue
[2023-12-19T09:24:14.571+0000] {logging_mixin.py:188} INFO - [2023-12-19T09:24:14.571+0000] {dagbag.py:538} INFO - Filling up the DagBag from /home/airflow/.local/lib/python3.8/site-packages/airflow/example_dags/example_task_group.py
[2023-12-19T09:24:14.576+0000] {processor.py:840} INFO - DAG(s) 'example_task_group' retrieved from /home/airflow/.local/lib/python3.8/site-packages/airflow/example_dags/example_task_group.py
[2023-12-19T09:24:14.591+0000] {logging_mixin.py:188} INFO - [2023-12-19T09:24:14.591+0000] {dag.py:3033} INFO - Sync 1 DAGs
[2023-12-19T09:24:14.604+0000] {logging_mixin.py:188} INFO - [2023-12-19T09:24:14.604+0000] {dag.py:3820} INFO - Setting next_dagrun for example_task_group to 2023-12-18T00:00:00+00:00, run_after=2023-12-19T00:00:00+00:00
[2023-12-19T09:24:14.616+0000] {processor.py:183} INFO - Processing /home/airflow/.local/lib/python3.8/site-packages/airflow/example_dags/example_task_group.py took 0.053 seconds
[2023-12-19T09:24:45.000+0000] {processor.py:161} INFO - Started process (PID=2305) to work on /home/airflow/.local/lib/python3.8/site-packages/airflow/example_dags/example_task_group.py
[2023-12-19T09:24:45.001+0000] {processor.py:830} INFO - Processing file /home/airflow/.local/lib/python3.8/site-packages/airflow/example_dags/example_task_group.py for tasks to queue
[2023-12-19T09:24:45.004+0000] {logging_mixin.py:188} INFO - [2023-12-19T09:24:45.004+0000] {dagbag.py:538} INFO - Filling up the DagBag from /home/airflow/.local/lib/python3.8/site-packages/airflow/example_dags/example_task_group.py
[2023-12-19T09:24:45.010+0000] {processor.py:840} INFO - DAG(s) 'example_task_group' retrieved from /home/airflow/.local/lib/python3.8/site-packages/airflow/example_dags/example_task_group.py
[2023-12-19T09:24:45.028+0000] {logging_mixin.py:188} INFO - [2023-12-19T09:24:45.028+0000] {dag.py:3033} INFO - Sync 1 DAGs
[2023-12-19T09:24:45.042+0000] {logging_mixin.py:188} INFO - [2023-12-19T09:24:45.042+0000] {dag.py:3820} INFO - Setting next_dagrun for example_task_group to 2023-12-18T00:00:00+00:00, run_after=2023-12-19T00:00:00+00:00
[2023-12-19T09:24:45.054+0000] {processor.py:183} INFO - Processing /home/airflow/.local/lib/python3.8/site-packages/airflow/example_dags/example_task_group.py took 0.058 seconds
[2023-12-19T09:25:15.474+0000] {processor.py:161} INFO - Started process (PID=2360) to work on /home/airflow/.local/lib/python3.8/site-packages/airflow/example_dags/example_task_group.py
[2023-12-19T09:25:15.477+0000] {processor.py:830} INFO - Processing file /home/airflow/.local/lib/python3.8/site-packages/airflow/example_dags/example_task_group.py for tasks to queue
[2023-12-19T09:25:15.481+0000] {logging_mixin.py:188} INFO - [2023-12-19T09:25:15.481+0000] {dagbag.py:538} INFO - Filling up the DagBag from /home/airflow/.local/lib/python3.8/site-packages/airflow/example_dags/example_task_group.py
[2023-12-19T09:25:15.487+0000] {processor.py:840} INFO - DAG(s) 'example_task_group' retrieved from /home/airflow/.local/lib/python3.8/site-packages/airflow/example_dags/example_task_group.py
[2023-12-19T09:25:15.505+0000] {logging_mixin.py:188} INFO - [2023-12-19T09:25:15.505+0000] {dag.py:3033} INFO - Sync 1 DAGs
[2023-12-19T09:25:15.519+0000] {logging_mixin.py:188} INFO - [2023-12-19T09:25:15.519+0000] {dag.py:3820} INFO - Setting next_dagrun for example_task_group to 2023-12-18T00:00:00+00:00, run_after=2023-12-19T00:00:00+00:00
[2023-12-19T09:25:15.532+0000] {processor.py:183} INFO - Processing /home/airflow/.local/lib/python3.8/site-packages/airflow/example_dags/example_task_group.py took 0.062 seconds
[2023-12-19T09:25:46.026+0000] {processor.py:161} INFO - Started process (PID=2415) to work on /home/airflow/.local/lib/python3.8/site-packages/airflow/example_dags/example_task_group.py
[2023-12-19T09:25:46.029+0000] {processor.py:830} INFO - Processing file /home/airflow/.local/lib/python3.8/site-packages/airflow/example_dags/example_task_group.py for tasks to queue
[2023-12-19T09:25:46.033+0000] {logging_mixin.py:188} INFO - [2023-12-19T09:25:46.033+0000] {dagbag.py:538} INFO - Filling up the DagBag from /home/airflow/.local/lib/python3.8/site-packages/airflow/example_dags/example_task_group.py
[2023-12-19T09:25:46.040+0000] {processor.py:840} INFO - DAG(s) 'example_task_group' retrieved from /home/airflow/.local/lib/python3.8/site-packages/airflow/example_dags/example_task_group.py
[2023-12-19T09:25:46.054+0000] {logging_mixin.py:188} INFO - [2023-12-19T09:25:46.054+0000] {dag.py:3033} INFO - Sync 1 DAGs
[2023-12-19T09:25:46.067+0000] {logging_mixin.py:188} INFO - [2023-12-19T09:25:46.067+0000] {dag.py:3820} INFO - Setting next_dagrun for example_task_group to 2023-12-18T00:00:00+00:00, run_after=2023-12-19T00:00:00+00:00
[2023-12-19T09:25:46.079+0000] {processor.py:183} INFO - Processing /home/airflow/.local/lib/python3.8/site-packages/airflow/example_dags/example_task_group.py took 0.056 seconds
[2023-12-19T09:26:16.539+0000] {processor.py:161} INFO - Started process (PID=2470) to work on /home/airflow/.local/lib/python3.8/site-packages/airflow/example_dags/example_task_group.py
[2023-12-19T09:26:16.541+0000] {processor.py:830} INFO - Processing file /home/airflow/.local/lib/python3.8/site-packages/airflow/example_dags/example_task_group.py for tasks to queue
[2023-12-19T09:26:16.544+0000] {logging_mixin.py:188} INFO - [2023-12-19T09:26:16.543+0000] {dagbag.py:538} INFO - Filling up the DagBag from /home/airflow/.local/lib/python3.8/site-packages/airflow/example_dags/example_task_group.py
[2023-12-19T09:26:16.550+0000] {processor.py:840} INFO - DAG(s) 'example_task_group' retrieved from /home/airflow/.local/lib/python3.8/site-packages/airflow/example_dags/example_task_group.py
[2023-12-19T09:26:16.565+0000] {logging_mixin.py:188} INFO - [2023-12-19T09:26:16.565+0000] {dag.py:3033} INFO - Sync 1 DAGs
[2023-12-19T09:26:16.578+0000] {logging_mixin.py:188} INFO - [2023-12-19T09:26:16.578+0000] {dag.py:3820} INFO - Setting next_dagrun for example_task_group to 2023-12-18T00:00:00+00:00, run_after=2023-12-19T00:00:00+00:00
[2023-12-19T09:26:16.590+0000] {processor.py:183} INFO - Processing /home/airflow/.local/lib/python3.8/site-packages/airflow/example_dags/example_task_group.py took 0.055 seconds
[2023-12-19T09:26:47.055+0000] {processor.py:161} INFO - Started process (PID=2525) to work on /home/airflow/.local/lib/python3.8/site-packages/airflow/example_dags/example_task_group.py
[2023-12-19T09:26:47.058+0000] {processor.py:830} INFO - Processing file /home/airflow/.local/lib/python3.8/site-packages/airflow/example_dags/example_task_group.py for tasks to queue
[2023-12-19T09:26:47.061+0000] {logging_mixin.py:188} INFO - [2023-12-19T09:26:47.061+0000] {dagbag.py:538} INFO - Filling up the DagBag from /home/airflow/.local/lib/python3.8/site-packages/airflow/example_dags/example_task_group.py
[2023-12-19T09:26:47.067+0000] {processor.py:840} INFO - DAG(s) 'example_task_group' retrieved from /home/airflow/.local/lib/python3.8/site-packages/airflow/example_dags/example_task_group.py
[2023-12-19T09:26:47.082+0000] {logging_mixin.py:188} INFO - [2023-12-19T09:26:47.082+0000] {dag.py:3033} INFO - Sync 1 DAGs
[2023-12-19T09:26:47.095+0000] {logging_mixin.py:188} INFO - [2023-12-19T09:26:47.095+0000] {dag.py:3820} INFO - Setting next_dagrun for example_task_group to 2023-12-18T00:00:00+00:00, run_after=2023-12-19T00:00:00+00:00
[2023-12-19T09:26:47.108+0000] {processor.py:183} INFO - Processing /home/airflow/.local/lib/python3.8/site-packages/airflow/example_dags/example_task_group.py took 0.056 seconds
