[2023-12-19T09:03:49.807+0000] {processor.py:161} INFO - Started process (PID=37) to work on /home/airflow/.local/lib/python3.8/site-packages/airflow/example_dags/example_bash_operator.py
[2023-12-19T09:03:49.810+0000] {processor.py:830} INFO - Processing file /home/airflow/.local/lib/python3.8/site-packages/airflow/example_dags/example_bash_operator.py for tasks to queue
[2023-12-19T09:03:49.813+0000] {logging_mixin.py:188} INFO - [2023-12-19T09:03:49.813+0000] {dagbag.py:538} INFO - Filling up the DagBag from /home/airflow/.local/lib/python3.8/site-packages/airflow/example_dags/example_bash_operator.py
[2023-12-19T09:03:49.830+0000] {processor.py:840} INFO - DAG(s) 'example_bash_operator' retrieved from /home/airflow/.local/lib/python3.8/site-packages/airflow/example_dags/example_bash_operator.py
[2023-12-19T09:03:49.845+0000] {logging_mixin.py:188} INFO - [2023-12-19T09:03:49.845+0000] {dag.py:3033} INFO - Sync 1 DAGs
[2023-12-19T09:03:49.877+0000] {logging_mixin.py:188} INFO - [2023-12-19T09:03:49.877+0000] {dag.py:3820} INFO - Setting next_dagrun for example_bash_operator to 2023-12-18T00:00:00+00:00, run_after=2023-12-19T00:00:00+00:00
[2023-12-19T09:03:49.901+0000] {processor.py:183} INFO - Processing /home/airflow/.local/lib/python3.8/site-packages/airflow/example_dags/example_bash_operator.py took 0.097 seconds
[2023-12-19T09:04:20.935+0000] {processor.py:161} INFO - Started process (PID=93) to work on /home/airflow/.local/lib/python3.8/site-packages/airflow/example_dags/example_bash_operator.py
[2023-12-19T09:04:20.938+0000] {processor.py:830} INFO - Processing file /home/airflow/.local/lib/python3.8/site-packages/airflow/example_dags/example_bash_operator.py for tasks to queue
[2023-12-19T09:04:20.940+0000] {logging_mixin.py:188} INFO - [2023-12-19T09:04:20.940+0000] {dagbag.py:538} INFO - Filling up the DagBag from /home/airflow/.local/lib/python3.8/site-packages/airflow/example_dags/example_bash_operator.py
[2023-12-19T09:04:20.950+0000] {processor.py:840} INFO - DAG(s) 'example_bash_operator' retrieved from /home/airflow/.local/lib/python3.8/site-packages/airflow/example_dags/example_bash_operator.py
[2023-12-19T09:04:21.023+0000] {logging_mixin.py:188} INFO - [2023-12-19T09:04:21.023+0000] {dag.py:3033} INFO - Sync 1 DAGs
[2023-12-19T09:04:21.037+0000] {logging_mixin.py:188} INFO - [2023-12-19T09:04:21.037+0000] {dag.py:3820} INFO - Setting next_dagrun for example_bash_operator to 2023-12-18T00:00:00+00:00, run_after=2023-12-19T00:00:00+00:00
[2023-12-19T09:04:21.055+0000] {processor.py:183} INFO - Processing /home/airflow/.local/lib/python3.8/site-packages/airflow/example_dags/example_bash_operator.py took 0.123 seconds
[2023-12-19T09:04:51.619+0000] {processor.py:161} INFO - Started process (PID=147) to work on /home/airflow/.local/lib/python3.8/site-packages/airflow/example_dags/example_bash_operator.py
[2023-12-19T09:04:51.621+0000] {processor.py:830} INFO - Processing file /home/airflow/.local/lib/python3.8/site-packages/airflow/example_dags/example_bash_operator.py for tasks to queue
[2023-12-19T09:04:51.623+0000] {logging_mixin.py:188} INFO - [2023-12-19T09:04:51.623+0000] {dagbag.py:538} INFO - Filling up the DagBag from /home/airflow/.local/lib/python3.8/site-packages/airflow/example_dags/example_bash_operator.py
[2023-12-19T09:04:51.633+0000] {processor.py:840} INFO - DAG(s) 'example_bash_operator' retrieved from /home/airflow/.local/lib/python3.8/site-packages/airflow/example_dags/example_bash_operator.py
[2023-12-19T09:04:51.655+0000] {logging_mixin.py:188} INFO - [2023-12-19T09:04:51.655+0000] {dag.py:3033} INFO - Sync 1 DAGs
[2023-12-19T09:04:51.674+0000] {logging_mixin.py:188} INFO - [2023-12-19T09:04:51.674+0000] {dag.py:3820} INFO - Setting next_dagrun for example_bash_operator to 2023-12-18T00:00:00+00:00, run_after=2023-12-19T00:00:00+00:00
[2023-12-19T09:04:51.691+0000] {processor.py:183} INFO - Processing /home/airflow/.local/lib/python3.8/site-packages/airflow/example_dags/example_bash_operator.py took 0.074 seconds
[2023-12-19T09:05:21.765+0000] {processor.py:161} INFO - Started process (PID=202) to work on /home/airflow/.local/lib/python3.8/site-packages/airflow/example_dags/example_bash_operator.py
[2023-12-19T09:05:21.768+0000] {processor.py:830} INFO - Processing file /home/airflow/.local/lib/python3.8/site-packages/airflow/example_dags/example_bash_operator.py for tasks to queue
[2023-12-19T09:05:21.770+0000] {logging_mixin.py:188} INFO - [2023-12-19T09:05:21.770+0000] {dagbag.py:538} INFO - Filling up the DagBag from /home/airflow/.local/lib/python3.8/site-packages/airflow/example_dags/example_bash_operator.py
[2023-12-19T09:05:21.778+0000] {processor.py:840} INFO - DAG(s) 'example_bash_operator' retrieved from /home/airflow/.local/lib/python3.8/site-packages/airflow/example_dags/example_bash_operator.py
[2023-12-19T09:05:21.801+0000] {logging_mixin.py:188} INFO - [2023-12-19T09:05:21.801+0000] {dag.py:3033} INFO - Sync 1 DAGs
[2023-12-19T09:05:21.819+0000] {logging_mixin.py:188} INFO - [2023-12-19T09:05:21.819+0000] {dag.py:3820} INFO - Setting next_dagrun for example_bash_operator to 2023-12-18T00:00:00+00:00, run_after=2023-12-19T00:00:00+00:00
[2023-12-19T09:05:21.831+0000] {processor.py:183} INFO - Processing /home/airflow/.local/lib/python3.8/site-packages/airflow/example_dags/example_bash_operator.py took 0.069 seconds
[2023-12-19T09:05:52.238+0000] {processor.py:161} INFO - Started process (PID=257) to work on /home/airflow/.local/lib/python3.8/site-packages/airflow/example_dags/example_bash_operator.py
[2023-12-19T09:05:52.240+0000] {processor.py:830} INFO - Processing file /home/airflow/.local/lib/python3.8/site-packages/airflow/example_dags/example_bash_operator.py for tasks to queue
[2023-12-19T09:05:52.242+0000] {logging_mixin.py:188} INFO - [2023-12-19T09:05:52.242+0000] {dagbag.py:538} INFO - Filling up the DagBag from /home/airflow/.local/lib/python3.8/site-packages/airflow/example_dags/example_bash_operator.py
[2023-12-19T09:05:52.251+0000] {processor.py:840} INFO - DAG(s) 'example_bash_operator' retrieved from /home/airflow/.local/lib/python3.8/site-packages/airflow/example_dags/example_bash_operator.py
[2023-12-19T09:05:52.272+0000] {logging_mixin.py:188} INFO - [2023-12-19T09:05:52.272+0000] {dag.py:3033} INFO - Sync 1 DAGs
[2023-12-19T09:05:52.288+0000] {logging_mixin.py:188} INFO - [2023-12-19T09:05:52.288+0000] {dag.py:3820} INFO - Setting next_dagrun for example_bash_operator to 2023-12-18T00:00:00+00:00, run_after=2023-12-19T00:00:00+00:00
[2023-12-19T09:05:52.301+0000] {processor.py:183} INFO - Processing /home/airflow/.local/lib/python3.8/site-packages/airflow/example_dags/example_bash_operator.py took 0.066 seconds
[2023-12-19T09:06:22.995+0000] {processor.py:161} INFO - Started process (PID=312) to work on /home/airflow/.local/lib/python3.8/site-packages/airflow/example_dags/example_bash_operator.py
[2023-12-19T09:06:22.997+0000] {processor.py:830} INFO - Processing file /home/airflow/.local/lib/python3.8/site-packages/airflow/example_dags/example_bash_operator.py for tasks to queue
[2023-12-19T09:06:23.000+0000] {logging_mixin.py:188} INFO - [2023-12-19T09:06:22.999+0000] {dagbag.py:538} INFO - Filling up the DagBag from /home/airflow/.local/lib/python3.8/site-packages/airflow/example_dags/example_bash_operator.py
[2023-12-19T09:06:23.009+0000] {processor.py:840} INFO - DAG(s) 'example_bash_operator' retrieved from /home/airflow/.local/lib/python3.8/site-packages/airflow/example_dags/example_bash_operator.py
[2023-12-19T09:06:23.032+0000] {logging_mixin.py:188} INFO - [2023-12-19T09:06:23.032+0000] {dag.py:3033} INFO - Sync 1 DAGs
[2023-12-19T09:06:23.051+0000] {logging_mixin.py:188} INFO - [2023-12-19T09:06:23.050+0000] {dag.py:3820} INFO - Setting next_dagrun for example_bash_operator to 2023-12-18T00:00:00+00:00, run_after=2023-12-19T00:00:00+00:00
[2023-12-19T09:06:23.068+0000] {processor.py:183} INFO - Processing /home/airflow/.local/lib/python3.8/site-packages/airflow/example_dags/example_bash_operator.py took 0.076 seconds
[2023-12-19T09:06:53.804+0000] {processor.py:161} INFO - Started process (PID=367) to work on /home/airflow/.local/lib/python3.8/site-packages/airflow/example_dags/example_bash_operator.py
[2023-12-19T09:06:53.807+0000] {processor.py:830} INFO - Processing file /home/airflow/.local/lib/python3.8/site-packages/airflow/example_dags/example_bash_operator.py for tasks to queue
[2023-12-19T09:06:53.809+0000] {logging_mixin.py:188} INFO - [2023-12-19T09:06:53.809+0000] {dagbag.py:538} INFO - Filling up the DagBag from /home/airflow/.local/lib/python3.8/site-packages/airflow/example_dags/example_bash_operator.py
[2023-12-19T09:06:53.819+0000] {processor.py:840} INFO - DAG(s) 'example_bash_operator' retrieved from /home/airflow/.local/lib/python3.8/site-packages/airflow/example_dags/example_bash_operator.py
[2023-12-19T09:06:53.840+0000] {logging_mixin.py:188} INFO - [2023-12-19T09:06:53.840+0000] {dag.py:3033} INFO - Sync 1 DAGs
[2023-12-19T09:06:53.858+0000] {logging_mixin.py:188} INFO - [2023-12-19T09:06:53.858+0000] {dag.py:3820} INFO - Setting next_dagrun for example_bash_operator to 2023-12-18T00:00:00+00:00, run_after=2023-12-19T00:00:00+00:00
[2023-12-19T09:06:53.874+0000] {processor.py:183} INFO - Processing /home/airflow/.local/lib/python3.8/site-packages/airflow/example_dags/example_bash_operator.py took 0.072 seconds
[2023-12-19T09:07:24.605+0000] {processor.py:161} INFO - Started process (PID=422) to work on /home/airflow/.local/lib/python3.8/site-packages/airflow/example_dags/example_bash_operator.py
[2023-12-19T09:07:24.607+0000] {processor.py:830} INFO - Processing file /home/airflow/.local/lib/python3.8/site-packages/airflow/example_dags/example_bash_operator.py for tasks to queue
[2023-12-19T09:07:24.610+0000] {logging_mixin.py:188} INFO - [2023-12-19T09:07:24.610+0000] {dagbag.py:538} INFO - Filling up the DagBag from /home/airflow/.local/lib/python3.8/site-packages/airflow/example_dags/example_bash_operator.py
[2023-12-19T09:07:24.619+0000] {processor.py:840} INFO - DAG(s) 'example_bash_operator' retrieved from /home/airflow/.local/lib/python3.8/site-packages/airflow/example_dags/example_bash_operator.py
[2023-12-19T09:07:24.643+0000] {logging_mixin.py:188} INFO - [2023-12-19T09:07:24.642+0000] {dag.py:3033} INFO - Sync 1 DAGs
[2023-12-19T09:07:24.660+0000] {logging_mixin.py:188} INFO - [2023-12-19T09:07:24.660+0000] {dag.py:3820} INFO - Setting next_dagrun for example_bash_operator to 2023-12-18T00:00:00+00:00, run_after=2023-12-19T00:00:00+00:00
[2023-12-19T09:07:24.676+0000] {processor.py:183} INFO - Processing /home/airflow/.local/lib/python3.8/site-packages/airflow/example_dags/example_bash_operator.py took 0.074 seconds
[2023-12-19T09:07:55.410+0000] {processor.py:161} INFO - Started process (PID=477) to work on /home/airflow/.local/lib/python3.8/site-packages/airflow/example_dags/example_bash_operator.py
[2023-12-19T09:07:55.412+0000] {processor.py:830} INFO - Processing file /home/airflow/.local/lib/python3.8/site-packages/airflow/example_dags/example_bash_operator.py for tasks to queue
[2023-12-19T09:07:55.414+0000] {logging_mixin.py:188} INFO - [2023-12-19T09:07:55.414+0000] {dagbag.py:538} INFO - Filling up the DagBag from /home/airflow/.local/lib/python3.8/site-packages/airflow/example_dags/example_bash_operator.py
[2023-12-19T09:07:55.423+0000] {processor.py:840} INFO - DAG(s) 'example_bash_operator' retrieved from /home/airflow/.local/lib/python3.8/site-packages/airflow/example_dags/example_bash_operator.py
[2023-12-19T09:07:55.448+0000] {logging_mixin.py:188} INFO - [2023-12-19T09:07:55.447+0000] {dag.py:3033} INFO - Sync 1 DAGs
[2023-12-19T09:07:55.464+0000] {logging_mixin.py:188} INFO - [2023-12-19T09:07:55.464+0000] {dag.py:3820} INFO - Setting next_dagrun for example_bash_operator to 2023-12-18T00:00:00+00:00, run_after=2023-12-19T00:00:00+00:00
[2023-12-19T09:07:55.483+0000] {processor.py:183} INFO - Processing /home/airflow/.local/lib/python3.8/site-packages/airflow/example_dags/example_bash_operator.py took 0.076 seconds
[2023-12-19T09:08:26.215+0000] {processor.py:161} INFO - Started process (PID=532) to work on /home/airflow/.local/lib/python3.8/site-packages/airflow/example_dags/example_bash_operator.py
[2023-12-19T09:08:26.216+0000] {processor.py:830} INFO - Processing file /home/airflow/.local/lib/python3.8/site-packages/airflow/example_dags/example_bash_operator.py for tasks to queue
[2023-12-19T09:08:26.220+0000] {logging_mixin.py:188} INFO - [2023-12-19T09:08:26.220+0000] {dagbag.py:538} INFO - Filling up the DagBag from /home/airflow/.local/lib/python3.8/site-packages/airflow/example_dags/example_bash_operator.py
[2023-12-19T09:08:26.228+0000] {processor.py:840} INFO - DAG(s) 'example_bash_operator' retrieved from /home/airflow/.local/lib/python3.8/site-packages/airflow/example_dags/example_bash_operator.py
[2023-12-19T09:08:26.250+0000] {logging_mixin.py:188} INFO - [2023-12-19T09:08:26.249+0000] {dag.py:3033} INFO - Sync 1 DAGs
[2023-12-19T09:08:26.266+0000] {logging_mixin.py:188} INFO - [2023-12-19T09:08:26.266+0000] {dag.py:3820} INFO - Setting next_dagrun for example_bash_operator to 2023-12-18T00:00:00+00:00, run_after=2023-12-19T00:00:00+00:00
[2023-12-19T09:08:26.280+0000] {processor.py:183} INFO - Processing /home/airflow/.local/lib/python3.8/site-packages/airflow/example_dags/example_bash_operator.py took 0.068 seconds
[2023-12-19T09:08:56.473+0000] {processor.py:161} INFO - Started process (PID=587) to work on /home/airflow/.local/lib/python3.8/site-packages/airflow/example_dags/example_bash_operator.py
[2023-12-19T09:08:56.475+0000] {processor.py:830} INFO - Processing file /home/airflow/.local/lib/python3.8/site-packages/airflow/example_dags/example_bash_operator.py for tasks to queue
[2023-12-19T09:08:56.477+0000] {logging_mixin.py:188} INFO - [2023-12-19T09:08:56.477+0000] {dagbag.py:538} INFO - Filling up the DagBag from /home/airflow/.local/lib/python3.8/site-packages/airflow/example_dags/example_bash_operator.py
[2023-12-19T09:08:56.487+0000] {processor.py:840} INFO - DAG(s) 'example_bash_operator' retrieved from /home/airflow/.local/lib/python3.8/site-packages/airflow/example_dags/example_bash_operator.py
[2023-12-19T09:08:56.510+0000] {logging_mixin.py:188} INFO - [2023-12-19T09:08:56.510+0000] {dag.py:3033} INFO - Sync 1 DAGs
[2023-12-19T09:08:56.526+0000] {logging_mixin.py:188} INFO - [2023-12-19T09:08:56.526+0000] {dag.py:3820} INFO - Setting next_dagrun for example_bash_operator to 2023-12-18T00:00:00+00:00, run_after=2023-12-19T00:00:00+00:00
[2023-12-19T09:08:56.543+0000] {processor.py:183} INFO - Processing /home/airflow/.local/lib/python3.8/site-packages/airflow/example_dags/example_bash_operator.py took 0.073 seconds
[2023-12-19T09:09:26.720+0000] {processor.py:161} INFO - Started process (PID=642) to work on /home/airflow/.local/lib/python3.8/site-packages/airflow/example_dags/example_bash_operator.py
[2023-12-19T09:09:26.722+0000] {processor.py:830} INFO - Processing file /home/airflow/.local/lib/python3.8/site-packages/airflow/example_dags/example_bash_operator.py for tasks to queue
[2023-12-19T09:09:26.724+0000] {logging_mixin.py:188} INFO - [2023-12-19T09:09:26.724+0000] {dagbag.py:538} INFO - Filling up the DagBag from /home/airflow/.local/lib/python3.8/site-packages/airflow/example_dags/example_bash_operator.py
[2023-12-19T09:09:26.733+0000] {processor.py:840} INFO - DAG(s) 'example_bash_operator' retrieved from /home/airflow/.local/lib/python3.8/site-packages/airflow/example_dags/example_bash_operator.py
[2023-12-19T09:09:26.755+0000] {logging_mixin.py:188} INFO - [2023-12-19T09:09:26.754+0000] {dag.py:3033} INFO - Sync 1 DAGs
[2023-12-19T09:09:26.771+0000] {logging_mixin.py:188} INFO - [2023-12-19T09:09:26.771+0000] {dag.py:3820} INFO - Setting next_dagrun for example_bash_operator to 2023-12-18T00:00:00+00:00, run_after=2023-12-19T00:00:00+00:00
[2023-12-19T09:09:26.786+0000] {processor.py:183} INFO - Processing /home/airflow/.local/lib/python3.8/site-packages/airflow/example_dags/example_bash_operator.py took 0.069 seconds
[2023-12-19T09:09:56.931+0000] {processor.py:161} INFO - Started process (PID=697) to work on /home/airflow/.local/lib/python3.8/site-packages/airflow/example_dags/example_bash_operator.py
[2023-12-19T09:09:56.933+0000] {processor.py:830} INFO - Processing file /home/airflow/.local/lib/python3.8/site-packages/airflow/example_dags/example_bash_operator.py for tasks to queue
[2023-12-19T09:09:56.936+0000] {logging_mixin.py:188} INFO - [2023-12-19T09:09:56.936+0000] {dagbag.py:538} INFO - Filling up the DagBag from /home/airflow/.local/lib/python3.8/site-packages/airflow/example_dags/example_bash_operator.py
[2023-12-19T09:09:56.946+0000] {processor.py:840} INFO - DAG(s) 'example_bash_operator' retrieved from /home/airflow/.local/lib/python3.8/site-packages/airflow/example_dags/example_bash_operator.py
[2023-12-19T09:09:56.968+0000] {logging_mixin.py:188} INFO - [2023-12-19T09:09:56.968+0000] {dag.py:3033} INFO - Sync 1 DAGs
[2023-12-19T09:09:56.988+0000] {logging_mixin.py:188} INFO - [2023-12-19T09:09:56.987+0000] {dag.py:3820} INFO - Setting next_dagrun for example_bash_operator to 2023-12-18T00:00:00+00:00, run_after=2023-12-19T00:00:00+00:00
[2023-12-19T09:09:57.002+0000] {processor.py:183} INFO - Processing /home/airflow/.local/lib/python3.8/site-packages/airflow/example_dags/example_bash_operator.py took 0.074 seconds
[2023-12-19T09:10:27.159+0000] {processor.py:161} INFO - Started process (PID=753) to work on /home/airflow/.local/lib/python3.8/site-packages/airflow/example_dags/example_bash_operator.py
[2023-12-19T09:10:27.160+0000] {processor.py:830} INFO - Processing file /home/airflow/.local/lib/python3.8/site-packages/airflow/example_dags/example_bash_operator.py for tasks to queue
[2023-12-19T09:10:27.163+0000] {logging_mixin.py:188} INFO - [2023-12-19T09:10:27.163+0000] {dagbag.py:538} INFO - Filling up the DagBag from /home/airflow/.local/lib/python3.8/site-packages/airflow/example_dags/example_bash_operator.py
[2023-12-19T09:10:27.172+0000] {processor.py:840} INFO - DAG(s) 'example_bash_operator' retrieved from /home/airflow/.local/lib/python3.8/site-packages/airflow/example_dags/example_bash_operator.py
[2023-12-19T09:10:27.195+0000] {logging_mixin.py:188} INFO - [2023-12-19T09:10:27.195+0000] {dag.py:3033} INFO - Sync 1 DAGs
[2023-12-19T09:10:27.212+0000] {logging_mixin.py:188} INFO - [2023-12-19T09:10:27.212+0000] {dag.py:3820} INFO - Setting next_dagrun for example_bash_operator to 2023-12-18T00:00:00+00:00, run_after=2023-12-19T00:00:00+00:00
[2023-12-19T09:10:27.229+0000] {processor.py:183} INFO - Processing /home/airflow/.local/lib/python3.8/site-packages/airflow/example_dags/example_bash_operator.py took 0.073 seconds
[2023-12-19T09:10:57.324+0000] {processor.py:161} INFO - Started process (PID=808) to work on /home/airflow/.local/lib/python3.8/site-packages/airflow/example_dags/example_bash_operator.py
[2023-12-19T09:10:57.327+0000] {processor.py:830} INFO - Processing file /home/airflow/.local/lib/python3.8/site-packages/airflow/example_dags/example_bash_operator.py for tasks to queue
[2023-12-19T09:10:57.330+0000] {logging_mixin.py:188} INFO - [2023-12-19T09:10:57.330+0000] {dagbag.py:538} INFO - Filling up the DagBag from /home/airflow/.local/lib/python3.8/site-packages/airflow/example_dags/example_bash_operator.py
[2023-12-19T09:10:57.339+0000] {processor.py:840} INFO - DAG(s) 'example_bash_operator' retrieved from /home/airflow/.local/lib/python3.8/site-packages/airflow/example_dags/example_bash_operator.py
[2023-12-19T09:10:57.360+0000] {logging_mixin.py:188} INFO - [2023-12-19T09:10:57.360+0000] {dag.py:3033} INFO - Sync 1 DAGs
[2023-12-19T09:10:57.377+0000] {logging_mixin.py:188} INFO - [2023-12-19T09:10:57.377+0000] {dag.py:3820} INFO - Setting next_dagrun for example_bash_operator to 2023-12-18T00:00:00+00:00, run_after=2023-12-19T00:00:00+00:00
[2023-12-19T09:10:57.391+0000] {processor.py:183} INFO - Processing /home/airflow/.local/lib/python3.8/site-packages/airflow/example_dags/example_bash_operator.py took 0.069 seconds
[2023-12-19T09:11:27.827+0000] {processor.py:161} INFO - Started process (PID=863) to work on /home/airflow/.local/lib/python3.8/site-packages/airflow/example_dags/example_bash_operator.py
[2023-12-19T09:11:27.828+0000] {processor.py:830} INFO - Processing file /home/airflow/.local/lib/python3.8/site-packages/airflow/example_dags/example_bash_operator.py for tasks to queue
[2023-12-19T09:11:27.832+0000] {logging_mixin.py:188} INFO - [2023-12-19T09:11:27.831+0000] {dagbag.py:538} INFO - Filling up the DagBag from /home/airflow/.local/lib/python3.8/site-packages/airflow/example_dags/example_bash_operator.py
[2023-12-19T09:11:27.840+0000] {processor.py:840} INFO - DAG(s) 'example_bash_operator' retrieved from /home/airflow/.local/lib/python3.8/site-packages/airflow/example_dags/example_bash_operator.py
[2023-12-19T09:11:27.863+0000] {logging_mixin.py:188} INFO - [2023-12-19T09:11:27.863+0000] {dag.py:3033} INFO - Sync 1 DAGs
[2023-12-19T09:11:27.882+0000] {logging_mixin.py:188} INFO - [2023-12-19T09:11:27.882+0000] {dag.py:3820} INFO - Setting next_dagrun for example_bash_operator to 2023-12-18T00:00:00+00:00, run_after=2023-12-19T00:00:00+00:00
[2023-12-19T09:11:27.899+0000] {processor.py:183} INFO - Processing /home/airflow/.local/lib/python3.8/site-packages/airflow/example_dags/example_bash_operator.py took 0.075 seconds
[2023-12-19T09:11:58.607+0000] {processor.py:161} INFO - Started process (PID=918) to work on /home/airflow/.local/lib/python3.8/site-packages/airflow/example_dags/example_bash_operator.py
[2023-12-19T09:11:58.609+0000] {processor.py:830} INFO - Processing file /home/airflow/.local/lib/python3.8/site-packages/airflow/example_dags/example_bash_operator.py for tasks to queue
[2023-12-19T09:11:58.612+0000] {logging_mixin.py:188} INFO - [2023-12-19T09:11:58.612+0000] {dagbag.py:538} INFO - Filling up the DagBag from /home/airflow/.local/lib/python3.8/site-packages/airflow/example_dags/example_bash_operator.py
[2023-12-19T09:11:58.620+0000] {processor.py:840} INFO - DAG(s) 'example_bash_operator' retrieved from /home/airflow/.local/lib/python3.8/site-packages/airflow/example_dags/example_bash_operator.py
[2023-12-19T09:11:58.637+0000] {logging_mixin.py:188} INFO - [2023-12-19T09:11:58.637+0000] {dag.py:3033} INFO - Sync 1 DAGs
[2023-12-19T09:11:58.651+0000] {logging_mixin.py:188} INFO - [2023-12-19T09:11:58.651+0000] {dag.py:3820} INFO - Setting next_dagrun for example_bash_operator to 2023-12-18T00:00:00+00:00, run_after=2023-12-19T00:00:00+00:00
[2023-12-19T09:11:58.665+0000] {processor.py:183} INFO - Processing /home/airflow/.local/lib/python3.8/site-packages/airflow/example_dags/example_bash_operator.py took 0.063 seconds
[2023-12-19T09:12:29.220+0000] {processor.py:161} INFO - Started process (PID=974) to work on /home/airflow/.local/lib/python3.8/site-packages/airflow/example_dags/example_bash_operator.py
[2023-12-19T09:12:29.221+0000] {processor.py:830} INFO - Processing file /home/airflow/.local/lib/python3.8/site-packages/airflow/example_dags/example_bash_operator.py for tasks to queue
[2023-12-19T09:12:29.224+0000] {logging_mixin.py:188} INFO - [2023-12-19T09:12:29.223+0000] {dagbag.py:538} INFO - Filling up the DagBag from /home/airflow/.local/lib/python3.8/site-packages/airflow/example_dags/example_bash_operator.py
[2023-12-19T09:12:29.232+0000] {processor.py:840} INFO - DAG(s) 'example_bash_operator' retrieved from /home/airflow/.local/lib/python3.8/site-packages/airflow/example_dags/example_bash_operator.py
[2023-12-19T09:12:29.255+0000] {logging_mixin.py:188} INFO - [2023-12-19T09:12:29.255+0000] {dag.py:3033} INFO - Sync 1 DAGs
[2023-12-19T09:12:29.271+0000] {logging_mixin.py:188} INFO - [2023-12-19T09:12:29.270+0000] {dag.py:3820} INFO - Setting next_dagrun for example_bash_operator to 2023-12-18T00:00:00+00:00, run_after=2023-12-19T00:00:00+00:00
[2023-12-19T09:12:29.288+0000] {processor.py:183} INFO - Processing /home/airflow/.local/lib/python3.8/site-packages/airflow/example_dags/example_bash_operator.py took 0.070 seconds
[2023-12-19T09:12:59.736+0000] {processor.py:161} INFO - Started process (PID=1029) to work on /home/airflow/.local/lib/python3.8/site-packages/airflow/example_dags/example_bash_operator.py
[2023-12-19T09:12:59.738+0000] {processor.py:830} INFO - Processing file /home/airflow/.local/lib/python3.8/site-packages/airflow/example_dags/example_bash_operator.py for tasks to queue
[2023-12-19T09:12:59.740+0000] {logging_mixin.py:188} INFO - [2023-12-19T09:12:59.740+0000] {dagbag.py:538} INFO - Filling up the DagBag from /home/airflow/.local/lib/python3.8/site-packages/airflow/example_dags/example_bash_operator.py
[2023-12-19T09:12:59.749+0000] {processor.py:840} INFO - DAG(s) 'example_bash_operator' retrieved from /home/airflow/.local/lib/python3.8/site-packages/airflow/example_dags/example_bash_operator.py
[2023-12-19T09:12:59.771+0000] {logging_mixin.py:188} INFO - [2023-12-19T09:12:59.771+0000] {dag.py:3033} INFO - Sync 1 DAGs
[2023-12-19T09:12:59.787+0000] {logging_mixin.py:188} INFO - [2023-12-19T09:12:59.787+0000] {dag.py:3820} INFO - Setting next_dagrun for example_bash_operator to 2023-12-18T00:00:00+00:00, run_after=2023-12-19T00:00:00+00:00
[2023-12-19T09:12:59.801+0000] {processor.py:183} INFO - Processing /home/airflow/.local/lib/python3.8/site-packages/airflow/example_dags/example_bash_operator.py took 0.067 seconds
[2023-12-19T09:13:30.221+0000] {processor.py:161} INFO - Started process (PID=1084) to work on /home/airflow/.local/lib/python3.8/site-packages/airflow/example_dags/example_bash_operator.py
[2023-12-19T09:13:30.223+0000] {processor.py:830} INFO - Processing file /home/airflow/.local/lib/python3.8/site-packages/airflow/example_dags/example_bash_operator.py for tasks to queue
[2023-12-19T09:13:30.225+0000] {logging_mixin.py:188} INFO - [2023-12-19T09:13:30.225+0000] {dagbag.py:538} INFO - Filling up the DagBag from /home/airflow/.local/lib/python3.8/site-packages/airflow/example_dags/example_bash_operator.py
[2023-12-19T09:13:30.233+0000] {processor.py:840} INFO - DAG(s) 'example_bash_operator' retrieved from /home/airflow/.local/lib/python3.8/site-packages/airflow/example_dags/example_bash_operator.py
[2023-12-19T09:13:30.251+0000] {logging_mixin.py:188} INFO - [2023-12-19T09:13:30.251+0000] {dag.py:3033} INFO - Sync 1 DAGs
[2023-12-19T09:13:30.265+0000] {logging_mixin.py:188} INFO - [2023-12-19T09:13:30.265+0000] {dag.py:3820} INFO - Setting next_dagrun for example_bash_operator to 2023-12-18T00:00:00+00:00, run_after=2023-12-19T00:00:00+00:00
[2023-12-19T09:13:30.277+0000] {processor.py:183} INFO - Processing /home/airflow/.local/lib/python3.8/site-packages/airflow/example_dags/example_bash_operator.py took 0.059 seconds
[2023-12-19T09:14:00.875+0000] {processor.py:161} INFO - Started process (PID=1139) to work on /home/airflow/.local/lib/python3.8/site-packages/airflow/example_dags/example_bash_operator.py
[2023-12-19T09:14:00.877+0000] {processor.py:830} INFO - Processing file /home/airflow/.local/lib/python3.8/site-packages/airflow/example_dags/example_bash_operator.py for tasks to queue
[2023-12-19T09:14:00.880+0000] {logging_mixin.py:188} INFO - [2023-12-19T09:14:00.879+0000] {dagbag.py:538} INFO - Filling up the DagBag from /home/airflow/.local/lib/python3.8/site-packages/airflow/example_dags/example_bash_operator.py
[2023-12-19T09:14:00.889+0000] {processor.py:840} INFO - DAG(s) 'example_bash_operator' retrieved from /home/airflow/.local/lib/python3.8/site-packages/airflow/example_dags/example_bash_operator.py
[2023-12-19T09:14:00.909+0000] {logging_mixin.py:188} INFO - [2023-12-19T09:14:00.909+0000] {dag.py:3033} INFO - Sync 1 DAGs
[2023-12-19T09:14:00.923+0000] {logging_mixin.py:188} INFO - [2023-12-19T09:14:00.923+0000] {dag.py:3820} INFO - Setting next_dagrun for example_bash_operator to 2023-12-18T00:00:00+00:00, run_after=2023-12-19T00:00:00+00:00
[2023-12-19T09:14:00.938+0000] {processor.py:183} INFO - Processing /home/airflow/.local/lib/python3.8/site-packages/airflow/example_dags/example_bash_operator.py took 0.066 seconds
[2023-12-19T09:14:31.344+0000] {processor.py:161} INFO - Started process (PID=1194) to work on /home/airflow/.local/lib/python3.8/site-packages/airflow/example_dags/example_bash_operator.py
[2023-12-19T09:14:31.345+0000] {processor.py:830} INFO - Processing file /home/airflow/.local/lib/python3.8/site-packages/airflow/example_dags/example_bash_operator.py for tasks to queue
[2023-12-19T09:14:31.349+0000] {logging_mixin.py:188} INFO - [2023-12-19T09:14:31.349+0000] {dagbag.py:538} INFO - Filling up the DagBag from /home/airflow/.local/lib/python3.8/site-packages/airflow/example_dags/example_bash_operator.py
[2023-12-19T09:14:31.359+0000] {processor.py:840} INFO - DAG(s) 'example_bash_operator' retrieved from /home/airflow/.local/lib/python3.8/site-packages/airflow/example_dags/example_bash_operator.py
[2023-12-19T09:14:31.380+0000] {logging_mixin.py:188} INFO - [2023-12-19T09:14:31.379+0000] {dag.py:3033} INFO - Sync 1 DAGs
[2023-12-19T09:14:31.396+0000] {logging_mixin.py:188} INFO - [2023-12-19T09:14:31.396+0000] {dag.py:3820} INFO - Setting next_dagrun for example_bash_operator to 2023-12-18T00:00:00+00:00, run_after=2023-12-19T00:00:00+00:00
[2023-12-19T09:14:31.411+0000] {processor.py:183} INFO - Processing /home/airflow/.local/lib/python3.8/site-packages/airflow/example_dags/example_bash_operator.py took 0.070 seconds
[2023-12-19T09:15:01.852+0000] {processor.py:161} INFO - Started process (PID=1249) to work on /home/airflow/.local/lib/python3.8/site-packages/airflow/example_dags/example_bash_operator.py
[2023-12-19T09:15:01.853+0000] {processor.py:830} INFO - Processing file /home/airflow/.local/lib/python3.8/site-packages/airflow/example_dags/example_bash_operator.py for tasks to queue
[2023-12-19T09:15:01.855+0000] {logging_mixin.py:188} INFO - [2023-12-19T09:15:01.855+0000] {dagbag.py:538} INFO - Filling up the DagBag from /home/airflow/.local/lib/python3.8/site-packages/airflow/example_dags/example_bash_operator.py
[2023-12-19T09:15:01.863+0000] {processor.py:840} INFO - DAG(s) 'example_bash_operator' retrieved from /home/airflow/.local/lib/python3.8/site-packages/airflow/example_dags/example_bash_operator.py
[2023-12-19T09:15:01.884+0000] {logging_mixin.py:188} INFO - [2023-12-19T09:15:01.884+0000] {dag.py:3033} INFO - Sync 1 DAGs
[2023-12-19T09:15:01.897+0000] {logging_mixin.py:188} INFO - [2023-12-19T09:15:01.897+0000] {dag.py:3820} INFO - Setting next_dagrun for example_bash_operator to 2023-12-18T00:00:00+00:00, run_after=2023-12-19T00:00:00+00:00
[2023-12-19T09:15:01.910+0000] {processor.py:183} INFO - Processing /home/airflow/.local/lib/python3.8/site-packages/airflow/example_dags/example_bash_operator.py took 0.061 seconds
[2023-12-19T09:15:32.607+0000] {processor.py:161} INFO - Started process (PID=1304) to work on /home/airflow/.local/lib/python3.8/site-packages/airflow/example_dags/example_bash_operator.py
[2023-12-19T09:15:32.609+0000] {processor.py:830} INFO - Processing file /home/airflow/.local/lib/python3.8/site-packages/airflow/example_dags/example_bash_operator.py for tasks to queue
[2023-12-19T09:15:32.611+0000] {logging_mixin.py:188} INFO - [2023-12-19T09:15:32.611+0000] {dagbag.py:538} INFO - Filling up the DagBag from /home/airflow/.local/lib/python3.8/site-packages/airflow/example_dags/example_bash_operator.py
[2023-12-19T09:15:32.619+0000] {processor.py:840} INFO - DAG(s) 'example_bash_operator' retrieved from /home/airflow/.local/lib/python3.8/site-packages/airflow/example_dags/example_bash_operator.py
[2023-12-19T09:15:32.636+0000] {logging_mixin.py:188} INFO - [2023-12-19T09:15:32.636+0000] {dag.py:3033} INFO - Sync 1 DAGs
[2023-12-19T09:15:32.648+0000] {logging_mixin.py:188} INFO - [2023-12-19T09:15:32.648+0000] {dag.py:3820} INFO - Setting next_dagrun for example_bash_operator to 2023-12-18T00:00:00+00:00, run_after=2023-12-19T00:00:00+00:00
[2023-12-19T09:15:32.660+0000] {processor.py:183} INFO - Processing /home/airflow/.local/lib/python3.8/site-packages/airflow/example_dags/example_bash_operator.py took 0.055 seconds
[2023-12-19T09:16:03.210+0000] {processor.py:161} INFO - Started process (PID=1359) to work on /home/airflow/.local/lib/python3.8/site-packages/airflow/example_dags/example_bash_operator.py
[2023-12-19T09:16:03.211+0000] {processor.py:830} INFO - Processing file /home/airflow/.local/lib/python3.8/site-packages/airflow/example_dags/example_bash_operator.py for tasks to queue
[2023-12-19T09:16:03.214+0000] {logging_mixin.py:188} INFO - [2023-12-19T09:16:03.214+0000] {dagbag.py:538} INFO - Filling up the DagBag from /home/airflow/.local/lib/python3.8/site-packages/airflow/example_dags/example_bash_operator.py
[2023-12-19T09:16:03.222+0000] {processor.py:840} INFO - DAG(s) 'example_bash_operator' retrieved from /home/airflow/.local/lib/python3.8/site-packages/airflow/example_dags/example_bash_operator.py
[2023-12-19T09:16:03.242+0000] {logging_mixin.py:188} INFO - [2023-12-19T09:16:03.242+0000] {dag.py:3033} INFO - Sync 1 DAGs
[2023-12-19T09:16:03.258+0000] {logging_mixin.py:188} INFO - [2023-12-19T09:16:03.258+0000] {dag.py:3820} INFO - Setting next_dagrun for example_bash_operator to 2023-12-18T00:00:00+00:00, run_after=2023-12-19T00:00:00+00:00
[2023-12-19T09:16:03.272+0000] {processor.py:183} INFO - Processing /home/airflow/.local/lib/python3.8/site-packages/airflow/example_dags/example_bash_operator.py took 0.064 seconds
[2023-12-19T09:16:33.740+0000] {processor.py:161} INFO - Started process (PID=1414) to work on /home/airflow/.local/lib/python3.8/site-packages/airflow/example_dags/example_bash_operator.py
[2023-12-19T09:16:33.741+0000] {processor.py:830} INFO - Processing file /home/airflow/.local/lib/python3.8/site-packages/airflow/example_dags/example_bash_operator.py for tasks to queue
[2023-12-19T09:16:33.744+0000] {logging_mixin.py:188} INFO - [2023-12-19T09:16:33.743+0000] {dagbag.py:538} INFO - Filling up the DagBag from /home/airflow/.local/lib/python3.8/site-packages/airflow/example_dags/example_bash_operator.py
[2023-12-19T09:16:33.752+0000] {processor.py:840} INFO - DAG(s) 'example_bash_operator' retrieved from /home/airflow/.local/lib/python3.8/site-packages/airflow/example_dags/example_bash_operator.py
[2023-12-19T09:16:33.770+0000] {logging_mixin.py:188} INFO - [2023-12-19T09:16:33.770+0000] {dag.py:3033} INFO - Sync 1 DAGs
[2023-12-19T09:16:33.784+0000] {logging_mixin.py:188} INFO - [2023-12-19T09:16:33.783+0000] {dag.py:3820} INFO - Setting next_dagrun for example_bash_operator to 2023-12-18T00:00:00+00:00, run_after=2023-12-19T00:00:00+00:00
[2023-12-19T09:16:33.797+0000] {processor.py:183} INFO - Processing /home/airflow/.local/lib/python3.8/site-packages/airflow/example_dags/example_bash_operator.py took 0.059 seconds
[2023-12-19T09:17:04.338+0000] {processor.py:161} INFO - Started process (PID=1469) to work on /home/airflow/.local/lib/python3.8/site-packages/airflow/example_dags/example_bash_operator.py
[2023-12-19T09:17:04.340+0000] {processor.py:830} INFO - Processing file /home/airflow/.local/lib/python3.8/site-packages/airflow/example_dags/example_bash_operator.py for tasks to queue
[2023-12-19T09:17:04.342+0000] {logging_mixin.py:188} INFO - [2023-12-19T09:17:04.342+0000] {dagbag.py:538} INFO - Filling up the DagBag from /home/airflow/.local/lib/python3.8/site-packages/airflow/example_dags/example_bash_operator.py
[2023-12-19T09:17:04.350+0000] {processor.py:840} INFO - DAG(s) 'example_bash_operator' retrieved from /home/airflow/.local/lib/python3.8/site-packages/airflow/example_dags/example_bash_operator.py
[2023-12-19T09:17:04.369+0000] {logging_mixin.py:188} INFO - [2023-12-19T09:17:04.369+0000] {dag.py:3033} INFO - Sync 1 DAGs
[2023-12-19T09:17:04.383+0000] {logging_mixin.py:188} INFO - [2023-12-19T09:17:04.383+0000] {dag.py:3820} INFO - Setting next_dagrun for example_bash_operator to 2023-12-18T00:00:00+00:00, run_after=2023-12-19T00:00:00+00:00
[2023-12-19T09:17:04.398+0000] {processor.py:183} INFO - Processing /home/airflow/.local/lib/python3.8/site-packages/airflow/example_dags/example_bash_operator.py took 0.063 seconds
[2023-12-19T09:17:34.819+0000] {processor.py:161} INFO - Started process (PID=1524) to work on /home/airflow/.local/lib/python3.8/site-packages/airflow/example_dags/example_bash_operator.py
[2023-12-19T09:17:34.821+0000] {processor.py:830} INFO - Processing file /home/airflow/.local/lib/python3.8/site-packages/airflow/example_dags/example_bash_operator.py for tasks to queue
[2023-12-19T09:17:34.823+0000] {logging_mixin.py:188} INFO - [2023-12-19T09:17:34.823+0000] {dagbag.py:538} INFO - Filling up the DagBag from /home/airflow/.local/lib/python3.8/site-packages/airflow/example_dags/example_bash_operator.py
[2023-12-19T09:17:34.832+0000] {processor.py:840} INFO - DAG(s) 'example_bash_operator' retrieved from /home/airflow/.local/lib/python3.8/site-packages/airflow/example_dags/example_bash_operator.py
[2023-12-19T09:17:34.849+0000] {logging_mixin.py:188} INFO - [2023-12-19T09:17:34.849+0000] {dag.py:3033} INFO - Sync 1 DAGs
[2023-12-19T09:17:34.863+0000] {logging_mixin.py:188} INFO - [2023-12-19T09:17:34.863+0000] {dag.py:3820} INFO - Setting next_dagrun for example_bash_operator to 2023-12-18T00:00:00+00:00, run_after=2023-12-19T00:00:00+00:00
[2023-12-19T09:17:34.874+0000] {processor.py:183} INFO - Processing /home/airflow/.local/lib/python3.8/site-packages/airflow/example_dags/example_bash_operator.py took 0.057 seconds
[2023-12-19T09:18:05.372+0000] {processor.py:161} INFO - Started process (PID=1579) to work on /home/airflow/.local/lib/python3.8/site-packages/airflow/example_dags/example_bash_operator.py
[2023-12-19T09:18:05.375+0000] {processor.py:830} INFO - Processing file /home/airflow/.local/lib/python3.8/site-packages/airflow/example_dags/example_bash_operator.py for tasks to queue
[2023-12-19T09:18:05.378+0000] {logging_mixin.py:188} INFO - [2023-12-19T09:18:05.378+0000] {dagbag.py:538} INFO - Filling up the DagBag from /home/airflow/.local/lib/python3.8/site-packages/airflow/example_dags/example_bash_operator.py
[2023-12-19T09:18:05.387+0000] {processor.py:840} INFO - DAG(s) 'example_bash_operator' retrieved from /home/airflow/.local/lib/python3.8/site-packages/airflow/example_dags/example_bash_operator.py
[2023-12-19T09:18:05.406+0000] {logging_mixin.py:188} INFO - [2023-12-19T09:18:05.406+0000] {dag.py:3033} INFO - Sync 1 DAGs
[2023-12-19T09:18:05.420+0000] {logging_mixin.py:188} INFO - [2023-12-19T09:18:05.420+0000] {dag.py:3820} INFO - Setting next_dagrun for example_bash_operator to 2023-12-18T00:00:00+00:00, run_after=2023-12-19T00:00:00+00:00
[2023-12-19T09:18:05.434+0000] {processor.py:183} INFO - Processing /home/airflow/.local/lib/python3.8/site-packages/airflow/example_dags/example_bash_operator.py took 0.065 seconds
[2023-12-19T09:18:35.960+0000] {processor.py:161} INFO - Started process (PID=1634) to work on /home/airflow/.local/lib/python3.8/site-packages/airflow/example_dags/example_bash_operator.py
[2023-12-19T09:18:35.962+0000] {processor.py:830} INFO - Processing file /home/airflow/.local/lib/python3.8/site-packages/airflow/example_dags/example_bash_operator.py for tasks to queue
[2023-12-19T09:18:35.964+0000] {logging_mixin.py:188} INFO - [2023-12-19T09:18:35.964+0000] {dagbag.py:538} INFO - Filling up the DagBag from /home/airflow/.local/lib/python3.8/site-packages/airflow/example_dags/example_bash_operator.py
[2023-12-19T09:18:35.971+0000] {processor.py:840} INFO - DAG(s) 'example_bash_operator' retrieved from /home/airflow/.local/lib/python3.8/site-packages/airflow/example_dags/example_bash_operator.py
[2023-12-19T09:18:35.990+0000] {logging_mixin.py:188} INFO - [2023-12-19T09:18:35.990+0000] {dag.py:3033} INFO - Sync 1 DAGs
[2023-12-19T09:18:36.004+0000] {logging_mixin.py:188} INFO - [2023-12-19T09:18:36.004+0000] {dag.py:3820} INFO - Setting next_dagrun for example_bash_operator to 2023-12-18T00:00:00+00:00, run_after=2023-12-19T00:00:00+00:00
[2023-12-19T09:18:36.017+0000] {processor.py:183} INFO - Processing /home/airflow/.local/lib/python3.8/site-packages/airflow/example_dags/example_bash_operator.py took 0.060 seconds
[2023-12-19T09:19:06.508+0000] {processor.py:161} INFO - Started process (PID=1689) to work on /home/airflow/.local/lib/python3.8/site-packages/airflow/example_dags/example_bash_operator.py
[2023-12-19T09:19:06.510+0000] {processor.py:830} INFO - Processing file /home/airflow/.local/lib/python3.8/site-packages/airflow/example_dags/example_bash_operator.py for tasks to queue
[2023-12-19T09:19:06.512+0000] {logging_mixin.py:188} INFO - [2023-12-19T09:19:06.512+0000] {dagbag.py:538} INFO - Filling up the DagBag from /home/airflow/.local/lib/python3.8/site-packages/airflow/example_dags/example_bash_operator.py
[2023-12-19T09:19:06.521+0000] {processor.py:840} INFO - DAG(s) 'example_bash_operator' retrieved from /home/airflow/.local/lib/python3.8/site-packages/airflow/example_dags/example_bash_operator.py
[2023-12-19T09:19:06.542+0000] {logging_mixin.py:188} INFO - [2023-12-19T09:19:06.542+0000] {dag.py:3033} INFO - Sync 1 DAGs
[2023-12-19T09:19:06.563+0000] {logging_mixin.py:188} INFO - [2023-12-19T09:19:06.563+0000] {dag.py:3820} INFO - Setting next_dagrun for example_bash_operator to 2023-12-18T00:00:00+00:00, run_after=2023-12-19T00:00:00+00:00
[2023-12-19T09:19:06.676+0000] {processor.py:183} INFO - Processing /home/airflow/.local/lib/python3.8/site-packages/airflow/example_dags/example_bash_operator.py took 0.170 seconds
[2023-12-19T09:19:37.698+0000] {processor.py:161} INFO - Started process (PID=1745) to work on /home/airflow/.local/lib/python3.8/site-packages/airflow/example_dags/example_bash_operator.py
[2023-12-19T09:19:37.702+0000] {processor.py:830} INFO - Processing file /home/airflow/.local/lib/python3.8/site-packages/airflow/example_dags/example_bash_operator.py for tasks to queue
[2023-12-19T09:19:37.707+0000] {logging_mixin.py:188} INFO - [2023-12-19T09:19:37.706+0000] {dagbag.py:538} INFO - Filling up the DagBag from /home/airflow/.local/lib/python3.8/site-packages/airflow/example_dags/example_bash_operator.py
[2023-12-19T09:19:37.719+0000] {processor.py:840} INFO - DAG(s) 'example_bash_operator' retrieved from /home/airflow/.local/lib/python3.8/site-packages/airflow/example_dags/example_bash_operator.py
[2023-12-19T09:19:37.741+0000] {logging_mixin.py:188} INFO - [2023-12-19T09:19:37.741+0000] {dag.py:3033} INFO - Sync 1 DAGs
[2023-12-19T09:19:37.755+0000] {logging_mixin.py:188} INFO - [2023-12-19T09:19:37.755+0000] {dag.py:3820} INFO - Setting next_dagrun for example_bash_operator to 2023-12-18T00:00:00+00:00, run_after=2023-12-19T00:00:00+00:00
[2023-12-19T09:19:37.770+0000] {processor.py:183} INFO - Processing /home/airflow/.local/lib/python3.8/site-packages/airflow/example_dags/example_bash_operator.py took 0.080 seconds
[2023-12-19T09:20:07.870+0000] {processor.py:161} INFO - Started process (PID=1799) to work on /home/airflow/.local/lib/python3.8/site-packages/airflow/example_dags/example_bash_operator.py
[2023-12-19T09:20:07.872+0000] {processor.py:830} INFO - Processing file /home/airflow/.local/lib/python3.8/site-packages/airflow/example_dags/example_bash_operator.py for tasks to queue
[2023-12-19T09:20:07.876+0000] {logging_mixin.py:188} INFO - [2023-12-19T09:20:07.875+0000] {dagbag.py:538} INFO - Filling up the DagBag from /home/airflow/.local/lib/python3.8/site-packages/airflow/example_dags/example_bash_operator.py
[2023-12-19T09:20:07.889+0000] {processor.py:840} INFO - DAG(s) 'example_bash_operator' retrieved from /home/airflow/.local/lib/python3.8/site-packages/airflow/example_dags/example_bash_operator.py
[2023-12-19T09:20:07.913+0000] {logging_mixin.py:188} INFO - [2023-12-19T09:20:07.913+0000] {dag.py:3033} INFO - Sync 1 DAGs
[2023-12-19T09:20:07.925+0000] {logging_mixin.py:188} INFO - [2023-12-19T09:20:07.925+0000] {dag.py:3820} INFO - Setting next_dagrun for example_bash_operator to 2023-12-18T00:00:00+00:00, run_after=2023-12-19T00:00:00+00:00
[2023-12-19T09:20:07.937+0000] {processor.py:183} INFO - Processing /home/airflow/.local/lib/python3.8/site-packages/airflow/example_dags/example_bash_operator.py took 0.072 seconds
[2023-12-19T09:20:38.120+0000] {processor.py:161} INFO - Started process (PID=1854) to work on /home/airflow/.local/lib/python3.8/site-packages/airflow/example_dags/example_bash_operator.py
[2023-12-19T09:20:38.123+0000] {processor.py:830} INFO - Processing file /home/airflow/.local/lib/python3.8/site-packages/airflow/example_dags/example_bash_operator.py for tasks to queue
[2023-12-19T09:20:38.126+0000] {logging_mixin.py:188} INFO - [2023-12-19T09:20:38.126+0000] {dagbag.py:538} INFO - Filling up the DagBag from /home/airflow/.local/lib/python3.8/site-packages/airflow/example_dags/example_bash_operator.py
[2023-12-19T09:20:38.136+0000] {processor.py:840} INFO - DAG(s) 'example_bash_operator' retrieved from /home/airflow/.local/lib/python3.8/site-packages/airflow/example_dags/example_bash_operator.py
[2023-12-19T09:20:38.155+0000] {logging_mixin.py:188} INFO - [2023-12-19T09:20:38.155+0000] {dag.py:3033} INFO - Sync 1 DAGs
[2023-12-19T09:20:38.169+0000] {logging_mixin.py:188} INFO - [2023-12-19T09:20:38.169+0000] {dag.py:3820} INFO - Setting next_dagrun for example_bash_operator to 2023-12-18T00:00:00+00:00, run_after=2023-12-19T00:00:00+00:00
[2023-12-19T09:20:38.181+0000] {processor.py:183} INFO - Processing /home/airflow/.local/lib/python3.8/site-packages/airflow/example_dags/example_bash_operator.py took 0.066 seconds
[2023-12-19T09:21:09.069+0000] {processor.py:161} INFO - Started process (PID=1909) to work on /home/airflow/.local/lib/python3.8/site-packages/airflow/example_dags/example_bash_operator.py
[2023-12-19T09:21:09.073+0000] {processor.py:830} INFO - Processing file /home/airflow/.local/lib/python3.8/site-packages/airflow/example_dags/example_bash_operator.py for tasks to queue
[2023-12-19T09:21:09.078+0000] {logging_mixin.py:188} INFO - [2023-12-19T09:21:09.078+0000] {dagbag.py:538} INFO - Filling up the DagBag from /home/airflow/.local/lib/python3.8/site-packages/airflow/example_dags/example_bash_operator.py
[2023-12-19T09:21:09.088+0000] {processor.py:840} INFO - DAG(s) 'example_bash_operator' retrieved from /home/airflow/.local/lib/python3.8/site-packages/airflow/example_dags/example_bash_operator.py
[2023-12-19T09:21:09.108+0000] {logging_mixin.py:188} INFO - [2023-12-19T09:21:09.108+0000] {dag.py:3033} INFO - Sync 1 DAGs
[2023-12-19T09:21:09.212+0000] {logging_mixin.py:188} INFO - [2023-12-19T09:21:09.212+0000] {dag.py:3820} INFO - Setting next_dagrun for example_bash_operator to 2023-12-18T00:00:00+00:00, run_after=2023-12-19T00:00:00+00:00
[2023-12-19T09:21:09.223+0000] {processor.py:183} INFO - Processing /home/airflow/.local/lib/python3.8/site-packages/airflow/example_dags/example_bash_operator.py took 0.161 seconds
[2023-12-19T09:21:40.069+0000] {processor.py:161} INFO - Started process (PID=1964) to work on /home/airflow/.local/lib/python3.8/site-packages/airflow/example_dags/example_bash_operator.py
[2023-12-19T09:21:40.072+0000] {processor.py:830} INFO - Processing file /home/airflow/.local/lib/python3.8/site-packages/airflow/example_dags/example_bash_operator.py for tasks to queue
[2023-12-19T09:21:40.077+0000] {logging_mixin.py:188} INFO - [2023-12-19T09:21:40.077+0000] {dagbag.py:538} INFO - Filling up the DagBag from /home/airflow/.local/lib/python3.8/site-packages/airflow/example_dags/example_bash_operator.py
[2023-12-19T09:21:40.088+0000] {processor.py:840} INFO - DAG(s) 'example_bash_operator' retrieved from /home/airflow/.local/lib/python3.8/site-packages/airflow/example_dags/example_bash_operator.py
[2023-12-19T09:21:40.109+0000] {logging_mixin.py:188} INFO - [2023-12-19T09:21:40.109+0000] {dag.py:3033} INFO - Sync 1 DAGs
[2023-12-19T09:21:40.213+0000] {logging_mixin.py:188} INFO - [2023-12-19T09:21:40.213+0000] {dag.py:3820} INFO - Setting next_dagrun for example_bash_operator to 2023-12-18T00:00:00+00:00, run_after=2023-12-19T00:00:00+00:00
[2023-12-19T09:21:40.224+0000] {processor.py:183} INFO - Processing /home/airflow/.local/lib/python3.8/site-packages/airflow/example_dags/example_bash_operator.py took 0.161 seconds
[2023-12-19T09:22:11.228+0000] {processor.py:161} INFO - Started process (PID=2019) to work on /home/airflow/.local/lib/python3.8/site-packages/airflow/example_dags/example_bash_operator.py
[2023-12-19T09:22:11.234+0000] {processor.py:830} INFO - Processing file /home/airflow/.local/lib/python3.8/site-packages/airflow/example_dags/example_bash_operator.py for tasks to queue
[2023-12-19T09:22:11.240+0000] {logging_mixin.py:188} INFO - [2023-12-19T09:22:11.240+0000] {dagbag.py:538} INFO - Filling up the DagBag from /home/airflow/.local/lib/python3.8/site-packages/airflow/example_dags/example_bash_operator.py
[2023-12-19T09:22:11.250+0000] {processor.py:840} INFO - DAG(s) 'example_bash_operator' retrieved from /home/airflow/.local/lib/python3.8/site-packages/airflow/example_dags/example_bash_operator.py
[2023-12-19T09:22:11.282+0000] {logging_mixin.py:188} INFO - [2023-12-19T09:22:11.282+0000] {dag.py:3033} INFO - Sync 1 DAGs
[2023-12-19T09:22:11.302+0000] {logging_mixin.py:188} INFO - [2023-12-19T09:22:11.302+0000] {dag.py:3820} INFO - Setting next_dagrun for example_bash_operator to 2023-12-18T00:00:00+00:00, run_after=2023-12-19T00:00:00+00:00
[2023-12-19T09:22:11.416+0000] {processor.py:183} INFO - Processing /home/airflow/.local/lib/python3.8/site-packages/airflow/example_dags/example_bash_operator.py took 0.192 seconds
[2023-12-19T09:22:41.458+0000] {processor.py:161} INFO - Started process (PID=2082) to work on /home/airflow/.local/lib/python3.8/site-packages/airflow/example_dags/example_bash_operator.py
[2023-12-19T09:22:41.461+0000] {processor.py:830} INFO - Processing file /home/airflow/.local/lib/python3.8/site-packages/airflow/example_dags/example_bash_operator.py for tasks to queue
[2023-12-19T09:22:41.464+0000] {logging_mixin.py:188} INFO - [2023-12-19T09:22:41.464+0000] {dagbag.py:538} INFO - Filling up the DagBag from /home/airflow/.local/lib/python3.8/site-packages/airflow/example_dags/example_bash_operator.py
[2023-12-19T09:22:41.472+0000] {processor.py:840} INFO - DAG(s) 'example_bash_operator' retrieved from /home/airflow/.local/lib/python3.8/site-packages/airflow/example_dags/example_bash_operator.py
[2023-12-19T09:22:41.491+0000] {logging_mixin.py:188} INFO - [2023-12-19T09:22:41.491+0000] {dag.py:3033} INFO - Sync 1 DAGs
[2023-12-19T09:22:41.504+0000] {logging_mixin.py:188} INFO - [2023-12-19T09:22:41.504+0000] {dag.py:3820} INFO - Setting next_dagrun for example_bash_operator to 2023-12-18T00:00:00+00:00, run_after=2023-12-19T00:00:00+00:00
[2023-12-19T09:22:41.515+0000] {processor.py:183} INFO - Processing /home/airflow/.local/lib/python3.8/site-packages/airflow/example_dags/example_bash_operator.py took 0.060 seconds
[2023-12-19T09:23:11.963+0000] {processor.py:161} INFO - Started process (PID=2135) to work on /home/airflow/.local/lib/python3.8/site-packages/airflow/example_dags/example_bash_operator.py
[2023-12-19T09:23:11.966+0000] {processor.py:830} INFO - Processing file /home/airflow/.local/lib/python3.8/site-packages/airflow/example_dags/example_bash_operator.py for tasks to queue
[2023-12-19T09:23:11.969+0000] {logging_mixin.py:188} INFO - [2023-12-19T09:23:11.969+0000] {dagbag.py:538} INFO - Filling up the DagBag from /home/airflow/.local/lib/python3.8/site-packages/airflow/example_dags/example_bash_operator.py
[2023-12-19T09:23:11.982+0000] {processor.py:840} INFO - DAG(s) 'example_bash_operator' retrieved from /home/airflow/.local/lib/python3.8/site-packages/airflow/example_dags/example_bash_operator.py
[2023-12-19T09:23:12.004+0000] {logging_mixin.py:188} INFO - [2023-12-19T09:23:12.004+0000] {dag.py:3033} INFO - Sync 1 DAGs
[2023-12-19T09:23:12.016+0000] {logging_mixin.py:188} INFO - [2023-12-19T09:23:12.016+0000] {dag.py:3820} INFO - Setting next_dagrun for example_bash_operator to 2023-12-18T00:00:00+00:00, run_after=2023-12-19T00:00:00+00:00
[2023-12-19T09:23:12.027+0000] {processor.py:183} INFO - Processing /home/airflow/.local/lib/python3.8/site-packages/airflow/example_dags/example_bash_operator.py took 0.068 seconds
[2023-12-19T09:23:42.736+0000] {processor.py:161} INFO - Started process (PID=2190) to work on /home/airflow/.local/lib/python3.8/site-packages/airflow/example_dags/example_bash_operator.py
[2023-12-19T09:23:42.738+0000] {processor.py:830} INFO - Processing file /home/airflow/.local/lib/python3.8/site-packages/airflow/example_dags/example_bash_operator.py for tasks to queue
[2023-12-19T09:23:42.741+0000] {logging_mixin.py:188} INFO - [2023-12-19T09:23:42.741+0000] {dagbag.py:538} INFO - Filling up the DagBag from /home/airflow/.local/lib/python3.8/site-packages/airflow/example_dags/example_bash_operator.py
[2023-12-19T09:23:42.752+0000] {processor.py:840} INFO - DAG(s) 'example_bash_operator' retrieved from /home/airflow/.local/lib/python3.8/site-packages/airflow/example_dags/example_bash_operator.py
[2023-12-19T09:23:42.774+0000] {logging_mixin.py:188} INFO - [2023-12-19T09:23:42.774+0000] {dag.py:3033} INFO - Sync 1 DAGs
[2023-12-19T09:23:42.789+0000] {logging_mixin.py:188} INFO - [2023-12-19T09:23:42.789+0000] {dag.py:3820} INFO - Setting next_dagrun for example_bash_operator to 2023-12-18T00:00:00+00:00, run_after=2023-12-19T00:00:00+00:00
[2023-12-19T09:23:42.800+0000] {processor.py:183} INFO - Processing /home/airflow/.local/lib/python3.8/site-packages/airflow/example_dags/example_bash_operator.py took 0.068 seconds
[2023-12-19T09:24:13.368+0000] {processor.py:161} INFO - Started process (PID=2244) to work on /home/airflow/.local/lib/python3.8/site-packages/airflow/example_dags/example_bash_operator.py
[2023-12-19T09:24:13.371+0000] {processor.py:830} INFO - Processing file /home/airflow/.local/lib/python3.8/site-packages/airflow/example_dags/example_bash_operator.py for tasks to queue
[2023-12-19T09:24:13.374+0000] {logging_mixin.py:188} INFO - [2023-12-19T09:24:13.374+0000] {dagbag.py:538} INFO - Filling up the DagBag from /home/airflow/.local/lib/python3.8/site-packages/airflow/example_dags/example_bash_operator.py
[2023-12-19T09:24:13.383+0000] {processor.py:840} INFO - DAG(s) 'example_bash_operator' retrieved from /home/airflow/.local/lib/python3.8/site-packages/airflow/example_dags/example_bash_operator.py
[2023-12-19T09:24:13.404+0000] {logging_mixin.py:188} INFO - [2023-12-19T09:24:13.404+0000] {dag.py:3033} INFO - Sync 1 DAGs
[2023-12-19T09:24:13.418+0000] {logging_mixin.py:188} INFO - [2023-12-19T09:24:13.418+0000] {dag.py:3820} INFO - Setting next_dagrun for example_bash_operator to 2023-12-18T00:00:00+00:00, run_after=2023-12-19T00:00:00+00:00
[2023-12-19T09:24:13.429+0000] {processor.py:183} INFO - Processing /home/airflow/.local/lib/python3.8/site-packages/airflow/example_dags/example_bash_operator.py took 0.067 seconds
[2023-12-19T09:24:43.799+0000] {processor.py:161} INFO - Started process (PID=2299) to work on /home/airflow/.local/lib/python3.8/site-packages/airflow/example_dags/example_bash_operator.py
[2023-12-19T09:24:43.804+0000] {processor.py:830} INFO - Processing file /home/airflow/.local/lib/python3.8/site-packages/airflow/example_dags/example_bash_operator.py for tasks to queue
[2023-12-19T09:24:43.809+0000] {logging_mixin.py:188} INFO - [2023-12-19T09:24:43.809+0000] {dagbag.py:538} INFO - Filling up the DagBag from /home/airflow/.local/lib/python3.8/site-packages/airflow/example_dags/example_bash_operator.py
[2023-12-19T09:24:43.820+0000] {processor.py:840} INFO - DAG(s) 'example_bash_operator' retrieved from /home/airflow/.local/lib/python3.8/site-packages/airflow/example_dags/example_bash_operator.py
[2023-12-19T09:24:43.840+0000] {logging_mixin.py:188} INFO - [2023-12-19T09:24:43.840+0000] {dag.py:3033} INFO - Sync 1 DAGs
[2023-12-19T09:24:43.853+0000] {logging_mixin.py:188} INFO - [2023-12-19T09:24:43.853+0000] {dag.py:3820} INFO - Setting next_dagrun for example_bash_operator to 2023-12-18T00:00:00+00:00, run_after=2023-12-19T00:00:00+00:00
[2023-12-19T09:24:43.865+0000] {processor.py:183} INFO - Processing /home/airflow/.local/lib/python3.8/site-packages/airflow/example_dags/example_bash_operator.py took 0.077 seconds
[2023-12-19T09:25:14.242+0000] {processor.py:161} INFO - Started process (PID=2354) to work on /home/airflow/.local/lib/python3.8/site-packages/airflow/example_dags/example_bash_operator.py
[2023-12-19T09:25:14.246+0000] {processor.py:830} INFO - Processing file /home/airflow/.local/lib/python3.8/site-packages/airflow/example_dags/example_bash_operator.py for tasks to queue
[2023-12-19T09:25:14.250+0000] {logging_mixin.py:188} INFO - [2023-12-19T09:25:14.250+0000] {dagbag.py:538} INFO - Filling up the DagBag from /home/airflow/.local/lib/python3.8/site-packages/airflow/example_dags/example_bash_operator.py
[2023-12-19T09:25:14.262+0000] {processor.py:840} INFO - DAG(s) 'example_bash_operator' retrieved from /home/airflow/.local/lib/python3.8/site-packages/airflow/example_dags/example_bash_operator.py
[2023-12-19T09:25:14.281+0000] {logging_mixin.py:188} INFO - [2023-12-19T09:25:14.281+0000] {dag.py:3033} INFO - Sync 1 DAGs
[2023-12-19T09:25:14.297+0000] {logging_mixin.py:188} INFO - [2023-12-19T09:25:14.296+0000] {dag.py:3820} INFO - Setting next_dagrun for example_bash_operator to 2023-12-18T00:00:00+00:00, run_after=2023-12-19T00:00:00+00:00
[2023-12-19T09:25:14.309+0000] {processor.py:183} INFO - Processing /home/airflow/.local/lib/python3.8/site-packages/airflow/example_dags/example_bash_operator.py took 0.072 seconds
[2023-12-19T09:25:44.759+0000] {processor.py:161} INFO - Started process (PID=2409) to work on /home/airflow/.local/lib/python3.8/site-packages/airflow/example_dags/example_bash_operator.py
[2023-12-19T09:25:44.763+0000] {processor.py:830} INFO - Processing file /home/airflow/.local/lib/python3.8/site-packages/airflow/example_dags/example_bash_operator.py for tasks to queue
[2023-12-19T09:25:44.766+0000] {logging_mixin.py:188} INFO - [2023-12-19T09:25:44.765+0000] {dagbag.py:538} INFO - Filling up the DagBag from /home/airflow/.local/lib/python3.8/site-packages/airflow/example_dags/example_bash_operator.py
[2023-12-19T09:25:44.775+0000] {processor.py:840} INFO - DAG(s) 'example_bash_operator' retrieved from /home/airflow/.local/lib/python3.8/site-packages/airflow/example_dags/example_bash_operator.py
[2023-12-19T09:25:44.797+0000] {logging_mixin.py:188} INFO - [2023-12-19T09:25:44.797+0000] {dag.py:3033} INFO - Sync 1 DAGs
[2023-12-19T09:25:44.811+0000] {logging_mixin.py:188} INFO - [2023-12-19T09:25:44.811+0000] {dag.py:3820} INFO - Setting next_dagrun for example_bash_operator to 2023-12-18T00:00:00+00:00, run_after=2023-12-19T00:00:00+00:00
[2023-12-19T09:25:44.824+0000] {processor.py:183} INFO - Processing /home/airflow/.local/lib/python3.8/site-packages/airflow/example_dags/example_bash_operator.py took 0.067 seconds
[2023-12-19T09:26:15.320+0000] {processor.py:161} INFO - Started process (PID=2464) to work on /home/airflow/.local/lib/python3.8/site-packages/airflow/example_dags/example_bash_operator.py
[2023-12-19T09:26:15.323+0000] {processor.py:830} INFO - Processing file /home/airflow/.local/lib/python3.8/site-packages/airflow/example_dags/example_bash_operator.py for tasks to queue
[2023-12-19T09:26:15.326+0000] {logging_mixin.py:188} INFO - [2023-12-19T09:26:15.326+0000] {dagbag.py:538} INFO - Filling up the DagBag from /home/airflow/.local/lib/python3.8/site-packages/airflow/example_dags/example_bash_operator.py
[2023-12-19T09:26:15.337+0000] {processor.py:840} INFO - DAG(s) 'example_bash_operator' retrieved from /home/airflow/.local/lib/python3.8/site-packages/airflow/example_dags/example_bash_operator.py
[2023-12-19T09:26:15.357+0000] {logging_mixin.py:188} INFO - [2023-12-19T09:26:15.357+0000] {dag.py:3033} INFO - Sync 1 DAGs
[2023-12-19T09:26:15.370+0000] {logging_mixin.py:188} INFO - [2023-12-19T09:26:15.370+0000] {dag.py:3820} INFO - Setting next_dagrun for example_bash_operator to 2023-12-18T00:00:00+00:00, run_after=2023-12-19T00:00:00+00:00
[2023-12-19T09:26:15.382+0000] {processor.py:183} INFO - Processing /home/airflow/.local/lib/python3.8/site-packages/airflow/example_dags/example_bash_operator.py took 0.068 seconds
[2023-12-19T09:26:45.833+0000] {processor.py:161} INFO - Started process (PID=2519) to work on /home/airflow/.local/lib/python3.8/site-packages/airflow/example_dags/example_bash_operator.py
[2023-12-19T09:26:45.838+0000] {processor.py:830} INFO - Processing file /home/airflow/.local/lib/python3.8/site-packages/airflow/example_dags/example_bash_operator.py for tasks to queue
[2023-12-19T09:26:45.843+0000] {logging_mixin.py:188} INFO - [2023-12-19T09:26:45.842+0000] {dagbag.py:538} INFO - Filling up the DagBag from /home/airflow/.local/lib/python3.8/site-packages/airflow/example_dags/example_bash_operator.py
[2023-12-19T09:26:45.856+0000] {processor.py:840} INFO - DAG(s) 'example_bash_operator' retrieved from /home/airflow/.local/lib/python3.8/site-packages/airflow/example_dags/example_bash_operator.py
[2023-12-19T09:26:45.876+0000] {logging_mixin.py:188} INFO - [2023-12-19T09:26:45.876+0000] {dag.py:3033} INFO - Sync 1 DAGs
[2023-12-19T09:26:45.890+0000] {logging_mixin.py:188} INFO - [2023-12-19T09:26:45.890+0000] {dag.py:3820} INFO - Setting next_dagrun for example_bash_operator to 2023-12-18T00:00:00+00:00, run_after=2023-12-19T00:00:00+00:00
[2023-12-19T09:26:45.904+0000] {processor.py:183} INFO - Processing /home/airflow/.local/lib/python3.8/site-packages/airflow/example_dags/example_bash_operator.py took 0.076 seconds
