[2023-12-19T09:03:50.599+0000] {processor.py:161} INFO - Started process (PID=48) to work on /home/airflow/.local/lib/python3.8/site-packages/airflow/example_dags/example_skip_dag.py
[2023-12-19T09:03:50.613+0000] {processor.py:830} INFO - Processing file /home/airflow/.local/lib/python3.8/site-packages/airflow/example_dags/example_skip_dag.py for tasks to queue
[2023-12-19T09:03:50.617+0000] {logging_mixin.py:188} INFO - [2023-12-19T09:03:50.617+0000] {dagbag.py:538} INFO - Filling up the DagBag from /home/airflow/.local/lib/python3.8/site-packages/airflow/example_dags/example_skip_dag.py
[2023-12-19T09:03:50.626+0000] {processor.py:840} INFO - DAG(s) 'example_skip_dag' retrieved from /home/airflow/.local/lib/python3.8/site-packages/airflow/example_dags/example_skip_dag.py
[2023-12-19T09:03:50.661+0000] {logging_mixin.py:188} INFO - [2023-12-19T09:03:50.661+0000] {dag.py:3033} INFO - Sync 1 DAGs
[2023-12-19T09:03:50.687+0000] {logging_mixin.py:188} INFO - [2023-12-19T09:03:50.687+0000] {dag.py:3820} INFO - Setting next_dagrun for example_skip_dag to 2023-12-18T00:00:00+00:00, run_after=2023-12-19T00:00:00+00:00
[2023-12-19T09:03:50.713+0000] {processor.py:183} INFO - Processing /home/airflow/.local/lib/python3.8/site-packages/airflow/example_dags/example_skip_dag.py took 0.119 seconds
[2023-12-19T09:04:21.773+0000] {processor.py:161} INFO - Started process (PID=104) to work on /home/airflow/.local/lib/python3.8/site-packages/airflow/example_dags/example_skip_dag.py
[2023-12-19T09:04:21.775+0000] {processor.py:830} INFO - Processing file /home/airflow/.local/lib/python3.8/site-packages/airflow/example_dags/example_skip_dag.py for tasks to queue
[2023-12-19T09:04:21.777+0000] {logging_mixin.py:188} INFO - [2023-12-19T09:04:21.777+0000] {dagbag.py:538} INFO - Filling up the DagBag from /home/airflow/.local/lib/python3.8/site-packages/airflow/example_dags/example_skip_dag.py
[2023-12-19T09:04:21.783+0000] {processor.py:840} INFO - DAG(s) 'example_skip_dag' retrieved from /home/airflow/.local/lib/python3.8/site-packages/airflow/example_dags/example_skip_dag.py
[2023-12-19T09:04:21.855+0000] {logging_mixin.py:188} INFO - [2023-12-19T09:04:21.855+0000] {dag.py:3033} INFO - Sync 1 DAGs
[2023-12-19T09:04:21.871+0000] {logging_mixin.py:188} INFO - [2023-12-19T09:04:21.871+0000] {dag.py:3820} INFO - Setting next_dagrun for example_skip_dag to 2023-12-18T00:00:00+00:00, run_after=2023-12-19T00:00:00+00:00
[2023-12-19T09:04:21.886+0000] {processor.py:183} INFO - Processing /home/airflow/.local/lib/python3.8/site-packages/airflow/example_dags/example_skip_dag.py took 0.116 seconds
[2023-12-19T09:04:52.196+0000] {processor.py:161} INFO - Started process (PID=158) to work on /home/airflow/.local/lib/python3.8/site-packages/airflow/example_dags/example_skip_dag.py
[2023-12-19T09:04:52.199+0000] {processor.py:830} INFO - Processing file /home/airflow/.local/lib/python3.8/site-packages/airflow/example_dags/example_skip_dag.py for tasks to queue
[2023-12-19T09:04:52.201+0000] {logging_mixin.py:188} INFO - [2023-12-19T09:04:52.201+0000] {dagbag.py:538} INFO - Filling up the DagBag from /home/airflow/.local/lib/python3.8/site-packages/airflow/example_dags/example_skip_dag.py
[2023-12-19T09:04:52.208+0000] {processor.py:840} INFO - DAG(s) 'example_skip_dag' retrieved from /home/airflow/.local/lib/python3.8/site-packages/airflow/example_dags/example_skip_dag.py
[2023-12-19T09:04:52.228+0000] {logging_mixin.py:188} INFO - [2023-12-19T09:04:52.227+0000] {dag.py:3033} INFO - Sync 1 DAGs
[2023-12-19T09:04:52.246+0000] {logging_mixin.py:188} INFO - [2023-12-19T09:04:52.246+0000] {dag.py:3820} INFO - Setting next_dagrun for example_skip_dag to 2023-12-18T00:00:00+00:00, run_after=2023-12-19T00:00:00+00:00
[2023-12-19T09:04:52.263+0000] {processor.py:183} INFO - Processing /home/airflow/.local/lib/python3.8/site-packages/airflow/example_dags/example_skip_dag.py took 0.070 seconds
[2023-12-19T09:05:22.357+0000] {processor.py:161} INFO - Started process (PID=213) to work on /home/airflow/.local/lib/python3.8/site-packages/airflow/example_dags/example_skip_dag.py
[2023-12-19T09:05:22.360+0000] {processor.py:830} INFO - Processing file /home/airflow/.local/lib/python3.8/site-packages/airflow/example_dags/example_skip_dag.py for tasks to queue
[2023-12-19T09:05:22.362+0000] {logging_mixin.py:188} INFO - [2023-12-19T09:05:22.362+0000] {dagbag.py:538} INFO - Filling up the DagBag from /home/airflow/.local/lib/python3.8/site-packages/airflow/example_dags/example_skip_dag.py
[2023-12-19T09:05:22.368+0000] {processor.py:840} INFO - DAG(s) 'example_skip_dag' retrieved from /home/airflow/.local/lib/python3.8/site-packages/airflow/example_dags/example_skip_dag.py
[2023-12-19T09:05:22.386+0000] {logging_mixin.py:188} INFO - [2023-12-19T09:05:22.386+0000] {dag.py:3033} INFO - Sync 1 DAGs
[2023-12-19T09:05:22.402+0000] {logging_mixin.py:188} INFO - [2023-12-19T09:05:22.402+0000] {dag.py:3820} INFO - Setting next_dagrun for example_skip_dag to 2023-12-18T00:00:00+00:00, run_after=2023-12-19T00:00:00+00:00
[2023-12-19T09:05:22.416+0000] {processor.py:183} INFO - Processing /home/airflow/.local/lib/python3.8/site-packages/airflow/example_dags/example_skip_dag.py took 0.061 seconds
[2023-12-19T09:05:52.851+0000] {processor.py:161} INFO - Started process (PID=268) to work on /home/airflow/.local/lib/python3.8/site-packages/airflow/example_dags/example_skip_dag.py
[2023-12-19T09:05:52.853+0000] {processor.py:830} INFO - Processing file /home/airflow/.local/lib/python3.8/site-packages/airflow/example_dags/example_skip_dag.py for tasks to queue
[2023-12-19T09:05:52.856+0000] {logging_mixin.py:188} INFO - [2023-12-19T09:05:52.856+0000] {dagbag.py:538} INFO - Filling up the DagBag from /home/airflow/.local/lib/python3.8/site-packages/airflow/example_dags/example_skip_dag.py
[2023-12-19T09:05:52.862+0000] {processor.py:840} INFO - DAG(s) 'example_skip_dag' retrieved from /home/airflow/.local/lib/python3.8/site-packages/airflow/example_dags/example_skip_dag.py
[2023-12-19T09:05:52.882+0000] {logging_mixin.py:188} INFO - [2023-12-19T09:05:52.881+0000] {dag.py:3033} INFO - Sync 1 DAGs
[2023-12-19T09:05:52.898+0000] {logging_mixin.py:188} INFO - [2023-12-19T09:05:52.898+0000] {dag.py:3820} INFO - Setting next_dagrun for example_skip_dag to 2023-12-18T00:00:00+00:00, run_after=2023-12-19T00:00:00+00:00
[2023-12-19T09:05:52.913+0000] {processor.py:183} INFO - Processing /home/airflow/.local/lib/python3.8/site-packages/airflow/example_dags/example_skip_dag.py took 0.064 seconds
[2023-12-19T09:06:23.506+0000] {processor.py:161} INFO - Started process (PID=323) to work on /home/airflow/.local/lib/python3.8/site-packages/airflow/example_dags/example_skip_dag.py
[2023-12-19T09:06:23.507+0000] {processor.py:830} INFO - Processing file /home/airflow/.local/lib/python3.8/site-packages/airflow/example_dags/example_skip_dag.py for tasks to queue
[2023-12-19T09:06:23.510+0000] {logging_mixin.py:188} INFO - [2023-12-19T09:06:23.510+0000] {dagbag.py:538} INFO - Filling up the DagBag from /home/airflow/.local/lib/python3.8/site-packages/airflow/example_dags/example_skip_dag.py
[2023-12-19T09:06:23.516+0000] {processor.py:840} INFO - DAG(s) 'example_skip_dag' retrieved from /home/airflow/.local/lib/python3.8/site-packages/airflow/example_dags/example_skip_dag.py
[2023-12-19T09:06:23.534+0000] {logging_mixin.py:188} INFO - [2023-12-19T09:06:23.534+0000] {dag.py:3033} INFO - Sync 1 DAGs
[2023-12-19T09:06:23.551+0000] {logging_mixin.py:188} INFO - [2023-12-19T09:06:23.551+0000] {dag.py:3820} INFO - Setting next_dagrun for example_skip_dag to 2023-12-18T00:00:00+00:00, run_after=2023-12-19T00:00:00+00:00
[2023-12-19T09:06:23.568+0000] {processor.py:183} INFO - Processing /home/airflow/.local/lib/python3.8/site-packages/airflow/example_dags/example_skip_dag.py took 0.065 seconds
[2023-12-19T09:06:54.322+0000] {processor.py:161} INFO - Started process (PID=378) to work on /home/airflow/.local/lib/python3.8/site-packages/airflow/example_dags/example_skip_dag.py
[2023-12-19T09:06:54.324+0000] {processor.py:830} INFO - Processing file /home/airflow/.local/lib/python3.8/site-packages/airflow/example_dags/example_skip_dag.py for tasks to queue
[2023-12-19T09:06:54.327+0000] {logging_mixin.py:188} INFO - [2023-12-19T09:06:54.327+0000] {dagbag.py:538} INFO - Filling up the DagBag from /home/airflow/.local/lib/python3.8/site-packages/airflow/example_dags/example_skip_dag.py
[2023-12-19T09:06:54.333+0000] {processor.py:840} INFO - DAG(s) 'example_skip_dag' retrieved from /home/airflow/.local/lib/python3.8/site-packages/airflow/example_dags/example_skip_dag.py
[2023-12-19T09:06:54.351+0000] {logging_mixin.py:188} INFO - [2023-12-19T09:06:54.351+0000] {dag.py:3033} INFO - Sync 1 DAGs
[2023-12-19T09:06:54.367+0000] {logging_mixin.py:188} INFO - [2023-12-19T09:06:54.367+0000] {dag.py:3820} INFO - Setting next_dagrun for example_skip_dag to 2023-12-18T00:00:00+00:00, run_after=2023-12-19T00:00:00+00:00
[2023-12-19T09:06:54.384+0000] {processor.py:183} INFO - Processing /home/airflow/.local/lib/python3.8/site-packages/airflow/example_dags/example_skip_dag.py took 0.065 seconds
[2023-12-19T09:07:25.127+0000] {processor.py:161} INFO - Started process (PID=433) to work on /home/airflow/.local/lib/python3.8/site-packages/airflow/example_dags/example_skip_dag.py
[2023-12-19T09:07:25.129+0000] {processor.py:830} INFO - Processing file /home/airflow/.local/lib/python3.8/site-packages/airflow/example_dags/example_skip_dag.py for tasks to queue
[2023-12-19T09:07:25.132+0000] {logging_mixin.py:188} INFO - [2023-12-19T09:07:25.131+0000] {dagbag.py:538} INFO - Filling up the DagBag from /home/airflow/.local/lib/python3.8/site-packages/airflow/example_dags/example_skip_dag.py
[2023-12-19T09:07:25.139+0000] {processor.py:840} INFO - DAG(s) 'example_skip_dag' retrieved from /home/airflow/.local/lib/python3.8/site-packages/airflow/example_dags/example_skip_dag.py
[2023-12-19T09:07:25.161+0000] {logging_mixin.py:188} INFO - [2023-12-19T09:07:25.161+0000] {dag.py:3033} INFO - Sync 1 DAGs
[2023-12-19T09:07:25.181+0000] {logging_mixin.py:188} INFO - [2023-12-19T09:07:25.181+0000] {dag.py:3820} INFO - Setting next_dagrun for example_skip_dag to 2023-12-18T00:00:00+00:00, run_after=2023-12-19T00:00:00+00:00
[2023-12-19T09:07:25.196+0000] {processor.py:183} INFO - Processing /home/airflow/.local/lib/python3.8/site-packages/airflow/example_dags/example_skip_dag.py took 0.071 seconds
[2023-12-19T09:07:55.915+0000] {processor.py:161} INFO - Started process (PID=488) to work on /home/airflow/.local/lib/python3.8/site-packages/airflow/example_dags/example_skip_dag.py
[2023-12-19T09:07:55.917+0000] {processor.py:830} INFO - Processing file /home/airflow/.local/lib/python3.8/site-packages/airflow/example_dags/example_skip_dag.py for tasks to queue
[2023-12-19T09:07:55.920+0000] {logging_mixin.py:188} INFO - [2023-12-19T09:07:55.920+0000] {dagbag.py:538} INFO - Filling up the DagBag from /home/airflow/.local/lib/python3.8/site-packages/airflow/example_dags/example_skip_dag.py
[2023-12-19T09:07:55.926+0000] {processor.py:840} INFO - DAG(s) 'example_skip_dag' retrieved from /home/airflow/.local/lib/python3.8/site-packages/airflow/example_dags/example_skip_dag.py
[2023-12-19T09:07:55.943+0000] {logging_mixin.py:188} INFO - [2023-12-19T09:07:55.943+0000] {dag.py:3033} INFO - Sync 1 DAGs
[2023-12-19T09:07:55.960+0000] {logging_mixin.py:188} INFO - [2023-12-19T09:07:55.960+0000] {dag.py:3820} INFO - Setting next_dagrun for example_skip_dag to 2023-12-18T00:00:00+00:00, run_after=2023-12-19T00:00:00+00:00
[2023-12-19T09:07:55.976+0000] {processor.py:183} INFO - Processing /home/airflow/.local/lib/python3.8/site-packages/airflow/example_dags/example_skip_dag.py took 0.064 seconds
[2023-12-19T09:08:26.764+0000] {processor.py:161} INFO - Started process (PID=543) to work on /home/airflow/.local/lib/python3.8/site-packages/airflow/example_dags/example_skip_dag.py
[2023-12-19T09:08:26.767+0000] {processor.py:830} INFO - Processing file /home/airflow/.local/lib/python3.8/site-packages/airflow/example_dags/example_skip_dag.py for tasks to queue
[2023-12-19T09:08:26.770+0000] {logging_mixin.py:188} INFO - [2023-12-19T09:08:26.770+0000] {dagbag.py:538} INFO - Filling up the DagBag from /home/airflow/.local/lib/python3.8/site-packages/airflow/example_dags/example_skip_dag.py
[2023-12-19T09:08:26.777+0000] {processor.py:840} INFO - DAG(s) 'example_skip_dag' retrieved from /home/airflow/.local/lib/python3.8/site-packages/airflow/example_dags/example_skip_dag.py
[2023-12-19T09:08:26.795+0000] {logging_mixin.py:188} INFO - [2023-12-19T09:08:26.795+0000] {dag.py:3033} INFO - Sync 1 DAGs
[2023-12-19T09:08:26.811+0000] {logging_mixin.py:188} INFO - [2023-12-19T09:08:26.811+0000] {dag.py:3820} INFO - Setting next_dagrun for example_skip_dag to 2023-12-18T00:00:00+00:00, run_after=2023-12-19T00:00:00+00:00
[2023-12-19T09:08:26.825+0000] {processor.py:183} INFO - Processing /home/airflow/.local/lib/python3.8/site-packages/airflow/example_dags/example_skip_dag.py took 0.064 seconds
[2023-12-19T09:08:57.000+0000] {processor.py:161} INFO - Started process (PID=598) to work on /home/airflow/.local/lib/python3.8/site-packages/airflow/example_dags/example_skip_dag.py
[2023-12-19T09:08:57.002+0000] {processor.py:830} INFO - Processing file /home/airflow/.local/lib/python3.8/site-packages/airflow/example_dags/example_skip_dag.py for tasks to queue
[2023-12-19T09:08:57.004+0000] {logging_mixin.py:188} INFO - [2023-12-19T09:08:57.004+0000] {dagbag.py:538} INFO - Filling up the DagBag from /home/airflow/.local/lib/python3.8/site-packages/airflow/example_dags/example_skip_dag.py
[2023-12-19T09:08:57.010+0000] {processor.py:840} INFO - DAG(s) 'example_skip_dag' retrieved from /home/airflow/.local/lib/python3.8/site-packages/airflow/example_dags/example_skip_dag.py
[2023-12-19T09:08:57.027+0000] {logging_mixin.py:188} INFO - [2023-12-19T09:08:57.027+0000] {dag.py:3033} INFO - Sync 1 DAGs
[2023-12-19T09:08:57.044+0000] {logging_mixin.py:188} INFO - [2023-12-19T09:08:57.044+0000] {dag.py:3820} INFO - Setting next_dagrun for example_skip_dag to 2023-12-18T00:00:00+00:00, run_after=2023-12-19T00:00:00+00:00
[2023-12-19T09:08:57.059+0000] {processor.py:183} INFO - Processing /home/airflow/.local/lib/python3.8/site-packages/airflow/example_dags/example_skip_dag.py took 0.061 seconds
[2023-12-19T09:09:27.239+0000] {processor.py:161} INFO - Started process (PID=653) to work on /home/airflow/.local/lib/python3.8/site-packages/airflow/example_dags/example_skip_dag.py
[2023-12-19T09:09:27.241+0000] {processor.py:830} INFO - Processing file /home/airflow/.local/lib/python3.8/site-packages/airflow/example_dags/example_skip_dag.py for tasks to queue
[2023-12-19T09:09:27.244+0000] {logging_mixin.py:188} INFO - [2023-12-19T09:09:27.243+0000] {dagbag.py:538} INFO - Filling up the DagBag from /home/airflow/.local/lib/python3.8/site-packages/airflow/example_dags/example_skip_dag.py
[2023-12-19T09:09:27.249+0000] {processor.py:840} INFO - DAG(s) 'example_skip_dag' retrieved from /home/airflow/.local/lib/python3.8/site-packages/airflow/example_dags/example_skip_dag.py
[2023-12-19T09:09:27.269+0000] {logging_mixin.py:188} INFO - [2023-12-19T09:09:27.269+0000] {dag.py:3033} INFO - Sync 1 DAGs
[2023-12-19T09:09:27.289+0000] {logging_mixin.py:188} INFO - [2023-12-19T09:09:27.289+0000] {dag.py:3820} INFO - Setting next_dagrun for example_skip_dag to 2023-12-18T00:00:00+00:00, run_after=2023-12-19T00:00:00+00:00
[2023-12-19T09:09:27.303+0000] {processor.py:183} INFO - Processing /home/airflow/.local/lib/python3.8/site-packages/airflow/example_dags/example_skip_dag.py took 0.067 seconds
[2023-12-19T09:09:57.482+0000] {processor.py:161} INFO - Started process (PID=708) to work on /home/airflow/.local/lib/python3.8/site-packages/airflow/example_dags/example_skip_dag.py
[2023-12-19T09:09:57.484+0000] {processor.py:830} INFO - Processing file /home/airflow/.local/lib/python3.8/site-packages/airflow/example_dags/example_skip_dag.py for tasks to queue
[2023-12-19T09:09:57.486+0000] {logging_mixin.py:188} INFO - [2023-12-19T09:09:57.486+0000] {dagbag.py:538} INFO - Filling up the DagBag from /home/airflow/.local/lib/python3.8/site-packages/airflow/example_dags/example_skip_dag.py
[2023-12-19T09:09:57.492+0000] {processor.py:840} INFO - DAG(s) 'example_skip_dag' retrieved from /home/airflow/.local/lib/python3.8/site-packages/airflow/example_dags/example_skip_dag.py
[2023-12-19T09:09:57.514+0000] {logging_mixin.py:188} INFO - [2023-12-19T09:09:57.514+0000] {dag.py:3033} INFO - Sync 1 DAGs
[2023-12-19T09:09:57.531+0000] {logging_mixin.py:188} INFO - [2023-12-19T09:09:57.531+0000] {dag.py:3820} INFO - Setting next_dagrun for example_skip_dag to 2023-12-18T00:00:00+00:00, run_after=2023-12-19T00:00:00+00:00
[2023-12-19T09:09:57.547+0000] {processor.py:183} INFO - Processing /home/airflow/.local/lib/python3.8/site-packages/airflow/example_dags/example_skip_dag.py took 0.068 seconds
[2023-12-19T09:10:27.788+0000] {processor.py:161} INFO - Started process (PID=764) to work on /home/airflow/.local/lib/python3.8/site-packages/airflow/example_dags/example_skip_dag.py
[2023-12-19T09:10:27.789+0000] {processor.py:830} INFO - Processing file /home/airflow/.local/lib/python3.8/site-packages/airflow/example_dags/example_skip_dag.py for tasks to queue
[2023-12-19T09:10:27.792+0000] {logging_mixin.py:188} INFO - [2023-12-19T09:10:27.791+0000] {dagbag.py:538} INFO - Filling up the DagBag from /home/airflow/.local/lib/python3.8/site-packages/airflow/example_dags/example_skip_dag.py
[2023-12-19T09:10:27.798+0000] {processor.py:840} INFO - DAG(s) 'example_skip_dag' retrieved from /home/airflow/.local/lib/python3.8/site-packages/airflow/example_dags/example_skip_dag.py
[2023-12-19T09:10:27.816+0000] {logging_mixin.py:188} INFO - [2023-12-19T09:10:27.816+0000] {dag.py:3033} INFO - Sync 1 DAGs
[2023-12-19T09:10:27.835+0000] {logging_mixin.py:188} INFO - [2023-12-19T09:10:27.835+0000] {dag.py:3820} INFO - Setting next_dagrun for example_skip_dag to 2023-12-18T00:00:00+00:00, run_after=2023-12-19T00:00:00+00:00
[2023-12-19T09:10:27.850+0000] {processor.py:183} INFO - Processing /home/airflow/.local/lib/python3.8/site-packages/airflow/example_dags/example_skip_dag.py took 0.065 seconds
[2023-12-19T09:10:57.967+0000] {processor.py:161} INFO - Started process (PID=819) to work on /home/airflow/.local/lib/python3.8/site-packages/airflow/example_dags/example_skip_dag.py
[2023-12-19T09:10:57.970+0000] {processor.py:830} INFO - Processing file /home/airflow/.local/lib/python3.8/site-packages/airflow/example_dags/example_skip_dag.py for tasks to queue
[2023-12-19T09:10:57.972+0000] {logging_mixin.py:188} INFO - [2023-12-19T09:10:57.972+0000] {dagbag.py:538} INFO - Filling up the DagBag from /home/airflow/.local/lib/python3.8/site-packages/airflow/example_dags/example_skip_dag.py
[2023-12-19T09:10:57.978+0000] {processor.py:840} INFO - DAG(s) 'example_skip_dag' retrieved from /home/airflow/.local/lib/python3.8/site-packages/airflow/example_dags/example_skip_dag.py
[2023-12-19T09:10:57.995+0000] {logging_mixin.py:188} INFO - [2023-12-19T09:10:57.995+0000] {dag.py:3033} INFO - Sync 1 DAGs
[2023-12-19T09:10:58.010+0000] {logging_mixin.py:188} INFO - [2023-12-19T09:10:58.010+0000] {dag.py:3820} INFO - Setting next_dagrun for example_skip_dag to 2023-12-18T00:00:00+00:00, run_after=2023-12-19T00:00:00+00:00
[2023-12-19T09:10:58.022+0000] {processor.py:183} INFO - Processing /home/airflow/.local/lib/python3.8/site-packages/airflow/example_dags/example_skip_dag.py took 0.057 seconds
[2023-12-19T09:11:28.339+0000] {processor.py:161} INFO - Started process (PID=874) to work on /home/airflow/.local/lib/python3.8/site-packages/airflow/example_dags/example_skip_dag.py
[2023-12-19T09:11:28.341+0000] {processor.py:830} INFO - Processing file /home/airflow/.local/lib/python3.8/site-packages/airflow/example_dags/example_skip_dag.py for tasks to queue
[2023-12-19T09:11:28.344+0000] {logging_mixin.py:188} INFO - [2023-12-19T09:11:28.343+0000] {dagbag.py:538} INFO - Filling up the DagBag from /home/airflow/.local/lib/python3.8/site-packages/airflow/example_dags/example_skip_dag.py
[2023-12-19T09:11:28.350+0000] {processor.py:840} INFO - DAG(s) 'example_skip_dag' retrieved from /home/airflow/.local/lib/python3.8/site-packages/airflow/example_dags/example_skip_dag.py
[2023-12-19T09:11:28.369+0000] {logging_mixin.py:188} INFO - [2023-12-19T09:11:28.369+0000] {dag.py:3033} INFO - Sync 1 DAGs
[2023-12-19T09:11:28.387+0000] {logging_mixin.py:188} INFO - [2023-12-19T09:11:28.387+0000] {dag.py:3820} INFO - Setting next_dagrun for example_skip_dag to 2023-12-18T00:00:00+00:00, run_after=2023-12-19T00:00:00+00:00
[2023-12-19T09:11:28.407+0000] {processor.py:183} INFO - Processing /home/airflow/.local/lib/python3.8/site-packages/airflow/example_dags/example_skip_dag.py took 0.070 seconds
[2023-12-19T09:11:59.085+0000] {processor.py:161} INFO - Started process (PID=929) to work on /home/airflow/.local/lib/python3.8/site-packages/airflow/example_dags/example_skip_dag.py
[2023-12-19T09:11:59.087+0000] {processor.py:830} INFO - Processing file /home/airflow/.local/lib/python3.8/site-packages/airflow/example_dags/example_skip_dag.py for tasks to queue
[2023-12-19T09:11:59.090+0000] {logging_mixin.py:188} INFO - [2023-12-19T09:11:59.089+0000] {dagbag.py:538} INFO - Filling up the DagBag from /home/airflow/.local/lib/python3.8/site-packages/airflow/example_dags/example_skip_dag.py
[2023-12-19T09:11:59.095+0000] {processor.py:840} INFO - DAG(s) 'example_skip_dag' retrieved from /home/airflow/.local/lib/python3.8/site-packages/airflow/example_dags/example_skip_dag.py
[2023-12-19T09:11:59.111+0000] {logging_mixin.py:188} INFO - [2023-12-19T09:11:59.111+0000] {dag.py:3033} INFO - Sync 1 DAGs
[2023-12-19T09:11:59.127+0000] {logging_mixin.py:188} INFO - [2023-12-19T09:11:59.126+0000] {dag.py:3820} INFO - Setting next_dagrun for example_skip_dag to 2023-12-18T00:00:00+00:00, run_after=2023-12-19T00:00:00+00:00
[2023-12-19T09:11:59.140+0000] {processor.py:183} INFO - Processing /home/airflow/.local/lib/python3.8/site-packages/airflow/example_dags/example_skip_dag.py took 0.057 seconds
[2023-12-19T09:12:29.678+0000] {processor.py:161} INFO - Started process (PID=985) to work on /home/airflow/.local/lib/python3.8/site-packages/airflow/example_dags/example_skip_dag.py
[2023-12-19T09:12:29.679+0000] {processor.py:830} INFO - Processing file /home/airflow/.local/lib/python3.8/site-packages/airflow/example_dags/example_skip_dag.py for tasks to queue
[2023-12-19T09:12:29.681+0000] {logging_mixin.py:188} INFO - [2023-12-19T09:12:29.681+0000] {dagbag.py:538} INFO - Filling up the DagBag from /home/airflow/.local/lib/python3.8/site-packages/airflow/example_dags/example_skip_dag.py
[2023-12-19T09:12:29.686+0000] {processor.py:840} INFO - DAG(s) 'example_skip_dag' retrieved from /home/airflow/.local/lib/python3.8/site-packages/airflow/example_dags/example_skip_dag.py
[2023-12-19T09:12:29.701+0000] {logging_mixin.py:188} INFO - [2023-12-19T09:12:29.701+0000] {dag.py:3033} INFO - Sync 1 DAGs
[2023-12-19T09:12:29.715+0000] {logging_mixin.py:188} INFO - [2023-12-19T09:12:29.715+0000] {dag.py:3820} INFO - Setting next_dagrun for example_skip_dag to 2023-12-18T00:00:00+00:00, run_after=2023-12-19T00:00:00+00:00
[2023-12-19T09:12:29.730+0000] {processor.py:183} INFO - Processing /home/airflow/.local/lib/python3.8/site-packages/airflow/example_dags/example_skip_dag.py took 0.055 seconds
[2023-12-19T09:13:00.186+0000] {processor.py:161} INFO - Started process (PID=1040) to work on /home/airflow/.local/lib/python3.8/site-packages/airflow/example_dags/example_skip_dag.py
[2023-12-19T09:13:00.188+0000] {processor.py:830} INFO - Processing file /home/airflow/.local/lib/python3.8/site-packages/airflow/example_dags/example_skip_dag.py for tasks to queue
[2023-12-19T09:13:00.190+0000] {logging_mixin.py:188} INFO - [2023-12-19T09:13:00.190+0000] {dagbag.py:538} INFO - Filling up the DagBag from /home/airflow/.local/lib/python3.8/site-packages/airflow/example_dags/example_skip_dag.py
[2023-12-19T09:13:00.195+0000] {processor.py:840} INFO - DAG(s) 'example_skip_dag' retrieved from /home/airflow/.local/lib/python3.8/site-packages/airflow/example_dags/example_skip_dag.py
[2023-12-19T09:13:00.210+0000] {logging_mixin.py:188} INFO - [2023-12-19T09:13:00.210+0000] {dag.py:3033} INFO - Sync 1 DAGs
[2023-12-19T09:13:00.228+0000] {logging_mixin.py:188} INFO - [2023-12-19T09:13:00.228+0000] {dag.py:3820} INFO - Setting next_dagrun for example_skip_dag to 2023-12-18T00:00:00+00:00, run_after=2023-12-19T00:00:00+00:00
[2023-12-19T09:13:00.241+0000] {processor.py:183} INFO - Processing /home/airflow/.local/lib/python3.8/site-packages/airflow/example_dags/example_skip_dag.py took 0.058 seconds
[2023-12-19T09:13:30.677+0000] {processor.py:161} INFO - Started process (PID=1095) to work on /home/airflow/.local/lib/python3.8/site-packages/airflow/example_dags/example_skip_dag.py
[2023-12-19T09:13:30.679+0000] {processor.py:830} INFO - Processing file /home/airflow/.local/lib/python3.8/site-packages/airflow/example_dags/example_skip_dag.py for tasks to queue
[2023-12-19T09:13:30.682+0000] {logging_mixin.py:188} INFO - [2023-12-19T09:13:30.682+0000] {dagbag.py:538} INFO - Filling up the DagBag from /home/airflow/.local/lib/python3.8/site-packages/airflow/example_dags/example_skip_dag.py
[2023-12-19T09:13:30.687+0000] {processor.py:840} INFO - DAG(s) 'example_skip_dag' retrieved from /home/airflow/.local/lib/python3.8/site-packages/airflow/example_dags/example_skip_dag.py
[2023-12-19T09:13:30.719+0000] {logging_mixin.py:188} INFO - [2023-12-19T09:13:30.719+0000] {dag.py:3033} INFO - Sync 1 DAGs
[2023-12-19T09:13:30.738+0000] {logging_mixin.py:188} INFO - [2023-12-19T09:13:30.738+0000] {dag.py:3820} INFO - Setting next_dagrun for example_skip_dag to 2023-12-18T00:00:00+00:00, run_after=2023-12-19T00:00:00+00:00
[2023-12-19T09:13:30.754+0000] {processor.py:183} INFO - Processing /home/airflow/.local/lib/python3.8/site-packages/airflow/example_dags/example_skip_dag.py took 0.079 seconds
[2023-12-19T09:14:01.334+0000] {processor.py:161} INFO - Started process (PID=1150) to work on /home/airflow/.local/lib/python3.8/site-packages/airflow/example_dags/example_skip_dag.py
[2023-12-19T09:14:01.336+0000] {processor.py:830} INFO - Processing file /home/airflow/.local/lib/python3.8/site-packages/airflow/example_dags/example_skip_dag.py for tasks to queue
[2023-12-19T09:14:01.339+0000] {logging_mixin.py:188} INFO - [2023-12-19T09:14:01.338+0000] {dagbag.py:538} INFO - Filling up the DagBag from /home/airflow/.local/lib/python3.8/site-packages/airflow/example_dags/example_skip_dag.py
[2023-12-19T09:14:01.344+0000] {processor.py:840} INFO - DAG(s) 'example_skip_dag' retrieved from /home/airflow/.local/lib/python3.8/site-packages/airflow/example_dags/example_skip_dag.py
[2023-12-19T09:14:01.360+0000] {logging_mixin.py:188} INFO - [2023-12-19T09:14:01.360+0000] {dag.py:3033} INFO - Sync 1 DAGs
[2023-12-19T09:14:01.373+0000] {logging_mixin.py:188} INFO - [2023-12-19T09:14:01.373+0000] {dag.py:3820} INFO - Setting next_dagrun for example_skip_dag to 2023-12-18T00:00:00+00:00, run_after=2023-12-19T00:00:00+00:00
[2023-12-19T09:14:01.387+0000] {processor.py:183} INFO - Processing /home/airflow/.local/lib/python3.8/site-packages/airflow/example_dags/example_skip_dag.py took 0.055 seconds
[2023-12-19T09:14:31.828+0000] {processor.py:161} INFO - Started process (PID=1205) to work on /home/airflow/.local/lib/python3.8/site-packages/airflow/example_dags/example_skip_dag.py
[2023-12-19T09:14:31.830+0000] {processor.py:830} INFO - Processing file /home/airflow/.local/lib/python3.8/site-packages/airflow/example_dags/example_skip_dag.py for tasks to queue
[2023-12-19T09:14:31.833+0000] {logging_mixin.py:188} INFO - [2023-12-19T09:14:31.832+0000] {dagbag.py:538} INFO - Filling up the DagBag from /home/airflow/.local/lib/python3.8/site-packages/airflow/example_dags/example_skip_dag.py
[2023-12-19T09:14:31.838+0000] {processor.py:840} INFO - DAG(s) 'example_skip_dag' retrieved from /home/airflow/.local/lib/python3.8/site-packages/airflow/example_dags/example_skip_dag.py
[2023-12-19T09:14:31.854+0000] {logging_mixin.py:188} INFO - [2023-12-19T09:14:31.854+0000] {dag.py:3033} INFO - Sync 1 DAGs
[2023-12-19T09:14:31.871+0000] {logging_mixin.py:188} INFO - [2023-12-19T09:14:31.871+0000] {dag.py:3820} INFO - Setting next_dagrun for example_skip_dag to 2023-12-18T00:00:00+00:00, run_after=2023-12-19T00:00:00+00:00
[2023-12-19T09:14:31.884+0000] {processor.py:183} INFO - Processing /home/airflow/.local/lib/python3.8/site-packages/airflow/example_dags/example_skip_dag.py took 0.059 seconds
[2023-12-19T09:15:02.282+0000] {processor.py:161} INFO - Started process (PID=1260) to work on /home/airflow/.local/lib/python3.8/site-packages/airflow/example_dags/example_skip_dag.py
[2023-12-19T09:15:02.284+0000] {processor.py:830} INFO - Processing file /home/airflow/.local/lib/python3.8/site-packages/airflow/example_dags/example_skip_dag.py for tasks to queue
[2023-12-19T09:15:02.287+0000] {logging_mixin.py:188} INFO - [2023-12-19T09:15:02.287+0000] {dagbag.py:538} INFO - Filling up the DagBag from /home/airflow/.local/lib/python3.8/site-packages/airflow/example_dags/example_skip_dag.py
[2023-12-19T09:15:02.292+0000] {processor.py:840} INFO - DAG(s) 'example_skip_dag' retrieved from /home/airflow/.local/lib/python3.8/site-packages/airflow/example_dags/example_skip_dag.py
[2023-12-19T09:15:02.307+0000] {logging_mixin.py:188} INFO - [2023-12-19T09:15:02.307+0000] {dag.py:3033} INFO - Sync 1 DAGs
[2023-12-19T09:15:02.321+0000] {logging_mixin.py:188} INFO - [2023-12-19T09:15:02.321+0000] {dag.py:3820} INFO - Setting next_dagrun for example_skip_dag to 2023-12-18T00:00:00+00:00, run_after=2023-12-19T00:00:00+00:00
[2023-12-19T09:15:02.335+0000] {processor.py:183} INFO - Processing /home/airflow/.local/lib/python3.8/site-packages/airflow/example_dags/example_skip_dag.py took 0.055 seconds
[2023-12-19T09:15:33.067+0000] {processor.py:161} INFO - Started process (PID=1315) to work on /home/airflow/.local/lib/python3.8/site-packages/airflow/example_dags/example_skip_dag.py
[2023-12-19T09:15:33.069+0000] {processor.py:830} INFO - Processing file /home/airflow/.local/lib/python3.8/site-packages/airflow/example_dags/example_skip_dag.py for tasks to queue
[2023-12-19T09:15:33.071+0000] {logging_mixin.py:188} INFO - [2023-12-19T09:15:33.071+0000] {dagbag.py:538} INFO - Filling up the DagBag from /home/airflow/.local/lib/python3.8/site-packages/airflow/example_dags/example_skip_dag.py
[2023-12-19T09:15:33.077+0000] {processor.py:840} INFO - DAG(s) 'example_skip_dag' retrieved from /home/airflow/.local/lib/python3.8/site-packages/airflow/example_dags/example_skip_dag.py
[2023-12-19T09:15:33.092+0000] {logging_mixin.py:188} INFO - [2023-12-19T09:15:33.092+0000] {dag.py:3033} INFO - Sync 1 DAGs
[2023-12-19T09:15:33.106+0000] {logging_mixin.py:188} INFO - [2023-12-19T09:15:33.106+0000] {dag.py:3820} INFO - Setting next_dagrun for example_skip_dag to 2023-12-18T00:00:00+00:00, run_after=2023-12-19T00:00:00+00:00
[2023-12-19T09:15:33.118+0000] {processor.py:183} INFO - Processing /home/airflow/.local/lib/python3.8/site-packages/airflow/example_dags/example_skip_dag.py took 0.054 seconds
[2023-12-19T09:16:03.642+0000] {processor.py:161} INFO - Started process (PID=1370) to work on /home/airflow/.local/lib/python3.8/site-packages/airflow/example_dags/example_skip_dag.py
[2023-12-19T09:16:03.643+0000] {processor.py:830} INFO - Processing file /home/airflow/.local/lib/python3.8/site-packages/airflow/example_dags/example_skip_dag.py for tasks to queue
[2023-12-19T09:16:03.646+0000] {logging_mixin.py:188} INFO - [2023-12-19T09:16:03.646+0000] {dagbag.py:538} INFO - Filling up the DagBag from /home/airflow/.local/lib/python3.8/site-packages/airflow/example_dags/example_skip_dag.py
[2023-12-19T09:16:03.651+0000] {processor.py:840} INFO - DAG(s) 'example_skip_dag' retrieved from /home/airflow/.local/lib/python3.8/site-packages/airflow/example_dags/example_skip_dag.py
[2023-12-19T09:16:03.667+0000] {logging_mixin.py:188} INFO - [2023-12-19T09:16:03.667+0000] {dag.py:3033} INFO - Sync 1 DAGs
[2023-12-19T09:16:03.681+0000] {logging_mixin.py:188} INFO - [2023-12-19T09:16:03.681+0000] {dag.py:3820} INFO - Setting next_dagrun for example_skip_dag to 2023-12-18T00:00:00+00:00, run_after=2023-12-19T00:00:00+00:00
[2023-12-19T09:16:03.695+0000] {processor.py:183} INFO - Processing /home/airflow/.local/lib/python3.8/site-packages/airflow/example_dags/example_skip_dag.py took 0.056 seconds
[2023-12-19T09:16:34.176+0000] {processor.py:161} INFO - Started process (PID=1425) to work on /home/airflow/.local/lib/python3.8/site-packages/airflow/example_dags/example_skip_dag.py
[2023-12-19T09:16:34.179+0000] {processor.py:830} INFO - Processing file /home/airflow/.local/lib/python3.8/site-packages/airflow/example_dags/example_skip_dag.py for tasks to queue
[2023-12-19T09:16:34.181+0000] {logging_mixin.py:188} INFO - [2023-12-19T09:16:34.181+0000] {dagbag.py:538} INFO - Filling up the DagBag from /home/airflow/.local/lib/python3.8/site-packages/airflow/example_dags/example_skip_dag.py
[2023-12-19T09:16:34.186+0000] {processor.py:840} INFO - DAG(s) 'example_skip_dag' retrieved from /home/airflow/.local/lib/python3.8/site-packages/airflow/example_dags/example_skip_dag.py
[2023-12-19T09:16:34.201+0000] {logging_mixin.py:188} INFO - [2023-12-19T09:16:34.201+0000] {dag.py:3033} INFO - Sync 1 DAGs
[2023-12-19T09:16:34.220+0000] {logging_mixin.py:188} INFO - [2023-12-19T09:16:34.220+0000] {dag.py:3820} INFO - Setting next_dagrun for example_skip_dag to 2023-12-18T00:00:00+00:00, run_after=2023-12-19T00:00:00+00:00
[2023-12-19T09:16:34.233+0000] {processor.py:183} INFO - Processing /home/airflow/.local/lib/python3.8/site-packages/airflow/example_dags/example_skip_dag.py took 0.060 seconds
[2023-12-19T09:17:04.782+0000] {processor.py:161} INFO - Started process (PID=1480) to work on /home/airflow/.local/lib/python3.8/site-packages/airflow/example_dags/example_skip_dag.py
[2023-12-19T09:17:04.783+0000] {processor.py:830} INFO - Processing file /home/airflow/.local/lib/python3.8/site-packages/airflow/example_dags/example_skip_dag.py for tasks to queue
[2023-12-19T09:17:04.785+0000] {logging_mixin.py:188} INFO - [2023-12-19T09:17:04.785+0000] {dagbag.py:538} INFO - Filling up the DagBag from /home/airflow/.local/lib/python3.8/site-packages/airflow/example_dags/example_skip_dag.py
[2023-12-19T09:17:04.790+0000] {processor.py:840} INFO - DAG(s) 'example_skip_dag' retrieved from /home/airflow/.local/lib/python3.8/site-packages/airflow/example_dags/example_skip_dag.py
[2023-12-19T09:17:04.805+0000] {logging_mixin.py:188} INFO - [2023-12-19T09:17:04.805+0000] {dag.py:3033} INFO - Sync 1 DAGs
[2023-12-19T09:17:04.819+0000] {logging_mixin.py:188} INFO - [2023-12-19T09:17:04.819+0000] {dag.py:3820} INFO - Setting next_dagrun for example_skip_dag to 2023-12-18T00:00:00+00:00, run_after=2023-12-19T00:00:00+00:00
[2023-12-19T09:17:04.833+0000] {processor.py:183} INFO - Processing /home/airflow/.local/lib/python3.8/site-packages/airflow/example_dags/example_skip_dag.py took 0.054 seconds
[2023-12-19T09:17:35.335+0000] {processor.py:161} INFO - Started process (PID=1535) to work on /home/airflow/.local/lib/python3.8/site-packages/airflow/example_dags/example_skip_dag.py
[2023-12-19T09:17:35.337+0000] {processor.py:830} INFO - Processing file /home/airflow/.local/lib/python3.8/site-packages/airflow/example_dags/example_skip_dag.py for tasks to queue
[2023-12-19T09:17:35.339+0000] {logging_mixin.py:188} INFO - [2023-12-19T09:17:35.339+0000] {dagbag.py:538} INFO - Filling up the DagBag from /home/airflow/.local/lib/python3.8/site-packages/airflow/example_dags/example_skip_dag.py
[2023-12-19T09:17:35.344+0000] {processor.py:840} INFO - DAG(s) 'example_skip_dag' retrieved from /home/airflow/.local/lib/python3.8/site-packages/airflow/example_dags/example_skip_dag.py
[2023-12-19T09:17:35.360+0000] {logging_mixin.py:188} INFO - [2023-12-19T09:17:35.359+0000] {dag.py:3033} INFO - Sync 1 DAGs
[2023-12-19T09:17:35.374+0000] {logging_mixin.py:188} INFO - [2023-12-19T09:17:35.374+0000] {dag.py:3820} INFO - Setting next_dagrun for example_skip_dag to 2023-12-18T00:00:00+00:00, run_after=2023-12-19T00:00:00+00:00
[2023-12-19T09:17:35.386+0000] {processor.py:183} INFO - Processing /home/airflow/.local/lib/python3.8/site-packages/airflow/example_dags/example_skip_dag.py took 0.053 seconds
[2023-12-19T09:18:05.817+0000] {processor.py:161} INFO - Started process (PID=1590) to work on /home/airflow/.local/lib/python3.8/site-packages/airflow/example_dags/example_skip_dag.py
[2023-12-19T09:18:05.818+0000] {processor.py:830} INFO - Processing file /home/airflow/.local/lib/python3.8/site-packages/airflow/example_dags/example_skip_dag.py for tasks to queue
[2023-12-19T09:18:05.821+0000] {logging_mixin.py:188} INFO - [2023-12-19T09:18:05.821+0000] {dagbag.py:538} INFO - Filling up the DagBag from /home/airflow/.local/lib/python3.8/site-packages/airflow/example_dags/example_skip_dag.py
[2023-12-19T09:18:05.827+0000] {processor.py:840} INFO - DAG(s) 'example_skip_dag' retrieved from /home/airflow/.local/lib/python3.8/site-packages/airflow/example_dags/example_skip_dag.py
[2023-12-19T09:18:05.845+0000] {logging_mixin.py:188} INFO - [2023-12-19T09:18:05.845+0000] {dag.py:3033} INFO - Sync 1 DAGs
[2023-12-19T09:18:05.858+0000] {logging_mixin.py:188} INFO - [2023-12-19T09:18:05.858+0000] {dag.py:3820} INFO - Setting next_dagrun for example_skip_dag to 2023-12-18T00:00:00+00:00, run_after=2023-12-19T00:00:00+00:00
[2023-12-19T09:18:05.870+0000] {processor.py:183} INFO - Processing /home/airflow/.local/lib/python3.8/site-packages/airflow/example_dags/example_skip_dag.py took 0.056 seconds
[2023-12-19T09:18:36.388+0000] {processor.py:161} INFO - Started process (PID=1645) to work on /home/airflow/.local/lib/python3.8/site-packages/airflow/example_dags/example_skip_dag.py
[2023-12-19T09:18:36.389+0000] {processor.py:830} INFO - Processing file /home/airflow/.local/lib/python3.8/site-packages/airflow/example_dags/example_skip_dag.py for tasks to queue
[2023-12-19T09:18:36.392+0000] {logging_mixin.py:188} INFO - [2023-12-19T09:18:36.391+0000] {dagbag.py:538} INFO - Filling up the DagBag from /home/airflow/.local/lib/python3.8/site-packages/airflow/example_dags/example_skip_dag.py
[2023-12-19T09:18:36.396+0000] {processor.py:840} INFO - DAG(s) 'example_skip_dag' retrieved from /home/airflow/.local/lib/python3.8/site-packages/airflow/example_dags/example_skip_dag.py
[2023-12-19T09:18:36.411+0000] {logging_mixin.py:188} INFO - [2023-12-19T09:18:36.411+0000] {dag.py:3033} INFO - Sync 1 DAGs
[2023-12-19T09:18:36.425+0000] {logging_mixin.py:188} INFO - [2023-12-19T09:18:36.425+0000] {dag.py:3820} INFO - Setting next_dagrun for example_skip_dag to 2023-12-18T00:00:00+00:00, run_after=2023-12-19T00:00:00+00:00
[2023-12-19T09:18:36.439+0000] {processor.py:183} INFO - Processing /home/airflow/.local/lib/python3.8/site-packages/airflow/example_dags/example_skip_dag.py took 0.053 seconds
[2023-12-19T09:19:07.362+0000] {processor.py:161} INFO - Started process (PID=1700) to work on /home/airflow/.local/lib/python3.8/site-packages/airflow/example_dags/example_skip_dag.py
[2023-12-19T09:19:07.363+0000] {processor.py:830} INFO - Processing file /home/airflow/.local/lib/python3.8/site-packages/airflow/example_dags/example_skip_dag.py for tasks to queue
[2023-12-19T09:19:07.367+0000] {logging_mixin.py:188} INFO - [2023-12-19T09:19:07.366+0000] {dagbag.py:538} INFO - Filling up the DagBag from /home/airflow/.local/lib/python3.8/site-packages/airflow/example_dags/example_skip_dag.py
[2023-12-19T09:19:07.372+0000] {processor.py:840} INFO - DAG(s) 'example_skip_dag' retrieved from /home/airflow/.local/lib/python3.8/site-packages/airflow/example_dags/example_skip_dag.py
[2023-12-19T09:19:07.389+0000] {logging_mixin.py:188} INFO - [2023-12-19T09:19:07.389+0000] {dag.py:3033} INFO - Sync 1 DAGs
[2023-12-19T09:19:07.508+0000] {logging_mixin.py:188} INFO - [2023-12-19T09:19:07.508+0000] {dag.py:3820} INFO - Setting next_dagrun for example_skip_dag to 2023-12-18T00:00:00+00:00, run_after=2023-12-19T00:00:00+00:00
[2023-12-19T09:19:07.521+0000] {processor.py:183} INFO - Processing /home/airflow/.local/lib/python3.8/site-packages/airflow/example_dags/example_skip_dag.py took 0.162 seconds
[2023-12-19T09:19:38.166+0000] {processor.py:161} INFO - Started process (PID=1755) to work on /home/airflow/.local/lib/python3.8/site-packages/airflow/example_dags/example_skip_dag.py
[2023-12-19T09:19:38.167+0000] {processor.py:830} INFO - Processing file /home/airflow/.local/lib/python3.8/site-packages/airflow/example_dags/example_skip_dag.py for tasks to queue
[2023-12-19T09:19:38.170+0000] {logging_mixin.py:188} INFO - [2023-12-19T09:19:38.169+0000] {dagbag.py:538} INFO - Filling up the DagBag from /home/airflow/.local/lib/python3.8/site-packages/airflow/example_dags/example_skip_dag.py
[2023-12-19T09:19:38.176+0000] {processor.py:840} INFO - DAG(s) 'example_skip_dag' retrieved from /home/airflow/.local/lib/python3.8/site-packages/airflow/example_dags/example_skip_dag.py
[2023-12-19T09:19:38.192+0000] {logging_mixin.py:188} INFO - [2023-12-19T09:19:38.192+0000] {dag.py:3033} INFO - Sync 1 DAGs
[2023-12-19T09:19:38.206+0000] {logging_mixin.py:188} INFO - [2023-12-19T09:19:38.206+0000] {dag.py:3820} INFO - Setting next_dagrun for example_skip_dag to 2023-12-18T00:00:00+00:00, run_after=2023-12-19T00:00:00+00:00
[2023-12-19T09:19:38.220+0000] {processor.py:183} INFO - Processing /home/airflow/.local/lib/python3.8/site-packages/airflow/example_dags/example_skip_dag.py took 0.057 seconds
[2023-12-19T09:20:08.322+0000] {processor.py:161} INFO - Started process (PID=1809) to work on /home/airflow/.local/lib/python3.8/site-packages/airflow/example_dags/example_skip_dag.py
[2023-12-19T09:20:08.324+0000] {processor.py:830} INFO - Processing file /home/airflow/.local/lib/python3.8/site-packages/airflow/example_dags/example_skip_dag.py for tasks to queue
[2023-12-19T09:20:08.326+0000] {logging_mixin.py:188} INFO - [2023-12-19T09:20:08.326+0000] {dagbag.py:538} INFO - Filling up the DagBag from /home/airflow/.local/lib/python3.8/site-packages/airflow/example_dags/example_skip_dag.py
[2023-12-19T09:20:08.331+0000] {processor.py:840} INFO - DAG(s) 'example_skip_dag' retrieved from /home/airflow/.local/lib/python3.8/site-packages/airflow/example_dags/example_skip_dag.py
[2023-12-19T09:20:08.345+0000] {logging_mixin.py:188} INFO - [2023-12-19T09:20:08.345+0000] {dag.py:3033} INFO - Sync 1 DAGs
[2023-12-19T09:20:08.358+0000] {logging_mixin.py:188} INFO - [2023-12-19T09:20:08.358+0000] {dag.py:3820} INFO - Setting next_dagrun for example_skip_dag to 2023-12-18T00:00:00+00:00, run_after=2023-12-19T00:00:00+00:00
[2023-12-19T09:20:08.370+0000] {processor.py:183} INFO - Processing /home/airflow/.local/lib/python3.8/site-packages/airflow/example_dags/example_skip_dag.py took 0.051 seconds
[2023-12-19T09:20:38.592+0000] {processor.py:161} INFO - Started process (PID=1864) to work on /home/airflow/.local/lib/python3.8/site-packages/airflow/example_dags/example_skip_dag.py
[2023-12-19T09:20:38.594+0000] {processor.py:830} INFO - Processing file /home/airflow/.local/lib/python3.8/site-packages/airflow/example_dags/example_skip_dag.py for tasks to queue
[2023-12-19T09:20:38.596+0000] {logging_mixin.py:188} INFO - [2023-12-19T09:20:38.596+0000] {dagbag.py:538} INFO - Filling up the DagBag from /home/airflow/.local/lib/python3.8/site-packages/airflow/example_dags/example_skip_dag.py
[2023-12-19T09:20:38.601+0000] {processor.py:840} INFO - DAG(s) 'example_skip_dag' retrieved from /home/airflow/.local/lib/python3.8/site-packages/airflow/example_dags/example_skip_dag.py
[2023-12-19T09:20:38.615+0000] {logging_mixin.py:188} INFO - [2023-12-19T09:20:38.615+0000] {dag.py:3033} INFO - Sync 1 DAGs
[2023-12-19T09:20:38.628+0000] {logging_mixin.py:188} INFO - [2023-12-19T09:20:38.628+0000] {dag.py:3820} INFO - Setting next_dagrun for example_skip_dag to 2023-12-18T00:00:00+00:00, run_after=2023-12-19T00:00:00+00:00
[2023-12-19T09:20:38.638+0000] {processor.py:183} INFO - Processing /home/airflow/.local/lib/python3.8/site-packages/airflow/example_dags/example_skip_dag.py took 0.048 seconds
[2023-12-19T09:21:10.096+0000] {processor.py:161} INFO - Started process (PID=1919) to work on /home/airflow/.local/lib/python3.8/site-packages/airflow/example_dags/example_skip_dag.py
[2023-12-19T09:21:10.098+0000] {processor.py:830} INFO - Processing file /home/airflow/.local/lib/python3.8/site-packages/airflow/example_dags/example_skip_dag.py for tasks to queue
[2023-12-19T09:21:10.100+0000] {logging_mixin.py:188} INFO - [2023-12-19T09:21:10.100+0000] {dagbag.py:538} INFO - Filling up the DagBag from /home/airflow/.local/lib/python3.8/site-packages/airflow/example_dags/example_skip_dag.py
[2023-12-19T09:21:10.106+0000] {processor.py:840} INFO - DAG(s) 'example_skip_dag' retrieved from /home/airflow/.local/lib/python3.8/site-packages/airflow/example_dags/example_skip_dag.py
[2023-12-19T09:21:10.120+0000] {logging_mixin.py:188} INFO - [2023-12-19T09:21:10.120+0000] {dag.py:3033} INFO - Sync 1 DAGs
[2023-12-19T09:21:10.219+0000] {logging_mixin.py:188} INFO - [2023-12-19T09:21:10.219+0000] {dag.py:3820} INFO - Setting next_dagrun for example_skip_dag to 2023-12-18T00:00:00+00:00, run_after=2023-12-19T00:00:00+00:00
[2023-12-19T09:21:10.230+0000] {processor.py:183} INFO - Processing /home/airflow/.local/lib/python3.8/site-packages/airflow/example_dags/example_skip_dag.py took 0.136 seconds
[2023-12-19T09:21:41.133+0000] {processor.py:161} INFO - Started process (PID=1974) to work on /home/airflow/.local/lib/python3.8/site-packages/airflow/example_dags/example_skip_dag.py
[2023-12-19T09:21:41.135+0000] {processor.py:830} INFO - Processing file /home/airflow/.local/lib/python3.8/site-packages/airflow/example_dags/example_skip_dag.py for tasks to queue
[2023-12-19T09:21:41.138+0000] {logging_mixin.py:188} INFO - [2023-12-19T09:21:41.137+0000] {dagbag.py:538} INFO - Filling up the DagBag from /home/airflow/.local/lib/python3.8/site-packages/airflow/example_dags/example_skip_dag.py
[2023-12-19T09:21:41.143+0000] {processor.py:840} INFO - DAG(s) 'example_skip_dag' retrieved from /home/airflow/.local/lib/python3.8/site-packages/airflow/example_dags/example_skip_dag.py
[2023-12-19T09:21:41.164+0000] {logging_mixin.py:188} INFO - [2023-12-19T09:21:41.164+0000] {dag.py:3033} INFO - Sync 1 DAGs
[2023-12-19T09:21:41.296+0000] {logging_mixin.py:188} INFO - [2023-12-19T09:21:41.295+0000] {dag.py:3820} INFO - Setting next_dagrun for example_skip_dag to 2023-12-18T00:00:00+00:00, run_after=2023-12-19T00:00:00+00:00
[2023-12-19T09:21:41.307+0000] {processor.py:183} INFO - Processing /home/airflow/.local/lib/python3.8/site-packages/airflow/example_dags/example_skip_dag.py took 0.177 seconds
[2023-12-19T09:22:11.971+0000] {processor.py:161} INFO - Started process (PID=2035) to work on /home/airflow/.local/lib/python3.8/site-packages/airflow/example_dags/example_skip_dag.py
[2023-12-19T09:22:11.973+0000] {processor.py:830} INFO - Processing file /home/airflow/.local/lib/python3.8/site-packages/airflow/example_dags/example_skip_dag.py for tasks to queue
[2023-12-19T09:22:11.975+0000] {logging_mixin.py:188} INFO - [2023-12-19T09:22:11.975+0000] {dagbag.py:538} INFO - Filling up the DagBag from /home/airflow/.local/lib/python3.8/site-packages/airflow/example_dags/example_skip_dag.py
[2023-12-19T09:22:11.980+0000] {processor.py:840} INFO - DAG(s) 'example_skip_dag' retrieved from /home/airflow/.local/lib/python3.8/site-packages/airflow/example_dags/example_skip_dag.py
[2023-12-19T09:22:11.996+0000] {logging_mixin.py:188} INFO - [2023-12-19T09:22:11.996+0000] {dag.py:3033} INFO - Sync 1 DAGs
[2023-12-19T09:22:12.010+0000] {logging_mixin.py:188} INFO - [2023-12-19T09:22:12.010+0000] {dag.py:3820} INFO - Setting next_dagrun for example_skip_dag to 2023-12-18T00:00:00+00:00, run_after=2023-12-19T00:00:00+00:00
[2023-12-19T09:22:12.118+0000] {processor.py:183} INFO - Processing /home/airflow/.local/lib/python3.8/site-packages/airflow/example_dags/example_skip_dag.py took 0.149 seconds
[2023-12-19T09:22:42.899+0000] {processor.py:161} INFO - Started process (PID=2090) to work on /home/airflow/.local/lib/python3.8/site-packages/airflow/example_dags/example_skip_dag.py
[2023-12-19T09:22:42.901+0000] {processor.py:830} INFO - Processing file /home/airflow/.local/lib/python3.8/site-packages/airflow/example_dags/example_skip_dag.py for tasks to queue
[2023-12-19T09:22:42.903+0000] {logging_mixin.py:188} INFO - [2023-12-19T09:22:42.903+0000] {dagbag.py:538} INFO - Filling up the DagBag from /home/airflow/.local/lib/python3.8/site-packages/airflow/example_dags/example_skip_dag.py
[2023-12-19T09:22:42.908+0000] {processor.py:840} INFO - DAG(s) 'example_skip_dag' retrieved from /home/airflow/.local/lib/python3.8/site-packages/airflow/example_dags/example_skip_dag.py
[2023-12-19T09:22:42.923+0000] {logging_mixin.py:188} INFO - [2023-12-19T09:22:42.923+0000] {dag.py:3033} INFO - Sync 1 DAGs
[2023-12-19T09:22:42.936+0000] {logging_mixin.py:188} INFO - [2023-12-19T09:22:42.936+0000] {dag.py:3820} INFO - Setting next_dagrun for example_skip_dag to 2023-12-18T00:00:00+00:00, run_after=2023-12-19T00:00:00+00:00
[2023-12-19T09:22:42.949+0000] {processor.py:183} INFO - Processing /home/airflow/.local/lib/python3.8/site-packages/airflow/example_dags/example_skip_dag.py took 0.051 seconds
[2023-12-19T09:23:13.410+0000] {processor.py:161} INFO - Started process (PID=2145) to work on /home/airflow/.local/lib/python3.8/site-packages/airflow/example_dags/example_skip_dag.py
[2023-12-19T09:23:13.411+0000] {processor.py:830} INFO - Processing file /home/airflow/.local/lib/python3.8/site-packages/airflow/example_dags/example_skip_dag.py for tasks to queue
[2023-12-19T09:23:13.413+0000] {logging_mixin.py:188} INFO - [2023-12-19T09:23:13.413+0000] {dagbag.py:538} INFO - Filling up the DagBag from /home/airflow/.local/lib/python3.8/site-packages/airflow/example_dags/example_skip_dag.py
[2023-12-19T09:23:13.418+0000] {processor.py:840} INFO - DAG(s) 'example_skip_dag' retrieved from /home/airflow/.local/lib/python3.8/site-packages/airflow/example_dags/example_skip_dag.py
[2023-12-19T09:23:13.433+0000] {logging_mixin.py:188} INFO - [2023-12-19T09:23:13.433+0000] {dag.py:3033} INFO - Sync 1 DAGs
[2023-12-19T09:23:13.446+0000] {logging_mixin.py:188} INFO - [2023-12-19T09:23:13.446+0000] {dag.py:3820} INFO - Setting next_dagrun for example_skip_dag to 2023-12-18T00:00:00+00:00, run_after=2023-12-19T00:00:00+00:00
[2023-12-19T09:23:13.456+0000] {processor.py:183} INFO - Processing /home/airflow/.local/lib/python3.8/site-packages/airflow/example_dags/example_skip_dag.py took 0.048 seconds
[2023-12-19T09:23:44.195+0000] {processor.py:161} INFO - Started process (PID=2200) to work on /home/airflow/.local/lib/python3.8/site-packages/airflow/example_dags/example_skip_dag.py
[2023-12-19T09:23:44.197+0000] {processor.py:830} INFO - Processing file /home/airflow/.local/lib/python3.8/site-packages/airflow/example_dags/example_skip_dag.py for tasks to queue
[2023-12-19T09:23:44.200+0000] {logging_mixin.py:188} INFO - [2023-12-19T09:23:44.200+0000] {dagbag.py:538} INFO - Filling up the DagBag from /home/airflow/.local/lib/python3.8/site-packages/airflow/example_dags/example_skip_dag.py
[2023-12-19T09:23:44.204+0000] {processor.py:840} INFO - DAG(s) 'example_skip_dag' retrieved from /home/airflow/.local/lib/python3.8/site-packages/airflow/example_dags/example_skip_dag.py
[2023-12-19T09:23:44.221+0000] {logging_mixin.py:188} INFO - [2023-12-19T09:23:44.221+0000] {dag.py:3033} INFO - Sync 1 DAGs
[2023-12-19T09:23:44.234+0000] {logging_mixin.py:188} INFO - [2023-12-19T09:23:44.234+0000] {dag.py:3820} INFO - Setting next_dagrun for example_skip_dag to 2023-12-18T00:00:00+00:00, run_after=2023-12-19T00:00:00+00:00
[2023-12-19T09:23:44.247+0000] {processor.py:183} INFO - Processing /home/airflow/.local/lib/python3.8/site-packages/airflow/example_dags/example_skip_dag.py took 0.054 seconds
[2023-12-19T09:24:14.806+0000] {processor.py:161} INFO - Started process (PID=2254) to work on /home/airflow/.local/lib/python3.8/site-packages/airflow/example_dags/example_skip_dag.py
[2023-12-19T09:24:14.808+0000] {processor.py:830} INFO - Processing file /home/airflow/.local/lib/python3.8/site-packages/airflow/example_dags/example_skip_dag.py for tasks to queue
[2023-12-19T09:24:14.811+0000] {logging_mixin.py:188} INFO - [2023-12-19T09:24:14.810+0000] {dagbag.py:538} INFO - Filling up the DagBag from /home/airflow/.local/lib/python3.8/site-packages/airflow/example_dags/example_skip_dag.py
[2023-12-19T09:24:14.816+0000] {processor.py:840} INFO - DAG(s) 'example_skip_dag' retrieved from /home/airflow/.local/lib/python3.8/site-packages/airflow/example_dags/example_skip_dag.py
[2023-12-19T09:24:14.832+0000] {logging_mixin.py:188} INFO - [2023-12-19T09:24:14.832+0000] {dag.py:3033} INFO - Sync 1 DAGs
[2023-12-19T09:24:14.845+0000] {logging_mixin.py:188} INFO - [2023-12-19T09:24:14.845+0000] {dag.py:3820} INFO - Setting next_dagrun for example_skip_dag to 2023-12-18T00:00:00+00:00, run_after=2023-12-19T00:00:00+00:00
[2023-12-19T09:24:14.856+0000] {processor.py:183} INFO - Processing /home/airflow/.local/lib/python3.8/site-packages/airflow/example_dags/example_skip_dag.py took 0.052 seconds
[2023-12-19T09:24:45.232+0000] {processor.py:161} INFO - Started process (PID=2309) to work on /home/airflow/.local/lib/python3.8/site-packages/airflow/example_dags/example_skip_dag.py
[2023-12-19T09:24:45.234+0000] {processor.py:830} INFO - Processing file /home/airflow/.local/lib/python3.8/site-packages/airflow/example_dags/example_skip_dag.py for tasks to queue
[2023-12-19T09:24:45.236+0000] {logging_mixin.py:188} INFO - [2023-12-19T09:24:45.236+0000] {dagbag.py:538} INFO - Filling up the DagBag from /home/airflow/.local/lib/python3.8/site-packages/airflow/example_dags/example_skip_dag.py
[2023-12-19T09:24:45.241+0000] {processor.py:840} INFO - DAG(s) 'example_skip_dag' retrieved from /home/airflow/.local/lib/python3.8/site-packages/airflow/example_dags/example_skip_dag.py
[2023-12-19T09:24:45.256+0000] {logging_mixin.py:188} INFO - [2023-12-19T09:24:45.256+0000] {dag.py:3033} INFO - Sync 1 DAGs
[2023-12-19T09:24:45.270+0000] {logging_mixin.py:188} INFO - [2023-12-19T09:24:45.270+0000] {dag.py:3820} INFO - Setting next_dagrun for example_skip_dag to 2023-12-18T00:00:00+00:00, run_after=2023-12-19T00:00:00+00:00
[2023-12-19T09:24:45.283+0000] {processor.py:183} INFO - Processing /home/airflow/.local/lib/python3.8/site-packages/airflow/example_dags/example_skip_dag.py took 0.053 seconds
[2023-12-19T09:25:15.716+0000] {processor.py:161} INFO - Started process (PID=2364) to work on /home/airflow/.local/lib/python3.8/site-packages/airflow/example_dags/example_skip_dag.py
[2023-12-19T09:25:15.718+0000] {processor.py:830} INFO - Processing file /home/airflow/.local/lib/python3.8/site-packages/airflow/example_dags/example_skip_dag.py for tasks to queue
[2023-12-19T09:25:15.721+0000] {logging_mixin.py:188} INFO - [2023-12-19T09:25:15.721+0000] {dagbag.py:538} INFO - Filling up the DagBag from /home/airflow/.local/lib/python3.8/site-packages/airflow/example_dags/example_skip_dag.py
[2023-12-19T09:25:15.727+0000] {processor.py:840} INFO - DAG(s) 'example_skip_dag' retrieved from /home/airflow/.local/lib/python3.8/site-packages/airflow/example_dags/example_skip_dag.py
[2023-12-19T09:25:15.744+0000] {logging_mixin.py:188} INFO - [2023-12-19T09:25:15.744+0000] {dag.py:3033} INFO - Sync 1 DAGs
[2023-12-19T09:25:15.757+0000] {logging_mixin.py:188} INFO - [2023-12-19T09:25:15.757+0000] {dag.py:3820} INFO - Setting next_dagrun for example_skip_dag to 2023-12-18T00:00:00+00:00, run_after=2023-12-19T00:00:00+00:00
[2023-12-19T09:25:15.769+0000] {processor.py:183} INFO - Processing /home/airflow/.local/lib/python3.8/site-packages/airflow/example_dags/example_skip_dag.py took 0.055 seconds
[2023-12-19T09:25:46.266+0000] {processor.py:161} INFO - Started process (PID=2419) to work on /home/airflow/.local/lib/python3.8/site-packages/airflow/example_dags/example_skip_dag.py
[2023-12-19T09:25:46.268+0000] {processor.py:830} INFO - Processing file /home/airflow/.local/lib/python3.8/site-packages/airflow/example_dags/example_skip_dag.py for tasks to queue
[2023-12-19T09:25:46.270+0000] {logging_mixin.py:188} INFO - [2023-12-19T09:25:46.270+0000] {dagbag.py:538} INFO - Filling up the DagBag from /home/airflow/.local/lib/python3.8/site-packages/airflow/example_dags/example_skip_dag.py
[2023-12-19T09:25:46.279+0000] {processor.py:840} INFO - DAG(s) 'example_skip_dag' retrieved from /home/airflow/.local/lib/python3.8/site-packages/airflow/example_dags/example_skip_dag.py
[2023-12-19T09:25:46.294+0000] {logging_mixin.py:188} INFO - [2023-12-19T09:25:46.293+0000] {dag.py:3033} INFO - Sync 1 DAGs
[2023-12-19T09:25:46.305+0000] {logging_mixin.py:188} INFO - [2023-12-19T09:25:46.305+0000] {dag.py:3820} INFO - Setting next_dagrun for example_skip_dag to 2023-12-18T00:00:00+00:00, run_after=2023-12-19T00:00:00+00:00
[2023-12-19T09:25:46.319+0000] {processor.py:183} INFO - Processing /home/airflow/.local/lib/python3.8/site-packages/airflow/example_dags/example_skip_dag.py took 0.055 seconds
[2023-12-19T09:26:16.775+0000] {processor.py:161} INFO - Started process (PID=2474) to work on /home/airflow/.local/lib/python3.8/site-packages/airflow/example_dags/example_skip_dag.py
[2023-12-19T09:26:16.777+0000] {processor.py:830} INFO - Processing file /home/airflow/.local/lib/python3.8/site-packages/airflow/example_dags/example_skip_dag.py for tasks to queue
[2023-12-19T09:26:16.779+0000] {logging_mixin.py:188} INFO - [2023-12-19T09:26:16.779+0000] {dagbag.py:538} INFO - Filling up the DagBag from /home/airflow/.local/lib/python3.8/site-packages/airflow/example_dags/example_skip_dag.py
[2023-12-19T09:26:16.784+0000] {processor.py:840} INFO - DAG(s) 'example_skip_dag' retrieved from /home/airflow/.local/lib/python3.8/site-packages/airflow/example_dags/example_skip_dag.py
[2023-12-19T09:26:16.800+0000] {logging_mixin.py:188} INFO - [2023-12-19T09:26:16.800+0000] {dag.py:3033} INFO - Sync 1 DAGs
[2023-12-19T09:26:16.813+0000] {logging_mixin.py:188} INFO - [2023-12-19T09:26:16.813+0000] {dag.py:3820} INFO - Setting next_dagrun for example_skip_dag to 2023-12-18T00:00:00+00:00, run_after=2023-12-19T00:00:00+00:00
[2023-12-19T09:26:16.823+0000] {processor.py:183} INFO - Processing /home/airflow/.local/lib/python3.8/site-packages/airflow/example_dags/example_skip_dag.py took 0.050 seconds
[2023-12-19T09:26:47.292+0000] {processor.py:161} INFO - Started process (PID=2529) to work on /home/airflow/.local/lib/python3.8/site-packages/airflow/example_dags/example_skip_dag.py
[2023-12-19T09:26:47.294+0000] {processor.py:830} INFO - Processing file /home/airflow/.local/lib/python3.8/site-packages/airflow/example_dags/example_skip_dag.py for tasks to queue
[2023-12-19T09:26:47.296+0000] {logging_mixin.py:188} INFO - [2023-12-19T09:26:47.296+0000] {dagbag.py:538} INFO - Filling up the DagBag from /home/airflow/.local/lib/python3.8/site-packages/airflow/example_dags/example_skip_dag.py
[2023-12-19T09:26:47.301+0000] {processor.py:840} INFO - DAG(s) 'example_skip_dag' retrieved from /home/airflow/.local/lib/python3.8/site-packages/airflow/example_dags/example_skip_dag.py
[2023-12-19T09:26:47.315+0000] {logging_mixin.py:188} INFO - [2023-12-19T09:26:47.315+0000] {dag.py:3033} INFO - Sync 1 DAGs
[2023-12-19T09:26:47.328+0000] {logging_mixin.py:188} INFO - [2023-12-19T09:26:47.327+0000] {dag.py:3820} INFO - Setting next_dagrun for example_skip_dag to 2023-12-18T00:00:00+00:00, run_after=2023-12-19T00:00:00+00:00
[2023-12-19T09:26:47.338+0000] {processor.py:183} INFO - Processing /home/airflow/.local/lib/python3.8/site-packages/airflow/example_dags/example_skip_dag.py took 0.048 seconds
