[2023-12-19T09:03:51.694+0000] {processor.py:161} INFO - Started process (PID=60) to work on /home/airflow/.local/lib/python3.8/site-packages/airflow/example_dags/example_branch_operator.py
[2023-12-19T09:03:51.699+0000] {processor.py:830} INFO - Processing file /home/airflow/.local/lib/python3.8/site-packages/airflow/example_dags/example_branch_operator.py for tasks to queue
[2023-12-19T09:03:51.703+0000] {logging_mixin.py:188} INFO - [2023-12-19T09:03:51.703+0000] {dagbag.py:538} INFO - Filling up the DagBag from /home/airflow/.local/lib/python3.8/site-packages/airflow/example_dags/example_branch_operator.py
[2023-12-19T09:03:51.725+0000] {processor.py:840} INFO - DAG(s) 'example_branch_operator' retrieved from /home/airflow/.local/lib/python3.8/site-packages/airflow/example_dags/example_branch_operator.py
[2023-12-19T09:03:51.739+0000] {logging_mixin.py:188} INFO - [2023-12-19T09:03:51.739+0000] {dag.py:3033} INFO - Sync 1 DAGs
[2023-12-19T09:03:51.759+0000] {logging_mixin.py:188} INFO - [2023-12-19T09:03:51.759+0000] {dag.py:3820} INFO - Setting next_dagrun for example_branch_operator to 2023-12-18T00:00:00+00:00, run_after=2023-12-19T00:00:00+00:00
[2023-12-19T09:03:51.778+0000] {processor.py:183} INFO - Processing /home/airflow/.local/lib/python3.8/site-packages/airflow/example_dags/example_branch_operator.py took 0.089 seconds
[2023-12-19T09:04:22.698+0000] {processor.py:161} INFO - Started process (PID=116) to work on /home/airflow/.local/lib/python3.8/site-packages/airflow/example_dags/example_branch_operator.py
[2023-12-19T09:04:22.700+0000] {processor.py:830} INFO - Processing file /home/airflow/.local/lib/python3.8/site-packages/airflow/example_dags/example_branch_operator.py for tasks to queue
[2023-12-19T09:04:22.702+0000] {logging_mixin.py:188} INFO - [2023-12-19T09:04:22.702+0000] {dagbag.py:538} INFO - Filling up the DagBag from /home/airflow/.local/lib/python3.8/site-packages/airflow/example_dags/example_branch_operator.py
[2023-12-19T09:04:22.716+0000] {processor.py:840} INFO - DAG(s) 'example_branch_operator' retrieved from /home/airflow/.local/lib/python3.8/site-packages/airflow/example_dags/example_branch_operator.py
[2023-12-19T09:04:22.795+0000] {logging_mixin.py:188} INFO - [2023-12-19T09:04:22.795+0000] {dag.py:3033} INFO - Sync 1 DAGs
[2023-12-19T09:04:22.810+0000] {logging_mixin.py:188} INFO - [2023-12-19T09:04:22.810+0000] {dag.py:3820} INFO - Setting next_dagrun for example_branch_operator to 2023-12-18T00:00:00+00:00, run_after=2023-12-19T00:00:00+00:00
[2023-12-19T09:04:22.826+0000] {processor.py:183} INFO - Processing /home/airflow/.local/lib/python3.8/site-packages/airflow/example_dags/example_branch_operator.py took 0.131 seconds
[2023-12-19T09:04:52.966+0000] {processor.py:161} INFO - Started process (PID=170) to work on /home/airflow/.local/lib/python3.8/site-packages/airflow/example_dags/example_branch_operator.py
[2023-12-19T09:04:52.968+0000] {processor.py:830} INFO - Processing file /home/airflow/.local/lib/python3.8/site-packages/airflow/example_dags/example_branch_operator.py for tasks to queue
[2023-12-19T09:04:52.971+0000] {logging_mixin.py:188} INFO - [2023-12-19T09:04:52.971+0000] {dagbag.py:538} INFO - Filling up the DagBag from /home/airflow/.local/lib/python3.8/site-packages/airflow/example_dags/example_branch_operator.py
[2023-12-19T09:04:52.987+0000] {processor.py:840} INFO - DAG(s) 'example_branch_operator' retrieved from /home/airflow/.local/lib/python3.8/site-packages/airflow/example_dags/example_branch_operator.py
[2023-12-19T09:04:53.011+0000] {logging_mixin.py:188} INFO - [2023-12-19T09:04:53.011+0000] {dag.py:3033} INFO - Sync 1 DAGs
[2023-12-19T09:04:53.029+0000] {logging_mixin.py:188} INFO - [2023-12-19T09:04:53.029+0000] {dag.py:3820} INFO - Setting next_dagrun for example_branch_operator to 2023-12-18T00:00:00+00:00, run_after=2023-12-19T00:00:00+00:00
[2023-12-19T09:04:53.045+0000] {processor.py:183} INFO - Processing /home/airflow/.local/lib/python3.8/site-packages/airflow/example_dags/example_branch_operator.py took 0.082 seconds
[2023-12-19T09:05:23.110+0000] {processor.py:161} INFO - Started process (PID=225) to work on /home/airflow/.local/lib/python3.8/site-packages/airflow/example_dags/example_branch_operator.py
[2023-12-19T09:05:23.113+0000] {processor.py:830} INFO - Processing file /home/airflow/.local/lib/python3.8/site-packages/airflow/example_dags/example_branch_operator.py for tasks to queue
[2023-12-19T09:05:23.116+0000] {logging_mixin.py:188} INFO - [2023-12-19T09:05:23.115+0000] {dagbag.py:538} INFO - Filling up the DagBag from /home/airflow/.local/lib/python3.8/site-packages/airflow/example_dags/example_branch_operator.py
[2023-12-19T09:05:23.130+0000] {processor.py:840} INFO - DAG(s) 'example_branch_operator' retrieved from /home/airflow/.local/lib/python3.8/site-packages/airflow/example_dags/example_branch_operator.py
[2023-12-19T09:05:23.154+0000] {logging_mixin.py:188} INFO - [2023-12-19T09:05:23.153+0000] {dag.py:3033} INFO - Sync 1 DAGs
[2023-12-19T09:05:23.171+0000] {logging_mixin.py:188} INFO - [2023-12-19T09:05:23.171+0000] {dag.py:3820} INFO - Setting next_dagrun for example_branch_operator to 2023-12-18T00:00:00+00:00, run_after=2023-12-19T00:00:00+00:00
[2023-12-19T09:05:23.185+0000] {processor.py:183} INFO - Processing /home/airflow/.local/lib/python3.8/site-packages/airflow/example_dags/example_branch_operator.py took 0.077 seconds
[2023-12-19T09:05:53.465+0000] {processor.py:161} INFO - Started process (PID=280) to work on /home/airflow/.local/lib/python3.8/site-packages/airflow/example_dags/example_branch_operator.py
[2023-12-19T09:05:53.468+0000] {processor.py:830} INFO - Processing file /home/airflow/.local/lib/python3.8/site-packages/airflow/example_dags/example_branch_operator.py for tasks to queue
[2023-12-19T09:05:53.471+0000] {logging_mixin.py:188} INFO - [2023-12-19T09:05:53.471+0000] {dagbag.py:538} INFO - Filling up the DagBag from /home/airflow/.local/lib/python3.8/site-packages/airflow/example_dags/example_branch_operator.py
[2023-12-19T09:05:53.496+0000] {processor.py:840} INFO - DAG(s) 'example_branch_operator' retrieved from /home/airflow/.local/lib/python3.8/site-packages/airflow/example_dags/example_branch_operator.py
[2023-12-19T09:05:53.518+0000] {logging_mixin.py:188} INFO - [2023-12-19T09:05:53.518+0000] {dag.py:3033} INFO - Sync 1 DAGs
[2023-12-19T09:05:53.536+0000] {logging_mixin.py:188} INFO - [2023-12-19T09:05:53.535+0000] {dag.py:3820} INFO - Setting next_dagrun for example_branch_operator to 2023-12-18T00:00:00+00:00, run_after=2023-12-19T00:00:00+00:00
[2023-12-19T09:05:53.551+0000] {processor.py:183} INFO - Processing /home/airflow/.local/lib/python3.8/site-packages/airflow/example_dags/example_branch_operator.py took 0.089 seconds
[2023-12-19T09:06:24.109+0000] {processor.py:161} INFO - Started process (PID=335) to work on /home/airflow/.local/lib/python3.8/site-packages/airflow/example_dags/example_branch_operator.py
[2023-12-19T09:06:24.111+0000] {processor.py:830} INFO - Processing file /home/airflow/.local/lib/python3.8/site-packages/airflow/example_dags/example_branch_operator.py for tasks to queue
[2023-12-19T09:06:24.113+0000] {logging_mixin.py:188} INFO - [2023-12-19T09:06:24.113+0000] {dagbag.py:538} INFO - Filling up the DagBag from /home/airflow/.local/lib/python3.8/site-packages/airflow/example_dags/example_branch_operator.py
[2023-12-19T09:06:24.127+0000] {processor.py:840} INFO - DAG(s) 'example_branch_operator' retrieved from /home/airflow/.local/lib/python3.8/site-packages/airflow/example_dags/example_branch_operator.py
[2023-12-19T09:06:24.155+0000] {logging_mixin.py:188} INFO - [2023-12-19T09:06:24.155+0000] {dag.py:3033} INFO - Sync 1 DAGs
[2023-12-19T09:06:24.173+0000] {logging_mixin.py:188} INFO - [2023-12-19T09:06:24.173+0000] {dag.py:3820} INFO - Setting next_dagrun for example_branch_operator to 2023-12-18T00:00:00+00:00, run_after=2023-12-19T00:00:00+00:00
[2023-12-19T09:06:24.187+0000] {processor.py:183} INFO - Processing /home/airflow/.local/lib/python3.8/site-packages/airflow/example_dags/example_branch_operator.py took 0.081 seconds
[2023-12-19T09:06:54.934+0000] {processor.py:161} INFO - Started process (PID=390) to work on /home/airflow/.local/lib/python3.8/site-packages/airflow/example_dags/example_branch_operator.py
[2023-12-19T09:06:54.937+0000] {processor.py:830} INFO - Processing file /home/airflow/.local/lib/python3.8/site-packages/airflow/example_dags/example_branch_operator.py for tasks to queue
[2023-12-19T09:06:54.939+0000] {logging_mixin.py:188} INFO - [2023-12-19T09:06:54.939+0000] {dagbag.py:538} INFO - Filling up the DagBag from /home/airflow/.local/lib/python3.8/site-packages/airflow/example_dags/example_branch_operator.py
[2023-12-19T09:06:54.953+0000] {processor.py:840} INFO - DAG(s) 'example_branch_operator' retrieved from /home/airflow/.local/lib/python3.8/site-packages/airflow/example_dags/example_branch_operator.py
[2023-12-19T09:06:54.976+0000] {logging_mixin.py:188} INFO - [2023-12-19T09:06:54.976+0000] {dag.py:3033} INFO - Sync 1 DAGs
[2023-12-19T09:06:54.993+0000] {logging_mixin.py:188} INFO - [2023-12-19T09:06:54.993+0000] {dag.py:3820} INFO - Setting next_dagrun for example_branch_operator to 2023-12-18T00:00:00+00:00, run_after=2023-12-19T00:00:00+00:00
[2023-12-19T09:06:55.007+0000] {processor.py:183} INFO - Processing /home/airflow/.local/lib/python3.8/site-packages/airflow/example_dags/example_branch_operator.py took 0.076 seconds
[2023-12-19T09:07:25.782+0000] {processor.py:161} INFO - Started process (PID=445) to work on /home/airflow/.local/lib/python3.8/site-packages/airflow/example_dags/example_branch_operator.py
[2023-12-19T09:07:25.785+0000] {processor.py:830} INFO - Processing file /home/airflow/.local/lib/python3.8/site-packages/airflow/example_dags/example_branch_operator.py for tasks to queue
[2023-12-19T09:07:25.787+0000] {logging_mixin.py:188} INFO - [2023-12-19T09:07:25.787+0000] {dagbag.py:538} INFO - Filling up the DagBag from /home/airflow/.local/lib/python3.8/site-packages/airflow/example_dags/example_branch_operator.py
[2023-12-19T09:07:25.801+0000] {processor.py:840} INFO - DAG(s) 'example_branch_operator' retrieved from /home/airflow/.local/lib/python3.8/site-packages/airflow/example_dags/example_branch_operator.py
[2023-12-19T09:07:25.823+0000] {logging_mixin.py:188} INFO - [2023-12-19T09:07:25.823+0000] {dag.py:3033} INFO - Sync 1 DAGs
[2023-12-19T09:07:25.842+0000] {logging_mixin.py:188} INFO - [2023-12-19T09:07:25.842+0000] {dag.py:3820} INFO - Setting next_dagrun for example_branch_operator to 2023-12-18T00:00:00+00:00, run_after=2023-12-19T00:00:00+00:00
[2023-12-19T09:07:25.861+0000] {processor.py:183} INFO - Processing /home/airflow/.local/lib/python3.8/site-packages/airflow/example_dags/example_branch_operator.py took 0.082 seconds
[2023-12-19T09:07:56.599+0000] {processor.py:161} INFO - Started process (PID=500) to work on /home/airflow/.local/lib/python3.8/site-packages/airflow/example_dags/example_branch_operator.py
[2023-12-19T09:07:56.601+0000] {processor.py:830} INFO - Processing file /home/airflow/.local/lib/python3.8/site-packages/airflow/example_dags/example_branch_operator.py for tasks to queue
[2023-12-19T09:07:56.603+0000] {logging_mixin.py:188} INFO - [2023-12-19T09:07:56.603+0000] {dagbag.py:538} INFO - Filling up the DagBag from /home/airflow/.local/lib/python3.8/site-packages/airflow/example_dags/example_branch_operator.py
[2023-12-19T09:07:56.617+0000] {processor.py:840} INFO - DAG(s) 'example_branch_operator' retrieved from /home/airflow/.local/lib/python3.8/site-packages/airflow/example_dags/example_branch_operator.py
[2023-12-19T09:07:56.638+0000] {logging_mixin.py:188} INFO - [2023-12-19T09:07:56.638+0000] {dag.py:3033} INFO - Sync 1 DAGs
[2023-12-19T09:07:56.656+0000] {logging_mixin.py:188} INFO - [2023-12-19T09:07:56.656+0000] {dag.py:3820} INFO - Setting next_dagrun for example_branch_operator to 2023-12-18T00:00:00+00:00, run_after=2023-12-19T00:00:00+00:00
[2023-12-19T09:07:56.675+0000] {processor.py:183} INFO - Processing /home/airflow/.local/lib/python3.8/site-packages/airflow/example_dags/example_branch_operator.py took 0.079 seconds
[2023-12-19T09:08:27.432+0000] {processor.py:161} INFO - Started process (PID=555) to work on /home/airflow/.local/lib/python3.8/site-packages/airflow/example_dags/example_branch_operator.py
[2023-12-19T09:08:27.436+0000] {processor.py:830} INFO - Processing file /home/airflow/.local/lib/python3.8/site-packages/airflow/example_dags/example_branch_operator.py for tasks to queue
[2023-12-19T09:08:27.440+0000] {logging_mixin.py:188} INFO - [2023-12-19T09:08:27.439+0000] {dagbag.py:538} INFO - Filling up the DagBag from /home/airflow/.local/lib/python3.8/site-packages/airflow/example_dags/example_branch_operator.py
[2023-12-19T09:08:27.455+0000] {processor.py:840} INFO - DAG(s) 'example_branch_operator' retrieved from /home/airflow/.local/lib/python3.8/site-packages/airflow/example_dags/example_branch_operator.py
[2023-12-19T09:08:27.479+0000] {logging_mixin.py:188} INFO - [2023-12-19T09:08:27.479+0000] {dag.py:3033} INFO - Sync 1 DAGs
[2023-12-19T09:08:27.502+0000] {logging_mixin.py:188} INFO - [2023-12-19T09:08:27.502+0000] {dag.py:3820} INFO - Setting next_dagrun for example_branch_operator to 2023-12-18T00:00:00+00:00, run_after=2023-12-19T00:00:00+00:00
[2023-12-19T09:08:27.519+0000] {processor.py:183} INFO - Processing /home/airflow/.local/lib/python3.8/site-packages/airflow/example_dags/example_branch_operator.py took 0.092 seconds
[2023-12-19T09:08:57.665+0000] {processor.py:161} INFO - Started process (PID=610) to work on /home/airflow/.local/lib/python3.8/site-packages/airflow/example_dags/example_branch_operator.py
[2023-12-19T09:08:57.667+0000] {processor.py:830} INFO - Processing file /home/airflow/.local/lib/python3.8/site-packages/airflow/example_dags/example_branch_operator.py for tasks to queue
[2023-12-19T09:08:57.669+0000] {logging_mixin.py:188} INFO - [2023-12-19T09:08:57.669+0000] {dagbag.py:538} INFO - Filling up the DagBag from /home/airflow/.local/lib/python3.8/site-packages/airflow/example_dags/example_branch_operator.py
[2023-12-19T09:08:57.682+0000] {processor.py:840} INFO - DAG(s) 'example_branch_operator' retrieved from /home/airflow/.local/lib/python3.8/site-packages/airflow/example_dags/example_branch_operator.py
[2023-12-19T09:08:57.704+0000] {logging_mixin.py:188} INFO - [2023-12-19T09:08:57.704+0000] {dag.py:3033} INFO - Sync 1 DAGs
[2023-12-19T09:08:57.723+0000] {logging_mixin.py:188} INFO - [2023-12-19T09:08:57.723+0000] {dag.py:3820} INFO - Setting next_dagrun for example_branch_operator to 2023-12-18T00:00:00+00:00, run_after=2023-12-19T00:00:00+00:00
[2023-12-19T09:08:57.745+0000] {processor.py:183} INFO - Processing /home/airflow/.local/lib/python3.8/site-packages/airflow/example_dags/example_branch_operator.py took 0.082 seconds
[2023-12-19T09:09:27.826+0000] {processor.py:161} INFO - Started process (PID=665) to work on /home/airflow/.local/lib/python3.8/site-packages/airflow/example_dags/example_branch_operator.py
[2023-12-19T09:09:27.828+0000] {processor.py:830} INFO - Processing file /home/airflow/.local/lib/python3.8/site-packages/airflow/example_dags/example_branch_operator.py for tasks to queue
[2023-12-19T09:09:27.831+0000] {logging_mixin.py:188} INFO - [2023-12-19T09:09:27.831+0000] {dagbag.py:538} INFO - Filling up the DagBag from /home/airflow/.local/lib/python3.8/site-packages/airflow/example_dags/example_branch_operator.py
[2023-12-19T09:09:27.845+0000] {processor.py:840} INFO - DAG(s) 'example_branch_operator' retrieved from /home/airflow/.local/lib/python3.8/site-packages/airflow/example_dags/example_branch_operator.py
[2023-12-19T09:09:27.876+0000] {logging_mixin.py:188} INFO - [2023-12-19T09:09:27.876+0000] {dag.py:3033} INFO - Sync 1 DAGs
[2023-12-19T09:09:27.897+0000] {logging_mixin.py:188} INFO - [2023-12-19T09:09:27.897+0000] {dag.py:3820} INFO - Setting next_dagrun for example_branch_operator to 2023-12-18T00:00:00+00:00, run_after=2023-12-19T00:00:00+00:00
[2023-12-19T09:09:27.921+0000] {processor.py:183} INFO - Processing /home/airflow/.local/lib/python3.8/site-packages/airflow/example_dags/example_branch_operator.py took 0.098 seconds
[2023-12-19T09:09:58.238+0000] {processor.py:161} INFO - Started process (PID=720) to work on /home/airflow/.local/lib/python3.8/site-packages/airflow/example_dags/example_branch_operator.py
[2023-12-19T09:09:58.242+0000] {processor.py:830} INFO - Processing file /home/airflow/.local/lib/python3.8/site-packages/airflow/example_dags/example_branch_operator.py for tasks to queue
[2023-12-19T09:09:58.244+0000] {logging_mixin.py:188} INFO - [2023-12-19T09:09:58.244+0000] {dagbag.py:538} INFO - Filling up the DagBag from /home/airflow/.local/lib/python3.8/site-packages/airflow/example_dags/example_branch_operator.py
[2023-12-19T09:09:58.263+0000] {processor.py:840} INFO - DAG(s) 'example_branch_operator' retrieved from /home/airflow/.local/lib/python3.8/site-packages/airflow/example_dags/example_branch_operator.py
[2023-12-19T09:09:58.289+0000] {logging_mixin.py:188} INFO - [2023-12-19T09:09:58.289+0000] {dag.py:3033} INFO - Sync 1 DAGs
[2023-12-19T09:09:58.310+0000] {logging_mixin.py:188} INFO - [2023-12-19T09:09:58.310+0000] {dag.py:3820} INFO - Setting next_dagrun for example_branch_operator to 2023-12-18T00:00:00+00:00, run_after=2023-12-19T00:00:00+00:00
[2023-12-19T09:09:58.326+0000] {processor.py:183} INFO - Processing /home/airflow/.local/lib/python3.8/site-packages/airflow/example_dags/example_branch_operator.py took 0.092 seconds
[2023-12-19T09:10:28.526+0000] {processor.py:161} INFO - Started process (PID=776) to work on /home/airflow/.local/lib/python3.8/site-packages/airflow/example_dags/example_branch_operator.py
[2023-12-19T09:10:28.528+0000] {processor.py:830} INFO - Processing file /home/airflow/.local/lib/python3.8/site-packages/airflow/example_dags/example_branch_operator.py for tasks to queue
[2023-12-19T09:10:28.531+0000] {logging_mixin.py:188} INFO - [2023-12-19T09:10:28.531+0000] {dagbag.py:538} INFO - Filling up the DagBag from /home/airflow/.local/lib/python3.8/site-packages/airflow/example_dags/example_branch_operator.py
[2023-12-19T09:10:28.549+0000] {processor.py:840} INFO - DAG(s) 'example_branch_operator' retrieved from /home/airflow/.local/lib/python3.8/site-packages/airflow/example_dags/example_branch_operator.py
[2023-12-19T09:10:28.574+0000] {logging_mixin.py:188} INFO - [2023-12-19T09:10:28.574+0000] {dag.py:3033} INFO - Sync 1 DAGs
[2023-12-19T09:10:28.594+0000] {logging_mixin.py:188} INFO - [2023-12-19T09:10:28.594+0000] {dag.py:3820} INFO - Setting next_dagrun for example_branch_operator to 2023-12-18T00:00:00+00:00, run_after=2023-12-19T00:00:00+00:00
[2023-12-19T09:10:28.610+0000] {processor.py:183} INFO - Processing /home/airflow/.local/lib/python3.8/site-packages/airflow/example_dags/example_branch_operator.py took 0.088 seconds
[2023-12-19T09:10:58.937+0000] {processor.py:161} INFO - Started process (PID=831) to work on /home/airflow/.local/lib/python3.8/site-packages/airflow/example_dags/example_branch_operator.py
[2023-12-19T09:10:58.939+0000] {processor.py:830} INFO - Processing file /home/airflow/.local/lib/python3.8/site-packages/airflow/example_dags/example_branch_operator.py for tasks to queue
[2023-12-19T09:10:58.942+0000] {logging_mixin.py:188} INFO - [2023-12-19T09:10:58.942+0000] {dagbag.py:538} INFO - Filling up the DagBag from /home/airflow/.local/lib/python3.8/site-packages/airflow/example_dags/example_branch_operator.py
[2023-12-19T09:10:58.955+0000] {processor.py:840} INFO - DAG(s) 'example_branch_operator' retrieved from /home/airflow/.local/lib/python3.8/site-packages/airflow/example_dags/example_branch_operator.py
[2023-12-19T09:10:58.976+0000] {logging_mixin.py:188} INFO - [2023-12-19T09:10:58.976+0000] {dag.py:3033} INFO - Sync 1 DAGs
[2023-12-19T09:10:58.994+0000] {logging_mixin.py:188} INFO - [2023-12-19T09:10:58.994+0000] {dag.py:3820} INFO - Setting next_dagrun for example_branch_operator to 2023-12-18T00:00:00+00:00, run_after=2023-12-19T00:00:00+00:00
[2023-12-19T09:10:59.009+0000] {processor.py:183} INFO - Processing /home/airflow/.local/lib/python3.8/site-packages/airflow/example_dags/example_branch_operator.py took 0.074 seconds
[2023-12-19T09:11:29.136+0000] {processor.py:161} INFO - Started process (PID=886) to work on /home/airflow/.local/lib/python3.8/site-packages/airflow/example_dags/example_branch_operator.py
[2023-12-19T09:11:29.138+0000] {processor.py:830} INFO - Processing file /home/airflow/.local/lib/python3.8/site-packages/airflow/example_dags/example_branch_operator.py for tasks to queue
[2023-12-19T09:11:29.141+0000] {logging_mixin.py:188} INFO - [2023-12-19T09:11:29.140+0000] {dagbag.py:538} INFO - Filling up the DagBag from /home/airflow/.local/lib/python3.8/site-packages/airflow/example_dags/example_branch_operator.py
[2023-12-19T09:11:29.155+0000] {processor.py:840} INFO - DAG(s) 'example_branch_operator' retrieved from /home/airflow/.local/lib/python3.8/site-packages/airflow/example_dags/example_branch_operator.py
[2023-12-19T09:11:29.177+0000] {logging_mixin.py:188} INFO - [2023-12-19T09:11:29.177+0000] {dag.py:3033} INFO - Sync 1 DAGs
[2023-12-19T09:11:29.194+0000] {logging_mixin.py:188} INFO - [2023-12-19T09:11:29.194+0000] {dag.py:3820} INFO - Setting next_dagrun for example_branch_operator to 2023-12-18T00:00:00+00:00, run_after=2023-12-19T00:00:00+00:00
[2023-12-19T09:11:29.208+0000] {processor.py:183} INFO - Processing /home/airflow/.local/lib/python3.8/site-packages/airflow/example_dags/example_branch_operator.py took 0.075 seconds
[2023-12-19T09:11:59.643+0000] {processor.py:161} INFO - Started process (PID=941) to work on /home/airflow/.local/lib/python3.8/site-packages/airflow/example_dags/example_branch_operator.py
[2023-12-19T09:11:59.645+0000] {processor.py:830} INFO - Processing file /home/airflow/.local/lib/python3.8/site-packages/airflow/example_dags/example_branch_operator.py for tasks to queue
[2023-12-19T09:11:59.647+0000] {logging_mixin.py:188} INFO - [2023-12-19T09:11:59.647+0000] {dagbag.py:538} INFO - Filling up the DagBag from /home/airflow/.local/lib/python3.8/site-packages/airflow/example_dags/example_branch_operator.py
[2023-12-19T09:11:59.663+0000] {processor.py:840} INFO - DAG(s) 'example_branch_operator' retrieved from /home/airflow/.local/lib/python3.8/site-packages/airflow/example_dags/example_branch_operator.py
[2023-12-19T09:11:59.682+0000] {logging_mixin.py:188} INFO - [2023-12-19T09:11:59.682+0000] {dag.py:3033} INFO - Sync 1 DAGs
[2023-12-19T09:11:59.699+0000] {logging_mixin.py:188} INFO - [2023-12-19T09:11:59.699+0000] {dag.py:3820} INFO - Setting next_dagrun for example_branch_operator to 2023-12-18T00:00:00+00:00, run_after=2023-12-19T00:00:00+00:00
[2023-12-19T09:11:59.712+0000] {processor.py:183} INFO - Processing /home/airflow/.local/lib/python3.8/site-packages/airflow/example_dags/example_branch_operator.py took 0.072 seconds
[2023-12-19T09:12:30.210+0000] {processor.py:161} INFO - Started process (PID=997) to work on /home/airflow/.local/lib/python3.8/site-packages/airflow/example_dags/example_branch_operator.py
[2023-12-19T09:12:30.212+0000] {processor.py:830} INFO - Processing file /home/airflow/.local/lib/python3.8/site-packages/airflow/example_dags/example_branch_operator.py for tasks to queue
[2023-12-19T09:12:30.214+0000] {logging_mixin.py:188} INFO - [2023-12-19T09:12:30.214+0000] {dagbag.py:538} INFO - Filling up the DagBag from /home/airflow/.local/lib/python3.8/site-packages/airflow/example_dags/example_branch_operator.py
[2023-12-19T09:12:30.226+0000] {processor.py:840} INFO - DAG(s) 'example_branch_operator' retrieved from /home/airflow/.local/lib/python3.8/site-packages/airflow/example_dags/example_branch_operator.py
[2023-12-19T09:12:30.248+0000] {logging_mixin.py:188} INFO - [2023-12-19T09:12:30.248+0000] {dag.py:3033} INFO - Sync 1 DAGs
[2023-12-19T09:12:30.261+0000] {logging_mixin.py:188} INFO - [2023-12-19T09:12:30.261+0000] {dag.py:3820} INFO - Setting next_dagrun for example_branch_operator to 2023-12-18T00:00:00+00:00, run_after=2023-12-19T00:00:00+00:00
[2023-12-19T09:12:30.274+0000] {processor.py:183} INFO - Processing /home/airflow/.local/lib/python3.8/site-packages/airflow/example_dags/example_branch_operator.py took 0.066 seconds
[2023-12-19T09:13:00.766+0000] {processor.py:161} INFO - Started process (PID=1052) to work on /home/airflow/.local/lib/python3.8/site-packages/airflow/example_dags/example_branch_operator.py
[2023-12-19T09:13:00.768+0000] {processor.py:830} INFO - Processing file /home/airflow/.local/lib/python3.8/site-packages/airflow/example_dags/example_branch_operator.py for tasks to queue
[2023-12-19T09:13:00.771+0000] {logging_mixin.py:188} INFO - [2023-12-19T09:13:00.770+0000] {dagbag.py:538} INFO - Filling up the DagBag from /home/airflow/.local/lib/python3.8/site-packages/airflow/example_dags/example_branch_operator.py
[2023-12-19T09:13:00.782+0000] {processor.py:840} INFO - DAG(s) 'example_branch_operator' retrieved from /home/airflow/.local/lib/python3.8/site-packages/airflow/example_dags/example_branch_operator.py
[2023-12-19T09:13:00.801+0000] {logging_mixin.py:188} INFO - [2023-12-19T09:13:00.801+0000] {dag.py:3033} INFO - Sync 1 DAGs
[2023-12-19T09:13:00.821+0000] {logging_mixin.py:188} INFO - [2023-12-19T09:13:00.821+0000] {dag.py:3820} INFO - Setting next_dagrun for example_branch_operator to 2023-12-18T00:00:00+00:00, run_after=2023-12-19T00:00:00+00:00
[2023-12-19T09:13:00.834+0000] {processor.py:183} INFO - Processing /home/airflow/.local/lib/python3.8/site-packages/airflow/example_dags/example_branch_operator.py took 0.071 seconds
[2023-12-19T09:13:31.281+0000] {processor.py:161} INFO - Started process (PID=1107) to work on /home/airflow/.local/lib/python3.8/site-packages/airflow/example_dags/example_branch_operator.py
[2023-12-19T09:13:31.283+0000] {processor.py:830} INFO - Processing file /home/airflow/.local/lib/python3.8/site-packages/airflow/example_dags/example_branch_operator.py for tasks to queue
[2023-12-19T09:13:31.285+0000] {logging_mixin.py:188} INFO - [2023-12-19T09:13:31.284+0000] {dagbag.py:538} INFO - Filling up the DagBag from /home/airflow/.local/lib/python3.8/site-packages/airflow/example_dags/example_branch_operator.py
[2023-12-19T09:13:31.296+0000] {processor.py:840} INFO - DAG(s) 'example_branch_operator' retrieved from /home/airflow/.local/lib/python3.8/site-packages/airflow/example_dags/example_branch_operator.py
[2023-12-19T09:13:31.314+0000] {logging_mixin.py:188} INFO - [2023-12-19T09:13:31.314+0000] {dag.py:3033} INFO - Sync 1 DAGs
[2023-12-19T09:13:31.328+0000] {logging_mixin.py:188} INFO - [2023-12-19T09:13:31.328+0000] {dag.py:3820} INFO - Setting next_dagrun for example_branch_operator to 2023-12-18T00:00:00+00:00, run_after=2023-12-19T00:00:00+00:00
[2023-12-19T09:13:31.344+0000] {processor.py:183} INFO - Processing /home/airflow/.local/lib/python3.8/site-packages/airflow/example_dags/example_branch_operator.py took 0.066 seconds
[2023-12-19T09:14:01.911+0000] {processor.py:161} INFO - Started process (PID=1162) to work on /home/airflow/.local/lib/python3.8/site-packages/airflow/example_dags/example_branch_operator.py
[2023-12-19T09:14:01.913+0000] {processor.py:830} INFO - Processing file /home/airflow/.local/lib/python3.8/site-packages/airflow/example_dags/example_branch_operator.py for tasks to queue
[2023-12-19T09:14:01.915+0000] {logging_mixin.py:188} INFO - [2023-12-19T09:14:01.915+0000] {dagbag.py:538} INFO - Filling up the DagBag from /home/airflow/.local/lib/python3.8/site-packages/airflow/example_dags/example_branch_operator.py
[2023-12-19T09:14:01.927+0000] {processor.py:840} INFO - DAG(s) 'example_branch_operator' retrieved from /home/airflow/.local/lib/python3.8/site-packages/airflow/example_dags/example_branch_operator.py
[2023-12-19T09:14:01.947+0000] {logging_mixin.py:188} INFO - [2023-12-19T09:14:01.947+0000] {dag.py:3033} INFO - Sync 1 DAGs
[2023-12-19T09:14:01.962+0000] {logging_mixin.py:188} INFO - [2023-12-19T09:14:01.962+0000] {dag.py:3820} INFO - Setting next_dagrun for example_branch_operator to 2023-12-18T00:00:00+00:00, run_after=2023-12-19T00:00:00+00:00
[2023-12-19T09:14:01.976+0000] {processor.py:183} INFO - Processing /home/airflow/.local/lib/python3.8/site-packages/airflow/example_dags/example_branch_operator.py took 0.067 seconds
[2023-12-19T09:14:32.470+0000] {processor.py:161} INFO - Started process (PID=1217) to work on /home/airflow/.local/lib/python3.8/site-packages/airflow/example_dags/example_branch_operator.py
[2023-12-19T09:14:32.473+0000] {processor.py:830} INFO - Processing file /home/airflow/.local/lib/python3.8/site-packages/airflow/example_dags/example_branch_operator.py for tasks to queue
[2023-12-19T09:14:32.476+0000] {logging_mixin.py:188} INFO - [2023-12-19T09:14:32.476+0000] {dagbag.py:538} INFO - Filling up the DagBag from /home/airflow/.local/lib/python3.8/site-packages/airflow/example_dags/example_branch_operator.py
[2023-12-19T09:14:32.487+0000] {processor.py:840} INFO - DAG(s) 'example_branch_operator' retrieved from /home/airflow/.local/lib/python3.8/site-packages/airflow/example_dags/example_branch_operator.py
[2023-12-19T09:14:32.505+0000] {logging_mixin.py:188} INFO - [2023-12-19T09:14:32.505+0000] {dag.py:3033} INFO - Sync 1 DAGs
[2023-12-19T09:14:32.519+0000] {logging_mixin.py:188} INFO - [2023-12-19T09:14:32.519+0000] {dag.py:3820} INFO - Setting next_dagrun for example_branch_operator to 2023-12-18T00:00:00+00:00, run_after=2023-12-19T00:00:00+00:00
[2023-12-19T09:14:32.530+0000] {processor.py:183} INFO - Processing /home/airflow/.local/lib/python3.8/site-packages/airflow/example_dags/example_branch_operator.py took 0.063 seconds
[2023-12-19T09:15:02.868+0000] {processor.py:161} INFO - Started process (PID=1272) to work on /home/airflow/.local/lib/python3.8/site-packages/airflow/example_dags/example_branch_operator.py
[2023-12-19T09:15:02.869+0000] {processor.py:830} INFO - Processing file /home/airflow/.local/lib/python3.8/site-packages/airflow/example_dags/example_branch_operator.py for tasks to queue
[2023-12-19T09:15:02.872+0000] {logging_mixin.py:188} INFO - [2023-12-19T09:15:02.872+0000] {dagbag.py:538} INFO - Filling up the DagBag from /home/airflow/.local/lib/python3.8/site-packages/airflow/example_dags/example_branch_operator.py
[2023-12-19T09:15:02.883+0000] {processor.py:840} INFO - DAG(s) 'example_branch_operator' retrieved from /home/airflow/.local/lib/python3.8/site-packages/airflow/example_dags/example_branch_operator.py
[2023-12-19T09:15:02.901+0000] {logging_mixin.py:188} INFO - [2023-12-19T09:15:02.901+0000] {dag.py:3033} INFO - Sync 1 DAGs
[2023-12-19T09:15:02.915+0000] {logging_mixin.py:188} INFO - [2023-12-19T09:15:02.915+0000] {dag.py:3820} INFO - Setting next_dagrun for example_branch_operator to 2023-12-18T00:00:00+00:00, run_after=2023-12-19T00:00:00+00:00
[2023-12-19T09:15:02.932+0000] {processor.py:183} INFO - Processing /home/airflow/.local/lib/python3.8/site-packages/airflow/example_dags/example_branch_operator.py took 0.066 seconds
[2023-12-19T09:15:33.696+0000] {processor.py:161} INFO - Started process (PID=1327) to work on /home/airflow/.local/lib/python3.8/site-packages/airflow/example_dags/example_branch_operator.py
[2023-12-19T09:15:33.697+0000] {processor.py:830} INFO - Processing file /home/airflow/.local/lib/python3.8/site-packages/airflow/example_dags/example_branch_operator.py for tasks to queue
[2023-12-19T09:15:33.699+0000] {logging_mixin.py:188} INFO - [2023-12-19T09:15:33.699+0000] {dagbag.py:538} INFO - Filling up the DagBag from /home/airflow/.local/lib/python3.8/site-packages/airflow/example_dags/example_branch_operator.py
[2023-12-19T09:15:33.709+0000] {processor.py:840} INFO - DAG(s) 'example_branch_operator' retrieved from /home/airflow/.local/lib/python3.8/site-packages/airflow/example_dags/example_branch_operator.py
[2023-12-19T09:15:33.728+0000] {logging_mixin.py:188} INFO - [2023-12-19T09:15:33.728+0000] {dag.py:3033} INFO - Sync 1 DAGs
[2023-12-19T09:15:33.740+0000] {logging_mixin.py:188} INFO - [2023-12-19T09:15:33.740+0000] {dag.py:3820} INFO - Setting next_dagrun for example_branch_operator to 2023-12-18T00:00:00+00:00, run_after=2023-12-19T00:00:00+00:00
[2023-12-19T09:15:33.753+0000] {processor.py:183} INFO - Processing /home/airflow/.local/lib/python3.8/site-packages/airflow/example_dags/example_branch_operator.py took 0.060 seconds
[2023-12-19T09:16:04.219+0000] {processor.py:161} INFO - Started process (PID=1382) to work on /home/airflow/.local/lib/python3.8/site-packages/airflow/example_dags/example_branch_operator.py
[2023-12-19T09:16:04.220+0000] {processor.py:830} INFO - Processing file /home/airflow/.local/lib/python3.8/site-packages/airflow/example_dags/example_branch_operator.py for tasks to queue
[2023-12-19T09:16:04.223+0000] {logging_mixin.py:188} INFO - [2023-12-19T09:16:04.223+0000] {dagbag.py:538} INFO - Filling up the DagBag from /home/airflow/.local/lib/python3.8/site-packages/airflow/example_dags/example_branch_operator.py
[2023-12-19T09:16:04.235+0000] {processor.py:840} INFO - DAG(s) 'example_branch_operator' retrieved from /home/airflow/.local/lib/python3.8/site-packages/airflow/example_dags/example_branch_operator.py
[2023-12-19T09:16:04.256+0000] {logging_mixin.py:188} INFO - [2023-12-19T09:16:04.256+0000] {dag.py:3033} INFO - Sync 1 DAGs
[2023-12-19T09:16:04.270+0000] {logging_mixin.py:188} INFO - [2023-12-19T09:16:04.270+0000] {dag.py:3820} INFO - Setting next_dagrun for example_branch_operator to 2023-12-18T00:00:00+00:00, run_after=2023-12-19T00:00:00+00:00
[2023-12-19T09:16:04.282+0000] {processor.py:183} INFO - Processing /home/airflow/.local/lib/python3.8/site-packages/airflow/example_dags/example_branch_operator.py took 0.065 seconds
[2023-12-19T09:16:34.766+0000] {processor.py:161} INFO - Started process (PID=1437) to work on /home/airflow/.local/lib/python3.8/site-packages/airflow/example_dags/example_branch_operator.py
[2023-12-19T09:16:34.768+0000] {processor.py:830} INFO - Processing file /home/airflow/.local/lib/python3.8/site-packages/airflow/example_dags/example_branch_operator.py for tasks to queue
[2023-12-19T09:16:34.771+0000] {logging_mixin.py:188} INFO - [2023-12-19T09:16:34.771+0000] {dagbag.py:538} INFO - Filling up the DagBag from /home/airflow/.local/lib/python3.8/site-packages/airflow/example_dags/example_branch_operator.py
[2023-12-19T09:16:34.782+0000] {processor.py:840} INFO - DAG(s) 'example_branch_operator' retrieved from /home/airflow/.local/lib/python3.8/site-packages/airflow/example_dags/example_branch_operator.py
[2023-12-19T09:16:34.800+0000] {logging_mixin.py:188} INFO - [2023-12-19T09:16:34.800+0000] {dag.py:3033} INFO - Sync 1 DAGs
[2023-12-19T09:16:34.814+0000] {logging_mixin.py:188} INFO - [2023-12-19T09:16:34.814+0000] {dag.py:3820} INFO - Setting next_dagrun for example_branch_operator to 2023-12-18T00:00:00+00:00, run_after=2023-12-19T00:00:00+00:00
[2023-12-19T09:16:34.826+0000] {processor.py:183} INFO - Processing /home/airflow/.local/lib/python3.8/site-packages/airflow/example_dags/example_branch_operator.py took 0.063 seconds
[2023-12-19T09:17:05.356+0000] {processor.py:161} INFO - Started process (PID=1492) to work on /home/airflow/.local/lib/python3.8/site-packages/airflow/example_dags/example_branch_operator.py
[2023-12-19T09:17:05.358+0000] {processor.py:830} INFO - Processing file /home/airflow/.local/lib/python3.8/site-packages/airflow/example_dags/example_branch_operator.py for tasks to queue
[2023-12-19T09:17:05.360+0000] {logging_mixin.py:188} INFO - [2023-12-19T09:17:05.360+0000] {dagbag.py:538} INFO - Filling up the DagBag from /home/airflow/.local/lib/python3.8/site-packages/airflow/example_dags/example_branch_operator.py
[2023-12-19T09:17:05.372+0000] {processor.py:840} INFO - DAG(s) 'example_branch_operator' retrieved from /home/airflow/.local/lib/python3.8/site-packages/airflow/example_dags/example_branch_operator.py
[2023-12-19T09:17:05.392+0000] {logging_mixin.py:188} INFO - [2023-12-19T09:17:05.391+0000] {dag.py:3033} INFO - Sync 1 DAGs
[2023-12-19T09:17:05.406+0000] {logging_mixin.py:188} INFO - [2023-12-19T09:17:05.406+0000] {dag.py:3820} INFO - Setting next_dagrun for example_branch_operator to 2023-12-18T00:00:00+00:00, run_after=2023-12-19T00:00:00+00:00
[2023-12-19T09:17:05.418+0000] {processor.py:183} INFO - Processing /home/airflow/.local/lib/python3.8/site-packages/airflow/example_dags/example_branch_operator.py took 0.064 seconds
[2023-12-19T09:17:35.873+0000] {processor.py:161} INFO - Started process (PID=1547) to work on /home/airflow/.local/lib/python3.8/site-packages/airflow/example_dags/example_branch_operator.py
[2023-12-19T09:17:35.874+0000] {processor.py:830} INFO - Processing file /home/airflow/.local/lib/python3.8/site-packages/airflow/example_dags/example_branch_operator.py for tasks to queue
[2023-12-19T09:17:35.877+0000] {logging_mixin.py:188} INFO - [2023-12-19T09:17:35.877+0000] {dagbag.py:538} INFO - Filling up the DagBag from /home/airflow/.local/lib/python3.8/site-packages/airflow/example_dags/example_branch_operator.py
[2023-12-19T09:17:35.888+0000] {processor.py:840} INFO - DAG(s) 'example_branch_operator' retrieved from /home/airflow/.local/lib/python3.8/site-packages/airflow/example_dags/example_branch_operator.py
[2023-12-19T09:17:35.907+0000] {logging_mixin.py:188} INFO - [2023-12-19T09:17:35.907+0000] {dag.py:3033} INFO - Sync 1 DAGs
[2023-12-19T09:17:35.921+0000] {logging_mixin.py:188} INFO - [2023-12-19T09:17:35.921+0000] {dag.py:3820} INFO - Setting next_dagrun for example_branch_operator to 2023-12-18T00:00:00+00:00, run_after=2023-12-19T00:00:00+00:00
[2023-12-19T09:17:35.934+0000] {processor.py:183} INFO - Processing /home/airflow/.local/lib/python3.8/site-packages/airflow/example_dags/example_branch_operator.py took 0.064 seconds
[2023-12-19T09:18:06.375+0000] {processor.py:161} INFO - Started process (PID=1602) to work on /home/airflow/.local/lib/python3.8/site-packages/airflow/example_dags/example_branch_operator.py
[2023-12-19T09:18:06.376+0000] {processor.py:830} INFO - Processing file /home/airflow/.local/lib/python3.8/site-packages/airflow/example_dags/example_branch_operator.py for tasks to queue
[2023-12-19T09:18:06.379+0000] {logging_mixin.py:188} INFO - [2023-12-19T09:18:06.378+0000] {dagbag.py:538} INFO - Filling up the DagBag from /home/airflow/.local/lib/python3.8/site-packages/airflow/example_dags/example_branch_operator.py
[2023-12-19T09:18:06.389+0000] {processor.py:840} INFO - DAG(s) 'example_branch_operator' retrieved from /home/airflow/.local/lib/python3.8/site-packages/airflow/example_dags/example_branch_operator.py
[2023-12-19T09:18:06.409+0000] {logging_mixin.py:188} INFO - [2023-12-19T09:18:06.409+0000] {dag.py:3033} INFO - Sync 1 DAGs
[2023-12-19T09:18:06.423+0000] {logging_mixin.py:188} INFO - [2023-12-19T09:18:06.422+0000] {dag.py:3820} INFO - Setting next_dagrun for example_branch_operator to 2023-12-18T00:00:00+00:00, run_after=2023-12-19T00:00:00+00:00
[2023-12-19T09:18:06.436+0000] {processor.py:183} INFO - Processing /home/airflow/.local/lib/python3.8/site-packages/airflow/example_dags/example_branch_operator.py took 0.063 seconds
[2023-12-19T09:18:36.971+0000] {processor.py:161} INFO - Started process (PID=1657) to work on /home/airflow/.local/lib/python3.8/site-packages/airflow/example_dags/example_branch_operator.py
[2023-12-19T09:18:36.973+0000] {processor.py:830} INFO - Processing file /home/airflow/.local/lib/python3.8/site-packages/airflow/example_dags/example_branch_operator.py for tasks to queue
[2023-12-19T09:18:36.975+0000] {logging_mixin.py:188} INFO - [2023-12-19T09:18:36.975+0000] {dagbag.py:538} INFO - Filling up the DagBag from /home/airflow/.local/lib/python3.8/site-packages/airflow/example_dags/example_branch_operator.py
[2023-12-19T09:18:36.986+0000] {processor.py:840} INFO - DAG(s) 'example_branch_operator' retrieved from /home/airflow/.local/lib/python3.8/site-packages/airflow/example_dags/example_branch_operator.py
[2023-12-19T09:18:37.009+0000] {logging_mixin.py:188} INFO - [2023-12-19T09:18:37.008+0000] {dag.py:3033} INFO - Sync 1 DAGs
[2023-12-19T09:18:37.023+0000] {logging_mixin.py:188} INFO - [2023-12-19T09:18:37.022+0000] {dag.py:3820} INFO - Setting next_dagrun for example_branch_operator to 2023-12-18T00:00:00+00:00, run_after=2023-12-19T00:00:00+00:00
[2023-12-19T09:18:37.035+0000] {processor.py:183} INFO - Processing /home/airflow/.local/lib/python3.8/site-packages/airflow/example_dags/example_branch_operator.py took 0.065 seconds
[2023-12-19T09:19:08.132+0000] {processor.py:161} INFO - Started process (PID=1712) to work on /home/airflow/.local/lib/python3.8/site-packages/airflow/example_dags/example_branch_operator.py
[2023-12-19T09:19:08.134+0000] {processor.py:830} INFO - Processing file /home/airflow/.local/lib/python3.8/site-packages/airflow/example_dags/example_branch_operator.py for tasks to queue
[2023-12-19T09:19:08.137+0000] {logging_mixin.py:188} INFO - [2023-12-19T09:19:08.137+0000] {dagbag.py:538} INFO - Filling up the DagBag from /home/airflow/.local/lib/python3.8/site-packages/airflow/example_dags/example_branch_operator.py
[2023-12-19T09:19:08.150+0000] {processor.py:840} INFO - DAG(s) 'example_branch_operator' retrieved from /home/airflow/.local/lib/python3.8/site-packages/airflow/example_dags/example_branch_operator.py
[2023-12-19T09:19:08.173+0000] {logging_mixin.py:188} INFO - [2023-12-19T09:19:08.173+0000] {dag.py:3033} INFO - Sync 1 DAGs
[2023-12-19T09:19:08.188+0000] {logging_mixin.py:188} INFO - [2023-12-19T09:19:08.188+0000] {dag.py:3820} INFO - Setting next_dagrun for example_branch_operator to 2023-12-18T00:00:00+00:00, run_after=2023-12-19T00:00:00+00:00
[2023-12-19T09:19:08.200+0000] {processor.py:183} INFO - Processing /home/airflow/.local/lib/python3.8/site-packages/airflow/example_dags/example_branch_operator.py took 0.071 seconds
[2023-12-19T09:19:39.407+0000] {processor.py:161} INFO - Started process (PID=1767) to work on /home/airflow/.local/lib/python3.8/site-packages/airflow/example_dags/example_branch_operator.py
[2023-12-19T09:19:39.409+0000] {processor.py:830} INFO - Processing file /home/airflow/.local/lib/python3.8/site-packages/airflow/example_dags/example_branch_operator.py for tasks to queue
[2023-12-19T09:19:39.411+0000] {logging_mixin.py:188} INFO - [2023-12-19T09:19:39.411+0000] {dagbag.py:538} INFO - Filling up the DagBag from /home/airflow/.local/lib/python3.8/site-packages/airflow/example_dags/example_branch_operator.py
[2023-12-19T09:19:39.423+0000] {processor.py:840} INFO - DAG(s) 'example_branch_operator' retrieved from /home/airflow/.local/lib/python3.8/site-packages/airflow/example_dags/example_branch_operator.py
[2023-12-19T09:19:39.446+0000] {logging_mixin.py:188} INFO - [2023-12-19T09:19:39.446+0000] {dag.py:3033} INFO - Sync 1 DAGs
[2023-12-19T09:19:39.574+0000] {logging_mixin.py:188} INFO - [2023-12-19T09:19:39.574+0000] {dag.py:3820} INFO - Setting next_dagrun for example_branch_operator to 2023-12-18T00:00:00+00:00, run_after=2023-12-19T00:00:00+00:00
[2023-12-19T09:19:39.587+0000] {processor.py:183} INFO - Processing /home/airflow/.local/lib/python3.8/site-packages/airflow/example_dags/example_branch_operator.py took 0.183 seconds
[2023-12-19T09:20:09.980+0000] {processor.py:161} INFO - Started process (PID=1821) to work on /home/airflow/.local/lib/python3.8/site-packages/airflow/example_dags/example_branch_operator.py
[2023-12-19T09:20:09.982+0000] {processor.py:830} INFO - Processing file /home/airflow/.local/lib/python3.8/site-packages/airflow/example_dags/example_branch_operator.py for tasks to queue
[2023-12-19T09:20:09.984+0000] {logging_mixin.py:188} INFO - [2023-12-19T09:20:09.984+0000] {dagbag.py:538} INFO - Filling up the DagBag from /home/airflow/.local/lib/python3.8/site-packages/airflow/example_dags/example_branch_operator.py
[2023-12-19T09:20:09.996+0000] {processor.py:840} INFO - DAG(s) 'example_branch_operator' retrieved from /home/airflow/.local/lib/python3.8/site-packages/airflow/example_dags/example_branch_operator.py
[2023-12-19T09:20:10.017+0000] {logging_mixin.py:188} INFO - [2023-12-19T09:20:10.016+0000] {dag.py:3033} INFO - Sync 1 DAGs
[2023-12-19T09:20:10.032+0000] {logging_mixin.py:188} INFO - [2023-12-19T09:20:10.032+0000] {dag.py:3820} INFO - Setting next_dagrun for example_branch_operator to 2023-12-18T00:00:00+00:00, run_after=2023-12-19T00:00:00+00:00
[2023-12-19T09:20:10.161+0000] {processor.py:183} INFO - Processing /home/airflow/.local/lib/python3.8/site-packages/airflow/example_dags/example_branch_operator.py took 0.183 seconds
[2023-12-19T09:20:40.208+0000] {processor.py:161} INFO - Started process (PID=1876) to work on /home/airflow/.local/lib/python3.8/site-packages/airflow/example_dags/example_branch_operator.py
[2023-12-19T09:20:40.209+0000] {processor.py:830} INFO - Processing file /home/airflow/.local/lib/python3.8/site-packages/airflow/example_dags/example_branch_operator.py for tasks to queue
[2023-12-19T09:20:40.213+0000] {logging_mixin.py:188} INFO - [2023-12-19T09:20:40.212+0000] {dagbag.py:538} INFO - Filling up the DagBag from /home/airflow/.local/lib/python3.8/site-packages/airflow/example_dags/example_branch_operator.py
[2023-12-19T09:20:40.225+0000] {processor.py:840} INFO - DAG(s) 'example_branch_operator' retrieved from /home/airflow/.local/lib/python3.8/site-packages/airflow/example_dags/example_branch_operator.py
[2023-12-19T09:20:40.245+0000] {logging_mixin.py:188} INFO - [2023-12-19T09:20:40.245+0000] {dag.py:3033} INFO - Sync 1 DAGs
[2023-12-19T09:20:40.260+0000] {logging_mixin.py:188} INFO - [2023-12-19T09:20:40.260+0000] {dag.py:3820} INFO - Setting next_dagrun for example_branch_operator to 2023-12-18T00:00:00+00:00, run_after=2023-12-19T00:00:00+00:00
[2023-12-19T09:20:40.273+0000] {processor.py:183} INFO - Processing /home/airflow/.local/lib/python3.8/site-packages/airflow/example_dags/example_branch_operator.py took 0.068 seconds
[2023-12-19T09:21:11.050+0000] {processor.py:161} INFO - Started process (PID=1931) to work on /home/airflow/.local/lib/python3.8/site-packages/airflow/example_dags/example_branch_operator.py
[2023-12-19T09:21:11.052+0000] {processor.py:830} INFO - Processing file /home/airflow/.local/lib/python3.8/site-packages/airflow/example_dags/example_branch_operator.py for tasks to queue
[2023-12-19T09:21:11.054+0000] {logging_mixin.py:188} INFO - [2023-12-19T09:21:11.054+0000] {dagbag.py:538} INFO - Filling up the DagBag from /home/airflow/.local/lib/python3.8/site-packages/airflow/example_dags/example_branch_operator.py
[2023-12-19T09:21:11.066+0000] {processor.py:840} INFO - DAG(s) 'example_branch_operator' retrieved from /home/airflow/.local/lib/python3.8/site-packages/airflow/example_dags/example_branch_operator.py
[2023-12-19T09:21:11.087+0000] {logging_mixin.py:188} INFO - [2023-12-19T09:21:11.087+0000] {dag.py:3033} INFO - Sync 1 DAGs
[2023-12-19T09:21:11.107+0000] {logging_mixin.py:188} INFO - [2023-12-19T09:21:11.107+0000] {dag.py:3820} INFO - Setting next_dagrun for example_branch_operator to 2023-12-18T00:00:00+00:00, run_after=2023-12-19T00:00:00+00:00
[2023-12-19T09:21:11.125+0000] {processor.py:183} INFO - Processing /home/airflow/.local/lib/python3.8/site-packages/airflow/example_dags/example_branch_operator.py took 0.077 seconds
[2023-12-19T09:21:42.341+0000] {processor.py:161} INFO - Started process (PID=1992) to work on /home/airflow/.local/lib/python3.8/site-packages/airflow/example_dags/example_branch_operator.py
[2023-12-19T09:21:42.342+0000] {processor.py:830} INFO - Processing file /home/airflow/.local/lib/python3.8/site-packages/airflow/example_dags/example_branch_operator.py for tasks to queue
[2023-12-19T09:21:42.345+0000] {logging_mixin.py:188} INFO - [2023-12-19T09:21:42.344+0000] {dagbag.py:538} INFO - Filling up the DagBag from /home/airflow/.local/lib/python3.8/site-packages/airflow/example_dags/example_branch_operator.py
[2023-12-19T09:21:42.356+0000] {processor.py:840} INFO - DAG(s) 'example_branch_operator' retrieved from /home/airflow/.local/lib/python3.8/site-packages/airflow/example_dags/example_branch_operator.py
[2023-12-19T09:21:42.483+0000] {logging_mixin.py:188} INFO - [2023-12-19T09:21:42.483+0000] {dag.py:3033} INFO - Sync 1 DAGs
[2023-12-19T09:21:42.496+0000] {logging_mixin.py:188} INFO - [2023-12-19T09:21:42.496+0000] {dag.py:3820} INFO - Setting next_dagrun for example_branch_operator to 2023-12-18T00:00:00+00:00, run_after=2023-12-19T00:00:00+00:00
[2023-12-19T09:21:42.508+0000] {processor.py:183} INFO - Processing /home/airflow/.local/lib/python3.8/site-packages/airflow/example_dags/example_branch_operator.py took 0.170 seconds
[2023-12-19T09:22:13.102+0000] {processor.py:161} INFO - Started process (PID=2047) to work on /home/airflow/.local/lib/python3.8/site-packages/airflow/example_dags/example_branch_operator.py
[2023-12-19T09:22:13.103+0000] {processor.py:830} INFO - Processing file /home/airflow/.local/lib/python3.8/site-packages/airflow/example_dags/example_branch_operator.py for tasks to queue
[2023-12-19T09:22:13.106+0000] {logging_mixin.py:188} INFO - [2023-12-19T09:22:13.106+0000] {dagbag.py:538} INFO - Filling up the DagBag from /home/airflow/.local/lib/python3.8/site-packages/airflow/example_dags/example_branch_operator.py
[2023-12-19T09:22:13.117+0000] {processor.py:840} INFO - DAG(s) 'example_branch_operator' retrieved from /home/airflow/.local/lib/python3.8/site-packages/airflow/example_dags/example_branch_operator.py
[2023-12-19T09:22:13.233+0000] {logging_mixin.py:188} INFO - [2023-12-19T09:22:13.232+0000] {dag.py:3033} INFO - Sync 1 DAGs
[2023-12-19T09:22:13.246+0000] {logging_mixin.py:188} INFO - [2023-12-19T09:22:13.246+0000] {dag.py:3820} INFO - Setting next_dagrun for example_branch_operator to 2023-12-18T00:00:00+00:00, run_after=2023-12-19T00:00:00+00:00
[2023-12-19T09:22:13.257+0000] {processor.py:183} INFO - Processing /home/airflow/.local/lib/python3.8/site-packages/airflow/example_dags/example_branch_operator.py took 0.158 seconds
[2023-12-19T09:22:43.401+0000] {processor.py:161} INFO - Started process (PID=2102) to work on /home/airflow/.local/lib/python3.8/site-packages/airflow/example_dags/example_branch_operator.py
[2023-12-19T09:22:43.403+0000] {processor.py:830} INFO - Processing file /home/airflow/.local/lib/python3.8/site-packages/airflow/example_dags/example_branch_operator.py for tasks to queue
[2023-12-19T09:22:43.405+0000] {logging_mixin.py:188} INFO - [2023-12-19T09:22:43.405+0000] {dagbag.py:538} INFO - Filling up the DagBag from /home/airflow/.local/lib/python3.8/site-packages/airflow/example_dags/example_branch_operator.py
[2023-12-19T09:22:43.416+0000] {processor.py:840} INFO - DAG(s) 'example_branch_operator' retrieved from /home/airflow/.local/lib/python3.8/site-packages/airflow/example_dags/example_branch_operator.py
[2023-12-19T09:22:43.434+0000] {logging_mixin.py:188} INFO - [2023-12-19T09:22:43.434+0000] {dag.py:3033} INFO - Sync 1 DAGs
[2023-12-19T09:22:43.450+0000] {logging_mixin.py:188} INFO - [2023-12-19T09:22:43.450+0000] {dag.py:3820} INFO - Setting next_dagrun for example_branch_operator to 2023-12-18T00:00:00+00:00, run_after=2023-12-19T00:00:00+00:00
[2023-12-19T09:22:43.465+0000] {processor.py:183} INFO - Processing /home/airflow/.local/lib/python3.8/site-packages/airflow/example_dags/example_branch_operator.py took 0.066 seconds
[2023-12-19T09:23:14.044+0000] {processor.py:161} INFO - Started process (PID=2157) to work on /home/airflow/.local/lib/python3.8/site-packages/airflow/example_dags/example_branch_operator.py
[2023-12-19T09:23:14.045+0000] {processor.py:830} INFO - Processing file /home/airflow/.local/lib/python3.8/site-packages/airflow/example_dags/example_branch_operator.py for tasks to queue
[2023-12-19T09:23:14.047+0000] {logging_mixin.py:188} INFO - [2023-12-19T09:23:14.047+0000] {dagbag.py:538} INFO - Filling up the DagBag from /home/airflow/.local/lib/python3.8/site-packages/airflow/example_dags/example_branch_operator.py
[2023-12-19T09:23:14.060+0000] {processor.py:840} INFO - DAG(s) 'example_branch_operator' retrieved from /home/airflow/.local/lib/python3.8/site-packages/airflow/example_dags/example_branch_operator.py
[2023-12-19T09:23:14.082+0000] {logging_mixin.py:188} INFO - [2023-12-19T09:23:14.082+0000] {dag.py:3033} INFO - Sync 1 DAGs
[2023-12-19T09:23:14.098+0000] {logging_mixin.py:188} INFO - [2023-12-19T09:23:14.097+0000] {dag.py:3820} INFO - Setting next_dagrun for example_branch_operator to 2023-12-18T00:00:00+00:00, run_after=2023-12-19T00:00:00+00:00
[2023-12-19T09:23:14.113+0000] {processor.py:183} INFO - Processing /home/airflow/.local/lib/python3.8/site-packages/airflow/example_dags/example_branch_operator.py took 0.072 seconds
[2023-12-19T09:23:44.778+0000] {processor.py:161} INFO - Started process (PID=2212) to work on /home/airflow/.local/lib/python3.8/site-packages/airflow/example_dags/example_branch_operator.py
[2023-12-19T09:23:44.780+0000] {processor.py:830} INFO - Processing file /home/airflow/.local/lib/python3.8/site-packages/airflow/example_dags/example_branch_operator.py for tasks to queue
[2023-12-19T09:23:44.783+0000] {logging_mixin.py:188} INFO - [2023-12-19T09:23:44.783+0000] {dagbag.py:538} INFO - Filling up the DagBag from /home/airflow/.local/lib/python3.8/site-packages/airflow/example_dags/example_branch_operator.py
[2023-12-19T09:23:44.795+0000] {processor.py:840} INFO - DAG(s) 'example_branch_operator' retrieved from /home/airflow/.local/lib/python3.8/site-packages/airflow/example_dags/example_branch_operator.py
[2023-12-19T09:23:44.816+0000] {logging_mixin.py:188} INFO - [2023-12-19T09:23:44.816+0000] {dag.py:3033} INFO - Sync 1 DAGs
[2023-12-19T09:23:44.831+0000] {logging_mixin.py:188} INFO - [2023-12-19T09:23:44.831+0000] {dag.py:3820} INFO - Setting next_dagrun for example_branch_operator to 2023-12-18T00:00:00+00:00, run_after=2023-12-19T00:00:00+00:00
[2023-12-19T09:23:44.843+0000] {processor.py:183} INFO - Processing /home/airflow/.local/lib/python3.8/site-packages/airflow/example_dags/example_branch_operator.py took 0.069 seconds
[2023-12-19T09:24:15.349+0000] {processor.py:161} INFO - Started process (PID=2266) to work on /home/airflow/.local/lib/python3.8/site-packages/airflow/example_dags/example_branch_operator.py
[2023-12-19T09:24:15.351+0000] {processor.py:830} INFO - Processing file /home/airflow/.local/lib/python3.8/site-packages/airflow/example_dags/example_branch_operator.py for tasks to queue
[2023-12-19T09:24:15.353+0000] {logging_mixin.py:188} INFO - [2023-12-19T09:24:15.353+0000] {dagbag.py:538} INFO - Filling up the DagBag from /home/airflow/.local/lib/python3.8/site-packages/airflow/example_dags/example_branch_operator.py
[2023-12-19T09:24:15.366+0000] {processor.py:840} INFO - DAG(s) 'example_branch_operator' retrieved from /home/airflow/.local/lib/python3.8/site-packages/airflow/example_dags/example_branch_operator.py
[2023-12-19T09:24:15.388+0000] {logging_mixin.py:188} INFO - [2023-12-19T09:24:15.388+0000] {dag.py:3033} INFO - Sync 1 DAGs
[2023-12-19T09:24:15.403+0000] {logging_mixin.py:188} INFO - [2023-12-19T09:24:15.403+0000] {dag.py:3820} INFO - Setting next_dagrun for example_branch_operator to 2023-12-18T00:00:00+00:00, run_after=2023-12-19T00:00:00+00:00
[2023-12-19T09:24:15.416+0000] {processor.py:183} INFO - Processing /home/airflow/.local/lib/python3.8/site-packages/airflow/example_dags/example_branch_operator.py took 0.069 seconds
[2023-12-19T09:24:45.712+0000] {processor.py:161} INFO - Started process (PID=2321) to work on /home/airflow/.local/lib/python3.8/site-packages/airflow/example_dags/example_branch_operator.py
[2023-12-19T09:24:45.714+0000] {processor.py:830} INFO - Processing file /home/airflow/.local/lib/python3.8/site-packages/airflow/example_dags/example_branch_operator.py for tasks to queue
[2023-12-19T09:24:45.716+0000] {logging_mixin.py:188} INFO - [2023-12-19T09:24:45.716+0000] {dagbag.py:538} INFO - Filling up the DagBag from /home/airflow/.local/lib/python3.8/site-packages/airflow/example_dags/example_branch_operator.py
[2023-12-19T09:24:45.728+0000] {processor.py:840} INFO - DAG(s) 'example_branch_operator' retrieved from /home/airflow/.local/lib/python3.8/site-packages/airflow/example_dags/example_branch_operator.py
[2023-12-19T09:24:45.749+0000] {logging_mixin.py:188} INFO - [2023-12-19T09:24:45.749+0000] {dag.py:3033} INFO - Sync 1 DAGs
[2023-12-19T09:24:45.765+0000] {logging_mixin.py:188} INFO - [2023-12-19T09:24:45.765+0000] {dag.py:3820} INFO - Setting next_dagrun for example_branch_operator to 2023-12-18T00:00:00+00:00, run_after=2023-12-19T00:00:00+00:00
[2023-12-19T09:24:45.777+0000] {processor.py:183} INFO - Processing /home/airflow/.local/lib/python3.8/site-packages/airflow/example_dags/example_branch_operator.py took 0.067 seconds
[2023-12-19T09:25:16.199+0000] {processor.py:161} INFO - Started process (PID=2376) to work on /home/airflow/.local/lib/python3.8/site-packages/airflow/example_dags/example_branch_operator.py
[2023-12-19T09:25:16.201+0000] {processor.py:830} INFO - Processing file /home/airflow/.local/lib/python3.8/site-packages/airflow/example_dags/example_branch_operator.py for tasks to queue
[2023-12-19T09:25:16.204+0000] {logging_mixin.py:188} INFO - [2023-12-19T09:25:16.203+0000] {dagbag.py:538} INFO - Filling up the DagBag from /home/airflow/.local/lib/python3.8/site-packages/airflow/example_dags/example_branch_operator.py
[2023-12-19T09:25:16.215+0000] {processor.py:840} INFO - DAG(s) 'example_branch_operator' retrieved from /home/airflow/.local/lib/python3.8/site-packages/airflow/example_dags/example_branch_operator.py
[2023-12-19T09:25:16.235+0000] {logging_mixin.py:188} INFO - [2023-12-19T09:25:16.235+0000] {dag.py:3033} INFO - Sync 1 DAGs
[2023-12-19T09:25:16.249+0000] {logging_mixin.py:188} INFO - [2023-12-19T09:25:16.249+0000] {dag.py:3820} INFO - Setting next_dagrun for example_branch_operator to 2023-12-18T00:00:00+00:00, run_after=2023-12-19T00:00:00+00:00
[2023-12-19T09:25:16.261+0000] {processor.py:183} INFO - Processing /home/airflow/.local/lib/python3.8/site-packages/airflow/example_dags/example_branch_operator.py took 0.064 seconds
[2023-12-19T09:25:46.896+0000] {processor.py:161} INFO - Started process (PID=2431) to work on /home/airflow/.local/lib/python3.8/site-packages/airflow/example_dags/example_branch_operator.py
[2023-12-19T09:25:46.900+0000] {processor.py:830} INFO - Processing file /home/airflow/.local/lib/python3.8/site-packages/airflow/example_dags/example_branch_operator.py for tasks to queue
[2023-12-19T09:25:46.902+0000] {logging_mixin.py:188} INFO - [2023-12-19T09:25:46.902+0000] {dagbag.py:538} INFO - Filling up the DagBag from /home/airflow/.local/lib/python3.8/site-packages/airflow/example_dags/example_branch_operator.py
[2023-12-19T09:25:46.914+0000] {processor.py:840} INFO - DAG(s) 'example_branch_operator' retrieved from /home/airflow/.local/lib/python3.8/site-packages/airflow/example_dags/example_branch_operator.py
[2023-12-19T09:25:46.931+0000] {logging_mixin.py:188} INFO - [2023-12-19T09:25:46.931+0000] {dag.py:3033} INFO - Sync 1 DAGs
[2023-12-19T09:25:46.944+0000] {logging_mixin.py:188} INFO - [2023-12-19T09:25:46.944+0000] {dag.py:3820} INFO - Setting next_dagrun for example_branch_operator to 2023-12-18T00:00:00+00:00, run_after=2023-12-19T00:00:00+00:00
[2023-12-19T09:25:46.955+0000] {processor.py:183} INFO - Processing /home/airflow/.local/lib/python3.8/site-packages/airflow/example_dags/example_branch_operator.py took 0.062 seconds
[2023-12-19T09:26:17.294+0000] {processor.py:161} INFO - Started process (PID=2486) to work on /home/airflow/.local/lib/python3.8/site-packages/airflow/example_dags/example_branch_operator.py
[2023-12-19T09:26:17.296+0000] {processor.py:830} INFO - Processing file /home/airflow/.local/lib/python3.8/site-packages/airflow/example_dags/example_branch_operator.py for tasks to queue
[2023-12-19T09:26:17.298+0000] {logging_mixin.py:188} INFO - [2023-12-19T09:26:17.298+0000] {dagbag.py:538} INFO - Filling up the DagBag from /home/airflow/.local/lib/python3.8/site-packages/airflow/example_dags/example_branch_operator.py
[2023-12-19T09:26:17.310+0000] {processor.py:840} INFO - DAG(s) 'example_branch_operator' retrieved from /home/airflow/.local/lib/python3.8/site-packages/airflow/example_dags/example_branch_operator.py
[2023-12-19T09:26:17.330+0000] {logging_mixin.py:188} INFO - [2023-12-19T09:26:17.330+0000] {dag.py:3033} INFO - Sync 1 DAGs
[2023-12-19T09:26:17.345+0000] {logging_mixin.py:188} INFO - [2023-12-19T09:26:17.345+0000] {dag.py:3820} INFO - Setting next_dagrun for example_branch_operator to 2023-12-18T00:00:00+00:00, run_after=2023-12-19T00:00:00+00:00
[2023-12-19T09:26:17.356+0000] {processor.py:183} INFO - Processing /home/airflow/.local/lib/python3.8/site-packages/airflow/example_dags/example_branch_operator.py took 0.064 seconds
[2023-12-19T09:26:47.803+0000] {processor.py:161} INFO - Started process (PID=2541) to work on /home/airflow/.local/lib/python3.8/site-packages/airflow/example_dags/example_branch_operator.py
[2023-12-19T09:26:47.805+0000] {processor.py:830} INFO - Processing file /home/airflow/.local/lib/python3.8/site-packages/airflow/example_dags/example_branch_operator.py for tasks to queue
[2023-12-19T09:26:47.808+0000] {logging_mixin.py:188} INFO - [2023-12-19T09:26:47.808+0000] {dagbag.py:538} INFO - Filling up the DagBag from /home/airflow/.local/lib/python3.8/site-packages/airflow/example_dags/example_branch_operator.py
[2023-12-19T09:26:47.823+0000] {processor.py:840} INFO - DAG(s) 'example_branch_operator' retrieved from /home/airflow/.local/lib/python3.8/site-packages/airflow/example_dags/example_branch_operator.py
[2023-12-19T09:26:47.843+0000] {logging_mixin.py:188} INFO - [2023-12-19T09:26:47.843+0000] {dag.py:3033} INFO - Sync 1 DAGs
[2023-12-19T09:26:47.857+0000] {logging_mixin.py:188} INFO - [2023-12-19T09:26:47.857+0000] {dag.py:3820} INFO - Setting next_dagrun for example_branch_operator to 2023-12-18T00:00:00+00:00, run_after=2023-12-19T00:00:00+00:00
[2023-12-19T09:26:47.869+0000] {processor.py:183} INFO - Processing /home/airflow/.local/lib/python3.8/site-packages/airflow/example_dags/example_branch_operator.py took 0.068 seconds
