[2023-12-19T09:03:52.378+0000] {processor.py:161} INFO - Started process (PID=69) to work on /home/airflow/.local/lib/python3.8/site-packages/airflow/example_dags/example_xcomargs.py
[2023-12-19T09:03:52.380+0000] {processor.py:830} INFO - Processing file /home/airflow/.local/lib/python3.8/site-packages/airflow/example_dags/example_xcomargs.py for tasks to queue
[2023-12-19T09:03:52.384+0000] {logging_mixin.py:188} INFO - [2023-12-19T09:03:52.383+0000] {dagbag.py:538} INFO - Filling up the DagBag from /home/airflow/.local/lib/python3.8/site-packages/airflow/example_dags/example_xcomargs.py
[2023-12-19T09:03:52.409+0000] {processor.py:840} INFO - DAG(s) 'example_xcom_args_with_operators', 'example_xcom_args' retrieved from /home/airflow/.local/lib/python3.8/site-packages/airflow/example_dags/example_xcomargs.py
[2023-12-19T09:03:52.433+0000] {logging_mixin.py:188} INFO - [2023-12-19T09:03:52.433+0000] {dag.py:3033} INFO - Sync 2 DAGs
[2023-12-19T09:03:52.446+0000] {logging_mixin.py:188} INFO - [2023-12-19T09:03:52.446+0000] {dag.py:3820} INFO - Setting next_dagrun for example_xcom_args to None, run_after=None
[2023-12-19T09:03:52.451+0000] {logging_mixin.py:188} INFO - [2023-12-19T09:03:52.451+0000] {dag.py:3820} INFO - Setting next_dagrun for example_xcom_args_with_operators to None, run_after=None
[2023-12-19T09:03:52.481+0000] {processor.py:183} INFO - Processing /home/airflow/.local/lib/python3.8/site-packages/airflow/example_dags/example_xcomargs.py took 0.107 seconds
[2023-12-19T09:04:23.328+0000] {processor.py:161} INFO - Started process (PID=125) to work on /home/airflow/.local/lib/python3.8/site-packages/airflow/example_dags/example_xcomargs.py
[2023-12-19T09:04:23.330+0000] {processor.py:830} INFO - Processing file /home/airflow/.local/lib/python3.8/site-packages/airflow/example_dags/example_xcomargs.py for tasks to queue
[2023-12-19T09:04:23.333+0000] {logging_mixin.py:188} INFO - [2023-12-19T09:04:23.332+0000] {dagbag.py:538} INFO - Filling up the DagBag from /home/airflow/.local/lib/python3.8/site-packages/airflow/example_dags/example_xcomargs.py
[2023-12-19T09:04:23.339+0000] {processor.py:840} INFO - DAG(s) 'example_xcom_args', 'example_xcom_args_with_operators' retrieved from /home/airflow/.local/lib/python3.8/site-packages/airflow/example_dags/example_xcomargs.py
[2023-12-19T09:04:23.416+0000] {logging_mixin.py:188} INFO - [2023-12-19T09:04:23.415+0000] {dag.py:3033} INFO - Sync 2 DAGs
[2023-12-19T09:04:23.425+0000] {logging_mixin.py:188} INFO - [2023-12-19T09:04:23.425+0000] {dag.py:3820} INFO - Setting next_dagrun for example_xcom_args to None, run_after=None
[2023-12-19T09:04:23.428+0000] {logging_mixin.py:188} INFO - [2023-12-19T09:04:23.428+0000] {dag.py:3820} INFO - Setting next_dagrun for example_xcom_args_with_operators to None, run_after=None
[2023-12-19T09:04:23.445+0000] {processor.py:183} INFO - Processing /home/airflow/.local/lib/python3.8/site-packages/airflow/example_dags/example_xcomargs.py took 0.120 seconds
[2023-12-19T09:04:53.539+0000] {processor.py:161} INFO - Started process (PID=179) to work on /home/airflow/.local/lib/python3.8/site-packages/airflow/example_dags/example_xcomargs.py
[2023-12-19T09:04:53.541+0000] {processor.py:830} INFO - Processing file /home/airflow/.local/lib/python3.8/site-packages/airflow/example_dags/example_xcomargs.py for tasks to queue
[2023-12-19T09:04:53.543+0000] {logging_mixin.py:188} INFO - [2023-12-19T09:04:53.542+0000] {dagbag.py:538} INFO - Filling up the DagBag from /home/airflow/.local/lib/python3.8/site-packages/airflow/example_dags/example_xcomargs.py
[2023-12-19T09:04:53.549+0000] {processor.py:840} INFO - DAG(s) 'example_xcom_args', 'example_xcom_args_with_operators' retrieved from /home/airflow/.local/lib/python3.8/site-packages/airflow/example_dags/example_xcomargs.py
[2023-12-19T09:04:53.568+0000] {logging_mixin.py:188} INFO - [2023-12-19T09:04:53.567+0000] {dag.py:3033} INFO - Sync 2 DAGs
[2023-12-19T09:04:53.577+0000] {logging_mixin.py:188} INFO - [2023-12-19T09:04:53.577+0000] {dag.py:3820} INFO - Setting next_dagrun for example_xcom_args to None, run_after=None
[2023-12-19T09:04:53.582+0000] {logging_mixin.py:188} INFO - [2023-12-19T09:04:53.582+0000] {dag.py:3820} INFO - Setting next_dagrun for example_xcom_args_with_operators to None, run_after=None
[2023-12-19T09:04:53.595+0000] {processor.py:183} INFO - Processing /home/airflow/.local/lib/python3.8/site-packages/airflow/example_dags/example_xcomargs.py took 0.058 seconds
[2023-12-19T09:05:23.643+0000] {processor.py:161} INFO - Started process (PID=234) to work on /home/airflow/.local/lib/python3.8/site-packages/airflow/example_dags/example_xcomargs.py
[2023-12-19T09:05:23.645+0000] {processor.py:830} INFO - Processing file /home/airflow/.local/lib/python3.8/site-packages/airflow/example_dags/example_xcomargs.py for tasks to queue
[2023-12-19T09:05:23.647+0000] {logging_mixin.py:188} INFO - [2023-12-19T09:05:23.647+0000] {dagbag.py:538} INFO - Filling up the DagBag from /home/airflow/.local/lib/python3.8/site-packages/airflow/example_dags/example_xcomargs.py
[2023-12-19T09:05:23.654+0000] {processor.py:840} INFO - DAG(s) 'example_xcom_args', 'example_xcom_args_with_operators' retrieved from /home/airflow/.local/lib/python3.8/site-packages/airflow/example_dags/example_xcomargs.py
[2023-12-19T09:05:23.673+0000] {logging_mixin.py:188} INFO - [2023-12-19T09:05:23.673+0000] {dag.py:3033} INFO - Sync 2 DAGs
[2023-12-19T09:05:23.683+0000] {logging_mixin.py:188} INFO - [2023-12-19T09:05:23.683+0000] {dag.py:3820} INFO - Setting next_dagrun for example_xcom_args to None, run_after=None
[2023-12-19T09:05:23.687+0000] {logging_mixin.py:188} INFO - [2023-12-19T09:05:23.686+0000] {dag.py:3820} INFO - Setting next_dagrun for example_xcom_args_with_operators to None, run_after=None
[2023-12-19T09:05:23.699+0000] {processor.py:183} INFO - Processing /home/airflow/.local/lib/python3.8/site-packages/airflow/example_dags/example_xcomargs.py took 0.059 seconds
[2023-12-19T09:05:53.924+0000] {processor.py:161} INFO - Started process (PID=289) to work on /home/airflow/.local/lib/python3.8/site-packages/airflow/example_dags/example_xcomargs.py
[2023-12-19T09:05:53.926+0000] {processor.py:830} INFO - Processing file /home/airflow/.local/lib/python3.8/site-packages/airflow/example_dags/example_xcomargs.py for tasks to queue
[2023-12-19T09:05:53.929+0000] {logging_mixin.py:188} INFO - [2023-12-19T09:05:53.929+0000] {dagbag.py:538} INFO - Filling up the DagBag from /home/airflow/.local/lib/python3.8/site-packages/airflow/example_dags/example_xcomargs.py
[2023-12-19T09:05:53.936+0000] {processor.py:840} INFO - DAG(s) 'example_xcom_args_with_operators', 'example_xcom_args' retrieved from /home/airflow/.local/lib/python3.8/site-packages/airflow/example_dags/example_xcomargs.py
[2023-12-19T09:05:53.958+0000] {logging_mixin.py:188} INFO - [2023-12-19T09:05:53.958+0000] {dag.py:3033} INFO - Sync 2 DAGs
[2023-12-19T09:05:53.968+0000] {logging_mixin.py:188} INFO - [2023-12-19T09:05:53.968+0000] {dag.py:3820} INFO - Setting next_dagrun for example_xcom_args to None, run_after=None
[2023-12-19T09:05:53.972+0000] {logging_mixin.py:188} INFO - [2023-12-19T09:05:53.971+0000] {dag.py:3820} INFO - Setting next_dagrun for example_xcom_args_with_operators to None, run_after=None
[2023-12-19T09:05:53.993+0000] {processor.py:183} INFO - Processing /home/airflow/.local/lib/python3.8/site-packages/airflow/example_dags/example_xcomargs.py took 0.071 seconds
[2023-12-19T09:06:24.563+0000] {processor.py:161} INFO - Started process (PID=344) to work on /home/airflow/.local/lib/python3.8/site-packages/airflow/example_dags/example_xcomargs.py
[2023-12-19T09:06:24.564+0000] {processor.py:830} INFO - Processing file /home/airflow/.local/lib/python3.8/site-packages/airflow/example_dags/example_xcomargs.py for tasks to queue
[2023-12-19T09:06:24.567+0000] {logging_mixin.py:188} INFO - [2023-12-19T09:06:24.567+0000] {dagbag.py:538} INFO - Filling up the DagBag from /home/airflow/.local/lib/python3.8/site-packages/airflow/example_dags/example_xcomargs.py
[2023-12-19T09:06:24.574+0000] {processor.py:840} INFO - DAG(s) 'example_xcom_args', 'example_xcom_args_with_operators' retrieved from /home/airflow/.local/lib/python3.8/site-packages/airflow/example_dags/example_xcomargs.py
[2023-12-19T09:06:24.597+0000] {logging_mixin.py:188} INFO - [2023-12-19T09:06:24.596+0000] {dag.py:3033} INFO - Sync 2 DAGs
[2023-12-19T09:06:24.608+0000] {logging_mixin.py:188} INFO - [2023-12-19T09:06:24.607+0000] {dag.py:3820} INFO - Setting next_dagrun for example_xcom_args to None, run_after=None
[2023-12-19T09:06:24.612+0000] {logging_mixin.py:188} INFO - [2023-12-19T09:06:24.611+0000] {dag.py:3820} INFO - Setting next_dagrun for example_xcom_args_with_operators to None, run_after=None
[2023-12-19T09:06:24.624+0000] {processor.py:183} INFO - Processing /home/airflow/.local/lib/python3.8/site-packages/airflow/example_dags/example_xcomargs.py took 0.065 seconds
[2023-12-19T09:06:55.363+0000] {processor.py:161} INFO - Started process (PID=399) to work on /home/airflow/.local/lib/python3.8/site-packages/airflow/example_dags/example_xcomargs.py
[2023-12-19T09:06:55.365+0000] {processor.py:830} INFO - Processing file /home/airflow/.local/lib/python3.8/site-packages/airflow/example_dags/example_xcomargs.py for tasks to queue
[2023-12-19T09:06:55.368+0000] {logging_mixin.py:188} INFO - [2023-12-19T09:06:55.367+0000] {dagbag.py:538} INFO - Filling up the DagBag from /home/airflow/.local/lib/python3.8/site-packages/airflow/example_dags/example_xcomargs.py
[2023-12-19T09:06:55.376+0000] {processor.py:840} INFO - DAG(s) 'example_xcom_args_with_operators', 'example_xcom_args' retrieved from /home/airflow/.local/lib/python3.8/site-packages/airflow/example_dags/example_xcomargs.py
[2023-12-19T09:06:55.398+0000] {logging_mixin.py:188} INFO - [2023-12-19T09:06:55.398+0000] {dag.py:3033} INFO - Sync 2 DAGs
[2023-12-19T09:06:55.409+0000] {logging_mixin.py:188} INFO - [2023-12-19T09:06:55.409+0000] {dag.py:3820} INFO - Setting next_dagrun for example_xcom_args to None, run_after=None
[2023-12-19T09:06:55.412+0000] {logging_mixin.py:188} INFO - [2023-12-19T09:06:55.412+0000] {dag.py:3820} INFO - Setting next_dagrun for example_xcom_args_with_operators to None, run_after=None
[2023-12-19T09:06:55.426+0000] {processor.py:183} INFO - Processing /home/airflow/.local/lib/python3.8/site-packages/airflow/example_dags/example_xcomargs.py took 0.066 seconds
[2023-12-19T09:07:26.220+0000] {processor.py:161} INFO - Started process (PID=454) to work on /home/airflow/.local/lib/python3.8/site-packages/airflow/example_dags/example_xcomargs.py
[2023-12-19T09:07:26.222+0000] {processor.py:830} INFO - Processing file /home/airflow/.local/lib/python3.8/site-packages/airflow/example_dags/example_xcomargs.py for tasks to queue
[2023-12-19T09:07:26.224+0000] {logging_mixin.py:188} INFO - [2023-12-19T09:07:26.224+0000] {dagbag.py:538} INFO - Filling up the DagBag from /home/airflow/.local/lib/python3.8/site-packages/airflow/example_dags/example_xcomargs.py
[2023-12-19T09:07:26.231+0000] {processor.py:840} INFO - DAG(s) 'example_xcom_args_with_operators', 'example_xcom_args' retrieved from /home/airflow/.local/lib/python3.8/site-packages/airflow/example_dags/example_xcomargs.py
[2023-12-19T09:07:26.251+0000] {logging_mixin.py:188} INFO - [2023-12-19T09:07:26.251+0000] {dag.py:3033} INFO - Sync 2 DAGs
[2023-12-19T09:07:26.262+0000] {logging_mixin.py:188} INFO - [2023-12-19T09:07:26.262+0000] {dag.py:3820} INFO - Setting next_dagrun for example_xcom_args to None, run_after=None
[2023-12-19T09:07:26.266+0000] {logging_mixin.py:188} INFO - [2023-12-19T09:07:26.266+0000] {dag.py:3820} INFO - Setting next_dagrun for example_xcom_args_with_operators to None, run_after=None
[2023-12-19T09:07:26.279+0000] {processor.py:183} INFO - Processing /home/airflow/.local/lib/python3.8/site-packages/airflow/example_dags/example_xcomargs.py took 0.062 seconds
[2023-12-19T09:07:56.991+0000] {processor.py:161} INFO - Started process (PID=509) to work on /home/airflow/.local/lib/python3.8/site-packages/airflow/example_dags/example_xcomargs.py
[2023-12-19T09:07:56.994+0000] {processor.py:830} INFO - Processing file /home/airflow/.local/lib/python3.8/site-packages/airflow/example_dags/example_xcomargs.py for tasks to queue
[2023-12-19T09:07:56.997+0000] {logging_mixin.py:188} INFO - [2023-12-19T09:07:56.997+0000] {dagbag.py:538} INFO - Filling up the DagBag from /home/airflow/.local/lib/python3.8/site-packages/airflow/example_dags/example_xcomargs.py
[2023-12-19T09:07:57.004+0000] {processor.py:840} INFO - DAG(s) 'example_xcom_args', 'example_xcom_args_with_operators' retrieved from /home/airflow/.local/lib/python3.8/site-packages/airflow/example_dags/example_xcomargs.py
[2023-12-19T09:07:57.024+0000] {logging_mixin.py:188} INFO - [2023-12-19T09:07:57.024+0000] {dag.py:3033} INFO - Sync 2 DAGs
[2023-12-19T09:07:57.034+0000] {logging_mixin.py:188} INFO - [2023-12-19T09:07:57.034+0000] {dag.py:3820} INFO - Setting next_dagrun for example_xcom_args to None, run_after=None
[2023-12-19T09:07:57.039+0000] {logging_mixin.py:188} INFO - [2023-12-19T09:07:57.038+0000] {dag.py:3820} INFO - Setting next_dagrun for example_xcom_args_with_operators to None, run_after=None
[2023-12-19T09:07:57.055+0000] {processor.py:183} INFO - Processing /home/airflow/.local/lib/python3.8/site-packages/airflow/example_dags/example_xcomargs.py took 0.067 seconds
[2023-12-19T09:08:27.982+0000] {processor.py:161} INFO - Started process (PID=564) to work on /home/airflow/.local/lib/python3.8/site-packages/airflow/example_dags/example_xcomargs.py
[2023-12-19T09:08:27.984+0000] {processor.py:830} INFO - Processing file /home/airflow/.local/lib/python3.8/site-packages/airflow/example_dags/example_xcomargs.py for tasks to queue
[2023-12-19T09:08:27.986+0000] {logging_mixin.py:188} INFO - [2023-12-19T09:08:27.986+0000] {dagbag.py:538} INFO - Filling up the DagBag from /home/airflow/.local/lib/python3.8/site-packages/airflow/example_dags/example_xcomargs.py
[2023-12-19T09:08:27.993+0000] {processor.py:840} INFO - DAG(s) 'example_xcom_args_with_operators', 'example_xcom_args' retrieved from /home/airflow/.local/lib/python3.8/site-packages/airflow/example_dags/example_xcomargs.py
[2023-12-19T09:08:28.013+0000] {logging_mixin.py:188} INFO - [2023-12-19T09:08:28.013+0000] {dag.py:3033} INFO - Sync 2 DAGs
[2023-12-19T09:08:28.023+0000] {logging_mixin.py:188} INFO - [2023-12-19T09:08:28.023+0000] {dag.py:3820} INFO - Setting next_dagrun for example_xcom_args to None, run_after=None
[2023-12-19T09:08:28.027+0000] {logging_mixin.py:188} INFO - [2023-12-19T09:08:28.027+0000] {dag.py:3820} INFO - Setting next_dagrun for example_xcom_args_with_operators to None, run_after=None
[2023-12-19T09:08:28.039+0000] {processor.py:183} INFO - Processing /home/airflow/.local/lib/python3.8/site-packages/airflow/example_dags/example_xcomargs.py took 0.060 seconds
[2023-12-19T09:08:58.208+0000] {processor.py:161} INFO - Started process (PID=619) to work on /home/airflow/.local/lib/python3.8/site-packages/airflow/example_dags/example_xcomargs.py
[2023-12-19T09:08:58.209+0000] {processor.py:830} INFO - Processing file /home/airflow/.local/lib/python3.8/site-packages/airflow/example_dags/example_xcomargs.py for tasks to queue
[2023-12-19T09:08:58.211+0000] {logging_mixin.py:188} INFO - [2023-12-19T09:08:58.211+0000] {dagbag.py:538} INFO - Filling up the DagBag from /home/airflow/.local/lib/python3.8/site-packages/airflow/example_dags/example_xcomargs.py
[2023-12-19T09:08:58.218+0000] {processor.py:840} INFO - DAG(s) 'example_xcom_args_with_operators', 'example_xcom_args' retrieved from /home/airflow/.local/lib/python3.8/site-packages/airflow/example_dags/example_xcomargs.py
[2023-12-19T09:08:58.238+0000] {logging_mixin.py:188} INFO - [2023-12-19T09:08:58.238+0000] {dag.py:3033} INFO - Sync 2 DAGs
[2023-12-19T09:08:58.248+0000] {logging_mixin.py:188} INFO - [2023-12-19T09:08:58.248+0000] {dag.py:3820} INFO - Setting next_dagrun for example_xcom_args to None, run_after=None
[2023-12-19T09:08:58.252+0000] {logging_mixin.py:188} INFO - [2023-12-19T09:08:58.252+0000] {dag.py:3820} INFO - Setting next_dagrun for example_xcom_args_with_operators to None, run_after=None
[2023-12-19T09:08:58.264+0000] {processor.py:183} INFO - Processing /home/airflow/.local/lib/python3.8/site-packages/airflow/example_dags/example_xcomargs.py took 0.059 seconds
[2023-12-19T09:09:28.381+0000] {processor.py:161} INFO - Started process (PID=674) to work on /home/airflow/.local/lib/python3.8/site-packages/airflow/example_dags/example_xcomargs.py
[2023-12-19T09:09:28.383+0000] {processor.py:830} INFO - Processing file /home/airflow/.local/lib/python3.8/site-packages/airflow/example_dags/example_xcomargs.py for tasks to queue
[2023-12-19T09:09:28.385+0000] {logging_mixin.py:188} INFO - [2023-12-19T09:09:28.385+0000] {dagbag.py:538} INFO - Filling up the DagBag from /home/airflow/.local/lib/python3.8/site-packages/airflow/example_dags/example_xcomargs.py
[2023-12-19T09:09:28.392+0000] {processor.py:840} INFO - DAG(s) 'example_xcom_args_with_operators', 'example_xcom_args' retrieved from /home/airflow/.local/lib/python3.8/site-packages/airflow/example_dags/example_xcomargs.py
[2023-12-19T09:09:28.410+0000] {logging_mixin.py:188} INFO - [2023-12-19T09:09:28.409+0000] {dag.py:3033} INFO - Sync 2 DAGs
[2023-12-19T09:09:28.419+0000] {logging_mixin.py:188} INFO - [2023-12-19T09:09:28.419+0000] {dag.py:3820} INFO - Setting next_dagrun for example_xcom_args to None, run_after=None
[2023-12-19T09:09:28.422+0000] {logging_mixin.py:188} INFO - [2023-12-19T09:09:28.422+0000] {dag.py:3820} INFO - Setting next_dagrun for example_xcom_args_with_operators to None, run_after=None
[2023-12-19T09:09:28.434+0000] {processor.py:183} INFO - Processing /home/airflow/.local/lib/python3.8/site-packages/airflow/example_dags/example_xcomargs.py took 0.056 seconds
[2023-12-19T09:09:58.681+0000] {processor.py:161} INFO - Started process (PID=729) to work on /home/airflow/.local/lib/python3.8/site-packages/airflow/example_dags/example_xcomargs.py
[2023-12-19T09:09:58.683+0000] {processor.py:830} INFO - Processing file /home/airflow/.local/lib/python3.8/site-packages/airflow/example_dags/example_xcomargs.py for tasks to queue
[2023-12-19T09:09:58.685+0000] {logging_mixin.py:188} INFO - [2023-12-19T09:09:58.685+0000] {dagbag.py:538} INFO - Filling up the DagBag from /home/airflow/.local/lib/python3.8/site-packages/airflow/example_dags/example_xcomargs.py
[2023-12-19T09:09:58.692+0000] {processor.py:840} INFO - DAG(s) 'example_xcom_args', 'example_xcom_args_with_operators' retrieved from /home/airflow/.local/lib/python3.8/site-packages/airflow/example_dags/example_xcomargs.py
[2023-12-19T09:09:58.711+0000] {logging_mixin.py:188} INFO - [2023-12-19T09:09:58.711+0000] {dag.py:3033} INFO - Sync 2 DAGs
[2023-12-19T09:09:58.721+0000] {logging_mixin.py:188} INFO - [2023-12-19T09:09:58.721+0000] {dag.py:3820} INFO - Setting next_dagrun for example_xcom_args to None, run_after=None
[2023-12-19T09:09:58.725+0000] {logging_mixin.py:188} INFO - [2023-12-19T09:09:58.725+0000] {dag.py:3820} INFO - Setting next_dagrun for example_xcom_args_with_operators to None, run_after=None
[2023-12-19T09:09:58.741+0000] {processor.py:183} INFO - Processing /home/airflow/.local/lib/python3.8/site-packages/airflow/example_dags/example_xcomargs.py took 0.063 seconds
[2023-12-19T09:10:28.996+0000] {processor.py:161} INFO - Started process (PID=785) to work on /home/airflow/.local/lib/python3.8/site-packages/airflow/example_dags/example_xcomargs.py
[2023-12-19T09:10:28.997+0000] {processor.py:830} INFO - Processing file /home/airflow/.local/lib/python3.8/site-packages/airflow/example_dags/example_xcomargs.py for tasks to queue
[2023-12-19T09:10:29.000+0000] {logging_mixin.py:188} INFO - [2023-12-19T09:10:29.000+0000] {dagbag.py:538} INFO - Filling up the DagBag from /home/airflow/.local/lib/python3.8/site-packages/airflow/example_dags/example_xcomargs.py
[2023-12-19T09:10:29.008+0000] {processor.py:840} INFO - DAG(s) 'example_xcom_args_with_operators', 'example_xcom_args' retrieved from /home/airflow/.local/lib/python3.8/site-packages/airflow/example_dags/example_xcomargs.py
[2023-12-19T09:10:29.033+0000] {logging_mixin.py:188} INFO - [2023-12-19T09:10:29.032+0000] {dag.py:3033} INFO - Sync 2 DAGs
[2023-12-19T09:10:29.043+0000] {logging_mixin.py:188} INFO - [2023-12-19T09:10:29.043+0000] {dag.py:3820} INFO - Setting next_dagrun for example_xcom_args to None, run_after=None
[2023-12-19T09:10:29.048+0000] {logging_mixin.py:188} INFO - [2023-12-19T09:10:29.048+0000] {dag.py:3820} INFO - Setting next_dagrun for example_xcom_args_with_operators to None, run_after=None
[2023-12-19T09:10:29.062+0000] {processor.py:183} INFO - Processing /home/airflow/.local/lib/python3.8/site-packages/airflow/example_dags/example_xcomargs.py took 0.069 seconds
[2023-12-19T09:10:59.538+0000] {processor.py:161} INFO - Started process (PID=840) to work on /home/airflow/.local/lib/python3.8/site-packages/airflow/example_dags/example_xcomargs.py
[2023-12-19T09:10:59.540+0000] {processor.py:830} INFO - Processing file /home/airflow/.local/lib/python3.8/site-packages/airflow/example_dags/example_xcomargs.py for tasks to queue
[2023-12-19T09:10:59.544+0000] {logging_mixin.py:188} INFO - [2023-12-19T09:10:59.543+0000] {dagbag.py:538} INFO - Filling up the DagBag from /home/airflow/.local/lib/python3.8/site-packages/airflow/example_dags/example_xcomargs.py
[2023-12-19T09:10:59.553+0000] {processor.py:840} INFO - DAG(s) 'example_xcom_args_with_operators', 'example_xcom_args' retrieved from /home/airflow/.local/lib/python3.8/site-packages/airflow/example_dags/example_xcomargs.py
[2023-12-19T09:10:59.578+0000] {logging_mixin.py:188} INFO - [2023-12-19T09:10:59.578+0000] {dag.py:3033} INFO - Sync 2 DAGs
[2023-12-19T09:10:59.590+0000] {logging_mixin.py:188} INFO - [2023-12-19T09:10:59.590+0000] {dag.py:3820} INFO - Setting next_dagrun for example_xcom_args to None, run_after=None
[2023-12-19T09:10:59.594+0000] {logging_mixin.py:188} INFO - [2023-12-19T09:10:59.594+0000] {dag.py:3820} INFO - Setting next_dagrun for example_xcom_args_with_operators to None, run_after=None
[2023-12-19T09:10:59.610+0000] {processor.py:183} INFO - Processing /home/airflow/.local/lib/python3.8/site-packages/airflow/example_dags/example_xcomargs.py took 0.076 seconds
[2023-12-19T09:11:30.558+0000] {processor.py:161} INFO - Started process (PID=895) to work on /home/airflow/.local/lib/python3.8/site-packages/airflow/example_dags/example_xcomargs.py
[2023-12-19T09:11:30.560+0000] {processor.py:830} INFO - Processing file /home/airflow/.local/lib/python3.8/site-packages/airflow/example_dags/example_xcomargs.py for tasks to queue
[2023-12-19T09:11:30.562+0000] {logging_mixin.py:188} INFO - [2023-12-19T09:11:30.562+0000] {dagbag.py:538} INFO - Filling up the DagBag from /home/airflow/.local/lib/python3.8/site-packages/airflow/example_dags/example_xcomargs.py
[2023-12-19T09:11:30.569+0000] {processor.py:840} INFO - DAG(s) 'example_xcom_args_with_operators', 'example_xcom_args' retrieved from /home/airflow/.local/lib/python3.8/site-packages/airflow/example_dags/example_xcomargs.py
[2023-12-19T09:11:30.585+0000] {logging_mixin.py:188} INFO - [2023-12-19T09:11:30.584+0000] {dag.py:3033} INFO - Sync 2 DAGs
[2023-12-19T09:11:30.595+0000] {logging_mixin.py:188} INFO - [2023-12-19T09:11:30.595+0000] {dag.py:3820} INFO - Setting next_dagrun for example_xcom_args to None, run_after=None
[2023-12-19T09:11:30.599+0000] {logging_mixin.py:188} INFO - [2023-12-19T09:11:30.598+0000] {dag.py:3820} INFO - Setting next_dagrun for example_xcom_args_with_operators to None, run_after=None
[2023-12-19T09:11:30.611+0000] {processor.py:183} INFO - Processing /home/airflow/.local/lib/python3.8/site-packages/airflow/example_dags/example_xcomargs.py took 0.057 seconds
[2023-12-19T09:12:01.077+0000] {processor.py:161} INFO - Started process (PID=950) to work on /home/airflow/.local/lib/python3.8/site-packages/airflow/example_dags/example_xcomargs.py
[2023-12-19T09:12:01.078+0000] {processor.py:830} INFO - Processing file /home/airflow/.local/lib/python3.8/site-packages/airflow/example_dags/example_xcomargs.py for tasks to queue
[2023-12-19T09:12:01.081+0000] {logging_mixin.py:188} INFO - [2023-12-19T09:12:01.080+0000] {dagbag.py:538} INFO - Filling up the DagBag from /home/airflow/.local/lib/python3.8/site-packages/airflow/example_dags/example_xcomargs.py
[2023-12-19T09:12:01.086+0000] {processor.py:840} INFO - DAG(s) 'example_xcom_args_with_operators', 'example_xcom_args' retrieved from /home/airflow/.local/lib/python3.8/site-packages/airflow/example_dags/example_xcomargs.py
[2023-12-19T09:12:01.103+0000] {logging_mixin.py:188} INFO - [2023-12-19T09:12:01.103+0000] {dag.py:3033} INFO - Sync 2 DAGs
[2023-12-19T09:12:01.110+0000] {logging_mixin.py:188} INFO - [2023-12-19T09:12:01.110+0000] {dag.py:3820} INFO - Setting next_dagrun for example_xcom_args to None, run_after=None
[2023-12-19T09:12:01.114+0000] {logging_mixin.py:188} INFO - [2023-12-19T09:12:01.114+0000] {dag.py:3820} INFO - Setting next_dagrun for example_xcom_args_with_operators to None, run_after=None
[2023-12-19T09:12:01.125+0000] {processor.py:183} INFO - Processing /home/airflow/.local/lib/python3.8/site-packages/airflow/example_dags/example_xcomargs.py took 0.051 seconds
[2023-12-19T09:12:31.650+0000] {processor.py:161} INFO - Started process (PID=1006) to work on /home/airflow/.local/lib/python3.8/site-packages/airflow/example_dags/example_xcomargs.py
[2023-12-19T09:12:31.652+0000] {processor.py:830} INFO - Processing file /home/airflow/.local/lib/python3.8/site-packages/airflow/example_dags/example_xcomargs.py for tasks to queue
[2023-12-19T09:12:31.655+0000] {logging_mixin.py:188} INFO - [2023-12-19T09:12:31.654+0000] {dagbag.py:538} INFO - Filling up the DagBag from /home/airflow/.local/lib/python3.8/site-packages/airflow/example_dags/example_xcomargs.py
[2023-12-19T09:12:31.661+0000] {processor.py:840} INFO - DAG(s) 'example_xcom_args', 'example_xcom_args_with_operators' retrieved from /home/airflow/.local/lib/python3.8/site-packages/airflow/example_dags/example_xcomargs.py
[2023-12-19T09:12:31.676+0000] {logging_mixin.py:188} INFO - [2023-12-19T09:12:31.676+0000] {dag.py:3033} INFO - Sync 2 DAGs
[2023-12-19T09:12:31.684+0000] {logging_mixin.py:188} INFO - [2023-12-19T09:12:31.684+0000] {dag.py:3820} INFO - Setting next_dagrun for example_xcom_args to None, run_after=None
[2023-12-19T09:12:31.687+0000] {logging_mixin.py:188} INFO - [2023-12-19T09:12:31.687+0000] {dag.py:3820} INFO - Setting next_dagrun for example_xcom_args_with_operators to None, run_after=None
[2023-12-19T09:12:31.698+0000] {processor.py:183} INFO - Processing /home/airflow/.local/lib/python3.8/site-packages/airflow/example_dags/example_xcomargs.py took 0.050 seconds
[2023-12-19T09:13:02.149+0000] {processor.py:161} INFO - Started process (PID=1061) to work on /home/airflow/.local/lib/python3.8/site-packages/airflow/example_dags/example_xcomargs.py
[2023-12-19T09:13:02.153+0000] {processor.py:830} INFO - Processing file /home/airflow/.local/lib/python3.8/site-packages/airflow/example_dags/example_xcomargs.py for tasks to queue
[2023-12-19T09:13:02.158+0000] {logging_mixin.py:188} INFO - [2023-12-19T09:13:02.158+0000] {dagbag.py:538} INFO - Filling up the DagBag from /home/airflow/.local/lib/python3.8/site-packages/airflow/example_dags/example_xcomargs.py
[2023-12-19T09:13:02.167+0000] {processor.py:840} INFO - DAG(s) 'example_xcom_args', 'example_xcom_args_with_operators' retrieved from /home/airflow/.local/lib/python3.8/site-packages/airflow/example_dags/example_xcomargs.py
[2023-12-19T09:13:02.185+0000] {logging_mixin.py:188} INFO - [2023-12-19T09:13:02.184+0000] {dag.py:3033} INFO - Sync 2 DAGs
[2023-12-19T09:13:02.192+0000] {logging_mixin.py:188} INFO - [2023-12-19T09:13:02.192+0000] {dag.py:3820} INFO - Setting next_dagrun for example_xcom_args to None, run_after=None
[2023-12-19T09:13:02.196+0000] {logging_mixin.py:188} INFO - [2023-12-19T09:13:02.195+0000] {dag.py:3820} INFO - Setting next_dagrun for example_xcom_args_with_operators to None, run_after=None
[2023-12-19T09:13:02.207+0000] {processor.py:183} INFO - Processing /home/airflow/.local/lib/python3.8/site-packages/airflow/example_dags/example_xcomargs.py took 0.064 seconds
[2023-12-19T09:13:32.638+0000] {processor.py:161} INFO - Started process (PID=1116) to work on /home/airflow/.local/lib/python3.8/site-packages/airflow/example_dags/example_xcomargs.py
[2023-12-19T09:13:32.641+0000] {processor.py:830} INFO - Processing file /home/airflow/.local/lib/python3.8/site-packages/airflow/example_dags/example_xcomargs.py for tasks to queue
[2023-12-19T09:13:32.644+0000] {logging_mixin.py:188} INFO - [2023-12-19T09:13:32.644+0000] {dagbag.py:538} INFO - Filling up the DagBag from /home/airflow/.local/lib/python3.8/site-packages/airflow/example_dags/example_xcomargs.py
[2023-12-19T09:13:32.652+0000] {processor.py:840} INFO - DAG(s) 'example_xcom_args_with_operators', 'example_xcom_args' retrieved from /home/airflow/.local/lib/python3.8/site-packages/airflow/example_dags/example_xcomargs.py
[2023-12-19T09:13:32.669+0000] {logging_mixin.py:188} INFO - [2023-12-19T09:13:32.669+0000] {dag.py:3033} INFO - Sync 2 DAGs
[2023-12-19T09:13:32.676+0000] {logging_mixin.py:188} INFO - [2023-12-19T09:13:32.676+0000] {dag.py:3820} INFO - Setting next_dagrun for example_xcom_args to None, run_after=None
[2023-12-19T09:13:32.680+0000] {logging_mixin.py:188} INFO - [2023-12-19T09:13:32.680+0000] {dag.py:3820} INFO - Setting next_dagrun for example_xcom_args_with_operators to None, run_after=None
[2023-12-19T09:13:32.691+0000] {processor.py:183} INFO - Processing /home/airflow/.local/lib/python3.8/site-packages/airflow/example_dags/example_xcomargs.py took 0.056 seconds
[2023-12-19T09:14:03.252+0000] {processor.py:161} INFO - Started process (PID=1171) to work on /home/airflow/.local/lib/python3.8/site-packages/airflow/example_dags/example_xcomargs.py
[2023-12-19T09:14:03.255+0000] {processor.py:830} INFO - Processing file /home/airflow/.local/lib/python3.8/site-packages/airflow/example_dags/example_xcomargs.py for tasks to queue
[2023-12-19T09:14:03.257+0000] {logging_mixin.py:188} INFO - [2023-12-19T09:14:03.257+0000] {dagbag.py:538} INFO - Filling up the DagBag from /home/airflow/.local/lib/python3.8/site-packages/airflow/example_dags/example_xcomargs.py
[2023-12-19T09:14:03.264+0000] {processor.py:840} INFO - DAG(s) 'example_xcom_args', 'example_xcom_args_with_operators' retrieved from /home/airflow/.local/lib/python3.8/site-packages/airflow/example_dags/example_xcomargs.py
[2023-12-19T09:14:03.281+0000] {logging_mixin.py:188} INFO - [2023-12-19T09:14:03.281+0000] {dag.py:3033} INFO - Sync 2 DAGs
[2023-12-19T09:14:03.289+0000] {logging_mixin.py:188} INFO - [2023-12-19T09:14:03.289+0000] {dag.py:3820} INFO - Setting next_dagrun for example_xcom_args to None, run_after=None
[2023-12-19T09:14:03.293+0000] {logging_mixin.py:188} INFO - [2023-12-19T09:14:03.293+0000] {dag.py:3820} INFO - Setting next_dagrun for example_xcom_args_with_operators to None, run_after=None
[2023-12-19T09:14:03.304+0000] {processor.py:183} INFO - Processing /home/airflow/.local/lib/python3.8/site-packages/airflow/example_dags/example_xcomargs.py took 0.057 seconds
[2023-12-19T09:14:33.880+0000] {processor.py:161} INFO - Started process (PID=1226) to work on /home/airflow/.local/lib/python3.8/site-packages/airflow/example_dags/example_xcomargs.py
[2023-12-19T09:14:33.882+0000] {processor.py:830} INFO - Processing file /home/airflow/.local/lib/python3.8/site-packages/airflow/example_dags/example_xcomargs.py for tasks to queue
[2023-12-19T09:14:33.885+0000] {logging_mixin.py:188} INFO - [2023-12-19T09:14:33.885+0000] {dagbag.py:538} INFO - Filling up the DagBag from /home/airflow/.local/lib/python3.8/site-packages/airflow/example_dags/example_xcomargs.py
[2023-12-19T09:14:33.892+0000] {processor.py:840} INFO - DAG(s) 'example_xcom_args_with_operators', 'example_xcom_args' retrieved from /home/airflow/.local/lib/python3.8/site-packages/airflow/example_dags/example_xcomargs.py
[2023-12-19T09:14:33.909+0000] {logging_mixin.py:188} INFO - [2023-12-19T09:14:33.909+0000] {dag.py:3033} INFO - Sync 2 DAGs
[2023-12-19T09:14:33.917+0000] {logging_mixin.py:188} INFO - [2023-12-19T09:14:33.917+0000] {dag.py:3820} INFO - Setting next_dagrun for example_xcom_args to None, run_after=None
[2023-12-19T09:14:33.920+0000] {logging_mixin.py:188} INFO - [2023-12-19T09:14:33.920+0000] {dag.py:3820} INFO - Setting next_dagrun for example_xcom_args_with_operators to None, run_after=None
[2023-12-19T09:14:33.933+0000] {processor.py:183} INFO - Processing /home/airflow/.local/lib/python3.8/site-packages/airflow/example_dags/example_xcomargs.py took 0.056 seconds
[2023-12-19T09:15:04.315+0000] {processor.py:161} INFO - Started process (PID=1281) to work on /home/airflow/.local/lib/python3.8/site-packages/airflow/example_dags/example_xcomargs.py
[2023-12-19T09:15:04.317+0000] {processor.py:830} INFO - Processing file /home/airflow/.local/lib/python3.8/site-packages/airflow/example_dags/example_xcomargs.py for tasks to queue
[2023-12-19T09:15:04.320+0000] {logging_mixin.py:188} INFO - [2023-12-19T09:15:04.320+0000] {dagbag.py:538} INFO - Filling up the DagBag from /home/airflow/.local/lib/python3.8/site-packages/airflow/example_dags/example_xcomargs.py
[2023-12-19T09:15:04.327+0000] {processor.py:840} INFO - DAG(s) 'example_xcom_args', 'example_xcom_args_with_operators' retrieved from /home/airflow/.local/lib/python3.8/site-packages/airflow/example_dags/example_xcomargs.py
[2023-12-19T09:15:04.346+0000] {logging_mixin.py:188} INFO - [2023-12-19T09:15:04.346+0000] {dag.py:3033} INFO - Sync 2 DAGs
[2023-12-19T09:15:04.356+0000] {logging_mixin.py:188} INFO - [2023-12-19T09:15:04.356+0000] {dag.py:3820} INFO - Setting next_dagrun for example_xcom_args to None, run_after=None
[2023-12-19T09:15:04.359+0000] {logging_mixin.py:188} INFO - [2023-12-19T09:15:04.358+0000] {dag.py:3820} INFO - Setting next_dagrun for example_xcom_args_with_operators to None, run_after=None
[2023-12-19T09:15:04.371+0000] {processor.py:183} INFO - Processing /home/airflow/.local/lib/python3.8/site-packages/airflow/example_dags/example_xcomargs.py took 0.060 seconds
[2023-12-19T09:15:35.138+0000] {processor.py:161} INFO - Started process (PID=1336) to work on /home/airflow/.local/lib/python3.8/site-packages/airflow/example_dags/example_xcomargs.py
[2023-12-19T09:15:35.140+0000] {processor.py:830} INFO - Processing file /home/airflow/.local/lib/python3.8/site-packages/airflow/example_dags/example_xcomargs.py for tasks to queue
[2023-12-19T09:15:35.143+0000] {logging_mixin.py:188} INFO - [2023-12-19T09:15:35.142+0000] {dagbag.py:538} INFO - Filling up the DagBag from /home/airflow/.local/lib/python3.8/site-packages/airflow/example_dags/example_xcomargs.py
[2023-12-19T09:15:35.150+0000] {processor.py:840} INFO - DAG(s) 'example_xcom_args', 'example_xcom_args_with_operators' retrieved from /home/airflow/.local/lib/python3.8/site-packages/airflow/example_dags/example_xcomargs.py
[2023-12-19T09:15:35.169+0000] {logging_mixin.py:188} INFO - [2023-12-19T09:15:35.169+0000] {dag.py:3033} INFO - Sync 2 DAGs
[2023-12-19T09:15:35.178+0000] {logging_mixin.py:188} INFO - [2023-12-19T09:15:35.178+0000] {dag.py:3820} INFO - Setting next_dagrun for example_xcom_args to None, run_after=None
[2023-12-19T09:15:35.181+0000] {logging_mixin.py:188} INFO - [2023-12-19T09:15:35.181+0000] {dag.py:3820} INFO - Setting next_dagrun for example_xcom_args_with_operators to None, run_after=None
[2023-12-19T09:15:35.192+0000] {processor.py:183} INFO - Processing /home/airflow/.local/lib/python3.8/site-packages/airflow/example_dags/example_xcomargs.py took 0.059 seconds
[2023-12-19T09:16:05.615+0000] {processor.py:161} INFO - Started process (PID=1391) to work on /home/airflow/.local/lib/python3.8/site-packages/airflow/example_dags/example_xcomargs.py
[2023-12-19T09:16:05.618+0000] {processor.py:830} INFO - Processing file /home/airflow/.local/lib/python3.8/site-packages/airflow/example_dags/example_xcomargs.py for tasks to queue
[2023-12-19T09:16:05.621+0000] {logging_mixin.py:188} INFO - [2023-12-19T09:16:05.621+0000] {dagbag.py:538} INFO - Filling up the DagBag from /home/airflow/.local/lib/python3.8/site-packages/airflow/example_dags/example_xcomargs.py
[2023-12-19T09:16:05.629+0000] {processor.py:840} INFO - DAG(s) 'example_xcom_args', 'example_xcom_args_with_operators' retrieved from /home/airflow/.local/lib/python3.8/site-packages/airflow/example_dags/example_xcomargs.py
[2023-12-19T09:16:05.648+0000] {logging_mixin.py:188} INFO - [2023-12-19T09:16:05.647+0000] {dag.py:3033} INFO - Sync 2 DAGs
[2023-12-19T09:16:05.656+0000] {logging_mixin.py:188} INFO - [2023-12-19T09:16:05.656+0000] {dag.py:3820} INFO - Setting next_dagrun for example_xcom_args to None, run_after=None
[2023-12-19T09:16:05.660+0000] {logging_mixin.py:188} INFO - [2023-12-19T09:16:05.660+0000] {dag.py:3820} INFO - Setting next_dagrun for example_xcom_args_with_operators to None, run_after=None
[2023-12-19T09:16:05.671+0000] {processor.py:183} INFO - Processing /home/airflow/.local/lib/python3.8/site-packages/airflow/example_dags/example_xcomargs.py took 0.060 seconds
[2023-12-19T09:16:36.211+0000] {processor.py:161} INFO - Started process (PID=1446) to work on /home/airflow/.local/lib/python3.8/site-packages/airflow/example_dags/example_xcomargs.py
[2023-12-19T09:16:36.213+0000] {processor.py:830} INFO - Processing file /home/airflow/.local/lib/python3.8/site-packages/airflow/example_dags/example_xcomargs.py for tasks to queue
[2023-12-19T09:16:36.216+0000] {logging_mixin.py:188} INFO - [2023-12-19T09:16:36.216+0000] {dagbag.py:538} INFO - Filling up the DagBag from /home/airflow/.local/lib/python3.8/site-packages/airflow/example_dags/example_xcomargs.py
[2023-12-19T09:16:36.224+0000] {processor.py:840} INFO - DAG(s) 'example_xcom_args', 'example_xcom_args_with_operators' retrieved from /home/airflow/.local/lib/python3.8/site-packages/airflow/example_dags/example_xcomargs.py
[2023-12-19T09:16:36.240+0000] {logging_mixin.py:188} INFO - [2023-12-19T09:16:36.240+0000] {dag.py:3033} INFO - Sync 2 DAGs
[2023-12-19T09:16:36.248+0000] {logging_mixin.py:188} INFO - [2023-12-19T09:16:36.247+0000] {dag.py:3820} INFO - Setting next_dagrun for example_xcom_args to None, run_after=None
[2023-12-19T09:16:36.251+0000] {logging_mixin.py:188} INFO - [2023-12-19T09:16:36.251+0000] {dag.py:3820} INFO - Setting next_dagrun for example_xcom_args_with_operators to None, run_after=None
[2023-12-19T09:16:36.263+0000] {processor.py:183} INFO - Processing /home/airflow/.local/lib/python3.8/site-packages/airflow/example_dags/example_xcomargs.py took 0.057 seconds
[2023-12-19T09:17:06.693+0000] {processor.py:161} INFO - Started process (PID=1501) to work on /home/airflow/.local/lib/python3.8/site-packages/airflow/example_dags/example_xcomargs.py
[2023-12-19T09:17:06.694+0000] {processor.py:830} INFO - Processing file /home/airflow/.local/lib/python3.8/site-packages/airflow/example_dags/example_xcomargs.py for tasks to queue
[2023-12-19T09:17:06.697+0000] {logging_mixin.py:188} INFO - [2023-12-19T09:17:06.696+0000] {dagbag.py:538} INFO - Filling up the DagBag from /home/airflow/.local/lib/python3.8/site-packages/airflow/example_dags/example_xcomargs.py
[2023-12-19T09:17:06.703+0000] {processor.py:840} INFO - DAG(s) 'example_xcom_args', 'example_xcom_args_with_operators' retrieved from /home/airflow/.local/lib/python3.8/site-packages/airflow/example_dags/example_xcomargs.py
[2023-12-19T09:17:06.721+0000] {logging_mixin.py:188} INFO - [2023-12-19T09:17:06.721+0000] {dag.py:3033} INFO - Sync 2 DAGs
[2023-12-19T09:17:06.728+0000] {logging_mixin.py:188} INFO - [2023-12-19T09:17:06.728+0000] {dag.py:3820} INFO - Setting next_dagrun for example_xcom_args to None, run_after=None
[2023-12-19T09:17:06.732+0000] {logging_mixin.py:188} INFO - [2023-12-19T09:17:06.731+0000] {dag.py:3820} INFO - Setting next_dagrun for example_xcom_args_with_operators to None, run_after=None
[2023-12-19T09:17:06.743+0000] {processor.py:183} INFO - Processing /home/airflow/.local/lib/python3.8/site-packages/airflow/example_dags/example_xcomargs.py took 0.053 seconds
[2023-12-19T09:17:37.246+0000] {processor.py:161} INFO - Started process (PID=1556) to work on /home/airflow/.local/lib/python3.8/site-packages/airflow/example_dags/example_xcomargs.py
[2023-12-19T09:17:37.249+0000] {processor.py:830} INFO - Processing file /home/airflow/.local/lib/python3.8/site-packages/airflow/example_dags/example_xcomargs.py for tasks to queue
[2023-12-19T09:17:37.251+0000] {logging_mixin.py:188} INFO - [2023-12-19T09:17:37.251+0000] {dagbag.py:538} INFO - Filling up the DagBag from /home/airflow/.local/lib/python3.8/site-packages/airflow/example_dags/example_xcomargs.py
[2023-12-19T09:17:37.259+0000] {processor.py:840} INFO - DAG(s) 'example_xcom_args_with_operators', 'example_xcom_args' retrieved from /home/airflow/.local/lib/python3.8/site-packages/airflow/example_dags/example_xcomargs.py
[2023-12-19T09:17:37.277+0000] {logging_mixin.py:188} INFO - [2023-12-19T09:17:37.277+0000] {dag.py:3033} INFO - Sync 2 DAGs
[2023-12-19T09:17:37.284+0000] {logging_mixin.py:188} INFO - [2023-12-19T09:17:37.284+0000] {dag.py:3820} INFO - Setting next_dagrun for example_xcom_args to None, run_after=None
[2023-12-19T09:17:37.289+0000] {logging_mixin.py:188} INFO - [2023-12-19T09:17:37.289+0000] {dag.py:3820} INFO - Setting next_dagrun for example_xcom_args_with_operators to None, run_after=None
[2023-12-19T09:17:37.306+0000] {processor.py:183} INFO - Processing /home/airflow/.local/lib/python3.8/site-packages/airflow/example_dags/example_xcomargs.py took 0.063 seconds
[2023-12-19T09:18:07.727+0000] {processor.py:161} INFO - Started process (PID=1611) to work on /home/airflow/.local/lib/python3.8/site-packages/airflow/example_dags/example_xcomargs.py
[2023-12-19T09:18:07.729+0000] {processor.py:830} INFO - Processing file /home/airflow/.local/lib/python3.8/site-packages/airflow/example_dags/example_xcomargs.py for tasks to queue
[2023-12-19T09:18:07.732+0000] {logging_mixin.py:188} INFO - [2023-12-19T09:18:07.731+0000] {dagbag.py:538} INFO - Filling up the DagBag from /home/airflow/.local/lib/python3.8/site-packages/airflow/example_dags/example_xcomargs.py
[2023-12-19T09:18:07.739+0000] {processor.py:840} INFO - DAG(s) 'example_xcom_args', 'example_xcom_args_with_operators' retrieved from /home/airflow/.local/lib/python3.8/site-packages/airflow/example_dags/example_xcomargs.py
[2023-12-19T09:18:07.755+0000] {logging_mixin.py:188} INFO - [2023-12-19T09:18:07.755+0000] {dag.py:3033} INFO - Sync 2 DAGs
[2023-12-19T09:18:07.763+0000] {logging_mixin.py:188} INFO - [2023-12-19T09:18:07.763+0000] {dag.py:3820} INFO - Setting next_dagrun for example_xcom_args to None, run_after=None
[2023-12-19T09:18:07.766+0000] {logging_mixin.py:188} INFO - [2023-12-19T09:18:07.766+0000] {dag.py:3820} INFO - Setting next_dagrun for example_xcom_args_with_operators to None, run_after=None
[2023-12-19T09:18:07.777+0000] {processor.py:183} INFO - Processing /home/airflow/.local/lib/python3.8/site-packages/airflow/example_dags/example_xcomargs.py took 0.054 seconds
[2023-12-19T09:18:38.317+0000] {processor.py:161} INFO - Started process (PID=1666) to work on /home/airflow/.local/lib/python3.8/site-packages/airflow/example_dags/example_xcomargs.py
[2023-12-19T09:18:38.318+0000] {processor.py:830} INFO - Processing file /home/airflow/.local/lib/python3.8/site-packages/airflow/example_dags/example_xcomargs.py for tasks to queue
[2023-12-19T09:18:38.321+0000] {logging_mixin.py:188} INFO - [2023-12-19T09:18:38.321+0000] {dagbag.py:538} INFO - Filling up the DagBag from /home/airflow/.local/lib/python3.8/site-packages/airflow/example_dags/example_xcomargs.py
[2023-12-19T09:18:38.333+0000] {processor.py:840} INFO - DAG(s) 'example_xcom_args_with_operators', 'example_xcom_args' retrieved from /home/airflow/.local/lib/python3.8/site-packages/airflow/example_dags/example_xcomargs.py
[2023-12-19T09:18:38.348+0000] {logging_mixin.py:188} INFO - [2023-12-19T09:18:38.348+0000] {dag.py:3033} INFO - Sync 2 DAGs
[2023-12-19T09:18:38.356+0000] {logging_mixin.py:188} INFO - [2023-12-19T09:18:38.356+0000] {dag.py:3820} INFO - Setting next_dagrun for example_xcom_args to None, run_after=None
[2023-12-19T09:18:38.360+0000] {logging_mixin.py:188} INFO - [2023-12-19T09:18:38.360+0000] {dag.py:3820} INFO - Setting next_dagrun for example_xcom_args_with_operators to None, run_after=None
[2023-12-19T09:18:38.370+0000] {processor.py:183} INFO - Processing /home/airflow/.local/lib/python3.8/site-packages/airflow/example_dags/example_xcomargs.py took 0.056 seconds
[2023-12-19T09:19:08.494+0000] {processor.py:161} INFO - Started process (PID=1721) to work on /home/airflow/.local/lib/python3.8/site-packages/airflow/example_dags/example_xcomargs.py
[2023-12-19T09:19:08.496+0000] {processor.py:830} INFO - Processing file /home/airflow/.local/lib/python3.8/site-packages/airflow/example_dags/example_xcomargs.py for tasks to queue
[2023-12-19T09:19:08.499+0000] {logging_mixin.py:188} INFO - [2023-12-19T09:19:08.498+0000] {dagbag.py:538} INFO - Filling up the DagBag from /home/airflow/.local/lib/python3.8/site-packages/airflow/example_dags/example_xcomargs.py
[2023-12-19T09:19:08.505+0000] {processor.py:840} INFO - DAG(s) 'example_xcom_args_with_operators', 'example_xcom_args' retrieved from /home/airflow/.local/lib/python3.8/site-packages/airflow/example_dags/example_xcomargs.py
[2023-12-19T09:19:08.522+0000] {logging_mixin.py:188} INFO - [2023-12-19T09:19:08.522+0000] {dag.py:3033} INFO - Sync 2 DAGs
[2023-12-19T09:19:08.530+0000] {logging_mixin.py:188} INFO - [2023-12-19T09:19:08.530+0000] {dag.py:3820} INFO - Setting next_dagrun for example_xcom_args to None, run_after=None
[2023-12-19T09:19:08.533+0000] {logging_mixin.py:188} INFO - [2023-12-19T09:19:08.533+0000] {dag.py:3820} INFO - Setting next_dagrun for example_xcom_args_with_operators to None, run_after=None
[2023-12-19T09:19:08.545+0000] {processor.py:183} INFO - Processing /home/airflow/.local/lib/python3.8/site-packages/airflow/example_dags/example_xcomargs.py took 0.053 seconds
[2023-12-19T09:19:40.303+0000] {processor.py:161} INFO - Started process (PID=1776) to work on /home/airflow/.local/lib/python3.8/site-packages/airflow/example_dags/example_xcomargs.py
[2023-12-19T09:19:40.305+0000] {processor.py:830} INFO - Processing file /home/airflow/.local/lib/python3.8/site-packages/airflow/example_dags/example_xcomargs.py for tasks to queue
[2023-12-19T09:19:40.307+0000] {logging_mixin.py:188} INFO - [2023-12-19T09:19:40.307+0000] {dagbag.py:538} INFO - Filling up the DagBag from /home/airflow/.local/lib/python3.8/site-packages/airflow/example_dags/example_xcomargs.py
[2023-12-19T09:19:40.314+0000] {processor.py:840} INFO - DAG(s) 'example_xcom_args_with_operators', 'example_xcom_args' retrieved from /home/airflow/.local/lib/python3.8/site-packages/airflow/example_dags/example_xcomargs.py
[2023-12-19T09:19:40.334+0000] {logging_mixin.py:188} INFO - [2023-12-19T09:19:40.334+0000] {dag.py:3033} INFO - Sync 2 DAGs
[2023-12-19T09:19:40.460+0000] {logging_mixin.py:188} INFO - [2023-12-19T09:19:40.460+0000] {dag.py:3820} INFO - Setting next_dagrun for example_xcom_args to None, run_after=None
[2023-12-19T09:19:40.463+0000] {logging_mixin.py:188} INFO - [2023-12-19T09:19:40.463+0000] {dag.py:3820} INFO - Setting next_dagrun for example_xcom_args_with_operators to None, run_after=None
[2023-12-19T09:19:40.474+0000] {processor.py:183} INFO - Processing /home/airflow/.local/lib/python3.8/site-packages/airflow/example_dags/example_xcomargs.py took 0.174 seconds
[2023-12-19T09:20:10.684+0000] {processor.py:161} INFO - Started process (PID=1830) to work on /home/airflow/.local/lib/python3.8/site-packages/airflow/example_dags/example_xcomargs.py
[2023-12-19T09:20:10.685+0000] {processor.py:830} INFO - Processing file /home/airflow/.local/lib/python3.8/site-packages/airflow/example_dags/example_xcomargs.py for tasks to queue
[2023-12-19T09:20:10.688+0000] {logging_mixin.py:188} INFO - [2023-12-19T09:20:10.688+0000] {dagbag.py:538} INFO - Filling up the DagBag from /home/airflow/.local/lib/python3.8/site-packages/airflow/example_dags/example_xcomargs.py
[2023-12-19T09:20:10.694+0000] {processor.py:840} INFO - DAG(s) 'example_xcom_args_with_operators', 'example_xcom_args' retrieved from /home/airflow/.local/lib/python3.8/site-packages/airflow/example_dags/example_xcomargs.py
[2023-12-19T09:20:10.712+0000] {logging_mixin.py:188} INFO - [2023-12-19T09:20:10.712+0000] {dag.py:3033} INFO - Sync 2 DAGs
[2023-12-19T09:20:10.721+0000] {logging_mixin.py:188} INFO - [2023-12-19T09:20:10.721+0000] {dag.py:3820} INFO - Setting next_dagrun for example_xcom_args to None, run_after=None
[2023-12-19T09:20:10.724+0000] {logging_mixin.py:188} INFO - [2023-12-19T09:20:10.724+0000] {dag.py:3820} INFO - Setting next_dagrun for example_xcom_args_with_operators to None, run_after=None
[2023-12-19T09:20:10.738+0000] {processor.py:183} INFO - Processing /home/airflow/.local/lib/python3.8/site-packages/airflow/example_dags/example_xcomargs.py took 0.057 seconds
[2023-12-19T09:20:41.547+0000] {processor.py:161} INFO - Started process (PID=1891) to work on /home/airflow/.local/lib/python3.8/site-packages/airflow/example_dags/example_xcomargs.py
[2023-12-19T09:20:41.548+0000] {processor.py:830} INFO - Processing file /home/airflow/.local/lib/python3.8/site-packages/airflow/example_dags/example_xcomargs.py for tasks to queue
[2023-12-19T09:20:41.550+0000] {logging_mixin.py:188} INFO - [2023-12-19T09:20:41.550+0000] {dagbag.py:538} INFO - Filling up the DagBag from /home/airflow/.local/lib/python3.8/site-packages/airflow/example_dags/example_xcomargs.py
[2023-12-19T09:20:41.557+0000] {processor.py:840} INFO - DAG(s) 'example_xcom_args_with_operators', 'example_xcom_args' retrieved from /home/airflow/.local/lib/python3.8/site-packages/airflow/example_dags/example_xcomargs.py
[2023-12-19T09:20:41.575+0000] {logging_mixin.py:188} INFO - [2023-12-19T09:20:41.575+0000] {dag.py:3033} INFO - Sync 2 DAGs
[2023-12-19T09:20:41.584+0000] {logging_mixin.py:188} INFO - [2023-12-19T09:20:41.583+0000] {dag.py:3820} INFO - Setting next_dagrun for example_xcom_args to None, run_after=None
[2023-12-19T09:20:41.587+0000] {logging_mixin.py:188} INFO - [2023-12-19T09:20:41.587+0000] {dag.py:3820} INFO - Setting next_dagrun for example_xcom_args_with_operators to None, run_after=None
[2023-12-19T09:20:41.598+0000] {processor.py:183} INFO - Processing /home/airflow/.local/lib/python3.8/site-packages/airflow/example_dags/example_xcomargs.py took 0.054 seconds
[2023-12-19T09:21:12.419+0000] {processor.py:161} INFO - Started process (PID=1946) to work on /home/airflow/.local/lib/python3.8/site-packages/airflow/example_dags/example_xcomargs.py
[2023-12-19T09:21:12.420+0000] {processor.py:830} INFO - Processing file /home/airflow/.local/lib/python3.8/site-packages/airflow/example_dags/example_xcomargs.py for tasks to queue
[2023-12-19T09:21:12.422+0000] {logging_mixin.py:188} INFO - [2023-12-19T09:21:12.422+0000] {dagbag.py:538} INFO - Filling up the DagBag from /home/airflow/.local/lib/python3.8/site-packages/airflow/example_dags/example_xcomargs.py
[2023-12-19T09:21:12.428+0000] {processor.py:840} INFO - DAG(s) 'example_xcom_args_with_operators', 'example_xcom_args' retrieved from /home/airflow/.local/lib/python3.8/site-packages/airflow/example_dags/example_xcomargs.py
[2023-12-19T09:21:12.447+0000] {logging_mixin.py:188} INFO - [2023-12-19T09:21:12.446+0000] {dag.py:3033} INFO - Sync 2 DAGs
[2023-12-19T09:21:12.454+0000] {logging_mixin.py:188} INFO - [2023-12-19T09:21:12.454+0000] {dag.py:3820} INFO - Setting next_dagrun for example_xcom_args to None, run_after=None
[2023-12-19T09:21:12.458+0000] {logging_mixin.py:188} INFO - [2023-12-19T09:21:12.457+0000] {dag.py:3820} INFO - Setting next_dagrun for example_xcom_args_with_operators to None, run_after=None
[2023-12-19T09:21:12.468+0000] {processor.py:183} INFO - Processing /home/airflow/.local/lib/python3.8/site-packages/airflow/example_dags/example_xcomargs.py took 0.052 seconds
[2023-12-19T09:21:42.948+0000] {processor.py:161} INFO - Started process (PID=2001) to work on /home/airflow/.local/lib/python3.8/site-packages/airflow/example_dags/example_xcomargs.py
[2023-12-19T09:21:42.950+0000] {processor.py:830} INFO - Processing file /home/airflow/.local/lib/python3.8/site-packages/airflow/example_dags/example_xcomargs.py for tasks to queue
[2023-12-19T09:21:42.951+0000] {logging_mixin.py:188} INFO - [2023-12-19T09:21:42.951+0000] {dagbag.py:538} INFO - Filling up the DagBag from /home/airflow/.local/lib/python3.8/site-packages/airflow/example_dags/example_xcomargs.py
[2023-12-19T09:21:42.957+0000] {processor.py:840} INFO - DAG(s) 'example_xcom_args', 'example_xcom_args_with_operators' retrieved from /home/airflow/.local/lib/python3.8/site-packages/airflow/example_dags/example_xcomargs.py
[2023-12-19T09:21:42.974+0000] {logging_mixin.py:188} INFO - [2023-12-19T09:21:42.974+0000] {dag.py:3033} INFO - Sync 2 DAGs
[2023-12-19T09:21:42.982+0000] {logging_mixin.py:188} INFO - [2023-12-19T09:21:42.982+0000] {dag.py:3820} INFO - Setting next_dagrun for example_xcom_args to None, run_after=None
[2023-12-19T09:21:42.985+0000] {logging_mixin.py:188} INFO - [2023-12-19T09:21:42.985+0000] {dag.py:3820} INFO - Setting next_dagrun for example_xcom_args_with_operators to None, run_after=None
[2023-12-19T09:21:42.995+0000] {processor.py:183} INFO - Processing /home/airflow/.local/lib/python3.8/site-packages/airflow/example_dags/example_xcomargs.py took 0.049 seconds
[2023-12-19T09:22:13.935+0000] {processor.py:161} INFO - Started process (PID=2056) to work on /home/airflow/.local/lib/python3.8/site-packages/airflow/example_dags/example_xcomargs.py
[2023-12-19T09:22:13.936+0000] {processor.py:830} INFO - Processing file /home/airflow/.local/lib/python3.8/site-packages/airflow/example_dags/example_xcomargs.py for tasks to queue
[2023-12-19T09:22:13.939+0000] {logging_mixin.py:188} INFO - [2023-12-19T09:22:13.938+0000] {dagbag.py:538} INFO - Filling up the DagBag from /home/airflow/.local/lib/python3.8/site-packages/airflow/example_dags/example_xcomargs.py
[2023-12-19T09:22:13.944+0000] {processor.py:840} INFO - DAG(s) 'example_xcom_args', 'example_xcom_args_with_operators' retrieved from /home/airflow/.local/lib/python3.8/site-packages/airflow/example_dags/example_xcomargs.py
[2023-12-19T09:22:14.069+0000] {logging_mixin.py:188} INFO - [2023-12-19T09:22:14.069+0000] {dag.py:3033} INFO - Sync 2 DAGs
[2023-12-19T09:22:14.076+0000] {logging_mixin.py:188} INFO - [2023-12-19T09:22:14.076+0000] {dag.py:3820} INFO - Setting next_dagrun for example_xcom_args to None, run_after=None
[2023-12-19T09:22:14.079+0000] {logging_mixin.py:188} INFO - [2023-12-19T09:22:14.079+0000] {dag.py:3820} INFO - Setting next_dagrun for example_xcom_args_with_operators to None, run_after=None
[2023-12-19T09:22:14.089+0000] {processor.py:183} INFO - Processing /home/airflow/.local/lib/python3.8/site-packages/airflow/example_dags/example_xcomargs.py took 0.157 seconds
[2023-12-19T09:22:44.836+0000] {processor.py:161} INFO - Started process (PID=2111) to work on /home/airflow/.local/lib/python3.8/site-packages/airflow/example_dags/example_xcomargs.py
[2023-12-19T09:22:44.838+0000] {processor.py:830} INFO - Processing file /home/airflow/.local/lib/python3.8/site-packages/airflow/example_dags/example_xcomargs.py for tasks to queue
[2023-12-19T09:22:44.840+0000] {logging_mixin.py:188} INFO - [2023-12-19T09:22:44.840+0000] {dagbag.py:538} INFO - Filling up the DagBag from /home/airflow/.local/lib/python3.8/site-packages/airflow/example_dags/example_xcomargs.py
[2023-12-19T09:22:44.847+0000] {processor.py:840} INFO - DAG(s) 'example_xcom_args', 'example_xcom_args_with_operators' retrieved from /home/airflow/.local/lib/python3.8/site-packages/airflow/example_dags/example_xcomargs.py
[2023-12-19T09:22:44.864+0000] {logging_mixin.py:188} INFO - [2023-12-19T09:22:44.863+0000] {dag.py:3033} INFO - Sync 2 DAGs
[2023-12-19T09:22:44.872+0000] {logging_mixin.py:188} INFO - [2023-12-19T09:22:44.872+0000] {dag.py:3820} INFO - Setting next_dagrun for example_xcom_args to None, run_after=None
[2023-12-19T09:22:44.875+0000] {logging_mixin.py:188} INFO - [2023-12-19T09:22:44.875+0000] {dag.py:3820} INFO - Setting next_dagrun for example_xcom_args_with_operators to None, run_after=None
[2023-12-19T09:22:44.886+0000] {processor.py:183} INFO - Processing /home/airflow/.local/lib/python3.8/site-packages/airflow/example_dags/example_xcomargs.py took 0.052 seconds
[2023-12-19T09:23:15.483+0000] {processor.py:161} INFO - Started process (PID=2166) to work on /home/airflow/.local/lib/python3.8/site-packages/airflow/example_dags/example_xcomargs.py
[2023-12-19T09:23:15.484+0000] {processor.py:830} INFO - Processing file /home/airflow/.local/lib/python3.8/site-packages/airflow/example_dags/example_xcomargs.py for tasks to queue
[2023-12-19T09:23:15.486+0000] {logging_mixin.py:188} INFO - [2023-12-19T09:23:15.486+0000] {dagbag.py:538} INFO - Filling up the DagBag from /home/airflow/.local/lib/python3.8/site-packages/airflow/example_dags/example_xcomargs.py
[2023-12-19T09:23:15.493+0000] {processor.py:840} INFO - DAG(s) 'example_xcom_args_with_operators', 'example_xcom_args' retrieved from /home/airflow/.local/lib/python3.8/site-packages/airflow/example_dags/example_xcomargs.py
[2023-12-19T09:23:15.510+0000] {logging_mixin.py:188} INFO - [2023-12-19T09:23:15.510+0000] {dag.py:3033} INFO - Sync 2 DAGs
[2023-12-19T09:23:15.517+0000] {logging_mixin.py:188} INFO - [2023-12-19T09:23:15.517+0000] {dag.py:3820} INFO - Setting next_dagrun for example_xcom_args to None, run_after=None
[2023-12-19T09:23:15.522+0000] {logging_mixin.py:188} INFO - [2023-12-19T09:23:15.522+0000] {dag.py:3820} INFO - Setting next_dagrun for example_xcom_args_with_operators to None, run_after=None
[2023-12-19T09:23:15.534+0000] {processor.py:183} INFO - Processing /home/airflow/.local/lib/python3.8/site-packages/airflow/example_dags/example_xcomargs.py took 0.054 seconds
[2023-12-19T09:23:46.185+0000] {processor.py:161} INFO - Started process (PID=2221) to work on /home/airflow/.local/lib/python3.8/site-packages/airflow/example_dags/example_xcomargs.py
[2023-12-19T09:23:46.187+0000] {processor.py:830} INFO - Processing file /home/airflow/.local/lib/python3.8/site-packages/airflow/example_dags/example_xcomargs.py for tasks to queue
[2023-12-19T09:23:46.189+0000] {logging_mixin.py:188} INFO - [2023-12-19T09:23:46.188+0000] {dagbag.py:538} INFO - Filling up the DagBag from /home/airflow/.local/lib/python3.8/site-packages/airflow/example_dags/example_xcomargs.py
[2023-12-19T09:23:46.194+0000] {processor.py:840} INFO - DAG(s) 'example_xcom_args_with_operators', 'example_xcom_args' retrieved from /home/airflow/.local/lib/python3.8/site-packages/airflow/example_dags/example_xcomargs.py
[2023-12-19T09:23:46.211+0000] {logging_mixin.py:188} INFO - [2023-12-19T09:23:46.211+0000] {dag.py:3033} INFO - Sync 2 DAGs
[2023-12-19T09:23:46.219+0000] {logging_mixin.py:188} INFO - [2023-12-19T09:23:46.219+0000] {dag.py:3820} INFO - Setting next_dagrun for example_xcom_args to None, run_after=None
[2023-12-19T09:23:46.222+0000] {logging_mixin.py:188} INFO - [2023-12-19T09:23:46.222+0000] {dag.py:3820} INFO - Setting next_dagrun for example_xcom_args_with_operators to None, run_after=None
[2023-12-19T09:23:46.234+0000] {processor.py:183} INFO - Processing /home/airflow/.local/lib/python3.8/site-packages/airflow/example_dags/example_xcomargs.py took 0.051 seconds
[2023-12-19T09:24:16.754+0000] {processor.py:161} INFO - Started process (PID=2275) to work on /home/airflow/.local/lib/python3.8/site-packages/airflow/example_dags/example_xcomargs.py
[2023-12-19T09:24:16.756+0000] {processor.py:830} INFO - Processing file /home/airflow/.local/lib/python3.8/site-packages/airflow/example_dags/example_xcomargs.py for tasks to queue
[2023-12-19T09:24:16.758+0000] {logging_mixin.py:188} INFO - [2023-12-19T09:24:16.758+0000] {dagbag.py:538} INFO - Filling up the DagBag from /home/airflow/.local/lib/python3.8/site-packages/airflow/example_dags/example_xcomargs.py
[2023-12-19T09:24:16.764+0000] {processor.py:840} INFO - DAG(s) 'example_xcom_args_with_operators', 'example_xcom_args' retrieved from /home/airflow/.local/lib/python3.8/site-packages/airflow/example_dags/example_xcomargs.py
[2023-12-19T09:24:16.784+0000] {logging_mixin.py:188} INFO - [2023-12-19T09:24:16.784+0000] {dag.py:3033} INFO - Sync 2 DAGs
[2023-12-19T09:24:16.793+0000] {logging_mixin.py:188} INFO - [2023-12-19T09:24:16.793+0000] {dag.py:3820} INFO - Setting next_dagrun for example_xcom_args to None, run_after=None
[2023-12-19T09:24:16.797+0000] {logging_mixin.py:188} INFO - [2023-12-19T09:24:16.797+0000] {dag.py:3820} INFO - Setting next_dagrun for example_xcom_args_with_operators to None, run_after=None
[2023-12-19T09:24:16.807+0000] {processor.py:183} INFO - Processing /home/airflow/.local/lib/python3.8/site-packages/airflow/example_dags/example_xcomargs.py took 0.056 seconds
[2023-12-19T09:24:47.123+0000] {processor.py:161} INFO - Started process (PID=2330) to work on /home/airflow/.local/lib/python3.8/site-packages/airflow/example_dags/example_xcomargs.py
[2023-12-19T09:24:47.124+0000] {processor.py:830} INFO - Processing file /home/airflow/.local/lib/python3.8/site-packages/airflow/example_dags/example_xcomargs.py for tasks to queue
[2023-12-19T09:24:47.126+0000] {logging_mixin.py:188} INFO - [2023-12-19T09:24:47.126+0000] {dagbag.py:538} INFO - Filling up the DagBag from /home/airflow/.local/lib/python3.8/site-packages/airflow/example_dags/example_xcomargs.py
[2023-12-19T09:24:47.132+0000] {processor.py:840} INFO - DAG(s) 'example_xcom_args', 'example_xcom_args_with_operators' retrieved from /home/airflow/.local/lib/python3.8/site-packages/airflow/example_dags/example_xcomargs.py
[2023-12-19T09:24:47.148+0000] {logging_mixin.py:188} INFO - [2023-12-19T09:24:47.148+0000] {dag.py:3033} INFO - Sync 2 DAGs
[2023-12-19T09:24:47.156+0000] {logging_mixin.py:188} INFO - [2023-12-19T09:24:47.155+0000] {dag.py:3820} INFO - Setting next_dagrun for example_xcom_args to None, run_after=None
[2023-12-19T09:24:47.159+0000] {logging_mixin.py:188} INFO - [2023-12-19T09:24:47.159+0000] {dag.py:3820} INFO - Setting next_dagrun for example_xcom_args_with_operators to None, run_after=None
[2023-12-19T09:24:47.170+0000] {processor.py:183} INFO - Processing /home/airflow/.local/lib/python3.8/site-packages/airflow/example_dags/example_xcomargs.py took 0.049 seconds
[2023-12-19T09:25:17.588+0000] {processor.py:161} INFO - Started process (PID=2385) to work on /home/airflow/.local/lib/python3.8/site-packages/airflow/example_dags/example_xcomargs.py
[2023-12-19T09:25:17.590+0000] {processor.py:830} INFO - Processing file /home/airflow/.local/lib/python3.8/site-packages/airflow/example_dags/example_xcomargs.py for tasks to queue
[2023-12-19T09:25:17.592+0000] {logging_mixin.py:188} INFO - [2023-12-19T09:25:17.592+0000] {dagbag.py:538} INFO - Filling up the DagBag from /home/airflow/.local/lib/python3.8/site-packages/airflow/example_dags/example_xcomargs.py
[2023-12-19T09:25:17.597+0000] {processor.py:840} INFO - DAG(s) 'example_xcom_args', 'example_xcom_args_with_operators' retrieved from /home/airflow/.local/lib/python3.8/site-packages/airflow/example_dags/example_xcomargs.py
[2023-12-19T09:25:17.613+0000] {logging_mixin.py:188} INFO - [2023-12-19T09:25:17.612+0000] {dag.py:3033} INFO - Sync 2 DAGs
[2023-12-19T09:25:17.620+0000] {logging_mixin.py:188} INFO - [2023-12-19T09:25:17.620+0000] {dag.py:3820} INFO - Setting next_dagrun for example_xcom_args to None, run_after=None
[2023-12-19T09:25:17.624+0000] {logging_mixin.py:188} INFO - [2023-12-19T09:25:17.624+0000] {dag.py:3820} INFO - Setting next_dagrun for example_xcom_args_with_operators to None, run_after=None
[2023-12-19T09:25:17.634+0000] {processor.py:183} INFO - Processing /home/airflow/.local/lib/python3.8/site-packages/airflow/example_dags/example_xcomargs.py took 0.048 seconds
[2023-12-19T09:25:48.255+0000] {processor.py:161} INFO - Started process (PID=2440) to work on /home/airflow/.local/lib/python3.8/site-packages/airflow/example_dags/example_xcomargs.py
[2023-12-19T09:25:48.256+0000] {processor.py:830} INFO - Processing file /home/airflow/.local/lib/python3.8/site-packages/airflow/example_dags/example_xcomargs.py for tasks to queue
[2023-12-19T09:25:48.258+0000] {logging_mixin.py:188} INFO - [2023-12-19T09:25:48.258+0000] {dagbag.py:538} INFO - Filling up the DagBag from /home/airflow/.local/lib/python3.8/site-packages/airflow/example_dags/example_xcomargs.py
[2023-12-19T09:25:48.265+0000] {processor.py:840} INFO - DAG(s) 'example_xcom_args', 'example_xcom_args_with_operators' retrieved from /home/airflow/.local/lib/python3.8/site-packages/airflow/example_dags/example_xcomargs.py
[2023-12-19T09:25:48.282+0000] {logging_mixin.py:188} INFO - [2023-12-19T09:25:48.282+0000] {dag.py:3033} INFO - Sync 2 DAGs
[2023-12-19T09:25:48.291+0000] {logging_mixin.py:188} INFO - [2023-12-19T09:25:48.291+0000] {dag.py:3820} INFO - Setting next_dagrun for example_xcom_args to None, run_after=None
[2023-12-19T09:25:48.295+0000] {logging_mixin.py:188} INFO - [2023-12-19T09:25:48.295+0000] {dag.py:3820} INFO - Setting next_dagrun for example_xcom_args_with_operators to None, run_after=None
[2023-12-19T09:25:48.307+0000] {processor.py:183} INFO - Processing /home/airflow/.local/lib/python3.8/site-packages/airflow/example_dags/example_xcomargs.py took 0.054 seconds
[2023-12-19T09:26:18.683+0000] {processor.py:161} INFO - Started process (PID=2495) to work on /home/airflow/.local/lib/python3.8/site-packages/airflow/example_dags/example_xcomargs.py
[2023-12-19T09:26:18.685+0000] {processor.py:830} INFO - Processing file /home/airflow/.local/lib/python3.8/site-packages/airflow/example_dags/example_xcomargs.py for tasks to queue
[2023-12-19T09:26:18.687+0000] {logging_mixin.py:188} INFO - [2023-12-19T09:26:18.687+0000] {dagbag.py:538} INFO - Filling up the DagBag from /home/airflow/.local/lib/python3.8/site-packages/airflow/example_dags/example_xcomargs.py
[2023-12-19T09:26:18.692+0000] {processor.py:840} INFO - DAG(s) 'example_xcom_args', 'example_xcom_args_with_operators' retrieved from /home/airflow/.local/lib/python3.8/site-packages/airflow/example_dags/example_xcomargs.py
[2023-12-19T09:26:18.710+0000] {logging_mixin.py:188} INFO - [2023-12-19T09:26:18.710+0000] {dag.py:3033} INFO - Sync 2 DAGs
[2023-12-19T09:26:18.722+0000] {logging_mixin.py:188} INFO - [2023-12-19T09:26:18.721+0000] {dag.py:3820} INFO - Setting next_dagrun for example_xcom_args to None, run_after=None
[2023-12-19T09:26:18.726+0000] {logging_mixin.py:188} INFO - [2023-12-19T09:26:18.726+0000] {dag.py:3820} INFO - Setting next_dagrun for example_xcom_args_with_operators to None, run_after=None
[2023-12-19T09:26:18.737+0000] {processor.py:183} INFO - Processing /home/airflow/.local/lib/python3.8/site-packages/airflow/example_dags/example_xcomargs.py took 0.056 seconds
[2023-12-19T09:26:49.196+0000] {processor.py:161} INFO - Started process (PID=2550) to work on /home/airflow/.local/lib/python3.8/site-packages/airflow/example_dags/example_xcomargs.py
[2023-12-19T09:26:49.198+0000] {processor.py:830} INFO - Processing file /home/airflow/.local/lib/python3.8/site-packages/airflow/example_dags/example_xcomargs.py for tasks to queue
[2023-12-19T09:26:49.200+0000] {logging_mixin.py:188} INFO - [2023-12-19T09:26:49.200+0000] {dagbag.py:538} INFO - Filling up the DagBag from /home/airflow/.local/lib/python3.8/site-packages/airflow/example_dags/example_xcomargs.py
[2023-12-19T09:26:49.206+0000] {processor.py:840} INFO - DAG(s) 'example_xcom_args_with_operators', 'example_xcom_args' retrieved from /home/airflow/.local/lib/python3.8/site-packages/airflow/example_dags/example_xcomargs.py
[2023-12-19T09:26:49.222+0000] {logging_mixin.py:188} INFO - [2023-12-19T09:26:49.222+0000] {dag.py:3033} INFO - Sync 2 DAGs
[2023-12-19T09:26:49.229+0000] {logging_mixin.py:188} INFO - [2023-12-19T09:26:49.229+0000] {dag.py:3820} INFO - Setting next_dagrun for example_xcom_args to None, run_after=None
[2023-12-19T09:26:49.232+0000] {logging_mixin.py:188} INFO - [2023-12-19T09:26:49.232+0000] {dag.py:3820} INFO - Setting next_dagrun for example_xcom_args_with_operators to None, run_after=None
[2023-12-19T09:26:49.242+0000] {processor.py:183} INFO - Processing /home/airflow/.local/lib/python3.8/site-packages/airflow/example_dags/example_xcomargs.py took 0.048 seconds
