[2023-12-19T09:03:50.874+0000] {processor.py:161} INFO - Started process (PID=51) to work on /home/airflow/.local/lib/python3.8/site-packages/airflow/example_dags/example_branch_datetime_operator.py
[2023-12-19T09:03:50.876+0000] {processor.py:830} INFO - Processing file /home/airflow/.local/lib/python3.8/site-packages/airflow/example_dags/example_branch_datetime_operator.py for tasks to queue
[2023-12-19T09:03:50.879+0000] {logging_mixin.py:188} INFO - [2023-12-19T09:03:50.879+0000] {dagbag.py:538} INFO - Filling up the DagBag from /home/airflow/.local/lib/python3.8/site-packages/airflow/example_dags/example_branch_datetime_operator.py
[2023-12-19T09:03:50.893+0000] {processor.py:840} INFO - DAG(s) 'example_branch_datetime_operator_3', 'example_branch_datetime_operator', 'example_branch_datetime_operator_2' retrieved from /home/airflow/.local/lib/python3.8/site-packages/airflow/example_dags/example_branch_datetime_operator.py
[2023-12-19T09:03:50.928+0000] {logging_mixin.py:188} INFO - [2023-12-19T09:03:50.928+0000] {dag.py:3033} INFO - Sync 3 DAGs
[2023-12-19T09:03:50.960+0000] {logging_mixin.py:188} INFO - [2023-12-19T09:03:50.960+0000] {dag.py:3820} INFO - Setting next_dagrun for example_branch_datetime_operator to 2023-12-18T00:00:00+00:00, run_after=2023-12-19T00:00:00+00:00
[2023-12-19T09:03:50.965+0000] {logging_mixin.py:188} INFO - [2023-12-19T09:03:50.965+0000] {dag.py:3820} INFO - Setting next_dagrun for example_branch_datetime_operator_2 to 2023-12-18T00:00:00+00:00, run_after=2023-12-19T00:00:00+00:00
[2023-12-19T09:03:50.968+0000] {logging_mixin.py:188} INFO - [2023-12-19T09:03:50.968+0000] {dag.py:3820} INFO - Setting next_dagrun for example_branch_datetime_operator_3 to 2023-12-18T00:00:00+00:00, run_after=2023-12-19T00:00:00+00:00
[2023-12-19T09:03:50.985+0000] {processor.py:183} INFO - Processing /home/airflow/.local/lib/python3.8/site-packages/airflow/example_dags/example_branch_datetime_operator.py took 0.116 seconds
[2023-12-19T09:04:21.956+0000] {processor.py:161} INFO - Started process (PID=107) to work on /home/airflow/.local/lib/python3.8/site-packages/airflow/example_dags/example_branch_datetime_operator.py
[2023-12-19T09:04:21.958+0000] {processor.py:830} INFO - Processing file /home/airflow/.local/lib/python3.8/site-packages/airflow/example_dags/example_branch_datetime_operator.py for tasks to queue
[2023-12-19T09:04:21.960+0000] {logging_mixin.py:188} INFO - [2023-12-19T09:04:21.960+0000] {dagbag.py:538} INFO - Filling up the DagBag from /home/airflow/.local/lib/python3.8/site-packages/airflow/example_dags/example_branch_datetime_operator.py
[2023-12-19T09:04:21.968+0000] {processor.py:840} INFO - DAG(s) 'example_branch_datetime_operator', 'example_branch_datetime_operator_2', 'example_branch_datetime_operator_3' retrieved from /home/airflow/.local/lib/python3.8/site-packages/airflow/example_dags/example_branch_datetime_operator.py
[2023-12-19T09:04:22.061+0000] {logging_mixin.py:188} INFO - [2023-12-19T09:04:22.061+0000] {dag.py:3033} INFO - Sync 3 DAGs
[2023-12-19T09:04:22.079+0000] {logging_mixin.py:188} INFO - [2023-12-19T09:04:22.079+0000] {dag.py:3820} INFO - Setting next_dagrun for example_branch_datetime_operator to 2023-12-18T00:00:00+00:00, run_after=2023-12-19T00:00:00+00:00
[2023-12-19T09:04:22.083+0000] {logging_mixin.py:188} INFO - [2023-12-19T09:04:22.083+0000] {dag.py:3820} INFO - Setting next_dagrun for example_branch_datetime_operator_2 to 2023-12-18T00:00:00+00:00, run_after=2023-12-19T00:00:00+00:00
[2023-12-19T09:04:22.085+0000] {logging_mixin.py:188} INFO - [2023-12-19T09:04:22.085+0000] {dag.py:3820} INFO - Setting next_dagrun for example_branch_datetime_operator_3 to 2023-12-18T00:00:00+00:00, run_after=2023-12-19T00:00:00+00:00
[2023-12-19T09:04:22.100+0000] {processor.py:183} INFO - Processing /home/airflow/.local/lib/python3.8/site-packages/airflow/example_dags/example_branch_datetime_operator.py took 0.147 seconds
[2023-12-19T09:04:52.340+0000] {processor.py:161} INFO - Started process (PID=161) to work on /home/airflow/.local/lib/python3.8/site-packages/airflow/example_dags/example_branch_datetime_operator.py
[2023-12-19T09:04:52.343+0000] {processor.py:830} INFO - Processing file /home/airflow/.local/lib/python3.8/site-packages/airflow/example_dags/example_branch_datetime_operator.py for tasks to queue
[2023-12-19T09:04:52.345+0000] {logging_mixin.py:188} INFO - [2023-12-19T09:04:52.345+0000] {dagbag.py:538} INFO - Filling up the DagBag from /home/airflow/.local/lib/python3.8/site-packages/airflow/example_dags/example_branch_datetime_operator.py
[2023-12-19T09:04:52.355+0000] {processor.py:840} INFO - DAG(s) 'example_branch_datetime_operator_3', 'example_branch_datetime_operator', 'example_branch_datetime_operator_2' retrieved from /home/airflow/.local/lib/python3.8/site-packages/airflow/example_dags/example_branch_datetime_operator.py
[2023-12-19T09:04:52.380+0000] {logging_mixin.py:188} INFO - [2023-12-19T09:04:52.380+0000] {dag.py:3033} INFO - Sync 3 DAGs
[2023-12-19T09:04:52.399+0000] {logging_mixin.py:188} INFO - [2023-12-19T09:04:52.399+0000] {dag.py:3820} INFO - Setting next_dagrun for example_branch_datetime_operator to 2023-12-18T00:00:00+00:00, run_after=2023-12-19T00:00:00+00:00
[2023-12-19T09:04:52.404+0000] {logging_mixin.py:188} INFO - [2023-12-19T09:04:52.404+0000] {dag.py:3820} INFO - Setting next_dagrun for example_branch_datetime_operator_2 to 2023-12-18T00:00:00+00:00, run_after=2023-12-19T00:00:00+00:00
[2023-12-19T09:04:52.408+0000] {logging_mixin.py:188} INFO - [2023-12-19T09:04:52.408+0000] {dag.py:3820} INFO - Setting next_dagrun for example_branch_datetime_operator_3 to 2023-12-18T00:00:00+00:00, run_after=2023-12-19T00:00:00+00:00
[2023-12-19T09:04:52.423+0000] {processor.py:183} INFO - Processing /home/airflow/.local/lib/python3.8/site-packages/airflow/example_dags/example_branch_datetime_operator.py took 0.087 seconds
[2023-12-19T09:05:22.490+0000] {processor.py:161} INFO - Started process (PID=216) to work on /home/airflow/.local/lib/python3.8/site-packages/airflow/example_dags/example_branch_datetime_operator.py
[2023-12-19T09:05:22.492+0000] {processor.py:830} INFO - Processing file /home/airflow/.local/lib/python3.8/site-packages/airflow/example_dags/example_branch_datetime_operator.py for tasks to queue
[2023-12-19T09:05:22.495+0000] {logging_mixin.py:188} INFO - [2023-12-19T09:05:22.495+0000] {dagbag.py:538} INFO - Filling up the DagBag from /home/airflow/.local/lib/python3.8/site-packages/airflow/example_dags/example_branch_datetime_operator.py
[2023-12-19T09:05:22.504+0000] {processor.py:840} INFO - DAG(s) 'example_branch_datetime_operator_3', 'example_branch_datetime_operator', 'example_branch_datetime_operator_2' retrieved from /home/airflow/.local/lib/python3.8/site-packages/airflow/example_dags/example_branch_datetime_operator.py
[2023-12-19T09:05:22.526+0000] {logging_mixin.py:188} INFO - [2023-12-19T09:05:22.526+0000] {dag.py:3033} INFO - Sync 3 DAGs
[2023-12-19T09:05:22.545+0000] {logging_mixin.py:188} INFO - [2023-12-19T09:05:22.545+0000] {dag.py:3820} INFO - Setting next_dagrun for example_branch_datetime_operator to 2023-12-18T00:00:00+00:00, run_after=2023-12-19T00:00:00+00:00
[2023-12-19T09:05:22.550+0000] {logging_mixin.py:188} INFO - [2023-12-19T09:05:22.550+0000] {dag.py:3820} INFO - Setting next_dagrun for example_branch_datetime_operator_2 to 2023-12-18T00:00:00+00:00, run_after=2023-12-19T00:00:00+00:00
[2023-12-19T09:05:22.553+0000] {logging_mixin.py:188} INFO - [2023-12-19T09:05:22.553+0000] {dag.py:3820} INFO - Setting next_dagrun for example_branch_datetime_operator_3 to 2023-12-18T00:00:00+00:00, run_after=2023-12-19T00:00:00+00:00
[2023-12-19T09:05:22.571+0000] {processor.py:183} INFO - Processing /home/airflow/.local/lib/python3.8/site-packages/airflow/example_dags/example_branch_datetime_operator.py took 0.084 seconds
[2023-12-19T09:05:52.965+0000] {processor.py:161} INFO - Started process (PID=271) to work on /home/airflow/.local/lib/python3.8/site-packages/airflow/example_dags/example_branch_datetime_operator.py
[2023-12-19T09:05:52.968+0000] {processor.py:830} INFO - Processing file /home/airflow/.local/lib/python3.8/site-packages/airflow/example_dags/example_branch_datetime_operator.py for tasks to queue
[2023-12-19T09:05:52.971+0000] {logging_mixin.py:188} INFO - [2023-12-19T09:05:52.971+0000] {dagbag.py:538} INFO - Filling up the DagBag from /home/airflow/.local/lib/python3.8/site-packages/airflow/example_dags/example_branch_datetime_operator.py
[2023-12-19T09:05:52.979+0000] {processor.py:840} INFO - DAG(s) 'example_branch_datetime_operator', 'example_branch_datetime_operator_3', 'example_branch_datetime_operator_2' retrieved from /home/airflow/.local/lib/python3.8/site-packages/airflow/example_dags/example_branch_datetime_operator.py
[2023-12-19T09:05:53.002+0000] {logging_mixin.py:188} INFO - [2023-12-19T09:05:53.002+0000] {dag.py:3033} INFO - Sync 3 DAGs
[2023-12-19T09:05:53.020+0000] {logging_mixin.py:188} INFO - [2023-12-19T09:05:53.020+0000] {dag.py:3820} INFO - Setting next_dagrun for example_branch_datetime_operator to 2023-12-18T00:00:00+00:00, run_after=2023-12-19T00:00:00+00:00
[2023-12-19T09:05:53.025+0000] {logging_mixin.py:188} INFO - [2023-12-19T09:05:53.025+0000] {dag.py:3820} INFO - Setting next_dagrun for example_branch_datetime_operator_2 to 2023-12-18T00:00:00+00:00, run_after=2023-12-19T00:00:00+00:00
[2023-12-19T09:05:53.028+0000] {logging_mixin.py:188} INFO - [2023-12-19T09:05:53.028+0000] {dag.py:3820} INFO - Setting next_dagrun for example_branch_datetime_operator_3 to 2023-12-18T00:00:00+00:00, run_after=2023-12-19T00:00:00+00:00
[2023-12-19T09:05:53.043+0000] {processor.py:183} INFO - Processing /home/airflow/.local/lib/python3.8/site-packages/airflow/example_dags/example_branch_datetime_operator.py took 0.080 seconds
[2023-12-19T09:06:23.653+0000] {processor.py:161} INFO - Started process (PID=326) to work on /home/airflow/.local/lib/python3.8/site-packages/airflow/example_dags/example_branch_datetime_operator.py
[2023-12-19T09:06:23.655+0000] {processor.py:830} INFO - Processing file /home/airflow/.local/lib/python3.8/site-packages/airflow/example_dags/example_branch_datetime_operator.py for tasks to queue
[2023-12-19T09:06:23.658+0000] {logging_mixin.py:188} INFO - [2023-12-19T09:06:23.658+0000] {dagbag.py:538} INFO - Filling up the DagBag from /home/airflow/.local/lib/python3.8/site-packages/airflow/example_dags/example_branch_datetime_operator.py
[2023-12-19T09:06:23.666+0000] {processor.py:840} INFO - DAG(s) 'example_branch_datetime_operator_2', 'example_branch_datetime_operator_3', 'example_branch_datetime_operator' retrieved from /home/airflow/.local/lib/python3.8/site-packages/airflow/example_dags/example_branch_datetime_operator.py
[2023-12-19T09:06:23.690+0000] {logging_mixin.py:188} INFO - [2023-12-19T09:06:23.690+0000] {dag.py:3033} INFO - Sync 3 DAGs
[2023-12-19T09:06:23.708+0000] {logging_mixin.py:188} INFO - [2023-12-19T09:06:23.708+0000] {dag.py:3820} INFO - Setting next_dagrun for example_branch_datetime_operator to 2023-12-18T00:00:00+00:00, run_after=2023-12-19T00:00:00+00:00
[2023-12-19T09:06:23.712+0000] {logging_mixin.py:188} INFO - [2023-12-19T09:06:23.712+0000] {dag.py:3820} INFO - Setting next_dagrun for example_branch_datetime_operator_2 to 2023-12-18T00:00:00+00:00, run_after=2023-12-19T00:00:00+00:00
[2023-12-19T09:06:23.715+0000] {logging_mixin.py:188} INFO - [2023-12-19T09:06:23.714+0000] {dag.py:3820} INFO - Setting next_dagrun for example_branch_datetime_operator_3 to 2023-12-18T00:00:00+00:00, run_after=2023-12-19T00:00:00+00:00
[2023-12-19T09:06:23.727+0000] {processor.py:183} INFO - Processing /home/airflow/.local/lib/python3.8/site-packages/airflow/example_dags/example_branch_datetime_operator.py took 0.077 seconds
[2023-12-19T09:06:54.479+0000] {processor.py:161} INFO - Started process (PID=381) to work on /home/airflow/.local/lib/python3.8/site-packages/airflow/example_dags/example_branch_datetime_operator.py
[2023-12-19T09:06:54.481+0000] {processor.py:830} INFO - Processing file /home/airflow/.local/lib/python3.8/site-packages/airflow/example_dags/example_branch_datetime_operator.py for tasks to queue
[2023-12-19T09:06:54.484+0000] {logging_mixin.py:188} INFO - [2023-12-19T09:06:54.484+0000] {dagbag.py:538} INFO - Filling up the DagBag from /home/airflow/.local/lib/python3.8/site-packages/airflow/example_dags/example_branch_datetime_operator.py
[2023-12-19T09:06:54.493+0000] {processor.py:840} INFO - DAG(s) 'example_branch_datetime_operator_3', 'example_branch_datetime_operator', 'example_branch_datetime_operator_2' retrieved from /home/airflow/.local/lib/python3.8/site-packages/airflow/example_dags/example_branch_datetime_operator.py
[2023-12-19T09:06:54.523+0000] {logging_mixin.py:188} INFO - [2023-12-19T09:06:54.522+0000] {dag.py:3033} INFO - Sync 3 DAGs
[2023-12-19T09:06:54.541+0000] {logging_mixin.py:188} INFO - [2023-12-19T09:06:54.541+0000] {dag.py:3820} INFO - Setting next_dagrun for example_branch_datetime_operator to 2023-12-18T00:00:00+00:00, run_after=2023-12-19T00:00:00+00:00
[2023-12-19T09:06:54.546+0000] {logging_mixin.py:188} INFO - [2023-12-19T09:06:54.546+0000] {dag.py:3820} INFO - Setting next_dagrun for example_branch_datetime_operator_2 to 2023-12-18T00:00:00+00:00, run_after=2023-12-19T00:00:00+00:00
[2023-12-19T09:06:54.549+0000] {logging_mixin.py:188} INFO - [2023-12-19T09:06:54.549+0000] {dag.py:3820} INFO - Setting next_dagrun for example_branch_datetime_operator_3 to 2023-12-18T00:00:00+00:00, run_after=2023-12-19T00:00:00+00:00
[2023-12-19T09:06:54.561+0000] {processor.py:183} INFO - Processing /home/airflow/.local/lib/python3.8/site-packages/airflow/example_dags/example_branch_datetime_operator.py took 0.085 seconds
[2023-12-19T09:07:25.250+0000] {processor.py:161} INFO - Started process (PID=436) to work on /home/airflow/.local/lib/python3.8/site-packages/airflow/example_dags/example_branch_datetime_operator.py
[2023-12-19T09:07:25.253+0000] {processor.py:830} INFO - Processing file /home/airflow/.local/lib/python3.8/site-packages/airflow/example_dags/example_branch_datetime_operator.py for tasks to queue
[2023-12-19T09:07:25.255+0000] {logging_mixin.py:188} INFO - [2023-12-19T09:07:25.255+0000] {dagbag.py:538} INFO - Filling up the DagBag from /home/airflow/.local/lib/python3.8/site-packages/airflow/example_dags/example_branch_datetime_operator.py
[2023-12-19T09:07:25.264+0000] {processor.py:840} INFO - DAG(s) 'example_branch_datetime_operator_3', 'example_branch_datetime_operator_2', 'example_branch_datetime_operator' retrieved from /home/airflow/.local/lib/python3.8/site-packages/airflow/example_dags/example_branch_datetime_operator.py
[2023-12-19T09:07:25.287+0000] {logging_mixin.py:188} INFO - [2023-12-19T09:07:25.286+0000] {dag.py:3033} INFO - Sync 3 DAGs
[2023-12-19T09:07:25.306+0000] {logging_mixin.py:188} INFO - [2023-12-19T09:07:25.306+0000] {dag.py:3820} INFO - Setting next_dagrun for example_branch_datetime_operator to 2023-12-18T00:00:00+00:00, run_after=2023-12-19T00:00:00+00:00
[2023-12-19T09:07:25.311+0000] {logging_mixin.py:188} INFO - [2023-12-19T09:07:25.310+0000] {dag.py:3820} INFO - Setting next_dagrun for example_branch_datetime_operator_2 to 2023-12-18T00:00:00+00:00, run_after=2023-12-19T00:00:00+00:00
[2023-12-19T09:07:25.313+0000] {logging_mixin.py:188} INFO - [2023-12-19T09:07:25.313+0000] {dag.py:3820} INFO - Setting next_dagrun for example_branch_datetime_operator_3 to 2023-12-18T00:00:00+00:00, run_after=2023-12-19T00:00:00+00:00
[2023-12-19T09:07:25.327+0000] {processor.py:183} INFO - Processing /home/airflow/.local/lib/python3.8/site-packages/airflow/example_dags/example_branch_datetime_operator.py took 0.080 seconds
[2023-12-19T09:07:56.060+0000] {processor.py:161} INFO - Started process (PID=491) to work on /home/airflow/.local/lib/python3.8/site-packages/airflow/example_dags/example_branch_datetime_operator.py
[2023-12-19T09:07:56.062+0000] {processor.py:830} INFO - Processing file /home/airflow/.local/lib/python3.8/site-packages/airflow/example_dags/example_branch_datetime_operator.py for tasks to queue
[2023-12-19T09:07:56.064+0000] {logging_mixin.py:188} INFO - [2023-12-19T09:07:56.064+0000] {dagbag.py:538} INFO - Filling up the DagBag from /home/airflow/.local/lib/python3.8/site-packages/airflow/example_dags/example_branch_datetime_operator.py
[2023-12-19T09:07:56.073+0000] {processor.py:840} INFO - DAG(s) 'example_branch_datetime_operator_3', 'example_branch_datetime_operator', 'example_branch_datetime_operator_2' retrieved from /home/airflow/.local/lib/python3.8/site-packages/airflow/example_dags/example_branch_datetime_operator.py
[2023-12-19T09:07:56.096+0000] {logging_mixin.py:188} INFO - [2023-12-19T09:07:56.096+0000] {dag.py:3033} INFO - Sync 3 DAGs
[2023-12-19T09:07:56.120+0000] {logging_mixin.py:188} INFO - [2023-12-19T09:07:56.120+0000] {dag.py:3820} INFO - Setting next_dagrun for example_branch_datetime_operator to 2023-12-18T00:00:00+00:00, run_after=2023-12-19T00:00:00+00:00
[2023-12-19T09:07:56.124+0000] {logging_mixin.py:188} INFO - [2023-12-19T09:07:56.124+0000] {dag.py:3820} INFO - Setting next_dagrun for example_branch_datetime_operator_2 to 2023-12-18T00:00:00+00:00, run_after=2023-12-19T00:00:00+00:00
[2023-12-19T09:07:56.126+0000] {logging_mixin.py:188} INFO - [2023-12-19T09:07:56.126+0000] {dag.py:3820} INFO - Setting next_dagrun for example_branch_datetime_operator_3 to 2023-12-18T00:00:00+00:00, run_after=2023-12-19T00:00:00+00:00
[2023-12-19T09:07:56.139+0000] {processor.py:183} INFO - Processing /home/airflow/.local/lib/python3.8/site-packages/airflow/example_dags/example_branch_datetime_operator.py took 0.082 seconds
[2023-12-19T09:08:26.894+0000] {processor.py:161} INFO - Started process (PID=546) to work on /home/airflow/.local/lib/python3.8/site-packages/airflow/example_dags/example_branch_datetime_operator.py
[2023-12-19T09:08:26.897+0000] {processor.py:830} INFO - Processing file /home/airflow/.local/lib/python3.8/site-packages/airflow/example_dags/example_branch_datetime_operator.py for tasks to queue
[2023-12-19T09:08:26.899+0000] {logging_mixin.py:188} INFO - [2023-12-19T09:08:26.899+0000] {dagbag.py:538} INFO - Filling up the DagBag from /home/airflow/.local/lib/python3.8/site-packages/airflow/example_dags/example_branch_datetime_operator.py
[2023-12-19T09:08:26.907+0000] {processor.py:840} INFO - DAG(s) 'example_branch_datetime_operator_3', 'example_branch_datetime_operator', 'example_branch_datetime_operator_2' retrieved from /home/airflow/.local/lib/python3.8/site-packages/airflow/example_dags/example_branch_datetime_operator.py
[2023-12-19T09:08:26.929+0000] {logging_mixin.py:188} INFO - [2023-12-19T09:08:26.929+0000] {dag.py:3033} INFO - Sync 3 DAGs
[2023-12-19T09:08:26.948+0000] {logging_mixin.py:188} INFO - [2023-12-19T09:08:26.948+0000] {dag.py:3820} INFO - Setting next_dagrun for example_branch_datetime_operator to 2023-12-18T00:00:00+00:00, run_after=2023-12-19T00:00:00+00:00
[2023-12-19T09:08:26.953+0000] {logging_mixin.py:188} INFO - [2023-12-19T09:08:26.953+0000] {dag.py:3820} INFO - Setting next_dagrun for example_branch_datetime_operator_2 to 2023-12-18T00:00:00+00:00, run_after=2023-12-19T00:00:00+00:00
[2023-12-19T09:08:26.956+0000] {logging_mixin.py:188} INFO - [2023-12-19T09:08:26.956+0000] {dag.py:3820} INFO - Setting next_dagrun for example_branch_datetime_operator_3 to 2023-12-18T00:00:00+00:00, run_after=2023-12-19T00:00:00+00:00
[2023-12-19T09:08:26.970+0000] {processor.py:183} INFO - Processing /home/airflow/.local/lib/python3.8/site-packages/airflow/example_dags/example_branch_datetime_operator.py took 0.079 seconds
[2023-12-19T09:08:57.120+0000] {processor.py:161} INFO - Started process (PID=601) to work on /home/airflow/.local/lib/python3.8/site-packages/airflow/example_dags/example_branch_datetime_operator.py
[2023-12-19T09:08:57.121+0000] {processor.py:830} INFO - Processing file /home/airflow/.local/lib/python3.8/site-packages/airflow/example_dags/example_branch_datetime_operator.py for tasks to queue
[2023-12-19T09:08:57.123+0000] {logging_mixin.py:188} INFO - [2023-12-19T09:08:57.123+0000] {dagbag.py:538} INFO - Filling up the DagBag from /home/airflow/.local/lib/python3.8/site-packages/airflow/example_dags/example_branch_datetime_operator.py
[2023-12-19T09:08:57.131+0000] {processor.py:840} INFO - DAG(s) 'example_branch_datetime_operator_2', 'example_branch_datetime_operator', 'example_branch_datetime_operator_3' retrieved from /home/airflow/.local/lib/python3.8/site-packages/airflow/example_dags/example_branch_datetime_operator.py
[2023-12-19T09:08:57.155+0000] {logging_mixin.py:188} INFO - [2023-12-19T09:08:57.155+0000] {dag.py:3033} INFO - Sync 3 DAGs
[2023-12-19T09:08:57.173+0000] {logging_mixin.py:188} INFO - [2023-12-19T09:08:57.173+0000] {dag.py:3820} INFO - Setting next_dagrun for example_branch_datetime_operator to 2023-12-18T00:00:00+00:00, run_after=2023-12-19T00:00:00+00:00
[2023-12-19T09:08:57.178+0000] {logging_mixin.py:188} INFO - [2023-12-19T09:08:57.178+0000] {dag.py:3820} INFO - Setting next_dagrun for example_branch_datetime_operator_2 to 2023-12-18T00:00:00+00:00, run_after=2023-12-19T00:00:00+00:00
[2023-12-19T09:08:57.181+0000] {logging_mixin.py:188} INFO - [2023-12-19T09:08:57.181+0000] {dag.py:3820} INFO - Setting next_dagrun for example_branch_datetime_operator_3 to 2023-12-18T00:00:00+00:00, run_after=2023-12-19T00:00:00+00:00
[2023-12-19T09:08:57.195+0000] {processor.py:183} INFO - Processing /home/airflow/.local/lib/python3.8/site-packages/airflow/example_dags/example_branch_datetime_operator.py took 0.078 seconds
[2023-12-19T09:09:27.377+0000] {processor.py:161} INFO - Started process (PID=656) to work on /home/airflow/.local/lib/python3.8/site-packages/airflow/example_dags/example_branch_datetime_operator.py
[2023-12-19T09:09:27.379+0000] {processor.py:830} INFO - Processing file /home/airflow/.local/lib/python3.8/site-packages/airflow/example_dags/example_branch_datetime_operator.py for tasks to queue
[2023-12-19T09:09:27.382+0000] {logging_mixin.py:188} INFO - [2023-12-19T09:09:27.381+0000] {dagbag.py:538} INFO - Filling up the DagBag from /home/airflow/.local/lib/python3.8/site-packages/airflow/example_dags/example_branch_datetime_operator.py
[2023-12-19T09:09:27.390+0000] {processor.py:840} INFO - DAG(s) 'example_branch_datetime_operator_3', 'example_branch_datetime_operator', 'example_branch_datetime_operator_2' retrieved from /home/airflow/.local/lib/python3.8/site-packages/airflow/example_dags/example_branch_datetime_operator.py
[2023-12-19T09:09:27.414+0000] {logging_mixin.py:188} INFO - [2023-12-19T09:09:27.413+0000] {dag.py:3033} INFO - Sync 3 DAGs
[2023-12-19T09:09:27.431+0000] {logging_mixin.py:188} INFO - [2023-12-19T09:09:27.431+0000] {dag.py:3820} INFO - Setting next_dagrun for example_branch_datetime_operator to 2023-12-18T00:00:00+00:00, run_after=2023-12-19T00:00:00+00:00
[2023-12-19T09:09:27.438+0000] {logging_mixin.py:188} INFO - [2023-12-19T09:09:27.437+0000] {dag.py:3820} INFO - Setting next_dagrun for example_branch_datetime_operator_2 to 2023-12-18T00:00:00+00:00, run_after=2023-12-19T00:00:00+00:00
[2023-12-19T09:09:27.441+0000] {logging_mixin.py:188} INFO - [2023-12-19T09:09:27.441+0000] {dag.py:3820} INFO - Setting next_dagrun for example_branch_datetime_operator_3 to 2023-12-18T00:00:00+00:00, run_after=2023-12-19T00:00:00+00:00
[2023-12-19T09:09:27.454+0000] {processor.py:183} INFO - Processing /home/airflow/.local/lib/python3.8/site-packages/airflow/example_dags/example_branch_datetime_operator.py took 0.079 seconds
[2023-12-19T09:09:57.593+0000] {processor.py:161} INFO - Started process (PID=711) to work on /home/airflow/.local/lib/python3.8/site-packages/airflow/example_dags/example_branch_datetime_operator.py
[2023-12-19T09:09:57.595+0000] {processor.py:830} INFO - Processing file /home/airflow/.local/lib/python3.8/site-packages/airflow/example_dags/example_branch_datetime_operator.py for tasks to queue
[2023-12-19T09:09:57.598+0000] {logging_mixin.py:188} INFO - [2023-12-19T09:09:57.597+0000] {dagbag.py:538} INFO - Filling up the DagBag from /home/airflow/.local/lib/python3.8/site-packages/airflow/example_dags/example_branch_datetime_operator.py
[2023-12-19T09:09:57.606+0000] {processor.py:840} INFO - DAG(s) 'example_branch_datetime_operator', 'example_branch_datetime_operator_3', 'example_branch_datetime_operator_2' retrieved from /home/airflow/.local/lib/python3.8/site-packages/airflow/example_dags/example_branch_datetime_operator.py
[2023-12-19T09:09:57.629+0000] {logging_mixin.py:188} INFO - [2023-12-19T09:09:57.629+0000] {dag.py:3033} INFO - Sync 3 DAGs
[2023-12-19T09:09:57.647+0000] {logging_mixin.py:188} INFO - [2023-12-19T09:09:57.647+0000] {dag.py:3820} INFO - Setting next_dagrun for example_branch_datetime_operator to 2023-12-18T00:00:00+00:00, run_after=2023-12-19T00:00:00+00:00
[2023-12-19T09:09:57.651+0000] {logging_mixin.py:188} INFO - [2023-12-19T09:09:57.651+0000] {dag.py:3820} INFO - Setting next_dagrun for example_branch_datetime_operator_2 to 2023-12-18T00:00:00+00:00, run_after=2023-12-19T00:00:00+00:00
[2023-12-19T09:09:57.654+0000] {logging_mixin.py:188} INFO - [2023-12-19T09:09:57.654+0000] {dag.py:3820} INFO - Setting next_dagrun for example_branch_datetime_operator_3 to 2023-12-18T00:00:00+00:00, run_after=2023-12-19T00:00:00+00:00
[2023-12-19T09:09:57.672+0000] {processor.py:183} INFO - Processing /home/airflow/.local/lib/python3.8/site-packages/airflow/example_dags/example_branch_datetime_operator.py took 0.081 seconds
[2023-12-19T09:10:27.897+0000] {processor.py:161} INFO - Started process (PID=767) to work on /home/airflow/.local/lib/python3.8/site-packages/airflow/example_dags/example_branch_datetime_operator.py
[2023-12-19T09:10:27.899+0000] {processor.py:830} INFO - Processing file /home/airflow/.local/lib/python3.8/site-packages/airflow/example_dags/example_branch_datetime_operator.py for tasks to queue
[2023-12-19T09:10:27.901+0000] {logging_mixin.py:188} INFO - [2023-12-19T09:10:27.901+0000] {dagbag.py:538} INFO - Filling up the DagBag from /home/airflow/.local/lib/python3.8/site-packages/airflow/example_dags/example_branch_datetime_operator.py
[2023-12-19T09:10:27.910+0000] {processor.py:840} INFO - DAG(s) 'example_branch_datetime_operator_2', 'example_branch_datetime_operator', 'example_branch_datetime_operator_3' retrieved from /home/airflow/.local/lib/python3.8/site-packages/airflow/example_dags/example_branch_datetime_operator.py
[2023-12-19T09:10:27.935+0000] {logging_mixin.py:188} INFO - [2023-12-19T09:10:27.935+0000] {dag.py:3033} INFO - Sync 3 DAGs
[2023-12-19T09:10:27.953+0000] {logging_mixin.py:188} INFO - [2023-12-19T09:10:27.953+0000] {dag.py:3820} INFO - Setting next_dagrun for example_branch_datetime_operator to 2023-12-18T00:00:00+00:00, run_after=2023-12-19T00:00:00+00:00
[2023-12-19T09:10:27.958+0000] {logging_mixin.py:188} INFO - [2023-12-19T09:10:27.958+0000] {dag.py:3820} INFO - Setting next_dagrun for example_branch_datetime_operator_2 to 2023-12-18T00:00:00+00:00, run_after=2023-12-19T00:00:00+00:00
[2023-12-19T09:10:27.961+0000] {logging_mixin.py:188} INFO - [2023-12-19T09:10:27.961+0000] {dag.py:3820} INFO - Setting next_dagrun for example_branch_datetime_operator_3 to 2023-12-18T00:00:00+00:00, run_after=2023-12-19T00:00:00+00:00
[2023-12-19T09:10:27.977+0000] {processor.py:183} INFO - Processing /home/airflow/.local/lib/python3.8/site-packages/airflow/example_dags/example_branch_datetime_operator.py took 0.083 seconds
[2023-12-19T09:10:58.136+0000] {processor.py:161} INFO - Started process (PID=822) to work on /home/airflow/.local/lib/python3.8/site-packages/airflow/example_dags/example_branch_datetime_operator.py
[2023-12-19T09:10:58.139+0000] {processor.py:830} INFO - Processing file /home/airflow/.local/lib/python3.8/site-packages/airflow/example_dags/example_branch_datetime_operator.py for tasks to queue
[2023-12-19T09:10:58.143+0000] {logging_mixin.py:188} INFO - [2023-12-19T09:10:58.142+0000] {dagbag.py:538} INFO - Filling up the DagBag from /home/airflow/.local/lib/python3.8/site-packages/airflow/example_dags/example_branch_datetime_operator.py
[2023-12-19T09:10:58.151+0000] {processor.py:840} INFO - DAG(s) 'example_branch_datetime_operator_3', 'example_branch_datetime_operator_2', 'example_branch_datetime_operator' retrieved from /home/airflow/.local/lib/python3.8/site-packages/airflow/example_dags/example_branch_datetime_operator.py
[2023-12-19T09:10:58.175+0000] {logging_mixin.py:188} INFO - [2023-12-19T09:10:58.174+0000] {dag.py:3033} INFO - Sync 3 DAGs
[2023-12-19T09:10:58.193+0000] {logging_mixin.py:188} INFO - [2023-12-19T09:10:58.193+0000] {dag.py:3820} INFO - Setting next_dagrun for example_branch_datetime_operator to 2023-12-18T00:00:00+00:00, run_after=2023-12-19T00:00:00+00:00
[2023-12-19T09:10:58.197+0000] {logging_mixin.py:188} INFO - [2023-12-19T09:10:58.197+0000] {dag.py:3820} INFO - Setting next_dagrun for example_branch_datetime_operator_2 to 2023-12-18T00:00:00+00:00, run_after=2023-12-19T00:00:00+00:00
[2023-12-19T09:10:58.200+0000] {logging_mixin.py:188} INFO - [2023-12-19T09:10:58.200+0000] {dag.py:3820} INFO - Setting next_dagrun for example_branch_datetime_operator_3 to 2023-12-18T00:00:00+00:00, run_after=2023-12-19T00:00:00+00:00
[2023-12-19T09:10:58.213+0000] {processor.py:183} INFO - Processing /home/airflow/.local/lib/python3.8/site-packages/airflow/example_dags/example_branch_datetime_operator.py took 0.080 seconds
[2023-12-19T09:11:28.509+0000] {processor.py:161} INFO - Started process (PID=877) to work on /home/airflow/.local/lib/python3.8/site-packages/airflow/example_dags/example_branch_datetime_operator.py
[2023-12-19T09:11:28.510+0000] {processor.py:830} INFO - Processing file /home/airflow/.local/lib/python3.8/site-packages/airflow/example_dags/example_branch_datetime_operator.py for tasks to queue
[2023-12-19T09:11:28.513+0000] {logging_mixin.py:188} INFO - [2023-12-19T09:11:28.513+0000] {dagbag.py:538} INFO - Filling up the DagBag from /home/airflow/.local/lib/python3.8/site-packages/airflow/example_dags/example_branch_datetime_operator.py
[2023-12-19T09:11:28.522+0000] {processor.py:840} INFO - DAG(s) 'example_branch_datetime_operator_3', 'example_branch_datetime_operator_2', 'example_branch_datetime_operator' retrieved from /home/airflow/.local/lib/python3.8/site-packages/airflow/example_dags/example_branch_datetime_operator.py
[2023-12-19T09:11:28.553+0000] {logging_mixin.py:188} INFO - [2023-12-19T09:11:28.553+0000] {dag.py:3033} INFO - Sync 3 DAGs
[2023-12-19T09:11:28.573+0000] {logging_mixin.py:188} INFO - [2023-12-19T09:11:28.573+0000] {dag.py:3820} INFO - Setting next_dagrun for example_branch_datetime_operator to 2023-12-18T00:00:00+00:00, run_after=2023-12-19T00:00:00+00:00
[2023-12-19T09:11:28.578+0000] {logging_mixin.py:188} INFO - [2023-12-19T09:11:28.578+0000] {dag.py:3820} INFO - Setting next_dagrun for example_branch_datetime_operator_2 to 2023-12-18T00:00:00+00:00, run_after=2023-12-19T00:00:00+00:00
[2023-12-19T09:11:28.581+0000] {logging_mixin.py:188} INFO - [2023-12-19T09:11:28.581+0000] {dag.py:3820} INFO - Setting next_dagrun for example_branch_datetime_operator_3 to 2023-12-18T00:00:00+00:00, run_after=2023-12-19T00:00:00+00:00
[2023-12-19T09:11:28.595+0000] {processor.py:183} INFO - Processing /home/airflow/.local/lib/python3.8/site-packages/airflow/example_dags/example_branch_datetime_operator.py took 0.090 seconds
[2023-12-19T09:11:59.204+0000] {processor.py:161} INFO - Started process (PID=932) to work on /home/airflow/.local/lib/python3.8/site-packages/airflow/example_dags/example_branch_datetime_operator.py
[2023-12-19T09:11:59.206+0000] {processor.py:830} INFO - Processing file /home/airflow/.local/lib/python3.8/site-packages/airflow/example_dags/example_branch_datetime_operator.py for tasks to queue
[2023-12-19T09:11:59.208+0000] {logging_mixin.py:188} INFO - [2023-12-19T09:11:59.208+0000] {dagbag.py:538} INFO - Filling up the DagBag from /home/airflow/.local/lib/python3.8/site-packages/airflow/example_dags/example_branch_datetime_operator.py
[2023-12-19T09:11:59.215+0000] {processor.py:840} INFO - DAG(s) 'example_branch_datetime_operator', 'example_branch_datetime_operator_3', 'example_branch_datetime_operator_2' retrieved from /home/airflow/.local/lib/python3.8/site-packages/airflow/example_dags/example_branch_datetime_operator.py
[2023-12-19T09:11:59.233+0000] {logging_mixin.py:188} INFO - [2023-12-19T09:11:59.233+0000] {dag.py:3033} INFO - Sync 3 DAGs
[2023-12-19T09:11:59.250+0000] {logging_mixin.py:188} INFO - [2023-12-19T09:11:59.250+0000] {dag.py:3820} INFO - Setting next_dagrun for example_branch_datetime_operator to 2023-12-18T00:00:00+00:00, run_after=2023-12-19T00:00:00+00:00
[2023-12-19T09:11:59.256+0000] {logging_mixin.py:188} INFO - [2023-12-19T09:11:59.256+0000] {dag.py:3820} INFO - Setting next_dagrun for example_branch_datetime_operator_2 to 2023-12-18T00:00:00+00:00, run_after=2023-12-19T00:00:00+00:00
[2023-12-19T09:11:59.258+0000] {logging_mixin.py:188} INFO - [2023-12-19T09:11:59.258+0000] {dag.py:3820} INFO - Setting next_dagrun for example_branch_datetime_operator_3 to 2023-12-18T00:00:00+00:00, run_after=2023-12-19T00:00:00+00:00
[2023-12-19T09:11:59.269+0000] {processor.py:183} INFO - Processing /home/airflow/.local/lib/python3.8/site-packages/airflow/example_dags/example_branch_datetime_operator.py took 0.067 seconds
[2023-12-19T09:12:29.804+0000] {processor.py:161} INFO - Started process (PID=988) to work on /home/airflow/.local/lib/python3.8/site-packages/airflow/example_dags/example_branch_datetime_operator.py
[2023-12-19T09:12:29.806+0000] {processor.py:830} INFO - Processing file /home/airflow/.local/lib/python3.8/site-packages/airflow/example_dags/example_branch_datetime_operator.py for tasks to queue
[2023-12-19T09:12:29.808+0000] {logging_mixin.py:188} INFO - [2023-12-19T09:12:29.808+0000] {dagbag.py:538} INFO - Filling up the DagBag from /home/airflow/.local/lib/python3.8/site-packages/airflow/example_dags/example_branch_datetime_operator.py
[2023-12-19T09:12:29.814+0000] {processor.py:840} INFO - DAG(s) 'example_branch_datetime_operator_2', 'example_branch_datetime_operator_3', 'example_branch_datetime_operator' retrieved from /home/airflow/.local/lib/python3.8/site-packages/airflow/example_dags/example_branch_datetime_operator.py
[2023-12-19T09:12:29.834+0000] {logging_mixin.py:188} INFO - [2023-12-19T09:12:29.834+0000] {dag.py:3033} INFO - Sync 3 DAGs
[2023-12-19T09:12:29.848+0000] {logging_mixin.py:188} INFO - [2023-12-19T09:12:29.848+0000] {dag.py:3820} INFO - Setting next_dagrun for example_branch_datetime_operator to 2023-12-18T00:00:00+00:00, run_after=2023-12-19T00:00:00+00:00
[2023-12-19T09:12:29.852+0000] {logging_mixin.py:188} INFO - [2023-12-19T09:12:29.852+0000] {dag.py:3820} INFO - Setting next_dagrun for example_branch_datetime_operator_2 to 2023-12-18T00:00:00+00:00, run_after=2023-12-19T00:00:00+00:00
[2023-12-19T09:12:29.854+0000] {logging_mixin.py:188} INFO - [2023-12-19T09:12:29.854+0000] {dag.py:3820} INFO - Setting next_dagrun for example_branch_datetime_operator_3 to 2023-12-18T00:00:00+00:00, run_after=2023-12-19T00:00:00+00:00
[2023-12-19T09:12:29.866+0000] {processor.py:183} INFO - Processing /home/airflow/.local/lib/python3.8/site-packages/airflow/example_dags/example_branch_datetime_operator.py took 0.064 seconds
[2023-12-19T09:13:00.310+0000] {processor.py:161} INFO - Started process (PID=1043) to work on /home/airflow/.local/lib/python3.8/site-packages/airflow/example_dags/example_branch_datetime_operator.py
[2023-12-19T09:13:00.313+0000] {processor.py:830} INFO - Processing file /home/airflow/.local/lib/python3.8/site-packages/airflow/example_dags/example_branch_datetime_operator.py for tasks to queue
[2023-12-19T09:13:00.315+0000] {logging_mixin.py:188} INFO - [2023-12-19T09:13:00.315+0000] {dagbag.py:538} INFO - Filling up the DagBag from /home/airflow/.local/lib/python3.8/site-packages/airflow/example_dags/example_branch_datetime_operator.py
[2023-12-19T09:13:00.322+0000] {processor.py:840} INFO - DAG(s) 'example_branch_datetime_operator_2', 'example_branch_datetime_operator', 'example_branch_datetime_operator_3' retrieved from /home/airflow/.local/lib/python3.8/site-packages/airflow/example_dags/example_branch_datetime_operator.py
[2023-12-19T09:13:00.341+0000] {logging_mixin.py:188} INFO - [2023-12-19T09:13:00.341+0000] {dag.py:3033} INFO - Sync 3 DAGs
[2023-12-19T09:13:00.359+0000] {logging_mixin.py:188} INFO - [2023-12-19T09:13:00.359+0000] {dag.py:3820} INFO - Setting next_dagrun for example_branch_datetime_operator to 2023-12-18T00:00:00+00:00, run_after=2023-12-19T00:00:00+00:00
[2023-12-19T09:13:00.363+0000] {logging_mixin.py:188} INFO - [2023-12-19T09:13:00.363+0000] {dag.py:3820} INFO - Setting next_dagrun for example_branch_datetime_operator_2 to 2023-12-18T00:00:00+00:00, run_after=2023-12-19T00:00:00+00:00
[2023-12-19T09:13:00.366+0000] {logging_mixin.py:188} INFO - [2023-12-19T09:13:00.366+0000] {dag.py:3820} INFO - Setting next_dagrun for example_branch_datetime_operator_3 to 2023-12-18T00:00:00+00:00, run_after=2023-12-19T00:00:00+00:00
[2023-12-19T09:13:00.380+0000] {processor.py:183} INFO - Processing /home/airflow/.local/lib/python3.8/site-packages/airflow/example_dags/example_branch_datetime_operator.py took 0.072 seconds
[2023-12-19T09:13:30.816+0000] {processor.py:161} INFO - Started process (PID=1098) to work on /home/airflow/.local/lib/python3.8/site-packages/airflow/example_dags/example_branch_datetime_operator.py
[2023-12-19T09:13:30.818+0000] {processor.py:830} INFO - Processing file /home/airflow/.local/lib/python3.8/site-packages/airflow/example_dags/example_branch_datetime_operator.py for tasks to queue
[2023-12-19T09:13:30.820+0000] {logging_mixin.py:188} INFO - [2023-12-19T09:13:30.820+0000] {dagbag.py:538} INFO - Filling up the DagBag from /home/airflow/.local/lib/python3.8/site-packages/airflow/example_dags/example_branch_datetime_operator.py
[2023-12-19T09:13:30.827+0000] {processor.py:840} INFO - DAG(s) 'example_branch_datetime_operator', 'example_branch_datetime_operator_3', 'example_branch_datetime_operator_2' retrieved from /home/airflow/.local/lib/python3.8/site-packages/airflow/example_dags/example_branch_datetime_operator.py
[2023-12-19T09:13:30.847+0000] {logging_mixin.py:188} INFO - [2023-12-19T09:13:30.847+0000] {dag.py:3033} INFO - Sync 3 DAGs
[2023-12-19T09:13:30.863+0000] {logging_mixin.py:188} INFO - [2023-12-19T09:13:30.863+0000] {dag.py:3820} INFO - Setting next_dagrun for example_branch_datetime_operator to 2023-12-18T00:00:00+00:00, run_after=2023-12-19T00:00:00+00:00
[2023-12-19T09:13:30.867+0000] {logging_mixin.py:188} INFO - [2023-12-19T09:13:30.867+0000] {dag.py:3820} INFO - Setting next_dagrun for example_branch_datetime_operator_2 to 2023-12-18T00:00:00+00:00, run_after=2023-12-19T00:00:00+00:00
[2023-12-19T09:13:30.869+0000] {logging_mixin.py:188} INFO - [2023-12-19T09:13:30.869+0000] {dag.py:3820} INFO - Setting next_dagrun for example_branch_datetime_operator_3 to 2023-12-18T00:00:00+00:00, run_after=2023-12-19T00:00:00+00:00
[2023-12-19T09:13:30.881+0000] {processor.py:183} INFO - Processing /home/airflow/.local/lib/python3.8/site-packages/airflow/example_dags/example_branch_datetime_operator.py took 0.068 seconds
[2023-12-19T09:14:01.475+0000] {processor.py:161} INFO - Started process (PID=1153) to work on /home/airflow/.local/lib/python3.8/site-packages/airflow/example_dags/example_branch_datetime_operator.py
[2023-12-19T09:14:01.476+0000] {processor.py:830} INFO - Processing file /home/airflow/.local/lib/python3.8/site-packages/airflow/example_dags/example_branch_datetime_operator.py for tasks to queue
[2023-12-19T09:14:01.478+0000] {logging_mixin.py:188} INFO - [2023-12-19T09:14:01.478+0000] {dagbag.py:538} INFO - Filling up the DagBag from /home/airflow/.local/lib/python3.8/site-packages/airflow/example_dags/example_branch_datetime_operator.py
[2023-12-19T09:14:01.485+0000] {processor.py:840} INFO - DAG(s) 'example_branch_datetime_operator_2', 'example_branch_datetime_operator_3', 'example_branch_datetime_operator' retrieved from /home/airflow/.local/lib/python3.8/site-packages/airflow/example_dags/example_branch_datetime_operator.py
[2023-12-19T09:14:01.505+0000] {logging_mixin.py:188} INFO - [2023-12-19T09:14:01.505+0000] {dag.py:3033} INFO - Sync 3 DAGs
[2023-12-19T09:14:01.520+0000] {logging_mixin.py:188} INFO - [2023-12-19T09:14:01.519+0000] {dag.py:3820} INFO - Setting next_dagrun for example_branch_datetime_operator to 2023-12-18T00:00:00+00:00, run_after=2023-12-19T00:00:00+00:00
[2023-12-19T09:14:01.523+0000] {logging_mixin.py:188} INFO - [2023-12-19T09:14:01.523+0000] {dag.py:3820} INFO - Setting next_dagrun for example_branch_datetime_operator_2 to 2023-12-18T00:00:00+00:00, run_after=2023-12-19T00:00:00+00:00
[2023-12-19T09:14:01.527+0000] {logging_mixin.py:188} INFO - [2023-12-19T09:14:01.526+0000] {dag.py:3820} INFO - Setting next_dagrun for example_branch_datetime_operator_3 to 2023-12-18T00:00:00+00:00, run_after=2023-12-19T00:00:00+00:00
[2023-12-19T09:14:01.537+0000] {processor.py:183} INFO - Processing /home/airflow/.local/lib/python3.8/site-packages/airflow/example_dags/example_branch_datetime_operator.py took 0.065 seconds
[2023-12-19T09:14:31.952+0000] {processor.py:161} INFO - Started process (PID=1208) to work on /home/airflow/.local/lib/python3.8/site-packages/airflow/example_dags/example_branch_datetime_operator.py
[2023-12-19T09:14:31.954+0000] {processor.py:830} INFO - Processing file /home/airflow/.local/lib/python3.8/site-packages/airflow/example_dags/example_branch_datetime_operator.py for tasks to queue
[2023-12-19T09:14:31.956+0000] {logging_mixin.py:188} INFO - [2023-12-19T09:14:31.956+0000] {dagbag.py:538} INFO - Filling up the DagBag from /home/airflow/.local/lib/python3.8/site-packages/airflow/example_dags/example_branch_datetime_operator.py
[2023-12-19T09:14:31.963+0000] {processor.py:840} INFO - DAG(s) 'example_branch_datetime_operator', 'example_branch_datetime_operator_3', 'example_branch_datetime_operator_2' retrieved from /home/airflow/.local/lib/python3.8/site-packages/airflow/example_dags/example_branch_datetime_operator.py
[2023-12-19T09:14:31.982+0000] {logging_mixin.py:188} INFO - [2023-12-19T09:14:31.982+0000] {dag.py:3033} INFO - Sync 3 DAGs
[2023-12-19T09:14:31.998+0000] {logging_mixin.py:188} INFO - [2023-12-19T09:14:31.997+0000] {dag.py:3820} INFO - Setting next_dagrun for example_branch_datetime_operator to 2023-12-18T00:00:00+00:00, run_after=2023-12-19T00:00:00+00:00
[2023-12-19T09:14:32.002+0000] {logging_mixin.py:188} INFO - [2023-12-19T09:14:32.001+0000] {dag.py:3820} INFO - Setting next_dagrun for example_branch_datetime_operator_2 to 2023-12-18T00:00:00+00:00, run_after=2023-12-19T00:00:00+00:00
[2023-12-19T09:14:32.004+0000] {logging_mixin.py:188} INFO - [2023-12-19T09:14:32.004+0000] {dag.py:3820} INFO - Setting next_dagrun for example_branch_datetime_operator_3 to 2023-12-18T00:00:00+00:00, run_after=2023-12-19T00:00:00+00:00
[2023-12-19T09:14:32.014+0000] {processor.py:183} INFO - Processing /home/airflow/.local/lib/python3.8/site-packages/airflow/example_dags/example_branch_datetime_operator.py took 0.065 seconds
[2023-12-19T09:15:02.412+0000] {processor.py:161} INFO - Started process (PID=1263) to work on /home/airflow/.local/lib/python3.8/site-packages/airflow/example_dags/example_branch_datetime_operator.py
[2023-12-19T09:15:02.414+0000] {processor.py:830} INFO - Processing file /home/airflow/.local/lib/python3.8/site-packages/airflow/example_dags/example_branch_datetime_operator.py for tasks to queue
[2023-12-19T09:15:02.417+0000] {logging_mixin.py:188} INFO - [2023-12-19T09:15:02.416+0000] {dagbag.py:538} INFO - Filling up the DagBag from /home/airflow/.local/lib/python3.8/site-packages/airflow/example_dags/example_branch_datetime_operator.py
[2023-12-19T09:15:02.424+0000] {processor.py:840} INFO - DAG(s) 'example_branch_datetime_operator', 'example_branch_datetime_operator_3', 'example_branch_datetime_operator_2' retrieved from /home/airflow/.local/lib/python3.8/site-packages/airflow/example_dags/example_branch_datetime_operator.py
[2023-12-19T09:15:02.444+0000] {logging_mixin.py:188} INFO - [2023-12-19T09:15:02.444+0000] {dag.py:3033} INFO - Sync 3 DAGs
[2023-12-19T09:15:02.459+0000] {logging_mixin.py:188} INFO - [2023-12-19T09:15:02.458+0000] {dag.py:3820} INFO - Setting next_dagrun for example_branch_datetime_operator to 2023-12-18T00:00:00+00:00, run_after=2023-12-19T00:00:00+00:00
[2023-12-19T09:15:02.462+0000] {logging_mixin.py:188} INFO - [2023-12-19T09:15:02.462+0000] {dag.py:3820} INFO - Setting next_dagrun for example_branch_datetime_operator_2 to 2023-12-18T00:00:00+00:00, run_after=2023-12-19T00:00:00+00:00
[2023-12-19T09:15:02.464+0000] {logging_mixin.py:188} INFO - [2023-12-19T09:15:02.464+0000] {dag.py:3820} INFO - Setting next_dagrun for example_branch_datetime_operator_3 to 2023-12-18T00:00:00+00:00, run_after=2023-12-19T00:00:00+00:00
[2023-12-19T09:15:02.475+0000] {processor.py:183} INFO - Processing /home/airflow/.local/lib/python3.8/site-packages/airflow/example_dags/example_branch_datetime_operator.py took 0.065 seconds
[2023-12-19T09:15:33.169+0000] {processor.py:161} INFO - Started process (PID=1318) to work on /home/airflow/.local/lib/python3.8/site-packages/airflow/example_dags/example_branch_datetime_operator.py
[2023-12-19T09:15:33.170+0000] {processor.py:830} INFO - Processing file /home/airflow/.local/lib/python3.8/site-packages/airflow/example_dags/example_branch_datetime_operator.py for tasks to queue
[2023-12-19T09:15:33.173+0000] {logging_mixin.py:188} INFO - [2023-12-19T09:15:33.172+0000] {dagbag.py:538} INFO - Filling up the DagBag from /home/airflow/.local/lib/python3.8/site-packages/airflow/example_dags/example_branch_datetime_operator.py
[2023-12-19T09:15:33.180+0000] {processor.py:840} INFO - DAG(s) 'example_branch_datetime_operator', 'example_branch_datetime_operator_2', 'example_branch_datetime_operator_3' retrieved from /home/airflow/.local/lib/python3.8/site-packages/airflow/example_dags/example_branch_datetime_operator.py
[2023-12-19T09:15:33.198+0000] {logging_mixin.py:188} INFO - [2023-12-19T09:15:33.198+0000] {dag.py:3033} INFO - Sync 3 DAGs
[2023-12-19T09:15:33.212+0000] {logging_mixin.py:188} INFO - [2023-12-19T09:15:33.212+0000] {dag.py:3820} INFO - Setting next_dagrun for example_branch_datetime_operator to 2023-12-18T00:00:00+00:00, run_after=2023-12-19T00:00:00+00:00
[2023-12-19T09:15:33.216+0000] {logging_mixin.py:188} INFO - [2023-12-19T09:15:33.216+0000] {dag.py:3820} INFO - Setting next_dagrun for example_branch_datetime_operator_2 to 2023-12-18T00:00:00+00:00, run_after=2023-12-19T00:00:00+00:00
[2023-12-19T09:15:33.219+0000] {logging_mixin.py:188} INFO - [2023-12-19T09:15:33.219+0000] {dag.py:3820} INFO - Setting next_dagrun for example_branch_datetime_operator_3 to 2023-12-18T00:00:00+00:00, run_after=2023-12-19T00:00:00+00:00
[2023-12-19T09:15:33.232+0000] {processor.py:183} INFO - Processing /home/airflow/.local/lib/python3.8/site-packages/airflow/example_dags/example_branch_datetime_operator.py took 0.065 seconds
[2023-12-19T09:16:03.774+0000] {processor.py:161} INFO - Started process (PID=1373) to work on /home/airflow/.local/lib/python3.8/site-packages/airflow/example_dags/example_branch_datetime_operator.py
[2023-12-19T09:16:03.775+0000] {processor.py:830} INFO - Processing file /home/airflow/.local/lib/python3.8/site-packages/airflow/example_dags/example_branch_datetime_operator.py for tasks to queue
[2023-12-19T09:16:03.777+0000] {logging_mixin.py:188} INFO - [2023-12-19T09:16:03.777+0000] {dagbag.py:538} INFO - Filling up the DagBag from /home/airflow/.local/lib/python3.8/site-packages/airflow/example_dags/example_branch_datetime_operator.py
[2023-12-19T09:16:03.784+0000] {processor.py:840} INFO - DAG(s) 'example_branch_datetime_operator', 'example_branch_datetime_operator_3', 'example_branch_datetime_operator_2' retrieved from /home/airflow/.local/lib/python3.8/site-packages/airflow/example_dags/example_branch_datetime_operator.py
[2023-12-19T09:16:03.808+0000] {logging_mixin.py:188} INFO - [2023-12-19T09:16:03.808+0000] {dag.py:3033} INFO - Sync 3 DAGs
[2023-12-19T09:16:03.823+0000] {logging_mixin.py:188} INFO - [2023-12-19T09:16:03.823+0000] {dag.py:3820} INFO - Setting next_dagrun for example_branch_datetime_operator to 2023-12-18T00:00:00+00:00, run_after=2023-12-19T00:00:00+00:00
[2023-12-19T09:16:03.826+0000] {logging_mixin.py:188} INFO - [2023-12-19T09:16:03.826+0000] {dag.py:3820} INFO - Setting next_dagrun for example_branch_datetime_operator_2 to 2023-12-18T00:00:00+00:00, run_after=2023-12-19T00:00:00+00:00
[2023-12-19T09:16:03.829+0000] {logging_mixin.py:188} INFO - [2023-12-19T09:16:03.829+0000] {dag.py:3820} INFO - Setting next_dagrun for example_branch_datetime_operator_3 to 2023-12-18T00:00:00+00:00, run_after=2023-12-19T00:00:00+00:00
[2023-12-19T09:16:03.842+0000] {processor.py:183} INFO - Processing /home/airflow/.local/lib/python3.8/site-packages/airflow/example_dags/example_branch_datetime_operator.py took 0.070 seconds
[2023-12-19T09:16:34.298+0000] {processor.py:161} INFO - Started process (PID=1428) to work on /home/airflow/.local/lib/python3.8/site-packages/airflow/example_dags/example_branch_datetime_operator.py
[2023-12-19T09:16:34.301+0000] {processor.py:830} INFO - Processing file /home/airflow/.local/lib/python3.8/site-packages/airflow/example_dags/example_branch_datetime_operator.py for tasks to queue
[2023-12-19T09:16:34.304+0000] {logging_mixin.py:188} INFO - [2023-12-19T09:16:34.304+0000] {dagbag.py:538} INFO - Filling up the DagBag from /home/airflow/.local/lib/python3.8/site-packages/airflow/example_dags/example_branch_datetime_operator.py
[2023-12-19T09:16:34.311+0000] {processor.py:840} INFO - DAG(s) 'example_branch_datetime_operator', 'example_branch_datetime_operator_2', 'example_branch_datetime_operator_3' retrieved from /home/airflow/.local/lib/python3.8/site-packages/airflow/example_dags/example_branch_datetime_operator.py
[2023-12-19T09:16:34.330+0000] {logging_mixin.py:188} INFO - [2023-12-19T09:16:34.329+0000] {dag.py:3033} INFO - Sync 3 DAGs
[2023-12-19T09:16:34.345+0000] {logging_mixin.py:188} INFO - [2023-12-19T09:16:34.345+0000] {dag.py:3820} INFO - Setting next_dagrun for example_branch_datetime_operator to 2023-12-18T00:00:00+00:00, run_after=2023-12-19T00:00:00+00:00
[2023-12-19T09:16:34.350+0000] {logging_mixin.py:188} INFO - [2023-12-19T09:16:34.349+0000] {dag.py:3820} INFO - Setting next_dagrun for example_branch_datetime_operator_2 to 2023-12-18T00:00:00+00:00, run_after=2023-12-19T00:00:00+00:00
[2023-12-19T09:16:34.352+0000] {logging_mixin.py:188} INFO - [2023-12-19T09:16:34.352+0000] {dag.py:3820} INFO - Setting next_dagrun for example_branch_datetime_operator_3 to 2023-12-18T00:00:00+00:00, run_after=2023-12-19T00:00:00+00:00
[2023-12-19T09:16:34.363+0000] {processor.py:183} INFO - Processing /home/airflow/.local/lib/python3.8/site-packages/airflow/example_dags/example_branch_datetime_operator.py took 0.069 seconds
[2023-12-19T09:17:04.911+0000] {processor.py:161} INFO - Started process (PID=1483) to work on /home/airflow/.local/lib/python3.8/site-packages/airflow/example_dags/example_branch_datetime_operator.py
[2023-12-19T09:17:04.913+0000] {processor.py:830} INFO - Processing file /home/airflow/.local/lib/python3.8/site-packages/airflow/example_dags/example_branch_datetime_operator.py for tasks to queue
[2023-12-19T09:17:04.915+0000] {logging_mixin.py:188} INFO - [2023-12-19T09:17:04.915+0000] {dagbag.py:538} INFO - Filling up the DagBag from /home/airflow/.local/lib/python3.8/site-packages/airflow/example_dags/example_branch_datetime_operator.py
[2023-12-19T09:17:04.921+0000] {processor.py:840} INFO - DAG(s) 'example_branch_datetime_operator', 'example_branch_datetime_operator_2', 'example_branch_datetime_operator_3' retrieved from /home/airflow/.local/lib/python3.8/site-packages/airflow/example_dags/example_branch_datetime_operator.py
[2023-12-19T09:17:04.941+0000] {logging_mixin.py:188} INFO - [2023-12-19T09:17:04.940+0000] {dag.py:3033} INFO - Sync 3 DAGs
[2023-12-19T09:17:04.955+0000] {logging_mixin.py:188} INFO - [2023-12-19T09:17:04.955+0000] {dag.py:3820} INFO - Setting next_dagrun for example_branch_datetime_operator to 2023-12-18T00:00:00+00:00, run_after=2023-12-19T00:00:00+00:00
[2023-12-19T09:17:04.958+0000] {logging_mixin.py:188} INFO - [2023-12-19T09:17:04.958+0000] {dag.py:3820} INFO - Setting next_dagrun for example_branch_datetime_operator_2 to 2023-12-18T00:00:00+00:00, run_after=2023-12-19T00:00:00+00:00
[2023-12-19T09:17:04.960+0000] {logging_mixin.py:188} INFO - [2023-12-19T09:17:04.960+0000] {dag.py:3820} INFO - Setting next_dagrun for example_branch_datetime_operator_3 to 2023-12-18T00:00:00+00:00, run_after=2023-12-19T00:00:00+00:00
[2023-12-19T09:17:04.971+0000] {processor.py:183} INFO - Processing /home/airflow/.local/lib/python3.8/site-packages/airflow/example_dags/example_branch_datetime_operator.py took 0.062 seconds
[2023-12-19T09:17:35.442+0000] {processor.py:161} INFO - Started process (PID=1538) to work on /home/airflow/.local/lib/python3.8/site-packages/airflow/example_dags/example_branch_datetime_operator.py
[2023-12-19T09:17:35.444+0000] {processor.py:830} INFO - Processing file /home/airflow/.local/lib/python3.8/site-packages/airflow/example_dags/example_branch_datetime_operator.py for tasks to queue
[2023-12-19T09:17:35.446+0000] {logging_mixin.py:188} INFO - [2023-12-19T09:17:35.446+0000] {dagbag.py:538} INFO - Filling up the DagBag from /home/airflow/.local/lib/python3.8/site-packages/airflow/example_dags/example_branch_datetime_operator.py
[2023-12-19T09:17:35.453+0000] {processor.py:840} INFO - DAG(s) 'example_branch_datetime_operator', 'example_branch_datetime_operator_2', 'example_branch_datetime_operator_3' retrieved from /home/airflow/.local/lib/python3.8/site-packages/airflow/example_dags/example_branch_datetime_operator.py
[2023-12-19T09:17:35.474+0000] {logging_mixin.py:188} INFO - [2023-12-19T09:17:35.474+0000] {dag.py:3033} INFO - Sync 3 DAGs
[2023-12-19T09:17:35.491+0000] {logging_mixin.py:188} INFO - [2023-12-19T09:17:35.490+0000] {dag.py:3820} INFO - Setting next_dagrun for example_branch_datetime_operator to 2023-12-18T00:00:00+00:00, run_after=2023-12-19T00:00:00+00:00
[2023-12-19T09:17:35.495+0000] {logging_mixin.py:188} INFO - [2023-12-19T09:17:35.495+0000] {dag.py:3820} INFO - Setting next_dagrun for example_branch_datetime_operator_2 to 2023-12-18T00:00:00+00:00, run_after=2023-12-19T00:00:00+00:00
[2023-12-19T09:17:35.497+0000] {logging_mixin.py:188} INFO - [2023-12-19T09:17:35.497+0000] {dag.py:3820} INFO - Setting next_dagrun for example_branch_datetime_operator_3 to 2023-12-18T00:00:00+00:00, run_after=2023-12-19T00:00:00+00:00
[2023-12-19T09:17:35.509+0000] {processor.py:183} INFO - Processing /home/airflow/.local/lib/python3.8/site-packages/airflow/example_dags/example_branch_datetime_operator.py took 0.069 seconds
[2023-12-19T09:18:05.912+0000] {processor.py:161} INFO - Started process (PID=1593) to work on /home/airflow/.local/lib/python3.8/site-packages/airflow/example_dags/example_branch_datetime_operator.py
[2023-12-19T09:18:05.914+0000] {processor.py:830} INFO - Processing file /home/airflow/.local/lib/python3.8/site-packages/airflow/example_dags/example_branch_datetime_operator.py for tasks to queue
[2023-12-19T09:18:05.916+0000] {logging_mixin.py:188} INFO - [2023-12-19T09:18:05.915+0000] {dagbag.py:538} INFO - Filling up the DagBag from /home/airflow/.local/lib/python3.8/site-packages/airflow/example_dags/example_branch_datetime_operator.py
[2023-12-19T09:18:05.923+0000] {processor.py:840} INFO - DAG(s) 'example_branch_datetime_operator', 'example_branch_datetime_operator_3', 'example_branch_datetime_operator_2' retrieved from /home/airflow/.local/lib/python3.8/site-packages/airflow/example_dags/example_branch_datetime_operator.py
[2023-12-19T09:18:05.943+0000] {logging_mixin.py:188} INFO - [2023-12-19T09:18:05.943+0000] {dag.py:3033} INFO - Sync 3 DAGs
[2023-12-19T09:18:05.957+0000] {logging_mixin.py:188} INFO - [2023-12-19T09:18:05.957+0000] {dag.py:3820} INFO - Setting next_dagrun for example_branch_datetime_operator to 2023-12-18T00:00:00+00:00, run_after=2023-12-19T00:00:00+00:00
[2023-12-19T09:18:05.960+0000] {logging_mixin.py:188} INFO - [2023-12-19T09:18:05.960+0000] {dag.py:3820} INFO - Setting next_dagrun for example_branch_datetime_operator_2 to 2023-12-18T00:00:00+00:00, run_after=2023-12-19T00:00:00+00:00
[2023-12-19T09:18:05.962+0000] {logging_mixin.py:188} INFO - [2023-12-19T09:18:05.962+0000] {dag.py:3820} INFO - Setting next_dagrun for example_branch_datetime_operator_3 to 2023-12-18T00:00:00+00:00, run_after=2023-12-19T00:00:00+00:00
[2023-12-19T09:18:05.974+0000] {processor.py:183} INFO - Processing /home/airflow/.local/lib/python3.8/site-packages/airflow/example_dags/example_branch_datetime_operator.py took 0.064 seconds
[2023-12-19T09:18:36.522+0000] {processor.py:161} INFO - Started process (PID=1648) to work on /home/airflow/.local/lib/python3.8/site-packages/airflow/example_dags/example_branch_datetime_operator.py
[2023-12-19T09:18:36.524+0000] {processor.py:830} INFO - Processing file /home/airflow/.local/lib/python3.8/site-packages/airflow/example_dags/example_branch_datetime_operator.py for tasks to queue
[2023-12-19T09:18:36.526+0000] {logging_mixin.py:188} INFO - [2023-12-19T09:18:36.526+0000] {dagbag.py:538} INFO - Filling up the DagBag from /home/airflow/.local/lib/python3.8/site-packages/airflow/example_dags/example_branch_datetime_operator.py
[2023-12-19T09:18:36.534+0000] {processor.py:840} INFO - DAG(s) 'example_branch_datetime_operator_3', 'example_branch_datetime_operator', 'example_branch_datetime_operator_2' retrieved from /home/airflow/.local/lib/python3.8/site-packages/airflow/example_dags/example_branch_datetime_operator.py
[2023-12-19T09:18:36.559+0000] {logging_mixin.py:188} INFO - [2023-12-19T09:18:36.559+0000] {dag.py:3033} INFO - Sync 3 DAGs
[2023-12-19T09:18:36.573+0000] {logging_mixin.py:188} INFO - [2023-12-19T09:18:36.573+0000] {dag.py:3820} INFO - Setting next_dagrun for example_branch_datetime_operator to 2023-12-18T00:00:00+00:00, run_after=2023-12-19T00:00:00+00:00
[2023-12-19T09:18:36.577+0000] {logging_mixin.py:188} INFO - [2023-12-19T09:18:36.577+0000] {dag.py:3820} INFO - Setting next_dagrun for example_branch_datetime_operator_2 to 2023-12-18T00:00:00+00:00, run_after=2023-12-19T00:00:00+00:00
[2023-12-19T09:18:36.580+0000] {logging_mixin.py:188} INFO - [2023-12-19T09:18:36.580+0000] {dag.py:3820} INFO - Setting next_dagrun for example_branch_datetime_operator_3 to 2023-12-18T00:00:00+00:00, run_after=2023-12-19T00:00:00+00:00
[2023-12-19T09:18:36.590+0000] {processor.py:183} INFO - Processing /home/airflow/.local/lib/python3.8/site-packages/airflow/example_dags/example_branch_datetime_operator.py took 0.071 seconds
[2023-12-19T09:19:07.652+0000] {processor.py:161} INFO - Started process (PID=1703) to work on /home/airflow/.local/lib/python3.8/site-packages/airflow/example_dags/example_branch_datetime_operator.py
[2023-12-19T09:19:07.654+0000] {processor.py:830} INFO - Processing file /home/airflow/.local/lib/python3.8/site-packages/airflow/example_dags/example_branch_datetime_operator.py for tasks to queue
[2023-12-19T09:19:07.656+0000] {logging_mixin.py:188} INFO - [2023-12-19T09:19:07.656+0000] {dagbag.py:538} INFO - Filling up the DagBag from /home/airflow/.local/lib/python3.8/site-packages/airflow/example_dags/example_branch_datetime_operator.py
[2023-12-19T09:19:07.663+0000] {processor.py:840} INFO - DAG(s) 'example_branch_datetime_operator_3', 'example_branch_datetime_operator', 'example_branch_datetime_operator_2' retrieved from /home/airflow/.local/lib/python3.8/site-packages/airflow/example_dags/example_branch_datetime_operator.py
[2023-12-19T09:19:07.684+0000] {logging_mixin.py:188} INFO - [2023-12-19T09:19:07.684+0000] {dag.py:3033} INFO - Sync 3 DAGs
[2023-12-19T09:19:07.706+0000] {logging_mixin.py:188} INFO - [2023-12-19T09:19:07.706+0000] {dag.py:3820} INFO - Setting next_dagrun for example_branch_datetime_operator to 2023-12-18T00:00:00+00:00, run_after=2023-12-19T00:00:00+00:00
[2023-12-19T09:19:07.710+0000] {logging_mixin.py:188} INFO - [2023-12-19T09:19:07.710+0000] {dag.py:3820} INFO - Setting next_dagrun for example_branch_datetime_operator_2 to 2023-12-18T00:00:00+00:00, run_after=2023-12-19T00:00:00+00:00
[2023-12-19T09:19:07.712+0000] {logging_mixin.py:188} INFO - [2023-12-19T09:19:07.712+0000] {dag.py:3820} INFO - Setting next_dagrun for example_branch_datetime_operator_3 to 2023-12-18T00:00:00+00:00, run_after=2023-12-19T00:00:00+00:00
[2023-12-19T09:19:07.724+0000] {processor.py:183} INFO - Processing /home/airflow/.local/lib/python3.8/site-packages/airflow/example_dags/example_branch_datetime_operator.py took 0.070 seconds
[2023-12-19T09:19:38.434+0000] {processor.py:161} INFO - Started process (PID=1758) to work on /home/airflow/.local/lib/python3.8/site-packages/airflow/example_dags/example_branch_datetime_operator.py
[2023-12-19T09:19:38.437+0000] {processor.py:830} INFO - Processing file /home/airflow/.local/lib/python3.8/site-packages/airflow/example_dags/example_branch_datetime_operator.py for tasks to queue
[2023-12-19T09:19:38.440+0000] {logging_mixin.py:188} INFO - [2023-12-19T09:19:38.440+0000] {dagbag.py:538} INFO - Filling up the DagBag from /home/airflow/.local/lib/python3.8/site-packages/airflow/example_dags/example_branch_datetime_operator.py
[2023-12-19T09:19:38.447+0000] {processor.py:840} INFO - DAG(s) 'example_branch_datetime_operator_3', 'example_branch_datetime_operator', 'example_branch_datetime_operator_2' retrieved from /home/airflow/.local/lib/python3.8/site-packages/airflow/example_dags/example_branch_datetime_operator.py
[2023-12-19T09:19:38.466+0000] {logging_mixin.py:188} INFO - [2023-12-19T09:19:38.466+0000] {dag.py:3033} INFO - Sync 3 DAGs
[2023-12-19T09:19:38.479+0000] {logging_mixin.py:188} INFO - [2023-12-19T09:19:38.479+0000] {dag.py:3820} INFO - Setting next_dagrun for example_branch_datetime_operator to 2023-12-18T00:00:00+00:00, run_after=2023-12-19T00:00:00+00:00
[2023-12-19T09:19:38.483+0000] {logging_mixin.py:188} INFO - [2023-12-19T09:19:38.483+0000] {dag.py:3820} INFO - Setting next_dagrun for example_branch_datetime_operator_2 to 2023-12-18T00:00:00+00:00, run_after=2023-12-19T00:00:00+00:00
[2023-12-19T09:19:38.485+0000] {logging_mixin.py:188} INFO - [2023-12-19T09:19:38.485+0000] {dag.py:3820} INFO - Setting next_dagrun for example_branch_datetime_operator_3 to 2023-12-18T00:00:00+00:00, run_after=2023-12-19T00:00:00+00:00
[2023-12-19T09:19:38.579+0000] {processor.py:183} INFO - Processing /home/airflow/.local/lib/python3.8/site-packages/airflow/example_dags/example_branch_datetime_operator.py took 0.147 seconds
[2023-12-19T09:20:09.532+0000] {processor.py:161} INFO - Started process (PID=1812) to work on /home/airflow/.local/lib/python3.8/site-packages/airflow/example_dags/example_branch_datetime_operator.py
[2023-12-19T09:20:09.534+0000] {processor.py:830} INFO - Processing file /home/airflow/.local/lib/python3.8/site-packages/airflow/example_dags/example_branch_datetime_operator.py for tasks to queue
[2023-12-19T09:20:09.536+0000] {logging_mixin.py:188} INFO - [2023-12-19T09:20:09.536+0000] {dagbag.py:538} INFO - Filling up the DagBag from /home/airflow/.local/lib/python3.8/site-packages/airflow/example_dags/example_branch_datetime_operator.py
[2023-12-19T09:20:09.543+0000] {processor.py:840} INFO - DAG(s) 'example_branch_datetime_operator_3', 'example_branch_datetime_operator', 'example_branch_datetime_operator_2' retrieved from /home/airflow/.local/lib/python3.8/site-packages/airflow/example_dags/example_branch_datetime_operator.py
[2023-12-19T09:20:09.564+0000] {logging_mixin.py:188} INFO - [2023-12-19T09:20:09.564+0000] {dag.py:3033} INFO - Sync 3 DAGs
[2023-12-19T09:20:09.578+0000] {logging_mixin.py:188} INFO - [2023-12-19T09:20:09.577+0000] {dag.py:3820} INFO - Setting next_dagrun for example_branch_datetime_operator to 2023-12-18T00:00:00+00:00, run_after=2023-12-19T00:00:00+00:00
[2023-12-19T09:20:09.581+0000] {logging_mixin.py:188} INFO - [2023-12-19T09:20:09.581+0000] {dag.py:3820} INFO - Setting next_dagrun for example_branch_datetime_operator_2 to 2023-12-18T00:00:00+00:00, run_after=2023-12-19T00:00:00+00:00
[2023-12-19T09:20:09.584+0000] {logging_mixin.py:188} INFO - [2023-12-19T09:20:09.584+0000] {dag.py:3820} INFO - Setting next_dagrun for example_branch_datetime_operator_3 to 2023-12-18T00:00:00+00:00, run_after=2023-12-19T00:00:00+00:00
[2023-12-19T09:20:09.595+0000] {processor.py:183} INFO - Processing /home/airflow/.local/lib/python3.8/site-packages/airflow/example_dags/example_branch_datetime_operator.py took 0.065 seconds
[2023-12-19T09:20:39.688+0000] {processor.py:161} INFO - Started process (PID=1867) to work on /home/airflow/.local/lib/python3.8/site-packages/airflow/example_dags/example_branch_datetime_operator.py
[2023-12-19T09:20:39.690+0000] {processor.py:830} INFO - Processing file /home/airflow/.local/lib/python3.8/site-packages/airflow/example_dags/example_branch_datetime_operator.py for tasks to queue
[2023-12-19T09:20:39.692+0000] {logging_mixin.py:188} INFO - [2023-12-19T09:20:39.692+0000] {dagbag.py:538} INFO - Filling up the DagBag from /home/airflow/.local/lib/python3.8/site-packages/airflow/example_dags/example_branch_datetime_operator.py
[2023-12-19T09:20:39.702+0000] {processor.py:840} INFO - DAG(s) 'example_branch_datetime_operator', 'example_branch_datetime_operator_3', 'example_branch_datetime_operator_2' retrieved from /home/airflow/.local/lib/python3.8/site-packages/airflow/example_dags/example_branch_datetime_operator.py
[2023-12-19T09:20:39.724+0000] {logging_mixin.py:188} INFO - [2023-12-19T09:20:39.724+0000] {dag.py:3033} INFO - Sync 3 DAGs
[2023-12-19T09:20:39.741+0000] {logging_mixin.py:188} INFO - [2023-12-19T09:20:39.741+0000] {dag.py:3820} INFO - Setting next_dagrun for example_branch_datetime_operator to 2023-12-18T00:00:00+00:00, run_after=2023-12-19T00:00:00+00:00
[2023-12-19T09:20:39.747+0000] {logging_mixin.py:188} INFO - [2023-12-19T09:20:39.747+0000] {dag.py:3820} INFO - Setting next_dagrun for example_branch_datetime_operator_2 to 2023-12-18T00:00:00+00:00, run_after=2023-12-19T00:00:00+00:00
[2023-12-19T09:20:39.750+0000] {logging_mixin.py:188} INFO - [2023-12-19T09:20:39.750+0000] {dag.py:3820} INFO - Setting next_dagrun for example_branch_datetime_operator_3 to 2023-12-18T00:00:00+00:00, run_after=2023-12-19T00:00:00+00:00
[2023-12-19T09:20:39.763+0000] {processor.py:183} INFO - Processing /home/airflow/.local/lib/python3.8/site-packages/airflow/example_dags/example_branch_datetime_operator.py took 0.078 seconds
[2023-12-19T09:21:10.354+0000] {processor.py:161} INFO - Started process (PID=1922) to work on /home/airflow/.local/lib/python3.8/site-packages/airflow/example_dags/example_branch_datetime_operator.py
[2023-12-19T09:21:10.356+0000] {processor.py:830} INFO - Processing file /home/airflow/.local/lib/python3.8/site-packages/airflow/example_dags/example_branch_datetime_operator.py for tasks to queue
[2023-12-19T09:21:10.358+0000] {logging_mixin.py:188} INFO - [2023-12-19T09:21:10.358+0000] {dagbag.py:538} INFO - Filling up the DagBag from /home/airflow/.local/lib/python3.8/site-packages/airflow/example_dags/example_branch_datetime_operator.py
[2023-12-19T09:21:10.365+0000] {processor.py:840} INFO - DAG(s) 'example_branch_datetime_operator_3', 'example_branch_datetime_operator', 'example_branch_datetime_operator_2' retrieved from /home/airflow/.local/lib/python3.8/site-packages/airflow/example_dags/example_branch_datetime_operator.py
[2023-12-19T09:21:10.387+0000] {logging_mixin.py:188} INFO - [2023-12-19T09:21:10.387+0000] {dag.py:3033} INFO - Sync 3 DAGs
[2023-12-19T09:21:10.400+0000] {logging_mixin.py:188} INFO - [2023-12-19T09:21:10.400+0000] {dag.py:3820} INFO - Setting next_dagrun for example_branch_datetime_operator to 2023-12-18T00:00:00+00:00, run_after=2023-12-19T00:00:00+00:00
[2023-12-19T09:21:10.403+0000] {logging_mixin.py:188} INFO - [2023-12-19T09:21:10.403+0000] {dag.py:3820} INFO - Setting next_dagrun for example_branch_datetime_operator_2 to 2023-12-18T00:00:00+00:00, run_after=2023-12-19T00:00:00+00:00
[2023-12-19T09:21:10.405+0000] {logging_mixin.py:188} INFO - [2023-12-19T09:21:10.405+0000] {dag.py:3820} INFO - Setting next_dagrun for example_branch_datetime_operator_3 to 2023-12-18T00:00:00+00:00, run_after=2023-12-19T00:00:00+00:00
[2023-12-19T09:21:10.416+0000] {processor.py:183} INFO - Processing /home/airflow/.local/lib/python3.8/site-packages/airflow/example_dags/example_branch_datetime_operator.py took 0.064 seconds
[2023-12-19T09:21:41.506+0000] {processor.py:161} INFO - Started process (PID=1983) to work on /home/airflow/.local/lib/python3.8/site-packages/airflow/example_dags/example_branch_datetime_operator.py
[2023-12-19T09:21:41.507+0000] {processor.py:830} INFO - Processing file /home/airflow/.local/lib/python3.8/site-packages/airflow/example_dags/example_branch_datetime_operator.py for tasks to queue
[2023-12-19T09:21:41.510+0000] {logging_mixin.py:188} INFO - [2023-12-19T09:21:41.510+0000] {dagbag.py:538} INFO - Filling up the DagBag from /home/airflow/.local/lib/python3.8/site-packages/airflow/example_dags/example_branch_datetime_operator.py
[2023-12-19T09:21:41.518+0000] {processor.py:840} INFO - DAG(s) 'example_branch_datetime_operator', 'example_branch_datetime_operator_3', 'example_branch_datetime_operator_2' retrieved from /home/airflow/.local/lib/python3.8/site-packages/airflow/example_dags/example_branch_datetime_operator.py
[2023-12-19T09:21:41.540+0000] {logging_mixin.py:188} INFO - [2023-12-19T09:21:41.540+0000] {dag.py:3033} INFO - Sync 3 DAGs
[2023-12-19T09:21:41.655+0000] {logging_mixin.py:188} INFO - [2023-12-19T09:21:41.655+0000] {dag.py:3820} INFO - Setting next_dagrun for example_branch_datetime_operator to 2023-12-18T00:00:00+00:00, run_after=2023-12-19T00:00:00+00:00
[2023-12-19T09:21:41.659+0000] {logging_mixin.py:188} INFO - [2023-12-19T09:21:41.659+0000] {dag.py:3820} INFO - Setting next_dagrun for example_branch_datetime_operator_2 to 2023-12-18T00:00:00+00:00, run_after=2023-12-19T00:00:00+00:00
[2023-12-19T09:21:41.662+0000] {logging_mixin.py:188} INFO - [2023-12-19T09:21:41.662+0000] {dag.py:3820} INFO - Setting next_dagrun for example_branch_datetime_operator_3 to 2023-12-18T00:00:00+00:00, run_after=2023-12-19T00:00:00+00:00
[2023-12-19T09:21:41.675+0000] {processor.py:183} INFO - Processing /home/airflow/.local/lib/python3.8/site-packages/airflow/example_dags/example_branch_datetime_operator.py took 0.172 seconds
[2023-12-19T09:22:12.171+0000] {processor.py:161} INFO - Started process (PID=2038) to work on /home/airflow/.local/lib/python3.8/site-packages/airflow/example_dags/example_branch_datetime_operator.py
[2023-12-19T09:22:12.172+0000] {processor.py:830} INFO - Processing file /home/airflow/.local/lib/python3.8/site-packages/airflow/example_dags/example_branch_datetime_operator.py for tasks to queue
[2023-12-19T09:22:12.175+0000] {logging_mixin.py:188} INFO - [2023-12-19T09:22:12.175+0000] {dagbag.py:538} INFO - Filling up the DagBag from /home/airflow/.local/lib/python3.8/site-packages/airflow/example_dags/example_branch_datetime_operator.py
[2023-12-19T09:22:12.181+0000] {processor.py:840} INFO - DAG(s) 'example_branch_datetime_operator_2', 'example_branch_datetime_operator_3', 'example_branch_datetime_operator' retrieved from /home/airflow/.local/lib/python3.8/site-packages/airflow/example_dags/example_branch_datetime_operator.py
[2023-12-19T09:22:12.200+0000] {logging_mixin.py:188} INFO - [2023-12-19T09:22:12.200+0000] {dag.py:3033} INFO - Sync 3 DAGs
[2023-12-19T09:22:12.312+0000] {logging_mixin.py:188} INFO - [2023-12-19T09:22:12.312+0000] {dag.py:3820} INFO - Setting next_dagrun for example_branch_datetime_operator to 2023-12-18T00:00:00+00:00, run_after=2023-12-19T00:00:00+00:00
[2023-12-19T09:22:12.316+0000] {logging_mixin.py:188} INFO - [2023-12-19T09:22:12.316+0000] {dag.py:3820} INFO - Setting next_dagrun for example_branch_datetime_operator_2 to 2023-12-18T00:00:00+00:00, run_after=2023-12-19T00:00:00+00:00
[2023-12-19T09:22:12.319+0000] {logging_mixin.py:188} INFO - [2023-12-19T09:22:12.319+0000] {dag.py:3820} INFO - Setting next_dagrun for example_branch_datetime_operator_3 to 2023-12-18T00:00:00+00:00, run_after=2023-12-19T00:00:00+00:00
[2023-12-19T09:22:12.332+0000] {processor.py:183} INFO - Processing /home/airflow/.local/lib/python3.8/site-packages/airflow/example_dags/example_branch_datetime_operator.py took 0.163 seconds
[2023-12-19T09:22:42.984+0000] {processor.py:161} INFO - Started process (PID=2093) to work on /home/airflow/.local/lib/python3.8/site-packages/airflow/example_dags/example_branch_datetime_operator.py
[2023-12-19T09:22:42.986+0000] {processor.py:830} INFO - Processing file /home/airflow/.local/lib/python3.8/site-packages/airflow/example_dags/example_branch_datetime_operator.py for tasks to queue
[2023-12-19T09:22:42.989+0000] {logging_mixin.py:188} INFO - [2023-12-19T09:22:42.989+0000] {dagbag.py:538} INFO - Filling up the DagBag from /home/airflow/.local/lib/python3.8/site-packages/airflow/example_dags/example_branch_datetime_operator.py
[2023-12-19T09:22:42.996+0000] {processor.py:840} INFO - DAG(s) 'example_branch_datetime_operator', 'example_branch_datetime_operator_2', 'example_branch_datetime_operator_3' retrieved from /home/airflow/.local/lib/python3.8/site-packages/airflow/example_dags/example_branch_datetime_operator.py
[2023-12-19T09:22:43.015+0000] {logging_mixin.py:188} INFO - [2023-12-19T09:22:43.015+0000] {dag.py:3033} INFO - Sync 3 DAGs
[2023-12-19T09:22:43.030+0000] {logging_mixin.py:188} INFO - [2023-12-19T09:22:43.030+0000] {dag.py:3820} INFO - Setting next_dagrun for example_branch_datetime_operator to 2023-12-18T00:00:00+00:00, run_after=2023-12-19T00:00:00+00:00
[2023-12-19T09:22:43.034+0000] {logging_mixin.py:188} INFO - [2023-12-19T09:22:43.034+0000] {dag.py:3820} INFO - Setting next_dagrun for example_branch_datetime_operator_2 to 2023-12-18T00:00:00+00:00, run_after=2023-12-19T00:00:00+00:00
[2023-12-19T09:22:43.037+0000] {logging_mixin.py:188} INFO - [2023-12-19T09:22:43.037+0000] {dag.py:3820} INFO - Setting next_dagrun for example_branch_datetime_operator_3 to 2023-12-18T00:00:00+00:00, run_after=2023-12-19T00:00:00+00:00
[2023-12-19T09:22:43.048+0000] {processor.py:183} INFO - Processing /home/airflow/.local/lib/python3.8/site-packages/airflow/example_dags/example_branch_datetime_operator.py took 0.066 seconds
[2023-12-19T09:23:13.552+0000] {processor.py:161} INFO - Started process (PID=2148) to work on /home/airflow/.local/lib/python3.8/site-packages/airflow/example_dags/example_branch_datetime_operator.py
[2023-12-19T09:23:13.554+0000] {processor.py:830} INFO - Processing file /home/airflow/.local/lib/python3.8/site-packages/airflow/example_dags/example_branch_datetime_operator.py for tasks to queue
[2023-12-19T09:23:13.556+0000] {logging_mixin.py:188} INFO - [2023-12-19T09:23:13.556+0000] {dagbag.py:538} INFO - Filling up the DagBag from /home/airflow/.local/lib/python3.8/site-packages/airflow/example_dags/example_branch_datetime_operator.py
[2023-12-19T09:23:13.563+0000] {processor.py:840} INFO - DAG(s) 'example_branch_datetime_operator', 'example_branch_datetime_operator_3', 'example_branch_datetime_operator_2' retrieved from /home/airflow/.local/lib/python3.8/site-packages/airflow/example_dags/example_branch_datetime_operator.py
[2023-12-19T09:23:13.584+0000] {logging_mixin.py:188} INFO - [2023-12-19T09:23:13.584+0000] {dag.py:3033} INFO - Sync 3 DAGs
[2023-12-19T09:23:13.598+0000] {logging_mixin.py:188} INFO - [2023-12-19T09:23:13.598+0000] {dag.py:3820} INFO - Setting next_dagrun for example_branch_datetime_operator to 2023-12-18T00:00:00+00:00, run_after=2023-12-19T00:00:00+00:00
[2023-12-19T09:23:13.601+0000] {logging_mixin.py:188} INFO - [2023-12-19T09:23:13.601+0000] {dag.py:3820} INFO - Setting next_dagrun for example_branch_datetime_operator_2 to 2023-12-18T00:00:00+00:00, run_after=2023-12-19T00:00:00+00:00
[2023-12-19T09:23:13.604+0000] {logging_mixin.py:188} INFO - [2023-12-19T09:23:13.604+0000] {dag.py:3820} INFO - Setting next_dagrun for example_branch_datetime_operator_3 to 2023-12-18T00:00:00+00:00, run_after=2023-12-19T00:00:00+00:00
[2023-12-19T09:23:13.615+0000] {processor.py:183} INFO - Processing /home/airflow/.local/lib/python3.8/site-packages/airflow/example_dags/example_branch_datetime_operator.py took 0.065 seconds
[2023-12-19T09:23:44.379+0000] {processor.py:161} INFO - Started process (PID=2203) to work on /home/airflow/.local/lib/python3.8/site-packages/airflow/example_dags/example_branch_datetime_operator.py
[2023-12-19T09:23:44.382+0000] {processor.py:830} INFO - Processing file /home/airflow/.local/lib/python3.8/site-packages/airflow/example_dags/example_branch_datetime_operator.py for tasks to queue
[2023-12-19T09:23:44.384+0000] {logging_mixin.py:188} INFO - [2023-12-19T09:23:44.384+0000] {dagbag.py:538} INFO - Filling up the DagBag from /home/airflow/.local/lib/python3.8/site-packages/airflow/example_dags/example_branch_datetime_operator.py
[2023-12-19T09:23:44.391+0000] {processor.py:840} INFO - DAG(s) 'example_branch_datetime_operator', 'example_branch_datetime_operator_3', 'example_branch_datetime_operator_2' retrieved from /home/airflow/.local/lib/python3.8/site-packages/airflow/example_dags/example_branch_datetime_operator.py
[2023-12-19T09:23:44.410+0000] {logging_mixin.py:188} INFO - [2023-12-19T09:23:44.410+0000] {dag.py:3033} INFO - Sync 3 DAGs
[2023-12-19T09:23:44.424+0000] {logging_mixin.py:188} INFO - [2023-12-19T09:23:44.424+0000] {dag.py:3820} INFO - Setting next_dagrun for example_branch_datetime_operator to 2023-12-18T00:00:00+00:00, run_after=2023-12-19T00:00:00+00:00
[2023-12-19T09:23:44.428+0000] {logging_mixin.py:188} INFO - [2023-12-19T09:23:44.428+0000] {dag.py:3820} INFO - Setting next_dagrun for example_branch_datetime_operator_2 to 2023-12-18T00:00:00+00:00, run_after=2023-12-19T00:00:00+00:00
[2023-12-19T09:23:44.430+0000] {logging_mixin.py:188} INFO - [2023-12-19T09:23:44.430+0000] {dag.py:3820} INFO - Setting next_dagrun for example_branch_datetime_operator_3 to 2023-12-18T00:00:00+00:00, run_after=2023-12-19T00:00:00+00:00
[2023-12-19T09:23:44.446+0000] {processor.py:183} INFO - Processing /home/airflow/.local/lib/python3.8/site-packages/airflow/example_dags/example_branch_datetime_operator.py took 0.070 seconds
[2023-12-19T09:24:14.955+0000] {processor.py:161} INFO - Started process (PID=2257) to work on /home/airflow/.local/lib/python3.8/site-packages/airflow/example_dags/example_branch_datetime_operator.py
[2023-12-19T09:24:14.957+0000] {processor.py:830} INFO - Processing file /home/airflow/.local/lib/python3.8/site-packages/airflow/example_dags/example_branch_datetime_operator.py for tasks to queue
[2023-12-19T09:24:14.960+0000] {logging_mixin.py:188} INFO - [2023-12-19T09:24:14.960+0000] {dagbag.py:538} INFO - Filling up the DagBag from /home/airflow/.local/lib/python3.8/site-packages/airflow/example_dags/example_branch_datetime_operator.py
[2023-12-19T09:24:14.970+0000] {processor.py:840} INFO - DAG(s) 'example_branch_datetime_operator', 'example_branch_datetime_operator_3', 'example_branch_datetime_operator_2' retrieved from /home/airflow/.local/lib/python3.8/site-packages/airflow/example_dags/example_branch_datetime_operator.py
[2023-12-19T09:24:14.989+0000] {logging_mixin.py:188} INFO - [2023-12-19T09:24:14.989+0000] {dag.py:3033} INFO - Sync 3 DAGs
[2023-12-19T09:24:15.003+0000] {logging_mixin.py:188} INFO - [2023-12-19T09:24:15.003+0000] {dag.py:3820} INFO - Setting next_dagrun for example_branch_datetime_operator to 2023-12-18T00:00:00+00:00, run_after=2023-12-19T00:00:00+00:00
[2023-12-19T09:24:15.007+0000] {logging_mixin.py:188} INFO - [2023-12-19T09:24:15.007+0000] {dag.py:3820} INFO - Setting next_dagrun for example_branch_datetime_operator_2 to 2023-12-18T00:00:00+00:00, run_after=2023-12-19T00:00:00+00:00
[2023-12-19T09:24:15.009+0000] {logging_mixin.py:188} INFO - [2023-12-19T09:24:15.009+0000] {dag.py:3820} INFO - Setting next_dagrun for example_branch_datetime_operator_3 to 2023-12-18T00:00:00+00:00, run_after=2023-12-19T00:00:00+00:00
[2023-12-19T09:24:15.020+0000] {processor.py:183} INFO - Processing /home/airflow/.local/lib/python3.8/site-packages/airflow/example_dags/example_branch_datetime_operator.py took 0.068 seconds
[2023-12-19T09:24:45.319+0000] {processor.py:161} INFO - Started process (PID=2312) to work on /home/airflow/.local/lib/python3.8/site-packages/airflow/example_dags/example_branch_datetime_operator.py
[2023-12-19T09:24:45.320+0000] {processor.py:830} INFO - Processing file /home/airflow/.local/lib/python3.8/site-packages/airflow/example_dags/example_branch_datetime_operator.py for tasks to queue
[2023-12-19T09:24:45.322+0000] {logging_mixin.py:188} INFO - [2023-12-19T09:24:45.322+0000] {dagbag.py:538} INFO - Filling up the DagBag from /home/airflow/.local/lib/python3.8/site-packages/airflow/example_dags/example_branch_datetime_operator.py
[2023-12-19T09:24:45.329+0000] {processor.py:840} INFO - DAG(s) 'example_branch_datetime_operator', 'example_branch_datetime_operator_2', 'example_branch_datetime_operator_3' retrieved from /home/airflow/.local/lib/python3.8/site-packages/airflow/example_dags/example_branch_datetime_operator.py
[2023-12-19T09:24:45.349+0000] {logging_mixin.py:188} INFO - [2023-12-19T09:24:45.348+0000] {dag.py:3033} INFO - Sync 3 DAGs
[2023-12-19T09:24:45.364+0000] {logging_mixin.py:188} INFO - [2023-12-19T09:24:45.364+0000] {dag.py:3820} INFO - Setting next_dagrun for example_branch_datetime_operator to 2023-12-18T00:00:00+00:00, run_after=2023-12-19T00:00:00+00:00
[2023-12-19T09:24:45.368+0000] {logging_mixin.py:188} INFO - [2023-12-19T09:24:45.368+0000] {dag.py:3820} INFO - Setting next_dagrun for example_branch_datetime_operator_2 to 2023-12-18T00:00:00+00:00, run_after=2023-12-19T00:00:00+00:00
[2023-12-19T09:24:45.371+0000] {logging_mixin.py:188} INFO - [2023-12-19T09:24:45.371+0000] {dag.py:3820} INFO - Setting next_dagrun for example_branch_datetime_operator_3 to 2023-12-18T00:00:00+00:00, run_after=2023-12-19T00:00:00+00:00
[2023-12-19T09:24:45.383+0000] {processor.py:183} INFO - Processing /home/airflow/.local/lib/python3.8/site-packages/airflow/example_dags/example_branch_datetime_operator.py took 0.067 seconds
[2023-12-19T09:25:15.810+0000] {processor.py:161} INFO - Started process (PID=2367) to work on /home/airflow/.local/lib/python3.8/site-packages/airflow/example_dags/example_branch_datetime_operator.py
[2023-12-19T09:25:15.812+0000] {processor.py:830} INFO - Processing file /home/airflow/.local/lib/python3.8/site-packages/airflow/example_dags/example_branch_datetime_operator.py for tasks to queue
[2023-12-19T09:25:15.814+0000] {logging_mixin.py:188} INFO - [2023-12-19T09:25:15.814+0000] {dagbag.py:538} INFO - Filling up the DagBag from /home/airflow/.local/lib/python3.8/site-packages/airflow/example_dags/example_branch_datetime_operator.py
[2023-12-19T09:25:15.822+0000] {processor.py:840} INFO - DAG(s) 'example_branch_datetime_operator_3', 'example_branch_datetime_operator_2', 'example_branch_datetime_operator' retrieved from /home/airflow/.local/lib/python3.8/site-packages/airflow/example_dags/example_branch_datetime_operator.py
[2023-12-19T09:25:15.843+0000] {logging_mixin.py:188} INFO - [2023-12-19T09:25:15.843+0000] {dag.py:3033} INFO - Sync 3 DAGs
[2023-12-19T09:25:15.858+0000] {logging_mixin.py:188} INFO - [2023-12-19T09:25:15.858+0000] {dag.py:3820} INFO - Setting next_dagrun for example_branch_datetime_operator to 2023-12-18T00:00:00+00:00, run_after=2023-12-19T00:00:00+00:00
[2023-12-19T09:25:15.861+0000] {logging_mixin.py:188} INFO - [2023-12-19T09:25:15.861+0000] {dag.py:3820} INFO - Setting next_dagrun for example_branch_datetime_operator_2 to 2023-12-18T00:00:00+00:00, run_after=2023-12-19T00:00:00+00:00
[2023-12-19T09:25:15.864+0000] {logging_mixin.py:188} INFO - [2023-12-19T09:25:15.864+0000] {dag.py:3820} INFO - Setting next_dagrun for example_branch_datetime_operator_3 to 2023-12-18T00:00:00+00:00, run_after=2023-12-19T00:00:00+00:00
[2023-12-19T09:25:15.876+0000] {processor.py:183} INFO - Processing /home/airflow/.local/lib/python3.8/site-packages/airflow/example_dags/example_branch_datetime_operator.py took 0.069 seconds
[2023-12-19T09:25:46.415+0000] {processor.py:161} INFO - Started process (PID=2422) to work on /home/airflow/.local/lib/python3.8/site-packages/airflow/example_dags/example_branch_datetime_operator.py
[2023-12-19T09:25:46.417+0000] {processor.py:830} INFO - Processing file /home/airflow/.local/lib/python3.8/site-packages/airflow/example_dags/example_branch_datetime_operator.py for tasks to queue
[2023-12-19T09:25:46.419+0000] {logging_mixin.py:188} INFO - [2023-12-19T09:25:46.419+0000] {dagbag.py:538} INFO - Filling up the DagBag from /home/airflow/.local/lib/python3.8/site-packages/airflow/example_dags/example_branch_datetime_operator.py
[2023-12-19T09:25:46.426+0000] {processor.py:840} INFO - DAG(s) 'example_branch_datetime_operator', 'example_branch_datetime_operator_3', 'example_branch_datetime_operator_2' retrieved from /home/airflow/.local/lib/python3.8/site-packages/airflow/example_dags/example_branch_datetime_operator.py
[2023-12-19T09:25:46.446+0000] {logging_mixin.py:188} INFO - [2023-12-19T09:25:46.446+0000] {dag.py:3033} INFO - Sync 3 DAGs
[2023-12-19T09:25:46.460+0000] {logging_mixin.py:188} INFO - [2023-12-19T09:25:46.460+0000] {dag.py:3820} INFO - Setting next_dagrun for example_branch_datetime_operator to 2023-12-18T00:00:00+00:00, run_after=2023-12-19T00:00:00+00:00
[2023-12-19T09:25:46.465+0000] {logging_mixin.py:188} INFO - [2023-12-19T09:25:46.465+0000] {dag.py:3820} INFO - Setting next_dagrun for example_branch_datetime_operator_2 to 2023-12-18T00:00:00+00:00, run_after=2023-12-19T00:00:00+00:00
[2023-12-19T09:25:46.467+0000] {logging_mixin.py:188} INFO - [2023-12-19T09:25:46.467+0000] {dag.py:3820} INFO - Setting next_dagrun for example_branch_datetime_operator_3 to 2023-12-18T00:00:00+00:00, run_after=2023-12-19T00:00:00+00:00
[2023-12-19T09:25:46.477+0000] {processor.py:183} INFO - Processing /home/airflow/.local/lib/python3.8/site-packages/airflow/example_dags/example_branch_datetime_operator.py took 0.064 seconds
[2023-12-19T09:26:16.924+0000] {processor.py:161} INFO - Started process (PID=2477) to work on /home/airflow/.local/lib/python3.8/site-packages/airflow/example_dags/example_branch_datetime_operator.py
[2023-12-19T09:26:16.926+0000] {processor.py:830} INFO - Processing file /home/airflow/.local/lib/python3.8/site-packages/airflow/example_dags/example_branch_datetime_operator.py for tasks to queue
[2023-12-19T09:26:16.929+0000] {logging_mixin.py:188} INFO - [2023-12-19T09:26:16.928+0000] {dagbag.py:538} INFO - Filling up the DagBag from /home/airflow/.local/lib/python3.8/site-packages/airflow/example_dags/example_branch_datetime_operator.py
[2023-12-19T09:26:16.936+0000] {processor.py:840} INFO - DAG(s) 'example_branch_datetime_operator', 'example_branch_datetime_operator_2', 'example_branch_datetime_operator_3' retrieved from /home/airflow/.local/lib/python3.8/site-packages/airflow/example_dags/example_branch_datetime_operator.py
[2023-12-19T09:26:16.956+0000] {logging_mixin.py:188} INFO - [2023-12-19T09:26:16.956+0000] {dag.py:3033} INFO - Sync 3 DAGs
[2023-12-19T09:26:16.970+0000] {logging_mixin.py:188} INFO - [2023-12-19T09:26:16.970+0000] {dag.py:3820} INFO - Setting next_dagrun for example_branch_datetime_operator to 2023-12-18T00:00:00+00:00, run_after=2023-12-19T00:00:00+00:00
[2023-12-19T09:26:16.974+0000] {logging_mixin.py:188} INFO - [2023-12-19T09:26:16.974+0000] {dag.py:3820} INFO - Setting next_dagrun for example_branch_datetime_operator_2 to 2023-12-18T00:00:00+00:00, run_after=2023-12-19T00:00:00+00:00
[2023-12-19T09:26:16.976+0000] {logging_mixin.py:188} INFO - [2023-12-19T09:26:16.976+0000] {dag.py:3820} INFO - Setting next_dagrun for example_branch_datetime_operator_3 to 2023-12-18T00:00:00+00:00, run_after=2023-12-19T00:00:00+00:00
[2023-12-19T09:26:16.987+0000] {processor.py:183} INFO - Processing /home/airflow/.local/lib/python3.8/site-packages/airflow/example_dags/example_branch_datetime_operator.py took 0.066 seconds
[2023-12-19T09:26:47.440+0000] {processor.py:161} INFO - Started process (PID=2532) to work on /home/airflow/.local/lib/python3.8/site-packages/airflow/example_dags/example_branch_datetime_operator.py
[2023-12-19T09:26:47.441+0000] {processor.py:830} INFO - Processing file /home/airflow/.local/lib/python3.8/site-packages/airflow/example_dags/example_branch_datetime_operator.py for tasks to queue
[2023-12-19T09:26:47.444+0000] {logging_mixin.py:188} INFO - [2023-12-19T09:26:47.443+0000] {dagbag.py:538} INFO - Filling up the DagBag from /home/airflow/.local/lib/python3.8/site-packages/airflow/example_dags/example_branch_datetime_operator.py
[2023-12-19T09:26:47.451+0000] {processor.py:840} INFO - DAG(s) 'example_branch_datetime_operator', 'example_branch_datetime_operator_2', 'example_branch_datetime_operator_3' retrieved from /home/airflow/.local/lib/python3.8/site-packages/airflow/example_dags/example_branch_datetime_operator.py
[2023-12-19T09:26:47.469+0000] {logging_mixin.py:188} INFO - [2023-12-19T09:26:47.469+0000] {dag.py:3033} INFO - Sync 3 DAGs
[2023-12-19T09:26:47.483+0000] {logging_mixin.py:188} INFO - [2023-12-19T09:26:47.482+0000] {dag.py:3820} INFO - Setting next_dagrun for example_branch_datetime_operator to 2023-12-18T00:00:00+00:00, run_after=2023-12-19T00:00:00+00:00
[2023-12-19T09:26:47.486+0000] {logging_mixin.py:188} INFO - [2023-12-19T09:26:47.486+0000] {dag.py:3820} INFO - Setting next_dagrun for example_branch_datetime_operator_2 to 2023-12-18T00:00:00+00:00, run_after=2023-12-19T00:00:00+00:00
[2023-12-19T09:26:47.489+0000] {logging_mixin.py:188} INFO - [2023-12-19T09:26:47.489+0000] {dag.py:3820} INFO - Setting next_dagrun for example_branch_datetime_operator_3 to 2023-12-18T00:00:00+00:00, run_after=2023-12-19T00:00:00+00:00
[2023-12-19T09:26:47.499+0000] {processor.py:183} INFO - Processing /home/airflow/.local/lib/python3.8/site-packages/airflow/example_dags/example_branch_datetime_operator.py took 0.062 seconds
