[2023-12-19T09:03:50.165+0000] {processor.py:161} INFO - Started process (PID=43) to work on /home/airflow/.local/lib/python3.8/site-packages/airflow/example_dags/example_short_circuit_operator.py
[2023-12-19T09:03:50.167+0000] {processor.py:830} INFO - Processing file /home/airflow/.local/lib/python3.8/site-packages/airflow/example_dags/example_short_circuit_operator.py for tasks to queue
[2023-12-19T09:03:50.170+0000] {logging_mixin.py:188} INFO - [2023-12-19T09:03:50.170+0000] {dagbag.py:538} INFO - Filling up the DagBag from /home/airflow/.local/lib/python3.8/site-packages/airflow/example_dags/example_short_circuit_operator.py
[2023-12-19T09:03:50.180+0000] {processor.py:840} INFO - DAG(s) 'example_short_circuit_operator' retrieved from /home/airflow/.local/lib/python3.8/site-packages/airflow/example_dags/example_short_circuit_operator.py
[2023-12-19T09:03:50.209+0000] {logging_mixin.py:188} INFO - [2023-12-19T09:03:50.207+0000] {dag.py:3033} INFO - Sync 1 DAGs
[2023-12-19T09:03:50.265+0000] {logging_mixin.py:188} INFO - [2023-12-19T09:03:50.264+0000] {dag.py:3820} INFO - Setting next_dagrun for example_short_circuit_operator to 2023-12-18T00:00:00+00:00, run_after=2023-12-19T00:00:00+00:00
[2023-12-19T09:03:50.359+0000] {processor.py:183} INFO - Processing /home/airflow/.local/lib/python3.8/site-packages/airflow/example_dags/example_short_circuit_operator.py took 0.197 seconds
[2023-12-19T09:04:21.346+0000] {processor.py:161} INFO - Started process (PID=99) to work on /home/airflow/.local/lib/python3.8/site-packages/airflow/example_dags/example_short_circuit_operator.py
[2023-12-19T09:04:21.348+0000] {processor.py:830} INFO - Processing file /home/airflow/.local/lib/python3.8/site-packages/airflow/example_dags/example_short_circuit_operator.py for tasks to queue
[2023-12-19T09:04:21.351+0000] {logging_mixin.py:188} INFO - [2023-12-19T09:04:21.351+0000] {dagbag.py:538} INFO - Filling up the DagBag from /home/airflow/.local/lib/python3.8/site-packages/airflow/example_dags/example_short_circuit_operator.py
[2023-12-19T09:04:21.358+0000] {processor.py:840} INFO - DAG(s) 'example_short_circuit_operator' retrieved from /home/airflow/.local/lib/python3.8/site-packages/airflow/example_dags/example_short_circuit_operator.py
[2023-12-19T09:04:21.431+0000] {logging_mixin.py:188} INFO - [2023-12-19T09:04:21.431+0000] {dag.py:3033} INFO - Sync 1 DAGs
[2023-12-19T09:04:21.447+0000] {logging_mixin.py:188} INFO - [2023-12-19T09:04:21.447+0000] {dag.py:3820} INFO - Setting next_dagrun for example_short_circuit_operator to 2023-12-18T00:00:00+00:00, run_after=2023-12-19T00:00:00+00:00
[2023-12-19T09:04:21.465+0000] {processor.py:183} INFO - Processing /home/airflow/.local/lib/python3.8/site-packages/airflow/example_dags/example_short_circuit_operator.py took 0.121 seconds
[2023-12-19T09:04:51.926+0000] {processor.py:161} INFO - Started process (PID=153) to work on /home/airflow/.local/lib/python3.8/site-packages/airflow/example_dags/example_short_circuit_operator.py
[2023-12-19T09:04:51.928+0000] {processor.py:830} INFO - Processing file /home/airflow/.local/lib/python3.8/site-packages/airflow/example_dags/example_short_circuit_operator.py for tasks to queue
[2023-12-19T09:04:51.931+0000] {logging_mixin.py:188} INFO - [2023-12-19T09:04:51.931+0000] {dagbag.py:538} INFO - Filling up the DagBag from /home/airflow/.local/lib/python3.8/site-packages/airflow/example_dags/example_short_circuit_operator.py
[2023-12-19T09:04:51.938+0000] {processor.py:840} INFO - DAG(s) 'example_short_circuit_operator' retrieved from /home/airflow/.local/lib/python3.8/site-packages/airflow/example_dags/example_short_circuit_operator.py
[2023-12-19T09:04:51.960+0000] {logging_mixin.py:188} INFO - [2023-12-19T09:04:51.960+0000] {dag.py:3033} INFO - Sync 1 DAGs
[2023-12-19T09:04:51.981+0000] {logging_mixin.py:188} INFO - [2023-12-19T09:04:51.981+0000] {dag.py:3820} INFO - Setting next_dagrun for example_short_circuit_operator to 2023-12-18T00:00:00+00:00, run_after=2023-12-19T00:00:00+00:00
[2023-12-19T09:04:52.000+0000] {processor.py:183} INFO - Processing /home/airflow/.local/lib/python3.8/site-packages/airflow/example_dags/example_short_circuit_operator.py took 0.076 seconds
[2023-12-19T09:05:22.097+0000] {processor.py:161} INFO - Started process (PID=208) to work on /home/airflow/.local/lib/python3.8/site-packages/airflow/example_dags/example_short_circuit_operator.py
[2023-12-19T09:05:22.099+0000] {processor.py:830} INFO - Processing file /home/airflow/.local/lib/python3.8/site-packages/airflow/example_dags/example_short_circuit_operator.py for tasks to queue
[2023-12-19T09:05:22.101+0000] {logging_mixin.py:188} INFO - [2023-12-19T09:05:22.101+0000] {dagbag.py:538} INFO - Filling up the DagBag from /home/airflow/.local/lib/python3.8/site-packages/airflow/example_dags/example_short_circuit_operator.py
[2023-12-19T09:05:22.109+0000] {processor.py:840} INFO - DAG(s) 'example_short_circuit_operator' retrieved from /home/airflow/.local/lib/python3.8/site-packages/airflow/example_dags/example_short_circuit_operator.py
[2023-12-19T09:05:22.127+0000] {logging_mixin.py:188} INFO - [2023-12-19T09:05:22.127+0000] {dag.py:3033} INFO - Sync 1 DAGs
[2023-12-19T09:05:22.143+0000] {logging_mixin.py:188} INFO - [2023-12-19T09:05:22.143+0000] {dag.py:3820} INFO - Setting next_dagrun for example_short_circuit_operator to 2023-12-18T00:00:00+00:00, run_after=2023-12-19T00:00:00+00:00
[2023-12-19T09:05:22.159+0000] {processor.py:183} INFO - Processing /home/airflow/.local/lib/python3.8/site-packages/airflow/example_dags/example_short_circuit_operator.py took 0.064 seconds
[2023-12-19T09:05:52.571+0000] {processor.py:161} INFO - Started process (PID=263) to work on /home/airflow/.local/lib/python3.8/site-packages/airflow/example_dags/example_short_circuit_operator.py
[2023-12-19T09:05:52.573+0000] {processor.py:830} INFO - Processing file /home/airflow/.local/lib/python3.8/site-packages/airflow/example_dags/example_short_circuit_operator.py for tasks to queue
[2023-12-19T09:05:52.575+0000] {logging_mixin.py:188} INFO - [2023-12-19T09:05:52.575+0000] {dagbag.py:538} INFO - Filling up the DagBag from /home/airflow/.local/lib/python3.8/site-packages/airflow/example_dags/example_short_circuit_operator.py
[2023-12-19T09:05:52.582+0000] {processor.py:840} INFO - DAG(s) 'example_short_circuit_operator' retrieved from /home/airflow/.local/lib/python3.8/site-packages/airflow/example_dags/example_short_circuit_operator.py
[2023-12-19T09:05:52.599+0000] {logging_mixin.py:188} INFO - [2023-12-19T09:05:52.599+0000] {dag.py:3033} INFO - Sync 1 DAGs
[2023-12-19T09:05:52.614+0000] {logging_mixin.py:188} INFO - [2023-12-19T09:05:52.614+0000] {dag.py:3820} INFO - Setting next_dagrun for example_short_circuit_operator to 2023-12-18T00:00:00+00:00, run_after=2023-12-19T00:00:00+00:00
[2023-12-19T09:05:52.626+0000] {processor.py:183} INFO - Processing /home/airflow/.local/lib/python3.8/site-packages/airflow/example_dags/example_short_circuit_operator.py took 0.058 seconds
[2023-12-19T09:06:23.278+0000] {processor.py:161} INFO - Started process (PID=318) to work on /home/airflow/.local/lib/python3.8/site-packages/airflow/example_dags/example_short_circuit_operator.py
[2023-12-19T09:06:23.280+0000] {processor.py:830} INFO - Processing file /home/airflow/.local/lib/python3.8/site-packages/airflow/example_dags/example_short_circuit_operator.py for tasks to queue
[2023-12-19T09:06:23.283+0000] {logging_mixin.py:188} INFO - [2023-12-19T09:06:23.283+0000] {dagbag.py:538} INFO - Filling up the DagBag from /home/airflow/.local/lib/python3.8/site-packages/airflow/example_dags/example_short_circuit_operator.py
[2023-12-19T09:06:23.290+0000] {processor.py:840} INFO - DAG(s) 'example_short_circuit_operator' retrieved from /home/airflow/.local/lib/python3.8/site-packages/airflow/example_dags/example_short_circuit_operator.py
[2023-12-19T09:06:23.310+0000] {logging_mixin.py:188} INFO - [2023-12-19T09:06:23.310+0000] {dag.py:3033} INFO - Sync 1 DAGs
[2023-12-19T09:06:23.328+0000] {logging_mixin.py:188} INFO - [2023-12-19T09:06:23.328+0000] {dag.py:3820} INFO - Setting next_dagrun for example_short_circuit_operator to 2023-12-18T00:00:00+00:00, run_after=2023-12-19T00:00:00+00:00
[2023-12-19T09:06:23.343+0000] {processor.py:183} INFO - Processing /home/airflow/.local/lib/python3.8/site-packages/airflow/example_dags/example_short_circuit_operator.py took 0.067 seconds
[2023-12-19T09:06:54.091+0000] {processor.py:161} INFO - Started process (PID=373) to work on /home/airflow/.local/lib/python3.8/site-packages/airflow/example_dags/example_short_circuit_operator.py
[2023-12-19T09:06:54.093+0000] {processor.py:830} INFO - Processing file /home/airflow/.local/lib/python3.8/site-packages/airflow/example_dags/example_short_circuit_operator.py for tasks to queue
[2023-12-19T09:06:54.096+0000] {logging_mixin.py:188} INFO - [2023-12-19T09:06:54.095+0000] {dagbag.py:538} INFO - Filling up the DagBag from /home/airflow/.local/lib/python3.8/site-packages/airflow/example_dags/example_short_circuit_operator.py
[2023-12-19T09:06:54.102+0000] {processor.py:840} INFO - DAG(s) 'example_short_circuit_operator' retrieved from /home/airflow/.local/lib/python3.8/site-packages/airflow/example_dags/example_short_circuit_operator.py
[2023-12-19T09:06:54.123+0000] {logging_mixin.py:188} INFO - [2023-12-19T09:06:54.123+0000] {dag.py:3033} INFO - Sync 1 DAGs
[2023-12-19T09:06:54.140+0000] {logging_mixin.py:188} INFO - [2023-12-19T09:06:54.140+0000] {dag.py:3820} INFO - Setting next_dagrun for example_short_circuit_operator to 2023-12-18T00:00:00+00:00, run_after=2023-12-19T00:00:00+00:00
[2023-12-19T09:06:54.155+0000] {processor.py:183} INFO - Processing /home/airflow/.local/lib/python3.8/site-packages/airflow/example_dags/example_short_circuit_operator.py took 0.067 seconds
[2023-12-19T09:07:24.873+0000] {processor.py:161} INFO - Started process (PID=428) to work on /home/airflow/.local/lib/python3.8/site-packages/airflow/example_dags/example_short_circuit_operator.py
[2023-12-19T09:07:24.875+0000] {processor.py:830} INFO - Processing file /home/airflow/.local/lib/python3.8/site-packages/airflow/example_dags/example_short_circuit_operator.py for tasks to queue
[2023-12-19T09:07:24.878+0000] {logging_mixin.py:188} INFO - [2023-12-19T09:07:24.878+0000] {dagbag.py:538} INFO - Filling up the DagBag from /home/airflow/.local/lib/python3.8/site-packages/airflow/example_dags/example_short_circuit_operator.py
[2023-12-19T09:07:24.884+0000] {processor.py:840} INFO - DAG(s) 'example_short_circuit_operator' retrieved from /home/airflow/.local/lib/python3.8/site-packages/airflow/example_dags/example_short_circuit_operator.py
[2023-12-19T09:07:24.904+0000] {logging_mixin.py:188} INFO - [2023-12-19T09:07:24.904+0000] {dag.py:3033} INFO - Sync 1 DAGs
[2023-12-19T09:07:24.922+0000] {logging_mixin.py:188} INFO - [2023-12-19T09:07:24.922+0000] {dag.py:3820} INFO - Setting next_dagrun for example_short_circuit_operator to 2023-12-18T00:00:00+00:00, run_after=2023-12-19T00:00:00+00:00
[2023-12-19T09:07:24.938+0000] {processor.py:183} INFO - Processing /home/airflow/.local/lib/python3.8/site-packages/airflow/example_dags/example_short_circuit_operator.py took 0.068 seconds
[2023-12-19T09:07:55.692+0000] {processor.py:161} INFO - Started process (PID=483) to work on /home/airflow/.local/lib/python3.8/site-packages/airflow/example_dags/example_short_circuit_operator.py
[2023-12-19T09:07:55.695+0000] {processor.py:830} INFO - Processing file /home/airflow/.local/lib/python3.8/site-packages/airflow/example_dags/example_short_circuit_operator.py for tasks to queue
[2023-12-19T09:07:55.697+0000] {logging_mixin.py:188} INFO - [2023-12-19T09:07:55.697+0000] {dagbag.py:538} INFO - Filling up the DagBag from /home/airflow/.local/lib/python3.8/site-packages/airflow/example_dags/example_short_circuit_operator.py
[2023-12-19T09:07:55.703+0000] {processor.py:840} INFO - DAG(s) 'example_short_circuit_operator' retrieved from /home/airflow/.local/lib/python3.8/site-packages/airflow/example_dags/example_short_circuit_operator.py
[2023-12-19T09:07:55.723+0000] {logging_mixin.py:188} INFO - [2023-12-19T09:07:55.723+0000] {dag.py:3033} INFO - Sync 1 DAGs
[2023-12-19T09:07:55.740+0000] {logging_mixin.py:188} INFO - [2023-12-19T09:07:55.740+0000] {dag.py:3820} INFO - Setting next_dagrun for example_short_circuit_operator to 2023-12-18T00:00:00+00:00, run_after=2023-12-19T00:00:00+00:00
[2023-12-19T09:07:55.755+0000] {processor.py:183} INFO - Processing /home/airflow/.local/lib/python3.8/site-packages/airflow/example_dags/example_short_circuit_operator.py took 0.066 seconds
[2023-12-19T09:08:26.518+0000] {processor.py:161} INFO - Started process (PID=538) to work on /home/airflow/.local/lib/python3.8/site-packages/airflow/example_dags/example_short_circuit_operator.py
[2023-12-19T09:08:26.520+0000] {processor.py:830} INFO - Processing file /home/airflow/.local/lib/python3.8/site-packages/airflow/example_dags/example_short_circuit_operator.py for tasks to queue
[2023-12-19T09:08:26.522+0000] {logging_mixin.py:188} INFO - [2023-12-19T09:08:26.522+0000] {dagbag.py:538} INFO - Filling up the DagBag from /home/airflow/.local/lib/python3.8/site-packages/airflow/example_dags/example_short_circuit_operator.py
[2023-12-19T09:08:26.529+0000] {processor.py:840} INFO - DAG(s) 'example_short_circuit_operator' retrieved from /home/airflow/.local/lib/python3.8/site-packages/airflow/example_dags/example_short_circuit_operator.py
[2023-12-19T09:08:26.548+0000] {logging_mixin.py:188} INFO - [2023-12-19T09:08:26.548+0000] {dag.py:3033} INFO - Sync 1 DAGs
[2023-12-19T09:08:26.567+0000] {logging_mixin.py:188} INFO - [2023-12-19T09:08:26.567+0000] {dag.py:3820} INFO - Setting next_dagrun for example_short_circuit_operator to 2023-12-18T00:00:00+00:00, run_after=2023-12-19T00:00:00+00:00
[2023-12-19T09:08:26.584+0000] {processor.py:183} INFO - Processing /home/airflow/.local/lib/python3.8/site-packages/airflow/example_dags/example_short_circuit_operator.py took 0.068 seconds
[2023-12-19T09:08:56.746+0000] {processor.py:161} INFO - Started process (PID=593) to work on /home/airflow/.local/lib/python3.8/site-packages/airflow/example_dags/example_short_circuit_operator.py
[2023-12-19T09:08:56.748+0000] {processor.py:830} INFO - Processing file /home/airflow/.local/lib/python3.8/site-packages/airflow/example_dags/example_short_circuit_operator.py for tasks to queue
[2023-12-19T09:08:56.751+0000] {logging_mixin.py:188} INFO - [2023-12-19T09:08:56.751+0000] {dagbag.py:538} INFO - Filling up the DagBag from /home/airflow/.local/lib/python3.8/site-packages/airflow/example_dags/example_short_circuit_operator.py
[2023-12-19T09:08:56.757+0000] {processor.py:840} INFO - DAG(s) 'example_short_circuit_operator' retrieved from /home/airflow/.local/lib/python3.8/site-packages/airflow/example_dags/example_short_circuit_operator.py
[2023-12-19T09:08:56.776+0000] {logging_mixin.py:188} INFO - [2023-12-19T09:08:56.776+0000] {dag.py:3033} INFO - Sync 1 DAGs
[2023-12-19T09:08:56.792+0000] {logging_mixin.py:188} INFO - [2023-12-19T09:08:56.791+0000] {dag.py:3820} INFO - Setting next_dagrun for example_short_circuit_operator to 2023-12-18T00:00:00+00:00, run_after=2023-12-19T00:00:00+00:00
[2023-12-19T09:08:56.807+0000] {processor.py:183} INFO - Processing /home/airflow/.local/lib/python3.8/site-packages/airflow/example_dags/example_short_circuit_operator.py took 0.064 seconds
[2023-12-19T09:09:27.004+0000] {processor.py:161} INFO - Started process (PID=648) to work on /home/airflow/.local/lib/python3.8/site-packages/airflow/example_dags/example_short_circuit_operator.py
[2023-12-19T09:09:27.006+0000] {processor.py:830} INFO - Processing file /home/airflow/.local/lib/python3.8/site-packages/airflow/example_dags/example_short_circuit_operator.py for tasks to queue
[2023-12-19T09:09:27.009+0000] {logging_mixin.py:188} INFO - [2023-12-19T09:09:27.009+0000] {dagbag.py:538} INFO - Filling up the DagBag from /home/airflow/.local/lib/python3.8/site-packages/airflow/example_dags/example_short_circuit_operator.py
[2023-12-19T09:09:27.015+0000] {processor.py:840} INFO - DAG(s) 'example_short_circuit_operator' retrieved from /home/airflow/.local/lib/python3.8/site-packages/airflow/example_dags/example_short_circuit_operator.py
[2023-12-19T09:09:27.042+0000] {logging_mixin.py:188} INFO - [2023-12-19T09:09:27.042+0000] {dag.py:3033} INFO - Sync 1 DAGs
[2023-12-19T09:09:27.060+0000] {logging_mixin.py:188} INFO - [2023-12-19T09:09:27.060+0000] {dag.py:3820} INFO - Setting next_dagrun for example_short_circuit_operator to 2023-12-18T00:00:00+00:00, run_after=2023-12-19T00:00:00+00:00
[2023-12-19T09:09:27.074+0000] {processor.py:183} INFO - Processing /home/airflow/.local/lib/python3.8/site-packages/airflow/example_dags/example_short_circuit_operator.py took 0.073 seconds
[2023-12-19T09:09:57.197+0000] {processor.py:161} INFO - Started process (PID=703) to work on /home/airflow/.local/lib/python3.8/site-packages/airflow/example_dags/example_short_circuit_operator.py
[2023-12-19T09:09:57.199+0000] {processor.py:830} INFO - Processing file /home/airflow/.local/lib/python3.8/site-packages/airflow/example_dags/example_short_circuit_operator.py for tasks to queue
[2023-12-19T09:09:57.202+0000] {logging_mixin.py:188} INFO - [2023-12-19T09:09:57.202+0000] {dagbag.py:538} INFO - Filling up the DagBag from /home/airflow/.local/lib/python3.8/site-packages/airflow/example_dags/example_short_circuit_operator.py
[2023-12-19T09:09:57.208+0000] {processor.py:840} INFO - DAG(s) 'example_short_circuit_operator' retrieved from /home/airflow/.local/lib/python3.8/site-packages/airflow/example_dags/example_short_circuit_operator.py
[2023-12-19T09:09:57.226+0000] {logging_mixin.py:188} INFO - [2023-12-19T09:09:57.226+0000] {dag.py:3033} INFO - Sync 1 DAGs
[2023-12-19T09:09:57.243+0000] {logging_mixin.py:188} INFO - [2023-12-19T09:09:57.243+0000] {dag.py:3820} INFO - Setting next_dagrun for example_short_circuit_operator to 2023-12-18T00:00:00+00:00, run_after=2023-12-19T00:00:00+00:00
[2023-12-19T09:09:57.256+0000] {processor.py:183} INFO - Processing /home/airflow/.local/lib/python3.8/site-packages/airflow/example_dags/example_short_circuit_operator.py took 0.061 seconds
[2023-12-19T09:10:27.504+0000] {processor.py:161} INFO - Started process (PID=759) to work on /home/airflow/.local/lib/python3.8/site-packages/airflow/example_dags/example_short_circuit_operator.py
[2023-12-19T09:10:27.506+0000] {processor.py:830} INFO - Processing file /home/airflow/.local/lib/python3.8/site-packages/airflow/example_dags/example_short_circuit_operator.py for tasks to queue
[2023-12-19T09:10:27.509+0000] {logging_mixin.py:188} INFO - [2023-12-19T09:10:27.509+0000] {dagbag.py:538} INFO - Filling up the DagBag from /home/airflow/.local/lib/python3.8/site-packages/airflow/example_dags/example_short_circuit_operator.py
[2023-12-19T09:10:27.516+0000] {processor.py:840} INFO - DAG(s) 'example_short_circuit_operator' retrieved from /home/airflow/.local/lib/python3.8/site-packages/airflow/example_dags/example_short_circuit_operator.py
[2023-12-19T09:10:27.537+0000] {logging_mixin.py:188} INFO - [2023-12-19T09:10:27.537+0000] {dag.py:3033} INFO - Sync 1 DAGs
[2023-12-19T09:10:27.553+0000] {logging_mixin.py:188} INFO - [2023-12-19T09:10:27.552+0000] {dag.py:3820} INFO - Setting next_dagrun for example_short_circuit_operator to 2023-12-18T00:00:00+00:00, run_after=2023-12-19T00:00:00+00:00
[2023-12-19T09:10:27.567+0000] {processor.py:183} INFO - Processing /home/airflow/.local/lib/python3.8/site-packages/airflow/example_dags/example_short_circuit_operator.py took 0.066 seconds
[2023-12-19T09:10:57.611+0000] {processor.py:161} INFO - Started process (PID=814) to work on /home/airflow/.local/lib/python3.8/site-packages/airflow/example_dags/example_short_circuit_operator.py
[2023-12-19T09:10:57.613+0000] {processor.py:830} INFO - Processing file /home/airflow/.local/lib/python3.8/site-packages/airflow/example_dags/example_short_circuit_operator.py for tasks to queue
[2023-12-19T09:10:57.616+0000] {logging_mixin.py:188} INFO - [2023-12-19T09:10:57.616+0000] {dagbag.py:538} INFO - Filling up the DagBag from /home/airflow/.local/lib/python3.8/site-packages/airflow/example_dags/example_short_circuit_operator.py
[2023-12-19T09:10:57.622+0000] {processor.py:840} INFO - DAG(s) 'example_short_circuit_operator' retrieved from /home/airflow/.local/lib/python3.8/site-packages/airflow/example_dags/example_short_circuit_operator.py
[2023-12-19T09:10:57.641+0000] {logging_mixin.py:188} INFO - [2023-12-19T09:10:57.641+0000] {dag.py:3033} INFO - Sync 1 DAGs
[2023-12-19T09:10:57.658+0000] {logging_mixin.py:188} INFO - [2023-12-19T09:10:57.658+0000] {dag.py:3820} INFO - Setting next_dagrun for example_short_circuit_operator to 2023-12-18T00:00:00+00:00, run_after=2023-12-19T00:00:00+00:00
[2023-12-19T09:10:57.672+0000] {processor.py:183} INFO - Processing /home/airflow/.local/lib/python3.8/site-packages/airflow/example_dags/example_short_circuit_operator.py took 0.064 seconds
[2023-12-19T09:11:28.108+0000] {processor.py:161} INFO - Started process (PID=869) to work on /home/airflow/.local/lib/python3.8/site-packages/airflow/example_dags/example_short_circuit_operator.py
[2023-12-19T09:11:28.110+0000] {processor.py:830} INFO - Processing file /home/airflow/.local/lib/python3.8/site-packages/airflow/example_dags/example_short_circuit_operator.py for tasks to queue
[2023-12-19T09:11:28.113+0000] {logging_mixin.py:188} INFO - [2023-12-19T09:11:28.113+0000] {dagbag.py:538} INFO - Filling up the DagBag from /home/airflow/.local/lib/python3.8/site-packages/airflow/example_dags/example_short_circuit_operator.py
[2023-12-19T09:11:28.119+0000] {processor.py:840} INFO - DAG(s) 'example_short_circuit_operator' retrieved from /home/airflow/.local/lib/python3.8/site-packages/airflow/example_dags/example_short_circuit_operator.py
[2023-12-19T09:11:28.141+0000] {logging_mixin.py:188} INFO - [2023-12-19T09:11:28.141+0000] {dag.py:3033} INFO - Sync 1 DAGs
[2023-12-19T09:11:28.160+0000] {logging_mixin.py:188} INFO - [2023-12-19T09:11:28.160+0000] {dag.py:3820} INFO - Setting next_dagrun for example_short_circuit_operator to 2023-12-18T00:00:00+00:00, run_after=2023-12-19T00:00:00+00:00
[2023-12-19T09:11:28.175+0000] {processor.py:183} INFO - Processing /home/airflow/.local/lib/python3.8/site-packages/airflow/example_dags/example_short_circuit_operator.py took 0.069 seconds
[2023-12-19T09:11:58.835+0000] {processor.py:161} INFO - Started process (PID=924) to work on /home/airflow/.local/lib/python3.8/site-packages/airflow/example_dags/example_short_circuit_operator.py
[2023-12-19T09:11:58.837+0000] {processor.py:830} INFO - Processing file /home/airflow/.local/lib/python3.8/site-packages/airflow/example_dags/example_short_circuit_operator.py for tasks to queue
[2023-12-19T09:11:58.839+0000] {logging_mixin.py:188} INFO - [2023-12-19T09:11:58.838+0000] {dagbag.py:538} INFO - Filling up the DagBag from /home/airflow/.local/lib/python3.8/site-packages/airflow/example_dags/example_short_circuit_operator.py
[2023-12-19T09:11:58.844+0000] {processor.py:840} INFO - DAG(s) 'example_short_circuit_operator' retrieved from /home/airflow/.local/lib/python3.8/site-packages/airflow/example_dags/example_short_circuit_operator.py
[2023-12-19T09:11:58.860+0000] {logging_mixin.py:188} INFO - [2023-12-19T09:11:58.860+0000] {dag.py:3033} INFO - Sync 1 DAGs
[2023-12-19T09:11:58.873+0000] {logging_mixin.py:188} INFO - [2023-12-19T09:11:58.873+0000] {dag.py:3820} INFO - Setting next_dagrun for example_short_circuit_operator to 2023-12-18T00:00:00+00:00, run_after=2023-12-19T00:00:00+00:00
[2023-12-19T09:11:58.887+0000] {processor.py:183} INFO - Processing /home/airflow/.local/lib/python3.8/site-packages/airflow/example_dags/example_short_circuit_operator.py took 0.054 seconds
[2023-12-19T09:12:29.477+0000] {processor.py:161} INFO - Started process (PID=980) to work on /home/airflow/.local/lib/python3.8/site-packages/airflow/example_dags/example_short_circuit_operator.py
[2023-12-19T09:12:29.479+0000] {processor.py:830} INFO - Processing file /home/airflow/.local/lib/python3.8/site-packages/airflow/example_dags/example_short_circuit_operator.py for tasks to queue
[2023-12-19T09:12:29.482+0000] {logging_mixin.py:188} INFO - [2023-12-19T09:12:29.481+0000] {dagbag.py:538} INFO - Filling up the DagBag from /home/airflow/.local/lib/python3.8/site-packages/airflow/example_dags/example_short_circuit_operator.py
[2023-12-19T09:12:29.487+0000] {processor.py:840} INFO - DAG(s) 'example_short_circuit_operator' retrieved from /home/airflow/.local/lib/python3.8/site-packages/airflow/example_dags/example_short_circuit_operator.py
[2023-12-19T09:12:29.505+0000] {logging_mixin.py:188} INFO - [2023-12-19T09:12:29.505+0000] {dag.py:3033} INFO - Sync 1 DAGs
[2023-12-19T09:12:29.519+0000] {logging_mixin.py:188} INFO - [2023-12-19T09:12:29.519+0000] {dag.py:3820} INFO - Setting next_dagrun for example_short_circuit_operator to 2023-12-18T00:00:00+00:00, run_after=2023-12-19T00:00:00+00:00
[2023-12-19T09:12:29.535+0000] {processor.py:183} INFO - Processing /home/airflow/.local/lib/python3.8/site-packages/airflow/example_dags/example_short_circuit_operator.py took 0.060 seconds
[2023-12-19T09:12:59.988+0000] {processor.py:161} INFO - Started process (PID=1035) to work on /home/airflow/.local/lib/python3.8/site-packages/airflow/example_dags/example_short_circuit_operator.py
[2023-12-19T09:12:59.990+0000] {processor.py:830} INFO - Processing file /home/airflow/.local/lib/python3.8/site-packages/airflow/example_dags/example_short_circuit_operator.py for tasks to queue
[2023-12-19T09:12:59.993+0000] {logging_mixin.py:188} INFO - [2023-12-19T09:12:59.993+0000] {dagbag.py:538} INFO - Filling up the DagBag from /home/airflow/.local/lib/python3.8/site-packages/airflow/example_dags/example_short_circuit_operator.py
[2023-12-19T09:12:59.998+0000] {processor.py:840} INFO - DAG(s) 'example_short_circuit_operator' retrieved from /home/airflow/.local/lib/python3.8/site-packages/airflow/example_dags/example_short_circuit_operator.py
[2023-12-19T09:13:00.014+0000] {logging_mixin.py:188} INFO - [2023-12-19T09:13:00.014+0000] {dag.py:3033} INFO - Sync 1 DAGs
[2023-12-19T09:13:00.029+0000] {logging_mixin.py:188} INFO - [2023-12-19T09:13:00.028+0000] {dag.py:3820} INFO - Setting next_dagrun for example_short_circuit_operator to 2023-12-18T00:00:00+00:00, run_after=2023-12-19T00:00:00+00:00
[2023-12-19T09:13:00.043+0000] {processor.py:183} INFO - Processing /home/airflow/.local/lib/python3.8/site-packages/airflow/example_dags/example_short_circuit_operator.py took 0.057 seconds
[2023-12-19T09:13:30.449+0000] {processor.py:161} INFO - Started process (PID=1090) to work on /home/airflow/.local/lib/python3.8/site-packages/airflow/example_dags/example_short_circuit_operator.py
[2023-12-19T09:13:30.451+0000] {processor.py:830} INFO - Processing file /home/airflow/.local/lib/python3.8/site-packages/airflow/example_dags/example_short_circuit_operator.py for tasks to queue
[2023-12-19T09:13:30.454+0000] {logging_mixin.py:188} INFO - [2023-12-19T09:13:30.453+0000] {dagbag.py:538} INFO - Filling up the DagBag from /home/airflow/.local/lib/python3.8/site-packages/airflow/example_dags/example_short_circuit_operator.py
[2023-12-19T09:13:30.460+0000] {processor.py:840} INFO - DAG(s) 'example_short_circuit_operator' retrieved from /home/airflow/.local/lib/python3.8/site-packages/airflow/example_dags/example_short_circuit_operator.py
[2023-12-19T09:13:30.475+0000] {logging_mixin.py:188} INFO - [2023-12-19T09:13:30.475+0000] {dag.py:3033} INFO - Sync 1 DAGs
[2023-12-19T09:13:30.490+0000] {logging_mixin.py:188} INFO - [2023-12-19T09:13:30.490+0000] {dag.py:3820} INFO - Setting next_dagrun for example_short_circuit_operator to 2023-12-18T00:00:00+00:00, run_after=2023-12-19T00:00:00+00:00
[2023-12-19T09:13:30.506+0000] {processor.py:183} INFO - Processing /home/airflow/.local/lib/python3.8/site-packages/airflow/example_dags/example_short_circuit_operator.py took 0.060 seconds
[2023-12-19T09:14:01.167+0000] {processor.py:161} INFO - Started process (PID=1145) to work on /home/airflow/.local/lib/python3.8/site-packages/airflow/example_dags/example_short_circuit_operator.py
[2023-12-19T09:14:01.168+0000] {processor.py:830} INFO - Processing file /home/airflow/.local/lib/python3.8/site-packages/airflow/example_dags/example_short_circuit_operator.py for tasks to queue
[2023-12-19T09:14:01.170+0000] {logging_mixin.py:188} INFO - [2023-12-19T09:14:01.170+0000] {dagbag.py:538} INFO - Filling up the DagBag from /home/airflow/.local/lib/python3.8/site-packages/airflow/example_dags/example_short_circuit_operator.py
[2023-12-19T09:14:01.177+0000] {processor.py:840} INFO - DAG(s) 'example_short_circuit_operator' retrieved from /home/airflow/.local/lib/python3.8/site-packages/airflow/example_dags/example_short_circuit_operator.py
[2023-12-19T09:14:01.193+0000] {logging_mixin.py:188} INFO - [2023-12-19T09:14:01.193+0000] {dag.py:3033} INFO - Sync 1 DAGs
[2023-12-19T09:14:01.206+0000] {logging_mixin.py:188} INFO - [2023-12-19T09:14:01.206+0000] {dag.py:3820} INFO - Setting next_dagrun for example_short_circuit_operator to 2023-12-18T00:00:00+00:00, run_after=2023-12-19T00:00:00+00:00
[2023-12-19T09:14:01.217+0000] {processor.py:183} INFO - Processing /home/airflow/.local/lib/python3.8/site-packages/airflow/example_dags/example_short_circuit_operator.py took 0.053 seconds
[2023-12-19T09:14:31.612+0000] {processor.py:161} INFO - Started process (PID=1200) to work on /home/airflow/.local/lib/python3.8/site-packages/airflow/example_dags/example_short_circuit_operator.py
[2023-12-19T09:14:31.615+0000] {processor.py:830} INFO - Processing file /home/airflow/.local/lib/python3.8/site-packages/airflow/example_dags/example_short_circuit_operator.py for tasks to queue
[2023-12-19T09:14:31.618+0000] {logging_mixin.py:188} INFO - [2023-12-19T09:14:31.618+0000] {dagbag.py:538} INFO - Filling up the DagBag from /home/airflow/.local/lib/python3.8/site-packages/airflow/example_dags/example_short_circuit_operator.py
[2023-12-19T09:14:31.624+0000] {processor.py:840} INFO - DAG(s) 'example_short_circuit_operator' retrieved from /home/airflow/.local/lib/python3.8/site-packages/airflow/example_dags/example_short_circuit_operator.py
[2023-12-19T09:14:31.642+0000] {logging_mixin.py:188} INFO - [2023-12-19T09:14:31.642+0000] {dag.py:3033} INFO - Sync 1 DAGs
[2023-12-19T09:14:31.658+0000] {logging_mixin.py:188} INFO - [2023-12-19T09:14:31.658+0000] {dag.py:3820} INFO - Setting next_dagrun for example_short_circuit_operator to 2023-12-18T00:00:00+00:00, run_after=2023-12-19T00:00:00+00:00
[2023-12-19T09:14:31.671+0000] {processor.py:183} INFO - Processing /home/airflow/.local/lib/python3.8/site-packages/airflow/example_dags/example_short_circuit_operator.py took 0.061 seconds
[2023-12-19T09:15:02.086+0000] {processor.py:161} INFO - Started process (PID=1255) to work on /home/airflow/.local/lib/python3.8/site-packages/airflow/example_dags/example_short_circuit_operator.py
[2023-12-19T09:15:02.088+0000] {processor.py:830} INFO - Processing file /home/airflow/.local/lib/python3.8/site-packages/airflow/example_dags/example_short_circuit_operator.py for tasks to queue
[2023-12-19T09:15:02.090+0000] {logging_mixin.py:188} INFO - [2023-12-19T09:15:02.090+0000] {dagbag.py:538} INFO - Filling up the DagBag from /home/airflow/.local/lib/python3.8/site-packages/airflow/example_dags/example_short_circuit_operator.py
[2023-12-19T09:15:02.095+0000] {processor.py:840} INFO - DAG(s) 'example_short_circuit_operator' retrieved from /home/airflow/.local/lib/python3.8/site-packages/airflow/example_dags/example_short_circuit_operator.py
[2023-12-19T09:15:02.113+0000] {logging_mixin.py:188} INFO - [2023-12-19T09:15:02.113+0000] {dag.py:3033} INFO - Sync 1 DAGs
[2023-12-19T09:15:02.129+0000] {logging_mixin.py:188} INFO - [2023-12-19T09:15:02.129+0000] {dag.py:3820} INFO - Setting next_dagrun for example_short_circuit_operator to 2023-12-18T00:00:00+00:00, run_after=2023-12-19T00:00:00+00:00
[2023-12-19T09:15:02.142+0000] {processor.py:183} INFO - Processing /home/airflow/.local/lib/python3.8/site-packages/airflow/example_dags/example_short_circuit_operator.py took 0.058 seconds
[2023-12-19T09:15:32.851+0000] {processor.py:161} INFO - Started process (PID=1310) to work on /home/airflow/.local/lib/python3.8/site-packages/airflow/example_dags/example_short_circuit_operator.py
[2023-12-19T09:15:32.853+0000] {processor.py:830} INFO - Processing file /home/airflow/.local/lib/python3.8/site-packages/airflow/example_dags/example_short_circuit_operator.py for tasks to queue
[2023-12-19T09:15:32.855+0000] {logging_mixin.py:188} INFO - [2023-12-19T09:15:32.855+0000] {dagbag.py:538} INFO - Filling up the DagBag from /home/airflow/.local/lib/python3.8/site-packages/airflow/example_dags/example_short_circuit_operator.py
[2023-12-19T09:15:32.863+0000] {processor.py:840} INFO - DAG(s) 'example_short_circuit_operator' retrieved from /home/airflow/.local/lib/python3.8/site-packages/airflow/example_dags/example_short_circuit_operator.py
[2023-12-19T09:15:32.879+0000] {logging_mixin.py:188} INFO - [2023-12-19T09:15:32.879+0000] {dag.py:3033} INFO - Sync 1 DAGs
[2023-12-19T09:15:32.892+0000] {logging_mixin.py:188} INFO - [2023-12-19T09:15:32.892+0000] {dag.py:3820} INFO - Setting next_dagrun for example_short_circuit_operator to 2023-12-18T00:00:00+00:00, run_after=2023-12-19T00:00:00+00:00
[2023-12-19T09:15:32.905+0000] {processor.py:183} INFO - Processing /home/airflow/.local/lib/python3.8/site-packages/airflow/example_dags/example_short_circuit_operator.py took 0.056 seconds
[2023-12-19T09:16:03.446+0000] {processor.py:161} INFO - Started process (PID=1365) to work on /home/airflow/.local/lib/python3.8/site-packages/airflow/example_dags/example_short_circuit_operator.py
[2023-12-19T09:16:03.448+0000] {processor.py:830} INFO - Processing file /home/airflow/.local/lib/python3.8/site-packages/airflow/example_dags/example_short_circuit_operator.py for tasks to queue
[2023-12-19T09:16:03.450+0000] {logging_mixin.py:188} INFO - [2023-12-19T09:16:03.450+0000] {dagbag.py:538} INFO - Filling up the DagBag from /home/airflow/.local/lib/python3.8/site-packages/airflow/example_dags/example_short_circuit_operator.py
[2023-12-19T09:16:03.456+0000] {processor.py:840} INFO - DAG(s) 'example_short_circuit_operator' retrieved from /home/airflow/.local/lib/python3.8/site-packages/airflow/example_dags/example_short_circuit_operator.py
[2023-12-19T09:16:03.473+0000] {logging_mixin.py:188} INFO - [2023-12-19T09:16:03.473+0000] {dag.py:3033} INFO - Sync 1 DAGs
[2023-12-19T09:16:03.489+0000] {logging_mixin.py:188} INFO - [2023-12-19T09:16:03.489+0000] {dag.py:3820} INFO - Setting next_dagrun for example_short_circuit_operator to 2023-12-18T00:00:00+00:00, run_after=2023-12-19T00:00:00+00:00
[2023-12-19T09:16:03.501+0000] {processor.py:183} INFO - Processing /home/airflow/.local/lib/python3.8/site-packages/airflow/example_dags/example_short_circuit_operator.py took 0.057 seconds
[2023-12-19T09:16:33.978+0000] {processor.py:161} INFO - Started process (PID=1420) to work on /home/airflow/.local/lib/python3.8/site-packages/airflow/example_dags/example_short_circuit_operator.py
[2023-12-19T09:16:33.981+0000] {processor.py:830} INFO - Processing file /home/airflow/.local/lib/python3.8/site-packages/airflow/example_dags/example_short_circuit_operator.py for tasks to queue
[2023-12-19T09:16:33.984+0000] {logging_mixin.py:188} INFO - [2023-12-19T09:16:33.984+0000] {dagbag.py:538} INFO - Filling up the DagBag from /home/airflow/.local/lib/python3.8/site-packages/airflow/example_dags/example_short_circuit_operator.py
[2023-12-19T09:16:33.989+0000] {processor.py:840} INFO - DAG(s) 'example_short_circuit_operator' retrieved from /home/airflow/.local/lib/python3.8/site-packages/airflow/example_dags/example_short_circuit_operator.py
[2023-12-19T09:16:34.004+0000] {logging_mixin.py:188} INFO - [2023-12-19T09:16:34.004+0000] {dag.py:3033} INFO - Sync 1 DAGs
[2023-12-19T09:16:34.019+0000] {logging_mixin.py:188} INFO - [2023-12-19T09:16:34.019+0000] {dag.py:3820} INFO - Setting next_dagrun for example_short_circuit_operator to 2023-12-18T00:00:00+00:00, run_after=2023-12-19T00:00:00+00:00
[2023-12-19T09:16:34.032+0000] {processor.py:183} INFO - Processing /home/airflow/.local/lib/python3.8/site-packages/airflow/example_dags/example_short_circuit_operator.py took 0.056 seconds
[2023-12-19T09:17:04.589+0000] {processor.py:161} INFO - Started process (PID=1475) to work on /home/airflow/.local/lib/python3.8/site-packages/airflow/example_dags/example_short_circuit_operator.py
[2023-12-19T09:17:04.591+0000] {processor.py:830} INFO - Processing file /home/airflow/.local/lib/python3.8/site-packages/airflow/example_dags/example_short_circuit_operator.py for tasks to queue
[2023-12-19T09:17:04.594+0000] {logging_mixin.py:188} INFO - [2023-12-19T09:17:04.594+0000] {dagbag.py:538} INFO - Filling up the DagBag from /home/airflow/.local/lib/python3.8/site-packages/airflow/example_dags/example_short_circuit_operator.py
[2023-12-19T09:17:04.600+0000] {processor.py:840} INFO - DAG(s) 'example_short_circuit_operator' retrieved from /home/airflow/.local/lib/python3.8/site-packages/airflow/example_dags/example_short_circuit_operator.py
[2023-12-19T09:17:04.615+0000] {logging_mixin.py:188} INFO - [2023-12-19T09:17:04.615+0000] {dag.py:3033} INFO - Sync 1 DAGs
[2023-12-19T09:17:04.630+0000] {logging_mixin.py:188} INFO - [2023-12-19T09:17:04.629+0000] {dag.py:3820} INFO - Setting next_dagrun for example_short_circuit_operator to 2023-12-18T00:00:00+00:00, run_after=2023-12-19T00:00:00+00:00
[2023-12-19T09:17:04.642+0000] {processor.py:183} INFO - Processing /home/airflow/.local/lib/python3.8/site-packages/airflow/example_dags/example_short_circuit_operator.py took 0.055 seconds
[2023-12-19T09:17:35.107+0000] {processor.py:161} INFO - Started process (PID=1530) to work on /home/airflow/.local/lib/python3.8/site-packages/airflow/example_dags/example_short_circuit_operator.py
[2023-12-19T09:17:35.108+0000] {processor.py:830} INFO - Processing file /home/airflow/.local/lib/python3.8/site-packages/airflow/example_dags/example_short_circuit_operator.py for tasks to queue
[2023-12-19T09:17:35.111+0000] {logging_mixin.py:188} INFO - [2023-12-19T09:17:35.110+0000] {dagbag.py:538} INFO - Filling up the DagBag from /home/airflow/.local/lib/python3.8/site-packages/airflow/example_dags/example_short_circuit_operator.py
[2023-12-19T09:17:35.116+0000] {processor.py:840} INFO - DAG(s) 'example_short_circuit_operator' retrieved from /home/airflow/.local/lib/python3.8/site-packages/airflow/example_dags/example_short_circuit_operator.py
[2023-12-19T09:17:35.133+0000] {logging_mixin.py:188} INFO - [2023-12-19T09:17:35.133+0000] {dag.py:3033} INFO - Sync 1 DAGs
[2023-12-19T09:17:35.145+0000] {logging_mixin.py:188} INFO - [2023-12-19T09:17:35.145+0000] {dag.py:3820} INFO - Setting next_dagrun for example_short_circuit_operator to 2023-12-18T00:00:00+00:00, run_after=2023-12-19T00:00:00+00:00
[2023-12-19T09:17:35.155+0000] {processor.py:183} INFO - Processing /home/airflow/.local/lib/python3.8/site-packages/airflow/example_dags/example_short_circuit_operator.py took 0.051 seconds
[2023-12-19T09:18:05.596+0000] {processor.py:161} INFO - Started process (PID=1585) to work on /home/airflow/.local/lib/python3.8/site-packages/airflow/example_dags/example_short_circuit_operator.py
[2023-12-19T09:18:05.598+0000] {processor.py:830} INFO - Processing file /home/airflow/.local/lib/python3.8/site-packages/airflow/example_dags/example_short_circuit_operator.py for tasks to queue
[2023-12-19T09:18:05.600+0000] {logging_mixin.py:188} INFO - [2023-12-19T09:18:05.600+0000] {dagbag.py:538} INFO - Filling up the DagBag from /home/airflow/.local/lib/python3.8/site-packages/airflow/example_dags/example_short_circuit_operator.py
[2023-12-19T09:18:05.605+0000] {processor.py:840} INFO - DAG(s) 'example_short_circuit_operator' retrieved from /home/airflow/.local/lib/python3.8/site-packages/airflow/example_dags/example_short_circuit_operator.py
[2023-12-19T09:18:05.621+0000] {logging_mixin.py:188} INFO - [2023-12-19T09:18:05.621+0000] {dag.py:3033} INFO - Sync 1 DAGs
[2023-12-19T09:18:05.634+0000] {logging_mixin.py:188} INFO - [2023-12-19T09:18:05.634+0000] {dag.py:3820} INFO - Setting next_dagrun for example_short_circuit_operator to 2023-12-18T00:00:00+00:00, run_after=2023-12-19T00:00:00+00:00
[2023-12-19T09:18:05.649+0000] {processor.py:183} INFO - Processing /home/airflow/.local/lib/python3.8/site-packages/airflow/example_dags/example_short_circuit_operator.py took 0.055 seconds
[2023-12-19T09:18:36.197+0000] {processor.py:161} INFO - Started process (PID=1640) to work on /home/airflow/.local/lib/python3.8/site-packages/airflow/example_dags/example_short_circuit_operator.py
[2023-12-19T09:18:36.199+0000] {processor.py:830} INFO - Processing file /home/airflow/.local/lib/python3.8/site-packages/airflow/example_dags/example_short_circuit_operator.py for tasks to queue
[2023-12-19T09:18:36.202+0000] {logging_mixin.py:188} INFO - [2023-12-19T09:18:36.202+0000] {dagbag.py:538} INFO - Filling up the DagBag from /home/airflow/.local/lib/python3.8/site-packages/airflow/example_dags/example_short_circuit_operator.py
[2023-12-19T09:18:36.207+0000] {processor.py:840} INFO - DAG(s) 'example_short_circuit_operator' retrieved from /home/airflow/.local/lib/python3.8/site-packages/airflow/example_dags/example_short_circuit_operator.py
[2023-12-19T09:18:36.225+0000] {logging_mixin.py:188} INFO - [2023-12-19T09:18:36.225+0000] {dag.py:3033} INFO - Sync 1 DAGs
[2023-12-19T09:18:36.240+0000] {logging_mixin.py:188} INFO - [2023-12-19T09:18:36.240+0000] {dag.py:3820} INFO - Setting next_dagrun for example_short_circuit_operator to 2023-12-18T00:00:00+00:00, run_after=2023-12-19T00:00:00+00:00
[2023-12-19T09:18:36.251+0000] {processor.py:183} INFO - Processing /home/airflow/.local/lib/python3.8/site-packages/airflow/example_dags/example_short_circuit_operator.py took 0.056 seconds
[2023-12-19T09:19:06.903+0000] {processor.py:161} INFO - Started process (PID=1695) to work on /home/airflow/.local/lib/python3.8/site-packages/airflow/example_dags/example_short_circuit_operator.py
[2023-12-19T09:19:06.905+0000] {processor.py:830} INFO - Processing file /home/airflow/.local/lib/python3.8/site-packages/airflow/example_dags/example_short_circuit_operator.py for tasks to queue
[2023-12-19T09:19:06.907+0000] {logging_mixin.py:188} INFO - [2023-12-19T09:19:06.907+0000] {dagbag.py:538} INFO - Filling up the DagBag from /home/airflow/.local/lib/python3.8/site-packages/airflow/example_dags/example_short_circuit_operator.py
[2023-12-19T09:19:06.914+0000] {processor.py:840} INFO - DAG(s) 'example_short_circuit_operator' retrieved from /home/airflow/.local/lib/python3.8/site-packages/airflow/example_dags/example_short_circuit_operator.py
[2023-12-19T09:19:06.933+0000] {logging_mixin.py:188} INFO - [2023-12-19T09:19:06.933+0000] {dag.py:3033} INFO - Sync 1 DAGs
[2023-12-19T09:19:06.949+0000] {logging_mixin.py:188} INFO - [2023-12-19T09:19:06.949+0000] {dag.py:3820} INFO - Setting next_dagrun for example_short_circuit_operator to 2023-12-18T00:00:00+00:00, run_after=2023-12-19T00:00:00+00:00
[2023-12-19T09:19:07.064+0000] {processor.py:183} INFO - Processing /home/airflow/.local/lib/python3.8/site-packages/airflow/example_dags/example_short_circuit_operator.py took 0.164 seconds
[2023-12-19T09:19:37.922+0000] {processor.py:161} INFO - Started process (PID=1750) to work on /home/airflow/.local/lib/python3.8/site-packages/airflow/example_dags/example_short_circuit_operator.py
[2023-12-19T09:19:37.924+0000] {processor.py:830} INFO - Processing file /home/airflow/.local/lib/python3.8/site-packages/airflow/example_dags/example_short_circuit_operator.py for tasks to queue
[2023-12-19T09:19:37.926+0000] {logging_mixin.py:188} INFO - [2023-12-19T09:19:37.926+0000] {dagbag.py:538} INFO - Filling up the DagBag from /home/airflow/.local/lib/python3.8/site-packages/airflow/example_dags/example_short_circuit_operator.py
[2023-12-19T09:19:37.931+0000] {processor.py:840} INFO - DAG(s) 'example_short_circuit_operator' retrieved from /home/airflow/.local/lib/python3.8/site-packages/airflow/example_dags/example_short_circuit_operator.py
[2023-12-19T09:19:37.947+0000] {logging_mixin.py:188} INFO - [2023-12-19T09:19:37.947+0000] {dag.py:3033} INFO - Sync 1 DAGs
[2023-12-19T09:19:37.961+0000] {logging_mixin.py:188} INFO - [2023-12-19T09:19:37.961+0000] {dag.py:3820} INFO - Setting next_dagrun for example_short_circuit_operator to 2023-12-18T00:00:00+00:00, run_after=2023-12-19T00:00:00+00:00
[2023-12-19T09:19:37.972+0000] {processor.py:183} INFO - Processing /home/airflow/.local/lib/python3.8/site-packages/airflow/example_dags/example_short_circuit_operator.py took 0.053 seconds
[2023-12-19T09:20:08.098+0000] {processor.py:161} INFO - Started process (PID=1804) to work on /home/airflow/.local/lib/python3.8/site-packages/airflow/example_dags/example_short_circuit_operator.py
[2023-12-19T09:20:08.101+0000] {processor.py:830} INFO - Processing file /home/airflow/.local/lib/python3.8/site-packages/airflow/example_dags/example_short_circuit_operator.py for tasks to queue
[2023-12-19T09:20:08.103+0000] {logging_mixin.py:188} INFO - [2023-12-19T09:20:08.103+0000] {dagbag.py:538} INFO - Filling up the DagBag from /home/airflow/.local/lib/python3.8/site-packages/airflow/example_dags/example_short_circuit_operator.py
[2023-12-19T09:20:08.108+0000] {processor.py:840} INFO - DAG(s) 'example_short_circuit_operator' retrieved from /home/airflow/.local/lib/python3.8/site-packages/airflow/example_dags/example_short_circuit_operator.py
[2023-12-19T09:20:08.124+0000] {logging_mixin.py:188} INFO - [2023-12-19T09:20:08.124+0000] {dag.py:3033} INFO - Sync 1 DAGs
[2023-12-19T09:20:08.136+0000] {logging_mixin.py:188} INFO - [2023-12-19T09:20:08.136+0000] {dag.py:3820} INFO - Setting next_dagrun for example_short_circuit_operator to 2023-12-18T00:00:00+00:00, run_after=2023-12-19T00:00:00+00:00
[2023-12-19T09:20:08.146+0000] {processor.py:183} INFO - Processing /home/airflow/.local/lib/python3.8/site-packages/airflow/example_dags/example_short_circuit_operator.py took 0.051 seconds
[2023-12-19T09:20:38.350+0000] {processor.py:161} INFO - Started process (PID=1859) to work on /home/airflow/.local/lib/python3.8/site-packages/airflow/example_dags/example_short_circuit_operator.py
[2023-12-19T09:20:38.352+0000] {processor.py:830} INFO - Processing file /home/airflow/.local/lib/python3.8/site-packages/airflow/example_dags/example_short_circuit_operator.py for tasks to queue
[2023-12-19T09:20:38.355+0000] {logging_mixin.py:188} INFO - [2023-12-19T09:20:38.355+0000] {dagbag.py:538} INFO - Filling up the DagBag from /home/airflow/.local/lib/python3.8/site-packages/airflow/example_dags/example_short_circuit_operator.py
[2023-12-19T09:20:38.361+0000] {processor.py:840} INFO - DAG(s) 'example_short_circuit_operator' retrieved from /home/airflow/.local/lib/python3.8/site-packages/airflow/example_dags/example_short_circuit_operator.py
[2023-12-19T09:20:38.377+0000] {logging_mixin.py:188} INFO - [2023-12-19T09:20:38.377+0000] {dag.py:3033} INFO - Sync 1 DAGs
[2023-12-19T09:20:38.391+0000] {logging_mixin.py:188} INFO - [2023-12-19T09:20:38.391+0000] {dag.py:3820} INFO - Setting next_dagrun for example_short_circuit_operator to 2023-12-18T00:00:00+00:00, run_after=2023-12-19T00:00:00+00:00
[2023-12-19T09:20:38.403+0000] {processor.py:183} INFO - Processing /home/airflow/.local/lib/python3.8/site-packages/airflow/example_dags/example_short_circuit_operator.py took 0.055 seconds
[2023-12-19T09:21:09.569+0000] {processor.py:161} INFO - Started process (PID=1914) to work on /home/airflow/.local/lib/python3.8/site-packages/airflow/example_dags/example_short_circuit_operator.py
[2023-12-19T09:21:09.571+0000] {processor.py:830} INFO - Processing file /home/airflow/.local/lib/python3.8/site-packages/airflow/example_dags/example_short_circuit_operator.py for tasks to queue
[2023-12-19T09:21:09.573+0000] {logging_mixin.py:188} INFO - [2023-12-19T09:21:09.573+0000] {dagbag.py:538} INFO - Filling up the DagBag from /home/airflow/.local/lib/python3.8/site-packages/airflow/example_dags/example_short_circuit_operator.py
[2023-12-19T09:21:09.579+0000] {processor.py:840} INFO - DAG(s) 'example_short_circuit_operator' retrieved from /home/airflow/.local/lib/python3.8/site-packages/airflow/example_dags/example_short_circuit_operator.py
[2023-12-19T09:21:09.597+0000] {logging_mixin.py:188} INFO - [2023-12-19T09:21:09.597+0000] {dag.py:3033} INFO - Sync 1 DAGs
[2023-12-19T09:21:09.693+0000] {logging_mixin.py:188} INFO - [2023-12-19T09:21:09.693+0000] {dag.py:3820} INFO - Setting next_dagrun for example_short_circuit_operator to 2023-12-18T00:00:00+00:00, run_after=2023-12-19T00:00:00+00:00
[2023-12-19T09:21:09.703+0000] {processor.py:183} INFO - Processing /home/airflow/.local/lib/python3.8/site-packages/airflow/example_dags/example_short_circuit_operator.py took 0.136 seconds
[2023-12-19T09:21:40.591+0000] {processor.py:161} INFO - Started process (PID=1969) to work on /home/airflow/.local/lib/python3.8/site-packages/airflow/example_dags/example_short_circuit_operator.py
[2023-12-19T09:21:40.593+0000] {processor.py:830} INFO - Processing file /home/airflow/.local/lib/python3.8/site-packages/airflow/example_dags/example_short_circuit_operator.py for tasks to queue
[2023-12-19T09:21:40.595+0000] {logging_mixin.py:188} INFO - [2023-12-19T09:21:40.595+0000] {dagbag.py:538} INFO - Filling up the DagBag from /home/airflow/.local/lib/python3.8/site-packages/airflow/example_dags/example_short_circuit_operator.py
[2023-12-19T09:21:40.601+0000] {processor.py:840} INFO - DAG(s) 'example_short_circuit_operator' retrieved from /home/airflow/.local/lib/python3.8/site-packages/airflow/example_dags/example_short_circuit_operator.py
[2023-12-19T09:21:40.617+0000] {logging_mixin.py:188} INFO - [2023-12-19T09:21:40.617+0000] {dag.py:3033} INFO - Sync 1 DAGs
[2023-12-19T09:21:40.731+0000] {logging_mixin.py:188} INFO - [2023-12-19T09:21:40.731+0000] {dag.py:3820} INFO - Setting next_dagrun for example_short_circuit_operator to 2023-12-18T00:00:00+00:00, run_after=2023-12-19T00:00:00+00:00
[2023-12-19T09:21:40.747+0000] {processor.py:183} INFO - Processing /home/airflow/.local/lib/python3.8/site-packages/airflow/example_dags/example_short_circuit_operator.py took 0.159 seconds
[2023-12-19T09:22:11.512+0000] {processor.py:161} INFO - Started process (PID=2030) to work on /home/airflow/.local/lib/python3.8/site-packages/airflow/example_dags/example_short_circuit_operator.py
[2023-12-19T09:22:11.514+0000] {processor.py:830} INFO - Processing file /home/airflow/.local/lib/python3.8/site-packages/airflow/example_dags/example_short_circuit_operator.py for tasks to queue
[2023-12-19T09:22:11.516+0000] {logging_mixin.py:188} INFO - [2023-12-19T09:22:11.516+0000] {dagbag.py:538} INFO - Filling up the DagBag from /home/airflow/.local/lib/python3.8/site-packages/airflow/example_dags/example_short_circuit_operator.py
[2023-12-19T09:22:11.522+0000] {processor.py:840} INFO - DAG(s) 'example_short_circuit_operator' retrieved from /home/airflow/.local/lib/python3.8/site-packages/airflow/example_dags/example_short_circuit_operator.py
[2023-12-19T09:22:11.540+0000] {logging_mixin.py:188} INFO - [2023-12-19T09:22:11.540+0000] {dag.py:3033} INFO - Sync 1 DAGs
[2023-12-19T09:22:11.556+0000] {logging_mixin.py:188} INFO - [2023-12-19T09:22:11.555+0000] {dag.py:3820} INFO - Setting next_dagrun for example_short_circuit_operator to 2023-12-18T00:00:00+00:00, run_after=2023-12-19T00:00:00+00:00
[2023-12-19T09:22:11.679+0000] {processor.py:183} INFO - Processing /home/airflow/.local/lib/python3.8/site-packages/airflow/example_dags/example_short_circuit_operator.py took 0.169 seconds
[2023-12-19T09:22:42.657+0000] {processor.py:161} INFO - Started process (PID=2085) to work on /home/airflow/.local/lib/python3.8/site-packages/airflow/example_dags/example_short_circuit_operator.py
[2023-12-19T09:22:42.660+0000] {processor.py:830} INFO - Processing file /home/airflow/.local/lib/python3.8/site-packages/airflow/example_dags/example_short_circuit_operator.py for tasks to queue
[2023-12-19T09:22:42.664+0000] {logging_mixin.py:188} INFO - [2023-12-19T09:22:42.664+0000] {dagbag.py:538} INFO - Filling up the DagBag from /home/airflow/.local/lib/python3.8/site-packages/airflow/example_dags/example_short_circuit_operator.py
[2023-12-19T09:22:42.672+0000] {processor.py:840} INFO - DAG(s) 'example_short_circuit_operator' retrieved from /home/airflow/.local/lib/python3.8/site-packages/airflow/example_dags/example_short_circuit_operator.py
[2023-12-19T09:22:42.690+0000] {logging_mixin.py:188} INFO - [2023-12-19T09:22:42.689+0000] {dag.py:3033} INFO - Sync 1 DAGs
[2023-12-19T09:22:42.704+0000] {logging_mixin.py:188} INFO - [2023-12-19T09:22:42.704+0000] {dag.py:3820} INFO - Setting next_dagrun for example_short_circuit_operator to 2023-12-18T00:00:00+00:00, run_after=2023-12-19T00:00:00+00:00
[2023-12-19T09:22:42.718+0000] {processor.py:183} INFO - Processing /home/airflow/.local/lib/python3.8/site-packages/airflow/example_dags/example_short_circuit_operator.py took 0.068 seconds
[2023-12-19T09:23:13.166+0000] {processor.py:161} INFO - Started process (PID=2140) to work on /home/airflow/.local/lib/python3.8/site-packages/airflow/example_dags/example_short_circuit_operator.py
[2023-12-19T09:23:13.170+0000] {processor.py:830} INFO - Processing file /home/airflow/.local/lib/python3.8/site-packages/airflow/example_dags/example_short_circuit_operator.py for tasks to queue
[2023-12-19T09:23:13.176+0000] {logging_mixin.py:188} INFO - [2023-12-19T09:23:13.175+0000] {dagbag.py:538} INFO - Filling up the DagBag from /home/airflow/.local/lib/python3.8/site-packages/airflow/example_dags/example_short_circuit_operator.py
[2023-12-19T09:23:13.183+0000] {processor.py:840} INFO - DAG(s) 'example_short_circuit_operator' retrieved from /home/airflow/.local/lib/python3.8/site-packages/airflow/example_dags/example_short_circuit_operator.py
[2023-12-19T09:23:13.201+0000] {logging_mixin.py:188} INFO - [2023-12-19T09:23:13.201+0000] {dag.py:3033} INFO - Sync 1 DAGs
[2023-12-19T09:23:13.215+0000] {logging_mixin.py:188} INFO - [2023-12-19T09:23:13.214+0000] {dag.py:3820} INFO - Setting next_dagrun for example_short_circuit_operator to 2023-12-18T00:00:00+00:00, run_after=2023-12-19T00:00:00+00:00
[2023-12-19T09:23:13.226+0000] {processor.py:183} INFO - Processing /home/airflow/.local/lib/python3.8/site-packages/airflow/example_dags/example_short_circuit_operator.py took 0.067 seconds
[2023-12-19T09:23:43.941+0000] {processor.py:161} INFO - Started process (PID=2195) to work on /home/airflow/.local/lib/python3.8/site-packages/airflow/example_dags/example_short_circuit_operator.py
[2023-12-19T09:23:43.944+0000] {processor.py:830} INFO - Processing file /home/airflow/.local/lib/python3.8/site-packages/airflow/example_dags/example_short_circuit_operator.py for tasks to queue
[2023-12-19T09:23:43.949+0000] {logging_mixin.py:188} INFO - [2023-12-19T09:23:43.949+0000] {dagbag.py:538} INFO - Filling up the DagBag from /home/airflow/.local/lib/python3.8/site-packages/airflow/example_dags/example_short_circuit_operator.py
[2023-12-19T09:23:43.959+0000] {processor.py:840} INFO - DAG(s) 'example_short_circuit_operator' retrieved from /home/airflow/.local/lib/python3.8/site-packages/airflow/example_dags/example_short_circuit_operator.py
[2023-12-19T09:23:43.982+0000] {logging_mixin.py:188} INFO - [2023-12-19T09:23:43.982+0000] {dag.py:3033} INFO - Sync 1 DAGs
[2023-12-19T09:23:44.002+0000] {logging_mixin.py:188} INFO - [2023-12-19T09:23:44.001+0000] {dag.py:3820} INFO - Setting next_dagrun for example_short_circuit_operator to 2023-12-18T00:00:00+00:00, run_after=2023-12-19T00:00:00+00:00
[2023-12-19T09:23:44.020+0000] {processor.py:183} INFO - Processing /home/airflow/.local/lib/python3.8/site-packages/airflow/example_dags/example_short_circuit_operator.py took 0.086 seconds
[2023-12-19T09:24:14.562+0000] {processor.py:161} INFO - Started process (PID=2249) to work on /home/airflow/.local/lib/python3.8/site-packages/airflow/example_dags/example_short_circuit_operator.py
[2023-12-19T09:24:14.564+0000] {processor.py:830} INFO - Processing file /home/airflow/.local/lib/python3.8/site-packages/airflow/example_dags/example_short_circuit_operator.py for tasks to queue
[2023-12-19T09:24:14.566+0000] {logging_mixin.py:188} INFO - [2023-12-19T09:24:14.566+0000] {dagbag.py:538} INFO - Filling up the DagBag from /home/airflow/.local/lib/python3.8/site-packages/airflow/example_dags/example_short_circuit_operator.py
[2023-12-19T09:24:14.572+0000] {processor.py:840} INFO - DAG(s) 'example_short_circuit_operator' retrieved from /home/airflow/.local/lib/python3.8/site-packages/airflow/example_dags/example_short_circuit_operator.py
[2023-12-19T09:24:14.589+0000] {logging_mixin.py:188} INFO - [2023-12-19T09:24:14.589+0000] {dag.py:3033} INFO - Sync 1 DAGs
[2023-12-19T09:24:14.603+0000] {logging_mixin.py:188} INFO - [2023-12-19T09:24:14.603+0000] {dag.py:3820} INFO - Setting next_dagrun for example_short_circuit_operator to 2023-12-18T00:00:00+00:00, run_after=2023-12-19T00:00:00+00:00
[2023-12-19T09:24:14.616+0000] {processor.py:183} INFO - Processing /home/airflow/.local/lib/python3.8/site-packages/airflow/example_dags/example_short_circuit_operator.py took 0.057 seconds
[2023-12-19T09:24:44.990+0000] {processor.py:161} INFO - Started process (PID=2304) to work on /home/airflow/.local/lib/python3.8/site-packages/airflow/example_dags/example_short_circuit_operator.py
[2023-12-19T09:24:44.992+0000] {processor.py:830} INFO - Processing file /home/airflow/.local/lib/python3.8/site-packages/airflow/example_dags/example_short_circuit_operator.py for tasks to queue
[2023-12-19T09:24:44.996+0000] {logging_mixin.py:188} INFO - [2023-12-19T09:24:44.995+0000] {dagbag.py:538} INFO - Filling up the DagBag from /home/airflow/.local/lib/python3.8/site-packages/airflow/example_dags/example_short_circuit_operator.py
[2023-12-19T09:24:45.003+0000] {processor.py:840} INFO - DAG(s) 'example_short_circuit_operator' retrieved from /home/airflow/.local/lib/python3.8/site-packages/airflow/example_dags/example_short_circuit_operator.py
[2023-12-19T09:24:45.022+0000] {logging_mixin.py:188} INFO - [2023-12-19T09:24:45.022+0000] {dag.py:3033} INFO - Sync 1 DAGs
[2023-12-19T09:24:45.036+0000] {logging_mixin.py:188} INFO - [2023-12-19T09:24:45.036+0000] {dag.py:3820} INFO - Setting next_dagrun for example_short_circuit_operator to 2023-12-18T00:00:00+00:00, run_after=2023-12-19T00:00:00+00:00
[2023-12-19T09:24:45.050+0000] {processor.py:183} INFO - Processing /home/airflow/.local/lib/python3.8/site-packages/airflow/example_dags/example_short_circuit_operator.py took 0.063 seconds
[2023-12-19T09:25:15.471+0000] {processor.py:161} INFO - Started process (PID=2359) to work on /home/airflow/.local/lib/python3.8/site-packages/airflow/example_dags/example_short_circuit_operator.py
[2023-12-19T09:25:15.476+0000] {processor.py:830} INFO - Processing file /home/airflow/.local/lib/python3.8/site-packages/airflow/example_dags/example_short_circuit_operator.py for tasks to queue
[2023-12-19T09:25:15.481+0000] {logging_mixin.py:188} INFO - [2023-12-19T09:25:15.481+0000] {dagbag.py:538} INFO - Filling up the DagBag from /home/airflow/.local/lib/python3.8/site-packages/airflow/example_dags/example_short_circuit_operator.py
[2023-12-19T09:25:15.488+0000] {processor.py:840} INFO - DAG(s) 'example_short_circuit_operator' retrieved from /home/airflow/.local/lib/python3.8/site-packages/airflow/example_dags/example_short_circuit_operator.py
[2023-12-19T09:25:15.505+0000] {logging_mixin.py:188} INFO - [2023-12-19T09:25:15.505+0000] {dag.py:3033} INFO - Sync 1 DAGs
[2023-12-19T09:25:15.519+0000] {logging_mixin.py:188} INFO - [2023-12-19T09:25:15.519+0000] {dag.py:3820} INFO - Setting next_dagrun for example_short_circuit_operator to 2023-12-18T00:00:00+00:00, run_after=2023-12-19T00:00:00+00:00
[2023-12-19T09:25:15.531+0000] {processor.py:183} INFO - Processing /home/airflow/.local/lib/python3.8/site-packages/airflow/example_dags/example_short_circuit_operator.py took 0.071 seconds
[2023-12-19T09:25:46.023+0000] {processor.py:161} INFO - Started process (PID=2414) to work on /home/airflow/.local/lib/python3.8/site-packages/airflow/example_dags/example_short_circuit_operator.py
[2023-12-19T09:25:46.027+0000] {processor.py:830} INFO - Processing file /home/airflow/.local/lib/python3.8/site-packages/airflow/example_dags/example_short_circuit_operator.py for tasks to queue
[2023-12-19T09:25:46.031+0000] {logging_mixin.py:188} INFO - [2023-12-19T09:25:46.031+0000] {dagbag.py:538} INFO - Filling up the DagBag from /home/airflow/.local/lib/python3.8/site-packages/airflow/example_dags/example_short_circuit_operator.py
[2023-12-19T09:25:46.037+0000] {processor.py:840} INFO - DAG(s) 'example_short_circuit_operator' retrieved from /home/airflow/.local/lib/python3.8/site-packages/airflow/example_dags/example_short_circuit_operator.py
[2023-12-19T09:25:46.054+0000] {logging_mixin.py:188} INFO - [2023-12-19T09:25:46.054+0000] {dag.py:3033} INFO - Sync 1 DAGs
[2023-12-19T09:25:46.068+0000] {logging_mixin.py:188} INFO - [2023-12-19T09:25:46.068+0000] {dag.py:3820} INFO - Setting next_dagrun for example_short_circuit_operator to 2023-12-18T00:00:00+00:00, run_after=2023-12-19T00:00:00+00:00
[2023-12-19T09:25:46.078+0000] {processor.py:183} INFO - Processing /home/airflow/.local/lib/python3.8/site-packages/airflow/example_dags/example_short_circuit_operator.py took 0.061 seconds
[2023-12-19T09:26:16.525+0000] {processor.py:161} INFO - Started process (PID=2469) to work on /home/airflow/.local/lib/python3.8/site-packages/airflow/example_dags/example_short_circuit_operator.py
[2023-12-19T09:26:16.529+0000] {processor.py:830} INFO - Processing file /home/airflow/.local/lib/python3.8/site-packages/airflow/example_dags/example_short_circuit_operator.py for tasks to queue
[2023-12-19T09:26:16.538+0000] {logging_mixin.py:188} INFO - [2023-12-19T09:26:16.537+0000] {dagbag.py:538} INFO - Filling up the DagBag from /home/airflow/.local/lib/python3.8/site-packages/airflow/example_dags/example_short_circuit_operator.py
[2023-12-19T09:26:16.547+0000] {processor.py:840} INFO - DAG(s) 'example_short_circuit_operator' retrieved from /home/airflow/.local/lib/python3.8/site-packages/airflow/example_dags/example_short_circuit_operator.py
[2023-12-19T09:26:16.564+0000] {logging_mixin.py:188} INFO - [2023-12-19T09:26:16.564+0000] {dag.py:3033} INFO - Sync 1 DAGs
[2023-12-19T09:26:16.578+0000] {logging_mixin.py:188} INFO - [2023-12-19T09:26:16.578+0000] {dag.py:3820} INFO - Setting next_dagrun for example_short_circuit_operator to 2023-12-18T00:00:00+00:00, run_after=2023-12-19T00:00:00+00:00
[2023-12-19T09:26:16.589+0000] {processor.py:183} INFO - Processing /home/airflow/.local/lib/python3.8/site-packages/airflow/example_dags/example_short_circuit_operator.py took 0.070 seconds
[2023-12-19T09:26:47.049+0000] {processor.py:161} INFO - Started process (PID=2524) to work on /home/airflow/.local/lib/python3.8/site-packages/airflow/example_dags/example_short_circuit_operator.py
[2023-12-19T09:26:47.054+0000] {processor.py:830} INFO - Processing file /home/airflow/.local/lib/python3.8/site-packages/airflow/example_dags/example_short_circuit_operator.py for tasks to queue
[2023-12-19T09:26:47.058+0000] {logging_mixin.py:188} INFO - [2023-12-19T09:26:47.058+0000] {dagbag.py:538} INFO - Filling up the DagBag from /home/airflow/.local/lib/python3.8/site-packages/airflow/example_dags/example_short_circuit_operator.py
[2023-12-19T09:26:47.065+0000] {processor.py:840} INFO - DAG(s) 'example_short_circuit_operator' retrieved from /home/airflow/.local/lib/python3.8/site-packages/airflow/example_dags/example_short_circuit_operator.py
[2023-12-19T09:26:47.082+0000] {logging_mixin.py:188} INFO - [2023-12-19T09:26:47.082+0000] {dag.py:3033} INFO - Sync 1 DAGs
[2023-12-19T09:26:47.095+0000] {logging_mixin.py:188} INFO - [2023-12-19T09:26:47.095+0000] {dag.py:3820} INFO - Setting next_dagrun for example_short_circuit_operator to 2023-12-18T00:00:00+00:00, run_after=2023-12-19T00:00:00+00:00
[2023-12-19T09:26:47.108+0000] {processor.py:183} INFO - Processing /home/airflow/.local/lib/python3.8/site-packages/airflow/example_dags/example_short_circuit_operator.py took 0.065 seconds
