[2023-12-19T09:03:51.979+0000] {processor.py:161} INFO - Started process (PID=64) to work on /home/airflow/.local/lib/python3.8/site-packages/airflow/example_dags/example_latest_only.py
[2023-12-19T09:03:51.985+0000] {processor.py:830} INFO - Processing file /home/airflow/.local/lib/python3.8/site-packages/airflow/example_dags/example_latest_only.py for tasks to queue
[2023-12-19T09:03:52.000+0000] {logging_mixin.py:188} INFO - [2023-12-19T09:03:52.000+0000] {dagbag.py:538} INFO - Filling up the DagBag from /home/airflow/.local/lib/python3.8/site-packages/airflow/example_dags/example_latest_only.py
[2023-12-19T09:03:52.014+0000] {processor.py:840} INFO - DAG(s) 'latest_only' retrieved from /home/airflow/.local/lib/python3.8/site-packages/airflow/example_dags/example_latest_only.py
[2023-12-19T09:03:52.036+0000] {logging_mixin.py:188} INFO - [2023-12-19T09:03:52.036+0000] {dag.py:3033} INFO - Sync 1 DAGs
[2023-12-19T09:03:52.066+0000] {logging_mixin.py:188} INFO - [2023-12-19T09:03:52.066+0000] {dag.py:3820} INFO - Setting next_dagrun for latest_only to 2023-12-19T04:00:00+00:00, run_after=2023-12-19T08:00:00+00:00
[2023-12-19T09:03:52.085+0000] {processor.py:183} INFO - Processing /home/airflow/.local/lib/python3.8/site-packages/airflow/example_dags/example_latest_only.py took 0.111 seconds
[2023-12-19T09:04:23.005+0000] {processor.py:161} INFO - Started process (PID=120) to work on /home/airflow/.local/lib/python3.8/site-packages/airflow/example_dags/example_latest_only.py
[2023-12-19T09:04:23.007+0000] {processor.py:830} INFO - Processing file /home/airflow/.local/lib/python3.8/site-packages/airflow/example_dags/example_latest_only.py for tasks to queue
[2023-12-19T09:04:23.009+0000] {logging_mixin.py:188} INFO - [2023-12-19T09:04:23.009+0000] {dagbag.py:538} INFO - Filling up the DagBag from /home/airflow/.local/lib/python3.8/site-packages/airflow/example_dags/example_latest_only.py
[2023-12-19T09:04:23.014+0000] {processor.py:840} INFO - DAG(s) 'latest_only' retrieved from /home/airflow/.local/lib/python3.8/site-packages/airflow/example_dags/example_latest_only.py
[2023-12-19T09:04:23.097+0000] {logging_mixin.py:188} INFO - [2023-12-19T09:04:23.097+0000] {dag.py:3033} INFO - Sync 1 DAGs
[2023-12-19T09:04:23.112+0000] {logging_mixin.py:188} INFO - [2023-12-19T09:04:23.112+0000] {dag.py:3820} INFO - Setting next_dagrun for latest_only to 2023-12-19T04:00:00+00:00, run_after=2023-12-19T08:00:00+00:00
[2023-12-19T09:04:23.127+0000] {processor.py:183} INFO - Processing /home/airflow/.local/lib/python3.8/site-packages/airflow/example_dags/example_latest_only.py took 0.124 seconds
[2023-12-19T09:04:53.279+0000] {processor.py:161} INFO - Started process (PID=174) to work on /home/airflow/.local/lib/python3.8/site-packages/airflow/example_dags/example_latest_only.py
[2023-12-19T09:04:53.281+0000] {processor.py:830} INFO - Processing file /home/airflow/.local/lib/python3.8/site-packages/airflow/example_dags/example_latest_only.py for tasks to queue
[2023-12-19T09:04:53.283+0000] {logging_mixin.py:188} INFO - [2023-12-19T09:04:53.283+0000] {dagbag.py:538} INFO - Filling up the DagBag from /home/airflow/.local/lib/python3.8/site-packages/airflow/example_dags/example_latest_only.py
[2023-12-19T09:04:53.288+0000] {processor.py:840} INFO - DAG(s) 'latest_only' retrieved from /home/airflow/.local/lib/python3.8/site-packages/airflow/example_dags/example_latest_only.py
[2023-12-19T09:04:53.308+0000] {logging_mixin.py:188} INFO - [2023-12-19T09:04:53.308+0000] {dag.py:3033} INFO - Sync 1 DAGs
[2023-12-19T09:04:53.326+0000] {logging_mixin.py:188} INFO - [2023-12-19T09:04:53.326+0000] {dag.py:3820} INFO - Setting next_dagrun for latest_only to 2023-12-19T04:00:00+00:00, run_after=2023-12-19T08:00:00+00:00
[2023-12-19T09:04:53.341+0000] {processor.py:183} INFO - Processing /home/airflow/.local/lib/python3.8/site-packages/airflow/example_dags/example_latest_only.py took 0.069 seconds
[2023-12-19T09:05:23.393+0000] {processor.py:161} INFO - Started process (PID=229) to work on /home/airflow/.local/lib/python3.8/site-packages/airflow/example_dags/example_latest_only.py
[2023-12-19T09:05:23.397+0000] {processor.py:830} INFO - Processing file /home/airflow/.local/lib/python3.8/site-packages/airflow/example_dags/example_latest_only.py for tasks to queue
[2023-12-19T09:05:23.400+0000] {logging_mixin.py:188} INFO - [2023-12-19T09:05:23.399+0000] {dagbag.py:538} INFO - Filling up the DagBag from /home/airflow/.local/lib/python3.8/site-packages/airflow/example_dags/example_latest_only.py
[2023-12-19T09:05:23.404+0000] {processor.py:840} INFO - DAG(s) 'latest_only' retrieved from /home/airflow/.local/lib/python3.8/site-packages/airflow/example_dags/example_latest_only.py
[2023-12-19T09:05:23.422+0000] {logging_mixin.py:188} INFO - [2023-12-19T09:05:23.422+0000] {dag.py:3033} INFO - Sync 1 DAGs
[2023-12-19T09:05:23.439+0000] {logging_mixin.py:188} INFO - [2023-12-19T09:05:23.438+0000] {dag.py:3820} INFO - Setting next_dagrun for latest_only to 2023-12-19T04:00:00+00:00, run_after=2023-12-19T08:00:00+00:00
[2023-12-19T09:05:23.452+0000] {processor.py:183} INFO - Processing /home/airflow/.local/lib/python3.8/site-packages/airflow/example_dags/example_latest_only.py took 0.064 seconds
[2023-12-19T09:05:53.672+0000] {processor.py:161} INFO - Started process (PID=284) to work on /home/airflow/.local/lib/python3.8/site-packages/airflow/example_dags/example_latest_only.py
[2023-12-19T09:05:53.674+0000] {processor.py:830} INFO - Processing file /home/airflow/.local/lib/python3.8/site-packages/airflow/example_dags/example_latest_only.py for tasks to queue
[2023-12-19T09:05:53.676+0000] {logging_mixin.py:188} INFO - [2023-12-19T09:05:53.676+0000] {dagbag.py:538} INFO - Filling up the DagBag from /home/airflow/.local/lib/python3.8/site-packages/airflow/example_dags/example_latest_only.py
[2023-12-19T09:05:53.681+0000] {processor.py:840} INFO - DAG(s) 'latest_only' retrieved from /home/airflow/.local/lib/python3.8/site-packages/airflow/example_dags/example_latest_only.py
[2023-12-19T09:05:53.699+0000] {logging_mixin.py:188} INFO - [2023-12-19T09:05:53.699+0000] {dag.py:3033} INFO - Sync 1 DAGs
[2023-12-19T09:05:53.716+0000] {logging_mixin.py:188} INFO - [2023-12-19T09:05:53.716+0000] {dag.py:3820} INFO - Setting next_dagrun for latest_only to 2023-12-19T04:00:00+00:00, run_after=2023-12-19T08:00:00+00:00
[2023-12-19T09:05:53.730+0000] {processor.py:183} INFO - Processing /home/airflow/.local/lib/python3.8/site-packages/airflow/example_dags/example_latest_only.py took 0.061 seconds
[2023-12-19T09:06:24.306+0000] {processor.py:161} INFO - Started process (PID=339) to work on /home/airflow/.local/lib/python3.8/site-packages/airflow/example_dags/example_latest_only.py
[2023-12-19T09:06:24.307+0000] {processor.py:830} INFO - Processing file /home/airflow/.local/lib/python3.8/site-packages/airflow/example_dags/example_latest_only.py for tasks to queue
[2023-12-19T09:06:24.310+0000] {logging_mixin.py:188} INFO - [2023-12-19T09:06:24.310+0000] {dagbag.py:538} INFO - Filling up the DagBag from /home/airflow/.local/lib/python3.8/site-packages/airflow/example_dags/example_latest_only.py
[2023-12-19T09:06:24.315+0000] {processor.py:840} INFO - DAG(s) 'latest_only' retrieved from /home/airflow/.local/lib/python3.8/site-packages/airflow/example_dags/example_latest_only.py
[2023-12-19T09:06:24.333+0000] {logging_mixin.py:188} INFO - [2023-12-19T09:06:24.333+0000] {dag.py:3033} INFO - Sync 1 DAGs
[2023-12-19T09:06:24.355+0000] {logging_mixin.py:188} INFO - [2023-12-19T09:06:24.355+0000] {dag.py:3820} INFO - Setting next_dagrun for latest_only to 2023-12-19T04:00:00+00:00, run_after=2023-12-19T08:00:00+00:00
[2023-12-19T09:06:24.372+0000] {processor.py:183} INFO - Processing /home/airflow/.local/lib/python3.8/site-packages/airflow/example_dags/example_latest_only.py took 0.069 seconds
[2023-12-19T09:06:55.127+0000] {processor.py:161} INFO - Started process (PID=394) to work on /home/airflow/.local/lib/python3.8/site-packages/airflow/example_dags/example_latest_only.py
[2023-12-19T09:06:55.129+0000] {processor.py:830} INFO - Processing file /home/airflow/.local/lib/python3.8/site-packages/airflow/example_dags/example_latest_only.py for tasks to queue
[2023-12-19T09:06:55.132+0000] {logging_mixin.py:188} INFO - [2023-12-19T09:06:55.132+0000] {dagbag.py:538} INFO - Filling up the DagBag from /home/airflow/.local/lib/python3.8/site-packages/airflow/example_dags/example_latest_only.py
[2023-12-19T09:06:55.137+0000] {processor.py:840} INFO - DAG(s) 'latest_only' retrieved from /home/airflow/.local/lib/python3.8/site-packages/airflow/example_dags/example_latest_only.py
[2023-12-19T09:06:55.153+0000] {logging_mixin.py:188} INFO - [2023-12-19T09:06:55.153+0000] {dag.py:3033} INFO - Sync 1 DAGs
[2023-12-19T09:06:55.173+0000] {logging_mixin.py:188} INFO - [2023-12-19T09:06:55.172+0000] {dag.py:3820} INFO - Setting next_dagrun for latest_only to 2023-12-19T04:00:00+00:00, run_after=2023-12-19T08:00:00+00:00
[2023-12-19T09:06:55.189+0000] {processor.py:183} INFO - Processing /home/airflow/.local/lib/python3.8/site-packages/airflow/example_dags/example_latest_only.py took 0.064 seconds
[2023-12-19T09:07:25.988+0000] {processor.py:161} INFO - Started process (PID=449) to work on /home/airflow/.local/lib/python3.8/site-packages/airflow/example_dags/example_latest_only.py
[2023-12-19T09:07:25.990+0000] {processor.py:830} INFO - Processing file /home/airflow/.local/lib/python3.8/site-packages/airflow/example_dags/example_latest_only.py for tasks to queue
[2023-12-19T09:07:25.992+0000] {logging_mixin.py:188} INFO - [2023-12-19T09:07:25.992+0000] {dagbag.py:538} INFO - Filling up the DagBag from /home/airflow/.local/lib/python3.8/site-packages/airflow/example_dags/example_latest_only.py
[2023-12-19T09:07:25.997+0000] {processor.py:840} INFO - DAG(s) 'latest_only' retrieved from /home/airflow/.local/lib/python3.8/site-packages/airflow/example_dags/example_latest_only.py
[2023-12-19T09:07:26.014+0000] {logging_mixin.py:188} INFO - [2023-12-19T09:07:26.014+0000] {dag.py:3033} INFO - Sync 1 DAGs
[2023-12-19T09:07:26.030+0000] {logging_mixin.py:188} INFO - [2023-12-19T09:07:26.029+0000] {dag.py:3820} INFO - Setting next_dagrun for latest_only to 2023-12-19T04:00:00+00:00, run_after=2023-12-19T08:00:00+00:00
[2023-12-19T09:07:26.045+0000] {processor.py:183} INFO - Processing /home/airflow/.local/lib/python3.8/site-packages/airflow/example_dags/example_latest_only.py took 0.060 seconds
[2023-12-19T09:07:56.796+0000] {processor.py:161} INFO - Started process (PID=504) to work on /home/airflow/.local/lib/python3.8/site-packages/airflow/example_dags/example_latest_only.py
[2023-12-19T09:07:56.798+0000] {processor.py:830} INFO - Processing file /home/airflow/.local/lib/python3.8/site-packages/airflow/example_dags/example_latest_only.py for tasks to queue
[2023-12-19T09:07:56.801+0000] {logging_mixin.py:188} INFO - [2023-12-19T09:07:56.801+0000] {dagbag.py:538} INFO - Filling up the DagBag from /home/airflow/.local/lib/python3.8/site-packages/airflow/example_dags/example_latest_only.py
[2023-12-19T09:07:56.806+0000] {processor.py:840} INFO - DAG(s) 'latest_only' retrieved from /home/airflow/.local/lib/python3.8/site-packages/airflow/example_dags/example_latest_only.py
[2023-12-19T09:07:56.825+0000] {logging_mixin.py:188} INFO - [2023-12-19T09:07:56.825+0000] {dag.py:3033} INFO - Sync 1 DAGs
[2023-12-19T09:07:56.842+0000] {logging_mixin.py:188} INFO - [2023-12-19T09:07:56.841+0000] {dag.py:3820} INFO - Setting next_dagrun for latest_only to 2023-12-19T04:00:00+00:00, run_after=2023-12-19T08:00:00+00:00
[2023-12-19T09:07:56.856+0000] {processor.py:183} INFO - Processing /home/airflow/.local/lib/python3.8/site-packages/airflow/example_dags/example_latest_only.py took 0.063 seconds
[2023-12-19T09:08:27.641+0000] {processor.py:161} INFO - Started process (PID=559) to work on /home/airflow/.local/lib/python3.8/site-packages/airflow/example_dags/example_latest_only.py
[2023-12-19T09:08:27.643+0000] {processor.py:830} INFO - Processing file /home/airflow/.local/lib/python3.8/site-packages/airflow/example_dags/example_latest_only.py for tasks to queue
[2023-12-19T09:08:27.645+0000] {logging_mixin.py:188} INFO - [2023-12-19T09:08:27.645+0000] {dagbag.py:538} INFO - Filling up the DagBag from /home/airflow/.local/lib/python3.8/site-packages/airflow/example_dags/example_latest_only.py
[2023-12-19T09:08:27.651+0000] {processor.py:840} INFO - DAG(s) 'latest_only' retrieved from /home/airflow/.local/lib/python3.8/site-packages/airflow/example_dags/example_latest_only.py
[2023-12-19T09:08:27.670+0000] {logging_mixin.py:188} INFO - [2023-12-19T09:08:27.670+0000] {dag.py:3033} INFO - Sync 1 DAGs
[2023-12-19T09:08:27.689+0000] {logging_mixin.py:188} INFO - [2023-12-19T09:08:27.688+0000] {dag.py:3820} INFO - Setting next_dagrun for latest_only to 2023-12-19T04:00:00+00:00, run_after=2023-12-19T08:00:00+00:00
[2023-12-19T09:08:27.704+0000] {processor.py:183} INFO - Processing /home/airflow/.local/lib/python3.8/site-packages/airflow/example_dags/example_latest_only.py took 0.066 seconds
[2023-12-19T09:08:57.876+0000] {processor.py:161} INFO - Started process (PID=614) to work on /home/airflow/.local/lib/python3.8/site-packages/airflow/example_dags/example_latest_only.py
[2023-12-19T09:08:57.878+0000] {processor.py:830} INFO - Processing file /home/airflow/.local/lib/python3.8/site-packages/airflow/example_dags/example_latest_only.py for tasks to queue
[2023-12-19T09:08:57.881+0000] {logging_mixin.py:188} INFO - [2023-12-19T09:08:57.881+0000] {dagbag.py:538} INFO - Filling up the DagBag from /home/airflow/.local/lib/python3.8/site-packages/airflow/example_dags/example_latest_only.py
[2023-12-19T09:08:57.886+0000] {processor.py:840} INFO - DAG(s) 'latest_only' retrieved from /home/airflow/.local/lib/python3.8/site-packages/airflow/example_dags/example_latest_only.py
[2023-12-19T09:08:57.902+0000] {logging_mixin.py:188} INFO - [2023-12-19T09:08:57.902+0000] {dag.py:3033} INFO - Sync 1 DAGs
[2023-12-19T09:08:57.917+0000] {logging_mixin.py:188} INFO - [2023-12-19T09:08:57.917+0000] {dag.py:3820} INFO - Setting next_dagrun for latest_only to 2023-12-19T04:00:00+00:00, run_after=2023-12-19T08:00:00+00:00
[2023-12-19T09:08:57.931+0000] {processor.py:183} INFO - Processing /home/airflow/.local/lib/python3.8/site-packages/airflow/example_dags/example_latest_only.py took 0.057 seconds
[2023-12-19T09:09:28.049+0000] {processor.py:161} INFO - Started process (PID=669) to work on /home/airflow/.local/lib/python3.8/site-packages/airflow/example_dags/example_latest_only.py
[2023-12-19T09:09:28.051+0000] {processor.py:830} INFO - Processing file /home/airflow/.local/lib/python3.8/site-packages/airflow/example_dags/example_latest_only.py for tasks to queue
[2023-12-19T09:09:28.053+0000] {logging_mixin.py:188} INFO - [2023-12-19T09:09:28.053+0000] {dagbag.py:538} INFO - Filling up the DagBag from /home/airflow/.local/lib/python3.8/site-packages/airflow/example_dags/example_latest_only.py
[2023-12-19T09:09:28.057+0000] {processor.py:840} INFO - DAG(s) 'latest_only' retrieved from /home/airflow/.local/lib/python3.8/site-packages/airflow/example_dags/example_latest_only.py
[2023-12-19T09:09:28.074+0000] {logging_mixin.py:188} INFO - [2023-12-19T09:09:28.073+0000] {dag.py:3033} INFO - Sync 1 DAGs
[2023-12-19T09:09:28.089+0000] {logging_mixin.py:188} INFO - [2023-12-19T09:09:28.089+0000] {dag.py:3820} INFO - Setting next_dagrun for latest_only to 2023-12-19T04:00:00+00:00, run_after=2023-12-19T08:00:00+00:00
[2023-12-19T09:09:28.105+0000] {processor.py:183} INFO - Processing /home/airflow/.local/lib/python3.8/site-packages/airflow/example_dags/example_latest_only.py took 0.059 seconds
[2023-12-19T09:09:58.467+0000] {processor.py:161} INFO - Started process (PID=724) to work on /home/airflow/.local/lib/python3.8/site-packages/airflow/example_dags/example_latest_only.py
[2023-12-19T09:09:58.469+0000] {processor.py:830} INFO - Processing file /home/airflow/.local/lib/python3.8/site-packages/airflow/example_dags/example_latest_only.py for tasks to queue
[2023-12-19T09:09:58.471+0000] {logging_mixin.py:188} INFO - [2023-12-19T09:09:58.471+0000] {dagbag.py:538} INFO - Filling up the DagBag from /home/airflow/.local/lib/python3.8/site-packages/airflow/example_dags/example_latest_only.py
[2023-12-19T09:09:58.476+0000] {processor.py:840} INFO - DAG(s) 'latest_only' retrieved from /home/airflow/.local/lib/python3.8/site-packages/airflow/example_dags/example_latest_only.py
[2023-12-19T09:09:58.495+0000] {logging_mixin.py:188} INFO - [2023-12-19T09:09:58.495+0000] {dag.py:3033} INFO - Sync 1 DAGs
[2023-12-19T09:09:58.512+0000] {logging_mixin.py:188} INFO - [2023-12-19T09:09:58.512+0000] {dag.py:3820} INFO - Setting next_dagrun for latest_only to 2023-12-19T04:00:00+00:00, run_after=2023-12-19T08:00:00+00:00
[2023-12-19T09:09:58.526+0000] {processor.py:183} INFO - Processing /home/airflow/.local/lib/python3.8/site-packages/airflow/example_dags/example_latest_only.py took 0.062 seconds
[2023-12-19T09:10:28.737+0000] {processor.py:161} INFO - Started process (PID=780) to work on /home/airflow/.local/lib/python3.8/site-packages/airflow/example_dags/example_latest_only.py
[2023-12-19T09:10:28.739+0000] {processor.py:830} INFO - Processing file /home/airflow/.local/lib/python3.8/site-packages/airflow/example_dags/example_latest_only.py for tasks to queue
[2023-12-19T09:10:28.741+0000] {logging_mixin.py:188} INFO - [2023-12-19T09:10:28.741+0000] {dagbag.py:538} INFO - Filling up the DagBag from /home/airflow/.local/lib/python3.8/site-packages/airflow/example_dags/example_latest_only.py
[2023-12-19T09:10:28.745+0000] {processor.py:840} INFO - DAG(s) 'latest_only' retrieved from /home/airflow/.local/lib/python3.8/site-packages/airflow/example_dags/example_latest_only.py
[2023-12-19T09:10:28.763+0000] {logging_mixin.py:188} INFO - [2023-12-19T09:10:28.763+0000] {dag.py:3033} INFO - Sync 1 DAGs
[2023-12-19T09:10:28.780+0000] {logging_mixin.py:188} INFO - [2023-12-19T09:10:28.780+0000] {dag.py:3820} INFO - Setting next_dagrun for latest_only to 2023-12-19T04:00:00+00:00, run_after=2023-12-19T08:00:00+00:00
[2023-12-19T09:10:28.795+0000] {processor.py:183} INFO - Processing /home/airflow/.local/lib/python3.8/site-packages/airflow/example_dags/example_latest_only.py took 0.061 seconds
[2023-12-19T09:10:59.235+0000] {processor.py:161} INFO - Started process (PID=835) to work on /home/airflow/.local/lib/python3.8/site-packages/airflow/example_dags/example_latest_only.py
[2023-12-19T09:10:59.237+0000] {processor.py:830} INFO - Processing file /home/airflow/.local/lib/python3.8/site-packages/airflow/example_dags/example_latest_only.py for tasks to queue
[2023-12-19T09:10:59.239+0000] {logging_mixin.py:188} INFO - [2023-12-19T09:10:59.239+0000] {dagbag.py:538} INFO - Filling up the DagBag from /home/airflow/.local/lib/python3.8/site-packages/airflow/example_dags/example_latest_only.py
[2023-12-19T09:10:59.244+0000] {processor.py:840} INFO - DAG(s) 'latest_only' retrieved from /home/airflow/.local/lib/python3.8/site-packages/airflow/example_dags/example_latest_only.py
[2023-12-19T09:10:59.262+0000] {logging_mixin.py:188} INFO - [2023-12-19T09:10:59.261+0000] {dag.py:3033} INFO - Sync 1 DAGs
[2023-12-19T09:10:59.280+0000] {logging_mixin.py:188} INFO - [2023-12-19T09:10:59.279+0000] {dag.py:3820} INFO - Setting next_dagrun for latest_only to 2023-12-19T04:00:00+00:00, run_after=2023-12-19T08:00:00+00:00
[2023-12-19T09:10:59.294+0000] {processor.py:183} INFO - Processing /home/airflow/.local/lib/python3.8/site-packages/airflow/example_dags/example_latest_only.py took 0.062 seconds
[2023-12-19T09:11:29.327+0000] {processor.py:161} INFO - Started process (PID=890) to work on /home/airflow/.local/lib/python3.8/site-packages/airflow/example_dags/example_latest_only.py
[2023-12-19T09:11:29.329+0000] {processor.py:830} INFO - Processing file /home/airflow/.local/lib/python3.8/site-packages/airflow/example_dags/example_latest_only.py for tasks to queue
[2023-12-19T09:11:29.331+0000] {logging_mixin.py:188} INFO - [2023-12-19T09:11:29.331+0000] {dagbag.py:538} INFO - Filling up the DagBag from /home/airflow/.local/lib/python3.8/site-packages/airflow/example_dags/example_latest_only.py
[2023-12-19T09:11:29.336+0000] {processor.py:840} INFO - DAG(s) 'latest_only' retrieved from /home/airflow/.local/lib/python3.8/site-packages/airflow/example_dags/example_latest_only.py
[2023-12-19T09:11:29.355+0000] {logging_mixin.py:188} INFO - [2023-12-19T09:11:29.355+0000] {dag.py:3033} INFO - Sync 1 DAGs
[2023-12-19T09:11:29.377+0000] {logging_mixin.py:188} INFO - [2023-12-19T09:11:29.377+0000] {dag.py:3820} INFO - Setting next_dagrun for latest_only to 2023-12-19T04:00:00+00:00, run_after=2023-12-19T08:00:00+00:00
[2023-12-19T09:11:29.393+0000] {processor.py:183} INFO - Processing /home/airflow/.local/lib/python3.8/site-packages/airflow/example_dags/example_latest_only.py took 0.069 seconds
[2023-12-19T09:11:59.885+0000] {processor.py:161} INFO - Started process (PID=945) to work on /home/airflow/.local/lib/python3.8/site-packages/airflow/example_dags/example_latest_only.py
[2023-12-19T09:11:59.886+0000] {processor.py:830} INFO - Processing file /home/airflow/.local/lib/python3.8/site-packages/airflow/example_dags/example_latest_only.py for tasks to queue
[2023-12-19T09:11:59.888+0000] {logging_mixin.py:188} INFO - [2023-12-19T09:11:59.888+0000] {dagbag.py:538} INFO - Filling up the DagBag from /home/airflow/.local/lib/python3.8/site-packages/airflow/example_dags/example_latest_only.py
[2023-12-19T09:11:59.893+0000] {processor.py:840} INFO - DAG(s) 'latest_only' retrieved from /home/airflow/.local/lib/python3.8/site-packages/airflow/example_dags/example_latest_only.py
[2023-12-19T09:11:59.911+0000] {logging_mixin.py:188} INFO - [2023-12-19T09:11:59.911+0000] {dag.py:3033} INFO - Sync 1 DAGs
[2023-12-19T09:11:59.924+0000] {logging_mixin.py:188} INFO - [2023-12-19T09:11:59.924+0000] {dag.py:3820} INFO - Setting next_dagrun for latest_only to 2023-12-19T04:00:00+00:00, run_after=2023-12-19T08:00:00+00:00
[2023-12-19T09:11:59.936+0000] {processor.py:183} INFO - Processing /home/airflow/.local/lib/python3.8/site-packages/airflow/example_dags/example_latest_only.py took 0.054 seconds
[2023-12-19T09:12:30.445+0000] {processor.py:161} INFO - Started process (PID=1001) to work on /home/airflow/.local/lib/python3.8/site-packages/airflow/example_dags/example_latest_only.py
[2023-12-19T09:12:30.446+0000] {processor.py:830} INFO - Processing file /home/airflow/.local/lib/python3.8/site-packages/airflow/example_dags/example_latest_only.py for tasks to queue
[2023-12-19T09:12:30.449+0000] {logging_mixin.py:188} INFO - [2023-12-19T09:12:30.448+0000] {dagbag.py:538} INFO - Filling up the DagBag from /home/airflow/.local/lib/python3.8/site-packages/airflow/example_dags/example_latest_only.py
[2023-12-19T09:12:30.453+0000] {processor.py:840} INFO - DAG(s) 'latest_only' retrieved from /home/airflow/.local/lib/python3.8/site-packages/airflow/example_dags/example_latest_only.py
[2023-12-19T09:12:30.472+0000] {logging_mixin.py:188} INFO - [2023-12-19T09:12:30.472+0000] {dag.py:3033} INFO - Sync 1 DAGs
[2023-12-19T09:12:30.485+0000] {logging_mixin.py:188} INFO - [2023-12-19T09:12:30.485+0000] {dag.py:3820} INFO - Setting next_dagrun for latest_only to 2023-12-19T04:00:00+00:00, run_after=2023-12-19T08:00:00+00:00
[2023-12-19T09:12:30.497+0000] {processor.py:183} INFO - Processing /home/airflow/.local/lib/python3.8/site-packages/airflow/example_dags/example_latest_only.py took 0.055 seconds
[2023-12-19T09:13:00.948+0000] {processor.py:161} INFO - Started process (PID=1056) to work on /home/airflow/.local/lib/python3.8/site-packages/airflow/example_dags/example_latest_only.py
[2023-12-19T09:13:00.949+0000] {processor.py:830} INFO - Processing file /home/airflow/.local/lib/python3.8/site-packages/airflow/example_dags/example_latest_only.py for tasks to queue
[2023-12-19T09:13:00.951+0000] {logging_mixin.py:188} INFO - [2023-12-19T09:13:00.951+0000] {dagbag.py:538} INFO - Filling up the DagBag from /home/airflow/.local/lib/python3.8/site-packages/airflow/example_dags/example_latest_only.py
[2023-12-19T09:13:00.955+0000] {processor.py:840} INFO - DAG(s) 'latest_only' retrieved from /home/airflow/.local/lib/python3.8/site-packages/airflow/example_dags/example_latest_only.py
[2023-12-19T09:13:00.969+0000] {logging_mixin.py:188} INFO - [2023-12-19T09:13:00.969+0000] {dag.py:3033} INFO - Sync 1 DAGs
[2023-12-19T09:13:00.984+0000] {logging_mixin.py:188} INFO - [2023-12-19T09:13:00.984+0000] {dag.py:3820} INFO - Setting next_dagrun for latest_only to 2023-12-19T04:00:00+00:00, run_after=2023-12-19T08:00:00+00:00
[2023-12-19T09:13:00.998+0000] {processor.py:183} INFO - Processing /home/airflow/.local/lib/python3.8/site-packages/airflow/example_dags/example_latest_only.py took 0.053 seconds
[2023-12-19T09:13:31.453+0000] {processor.py:161} INFO - Started process (PID=1111) to work on /home/airflow/.local/lib/python3.8/site-packages/airflow/example_dags/example_latest_only.py
[2023-12-19T09:13:31.455+0000] {processor.py:830} INFO - Processing file /home/airflow/.local/lib/python3.8/site-packages/airflow/example_dags/example_latest_only.py for tasks to queue
[2023-12-19T09:13:31.457+0000] {logging_mixin.py:188} INFO - [2023-12-19T09:13:31.457+0000] {dagbag.py:538} INFO - Filling up the DagBag from /home/airflow/.local/lib/python3.8/site-packages/airflow/example_dags/example_latest_only.py
[2023-12-19T09:13:31.461+0000] {processor.py:840} INFO - DAG(s) 'latest_only' retrieved from /home/airflow/.local/lib/python3.8/site-packages/airflow/example_dags/example_latest_only.py
[2023-12-19T09:13:31.475+0000] {logging_mixin.py:188} INFO - [2023-12-19T09:13:31.475+0000] {dag.py:3033} INFO - Sync 1 DAGs
[2023-12-19T09:13:31.488+0000] {logging_mixin.py:188} INFO - [2023-12-19T09:13:31.488+0000] {dag.py:3820} INFO - Setting next_dagrun for latest_only to 2023-12-19T04:00:00+00:00, run_after=2023-12-19T08:00:00+00:00
[2023-12-19T09:13:31.503+0000] {processor.py:183} INFO - Processing /home/airflow/.local/lib/python3.8/site-packages/airflow/example_dags/example_latest_only.py took 0.053 seconds
[2023-12-19T09:14:02.075+0000] {processor.py:161} INFO - Started process (PID=1166) to work on /home/airflow/.local/lib/python3.8/site-packages/airflow/example_dags/example_latest_only.py
[2023-12-19T09:14:02.077+0000] {processor.py:830} INFO - Processing file /home/airflow/.local/lib/python3.8/site-packages/airflow/example_dags/example_latest_only.py for tasks to queue
[2023-12-19T09:14:02.079+0000] {logging_mixin.py:188} INFO - [2023-12-19T09:14:02.079+0000] {dagbag.py:538} INFO - Filling up the DagBag from /home/airflow/.local/lib/python3.8/site-packages/airflow/example_dags/example_latest_only.py
[2023-12-19T09:14:02.084+0000] {processor.py:840} INFO - DAG(s) 'latest_only' retrieved from /home/airflow/.local/lib/python3.8/site-packages/airflow/example_dags/example_latest_only.py
[2023-12-19T09:14:02.099+0000] {logging_mixin.py:188} INFO - [2023-12-19T09:14:02.099+0000] {dag.py:3033} INFO - Sync 1 DAGs
[2023-12-19T09:14:02.114+0000] {logging_mixin.py:188} INFO - [2023-12-19T09:14:02.114+0000] {dag.py:3820} INFO - Setting next_dagrun for latest_only to 2023-12-19T04:00:00+00:00, run_after=2023-12-19T08:00:00+00:00
[2023-12-19T09:14:02.126+0000] {processor.py:183} INFO - Processing /home/airflow/.local/lib/python3.8/site-packages/airflow/example_dags/example_latest_only.py took 0.053 seconds
[2023-12-19T09:14:32.627+0000] {processor.py:161} INFO - Started process (PID=1221) to work on /home/airflow/.local/lib/python3.8/site-packages/airflow/example_dags/example_latest_only.py
[2023-12-19T09:14:32.628+0000] {processor.py:830} INFO - Processing file /home/airflow/.local/lib/python3.8/site-packages/airflow/example_dags/example_latest_only.py for tasks to queue
[2023-12-19T09:14:32.630+0000] {logging_mixin.py:188} INFO - [2023-12-19T09:14:32.630+0000] {dagbag.py:538} INFO - Filling up the DagBag from /home/airflow/.local/lib/python3.8/site-packages/airflow/example_dags/example_latest_only.py
[2023-12-19T09:14:32.634+0000] {processor.py:840} INFO - DAG(s) 'latest_only' retrieved from /home/airflow/.local/lib/python3.8/site-packages/airflow/example_dags/example_latest_only.py
[2023-12-19T09:14:32.650+0000] {logging_mixin.py:188} INFO - [2023-12-19T09:14:32.649+0000] {dag.py:3033} INFO - Sync 1 DAGs
[2023-12-19T09:14:32.663+0000] {logging_mixin.py:188} INFO - [2023-12-19T09:14:32.663+0000] {dag.py:3820} INFO - Setting next_dagrun for latest_only to 2023-12-19T04:00:00+00:00, run_after=2023-12-19T08:00:00+00:00
[2023-12-19T09:14:32.676+0000] {processor.py:183} INFO - Processing /home/airflow/.local/lib/python3.8/site-packages/airflow/example_dags/example_latest_only.py took 0.051 seconds
[2023-12-19T09:15:03.046+0000] {processor.py:161} INFO - Started process (PID=1276) to work on /home/airflow/.local/lib/python3.8/site-packages/airflow/example_dags/example_latest_only.py
[2023-12-19T09:15:03.047+0000] {processor.py:830} INFO - Processing file /home/airflow/.local/lib/python3.8/site-packages/airflow/example_dags/example_latest_only.py for tasks to queue
[2023-12-19T09:15:03.050+0000] {logging_mixin.py:188} INFO - [2023-12-19T09:15:03.050+0000] {dagbag.py:538} INFO - Filling up the DagBag from /home/airflow/.local/lib/python3.8/site-packages/airflow/example_dags/example_latest_only.py
[2023-12-19T09:15:03.054+0000] {processor.py:840} INFO - DAG(s) 'latest_only' retrieved from /home/airflow/.local/lib/python3.8/site-packages/airflow/example_dags/example_latest_only.py
[2023-12-19T09:15:03.070+0000] {logging_mixin.py:188} INFO - [2023-12-19T09:15:03.069+0000] {dag.py:3033} INFO - Sync 1 DAGs
[2023-12-19T09:15:03.084+0000] {logging_mixin.py:188} INFO - [2023-12-19T09:15:03.084+0000] {dag.py:3820} INFO - Setting next_dagrun for latest_only to 2023-12-19T04:00:00+00:00, run_after=2023-12-19T08:00:00+00:00
[2023-12-19T09:15:03.097+0000] {processor.py:183} INFO - Processing /home/airflow/.local/lib/python3.8/site-packages/airflow/example_dags/example_latest_only.py took 0.053 seconds
[2023-12-19T09:15:33.936+0000] {processor.py:161} INFO - Started process (PID=1331) to work on /home/airflow/.local/lib/python3.8/site-packages/airflow/example_dags/example_latest_only.py
[2023-12-19T09:15:33.937+0000] {processor.py:830} INFO - Processing file /home/airflow/.local/lib/python3.8/site-packages/airflow/example_dags/example_latest_only.py for tasks to queue
[2023-12-19T09:15:33.940+0000] {logging_mixin.py:188} INFO - [2023-12-19T09:15:33.939+0000] {dagbag.py:538} INFO - Filling up the DagBag from /home/airflow/.local/lib/python3.8/site-packages/airflow/example_dags/example_latest_only.py
[2023-12-19T09:15:33.944+0000] {processor.py:840} INFO - DAG(s) 'latest_only' retrieved from /home/airflow/.local/lib/python3.8/site-packages/airflow/example_dags/example_latest_only.py
[2023-12-19T09:15:33.959+0000] {logging_mixin.py:188} INFO - [2023-12-19T09:15:33.959+0000] {dag.py:3033} INFO - Sync 1 DAGs
[2023-12-19T09:15:33.973+0000] {logging_mixin.py:188} INFO - [2023-12-19T09:15:33.973+0000] {dag.py:3820} INFO - Setting next_dagrun for latest_only to 2023-12-19T04:00:00+00:00, run_after=2023-12-19T08:00:00+00:00
[2023-12-19T09:15:33.985+0000] {processor.py:183} INFO - Processing /home/airflow/.local/lib/python3.8/site-packages/airflow/example_dags/example_latest_only.py took 0.052 seconds
[2023-12-19T09:16:04.395+0000] {processor.py:161} INFO - Started process (PID=1386) to work on /home/airflow/.local/lib/python3.8/site-packages/airflow/example_dags/example_latest_only.py
[2023-12-19T09:16:04.397+0000] {processor.py:830} INFO - Processing file /home/airflow/.local/lib/python3.8/site-packages/airflow/example_dags/example_latest_only.py for tasks to queue
[2023-12-19T09:16:04.399+0000] {logging_mixin.py:188} INFO - [2023-12-19T09:16:04.399+0000] {dagbag.py:538} INFO - Filling up the DagBag from /home/airflow/.local/lib/python3.8/site-packages/airflow/example_dags/example_latest_only.py
[2023-12-19T09:16:04.403+0000] {processor.py:840} INFO - DAG(s) 'latest_only' retrieved from /home/airflow/.local/lib/python3.8/site-packages/airflow/example_dags/example_latest_only.py
[2023-12-19T09:16:04.419+0000] {logging_mixin.py:188} INFO - [2023-12-19T09:16:04.419+0000] {dag.py:3033} INFO - Sync 1 DAGs
[2023-12-19T09:16:04.433+0000] {logging_mixin.py:188} INFO - [2023-12-19T09:16:04.433+0000] {dag.py:3820} INFO - Setting next_dagrun for latest_only to 2023-12-19T04:00:00+00:00, run_after=2023-12-19T08:00:00+00:00
[2023-12-19T09:16:04.445+0000] {processor.py:183} INFO - Processing /home/airflow/.local/lib/python3.8/site-packages/airflow/example_dags/example_latest_only.py took 0.053 seconds
[2023-12-19T09:16:35.006+0000] {processor.py:161} INFO - Started process (PID=1441) to work on /home/airflow/.local/lib/python3.8/site-packages/airflow/example_dags/example_latest_only.py
[2023-12-19T09:16:35.007+0000] {processor.py:830} INFO - Processing file /home/airflow/.local/lib/python3.8/site-packages/airflow/example_dags/example_latest_only.py for tasks to queue
[2023-12-19T09:16:35.010+0000] {logging_mixin.py:188} INFO - [2023-12-19T09:16:35.010+0000] {dagbag.py:538} INFO - Filling up the DagBag from /home/airflow/.local/lib/python3.8/site-packages/airflow/example_dags/example_latest_only.py
[2023-12-19T09:16:35.016+0000] {processor.py:840} INFO - DAG(s) 'latest_only' retrieved from /home/airflow/.local/lib/python3.8/site-packages/airflow/example_dags/example_latest_only.py
[2023-12-19T09:16:35.032+0000] {logging_mixin.py:188} INFO - [2023-12-19T09:16:35.031+0000] {dag.py:3033} INFO - Sync 1 DAGs
[2023-12-19T09:16:35.045+0000] {logging_mixin.py:188} INFO - [2023-12-19T09:16:35.045+0000] {dag.py:3820} INFO - Setting next_dagrun for latest_only to 2023-12-19T04:00:00+00:00, run_after=2023-12-19T08:00:00+00:00
[2023-12-19T09:16:35.057+0000] {processor.py:183} INFO - Processing /home/airflow/.local/lib/python3.8/site-packages/airflow/example_dags/example_latest_only.py took 0.054 seconds
[2023-12-19T09:17:05.518+0000] {processor.py:161} INFO - Started process (PID=1496) to work on /home/airflow/.local/lib/python3.8/site-packages/airflow/example_dags/example_latest_only.py
[2023-12-19T09:17:05.520+0000] {processor.py:830} INFO - Processing file /home/airflow/.local/lib/python3.8/site-packages/airflow/example_dags/example_latest_only.py for tasks to queue
[2023-12-19T09:17:05.522+0000] {logging_mixin.py:188} INFO - [2023-12-19T09:17:05.522+0000] {dagbag.py:538} INFO - Filling up the DagBag from /home/airflow/.local/lib/python3.8/site-packages/airflow/example_dags/example_latest_only.py
[2023-12-19T09:17:05.526+0000] {processor.py:840} INFO - DAG(s) 'latest_only' retrieved from /home/airflow/.local/lib/python3.8/site-packages/airflow/example_dags/example_latest_only.py
[2023-12-19T09:17:05.540+0000] {logging_mixin.py:188} INFO - [2023-12-19T09:17:05.540+0000] {dag.py:3033} INFO - Sync 1 DAGs
[2023-12-19T09:17:05.556+0000] {logging_mixin.py:188} INFO - [2023-12-19T09:17:05.555+0000] {dag.py:3820} INFO - Setting next_dagrun for latest_only to 2023-12-19T04:00:00+00:00, run_after=2023-12-19T08:00:00+00:00
[2023-12-19T09:17:05.569+0000] {processor.py:183} INFO - Processing /home/airflow/.local/lib/python3.8/site-packages/airflow/example_dags/example_latest_only.py took 0.053 seconds
[2023-12-19T09:17:36.037+0000] {processor.py:161} INFO - Started process (PID=1551) to work on /home/airflow/.local/lib/python3.8/site-packages/airflow/example_dags/example_latest_only.py
[2023-12-19T09:17:36.039+0000] {processor.py:830} INFO - Processing file /home/airflow/.local/lib/python3.8/site-packages/airflow/example_dags/example_latest_only.py for tasks to queue
[2023-12-19T09:17:36.041+0000] {logging_mixin.py:188} INFO - [2023-12-19T09:17:36.040+0000] {dagbag.py:538} INFO - Filling up the DagBag from /home/airflow/.local/lib/python3.8/site-packages/airflow/example_dags/example_latest_only.py
[2023-12-19T09:17:36.045+0000] {processor.py:840} INFO - DAG(s) 'latest_only' retrieved from /home/airflow/.local/lib/python3.8/site-packages/airflow/example_dags/example_latest_only.py
[2023-12-19T09:17:36.060+0000] {logging_mixin.py:188} INFO - [2023-12-19T09:17:36.060+0000] {dag.py:3033} INFO - Sync 1 DAGs
[2023-12-19T09:17:36.075+0000] {logging_mixin.py:188} INFO - [2023-12-19T09:17:36.075+0000] {dag.py:3820} INFO - Setting next_dagrun for latest_only to 2023-12-19T04:00:00+00:00, run_after=2023-12-19T08:00:00+00:00
[2023-12-19T09:17:36.087+0000] {processor.py:183} INFO - Processing /home/airflow/.local/lib/python3.8/site-packages/airflow/example_dags/example_latest_only.py took 0.052 seconds
[2023-12-19T09:18:06.539+0000] {processor.py:161} INFO - Started process (PID=1606) to work on /home/airflow/.local/lib/python3.8/site-packages/airflow/example_dags/example_latest_only.py
[2023-12-19T09:18:06.542+0000] {processor.py:830} INFO - Processing file /home/airflow/.local/lib/python3.8/site-packages/airflow/example_dags/example_latest_only.py for tasks to queue
[2023-12-19T09:18:06.544+0000] {logging_mixin.py:188} INFO - [2023-12-19T09:18:06.544+0000] {dagbag.py:538} INFO - Filling up the DagBag from /home/airflow/.local/lib/python3.8/site-packages/airflow/example_dags/example_latest_only.py
[2023-12-19T09:18:06.548+0000] {processor.py:840} INFO - DAG(s) 'latest_only' retrieved from /home/airflow/.local/lib/python3.8/site-packages/airflow/example_dags/example_latest_only.py
[2023-12-19T09:18:06.563+0000] {logging_mixin.py:188} INFO - [2023-12-19T09:18:06.563+0000] {dag.py:3033} INFO - Sync 1 DAGs
[2023-12-19T09:18:06.578+0000] {logging_mixin.py:188} INFO - [2023-12-19T09:18:06.578+0000] {dag.py:3820} INFO - Setting next_dagrun for latest_only to 2023-12-19T04:00:00+00:00, run_after=2023-12-19T08:00:00+00:00
[2023-12-19T09:18:06.590+0000] {processor.py:183} INFO - Processing /home/airflow/.local/lib/python3.8/site-packages/airflow/example_dags/example_latest_only.py took 0.053 seconds
[2023-12-19T09:18:37.136+0000] {processor.py:161} INFO - Started process (PID=1661) to work on /home/airflow/.local/lib/python3.8/site-packages/airflow/example_dags/example_latest_only.py
[2023-12-19T09:18:37.137+0000] {processor.py:830} INFO - Processing file /home/airflow/.local/lib/python3.8/site-packages/airflow/example_dags/example_latest_only.py for tasks to queue
[2023-12-19T09:18:37.140+0000] {logging_mixin.py:188} INFO - [2023-12-19T09:18:37.140+0000] {dagbag.py:538} INFO - Filling up the DagBag from /home/airflow/.local/lib/python3.8/site-packages/airflow/example_dags/example_latest_only.py
[2023-12-19T09:18:37.144+0000] {processor.py:840} INFO - DAG(s) 'latest_only' retrieved from /home/airflow/.local/lib/python3.8/site-packages/airflow/example_dags/example_latest_only.py
[2023-12-19T09:18:37.160+0000] {logging_mixin.py:188} INFO - [2023-12-19T09:18:37.160+0000] {dag.py:3033} INFO - Sync 1 DAGs
[2023-12-19T09:18:37.174+0000] {logging_mixin.py:188} INFO - [2023-12-19T09:18:37.174+0000] {dag.py:3820} INFO - Setting next_dagrun for latest_only to 2023-12-19T04:00:00+00:00, run_after=2023-12-19T08:00:00+00:00
[2023-12-19T09:18:37.187+0000] {processor.py:183} INFO - Processing /home/airflow/.local/lib/python3.8/site-packages/airflow/example_dags/example_latest_only.py took 0.054 seconds
[2023-12-19T09:19:08.314+0000] {processor.py:161} INFO - Started process (PID=1716) to work on /home/airflow/.local/lib/python3.8/site-packages/airflow/example_dags/example_latest_only.py
[2023-12-19T09:19:08.316+0000] {processor.py:830} INFO - Processing file /home/airflow/.local/lib/python3.8/site-packages/airflow/example_dags/example_latest_only.py for tasks to queue
[2023-12-19T09:19:08.318+0000] {logging_mixin.py:188} INFO - [2023-12-19T09:19:08.318+0000] {dagbag.py:538} INFO - Filling up the DagBag from /home/airflow/.local/lib/python3.8/site-packages/airflow/example_dags/example_latest_only.py
[2023-12-19T09:19:08.323+0000] {processor.py:840} INFO - DAG(s) 'latest_only' retrieved from /home/airflow/.local/lib/python3.8/site-packages/airflow/example_dags/example_latest_only.py
[2023-12-19T09:19:08.338+0000] {logging_mixin.py:188} INFO - [2023-12-19T09:19:08.338+0000] {dag.py:3033} INFO - Sync 1 DAGs
[2023-12-19T09:19:08.353+0000] {logging_mixin.py:188} INFO - [2023-12-19T09:19:08.353+0000] {dag.py:3820} INFO - Setting next_dagrun for latest_only to 2023-12-19T04:00:00+00:00, run_after=2023-12-19T08:00:00+00:00
[2023-12-19T09:19:08.366+0000] {processor.py:183} INFO - Processing /home/airflow/.local/lib/python3.8/site-packages/airflow/example_dags/example_latest_only.py took 0.054 seconds
[2023-12-19T09:19:39.822+0000] {processor.py:161} INFO - Started process (PID=1771) to work on /home/airflow/.local/lib/python3.8/site-packages/airflow/example_dags/example_latest_only.py
[2023-12-19T09:19:39.825+0000] {processor.py:830} INFO - Processing file /home/airflow/.local/lib/python3.8/site-packages/airflow/example_dags/example_latest_only.py for tasks to queue
[2023-12-19T09:19:39.828+0000] {logging_mixin.py:188} INFO - [2023-12-19T09:19:39.828+0000] {dagbag.py:538} INFO - Filling up the DagBag from /home/airflow/.local/lib/python3.8/site-packages/airflow/example_dags/example_latest_only.py
[2023-12-19T09:19:39.832+0000] {processor.py:840} INFO - DAG(s) 'latest_only' retrieved from /home/airflow/.local/lib/python3.8/site-packages/airflow/example_dags/example_latest_only.py
[2023-12-19T09:19:39.849+0000] {logging_mixin.py:188} INFO - [2023-12-19T09:19:39.849+0000] {dag.py:3033} INFO - Sync 1 DAGs
[2023-12-19T09:19:39.971+0000] {logging_mixin.py:188} INFO - [2023-12-19T09:19:39.970+0000] {dag.py:3820} INFO - Setting next_dagrun for latest_only to 2023-12-19T04:00:00+00:00, run_after=2023-12-19T08:00:00+00:00
[2023-12-19T09:19:39.983+0000] {processor.py:183} INFO - Processing /home/airflow/.local/lib/python3.8/site-packages/airflow/example_dags/example_latest_only.py took 0.164 seconds
[2023-12-19T09:20:10.277+0000] {processor.py:161} INFO - Started process (PID=1825) to work on /home/airflow/.local/lib/python3.8/site-packages/airflow/example_dags/example_latest_only.py
[2023-12-19T09:20:10.278+0000] {processor.py:830} INFO - Processing file /home/airflow/.local/lib/python3.8/site-packages/airflow/example_dags/example_latest_only.py for tasks to queue
[2023-12-19T09:20:10.280+0000] {logging_mixin.py:188} INFO - [2023-12-19T09:20:10.280+0000] {dagbag.py:538} INFO - Filling up the DagBag from /home/airflow/.local/lib/python3.8/site-packages/airflow/example_dags/example_latest_only.py
[2023-12-19T09:20:10.286+0000] {processor.py:840} INFO - DAG(s) 'latest_only' retrieved from /home/airflow/.local/lib/python3.8/site-packages/airflow/example_dags/example_latest_only.py
[2023-12-19T09:20:10.300+0000] {logging_mixin.py:188} INFO - [2023-12-19T09:20:10.300+0000] {dag.py:3033} INFO - Sync 1 DAGs
[2023-12-19T09:20:10.315+0000] {logging_mixin.py:188} INFO - [2023-12-19T09:20:10.314+0000] {dag.py:3820} INFO - Setting next_dagrun for latest_only to 2023-12-19T04:00:00+00:00, run_after=2023-12-19T08:00:00+00:00
[2023-12-19T09:20:10.424+0000] {processor.py:183} INFO - Processing /home/airflow/.local/lib/python3.8/site-packages/airflow/example_dags/example_latest_only.py took 0.150 seconds
[2023-12-19T09:20:41.320+0000] {processor.py:161} INFO - Started process (PID=1886) to work on /home/airflow/.local/lib/python3.8/site-packages/airflow/example_dags/example_latest_only.py
[2023-12-19T09:20:41.321+0000] {processor.py:830} INFO - Processing file /home/airflow/.local/lib/python3.8/site-packages/airflow/example_dags/example_latest_only.py for tasks to queue
[2023-12-19T09:20:41.324+0000] {logging_mixin.py:188} INFO - [2023-12-19T09:20:41.324+0000] {dagbag.py:538} INFO - Filling up the DagBag from /home/airflow/.local/lib/python3.8/site-packages/airflow/example_dags/example_latest_only.py
[2023-12-19T09:20:41.328+0000] {processor.py:840} INFO - DAG(s) 'latest_only' retrieved from /home/airflow/.local/lib/python3.8/site-packages/airflow/example_dags/example_latest_only.py
[2023-12-19T09:20:41.343+0000] {logging_mixin.py:188} INFO - [2023-12-19T09:20:41.343+0000] {dag.py:3033} INFO - Sync 1 DAGs
[2023-12-19T09:20:41.358+0000] {logging_mixin.py:188} INFO - [2023-12-19T09:20:41.357+0000] {dag.py:3820} INFO - Setting next_dagrun for latest_only to 2023-12-19T04:00:00+00:00, run_after=2023-12-19T08:00:00+00:00
[2023-12-19T09:20:41.371+0000] {processor.py:183} INFO - Processing /home/airflow/.local/lib/python3.8/site-packages/airflow/example_dags/example_latest_only.py took 0.053 seconds
[2023-12-19T09:21:12.200+0000] {processor.py:161} INFO - Started process (PID=1941) to work on /home/airflow/.local/lib/python3.8/site-packages/airflow/example_dags/example_latest_only.py
[2023-12-19T09:21:12.202+0000] {processor.py:830} INFO - Processing file /home/airflow/.local/lib/python3.8/site-packages/airflow/example_dags/example_latest_only.py for tasks to queue
[2023-12-19T09:21:12.205+0000] {logging_mixin.py:188} INFO - [2023-12-19T09:21:12.205+0000] {dagbag.py:538} INFO - Filling up the DagBag from /home/airflow/.local/lib/python3.8/site-packages/airflow/example_dags/example_latest_only.py
[2023-12-19T09:21:12.211+0000] {processor.py:840} INFO - DAG(s) 'latest_only' retrieved from /home/airflow/.local/lib/python3.8/site-packages/airflow/example_dags/example_latest_only.py
[2023-12-19T09:21:12.228+0000] {logging_mixin.py:188} INFO - [2023-12-19T09:21:12.227+0000] {dag.py:3033} INFO - Sync 1 DAGs
[2023-12-19T09:21:12.241+0000] {logging_mixin.py:188} INFO - [2023-12-19T09:21:12.241+0000] {dag.py:3820} INFO - Setting next_dagrun for latest_only to 2023-12-19T04:00:00+00:00, run_after=2023-12-19T08:00:00+00:00
[2023-12-19T09:21:12.254+0000] {processor.py:183} INFO - Processing /home/airflow/.local/lib/python3.8/site-packages/airflow/example_dags/example_latest_only.py took 0.058 seconds
[2023-12-19T09:21:42.732+0000] {processor.py:161} INFO - Started process (PID=1996) to work on /home/airflow/.local/lib/python3.8/site-packages/airflow/example_dags/example_latest_only.py
[2023-12-19T09:21:42.735+0000] {processor.py:830} INFO - Processing file /home/airflow/.local/lib/python3.8/site-packages/airflow/example_dags/example_latest_only.py for tasks to queue
[2023-12-19T09:21:42.739+0000] {logging_mixin.py:188} INFO - [2023-12-19T09:21:42.739+0000] {dagbag.py:538} INFO - Filling up the DagBag from /home/airflow/.local/lib/python3.8/site-packages/airflow/example_dags/example_latest_only.py
[2023-12-19T09:21:42.743+0000] {processor.py:840} INFO - DAG(s) 'latest_only' retrieved from /home/airflow/.local/lib/python3.8/site-packages/airflow/example_dags/example_latest_only.py
[2023-12-19T09:21:42.758+0000] {logging_mixin.py:188} INFO - [2023-12-19T09:21:42.758+0000] {dag.py:3033} INFO - Sync 1 DAGs
[2023-12-19T09:21:42.772+0000] {logging_mixin.py:188} INFO - [2023-12-19T09:21:42.772+0000] {dag.py:3820} INFO - Setting next_dagrun for latest_only to 2023-12-19T04:00:00+00:00, run_after=2023-12-19T08:00:00+00:00
[2023-12-19T09:21:42.782+0000] {processor.py:183} INFO - Processing /home/airflow/.local/lib/python3.8/site-packages/airflow/example_dags/example_latest_only.py took 0.052 seconds
[2023-12-19T09:22:13.486+0000] {processor.py:161} INFO - Started process (PID=2051) to work on /home/airflow/.local/lib/python3.8/site-packages/airflow/example_dags/example_latest_only.py
[2023-12-19T09:22:13.488+0000] {processor.py:830} INFO - Processing file /home/airflow/.local/lib/python3.8/site-packages/airflow/example_dags/example_latest_only.py for tasks to queue
[2023-12-19T09:22:13.491+0000] {logging_mixin.py:188} INFO - [2023-12-19T09:22:13.490+0000] {dagbag.py:538} INFO - Filling up the DagBag from /home/airflow/.local/lib/python3.8/site-packages/airflow/example_dags/example_latest_only.py
[2023-12-19T09:22:13.497+0000] {processor.py:840} INFO - DAG(s) 'latest_only' retrieved from /home/airflow/.local/lib/python3.8/site-packages/airflow/example_dags/example_latest_only.py
[2023-12-19T09:22:13.514+0000] {logging_mixin.py:188} INFO - [2023-12-19T09:22:13.514+0000] {dag.py:3033} INFO - Sync 1 DAGs
[2023-12-19T09:22:13.629+0000] {logging_mixin.py:188} INFO - [2023-12-19T09:22:13.629+0000] {dag.py:3820} INFO - Setting next_dagrun for latest_only to 2023-12-19T04:00:00+00:00, run_after=2023-12-19T08:00:00+00:00
[2023-12-19T09:22:13.641+0000] {processor.py:183} INFO - Processing /home/airflow/.local/lib/python3.8/site-packages/airflow/example_dags/example_latest_only.py took 0.158 seconds
[2023-12-19T09:22:43.677+0000] {processor.py:161} INFO - Started process (PID=2106) to work on /home/airflow/.local/lib/python3.8/site-packages/airflow/example_dags/example_latest_only.py
[2023-12-19T09:22:43.678+0000] {processor.py:830} INFO - Processing file /home/airflow/.local/lib/python3.8/site-packages/airflow/example_dags/example_latest_only.py for tasks to queue
[2023-12-19T09:22:43.681+0000] {logging_mixin.py:188} INFO - [2023-12-19T09:22:43.680+0000] {dagbag.py:538} INFO - Filling up the DagBag from /home/airflow/.local/lib/python3.8/site-packages/airflow/example_dags/example_latest_only.py
[2023-12-19T09:22:43.686+0000] {processor.py:840} INFO - DAG(s) 'latest_only' retrieved from /home/airflow/.local/lib/python3.8/site-packages/airflow/example_dags/example_latest_only.py
[2023-12-19T09:22:43.701+0000] {logging_mixin.py:188} INFO - [2023-12-19T09:22:43.701+0000] {dag.py:3033} INFO - Sync 1 DAGs
[2023-12-19T09:22:43.714+0000] {logging_mixin.py:188} INFO - [2023-12-19T09:22:43.714+0000] {dag.py:3820} INFO - Setting next_dagrun for latest_only to 2023-12-19T04:00:00+00:00, run_after=2023-12-19T08:00:00+00:00
[2023-12-19T09:22:43.724+0000] {processor.py:183} INFO - Processing /home/airflow/.local/lib/python3.8/site-packages/airflow/example_dags/example_latest_only.py took 0.050 seconds
[2023-12-19T09:23:14.233+0000] {processor.py:161} INFO - Started process (PID=2161) to work on /home/airflow/.local/lib/python3.8/site-packages/airflow/example_dags/example_latest_only.py
[2023-12-19T09:23:14.235+0000] {processor.py:830} INFO - Processing file /home/airflow/.local/lib/python3.8/site-packages/airflow/example_dags/example_latest_only.py for tasks to queue
[2023-12-19T09:23:14.237+0000] {logging_mixin.py:188} INFO - [2023-12-19T09:23:14.237+0000] {dagbag.py:538} INFO - Filling up the DagBag from /home/airflow/.local/lib/python3.8/site-packages/airflow/example_dags/example_latest_only.py
[2023-12-19T09:23:14.241+0000] {processor.py:840} INFO - DAG(s) 'latest_only' retrieved from /home/airflow/.local/lib/python3.8/site-packages/airflow/example_dags/example_latest_only.py
[2023-12-19T09:23:14.258+0000] {logging_mixin.py:188} INFO - [2023-12-19T09:23:14.258+0000] {dag.py:3033} INFO - Sync 1 DAGs
[2023-12-19T09:23:14.273+0000] {logging_mixin.py:188} INFO - [2023-12-19T09:23:14.273+0000] {dag.py:3820} INFO - Setting next_dagrun for latest_only to 2023-12-19T04:00:00+00:00, run_after=2023-12-19T08:00:00+00:00
[2023-12-19T09:23:14.288+0000] {processor.py:183} INFO - Processing /home/airflow/.local/lib/python3.8/site-packages/airflow/example_dags/example_latest_only.py took 0.058 seconds
[2023-12-19T09:23:44.956+0000] {processor.py:161} INFO - Started process (PID=2216) to work on /home/airflow/.local/lib/python3.8/site-packages/airflow/example_dags/example_latest_only.py
[2023-12-19T09:23:44.958+0000] {processor.py:830} INFO - Processing file /home/airflow/.local/lib/python3.8/site-packages/airflow/example_dags/example_latest_only.py for tasks to queue
[2023-12-19T09:23:44.960+0000] {logging_mixin.py:188} INFO - [2023-12-19T09:23:44.960+0000] {dagbag.py:538} INFO - Filling up the DagBag from /home/airflow/.local/lib/python3.8/site-packages/airflow/example_dags/example_latest_only.py
[2023-12-19T09:23:44.964+0000] {processor.py:840} INFO - DAG(s) 'latest_only' retrieved from /home/airflow/.local/lib/python3.8/site-packages/airflow/example_dags/example_latest_only.py
[2023-12-19T09:23:44.979+0000] {logging_mixin.py:188} INFO - [2023-12-19T09:23:44.979+0000] {dag.py:3033} INFO - Sync 1 DAGs
[2023-12-19T09:23:44.992+0000] {logging_mixin.py:188} INFO - [2023-12-19T09:23:44.992+0000] {dag.py:3820} INFO - Setting next_dagrun for latest_only to 2023-12-19T04:00:00+00:00, run_after=2023-12-19T08:00:00+00:00
[2023-12-19T09:23:45.002+0000] {processor.py:183} INFO - Processing /home/airflow/.local/lib/python3.8/site-packages/airflow/example_dags/example_latest_only.py took 0.048 seconds
[2023-12-19T09:24:15.516+0000] {processor.py:161} INFO - Started process (PID=2270) to work on /home/airflow/.local/lib/python3.8/site-packages/airflow/example_dags/example_latest_only.py
[2023-12-19T09:24:15.518+0000] {processor.py:830} INFO - Processing file /home/airflow/.local/lib/python3.8/site-packages/airflow/example_dags/example_latest_only.py for tasks to queue
[2023-12-19T09:24:15.520+0000] {logging_mixin.py:188} INFO - [2023-12-19T09:24:15.520+0000] {dagbag.py:538} INFO - Filling up the DagBag from /home/airflow/.local/lib/python3.8/site-packages/airflow/example_dags/example_latest_only.py
[2023-12-19T09:24:15.525+0000] {processor.py:840} INFO - DAG(s) 'latest_only' retrieved from /home/airflow/.local/lib/python3.8/site-packages/airflow/example_dags/example_latest_only.py
[2023-12-19T09:24:15.541+0000] {logging_mixin.py:188} INFO - [2023-12-19T09:24:15.541+0000] {dag.py:3033} INFO - Sync 1 DAGs
[2023-12-19T09:24:15.555+0000] {logging_mixin.py:188} INFO - [2023-12-19T09:24:15.555+0000] {dag.py:3820} INFO - Setting next_dagrun for latest_only to 2023-12-19T04:00:00+00:00, run_after=2023-12-19T08:00:00+00:00
[2023-12-19T09:24:15.565+0000] {processor.py:183} INFO - Processing /home/airflow/.local/lib/python3.8/site-packages/airflow/example_dags/example_latest_only.py took 0.051 seconds
[2023-12-19T09:24:45.886+0000] {processor.py:161} INFO - Started process (PID=2325) to work on /home/airflow/.local/lib/python3.8/site-packages/airflow/example_dags/example_latest_only.py
[2023-12-19T09:24:45.888+0000] {processor.py:830} INFO - Processing file /home/airflow/.local/lib/python3.8/site-packages/airflow/example_dags/example_latest_only.py for tasks to queue
[2023-12-19T09:24:45.890+0000] {logging_mixin.py:188} INFO - [2023-12-19T09:24:45.890+0000] {dagbag.py:538} INFO - Filling up the DagBag from /home/airflow/.local/lib/python3.8/site-packages/airflow/example_dags/example_latest_only.py
[2023-12-19T09:24:45.895+0000] {processor.py:840} INFO - DAG(s) 'latest_only' retrieved from /home/airflow/.local/lib/python3.8/site-packages/airflow/example_dags/example_latest_only.py
[2023-12-19T09:24:45.910+0000] {logging_mixin.py:188} INFO - [2023-12-19T09:24:45.910+0000] {dag.py:3033} INFO - Sync 1 DAGs
[2023-12-19T09:24:45.923+0000] {logging_mixin.py:188} INFO - [2023-12-19T09:24:45.923+0000] {dag.py:3820} INFO - Setting next_dagrun for latest_only to 2023-12-19T04:00:00+00:00, run_after=2023-12-19T08:00:00+00:00
[2023-12-19T09:24:45.934+0000] {processor.py:183} INFO - Processing /home/airflow/.local/lib/python3.8/site-packages/airflow/example_dags/example_latest_only.py took 0.050 seconds
[2023-12-19T09:25:16.361+0000] {processor.py:161} INFO - Started process (PID=2380) to work on /home/airflow/.local/lib/python3.8/site-packages/airflow/example_dags/example_latest_only.py
[2023-12-19T09:25:16.363+0000] {processor.py:830} INFO - Processing file /home/airflow/.local/lib/python3.8/site-packages/airflow/example_dags/example_latest_only.py for tasks to queue
[2023-12-19T09:25:16.365+0000] {logging_mixin.py:188} INFO - [2023-12-19T09:25:16.365+0000] {dagbag.py:538} INFO - Filling up the DagBag from /home/airflow/.local/lib/python3.8/site-packages/airflow/example_dags/example_latest_only.py
[2023-12-19T09:25:16.370+0000] {processor.py:840} INFO - DAG(s) 'latest_only' retrieved from /home/airflow/.local/lib/python3.8/site-packages/airflow/example_dags/example_latest_only.py
[2023-12-19T09:25:16.385+0000] {logging_mixin.py:188} INFO - [2023-12-19T09:25:16.385+0000] {dag.py:3033} INFO - Sync 1 DAGs
[2023-12-19T09:25:16.397+0000] {logging_mixin.py:188} INFO - [2023-12-19T09:25:16.397+0000] {dag.py:3820} INFO - Setting next_dagrun for latest_only to 2023-12-19T04:00:00+00:00, run_after=2023-12-19T08:00:00+00:00
[2023-12-19T09:25:16.408+0000] {processor.py:183} INFO - Processing /home/airflow/.local/lib/python3.8/site-packages/airflow/example_dags/example_latest_only.py took 0.049 seconds
[2023-12-19T09:25:47.058+0000] {processor.py:161} INFO - Started process (PID=2435) to work on /home/airflow/.local/lib/python3.8/site-packages/airflow/example_dags/example_latest_only.py
[2023-12-19T09:25:47.060+0000] {processor.py:830} INFO - Processing file /home/airflow/.local/lib/python3.8/site-packages/airflow/example_dags/example_latest_only.py for tasks to queue
[2023-12-19T09:25:47.062+0000] {logging_mixin.py:188} INFO - [2023-12-19T09:25:47.062+0000] {dagbag.py:538} INFO - Filling up the DagBag from /home/airflow/.local/lib/python3.8/site-packages/airflow/example_dags/example_latest_only.py
[2023-12-19T09:25:47.066+0000] {processor.py:840} INFO - DAG(s) 'latest_only' retrieved from /home/airflow/.local/lib/python3.8/site-packages/airflow/example_dags/example_latest_only.py
[2023-12-19T09:25:47.081+0000] {logging_mixin.py:188} INFO - [2023-12-19T09:25:47.081+0000] {dag.py:3033} INFO - Sync 1 DAGs
[2023-12-19T09:25:47.098+0000] {logging_mixin.py:188} INFO - [2023-12-19T09:25:47.097+0000] {dag.py:3820} INFO - Setting next_dagrun for latest_only to 2023-12-19T04:00:00+00:00, run_after=2023-12-19T08:00:00+00:00
[2023-12-19T09:25:47.114+0000] {processor.py:183} INFO - Processing /home/airflow/.local/lib/python3.8/site-packages/airflow/example_dags/example_latest_only.py took 0.059 seconds
[2023-12-19T09:26:17.460+0000] {processor.py:161} INFO - Started process (PID=2490) to work on /home/airflow/.local/lib/python3.8/site-packages/airflow/example_dags/example_latest_only.py
[2023-12-19T09:26:17.461+0000] {processor.py:830} INFO - Processing file /home/airflow/.local/lib/python3.8/site-packages/airflow/example_dags/example_latest_only.py for tasks to queue
[2023-12-19T09:26:17.463+0000] {logging_mixin.py:188} INFO - [2023-12-19T09:26:17.463+0000] {dagbag.py:538} INFO - Filling up the DagBag from /home/airflow/.local/lib/python3.8/site-packages/airflow/example_dags/example_latest_only.py
[2023-12-19T09:26:17.469+0000] {processor.py:840} INFO - DAG(s) 'latest_only' retrieved from /home/airflow/.local/lib/python3.8/site-packages/airflow/example_dags/example_latest_only.py
[2023-12-19T09:26:17.482+0000] {logging_mixin.py:188} INFO - [2023-12-19T09:26:17.482+0000] {dag.py:3033} INFO - Sync 1 DAGs
[2023-12-19T09:26:17.495+0000] {logging_mixin.py:188} INFO - [2023-12-19T09:26:17.495+0000] {dag.py:3820} INFO - Setting next_dagrun for latest_only to 2023-12-19T04:00:00+00:00, run_after=2023-12-19T08:00:00+00:00
[2023-12-19T09:26:17.505+0000] {processor.py:183} INFO - Processing /home/airflow/.local/lib/python3.8/site-packages/airflow/example_dags/example_latest_only.py took 0.048 seconds
[2023-12-19T09:26:47.971+0000] {processor.py:161} INFO - Started process (PID=2545) to work on /home/airflow/.local/lib/python3.8/site-packages/airflow/example_dags/example_latest_only.py
[2023-12-19T09:26:47.973+0000] {processor.py:830} INFO - Processing file /home/airflow/.local/lib/python3.8/site-packages/airflow/example_dags/example_latest_only.py for tasks to queue
[2023-12-19T09:26:47.975+0000] {logging_mixin.py:188} INFO - [2023-12-19T09:26:47.975+0000] {dagbag.py:538} INFO - Filling up the DagBag from /home/airflow/.local/lib/python3.8/site-packages/airflow/example_dags/example_latest_only.py
[2023-12-19T09:26:47.979+0000] {processor.py:840} INFO - DAG(s) 'latest_only' retrieved from /home/airflow/.local/lib/python3.8/site-packages/airflow/example_dags/example_latest_only.py
[2023-12-19T09:26:47.994+0000] {logging_mixin.py:188} INFO - [2023-12-19T09:26:47.993+0000] {dag.py:3033} INFO - Sync 1 DAGs
[2023-12-19T09:26:48.006+0000] {logging_mixin.py:188} INFO - [2023-12-19T09:26:48.006+0000] {dag.py:3820} INFO - Setting next_dagrun for latest_only to 2023-12-19T04:00:00+00:00, run_after=2023-12-19T08:00:00+00:00
[2023-12-19T09:26:48.016+0000] {processor.py:183} INFO - Processing /home/airflow/.local/lib/python3.8/site-packages/airflow/example_dags/example_latest_only.py took 0.047 seconds
