[2023-12-19T09:03:49.573+0000] {processor.py:161} INFO - Started process (PID=34) to work on /home/airflow/.local/lib/python3.8/site-packages/airflow/example_dags/example_nested_branch_dag.py
[2023-12-19T09:03:49.575+0000] {processor.py:830} INFO - Processing file /home/airflow/.local/lib/python3.8/site-packages/airflow/example_dags/example_nested_branch_dag.py for tasks to queue
[2023-12-19T09:03:49.580+0000] {logging_mixin.py:188} INFO - [2023-12-19T09:03:49.580+0000] {dagbag.py:538} INFO - Filling up the DagBag from /home/airflow/.local/lib/python3.8/site-packages/airflow/example_dags/example_nested_branch_dag.py
[2023-12-19T09:03:49.589+0000] {processor.py:840} INFO - DAG(s) 'example_nested_branch_dag' retrieved from /home/airflow/.local/lib/python3.8/site-packages/airflow/example_dags/example_nested_branch_dag.py
[2023-12-19T09:03:49.601+0000] {logging_mixin.py:188} INFO - [2023-12-19T09:03:49.601+0000] {dag.py:3033} INFO - Sync 1 DAGs
[2023-12-19T09:03:49.625+0000] {logging_mixin.py:188} INFO - [2023-12-19T09:03:49.625+0000] {dag.py:3820} INFO - Setting next_dagrun for example_nested_branch_dag to 2023-12-18T00:00:00+00:00, run_after=2023-12-19T00:00:00+00:00
[2023-12-19T09:03:49.660+0000] {processor.py:183} INFO - Processing /home/airflow/.local/lib/python3.8/site-packages/airflow/example_dags/example_nested_branch_dag.py took 0.090 seconds
[2023-12-19T09:04:20.646+0000] {processor.py:161} INFO - Started process (PID=90) to work on /home/airflow/.local/lib/python3.8/site-packages/airflow/example_dags/example_nested_branch_dag.py
[2023-12-19T09:04:20.648+0000] {processor.py:830} INFO - Processing file /home/airflow/.local/lib/python3.8/site-packages/airflow/example_dags/example_nested_branch_dag.py for tasks to queue
[2023-12-19T09:04:20.651+0000] {logging_mixin.py:188} INFO - [2023-12-19T09:04:20.650+0000] {dagbag.py:538} INFO - Filling up the DagBag from /home/airflow/.local/lib/python3.8/site-packages/airflow/example_dags/example_nested_branch_dag.py
[2023-12-19T09:04:20.662+0000] {processor.py:840} INFO - DAG(s) 'example_nested_branch_dag' retrieved from /home/airflow/.local/lib/python3.8/site-packages/airflow/example_dags/example_nested_branch_dag.py
[2023-12-19T09:04:20.733+0000] {logging_mixin.py:188} INFO - [2023-12-19T09:04:20.733+0000] {dag.py:3033} INFO - Sync 1 DAGs
[2023-12-19T09:04:20.751+0000] {logging_mixin.py:188} INFO - [2023-12-19T09:04:20.750+0000] {dag.py:3820} INFO - Setting next_dagrun for example_nested_branch_dag to 2023-12-18T00:00:00+00:00, run_after=2023-12-19T00:00:00+00:00
[2023-12-19T09:04:20.766+0000] {processor.py:183} INFO - Processing /home/airflow/.local/lib/python3.8/site-packages/airflow/example_dags/example_nested_branch_dag.py took 0.123 seconds
[2023-12-19T09:04:51.441+0000] {processor.py:161} INFO - Started process (PID=144) to work on /home/airflow/.local/lib/python3.8/site-packages/airflow/example_dags/example_nested_branch_dag.py
[2023-12-19T09:04:51.443+0000] {processor.py:830} INFO - Processing file /home/airflow/.local/lib/python3.8/site-packages/airflow/example_dags/example_nested_branch_dag.py for tasks to queue
[2023-12-19T09:04:51.446+0000] {logging_mixin.py:188} INFO - [2023-12-19T09:04:51.445+0000] {dagbag.py:538} INFO - Filling up the DagBag from /home/airflow/.local/lib/python3.8/site-packages/airflow/example_dags/example_nested_branch_dag.py
[2023-12-19T09:04:51.455+0000] {processor.py:840} INFO - DAG(s) 'example_nested_branch_dag' retrieved from /home/airflow/.local/lib/python3.8/site-packages/airflow/example_dags/example_nested_branch_dag.py
[2023-12-19T09:04:51.475+0000] {logging_mixin.py:188} INFO - [2023-12-19T09:04:51.474+0000] {dag.py:3033} INFO - Sync 1 DAGs
[2023-12-19T09:04:51.491+0000] {logging_mixin.py:188} INFO - [2023-12-19T09:04:51.491+0000] {dag.py:3820} INFO - Setting next_dagrun for example_nested_branch_dag to 2023-12-18T00:00:00+00:00, run_after=2023-12-19T00:00:00+00:00
[2023-12-19T09:04:51.505+0000] {processor.py:183} INFO - Processing /home/airflow/.local/lib/python3.8/site-packages/airflow/example_dags/example_nested_branch_dag.py took 0.067 seconds
[2023-12-19T09:05:21.595+0000] {processor.py:161} INFO - Started process (PID=199) to work on /home/airflow/.local/lib/python3.8/site-packages/airflow/example_dags/example_nested_branch_dag.py
[2023-12-19T09:05:21.598+0000] {processor.py:830} INFO - Processing file /home/airflow/.local/lib/python3.8/site-packages/airflow/example_dags/example_nested_branch_dag.py for tasks to queue
[2023-12-19T09:05:21.601+0000] {logging_mixin.py:188} INFO - [2023-12-19T09:05:21.600+0000] {dagbag.py:538} INFO - Filling up the DagBag from /home/airflow/.local/lib/python3.8/site-packages/airflow/example_dags/example_nested_branch_dag.py
[2023-12-19T09:05:21.609+0000] {processor.py:840} INFO - DAG(s) 'example_nested_branch_dag' retrieved from /home/airflow/.local/lib/python3.8/site-packages/airflow/example_dags/example_nested_branch_dag.py
[2023-12-19T09:05:21.629+0000] {logging_mixin.py:188} INFO - [2023-12-19T09:05:21.629+0000] {dag.py:3033} INFO - Sync 1 DAGs
[2023-12-19T09:05:21.647+0000] {logging_mixin.py:188} INFO - [2023-12-19T09:05:21.646+0000] {dag.py:3820} INFO - Setting next_dagrun for example_nested_branch_dag to 2023-12-18T00:00:00+00:00, run_after=2023-12-19T00:00:00+00:00
[2023-12-19T09:05:21.661+0000] {processor.py:183} INFO - Processing /home/airflow/.local/lib/python3.8/site-packages/airflow/example_dags/example_nested_branch_dag.py took 0.069 seconds
[2023-12-19T09:05:52.073+0000] {processor.py:161} INFO - Started process (PID=254) to work on /home/airflow/.local/lib/python3.8/site-packages/airflow/example_dags/example_nested_branch_dag.py
[2023-12-19T09:05:52.075+0000] {processor.py:830} INFO - Processing file /home/airflow/.local/lib/python3.8/site-packages/airflow/example_dags/example_nested_branch_dag.py for tasks to queue
[2023-12-19T09:05:52.078+0000] {logging_mixin.py:188} INFO - [2023-12-19T09:05:52.078+0000] {dagbag.py:538} INFO - Filling up the DagBag from /home/airflow/.local/lib/python3.8/site-packages/airflow/example_dags/example_nested_branch_dag.py
[2023-12-19T09:05:52.086+0000] {processor.py:840} INFO - DAG(s) 'example_nested_branch_dag' retrieved from /home/airflow/.local/lib/python3.8/site-packages/airflow/example_dags/example_nested_branch_dag.py
[2023-12-19T09:05:52.104+0000] {logging_mixin.py:188} INFO - [2023-12-19T09:05:52.104+0000] {dag.py:3033} INFO - Sync 1 DAGs
[2023-12-19T09:05:52.121+0000] {logging_mixin.py:188} INFO - [2023-12-19T09:05:52.121+0000] {dag.py:3820} INFO - Setting next_dagrun for example_nested_branch_dag to 2023-12-18T00:00:00+00:00, run_after=2023-12-19T00:00:00+00:00
[2023-12-19T09:05:52.135+0000] {processor.py:183} INFO - Processing /home/airflow/.local/lib/python3.8/site-packages/airflow/example_dags/example_nested_branch_dag.py took 0.064 seconds
[2023-12-19T09:06:22.884+0000] {processor.py:161} INFO - Started process (PID=309) to work on /home/airflow/.local/lib/python3.8/site-packages/airflow/example_dags/example_nested_branch_dag.py
[2023-12-19T09:06:22.886+0000] {processor.py:830} INFO - Processing file /home/airflow/.local/lib/python3.8/site-packages/airflow/example_dags/example_nested_branch_dag.py for tasks to queue
[2023-12-19T09:06:22.888+0000] {logging_mixin.py:188} INFO - [2023-12-19T09:06:22.888+0000] {dagbag.py:538} INFO - Filling up the DagBag from /home/airflow/.local/lib/python3.8/site-packages/airflow/example_dags/example_nested_branch_dag.py
[2023-12-19T09:06:22.897+0000] {processor.py:840} INFO - DAG(s) 'example_nested_branch_dag' retrieved from /home/airflow/.local/lib/python3.8/site-packages/airflow/example_dags/example_nested_branch_dag.py
[2023-12-19T09:06:22.917+0000] {logging_mixin.py:188} INFO - [2023-12-19T09:06:22.916+0000] {dag.py:3033} INFO - Sync 1 DAGs
[2023-12-19T09:06:22.933+0000] {logging_mixin.py:188} INFO - [2023-12-19T09:06:22.933+0000] {dag.py:3820} INFO - Setting next_dagrun for example_nested_branch_dag to 2023-12-18T00:00:00+00:00, run_after=2023-12-19T00:00:00+00:00
[2023-12-19T09:06:22.949+0000] {processor.py:183} INFO - Processing /home/airflow/.local/lib/python3.8/site-packages/airflow/example_dags/example_nested_branch_dag.py took 0.068 seconds
[2023-12-19T09:06:53.695+0000] {processor.py:161} INFO - Started process (PID=364) to work on /home/airflow/.local/lib/python3.8/site-packages/airflow/example_dags/example_nested_branch_dag.py
[2023-12-19T09:06:53.697+0000] {processor.py:830} INFO - Processing file /home/airflow/.local/lib/python3.8/site-packages/airflow/example_dags/example_nested_branch_dag.py for tasks to queue
[2023-12-19T09:06:53.700+0000] {logging_mixin.py:188} INFO - [2023-12-19T09:06:53.700+0000] {dagbag.py:538} INFO - Filling up the DagBag from /home/airflow/.local/lib/python3.8/site-packages/airflow/example_dags/example_nested_branch_dag.py
[2023-12-19T09:06:53.709+0000] {processor.py:840} INFO - DAG(s) 'example_nested_branch_dag' retrieved from /home/airflow/.local/lib/python3.8/site-packages/airflow/example_dags/example_nested_branch_dag.py
[2023-12-19T09:06:53.732+0000] {logging_mixin.py:188} INFO - [2023-12-19T09:06:53.732+0000] {dag.py:3033} INFO - Sync 1 DAGs
[2023-12-19T09:06:53.750+0000] {logging_mixin.py:188} INFO - [2023-12-19T09:06:53.750+0000] {dag.py:3820} INFO - Setting next_dagrun for example_nested_branch_dag to 2023-12-18T00:00:00+00:00, run_after=2023-12-19T00:00:00+00:00
[2023-12-19T09:06:53.767+0000] {processor.py:183} INFO - Processing /home/airflow/.local/lib/python3.8/site-packages/airflow/example_dags/example_nested_branch_dag.py took 0.074 seconds
[2023-12-19T09:07:24.415+0000] {processor.py:161} INFO - Started process (PID=419) to work on /home/airflow/.local/lib/python3.8/site-packages/airflow/example_dags/example_nested_branch_dag.py
[2023-12-19T09:07:24.417+0000] {processor.py:830} INFO - Processing file /home/airflow/.local/lib/python3.8/site-packages/airflow/example_dags/example_nested_branch_dag.py for tasks to queue
[2023-12-19T09:07:24.420+0000] {logging_mixin.py:188} INFO - [2023-12-19T09:07:24.420+0000] {dagbag.py:538} INFO - Filling up the DagBag from /home/airflow/.local/lib/python3.8/site-packages/airflow/example_dags/example_nested_branch_dag.py
[2023-12-19T09:07:24.430+0000] {processor.py:840} INFO - DAG(s) 'example_nested_branch_dag' retrieved from /home/airflow/.local/lib/python3.8/site-packages/airflow/example_dags/example_nested_branch_dag.py
[2023-12-19T09:07:24.451+0000] {logging_mixin.py:188} INFO - [2023-12-19T09:07:24.451+0000] {dag.py:3033} INFO - Sync 1 DAGs
[2023-12-19T09:07:24.471+0000] {logging_mixin.py:188} INFO - [2023-12-19T09:07:24.471+0000] {dag.py:3820} INFO - Setting next_dagrun for example_nested_branch_dag to 2023-12-18T00:00:00+00:00, run_after=2023-12-19T00:00:00+00:00
[2023-12-19T09:07:24.490+0000] {processor.py:183} INFO - Processing /home/airflow/.local/lib/python3.8/site-packages/airflow/example_dags/example_nested_branch_dag.py took 0.077 seconds
[2023-12-19T09:07:55.308+0000] {processor.py:161} INFO - Started process (PID=474) to work on /home/airflow/.local/lib/python3.8/site-packages/airflow/example_dags/example_nested_branch_dag.py
[2023-12-19T09:07:55.310+0000] {processor.py:830} INFO - Processing file /home/airflow/.local/lib/python3.8/site-packages/airflow/example_dags/example_nested_branch_dag.py for tasks to queue
[2023-12-19T09:07:55.312+0000] {logging_mixin.py:188} INFO - [2023-12-19T09:07:55.312+0000] {dagbag.py:538} INFO - Filling up the DagBag from /home/airflow/.local/lib/python3.8/site-packages/airflow/example_dags/example_nested_branch_dag.py
[2023-12-19T09:07:55.321+0000] {processor.py:840} INFO - DAG(s) 'example_nested_branch_dag' retrieved from /home/airflow/.local/lib/python3.8/site-packages/airflow/example_dags/example_nested_branch_dag.py
[2023-12-19T09:07:55.339+0000] {logging_mixin.py:188} INFO - [2023-12-19T09:07:55.339+0000] {dag.py:3033} INFO - Sync 1 DAGs
[2023-12-19T09:07:55.356+0000] {logging_mixin.py:188} INFO - [2023-12-19T09:07:55.355+0000] {dag.py:3820} INFO - Setting next_dagrun for example_nested_branch_dag to 2023-12-18T00:00:00+00:00, run_after=2023-12-19T00:00:00+00:00
[2023-12-19T09:07:55.370+0000] {processor.py:183} INFO - Processing /home/airflow/.local/lib/python3.8/site-packages/airflow/example_dags/example_nested_branch_dag.py took 0.064 seconds
[2023-12-19T09:08:26.044+0000] {processor.py:161} INFO - Started process (PID=529) to work on /home/airflow/.local/lib/python3.8/site-packages/airflow/example_dags/example_nested_branch_dag.py
[2023-12-19T09:08:26.045+0000] {processor.py:830} INFO - Processing file /home/airflow/.local/lib/python3.8/site-packages/airflow/example_dags/example_nested_branch_dag.py for tasks to queue
[2023-12-19T09:08:26.048+0000] {logging_mixin.py:188} INFO - [2023-12-19T09:08:26.047+0000] {dagbag.py:538} INFO - Filling up the DagBag from /home/airflow/.local/lib/python3.8/site-packages/airflow/example_dags/example_nested_branch_dag.py
[2023-12-19T09:08:26.055+0000] {processor.py:840} INFO - DAG(s) 'example_nested_branch_dag' retrieved from /home/airflow/.local/lib/python3.8/site-packages/airflow/example_dags/example_nested_branch_dag.py
[2023-12-19T09:08:26.072+0000] {logging_mixin.py:188} INFO - [2023-12-19T09:08:26.072+0000] {dag.py:3033} INFO - Sync 1 DAGs
[2023-12-19T09:08:26.087+0000] {logging_mixin.py:188} INFO - [2023-12-19T09:08:26.087+0000] {dag.py:3820} INFO - Setting next_dagrun for example_nested_branch_dag to 2023-12-18T00:00:00+00:00, run_after=2023-12-19T00:00:00+00:00
[2023-12-19T09:08:26.099+0000] {processor.py:183} INFO - Processing /home/airflow/.local/lib/python3.8/site-packages/airflow/example_dags/example_nested_branch_dag.py took 0.058 seconds
[2023-12-19T09:08:56.296+0000] {processor.py:161} INFO - Started process (PID=584) to work on /home/airflow/.local/lib/python3.8/site-packages/airflow/example_dags/example_nested_branch_dag.py
[2023-12-19T09:08:56.297+0000] {processor.py:830} INFO - Processing file /home/airflow/.local/lib/python3.8/site-packages/airflow/example_dags/example_nested_branch_dag.py for tasks to queue
[2023-12-19T09:08:56.300+0000] {logging_mixin.py:188} INFO - [2023-12-19T09:08:56.300+0000] {dagbag.py:538} INFO - Filling up the DagBag from /home/airflow/.local/lib/python3.8/site-packages/airflow/example_dags/example_nested_branch_dag.py
[2023-12-19T09:08:56.309+0000] {processor.py:840} INFO - DAG(s) 'example_nested_branch_dag' retrieved from /home/airflow/.local/lib/python3.8/site-packages/airflow/example_dags/example_nested_branch_dag.py
[2023-12-19T09:08:56.329+0000] {logging_mixin.py:188} INFO - [2023-12-19T09:08:56.329+0000] {dag.py:3033} INFO - Sync 1 DAGs
[2023-12-19T09:08:56.346+0000] {logging_mixin.py:188} INFO - [2023-12-19T09:08:56.346+0000] {dag.py:3820} INFO - Setting next_dagrun for example_nested_branch_dag to 2023-12-18T00:00:00+00:00, run_after=2023-12-19T00:00:00+00:00
[2023-12-19T09:08:56.360+0000] {processor.py:183} INFO - Processing /home/airflow/.local/lib/python3.8/site-packages/airflow/example_dags/example_nested_branch_dag.py took 0.067 seconds
[2023-12-19T09:09:26.543+0000] {processor.py:161} INFO - Started process (PID=639) to work on /home/airflow/.local/lib/python3.8/site-packages/airflow/example_dags/example_nested_branch_dag.py
[2023-12-19T09:09:26.545+0000] {processor.py:830} INFO - Processing file /home/airflow/.local/lib/python3.8/site-packages/airflow/example_dags/example_nested_branch_dag.py for tasks to queue
[2023-12-19T09:09:26.547+0000] {logging_mixin.py:188} INFO - [2023-12-19T09:09:26.547+0000] {dagbag.py:538} INFO - Filling up the DagBag from /home/airflow/.local/lib/python3.8/site-packages/airflow/example_dags/example_nested_branch_dag.py
[2023-12-19T09:09:26.555+0000] {processor.py:840} INFO - DAG(s) 'example_nested_branch_dag' retrieved from /home/airflow/.local/lib/python3.8/site-packages/airflow/example_dags/example_nested_branch_dag.py
[2023-12-19T09:09:26.574+0000] {logging_mixin.py:188} INFO - [2023-12-19T09:09:26.574+0000] {dag.py:3033} INFO - Sync 1 DAGs
[2023-12-19T09:09:26.591+0000] {logging_mixin.py:188} INFO - [2023-12-19T09:09:26.591+0000] {dag.py:3820} INFO - Setting next_dagrun for example_nested_branch_dag to 2023-12-18T00:00:00+00:00, run_after=2023-12-19T00:00:00+00:00
[2023-12-19T09:09:26.605+0000] {processor.py:183} INFO - Processing /home/airflow/.local/lib/python3.8/site-packages/airflow/example_dags/example_nested_branch_dag.py took 0.065 seconds
[2023-12-19T09:09:56.753+0000] {processor.py:161} INFO - Started process (PID=694) to work on /home/airflow/.local/lib/python3.8/site-packages/airflow/example_dags/example_nested_branch_dag.py
[2023-12-19T09:09:56.755+0000] {processor.py:830} INFO - Processing file /home/airflow/.local/lib/python3.8/site-packages/airflow/example_dags/example_nested_branch_dag.py for tasks to queue
[2023-12-19T09:09:56.759+0000] {logging_mixin.py:188} INFO - [2023-12-19T09:09:56.758+0000] {dagbag.py:538} INFO - Filling up the DagBag from /home/airflow/.local/lib/python3.8/site-packages/airflow/example_dags/example_nested_branch_dag.py
[2023-12-19T09:09:56.768+0000] {processor.py:840} INFO - DAG(s) 'example_nested_branch_dag' retrieved from /home/airflow/.local/lib/python3.8/site-packages/airflow/example_dags/example_nested_branch_dag.py
[2023-12-19T09:09:56.786+0000] {logging_mixin.py:188} INFO - [2023-12-19T09:09:56.786+0000] {dag.py:3033} INFO - Sync 1 DAGs
[2023-12-19T09:09:56.804+0000] {logging_mixin.py:188} INFO - [2023-12-19T09:09:56.804+0000] {dag.py:3820} INFO - Setting next_dagrun for example_nested_branch_dag to 2023-12-18T00:00:00+00:00, run_after=2023-12-19T00:00:00+00:00
[2023-12-19T09:09:56.820+0000] {processor.py:183} INFO - Processing /home/airflow/.local/lib/python3.8/site-packages/airflow/example_dags/example_nested_branch_dag.py took 0.069 seconds
[2023-12-19T09:10:26.982+0000] {processor.py:161} INFO - Started process (PID=750) to work on /home/airflow/.local/lib/python3.8/site-packages/airflow/example_dags/example_nested_branch_dag.py
[2023-12-19T09:10:26.984+0000] {processor.py:830} INFO - Processing file /home/airflow/.local/lib/python3.8/site-packages/airflow/example_dags/example_nested_branch_dag.py for tasks to queue
[2023-12-19T09:10:26.986+0000] {logging_mixin.py:188} INFO - [2023-12-19T09:10:26.986+0000] {dagbag.py:538} INFO - Filling up the DagBag from /home/airflow/.local/lib/python3.8/site-packages/airflow/example_dags/example_nested_branch_dag.py
[2023-12-19T09:10:26.994+0000] {processor.py:840} INFO - DAG(s) 'example_nested_branch_dag' retrieved from /home/airflow/.local/lib/python3.8/site-packages/airflow/example_dags/example_nested_branch_dag.py
[2023-12-19T09:10:27.013+0000] {logging_mixin.py:188} INFO - [2023-12-19T09:10:27.013+0000] {dag.py:3033} INFO - Sync 1 DAGs
[2023-12-19T09:10:27.030+0000] {logging_mixin.py:188} INFO - [2023-12-19T09:10:27.030+0000] {dag.py:3820} INFO - Setting next_dagrun for example_nested_branch_dag to 2023-12-18T00:00:00+00:00, run_after=2023-12-19T00:00:00+00:00
[2023-12-19T09:10:27.045+0000] {processor.py:183} INFO - Processing /home/airflow/.local/lib/python3.8/site-packages/airflow/example_dags/example_nested_branch_dag.py took 0.066 seconds
[2023-12-19T09:10:57.151+0000] {processor.py:161} INFO - Started process (PID=805) to work on /home/airflow/.local/lib/python3.8/site-packages/airflow/example_dags/example_nested_branch_dag.py
[2023-12-19T09:10:57.152+0000] {processor.py:830} INFO - Processing file /home/airflow/.local/lib/python3.8/site-packages/airflow/example_dags/example_nested_branch_dag.py for tasks to queue
[2023-12-19T09:10:57.155+0000] {logging_mixin.py:188} INFO - [2023-12-19T09:10:57.154+0000] {dagbag.py:538} INFO - Filling up the DagBag from /home/airflow/.local/lib/python3.8/site-packages/airflow/example_dags/example_nested_branch_dag.py
[2023-12-19T09:10:57.163+0000] {processor.py:840} INFO - DAG(s) 'example_nested_branch_dag' retrieved from /home/airflow/.local/lib/python3.8/site-packages/airflow/example_dags/example_nested_branch_dag.py
[2023-12-19T09:10:57.180+0000] {logging_mixin.py:188} INFO - [2023-12-19T09:10:57.180+0000] {dag.py:3033} INFO - Sync 1 DAGs
[2023-12-19T09:10:57.196+0000] {logging_mixin.py:188} INFO - [2023-12-19T09:10:57.196+0000] {dag.py:3820} INFO - Setting next_dagrun for example_nested_branch_dag to 2023-12-18T00:00:00+00:00, run_after=2023-12-19T00:00:00+00:00
[2023-12-19T09:10:57.208+0000] {processor.py:183} INFO - Processing /home/airflow/.local/lib/python3.8/site-packages/airflow/example_dags/example_nested_branch_dag.py took 0.060 seconds
[2023-12-19T09:11:27.715+0000] {processor.py:161} INFO - Started process (PID=860) to work on /home/airflow/.local/lib/python3.8/site-packages/airflow/example_dags/example_nested_branch_dag.py
[2023-12-19T09:11:27.716+0000] {processor.py:830} INFO - Processing file /home/airflow/.local/lib/python3.8/site-packages/airflow/example_dags/example_nested_branch_dag.py for tasks to queue
[2023-12-19T09:11:27.719+0000] {logging_mixin.py:188} INFO - [2023-12-19T09:11:27.718+0000] {dagbag.py:538} INFO - Filling up the DagBag from /home/airflow/.local/lib/python3.8/site-packages/airflow/example_dags/example_nested_branch_dag.py
[2023-12-19T09:11:27.728+0000] {processor.py:840} INFO - DAG(s) 'example_nested_branch_dag' retrieved from /home/airflow/.local/lib/python3.8/site-packages/airflow/example_dags/example_nested_branch_dag.py
[2023-12-19T09:11:27.748+0000] {logging_mixin.py:188} INFO - [2023-12-19T09:11:27.748+0000] {dag.py:3033} INFO - Sync 1 DAGs
[2023-12-19T09:11:27.766+0000] {logging_mixin.py:188} INFO - [2023-12-19T09:11:27.765+0000] {dag.py:3820} INFO - Setting next_dagrun for example_nested_branch_dag to 2023-12-18T00:00:00+00:00, run_after=2023-12-19T00:00:00+00:00
[2023-12-19T09:11:27.781+0000] {processor.py:183} INFO - Processing /home/airflow/.local/lib/python3.8/site-packages/airflow/example_dags/example_nested_branch_dag.py took 0.069 seconds
[2023-12-19T09:11:58.455+0000] {processor.py:161} INFO - Started process (PID=915) to work on /home/airflow/.local/lib/python3.8/site-packages/airflow/example_dags/example_nested_branch_dag.py
[2023-12-19T09:11:58.457+0000] {processor.py:830} INFO - Processing file /home/airflow/.local/lib/python3.8/site-packages/airflow/example_dags/example_nested_branch_dag.py for tasks to queue
[2023-12-19T09:11:58.461+0000] {logging_mixin.py:188} INFO - [2023-12-19T09:11:58.461+0000] {dagbag.py:538} INFO - Filling up the DagBag from /home/airflow/.local/lib/python3.8/site-packages/airflow/example_dags/example_nested_branch_dag.py
[2023-12-19T09:11:58.468+0000] {processor.py:840} INFO - DAG(s) 'example_nested_branch_dag' retrieved from /home/airflow/.local/lib/python3.8/site-packages/airflow/example_dags/example_nested_branch_dag.py
[2023-12-19T09:11:58.484+0000] {logging_mixin.py:188} INFO - [2023-12-19T09:11:58.483+0000] {dag.py:3033} INFO - Sync 1 DAGs
[2023-12-19T09:11:58.498+0000] {logging_mixin.py:188} INFO - [2023-12-19T09:11:58.498+0000] {dag.py:3820} INFO - Setting next_dagrun for example_nested_branch_dag to 2023-12-18T00:00:00+00:00, run_after=2023-12-19T00:00:00+00:00
[2023-12-19T09:11:58.511+0000] {processor.py:183} INFO - Processing /home/airflow/.local/lib/python3.8/site-packages/airflow/example_dags/example_nested_branch_dag.py took 0.058 seconds
[2023-12-19T09:12:29.122+0000] {processor.py:161} INFO - Started process (PID=971) to work on /home/airflow/.local/lib/python3.8/site-packages/airflow/example_dags/example_nested_branch_dag.py
[2023-12-19T09:12:29.124+0000] {processor.py:830} INFO - Processing file /home/airflow/.local/lib/python3.8/site-packages/airflow/example_dags/example_nested_branch_dag.py for tasks to queue
[2023-12-19T09:12:29.126+0000] {logging_mixin.py:188} INFO - [2023-12-19T09:12:29.126+0000] {dagbag.py:538} INFO - Filling up the DagBag from /home/airflow/.local/lib/python3.8/site-packages/airflow/example_dags/example_nested_branch_dag.py
[2023-12-19T09:12:29.133+0000] {processor.py:840} INFO - DAG(s) 'example_nested_branch_dag' retrieved from /home/airflow/.local/lib/python3.8/site-packages/airflow/example_dags/example_nested_branch_dag.py
[2023-12-19T09:12:29.149+0000] {logging_mixin.py:188} INFO - [2023-12-19T09:12:29.148+0000] {dag.py:3033} INFO - Sync 1 DAGs
[2023-12-19T09:12:29.163+0000] {logging_mixin.py:188} INFO - [2023-12-19T09:12:29.162+0000] {dag.py:3820} INFO - Setting next_dagrun for example_nested_branch_dag to 2023-12-18T00:00:00+00:00, run_after=2023-12-19T00:00:00+00:00
[2023-12-19T09:12:29.174+0000] {processor.py:183} INFO - Processing /home/airflow/.local/lib/python3.8/site-packages/airflow/example_dags/example_nested_branch_dag.py took 0.058 seconds
[2023-12-19T09:12:59.648+0000] {processor.py:161} INFO - Started process (PID=1026) to work on /home/airflow/.local/lib/python3.8/site-packages/airflow/example_dags/example_nested_branch_dag.py
[2023-12-19T09:12:59.649+0000] {processor.py:830} INFO - Processing file /home/airflow/.local/lib/python3.8/site-packages/airflow/example_dags/example_nested_branch_dag.py for tasks to queue
[2023-12-19T09:12:59.651+0000] {logging_mixin.py:188} INFO - [2023-12-19T09:12:59.651+0000] {dagbag.py:538} INFO - Filling up the DagBag from /home/airflow/.local/lib/python3.8/site-packages/airflow/example_dags/example_nested_branch_dag.py
[2023-12-19T09:12:59.658+0000] {processor.py:840} INFO - DAG(s) 'example_nested_branch_dag' retrieved from /home/airflow/.local/lib/python3.8/site-packages/airflow/example_dags/example_nested_branch_dag.py
[2023-12-19T09:12:59.674+0000] {logging_mixin.py:188} INFO - [2023-12-19T09:12:59.674+0000] {dag.py:3033} INFO - Sync 1 DAGs
[2023-12-19T09:12:59.690+0000] {logging_mixin.py:188} INFO - [2023-12-19T09:12:59.690+0000] {dag.py:3820} INFO - Setting next_dagrun for example_nested_branch_dag to 2023-12-18T00:00:00+00:00, run_after=2023-12-19T00:00:00+00:00
[2023-12-19T09:12:59.701+0000] {processor.py:183} INFO - Processing /home/airflow/.local/lib/python3.8/site-packages/airflow/example_dags/example_nested_branch_dag.py took 0.056 seconds
[2023-12-19T09:13:30.074+0000] {processor.py:161} INFO - Started process (PID=1081) to work on /home/airflow/.local/lib/python3.8/site-packages/airflow/example_dags/example_nested_branch_dag.py
[2023-12-19T09:13:30.075+0000] {processor.py:830} INFO - Processing file /home/airflow/.local/lib/python3.8/site-packages/airflow/example_dags/example_nested_branch_dag.py for tasks to queue
[2023-12-19T09:13:30.077+0000] {logging_mixin.py:188} INFO - [2023-12-19T09:13:30.077+0000] {dagbag.py:538} INFO - Filling up the DagBag from /home/airflow/.local/lib/python3.8/site-packages/airflow/example_dags/example_nested_branch_dag.py
[2023-12-19T09:13:30.085+0000] {processor.py:840} INFO - DAG(s) 'example_nested_branch_dag' retrieved from /home/airflow/.local/lib/python3.8/site-packages/airflow/example_dags/example_nested_branch_dag.py
[2023-12-19T09:13:30.101+0000] {logging_mixin.py:188} INFO - [2023-12-19T09:13:30.101+0000] {dag.py:3033} INFO - Sync 1 DAGs
[2023-12-19T09:13:30.116+0000] {logging_mixin.py:188} INFO - [2023-12-19T09:13:30.116+0000] {dag.py:3820} INFO - Setting next_dagrun for example_nested_branch_dag to 2023-12-18T00:00:00+00:00, run_after=2023-12-19T00:00:00+00:00
[2023-12-19T09:13:30.128+0000] {processor.py:183} INFO - Processing /home/airflow/.local/lib/python3.8/site-packages/airflow/example_dags/example_nested_branch_dag.py took 0.057 seconds
[2023-12-19T09:14:00.710+0000] {processor.py:161} INFO - Started process (PID=1136) to work on /home/airflow/.local/lib/python3.8/site-packages/airflow/example_dags/example_nested_branch_dag.py
[2023-12-19T09:14:00.713+0000] {processor.py:830} INFO - Processing file /home/airflow/.local/lib/python3.8/site-packages/airflow/example_dags/example_nested_branch_dag.py for tasks to queue
[2023-12-19T09:14:00.719+0000] {logging_mixin.py:188} INFO - [2023-12-19T09:14:00.719+0000] {dagbag.py:538} INFO - Filling up the DagBag from /home/airflow/.local/lib/python3.8/site-packages/airflow/example_dags/example_nested_branch_dag.py
[2023-12-19T09:14:00.727+0000] {processor.py:840} INFO - DAG(s) 'example_nested_branch_dag' retrieved from /home/airflow/.local/lib/python3.8/site-packages/airflow/example_dags/example_nested_branch_dag.py
[2023-12-19T09:14:00.742+0000] {logging_mixin.py:188} INFO - [2023-12-19T09:14:00.742+0000] {dag.py:3033} INFO - Sync 1 DAGs
[2023-12-19T09:14:00.759+0000] {logging_mixin.py:188} INFO - [2023-12-19T09:14:00.759+0000] {dag.py:3820} INFO - Setting next_dagrun for example_nested_branch_dag to 2023-12-18T00:00:00+00:00, run_after=2023-12-19T00:00:00+00:00
[2023-12-19T09:14:00.771+0000] {processor.py:183} INFO - Processing /home/airflow/.local/lib/python3.8/site-packages/airflow/example_dags/example_nested_branch_dag.py took 0.063 seconds
[2023-12-19T09:14:31.248+0000] {processor.py:161} INFO - Started process (PID=1191) to work on /home/airflow/.local/lib/python3.8/site-packages/airflow/example_dags/example_nested_branch_dag.py
[2023-12-19T09:14:31.250+0000] {processor.py:830} INFO - Processing file /home/airflow/.local/lib/python3.8/site-packages/airflow/example_dags/example_nested_branch_dag.py for tasks to queue
[2023-12-19T09:14:31.253+0000] {logging_mixin.py:188} INFO - [2023-12-19T09:14:31.252+0000] {dagbag.py:538} INFO - Filling up the DagBag from /home/airflow/.local/lib/python3.8/site-packages/airflow/example_dags/example_nested_branch_dag.py
[2023-12-19T09:14:31.260+0000] {processor.py:840} INFO - DAG(s) 'example_nested_branch_dag' retrieved from /home/airflow/.local/lib/python3.8/site-packages/airflow/example_dags/example_nested_branch_dag.py
[2023-12-19T09:14:31.277+0000] {logging_mixin.py:188} INFO - [2023-12-19T09:14:31.277+0000] {dag.py:3033} INFO - Sync 1 DAGs
[2023-12-19T09:14:31.293+0000] {logging_mixin.py:188} INFO - [2023-12-19T09:14:31.293+0000] {dag.py:3820} INFO - Setting next_dagrun for example_nested_branch_dag to 2023-12-18T00:00:00+00:00, run_after=2023-12-19T00:00:00+00:00
[2023-12-19T09:14:31.307+0000] {processor.py:183} INFO - Processing /home/airflow/.local/lib/python3.8/site-packages/airflow/example_dags/example_nested_branch_dag.py took 0.062 seconds
[2023-12-19T09:15:01.767+0000] {processor.py:161} INFO - Started process (PID=1246) to work on /home/airflow/.local/lib/python3.8/site-packages/airflow/example_dags/example_nested_branch_dag.py
[2023-12-19T09:15:01.768+0000] {processor.py:830} INFO - Processing file /home/airflow/.local/lib/python3.8/site-packages/airflow/example_dags/example_nested_branch_dag.py for tasks to queue
[2023-12-19T09:15:01.770+0000] {logging_mixin.py:188} INFO - [2023-12-19T09:15:01.770+0000] {dagbag.py:538} INFO - Filling up the DagBag from /home/airflow/.local/lib/python3.8/site-packages/airflow/example_dags/example_nested_branch_dag.py
[2023-12-19T09:15:01.777+0000] {processor.py:840} INFO - DAG(s) 'example_nested_branch_dag' retrieved from /home/airflow/.local/lib/python3.8/site-packages/airflow/example_dags/example_nested_branch_dag.py
[2023-12-19T09:15:01.793+0000] {logging_mixin.py:188} INFO - [2023-12-19T09:15:01.793+0000] {dag.py:3033} INFO - Sync 1 DAGs
[2023-12-19T09:15:01.807+0000] {logging_mixin.py:188} INFO - [2023-12-19T09:15:01.807+0000] {dag.py:3820} INFO - Setting next_dagrun for example_nested_branch_dag to 2023-12-18T00:00:00+00:00, run_after=2023-12-19T00:00:00+00:00
[2023-12-19T09:15:01.819+0000] {processor.py:183} INFO - Processing /home/airflow/.local/lib/python3.8/site-packages/airflow/example_dags/example_nested_branch_dag.py took 0.054 seconds
[2023-12-19T09:15:32.461+0000] {processor.py:161} INFO - Started process (PID=1301) to work on /home/airflow/.local/lib/python3.8/site-packages/airflow/example_dags/example_nested_branch_dag.py
[2023-12-19T09:15:32.462+0000] {processor.py:830} INFO - Processing file /home/airflow/.local/lib/python3.8/site-packages/airflow/example_dags/example_nested_branch_dag.py for tasks to queue
[2023-12-19T09:15:32.464+0000] {logging_mixin.py:188} INFO - [2023-12-19T09:15:32.464+0000] {dagbag.py:538} INFO - Filling up the DagBag from /home/airflow/.local/lib/python3.8/site-packages/airflow/example_dags/example_nested_branch_dag.py
[2023-12-19T09:15:32.470+0000] {processor.py:840} INFO - DAG(s) 'example_nested_branch_dag' retrieved from /home/airflow/.local/lib/python3.8/site-packages/airflow/example_dags/example_nested_branch_dag.py
[2023-12-19T09:15:32.486+0000] {logging_mixin.py:188} INFO - [2023-12-19T09:15:32.486+0000] {dag.py:3033} INFO - Sync 1 DAGs
[2023-12-19T09:15:32.498+0000] {logging_mixin.py:188} INFO - [2023-12-19T09:15:32.498+0000] {dag.py:3820} INFO - Setting next_dagrun for example_nested_branch_dag to 2023-12-18T00:00:00+00:00, run_after=2023-12-19T00:00:00+00:00
[2023-12-19T09:15:32.509+0000] {processor.py:183} INFO - Processing /home/airflow/.local/lib/python3.8/site-packages/airflow/example_dags/example_nested_branch_dag.py took 0.051 seconds
[2023-12-19T09:16:03.116+0000] {processor.py:161} INFO - Started process (PID=1356) to work on /home/airflow/.local/lib/python3.8/site-packages/airflow/example_dags/example_nested_branch_dag.py
[2023-12-19T09:16:03.118+0000] {processor.py:830} INFO - Processing file /home/airflow/.local/lib/python3.8/site-packages/airflow/example_dags/example_nested_branch_dag.py for tasks to queue
[2023-12-19T09:16:03.120+0000] {logging_mixin.py:188} INFO - [2023-12-19T09:16:03.120+0000] {dagbag.py:538} INFO - Filling up the DagBag from /home/airflow/.local/lib/python3.8/site-packages/airflow/example_dags/example_nested_branch_dag.py
[2023-12-19T09:16:03.128+0000] {processor.py:840} INFO - DAG(s) 'example_nested_branch_dag' retrieved from /home/airflow/.local/lib/python3.8/site-packages/airflow/example_dags/example_nested_branch_dag.py
[2023-12-19T09:16:03.144+0000] {logging_mixin.py:188} INFO - [2023-12-19T09:16:03.144+0000] {dag.py:3033} INFO - Sync 1 DAGs
[2023-12-19T09:16:03.159+0000] {logging_mixin.py:188} INFO - [2023-12-19T09:16:03.159+0000] {dag.py:3820} INFO - Setting next_dagrun for example_nested_branch_dag to 2023-12-18T00:00:00+00:00, run_after=2023-12-19T00:00:00+00:00
[2023-12-19T09:16:03.172+0000] {processor.py:183} INFO - Processing /home/airflow/.local/lib/python3.8/site-packages/airflow/example_dags/example_nested_branch_dag.py took 0.059 seconds
[2023-12-19T09:16:33.647+0000] {processor.py:161} INFO - Started process (PID=1411) to work on /home/airflow/.local/lib/python3.8/site-packages/airflow/example_dags/example_nested_branch_dag.py
[2023-12-19T09:16:33.649+0000] {processor.py:830} INFO - Processing file /home/airflow/.local/lib/python3.8/site-packages/airflow/example_dags/example_nested_branch_dag.py for tasks to queue
[2023-12-19T09:16:33.652+0000] {logging_mixin.py:188} INFO - [2023-12-19T09:16:33.652+0000] {dagbag.py:538} INFO - Filling up the DagBag from /home/airflow/.local/lib/python3.8/site-packages/airflow/example_dags/example_nested_branch_dag.py
[2023-12-19T09:16:33.659+0000] {processor.py:840} INFO - DAG(s) 'example_nested_branch_dag' retrieved from /home/airflow/.local/lib/python3.8/site-packages/airflow/example_dags/example_nested_branch_dag.py
[2023-12-19T09:16:33.676+0000] {logging_mixin.py:188} INFO - [2023-12-19T09:16:33.676+0000] {dag.py:3033} INFO - Sync 1 DAGs
[2023-12-19T09:16:33.690+0000] {logging_mixin.py:188} INFO - [2023-12-19T09:16:33.690+0000] {dag.py:3820} INFO - Setting next_dagrun for example_nested_branch_dag to 2023-12-18T00:00:00+00:00, run_after=2023-12-19T00:00:00+00:00
[2023-12-19T09:16:33.702+0000] {processor.py:183} INFO - Processing /home/airflow/.local/lib/python3.8/site-packages/airflow/example_dags/example_nested_branch_dag.py took 0.058 seconds
[2023-12-19T09:17:04.248+0000] {processor.py:161} INFO - Started process (PID=1466) to work on /home/airflow/.local/lib/python3.8/site-packages/airflow/example_dags/example_nested_branch_dag.py
[2023-12-19T09:17:04.250+0000] {processor.py:830} INFO - Processing file /home/airflow/.local/lib/python3.8/site-packages/airflow/example_dags/example_nested_branch_dag.py for tasks to queue
[2023-12-19T09:17:04.253+0000] {logging_mixin.py:188} INFO - [2023-12-19T09:17:04.253+0000] {dagbag.py:538} INFO - Filling up the DagBag from /home/airflow/.local/lib/python3.8/site-packages/airflow/example_dags/example_nested_branch_dag.py
[2023-12-19T09:17:04.263+0000] {processor.py:840} INFO - DAG(s) 'example_nested_branch_dag' retrieved from /home/airflow/.local/lib/python3.8/site-packages/airflow/example_dags/example_nested_branch_dag.py
[2023-12-19T09:17:04.278+0000] {logging_mixin.py:188} INFO - [2023-12-19T09:17:04.278+0000] {dag.py:3033} INFO - Sync 1 DAGs
[2023-12-19T09:17:04.293+0000] {logging_mixin.py:188} INFO - [2023-12-19T09:17:04.293+0000] {dag.py:3820} INFO - Setting next_dagrun for example_nested_branch_dag to 2023-12-18T00:00:00+00:00, run_after=2023-12-19T00:00:00+00:00
[2023-12-19T09:17:04.304+0000] {processor.py:183} INFO - Processing /home/airflow/.local/lib/python3.8/site-packages/airflow/example_dags/example_nested_branch_dag.py took 0.058 seconds
[2023-12-19T09:17:34.674+0000] {processor.py:161} INFO - Started process (PID=1521) to work on /home/airflow/.local/lib/python3.8/site-packages/airflow/example_dags/example_nested_branch_dag.py
[2023-12-19T09:17:34.676+0000] {processor.py:830} INFO - Processing file /home/airflow/.local/lib/python3.8/site-packages/airflow/example_dags/example_nested_branch_dag.py for tasks to queue
[2023-12-19T09:17:34.678+0000] {logging_mixin.py:188} INFO - [2023-12-19T09:17:34.678+0000] {dagbag.py:538} INFO - Filling up the DagBag from /home/airflow/.local/lib/python3.8/site-packages/airflow/example_dags/example_nested_branch_dag.py
[2023-12-19T09:17:34.685+0000] {processor.py:840} INFO - DAG(s) 'example_nested_branch_dag' retrieved from /home/airflow/.local/lib/python3.8/site-packages/airflow/example_dags/example_nested_branch_dag.py
[2023-12-19T09:17:34.700+0000] {logging_mixin.py:188} INFO - [2023-12-19T09:17:34.700+0000] {dag.py:3033} INFO - Sync 1 DAGs
[2023-12-19T09:17:34.714+0000] {logging_mixin.py:188} INFO - [2023-12-19T09:17:34.714+0000] {dag.py:3820} INFO - Setting next_dagrun for example_nested_branch_dag to 2023-12-18T00:00:00+00:00, run_after=2023-12-19T00:00:00+00:00
[2023-12-19T09:17:34.726+0000] {processor.py:183} INFO - Processing /home/airflow/.local/lib/python3.8/site-packages/airflow/example_dags/example_nested_branch_dag.py took 0.054 seconds
[2023-12-19T09:18:05.218+0000] {processor.py:161} INFO - Started process (PID=1576) to work on /home/airflow/.local/lib/python3.8/site-packages/airflow/example_dags/example_nested_branch_dag.py
[2023-12-19T09:18:05.220+0000] {processor.py:830} INFO - Processing file /home/airflow/.local/lib/python3.8/site-packages/airflow/example_dags/example_nested_branch_dag.py for tasks to queue
[2023-12-19T09:18:05.223+0000] {logging_mixin.py:188} INFO - [2023-12-19T09:18:05.223+0000] {dagbag.py:538} INFO - Filling up the DagBag from /home/airflow/.local/lib/python3.8/site-packages/airflow/example_dags/example_nested_branch_dag.py
[2023-12-19T09:18:05.230+0000] {processor.py:840} INFO - DAG(s) 'example_nested_branch_dag' retrieved from /home/airflow/.local/lib/python3.8/site-packages/airflow/example_dags/example_nested_branch_dag.py
[2023-12-19T09:18:05.248+0000] {logging_mixin.py:188} INFO - [2023-12-19T09:18:05.248+0000] {dag.py:3033} INFO - Sync 1 DAGs
[2023-12-19T09:18:05.263+0000] {logging_mixin.py:188} INFO - [2023-12-19T09:18:05.263+0000] {dag.py:3820} INFO - Setting next_dagrun for example_nested_branch_dag to 2023-12-18T00:00:00+00:00, run_after=2023-12-19T00:00:00+00:00
[2023-12-19T09:18:05.276+0000] {processor.py:183} INFO - Processing /home/airflow/.local/lib/python3.8/site-packages/airflow/example_dags/example_nested_branch_dag.py took 0.060 seconds
[2023-12-19T09:18:35.865+0000] {processor.py:161} INFO - Started process (PID=1631) to work on /home/airflow/.local/lib/python3.8/site-packages/airflow/example_dags/example_nested_branch_dag.py
[2023-12-19T09:18:35.866+0000] {processor.py:830} INFO - Processing file /home/airflow/.local/lib/python3.8/site-packages/airflow/example_dags/example_nested_branch_dag.py for tasks to queue
[2023-12-19T09:18:35.868+0000] {logging_mixin.py:188} INFO - [2023-12-19T09:18:35.868+0000] {dagbag.py:538} INFO - Filling up the DagBag from /home/airflow/.local/lib/python3.8/site-packages/airflow/example_dags/example_nested_branch_dag.py
[2023-12-19T09:18:35.875+0000] {processor.py:840} INFO - DAG(s) 'example_nested_branch_dag' retrieved from /home/airflow/.local/lib/python3.8/site-packages/airflow/example_dags/example_nested_branch_dag.py
[2023-12-19T09:18:35.891+0000] {logging_mixin.py:188} INFO - [2023-12-19T09:18:35.891+0000] {dag.py:3033} INFO - Sync 1 DAGs
[2023-12-19T09:18:35.905+0000] {logging_mixin.py:188} INFO - [2023-12-19T09:18:35.905+0000] {dag.py:3820} INFO - Setting next_dagrun for example_nested_branch_dag to 2023-12-18T00:00:00+00:00, run_after=2023-12-19T00:00:00+00:00
[2023-12-19T09:18:35.916+0000] {processor.py:183} INFO - Processing /home/airflow/.local/lib/python3.8/site-packages/airflow/example_dags/example_nested_branch_dag.py took 0.054 seconds
[2023-12-19T09:19:06.287+0000] {processor.py:161} INFO - Started process (PID=1686) to work on /home/airflow/.local/lib/python3.8/site-packages/airflow/example_dags/example_nested_branch_dag.py
[2023-12-19T09:19:06.289+0000] {processor.py:830} INFO - Processing file /home/airflow/.local/lib/python3.8/site-packages/airflow/example_dags/example_nested_branch_dag.py for tasks to queue
[2023-12-19T09:19:06.291+0000] {logging_mixin.py:188} INFO - [2023-12-19T09:19:06.291+0000] {dagbag.py:538} INFO - Filling up the DagBag from /home/airflow/.local/lib/python3.8/site-packages/airflow/example_dags/example_nested_branch_dag.py
[2023-12-19T09:19:06.298+0000] {processor.py:840} INFO - DAG(s) 'example_nested_branch_dag' retrieved from /home/airflow/.local/lib/python3.8/site-packages/airflow/example_dags/example_nested_branch_dag.py
[2023-12-19T09:19:06.315+0000] {logging_mixin.py:188} INFO - [2023-12-19T09:19:06.315+0000] {dag.py:3033} INFO - Sync 1 DAGs
[2023-12-19T09:19:06.332+0000] {logging_mixin.py:188} INFO - [2023-12-19T09:19:06.332+0000] {dag.py:3820} INFO - Setting next_dagrun for example_nested_branch_dag to 2023-12-18T00:00:00+00:00, run_after=2023-12-19T00:00:00+00:00
[2023-12-19T09:19:06.442+0000] {processor.py:183} INFO - Processing /home/airflow/.local/lib/python3.8/site-packages/airflow/example_dags/example_nested_branch_dag.py took 0.157 seconds
[2023-12-19T09:19:36.486+0000] {processor.py:161} INFO - Started process (PID=1741) to work on /home/airflow/.local/lib/python3.8/site-packages/airflow/example_dags/example_nested_branch_dag.py
[2023-12-19T09:19:36.488+0000] {processor.py:830} INFO - Processing file /home/airflow/.local/lib/python3.8/site-packages/airflow/example_dags/example_nested_branch_dag.py for tasks to queue
[2023-12-19T09:19:36.490+0000] {logging_mixin.py:188} INFO - [2023-12-19T09:19:36.490+0000] {dagbag.py:538} INFO - Filling up the DagBag from /home/airflow/.local/lib/python3.8/site-packages/airflow/example_dags/example_nested_branch_dag.py
[2023-12-19T09:19:36.496+0000] {processor.py:840} INFO - DAG(s) 'example_nested_branch_dag' retrieved from /home/airflow/.local/lib/python3.8/site-packages/airflow/example_dags/example_nested_branch_dag.py
[2023-12-19T09:19:36.512+0000] {logging_mixin.py:188} INFO - [2023-12-19T09:19:36.512+0000] {dag.py:3033} INFO - Sync 1 DAGs
[2023-12-19T09:19:36.526+0000] {logging_mixin.py:188} INFO - [2023-12-19T09:19:36.526+0000] {dag.py:3820} INFO - Setting next_dagrun for example_nested_branch_dag to 2023-12-18T00:00:00+00:00, run_after=2023-12-19T00:00:00+00:00
[2023-12-19T09:19:36.536+0000] {processor.py:183} INFO - Processing /home/airflow/.local/lib/python3.8/site-packages/airflow/example_dags/example_nested_branch_dag.py took 0.052 seconds
[2023-12-19T09:20:06.691+0000] {processor.py:161} INFO - Started process (PID=1795) to work on /home/airflow/.local/lib/python3.8/site-packages/airflow/example_dags/example_nested_branch_dag.py
[2023-12-19T09:20:06.693+0000] {processor.py:830} INFO - Processing file /home/airflow/.local/lib/python3.8/site-packages/airflow/example_dags/example_nested_branch_dag.py for tasks to queue
[2023-12-19T09:20:06.695+0000] {logging_mixin.py:188} INFO - [2023-12-19T09:20:06.695+0000] {dagbag.py:538} INFO - Filling up the DagBag from /home/airflow/.local/lib/python3.8/site-packages/airflow/example_dags/example_nested_branch_dag.py
[2023-12-19T09:20:06.702+0000] {processor.py:840} INFO - DAG(s) 'example_nested_branch_dag' retrieved from /home/airflow/.local/lib/python3.8/site-packages/airflow/example_dags/example_nested_branch_dag.py
[2023-12-19T09:20:06.718+0000] {logging_mixin.py:188} INFO - [2023-12-19T09:20:06.718+0000] {dag.py:3033} INFO - Sync 1 DAGs
[2023-12-19T09:20:06.731+0000] {logging_mixin.py:188} INFO - [2023-12-19T09:20:06.731+0000] {dag.py:3820} INFO - Setting next_dagrun for example_nested_branch_dag to 2023-12-18T00:00:00+00:00, run_after=2023-12-19T00:00:00+00:00
[2023-12-19T09:20:06.746+0000] {processor.py:183} INFO - Processing /home/airflow/.local/lib/python3.8/site-packages/airflow/example_dags/example_nested_branch_dag.py took 0.056 seconds
[2023-12-19T09:20:36.924+0000] {processor.py:161} INFO - Started process (PID=1850) to work on /home/airflow/.local/lib/python3.8/site-packages/airflow/example_dags/example_nested_branch_dag.py
[2023-12-19T09:20:36.926+0000] {processor.py:830} INFO - Processing file /home/airflow/.local/lib/python3.8/site-packages/airflow/example_dags/example_nested_branch_dag.py for tasks to queue
[2023-12-19T09:20:36.929+0000] {logging_mixin.py:188} INFO - [2023-12-19T09:20:36.928+0000] {dagbag.py:538} INFO - Filling up the DagBag from /home/airflow/.local/lib/python3.8/site-packages/airflow/example_dags/example_nested_branch_dag.py
[2023-12-19T09:20:36.935+0000] {processor.py:840} INFO - DAG(s) 'example_nested_branch_dag' retrieved from /home/airflow/.local/lib/python3.8/site-packages/airflow/example_dags/example_nested_branch_dag.py
[2023-12-19T09:20:36.951+0000] {logging_mixin.py:188} INFO - [2023-12-19T09:20:36.950+0000] {dag.py:3033} INFO - Sync 1 DAGs
[2023-12-19T09:20:36.964+0000] {logging_mixin.py:188} INFO - [2023-12-19T09:20:36.964+0000] {dag.py:3820} INFO - Setting next_dagrun for example_nested_branch_dag to 2023-12-18T00:00:00+00:00, run_after=2023-12-19T00:00:00+00:00
[2023-12-19T09:20:36.976+0000] {processor.py:183} INFO - Processing /home/airflow/.local/lib/python3.8/site-packages/airflow/example_dags/example_nested_branch_dag.py took 0.054 seconds
[2023-12-19T09:21:07.701+0000] {processor.py:161} INFO - Started process (PID=1905) to work on /home/airflow/.local/lib/python3.8/site-packages/airflow/example_dags/example_nested_branch_dag.py
[2023-12-19T09:21:07.702+0000] {processor.py:830} INFO - Processing file /home/airflow/.local/lib/python3.8/site-packages/airflow/example_dags/example_nested_branch_dag.py for tasks to queue
[2023-12-19T09:21:07.705+0000] {logging_mixin.py:188} INFO - [2023-12-19T09:21:07.705+0000] {dagbag.py:538} INFO - Filling up the DagBag from /home/airflow/.local/lib/python3.8/site-packages/airflow/example_dags/example_nested_branch_dag.py
[2023-12-19T09:21:07.711+0000] {processor.py:840} INFO - DAG(s) 'example_nested_branch_dag' retrieved from /home/airflow/.local/lib/python3.8/site-packages/airflow/example_dags/example_nested_branch_dag.py
[2023-12-19T09:21:07.727+0000] {logging_mixin.py:188} INFO - [2023-12-19T09:21:07.727+0000] {dag.py:3033} INFO - Sync 1 DAGs
[2023-12-19T09:21:07.818+0000] {logging_mixin.py:188} INFO - [2023-12-19T09:21:07.818+0000] {dag.py:3820} INFO - Setting next_dagrun for example_nested_branch_dag to 2023-12-18T00:00:00+00:00, run_after=2023-12-19T00:00:00+00:00
[2023-12-19T09:21:07.829+0000] {processor.py:183} INFO - Processing /home/airflow/.local/lib/python3.8/site-packages/airflow/example_dags/example_nested_branch_dag.py took 0.139 seconds
[2023-12-19T09:21:38.666+0000] {processor.py:161} INFO - Started process (PID=1960) to work on /home/airflow/.local/lib/python3.8/site-packages/airflow/example_dags/example_nested_branch_dag.py
[2023-12-19T09:21:38.668+0000] {processor.py:830} INFO - Processing file /home/airflow/.local/lib/python3.8/site-packages/airflow/example_dags/example_nested_branch_dag.py for tasks to queue
[2023-12-19T09:21:38.672+0000] {logging_mixin.py:188} INFO - [2023-12-19T09:21:38.671+0000] {dagbag.py:538} INFO - Filling up the DagBag from /home/airflow/.local/lib/python3.8/site-packages/airflow/example_dags/example_nested_branch_dag.py
[2023-12-19T09:21:38.680+0000] {processor.py:840} INFO - DAG(s) 'example_nested_branch_dag' retrieved from /home/airflow/.local/lib/python3.8/site-packages/airflow/example_dags/example_nested_branch_dag.py
[2023-12-19T09:21:38.701+0000] {logging_mixin.py:188} INFO - [2023-12-19T09:21:38.701+0000] {dag.py:3033} INFO - Sync 1 DAGs
[2023-12-19T09:21:38.815+0000] {logging_mixin.py:188} INFO - [2023-12-19T09:21:38.815+0000] {dag.py:3820} INFO - Setting next_dagrun for example_nested_branch_dag to 2023-12-18T00:00:00+00:00, run_after=2023-12-19T00:00:00+00:00
[2023-12-19T09:21:38.829+0000] {processor.py:183} INFO - Processing /home/airflow/.local/lib/python3.8/site-packages/airflow/example_dags/example_nested_branch_dag.py took 0.165 seconds
[2023-12-19T09:22:09.007+0000] {processor.py:161} INFO - Started process (PID=2015) to work on /home/airflow/.local/lib/python3.8/site-packages/airflow/example_dags/example_nested_branch_dag.py
[2023-12-19T09:22:09.008+0000] {processor.py:830} INFO - Processing file /home/airflow/.local/lib/python3.8/site-packages/airflow/example_dags/example_nested_branch_dag.py for tasks to queue
[2023-12-19T09:22:09.011+0000] {logging_mixin.py:188} INFO - [2023-12-19T09:22:09.010+0000] {dagbag.py:538} INFO - Filling up the DagBag from /home/airflow/.local/lib/python3.8/site-packages/airflow/example_dags/example_nested_branch_dag.py
[2023-12-19T09:22:09.018+0000] {processor.py:840} INFO - DAG(s) 'example_nested_branch_dag' retrieved from /home/airflow/.local/lib/python3.8/site-packages/airflow/example_dags/example_nested_branch_dag.py
[2023-12-19T09:22:09.035+0000] {logging_mixin.py:188} INFO - [2023-12-19T09:22:09.034+0000] {dag.py:3033} INFO - Sync 1 DAGs
[2023-12-19T09:22:09.049+0000] {logging_mixin.py:188} INFO - [2023-12-19T09:22:09.048+0000] {dag.py:3820} INFO - Setting next_dagrun for example_nested_branch_dag to 2023-12-18T00:00:00+00:00, run_after=2023-12-19T00:00:00+00:00
[2023-12-19T09:22:09.062+0000] {processor.py:183} INFO - Processing /home/airflow/.local/lib/python3.8/site-packages/airflow/example_dags/example_nested_branch_dag.py took 0.058 seconds
[2023-12-19T09:22:39.180+0000] {processor.py:161} INFO - Started process (PID=2070) to work on /home/airflow/.local/lib/python3.8/site-packages/airflow/example_dags/example_nested_branch_dag.py
[2023-12-19T09:22:39.183+0000] {processor.py:830} INFO - Processing file /home/airflow/.local/lib/python3.8/site-packages/airflow/example_dags/example_nested_branch_dag.py for tasks to queue
[2023-12-19T09:22:39.185+0000] {logging_mixin.py:188} INFO - [2023-12-19T09:22:39.185+0000] {dagbag.py:538} INFO - Filling up the DagBag from /home/airflow/.local/lib/python3.8/site-packages/airflow/example_dags/example_nested_branch_dag.py
[2023-12-19T09:22:39.192+0000] {processor.py:840} INFO - DAG(s) 'example_nested_branch_dag' retrieved from /home/airflow/.local/lib/python3.8/site-packages/airflow/example_dags/example_nested_branch_dag.py
[2023-12-19T09:22:39.209+0000] {logging_mixin.py:188} INFO - [2023-12-19T09:22:39.209+0000] {dag.py:3033} INFO - Sync 1 DAGs
[2023-12-19T09:22:39.222+0000] {logging_mixin.py:188} INFO - [2023-12-19T09:22:39.222+0000] {dag.py:3820} INFO - Setting next_dagrun for example_nested_branch_dag to 2023-12-18T00:00:00+00:00, run_after=2023-12-19T00:00:00+00:00
[2023-12-19T09:22:39.232+0000] {processor.py:183} INFO - Processing /home/airflow/.local/lib/python3.8/site-packages/airflow/example_dags/example_nested_branch_dag.py took 0.054 seconds
[2023-12-19T09:23:09.741+0000] {processor.py:161} INFO - Started process (PID=2125) to work on /home/airflow/.local/lib/python3.8/site-packages/airflow/example_dags/example_nested_branch_dag.py
[2023-12-19T09:23:09.743+0000] {processor.py:830} INFO - Processing file /home/airflow/.local/lib/python3.8/site-packages/airflow/example_dags/example_nested_branch_dag.py for tasks to queue
[2023-12-19T09:23:09.746+0000] {logging_mixin.py:188} INFO - [2023-12-19T09:23:09.746+0000] {dagbag.py:538} INFO - Filling up the DagBag from /home/airflow/.local/lib/python3.8/site-packages/airflow/example_dags/example_nested_branch_dag.py
[2023-12-19T09:23:09.755+0000] {processor.py:840} INFO - DAG(s) 'example_nested_branch_dag' retrieved from /home/airflow/.local/lib/python3.8/site-packages/airflow/example_dags/example_nested_branch_dag.py
[2023-12-19T09:23:09.771+0000] {logging_mixin.py:188} INFO - [2023-12-19T09:23:09.771+0000] {dag.py:3033} INFO - Sync 1 DAGs
[2023-12-19T09:23:09.785+0000] {logging_mixin.py:188} INFO - [2023-12-19T09:23:09.785+0000] {dag.py:3820} INFO - Setting next_dagrun for example_nested_branch_dag to 2023-12-18T00:00:00+00:00, run_after=2023-12-19T00:00:00+00:00
[2023-12-19T09:23:09.797+0000] {processor.py:183} INFO - Processing /home/airflow/.local/lib/python3.8/site-packages/airflow/example_dags/example_nested_branch_dag.py took 0.058 seconds
[2023-12-19T09:23:40.553+0000] {processor.py:161} INFO - Started process (PID=2180) to work on /home/airflow/.local/lib/python3.8/site-packages/airflow/example_dags/example_nested_branch_dag.py
[2023-12-19T09:23:40.555+0000] {processor.py:830} INFO - Processing file /home/airflow/.local/lib/python3.8/site-packages/airflow/example_dags/example_nested_branch_dag.py for tasks to queue
[2023-12-19T09:23:40.558+0000] {logging_mixin.py:188} INFO - [2023-12-19T09:23:40.558+0000] {dagbag.py:538} INFO - Filling up the DagBag from /home/airflow/.local/lib/python3.8/site-packages/airflow/example_dags/example_nested_branch_dag.py
[2023-12-19T09:23:40.565+0000] {processor.py:840} INFO - DAG(s) 'example_nested_branch_dag' retrieved from /home/airflow/.local/lib/python3.8/site-packages/airflow/example_dags/example_nested_branch_dag.py
[2023-12-19T09:23:40.581+0000] {logging_mixin.py:188} INFO - [2023-12-19T09:23:40.581+0000] {dag.py:3033} INFO - Sync 1 DAGs
[2023-12-19T09:23:40.596+0000] {logging_mixin.py:188} INFO - [2023-12-19T09:23:40.596+0000] {dag.py:3820} INFO - Setting next_dagrun for example_nested_branch_dag to 2023-12-18T00:00:00+00:00, run_after=2023-12-19T00:00:00+00:00
[2023-12-19T09:23:40.608+0000] {processor.py:183} INFO - Processing /home/airflow/.local/lib/python3.8/site-packages/airflow/example_dags/example_nested_branch_dag.py took 0.058 seconds
[2023-12-19T09:24:11.158+0000] {processor.py:161} INFO - Started process (PID=2235) to work on /home/airflow/.local/lib/python3.8/site-packages/airflow/example_dags/example_nested_branch_dag.py
[2023-12-19T09:24:11.159+0000] {processor.py:830} INFO - Processing file /home/airflow/.local/lib/python3.8/site-packages/airflow/example_dags/example_nested_branch_dag.py for tasks to queue
[2023-12-19T09:24:11.162+0000] {logging_mixin.py:188} INFO - [2023-12-19T09:24:11.162+0000] {dagbag.py:538} INFO - Filling up the DagBag from /home/airflow/.local/lib/python3.8/site-packages/airflow/example_dags/example_nested_branch_dag.py
[2023-12-19T09:24:11.169+0000] {processor.py:840} INFO - DAG(s) 'example_nested_branch_dag' retrieved from /home/airflow/.local/lib/python3.8/site-packages/airflow/example_dags/example_nested_branch_dag.py
[2023-12-19T09:24:11.187+0000] {logging_mixin.py:188} INFO - [2023-12-19T09:24:11.186+0000] {dag.py:3033} INFO - Sync 1 DAGs
[2023-12-19T09:24:11.200+0000] {logging_mixin.py:188} INFO - [2023-12-19T09:24:11.200+0000] {dag.py:3820} INFO - Setting next_dagrun for example_nested_branch_dag to 2023-12-18T00:00:00+00:00, run_after=2023-12-19T00:00:00+00:00
[2023-12-19T09:24:11.212+0000] {processor.py:183} INFO - Processing /home/airflow/.local/lib/python3.8/site-packages/airflow/example_dags/example_nested_branch_dag.py took 0.057 seconds
[2023-12-19T09:24:41.555+0000] {processor.py:161} INFO - Started process (PID=2289) to work on /home/airflow/.local/lib/python3.8/site-packages/airflow/example_dags/example_nested_branch_dag.py
[2023-12-19T09:24:41.556+0000] {processor.py:830} INFO - Processing file /home/airflow/.local/lib/python3.8/site-packages/airflow/example_dags/example_nested_branch_dag.py for tasks to queue
[2023-12-19T09:24:41.558+0000] {logging_mixin.py:188} INFO - [2023-12-19T09:24:41.558+0000] {dagbag.py:538} INFO - Filling up the DagBag from /home/airflow/.local/lib/python3.8/site-packages/airflow/example_dags/example_nested_branch_dag.py
[2023-12-19T09:24:41.566+0000] {processor.py:840} INFO - DAG(s) 'example_nested_branch_dag' retrieved from /home/airflow/.local/lib/python3.8/site-packages/airflow/example_dags/example_nested_branch_dag.py
[2023-12-19T09:24:41.585+0000] {logging_mixin.py:188} INFO - [2023-12-19T09:24:41.585+0000] {dag.py:3033} INFO - Sync 1 DAGs
[2023-12-19T09:24:41.607+0000] {logging_mixin.py:188} INFO - [2023-12-19T09:24:41.607+0000] {dag.py:3820} INFO - Setting next_dagrun for example_nested_branch_dag to 2023-12-18T00:00:00+00:00, run_after=2023-12-19T00:00:00+00:00
[2023-12-19T09:24:41.627+0000] {processor.py:183} INFO - Processing /home/airflow/.local/lib/python3.8/site-packages/airflow/example_dags/example_nested_branch_dag.py took 0.075 seconds
[2023-12-19T09:25:12.022+0000] {processor.py:161} INFO - Started process (PID=2350) to work on /home/airflow/.local/lib/python3.8/site-packages/airflow/example_dags/example_nested_branch_dag.py
[2023-12-19T09:25:12.024+0000] {processor.py:830} INFO - Processing file /home/airflow/.local/lib/python3.8/site-packages/airflow/example_dags/example_nested_branch_dag.py for tasks to queue
[2023-12-19T09:25:12.026+0000] {logging_mixin.py:188} INFO - [2023-12-19T09:25:12.026+0000] {dagbag.py:538} INFO - Filling up the DagBag from /home/airflow/.local/lib/python3.8/site-packages/airflow/example_dags/example_nested_branch_dag.py
[2023-12-19T09:25:12.033+0000] {processor.py:840} INFO - DAG(s) 'example_nested_branch_dag' retrieved from /home/airflow/.local/lib/python3.8/site-packages/airflow/example_dags/example_nested_branch_dag.py
[2023-12-19T09:25:12.048+0000] {logging_mixin.py:188} INFO - [2023-12-19T09:25:12.047+0000] {dag.py:3033} INFO - Sync 1 DAGs
[2023-12-19T09:25:12.060+0000] {logging_mixin.py:188} INFO - [2023-12-19T09:25:12.060+0000] {dag.py:3820} INFO - Setting next_dagrun for example_nested_branch_dag to 2023-12-18T00:00:00+00:00, run_after=2023-12-19T00:00:00+00:00
[2023-12-19T09:25:12.072+0000] {processor.py:183} INFO - Processing /home/airflow/.local/lib/python3.8/site-packages/airflow/example_dags/example_nested_branch_dag.py took 0.052 seconds
[2023-12-19T09:25:42.586+0000] {processor.py:161} INFO - Started process (PID=2405) to work on /home/airflow/.local/lib/python3.8/site-packages/airflow/example_dags/example_nested_branch_dag.py
[2023-12-19T09:25:42.588+0000] {processor.py:830} INFO - Processing file /home/airflow/.local/lib/python3.8/site-packages/airflow/example_dags/example_nested_branch_dag.py for tasks to queue
[2023-12-19T09:25:42.591+0000] {logging_mixin.py:188} INFO - [2023-12-19T09:25:42.591+0000] {dagbag.py:538} INFO - Filling up the DagBag from /home/airflow/.local/lib/python3.8/site-packages/airflow/example_dags/example_nested_branch_dag.py
[2023-12-19T09:25:42.597+0000] {processor.py:840} INFO - DAG(s) 'example_nested_branch_dag' retrieved from /home/airflow/.local/lib/python3.8/site-packages/airflow/example_dags/example_nested_branch_dag.py
[2023-12-19T09:25:42.614+0000] {logging_mixin.py:188} INFO - [2023-12-19T09:25:42.614+0000] {dag.py:3033} INFO - Sync 1 DAGs
[2023-12-19T09:25:42.628+0000] {logging_mixin.py:188} INFO - [2023-12-19T09:25:42.628+0000] {dag.py:3820} INFO - Setting next_dagrun for example_nested_branch_dag to 2023-12-18T00:00:00+00:00, run_after=2023-12-19T00:00:00+00:00
[2023-12-19T09:25:42.640+0000] {processor.py:183} INFO - Processing /home/airflow/.local/lib/python3.8/site-packages/airflow/example_dags/example_nested_branch_dag.py took 0.056 seconds
[2023-12-19T09:26:13.112+0000] {processor.py:161} INFO - Started process (PID=2460) to work on /home/airflow/.local/lib/python3.8/site-packages/airflow/example_dags/example_nested_branch_dag.py
[2023-12-19T09:26:13.113+0000] {processor.py:830} INFO - Processing file /home/airflow/.local/lib/python3.8/site-packages/airflow/example_dags/example_nested_branch_dag.py for tasks to queue
[2023-12-19T09:26:13.116+0000] {logging_mixin.py:188} INFO - [2023-12-19T09:26:13.115+0000] {dagbag.py:538} INFO - Filling up the DagBag from /home/airflow/.local/lib/python3.8/site-packages/airflow/example_dags/example_nested_branch_dag.py
[2023-12-19T09:26:13.122+0000] {processor.py:840} INFO - DAG(s) 'example_nested_branch_dag' retrieved from /home/airflow/.local/lib/python3.8/site-packages/airflow/example_dags/example_nested_branch_dag.py
[2023-12-19T09:26:13.140+0000] {logging_mixin.py:188} INFO - [2023-12-19T09:26:13.140+0000] {dag.py:3033} INFO - Sync 1 DAGs
[2023-12-19T09:26:13.155+0000] {logging_mixin.py:188} INFO - [2023-12-19T09:26:13.155+0000] {dag.py:3820} INFO - Setting next_dagrun for example_nested_branch_dag to 2023-12-18T00:00:00+00:00, run_after=2023-12-19T00:00:00+00:00
[2023-12-19T09:26:13.168+0000] {processor.py:183} INFO - Processing /home/airflow/.local/lib/python3.8/site-packages/airflow/example_dags/example_nested_branch_dag.py took 0.059 seconds
[2023-12-19T09:26:43.610+0000] {processor.py:161} INFO - Started process (PID=2515) to work on /home/airflow/.local/lib/python3.8/site-packages/airflow/example_dags/example_nested_branch_dag.py
[2023-12-19T09:26:43.612+0000] {processor.py:830} INFO - Processing file /home/airflow/.local/lib/python3.8/site-packages/airflow/example_dags/example_nested_branch_dag.py for tasks to queue
[2023-12-19T09:26:43.614+0000] {logging_mixin.py:188} INFO - [2023-12-19T09:26:43.614+0000] {dagbag.py:538} INFO - Filling up the DagBag from /home/airflow/.local/lib/python3.8/site-packages/airflow/example_dags/example_nested_branch_dag.py
[2023-12-19T09:26:43.621+0000] {processor.py:840} INFO - DAG(s) 'example_nested_branch_dag' retrieved from /home/airflow/.local/lib/python3.8/site-packages/airflow/example_dags/example_nested_branch_dag.py
[2023-12-19T09:26:43.639+0000] {logging_mixin.py:188} INFO - [2023-12-19T09:26:43.638+0000] {dag.py:3033} INFO - Sync 1 DAGs
[2023-12-19T09:26:43.652+0000] {logging_mixin.py:188} INFO - [2023-12-19T09:26:43.652+0000] {dag.py:3820} INFO - Setting next_dagrun for example_nested_branch_dag to 2023-12-18T00:00:00+00:00, run_after=2023-12-19T00:00:00+00:00
[2023-12-19T09:26:43.664+0000] {processor.py:183} INFO - Processing /home/airflow/.local/lib/python3.8/site-packages/airflow/example_dags/example_nested_branch_dag.py took 0.057 seconds
