[2023-12-19T09:03:52.072+0000] {processor.py:161} INFO - Started process (PID=65) to work on /home/airflow/.local/lib/python3.8/site-packages/airflow/example_dags/example_setup_teardown_taskflow.py
[2023-12-19T09:03:52.075+0000] {processor.py:830} INFO - Processing file /home/airflow/.local/lib/python3.8/site-packages/airflow/example_dags/example_setup_teardown_taskflow.py for tasks to queue
[2023-12-19T09:03:52.079+0000] {logging_mixin.py:188} INFO - [2023-12-19T09:03:52.078+0000] {dagbag.py:538} INFO - Filling up the DagBag from /home/airflow/.local/lib/python3.8/site-packages/airflow/example_dags/example_setup_teardown_taskflow.py
[2023-12-19T09:03:52.093+0000] {processor.py:840} INFO - DAG(s) 'example_setup_teardown_taskflow' retrieved from /home/airflow/.local/lib/python3.8/site-packages/airflow/example_dags/example_setup_teardown_taskflow.py
[2023-12-19T09:03:52.119+0000] {logging_mixin.py:188} INFO - [2023-12-19T09:03:52.119+0000] {dag.py:3033} INFO - Sync 1 DAGs
[2023-12-19T09:03:52.153+0000] {logging_mixin.py:188} INFO - [2023-12-19T09:03:52.153+0000] {dag.py:3820} INFO - Setting next_dagrun for example_setup_teardown_taskflow to 2023-12-18T00:00:00+00:00, run_after=2023-12-19T00:00:00+00:00
[2023-12-19T09:03:52.196+0000] {processor.py:183} INFO - Processing /home/airflow/.local/lib/python3.8/site-packages/airflow/example_dags/example_setup_teardown_taskflow.py took 0.128 seconds
[2023-12-19T09:04:23.041+0000] {processor.py:161} INFO - Started process (PID=121) to work on /home/airflow/.local/lib/python3.8/site-packages/airflow/example_dags/example_setup_teardown_taskflow.py
[2023-12-19T09:04:23.043+0000] {processor.py:830} INFO - Processing file /home/airflow/.local/lib/python3.8/site-packages/airflow/example_dags/example_setup_teardown_taskflow.py for tasks to queue
[2023-12-19T09:04:23.045+0000] {logging_mixin.py:188} INFO - [2023-12-19T09:04:23.045+0000] {dagbag.py:538} INFO - Filling up the DagBag from /home/airflow/.local/lib/python3.8/site-packages/airflow/example_dags/example_setup_teardown_taskflow.py
[2023-12-19T09:04:23.052+0000] {processor.py:840} INFO - DAG(s) 'example_setup_teardown_taskflow' retrieved from /home/airflow/.local/lib/python3.8/site-packages/airflow/example_dags/example_setup_teardown_taskflow.py
[2023-12-19T09:04:23.127+0000] {logging_mixin.py:188} INFO - [2023-12-19T09:04:23.127+0000] {dag.py:3033} INFO - Sync 1 DAGs
[2023-12-19T09:04:23.143+0000] {logging_mixin.py:188} INFO - [2023-12-19T09:04:23.143+0000] {dag.py:3820} INFO - Setting next_dagrun for example_setup_teardown_taskflow to 2023-12-18T00:00:00+00:00, run_after=2023-12-19T00:00:00+00:00
[2023-12-19T09:04:23.162+0000] {processor.py:183} INFO - Processing /home/airflow/.local/lib/python3.8/site-packages/airflow/example_dags/example_setup_teardown_taskflow.py took 0.124 seconds
[2023-12-19T09:04:53.280+0000] {processor.py:161} INFO - Started process (PID=175) to work on /home/airflow/.local/lib/python3.8/site-packages/airflow/example_dags/example_setup_teardown_taskflow.py
[2023-12-19T09:04:53.282+0000] {processor.py:830} INFO - Processing file /home/airflow/.local/lib/python3.8/site-packages/airflow/example_dags/example_setup_teardown_taskflow.py for tasks to queue
[2023-12-19T09:04:53.285+0000] {logging_mixin.py:188} INFO - [2023-12-19T09:04:53.285+0000] {dagbag.py:538} INFO - Filling up the DagBag from /home/airflow/.local/lib/python3.8/site-packages/airflow/example_dags/example_setup_teardown_taskflow.py
[2023-12-19T09:04:53.293+0000] {processor.py:840} INFO - DAG(s) 'example_setup_teardown_taskflow' retrieved from /home/airflow/.local/lib/python3.8/site-packages/airflow/example_dags/example_setup_teardown_taskflow.py
[2023-12-19T09:04:53.312+0000] {logging_mixin.py:188} INFO - [2023-12-19T09:04:53.312+0000] {dag.py:3033} INFO - Sync 1 DAGs
[2023-12-19T09:04:53.328+0000] {logging_mixin.py:188} INFO - [2023-12-19T09:04:53.328+0000] {dag.py:3820} INFO - Setting next_dagrun for example_setup_teardown_taskflow to 2023-12-18T00:00:00+00:00, run_after=2023-12-19T00:00:00+00:00
[2023-12-19T09:04:53.340+0000] {processor.py:183} INFO - Processing /home/airflow/.local/lib/python3.8/site-packages/airflow/example_dags/example_setup_teardown_taskflow.py took 0.063 seconds
[2023-12-19T09:05:23.394+0000] {processor.py:161} INFO - Started process (PID=230) to work on /home/airflow/.local/lib/python3.8/site-packages/airflow/example_dags/example_setup_teardown_taskflow.py
[2023-12-19T09:05:23.397+0000] {processor.py:830} INFO - Processing file /home/airflow/.local/lib/python3.8/site-packages/airflow/example_dags/example_setup_teardown_taskflow.py for tasks to queue
[2023-12-19T09:05:23.399+0000] {logging_mixin.py:188} INFO - [2023-12-19T09:05:23.399+0000] {dagbag.py:538} INFO - Filling up the DagBag from /home/airflow/.local/lib/python3.8/site-packages/airflow/example_dags/example_setup_teardown_taskflow.py
[2023-12-19T09:05:23.407+0000] {processor.py:840} INFO - DAG(s) 'example_setup_teardown_taskflow' retrieved from /home/airflow/.local/lib/python3.8/site-packages/airflow/example_dags/example_setup_teardown_taskflow.py
[2023-12-19T09:05:23.425+0000] {logging_mixin.py:188} INFO - [2023-12-19T09:05:23.425+0000] {dag.py:3033} INFO - Sync 1 DAGs
[2023-12-19T09:05:23.440+0000] {logging_mixin.py:188} INFO - [2023-12-19T09:05:23.440+0000] {dag.py:3820} INFO - Setting next_dagrun for example_setup_teardown_taskflow to 2023-12-18T00:00:00+00:00, run_after=2023-12-19T00:00:00+00:00
[2023-12-19T09:05:23.453+0000] {processor.py:183} INFO - Processing /home/airflow/.local/lib/python3.8/site-packages/airflow/example_dags/example_setup_teardown_taskflow.py took 0.061 seconds
[2023-12-19T09:05:53.757+0000] {processor.py:161} INFO - Started process (PID=285) to work on /home/airflow/.local/lib/python3.8/site-packages/airflow/example_dags/example_setup_teardown_taskflow.py
[2023-12-19T09:05:53.759+0000] {processor.py:830} INFO - Processing file /home/airflow/.local/lib/python3.8/site-packages/airflow/example_dags/example_setup_teardown_taskflow.py for tasks to queue
[2023-12-19T09:05:53.762+0000] {logging_mixin.py:188} INFO - [2023-12-19T09:05:53.762+0000] {dagbag.py:538} INFO - Filling up the DagBag from /home/airflow/.local/lib/python3.8/site-packages/airflow/example_dags/example_setup_teardown_taskflow.py
[2023-12-19T09:05:53.770+0000] {processor.py:840} INFO - DAG(s) 'example_setup_teardown_taskflow' retrieved from /home/airflow/.local/lib/python3.8/site-packages/airflow/example_dags/example_setup_teardown_taskflow.py
[2023-12-19T09:05:53.788+0000] {logging_mixin.py:188} INFO - [2023-12-19T09:05:53.788+0000] {dag.py:3033} INFO - Sync 1 DAGs
[2023-12-19T09:05:53.804+0000] {logging_mixin.py:188} INFO - [2023-12-19T09:05:53.804+0000] {dag.py:3820} INFO - Setting next_dagrun for example_setup_teardown_taskflow to 2023-12-18T00:00:00+00:00, run_after=2023-12-19T00:00:00+00:00
[2023-12-19T09:05:53.819+0000] {processor.py:183} INFO - Processing /home/airflow/.local/lib/python3.8/site-packages/airflow/example_dags/example_setup_teardown_taskflow.py took 0.065 seconds
[2023-12-19T09:06:24.365+0000] {processor.py:161} INFO - Started process (PID=340) to work on /home/airflow/.local/lib/python3.8/site-packages/airflow/example_dags/example_setup_teardown_taskflow.py
[2023-12-19T09:06:24.367+0000] {processor.py:830} INFO - Processing file /home/airflow/.local/lib/python3.8/site-packages/airflow/example_dags/example_setup_teardown_taskflow.py for tasks to queue
[2023-12-19T09:06:24.369+0000] {logging_mixin.py:188} INFO - [2023-12-19T09:06:24.369+0000] {dagbag.py:538} INFO - Filling up the DagBag from /home/airflow/.local/lib/python3.8/site-packages/airflow/example_dags/example_setup_teardown_taskflow.py
[2023-12-19T09:06:24.377+0000] {processor.py:840} INFO - DAG(s) 'example_setup_teardown_taskflow' retrieved from /home/airflow/.local/lib/python3.8/site-packages/airflow/example_dags/example_setup_teardown_taskflow.py
[2023-12-19T09:06:24.397+0000] {logging_mixin.py:188} INFO - [2023-12-19T09:06:24.397+0000] {dag.py:3033} INFO - Sync 1 DAGs
[2023-12-19T09:06:24.414+0000] {logging_mixin.py:188} INFO - [2023-12-19T09:06:24.414+0000] {dag.py:3820} INFO - Setting next_dagrun for example_setup_teardown_taskflow to 2023-12-18T00:00:00+00:00, run_after=2023-12-19T00:00:00+00:00
[2023-12-19T09:06:24.428+0000] {processor.py:183} INFO - Processing /home/airflow/.local/lib/python3.8/site-packages/airflow/example_dags/example_setup_teardown_taskflow.py took 0.066 seconds
[2023-12-19T09:06:55.188+0000] {processor.py:161} INFO - Started process (PID=395) to work on /home/airflow/.local/lib/python3.8/site-packages/airflow/example_dags/example_setup_teardown_taskflow.py
[2023-12-19T09:06:55.190+0000] {processor.py:830} INFO - Processing file /home/airflow/.local/lib/python3.8/site-packages/airflow/example_dags/example_setup_teardown_taskflow.py for tasks to queue
[2023-12-19T09:06:55.192+0000] {logging_mixin.py:188} INFO - [2023-12-19T09:06:55.192+0000] {dagbag.py:538} INFO - Filling up the DagBag from /home/airflow/.local/lib/python3.8/site-packages/airflow/example_dags/example_setup_teardown_taskflow.py
[2023-12-19T09:06:55.201+0000] {processor.py:840} INFO - DAG(s) 'example_setup_teardown_taskflow' retrieved from /home/airflow/.local/lib/python3.8/site-packages/airflow/example_dags/example_setup_teardown_taskflow.py
[2023-12-19T09:06:55.223+0000] {logging_mixin.py:188} INFO - [2023-12-19T09:06:55.223+0000] {dag.py:3033} INFO - Sync 1 DAGs
[2023-12-19T09:06:55.240+0000] {logging_mixin.py:188} INFO - [2023-12-19T09:06:55.240+0000] {dag.py:3820} INFO - Setting next_dagrun for example_setup_teardown_taskflow to 2023-12-18T00:00:00+00:00, run_after=2023-12-19T00:00:00+00:00
[2023-12-19T09:06:55.255+0000] {processor.py:183} INFO - Processing /home/airflow/.local/lib/python3.8/site-packages/airflow/example_dags/example_setup_teardown_taskflow.py took 0.070 seconds
[2023-12-19T09:07:26.051+0000] {processor.py:161} INFO - Started process (PID=450) to work on /home/airflow/.local/lib/python3.8/site-packages/airflow/example_dags/example_setup_teardown_taskflow.py
[2023-12-19T09:07:26.053+0000] {processor.py:830} INFO - Processing file /home/airflow/.local/lib/python3.8/site-packages/airflow/example_dags/example_setup_teardown_taskflow.py for tasks to queue
[2023-12-19T09:07:26.056+0000] {logging_mixin.py:188} INFO - [2023-12-19T09:07:26.056+0000] {dagbag.py:538} INFO - Filling up the DagBag from /home/airflow/.local/lib/python3.8/site-packages/airflow/example_dags/example_setup_teardown_taskflow.py
[2023-12-19T09:07:26.064+0000] {processor.py:840} INFO - DAG(s) 'example_setup_teardown_taskflow' retrieved from /home/airflow/.local/lib/python3.8/site-packages/airflow/example_dags/example_setup_teardown_taskflow.py
[2023-12-19T09:07:26.082+0000] {logging_mixin.py:188} INFO - [2023-12-19T09:07:26.082+0000] {dag.py:3033} INFO - Sync 1 DAGs
[2023-12-19T09:07:26.098+0000] {logging_mixin.py:188} INFO - [2023-12-19T09:07:26.098+0000] {dag.py:3820} INFO - Setting next_dagrun for example_setup_teardown_taskflow to 2023-12-18T00:00:00+00:00, run_after=2023-12-19T00:00:00+00:00
[2023-12-19T09:07:26.113+0000] {processor.py:183} INFO - Processing /home/airflow/.local/lib/python3.8/site-packages/airflow/example_dags/example_setup_teardown_taskflow.py took 0.065 seconds
[2023-12-19T09:07:56.818+0000] {processor.py:161} INFO - Started process (PID=505) to work on /home/airflow/.local/lib/python3.8/site-packages/airflow/example_dags/example_setup_teardown_taskflow.py
[2023-12-19T09:07:56.820+0000] {processor.py:830} INFO - Processing file /home/airflow/.local/lib/python3.8/site-packages/airflow/example_dags/example_setup_teardown_taskflow.py for tasks to queue
[2023-12-19T09:07:56.822+0000] {logging_mixin.py:188} INFO - [2023-12-19T09:07:56.822+0000] {dagbag.py:538} INFO - Filling up the DagBag from /home/airflow/.local/lib/python3.8/site-packages/airflow/example_dags/example_setup_teardown_taskflow.py
[2023-12-19T09:07:56.830+0000] {processor.py:840} INFO - DAG(s) 'example_setup_teardown_taskflow' retrieved from /home/airflow/.local/lib/python3.8/site-packages/airflow/example_dags/example_setup_teardown_taskflow.py
[2023-12-19T09:07:56.847+0000] {logging_mixin.py:188} INFO - [2023-12-19T09:07:56.847+0000] {dag.py:3033} INFO - Sync 1 DAGs
[2023-12-19T09:07:56.865+0000] {logging_mixin.py:188} INFO - [2023-12-19T09:07:56.865+0000] {dag.py:3820} INFO - Setting next_dagrun for example_setup_teardown_taskflow to 2023-12-18T00:00:00+00:00, run_after=2023-12-19T00:00:00+00:00
[2023-12-19T09:07:56.881+0000] {processor.py:183} INFO - Processing /home/airflow/.local/lib/python3.8/site-packages/airflow/example_dags/example_setup_teardown_taskflow.py took 0.066 seconds
[2023-12-19T09:08:27.732+0000] {processor.py:161} INFO - Started process (PID=560) to work on /home/airflow/.local/lib/python3.8/site-packages/airflow/example_dags/example_setup_teardown_taskflow.py
[2023-12-19T09:08:27.734+0000] {processor.py:830} INFO - Processing file /home/airflow/.local/lib/python3.8/site-packages/airflow/example_dags/example_setup_teardown_taskflow.py for tasks to queue
[2023-12-19T09:08:27.736+0000] {logging_mixin.py:188} INFO - [2023-12-19T09:08:27.736+0000] {dagbag.py:538} INFO - Filling up the DagBag from /home/airflow/.local/lib/python3.8/site-packages/airflow/example_dags/example_setup_teardown_taskflow.py
[2023-12-19T09:08:27.743+0000] {processor.py:840} INFO - DAG(s) 'example_setup_teardown_taskflow' retrieved from /home/airflow/.local/lib/python3.8/site-packages/airflow/example_dags/example_setup_teardown_taskflow.py
[2023-12-19T09:08:27.762+0000] {logging_mixin.py:188} INFO - [2023-12-19T09:08:27.762+0000] {dag.py:3033} INFO - Sync 1 DAGs
[2023-12-19T09:08:27.778+0000] {logging_mixin.py:188} INFO - [2023-12-19T09:08:27.778+0000] {dag.py:3820} INFO - Setting next_dagrun for example_setup_teardown_taskflow to 2023-12-18T00:00:00+00:00, run_after=2023-12-19T00:00:00+00:00
[2023-12-19T09:08:27.790+0000] {processor.py:183} INFO - Processing /home/airflow/.local/lib/python3.8/site-packages/airflow/example_dags/example_setup_teardown_taskflow.py took 0.061 seconds
[2023-12-19T09:08:57.954+0000] {processor.py:161} INFO - Started process (PID=615) to work on /home/airflow/.local/lib/python3.8/site-packages/airflow/example_dags/example_setup_teardown_taskflow.py
[2023-12-19T09:08:57.956+0000] {processor.py:830} INFO - Processing file /home/airflow/.local/lib/python3.8/site-packages/airflow/example_dags/example_setup_teardown_taskflow.py for tasks to queue
[2023-12-19T09:08:57.959+0000] {logging_mixin.py:188} INFO - [2023-12-19T09:08:57.959+0000] {dagbag.py:538} INFO - Filling up the DagBag from /home/airflow/.local/lib/python3.8/site-packages/airflow/example_dags/example_setup_teardown_taskflow.py
[2023-12-19T09:08:57.966+0000] {processor.py:840} INFO - DAG(s) 'example_setup_teardown_taskflow' retrieved from /home/airflow/.local/lib/python3.8/site-packages/airflow/example_dags/example_setup_teardown_taskflow.py
[2023-12-19T09:08:57.984+0000] {logging_mixin.py:188} INFO - [2023-12-19T09:08:57.984+0000] {dag.py:3033} INFO - Sync 1 DAGs
[2023-12-19T09:08:57.999+0000] {logging_mixin.py:188} INFO - [2023-12-19T09:08:57.999+0000] {dag.py:3820} INFO - Setting next_dagrun for example_setup_teardown_taskflow to 2023-12-18T00:00:00+00:00, run_after=2023-12-19T00:00:00+00:00
[2023-12-19T09:08:58.011+0000] {processor.py:183} INFO - Processing /home/airflow/.local/lib/python3.8/site-packages/airflow/example_dags/example_setup_teardown_taskflow.py took 0.060 seconds
[2023-12-19T09:09:28.123+0000] {processor.py:161} INFO - Started process (PID=670) to work on /home/airflow/.local/lib/python3.8/site-packages/airflow/example_dags/example_setup_teardown_taskflow.py
[2023-12-19T09:09:28.125+0000] {processor.py:830} INFO - Processing file /home/airflow/.local/lib/python3.8/site-packages/airflow/example_dags/example_setup_teardown_taskflow.py for tasks to queue
[2023-12-19T09:09:28.128+0000] {logging_mixin.py:188} INFO - [2023-12-19T09:09:28.128+0000] {dagbag.py:538} INFO - Filling up the DagBag from /home/airflow/.local/lib/python3.8/site-packages/airflow/example_dags/example_setup_teardown_taskflow.py
[2023-12-19T09:09:28.135+0000] {processor.py:840} INFO - DAG(s) 'example_setup_teardown_taskflow' retrieved from /home/airflow/.local/lib/python3.8/site-packages/airflow/example_dags/example_setup_teardown_taskflow.py
[2023-12-19T09:09:28.154+0000] {logging_mixin.py:188} INFO - [2023-12-19T09:09:28.154+0000] {dag.py:3033} INFO - Sync 1 DAGs
[2023-12-19T09:09:28.169+0000] {logging_mixin.py:188} INFO - [2023-12-19T09:09:28.169+0000] {dag.py:3820} INFO - Setting next_dagrun for example_setup_teardown_taskflow to 2023-12-18T00:00:00+00:00, run_after=2023-12-19T00:00:00+00:00
[2023-12-19T09:09:28.185+0000] {processor.py:183} INFO - Processing /home/airflow/.local/lib/python3.8/site-packages/airflow/example_dags/example_setup_teardown_taskflow.py took 0.064 seconds
[2023-12-19T09:09:58.504+0000] {processor.py:161} INFO - Started process (PID=725) to work on /home/airflow/.local/lib/python3.8/site-packages/airflow/example_dags/example_setup_teardown_taskflow.py
[2023-12-19T09:09:58.507+0000] {processor.py:830} INFO - Processing file /home/airflow/.local/lib/python3.8/site-packages/airflow/example_dags/example_setup_teardown_taskflow.py for tasks to queue
[2023-12-19T09:09:58.509+0000] {logging_mixin.py:188} INFO - [2023-12-19T09:09:58.509+0000] {dagbag.py:538} INFO - Filling up the DagBag from /home/airflow/.local/lib/python3.8/site-packages/airflow/example_dags/example_setup_teardown_taskflow.py
[2023-12-19T09:09:58.517+0000] {processor.py:840} INFO - DAG(s) 'example_setup_teardown_taskflow' retrieved from /home/airflow/.local/lib/python3.8/site-packages/airflow/example_dags/example_setup_teardown_taskflow.py
[2023-12-19T09:09:58.536+0000] {logging_mixin.py:188} INFO - [2023-12-19T09:09:58.535+0000] {dag.py:3033} INFO - Sync 1 DAGs
[2023-12-19T09:09:58.554+0000] {logging_mixin.py:188} INFO - [2023-12-19T09:09:58.553+0000] {dag.py:3820} INFO - Setting next_dagrun for example_setup_teardown_taskflow to 2023-12-18T00:00:00+00:00, run_after=2023-12-19T00:00:00+00:00
[2023-12-19T09:09:58.570+0000] {processor.py:183} INFO - Processing /home/airflow/.local/lib/python3.8/site-packages/airflow/example_dags/example_setup_teardown_taskflow.py took 0.068 seconds
[2023-12-19T09:10:28.824+0000] {processor.py:161} INFO - Started process (PID=781) to work on /home/airflow/.local/lib/python3.8/site-packages/airflow/example_dags/example_setup_teardown_taskflow.py
[2023-12-19T09:10:28.825+0000] {processor.py:830} INFO - Processing file /home/airflow/.local/lib/python3.8/site-packages/airflow/example_dags/example_setup_teardown_taskflow.py for tasks to queue
[2023-12-19T09:10:28.828+0000] {logging_mixin.py:188} INFO - [2023-12-19T09:10:28.828+0000] {dagbag.py:538} INFO - Filling up the DagBag from /home/airflow/.local/lib/python3.8/site-packages/airflow/example_dags/example_setup_teardown_taskflow.py
[2023-12-19T09:10:28.836+0000] {processor.py:840} INFO - DAG(s) 'example_setup_teardown_taskflow' retrieved from /home/airflow/.local/lib/python3.8/site-packages/airflow/example_dags/example_setup_teardown_taskflow.py
[2023-12-19T09:10:28.855+0000] {logging_mixin.py:188} INFO - [2023-12-19T09:10:28.855+0000] {dag.py:3033} INFO - Sync 1 DAGs
[2023-12-19T09:10:28.871+0000] {logging_mixin.py:188} INFO - [2023-12-19T09:10:28.871+0000] {dag.py:3820} INFO - Setting next_dagrun for example_setup_teardown_taskflow to 2023-12-18T00:00:00+00:00, run_after=2023-12-19T00:00:00+00:00
[2023-12-19T09:10:28.887+0000] {processor.py:183} INFO - Processing /home/airflow/.local/lib/python3.8/site-packages/airflow/example_dags/example_setup_teardown_taskflow.py took 0.065 seconds
[2023-12-19T09:10:59.319+0000] {processor.py:161} INFO - Started process (PID=836) to work on /home/airflow/.local/lib/python3.8/site-packages/airflow/example_dags/example_setup_teardown_taskflow.py
[2023-12-19T09:10:59.322+0000] {processor.py:830} INFO - Processing file /home/airflow/.local/lib/python3.8/site-packages/airflow/example_dags/example_setup_teardown_taskflow.py for tasks to queue
[2023-12-19T09:10:59.326+0000] {logging_mixin.py:188} INFO - [2023-12-19T09:10:59.326+0000] {dagbag.py:538} INFO - Filling up the DagBag from /home/airflow/.local/lib/python3.8/site-packages/airflow/example_dags/example_setup_teardown_taskflow.py
[2023-12-19T09:10:59.336+0000] {processor.py:840} INFO - DAG(s) 'example_setup_teardown_taskflow' retrieved from /home/airflow/.local/lib/python3.8/site-packages/airflow/example_dags/example_setup_teardown_taskflow.py
[2023-12-19T09:10:59.356+0000] {logging_mixin.py:188} INFO - [2023-12-19T09:10:59.356+0000] {dag.py:3033} INFO - Sync 1 DAGs
[2023-12-19T09:10:59.374+0000] {logging_mixin.py:188} INFO - [2023-12-19T09:10:59.373+0000] {dag.py:3820} INFO - Setting next_dagrun for example_setup_teardown_taskflow to 2023-12-18T00:00:00+00:00, run_after=2023-12-19T00:00:00+00:00
[2023-12-19T09:10:59.389+0000] {processor.py:183} INFO - Processing /home/airflow/.local/lib/python3.8/site-packages/airflow/example_dags/example_setup_teardown_taskflow.py took 0.073 seconds
[2023-12-19T09:11:29.437+0000] {processor.py:161} INFO - Started process (PID=892) to work on /home/airflow/.local/lib/python3.8/site-packages/airflow/example_dags/example_setup_teardown_taskflow.py
[2023-12-19T09:11:29.440+0000] {processor.py:830} INFO - Processing file /home/airflow/.local/lib/python3.8/site-packages/airflow/example_dags/example_setup_teardown_taskflow.py for tasks to queue
[2023-12-19T09:11:29.443+0000] {logging_mixin.py:188} INFO - [2023-12-19T09:11:29.443+0000] {dagbag.py:538} INFO - Filling up the DagBag from /home/airflow/.local/lib/python3.8/site-packages/airflow/example_dags/example_setup_teardown_taskflow.py
[2023-12-19T09:11:29.452+0000] {processor.py:840} INFO - DAG(s) 'example_setup_teardown_taskflow' retrieved from /home/airflow/.local/lib/python3.8/site-packages/airflow/example_dags/example_setup_teardown_taskflow.py
[2023-12-19T09:11:29.472+0000] {logging_mixin.py:188} INFO - [2023-12-19T09:11:29.472+0000] {dag.py:3033} INFO - Sync 1 DAGs
[2023-12-19T09:11:29.493+0000] {logging_mixin.py:188} INFO - [2023-12-19T09:11:29.493+0000] {dag.py:3820} INFO - Setting next_dagrun for example_setup_teardown_taskflow to 2023-12-18T00:00:00+00:00, run_after=2023-12-19T00:00:00+00:00
[2023-12-19T09:11:29.512+0000] {processor.py:183} INFO - Processing /home/airflow/.local/lib/python3.8/site-packages/airflow/example_dags/example_setup_teardown_taskflow.py took 0.078 seconds
[2023-12-19T09:11:59.908+0000] {processor.py:161} INFO - Started process (PID=946) to work on /home/airflow/.local/lib/python3.8/site-packages/airflow/example_dags/example_setup_teardown_taskflow.py
[2023-12-19T09:11:59.909+0000] {processor.py:830} INFO - Processing file /home/airflow/.local/lib/python3.8/site-packages/airflow/example_dags/example_setup_teardown_taskflow.py for tasks to queue
[2023-12-19T09:11:59.911+0000] {logging_mixin.py:188} INFO - [2023-12-19T09:11:59.911+0000] {dagbag.py:538} INFO - Filling up the DagBag from /home/airflow/.local/lib/python3.8/site-packages/airflow/example_dags/example_setup_teardown_taskflow.py
[2023-12-19T09:11:59.918+0000] {processor.py:840} INFO - DAG(s) 'example_setup_teardown_taskflow' retrieved from /home/airflow/.local/lib/python3.8/site-packages/airflow/example_dags/example_setup_teardown_taskflow.py
[2023-12-19T09:11:59.933+0000] {logging_mixin.py:188} INFO - [2023-12-19T09:11:59.933+0000] {dag.py:3033} INFO - Sync 1 DAGs
[2023-12-19T09:11:59.947+0000] {logging_mixin.py:188} INFO - [2023-12-19T09:11:59.947+0000] {dag.py:3820} INFO - Setting next_dagrun for example_setup_teardown_taskflow to 2023-12-18T00:00:00+00:00, run_after=2023-12-19T00:00:00+00:00
[2023-12-19T09:11:59.964+0000] {processor.py:183} INFO - Processing /home/airflow/.local/lib/python3.8/site-packages/airflow/example_dags/example_setup_teardown_taskflow.py took 0.058 seconds
[2023-12-19T09:12:30.462+0000] {processor.py:161} INFO - Started process (PID=1002) to work on /home/airflow/.local/lib/python3.8/site-packages/airflow/example_dags/example_setup_teardown_taskflow.py
[2023-12-19T09:12:30.463+0000] {processor.py:830} INFO - Processing file /home/airflow/.local/lib/python3.8/site-packages/airflow/example_dags/example_setup_teardown_taskflow.py for tasks to queue
[2023-12-19T09:12:30.465+0000] {logging_mixin.py:188} INFO - [2023-12-19T09:12:30.465+0000] {dagbag.py:538} INFO - Filling up the DagBag from /home/airflow/.local/lib/python3.8/site-packages/airflow/example_dags/example_setup_teardown_taskflow.py
[2023-12-19T09:12:30.472+0000] {processor.py:840} INFO - DAG(s) 'example_setup_teardown_taskflow' retrieved from /home/airflow/.local/lib/python3.8/site-packages/airflow/example_dags/example_setup_teardown_taskflow.py
[2023-12-19T09:12:30.487+0000] {logging_mixin.py:188} INFO - [2023-12-19T09:12:30.487+0000] {dag.py:3033} INFO - Sync 1 DAGs
[2023-12-19T09:12:30.500+0000] {logging_mixin.py:188} INFO - [2023-12-19T09:12:30.500+0000] {dag.py:3820} INFO - Setting next_dagrun for example_setup_teardown_taskflow to 2023-12-18T00:00:00+00:00, run_after=2023-12-19T00:00:00+00:00
[2023-12-19T09:12:30.511+0000] {processor.py:183} INFO - Processing /home/airflow/.local/lib/python3.8/site-packages/airflow/example_dags/example_setup_teardown_taskflow.py took 0.052 seconds
[2023-12-19T09:13:00.989+0000] {processor.py:161} INFO - Started process (PID=1057) to work on /home/airflow/.local/lib/python3.8/site-packages/airflow/example_dags/example_setup_teardown_taskflow.py
[2023-12-19T09:13:00.991+0000] {processor.py:830} INFO - Processing file /home/airflow/.local/lib/python3.8/site-packages/airflow/example_dags/example_setup_teardown_taskflow.py for tasks to queue
[2023-12-19T09:13:00.993+0000] {logging_mixin.py:188} INFO - [2023-12-19T09:13:00.993+0000] {dagbag.py:538} INFO - Filling up the DagBag from /home/airflow/.local/lib/python3.8/site-packages/airflow/example_dags/example_setup_teardown_taskflow.py
[2023-12-19T09:13:01.000+0000] {processor.py:840} INFO - DAG(s) 'example_setup_teardown_taskflow' retrieved from /home/airflow/.local/lib/python3.8/site-packages/airflow/example_dags/example_setup_teardown_taskflow.py
[2023-12-19T09:13:01.016+0000] {logging_mixin.py:188} INFO - [2023-12-19T09:13:01.015+0000] {dag.py:3033} INFO - Sync 1 DAGs
[2023-12-19T09:13:01.032+0000] {logging_mixin.py:188} INFO - [2023-12-19T09:13:01.032+0000] {dag.py:3820} INFO - Setting next_dagrun for example_setup_teardown_taskflow to 2023-12-18T00:00:00+00:00, run_after=2023-12-19T00:00:00+00:00
[2023-12-19T09:13:01.045+0000] {processor.py:183} INFO - Processing /home/airflow/.local/lib/python3.8/site-packages/airflow/example_dags/example_setup_teardown_taskflow.py took 0.059 seconds
[2023-12-19T09:13:31.506+0000] {processor.py:161} INFO - Started process (PID=1112) to work on /home/airflow/.local/lib/python3.8/site-packages/airflow/example_dags/example_setup_teardown_taskflow.py
[2023-12-19T09:13:31.507+0000] {processor.py:830} INFO - Processing file /home/airflow/.local/lib/python3.8/site-packages/airflow/example_dags/example_setup_teardown_taskflow.py for tasks to queue
[2023-12-19T09:13:31.509+0000] {logging_mixin.py:188} INFO - [2023-12-19T09:13:31.509+0000] {dagbag.py:538} INFO - Filling up the DagBag from /home/airflow/.local/lib/python3.8/site-packages/airflow/example_dags/example_setup_teardown_taskflow.py
[2023-12-19T09:13:31.516+0000] {processor.py:840} INFO - DAG(s) 'example_setup_teardown_taskflow' retrieved from /home/airflow/.local/lib/python3.8/site-packages/airflow/example_dags/example_setup_teardown_taskflow.py
[2023-12-19T09:13:31.532+0000] {logging_mixin.py:188} INFO - [2023-12-19T09:13:31.532+0000] {dag.py:3033} INFO - Sync 1 DAGs
[2023-12-19T09:13:31.546+0000] {logging_mixin.py:188} INFO - [2023-12-19T09:13:31.545+0000] {dag.py:3820} INFO - Setting next_dagrun for example_setup_teardown_taskflow to 2023-12-18T00:00:00+00:00, run_after=2023-12-19T00:00:00+00:00
[2023-12-19T09:13:31.558+0000] {processor.py:183} INFO - Processing /home/airflow/.local/lib/python3.8/site-packages/airflow/example_dags/example_setup_teardown_taskflow.py took 0.055 seconds
[2023-12-19T09:14:02.106+0000] {processor.py:161} INFO - Started process (PID=1167) to work on /home/airflow/.local/lib/python3.8/site-packages/airflow/example_dags/example_setup_teardown_taskflow.py
[2023-12-19T09:14:02.108+0000] {processor.py:830} INFO - Processing file /home/airflow/.local/lib/python3.8/site-packages/airflow/example_dags/example_setup_teardown_taskflow.py for tasks to queue
[2023-12-19T09:14:02.110+0000] {logging_mixin.py:188} INFO - [2023-12-19T09:14:02.110+0000] {dagbag.py:538} INFO - Filling up the DagBag from /home/airflow/.local/lib/python3.8/site-packages/airflow/example_dags/example_setup_teardown_taskflow.py
[2023-12-19T09:14:02.118+0000] {processor.py:840} INFO - DAG(s) 'example_setup_teardown_taskflow' retrieved from /home/airflow/.local/lib/python3.8/site-packages/airflow/example_dags/example_setup_teardown_taskflow.py
[2023-12-19T09:14:02.134+0000] {logging_mixin.py:188} INFO - [2023-12-19T09:14:02.134+0000] {dag.py:3033} INFO - Sync 1 DAGs
[2023-12-19T09:14:02.148+0000] {logging_mixin.py:188} INFO - [2023-12-19T09:14:02.148+0000] {dag.py:3820} INFO - Setting next_dagrun for example_setup_teardown_taskflow to 2023-12-18T00:00:00+00:00, run_after=2023-12-19T00:00:00+00:00
[2023-12-19T09:14:02.163+0000] {processor.py:183} INFO - Processing /home/airflow/.local/lib/python3.8/site-packages/airflow/example_dags/example_setup_teardown_taskflow.py took 0.059 seconds
[2023-12-19T09:14:32.699+0000] {processor.py:161} INFO - Started process (PID=1222) to work on /home/airflow/.local/lib/python3.8/site-packages/airflow/example_dags/example_setup_teardown_taskflow.py
[2023-12-19T09:14:32.701+0000] {processor.py:830} INFO - Processing file /home/airflow/.local/lib/python3.8/site-packages/airflow/example_dags/example_setup_teardown_taskflow.py for tasks to queue
[2023-12-19T09:14:32.703+0000] {logging_mixin.py:188} INFO - [2023-12-19T09:14:32.703+0000] {dagbag.py:538} INFO - Filling up the DagBag from /home/airflow/.local/lib/python3.8/site-packages/airflow/example_dags/example_setup_teardown_taskflow.py
[2023-12-19T09:14:32.709+0000] {processor.py:840} INFO - DAG(s) 'example_setup_teardown_taskflow' retrieved from /home/airflow/.local/lib/python3.8/site-packages/airflow/example_dags/example_setup_teardown_taskflow.py
[2023-12-19T09:14:32.724+0000] {logging_mixin.py:188} INFO - [2023-12-19T09:14:32.723+0000] {dag.py:3033} INFO - Sync 1 DAGs
[2023-12-19T09:14:32.736+0000] {logging_mixin.py:188} INFO - [2023-12-19T09:14:32.736+0000] {dag.py:3820} INFO - Setting next_dagrun for example_setup_teardown_taskflow to 2023-12-18T00:00:00+00:00, run_after=2023-12-19T00:00:00+00:00
[2023-12-19T09:14:32.747+0000] {processor.py:183} INFO - Processing /home/airflow/.local/lib/python3.8/site-packages/airflow/example_dags/example_setup_teardown_taskflow.py took 0.050 seconds
[2023-12-19T09:15:03.123+0000] {processor.py:161} INFO - Started process (PID=1277) to work on /home/airflow/.local/lib/python3.8/site-packages/airflow/example_dags/example_setup_teardown_taskflow.py
[2023-12-19T09:15:03.125+0000] {processor.py:830} INFO - Processing file /home/airflow/.local/lib/python3.8/site-packages/airflow/example_dags/example_setup_teardown_taskflow.py for tasks to queue
[2023-12-19T09:15:03.127+0000] {logging_mixin.py:188} INFO - [2023-12-19T09:15:03.127+0000] {dagbag.py:538} INFO - Filling up the DagBag from /home/airflow/.local/lib/python3.8/site-packages/airflow/example_dags/example_setup_teardown_taskflow.py
[2023-12-19T09:15:03.134+0000] {processor.py:840} INFO - DAG(s) 'example_setup_teardown_taskflow' retrieved from /home/airflow/.local/lib/python3.8/site-packages/airflow/example_dags/example_setup_teardown_taskflow.py
[2023-12-19T09:15:03.149+0000] {logging_mixin.py:188} INFO - [2023-12-19T09:15:03.149+0000] {dag.py:3033} INFO - Sync 1 DAGs
[2023-12-19T09:15:03.162+0000] {logging_mixin.py:188} INFO - [2023-12-19T09:15:03.161+0000] {dag.py:3820} INFO - Setting next_dagrun for example_setup_teardown_taskflow to 2023-12-18T00:00:00+00:00, run_after=2023-12-19T00:00:00+00:00
[2023-12-19T09:15:03.173+0000] {processor.py:183} INFO - Processing /home/airflow/.local/lib/python3.8/site-packages/airflow/example_dags/example_setup_teardown_taskflow.py took 0.052 seconds
[2023-12-19T09:15:33.943+0000] {processor.py:161} INFO - Started process (PID=1332) to work on /home/airflow/.local/lib/python3.8/site-packages/airflow/example_dags/example_setup_teardown_taskflow.py
[2023-12-19T09:15:33.944+0000] {processor.py:830} INFO - Processing file /home/airflow/.local/lib/python3.8/site-packages/airflow/example_dags/example_setup_teardown_taskflow.py for tasks to queue
[2023-12-19T09:15:33.948+0000] {logging_mixin.py:188} INFO - [2023-12-19T09:15:33.948+0000] {dagbag.py:538} INFO - Filling up the DagBag from /home/airflow/.local/lib/python3.8/site-packages/airflow/example_dags/example_setup_teardown_taskflow.py
[2023-12-19T09:15:33.955+0000] {processor.py:840} INFO - DAG(s) 'example_setup_teardown_taskflow' retrieved from /home/airflow/.local/lib/python3.8/site-packages/airflow/example_dags/example_setup_teardown_taskflow.py
[2023-12-19T09:15:33.971+0000] {logging_mixin.py:188} INFO - [2023-12-19T09:15:33.971+0000] {dag.py:3033} INFO - Sync 1 DAGs
[2023-12-19T09:15:33.984+0000] {logging_mixin.py:188} INFO - [2023-12-19T09:15:33.984+0000] {dag.py:3820} INFO - Setting next_dagrun for example_setup_teardown_taskflow to 2023-12-18T00:00:00+00:00, run_after=2023-12-19T00:00:00+00:00
[2023-12-19T09:15:33.997+0000] {processor.py:183} INFO - Processing /home/airflow/.local/lib/python3.8/site-packages/airflow/example_dags/example_setup_teardown_taskflow.py took 0.056 seconds
[2023-12-19T09:16:04.411+0000] {processor.py:161} INFO - Started process (PID=1387) to work on /home/airflow/.local/lib/python3.8/site-packages/airflow/example_dags/example_setup_teardown_taskflow.py
[2023-12-19T09:16:04.413+0000] {processor.py:830} INFO - Processing file /home/airflow/.local/lib/python3.8/site-packages/airflow/example_dags/example_setup_teardown_taskflow.py for tasks to queue
[2023-12-19T09:16:04.415+0000] {logging_mixin.py:188} INFO - [2023-12-19T09:16:04.415+0000] {dagbag.py:538} INFO - Filling up the DagBag from /home/airflow/.local/lib/python3.8/site-packages/airflow/example_dags/example_setup_teardown_taskflow.py
[2023-12-19T09:16:04.422+0000] {processor.py:840} INFO - DAG(s) 'example_setup_teardown_taskflow' retrieved from /home/airflow/.local/lib/python3.8/site-packages/airflow/example_dags/example_setup_teardown_taskflow.py
[2023-12-19T09:16:04.437+0000] {logging_mixin.py:188} INFO - [2023-12-19T09:16:04.437+0000] {dag.py:3033} INFO - Sync 1 DAGs
[2023-12-19T09:16:04.452+0000] {logging_mixin.py:188} INFO - [2023-12-19T09:16:04.452+0000] {dag.py:3820} INFO - Setting next_dagrun for example_setup_teardown_taskflow to 2023-12-18T00:00:00+00:00, run_after=2023-12-19T00:00:00+00:00
[2023-12-19T09:16:04.478+0000] {processor.py:183} INFO - Processing /home/airflow/.local/lib/python3.8/site-packages/airflow/example_dags/example_setup_teardown_taskflow.py took 0.069 seconds
[2023-12-19T09:16:35.012+0000] {processor.py:161} INFO - Started process (PID=1442) to work on /home/airflow/.local/lib/python3.8/site-packages/airflow/example_dags/example_setup_teardown_taskflow.py
[2023-12-19T09:16:35.014+0000] {processor.py:830} INFO - Processing file /home/airflow/.local/lib/python3.8/site-packages/airflow/example_dags/example_setup_teardown_taskflow.py for tasks to queue
[2023-12-19T09:16:35.016+0000] {logging_mixin.py:188} INFO - [2023-12-19T09:16:35.015+0000] {dagbag.py:538} INFO - Filling up the DagBag from /home/airflow/.local/lib/python3.8/site-packages/airflow/example_dags/example_setup_teardown_taskflow.py
[2023-12-19T09:16:35.022+0000] {processor.py:840} INFO - DAG(s) 'example_setup_teardown_taskflow' retrieved from /home/airflow/.local/lib/python3.8/site-packages/airflow/example_dags/example_setup_teardown_taskflow.py
[2023-12-19T09:16:35.037+0000] {logging_mixin.py:188} INFO - [2023-12-19T09:16:35.037+0000] {dag.py:3033} INFO - Sync 1 DAGs
[2023-12-19T09:16:35.049+0000] {logging_mixin.py:188} INFO - [2023-12-19T09:16:35.049+0000] {dag.py:3820} INFO - Setting next_dagrun for example_setup_teardown_taskflow to 2023-12-18T00:00:00+00:00, run_after=2023-12-19T00:00:00+00:00
[2023-12-19T09:16:35.061+0000] {processor.py:183} INFO - Processing /home/airflow/.local/lib/python3.8/site-packages/airflow/example_dags/example_setup_teardown_taskflow.py took 0.052 seconds
[2023-12-19T09:17:05.558+0000] {processor.py:161} INFO - Started process (PID=1497) to work on /home/airflow/.local/lib/python3.8/site-packages/airflow/example_dags/example_setup_teardown_taskflow.py
[2023-12-19T09:17:05.561+0000] {processor.py:830} INFO - Processing file /home/airflow/.local/lib/python3.8/site-packages/airflow/example_dags/example_setup_teardown_taskflow.py for tasks to queue
[2023-12-19T09:17:05.563+0000] {logging_mixin.py:188} INFO - [2023-12-19T09:17:05.563+0000] {dagbag.py:538} INFO - Filling up the DagBag from /home/airflow/.local/lib/python3.8/site-packages/airflow/example_dags/example_setup_teardown_taskflow.py
[2023-12-19T09:17:05.569+0000] {processor.py:840} INFO - DAG(s) 'example_setup_teardown_taskflow' retrieved from /home/airflow/.local/lib/python3.8/site-packages/airflow/example_dags/example_setup_teardown_taskflow.py
[2023-12-19T09:17:05.585+0000] {logging_mixin.py:188} INFO - [2023-12-19T09:17:05.584+0000] {dag.py:3033} INFO - Sync 1 DAGs
[2023-12-19T09:17:05.599+0000] {logging_mixin.py:188} INFO - [2023-12-19T09:17:05.599+0000] {dag.py:3820} INFO - Setting next_dagrun for example_setup_teardown_taskflow to 2023-12-18T00:00:00+00:00, run_after=2023-12-19T00:00:00+00:00
[2023-12-19T09:17:05.611+0000] {processor.py:183} INFO - Processing /home/airflow/.local/lib/python3.8/site-packages/airflow/example_dags/example_setup_teardown_taskflow.py took 0.055 seconds
[2023-12-19T09:17:36.076+0000] {processor.py:161} INFO - Started process (PID=1552) to work on /home/airflow/.local/lib/python3.8/site-packages/airflow/example_dags/example_setup_teardown_taskflow.py
[2023-12-19T09:17:36.077+0000] {processor.py:830} INFO - Processing file /home/airflow/.local/lib/python3.8/site-packages/airflow/example_dags/example_setup_teardown_taskflow.py for tasks to queue
[2023-12-19T09:17:36.079+0000] {logging_mixin.py:188} INFO - [2023-12-19T09:17:36.079+0000] {dagbag.py:538} INFO - Filling up the DagBag from /home/airflow/.local/lib/python3.8/site-packages/airflow/example_dags/example_setup_teardown_taskflow.py
[2023-12-19T09:17:36.086+0000] {processor.py:840} INFO - DAG(s) 'example_setup_teardown_taskflow' retrieved from /home/airflow/.local/lib/python3.8/site-packages/airflow/example_dags/example_setup_teardown_taskflow.py
[2023-12-19T09:17:36.102+0000] {logging_mixin.py:188} INFO - [2023-12-19T09:17:36.102+0000] {dag.py:3033} INFO - Sync 1 DAGs
[2023-12-19T09:17:36.116+0000] {logging_mixin.py:188} INFO - [2023-12-19T09:17:36.116+0000] {dag.py:3820} INFO - Setting next_dagrun for example_setup_teardown_taskflow to 2023-12-18T00:00:00+00:00, run_after=2023-12-19T00:00:00+00:00
[2023-12-19T09:17:36.128+0000] {processor.py:183} INFO - Processing /home/airflow/.local/lib/python3.8/site-packages/airflow/example_dags/example_setup_teardown_taskflow.py took 0.055 seconds
[2023-12-19T09:18:06.573+0000] {processor.py:161} INFO - Started process (PID=1607) to work on /home/airflow/.local/lib/python3.8/site-packages/airflow/example_dags/example_setup_teardown_taskflow.py
[2023-12-19T09:18:06.575+0000] {processor.py:830} INFO - Processing file /home/airflow/.local/lib/python3.8/site-packages/airflow/example_dags/example_setup_teardown_taskflow.py for tasks to queue
[2023-12-19T09:18:06.577+0000] {logging_mixin.py:188} INFO - [2023-12-19T09:18:06.577+0000] {dagbag.py:538} INFO - Filling up the DagBag from /home/airflow/.local/lib/python3.8/site-packages/airflow/example_dags/example_setup_teardown_taskflow.py
[2023-12-19T09:18:06.585+0000] {processor.py:840} INFO - DAG(s) 'example_setup_teardown_taskflow' retrieved from /home/airflow/.local/lib/python3.8/site-packages/airflow/example_dags/example_setup_teardown_taskflow.py
[2023-12-19T09:18:06.601+0000] {logging_mixin.py:188} INFO - [2023-12-19T09:18:06.601+0000] {dag.py:3033} INFO - Sync 1 DAGs
[2023-12-19T09:18:06.620+0000] {logging_mixin.py:188} INFO - [2023-12-19T09:18:06.620+0000] {dag.py:3820} INFO - Setting next_dagrun for example_setup_teardown_taskflow to 2023-12-18T00:00:00+00:00, run_after=2023-12-19T00:00:00+00:00
[2023-12-19T09:18:06.633+0000] {processor.py:183} INFO - Processing /home/airflow/.local/lib/python3.8/site-packages/airflow/example_dags/example_setup_teardown_taskflow.py took 0.062 seconds
[2023-12-19T09:18:37.188+0000] {processor.py:161} INFO - Started process (PID=1662) to work on /home/airflow/.local/lib/python3.8/site-packages/airflow/example_dags/example_setup_teardown_taskflow.py
[2023-12-19T09:18:37.189+0000] {processor.py:830} INFO - Processing file /home/airflow/.local/lib/python3.8/site-packages/airflow/example_dags/example_setup_teardown_taskflow.py for tasks to queue
[2023-12-19T09:18:37.191+0000] {logging_mixin.py:188} INFO - [2023-12-19T09:18:37.191+0000] {dagbag.py:538} INFO - Filling up the DagBag from /home/airflow/.local/lib/python3.8/site-packages/airflow/example_dags/example_setup_teardown_taskflow.py
[2023-12-19T09:18:37.198+0000] {processor.py:840} INFO - DAG(s) 'example_setup_teardown_taskflow' retrieved from /home/airflow/.local/lib/python3.8/site-packages/airflow/example_dags/example_setup_teardown_taskflow.py
[2023-12-19T09:18:37.216+0000] {logging_mixin.py:188} INFO - [2023-12-19T09:18:37.216+0000] {dag.py:3033} INFO - Sync 1 DAGs
[2023-12-19T09:18:37.230+0000] {logging_mixin.py:188} INFO - [2023-12-19T09:18:37.230+0000] {dag.py:3820} INFO - Setting next_dagrun for example_setup_teardown_taskflow to 2023-12-18T00:00:00+00:00, run_after=2023-12-19T00:00:00+00:00
[2023-12-19T09:18:37.243+0000] {processor.py:183} INFO - Processing /home/airflow/.local/lib/python3.8/site-packages/airflow/example_dags/example_setup_teardown_taskflow.py took 0.058 seconds
[2023-12-19T09:19:08.340+0000] {processor.py:161} INFO - Started process (PID=1717) to work on /home/airflow/.local/lib/python3.8/site-packages/airflow/example_dags/example_setup_teardown_taskflow.py
[2023-12-19T09:19:08.341+0000] {processor.py:830} INFO - Processing file /home/airflow/.local/lib/python3.8/site-packages/airflow/example_dags/example_setup_teardown_taskflow.py for tasks to queue
[2023-12-19T09:19:08.343+0000] {logging_mixin.py:188} INFO - [2023-12-19T09:19:08.343+0000] {dagbag.py:538} INFO - Filling up the DagBag from /home/airflow/.local/lib/python3.8/site-packages/airflow/example_dags/example_setup_teardown_taskflow.py
[2023-12-19T09:19:08.350+0000] {processor.py:840} INFO - DAG(s) 'example_setup_teardown_taskflow' retrieved from /home/airflow/.local/lib/python3.8/site-packages/airflow/example_dags/example_setup_teardown_taskflow.py
[2023-12-19T09:19:08.367+0000] {logging_mixin.py:188} INFO - [2023-12-19T09:19:08.366+0000] {dag.py:3033} INFO - Sync 1 DAGs
[2023-12-19T09:19:08.381+0000] {logging_mixin.py:188} INFO - [2023-12-19T09:19:08.381+0000] {dag.py:3820} INFO - Setting next_dagrun for example_setup_teardown_taskflow to 2023-12-18T00:00:00+00:00, run_after=2023-12-19T00:00:00+00:00
[2023-12-19T09:19:08.395+0000] {processor.py:183} INFO - Processing /home/airflow/.local/lib/python3.8/site-packages/airflow/example_dags/example_setup_teardown_taskflow.py took 0.058 seconds
[2023-12-19T09:19:39.917+0000] {processor.py:161} INFO - Started process (PID=1772) to work on /home/airflow/.local/lib/python3.8/site-packages/airflow/example_dags/example_setup_teardown_taskflow.py
[2023-12-19T09:19:39.920+0000] {processor.py:830} INFO - Processing file /home/airflow/.local/lib/python3.8/site-packages/airflow/example_dags/example_setup_teardown_taskflow.py for tasks to queue
[2023-12-19T09:19:39.923+0000] {logging_mixin.py:188} INFO - [2023-12-19T09:19:39.923+0000] {dagbag.py:538} INFO - Filling up the DagBag from /home/airflow/.local/lib/python3.8/site-packages/airflow/example_dags/example_setup_teardown_taskflow.py
[2023-12-19T09:19:39.930+0000] {processor.py:840} INFO - DAG(s) 'example_setup_teardown_taskflow' retrieved from /home/airflow/.local/lib/python3.8/site-packages/airflow/example_dags/example_setup_teardown_taskflow.py
[2023-12-19T09:19:39.949+0000] {logging_mixin.py:188} INFO - [2023-12-19T09:19:39.949+0000] {dag.py:3033} INFO - Sync 1 DAGs
[2023-12-19T09:19:40.070+0000] {logging_mixin.py:188} INFO - [2023-12-19T09:19:40.070+0000] {dag.py:3820} INFO - Setting next_dagrun for example_setup_teardown_taskflow to 2023-12-18T00:00:00+00:00, run_after=2023-12-19T00:00:00+00:00
[2023-12-19T09:19:40.083+0000] {processor.py:183} INFO - Processing /home/airflow/.local/lib/python3.8/site-packages/airflow/example_dags/example_setup_teardown_taskflow.py took 0.168 seconds
[2023-12-19T09:20:10.427+0000] {processor.py:161} INFO - Started process (PID=1826) to work on /home/airflow/.local/lib/python3.8/site-packages/airflow/example_dags/example_setup_teardown_taskflow.py
[2023-12-19T09:20:10.429+0000] {processor.py:830} INFO - Processing file /home/airflow/.local/lib/python3.8/site-packages/airflow/example_dags/example_setup_teardown_taskflow.py for tasks to queue
[2023-12-19T09:20:10.431+0000] {logging_mixin.py:188} INFO - [2023-12-19T09:20:10.431+0000] {dagbag.py:538} INFO - Filling up the DagBag from /home/airflow/.local/lib/python3.8/site-packages/airflow/example_dags/example_setup_teardown_taskflow.py
[2023-12-19T09:20:10.437+0000] {processor.py:840} INFO - DAG(s) 'example_setup_teardown_taskflow' retrieved from /home/airflow/.local/lib/python3.8/site-packages/airflow/example_dags/example_setup_teardown_taskflow.py
[2023-12-19T09:20:10.454+0000] {logging_mixin.py:188} INFO - [2023-12-19T09:20:10.453+0000] {dag.py:3033} INFO - Sync 1 DAGs
[2023-12-19T09:20:10.468+0000] {logging_mixin.py:188} INFO - [2023-12-19T09:20:10.468+0000] {dag.py:3820} INFO - Setting next_dagrun for example_setup_teardown_taskflow to 2023-12-18T00:00:00+00:00, run_after=2023-12-19T00:00:00+00:00
[2023-12-19T09:20:10.576+0000] {processor.py:183} INFO - Processing /home/airflow/.local/lib/python3.8/site-packages/airflow/example_dags/example_setup_teardown_taskflow.py took 0.151 seconds
[2023-12-19T09:20:41.402+0000] {processor.py:161} INFO - Started process (PID=1887) to work on /home/airflow/.local/lib/python3.8/site-packages/airflow/example_dags/example_setup_teardown_taskflow.py
[2023-12-19T09:20:41.404+0000] {processor.py:830} INFO - Processing file /home/airflow/.local/lib/python3.8/site-packages/airflow/example_dags/example_setup_teardown_taskflow.py for tasks to queue
[2023-12-19T09:20:41.406+0000] {logging_mixin.py:188} INFO - [2023-12-19T09:20:41.406+0000] {dagbag.py:538} INFO - Filling up the DagBag from /home/airflow/.local/lib/python3.8/site-packages/airflow/example_dags/example_setup_teardown_taskflow.py
[2023-12-19T09:20:41.414+0000] {processor.py:840} INFO - DAG(s) 'example_setup_teardown_taskflow' retrieved from /home/airflow/.local/lib/python3.8/site-packages/airflow/example_dags/example_setup_teardown_taskflow.py
[2023-12-19T09:20:41.429+0000] {logging_mixin.py:188} INFO - [2023-12-19T09:20:41.429+0000] {dag.py:3033} INFO - Sync 1 DAGs
[2023-12-19T09:20:41.442+0000] {logging_mixin.py:188} INFO - [2023-12-19T09:20:41.442+0000] {dag.py:3820} INFO - Setting next_dagrun for example_setup_teardown_taskflow to 2023-12-18T00:00:00+00:00, run_after=2023-12-19T00:00:00+00:00
[2023-12-19T09:20:41.453+0000] {processor.py:183} INFO - Processing /home/airflow/.local/lib/python3.8/site-packages/airflow/example_dags/example_setup_teardown_taskflow.py took 0.055 seconds
[2023-12-19T09:21:12.276+0000] {processor.py:161} INFO - Started process (PID=1942) to work on /home/airflow/.local/lib/python3.8/site-packages/airflow/example_dags/example_setup_teardown_taskflow.py
[2023-12-19T09:21:12.278+0000] {processor.py:830} INFO - Processing file /home/airflow/.local/lib/python3.8/site-packages/airflow/example_dags/example_setup_teardown_taskflow.py for tasks to queue
[2023-12-19T09:21:12.281+0000] {logging_mixin.py:188} INFO - [2023-12-19T09:21:12.280+0000] {dagbag.py:538} INFO - Filling up the DagBag from /home/airflow/.local/lib/python3.8/site-packages/airflow/example_dags/example_setup_teardown_taskflow.py
[2023-12-19T09:21:12.290+0000] {processor.py:840} INFO - DAG(s) 'example_setup_teardown_taskflow' retrieved from /home/airflow/.local/lib/python3.8/site-packages/airflow/example_dags/example_setup_teardown_taskflow.py
[2023-12-19T09:21:12.305+0000] {logging_mixin.py:188} INFO - [2023-12-19T09:21:12.305+0000] {dag.py:3033} INFO - Sync 1 DAGs
[2023-12-19T09:21:12.319+0000] {logging_mixin.py:188} INFO - [2023-12-19T09:21:12.319+0000] {dag.py:3820} INFO - Setting next_dagrun for example_setup_teardown_taskflow to 2023-12-18T00:00:00+00:00, run_after=2023-12-19T00:00:00+00:00
[2023-12-19T09:21:12.332+0000] {processor.py:183} INFO - Processing /home/airflow/.local/lib/python3.8/site-packages/airflow/example_dags/example_setup_teardown_taskflow.py took 0.058 seconds
[2023-12-19T09:21:42.804+0000] {processor.py:161} INFO - Started process (PID=1997) to work on /home/airflow/.local/lib/python3.8/site-packages/airflow/example_dags/example_setup_teardown_taskflow.py
[2023-12-19T09:21:42.805+0000] {processor.py:830} INFO - Processing file /home/airflow/.local/lib/python3.8/site-packages/airflow/example_dags/example_setup_teardown_taskflow.py for tasks to queue
[2023-12-19T09:21:42.808+0000] {logging_mixin.py:188} INFO - [2023-12-19T09:21:42.808+0000] {dagbag.py:538} INFO - Filling up the DagBag from /home/airflow/.local/lib/python3.8/site-packages/airflow/example_dags/example_setup_teardown_taskflow.py
[2023-12-19T09:21:42.815+0000] {processor.py:840} INFO - DAG(s) 'example_setup_teardown_taskflow' retrieved from /home/airflow/.local/lib/python3.8/site-packages/airflow/example_dags/example_setup_teardown_taskflow.py
[2023-12-19T09:21:42.830+0000] {logging_mixin.py:188} INFO - [2023-12-19T09:21:42.830+0000] {dag.py:3033} INFO - Sync 1 DAGs
[2023-12-19T09:21:42.844+0000] {logging_mixin.py:188} INFO - [2023-12-19T09:21:42.844+0000] {dag.py:3820} INFO - Setting next_dagrun for example_setup_teardown_taskflow to 2023-12-18T00:00:00+00:00, run_after=2023-12-19T00:00:00+00:00
[2023-12-19T09:21:42.855+0000] {processor.py:183} INFO - Processing /home/airflow/.local/lib/python3.8/site-packages/airflow/example_dags/example_setup_teardown_taskflow.py took 0.054 seconds
[2023-12-19T09:22:13.564+0000] {processor.py:161} INFO - Started process (PID=2052) to work on /home/airflow/.local/lib/python3.8/site-packages/airflow/example_dags/example_setup_teardown_taskflow.py
[2023-12-19T09:22:13.566+0000] {processor.py:830} INFO - Processing file /home/airflow/.local/lib/python3.8/site-packages/airflow/example_dags/example_setup_teardown_taskflow.py for tasks to queue
[2023-12-19T09:22:13.568+0000] {logging_mixin.py:188} INFO - [2023-12-19T09:22:13.568+0000] {dagbag.py:538} INFO - Filling up the DagBag from /home/airflow/.local/lib/python3.8/site-packages/airflow/example_dags/example_setup_teardown_taskflow.py
[2023-12-19T09:22:13.575+0000] {processor.py:840} INFO - DAG(s) 'example_setup_teardown_taskflow' retrieved from /home/airflow/.local/lib/python3.8/site-packages/airflow/example_dags/example_setup_teardown_taskflow.py
[2023-12-19T09:22:13.701+0000] {logging_mixin.py:188} INFO - [2023-12-19T09:22:13.700+0000] {dag.py:3033} INFO - Sync 1 DAGs
[2023-12-19T09:22:13.713+0000] {logging_mixin.py:188} INFO - [2023-12-19T09:22:13.713+0000] {dag.py:3820} INFO - Setting next_dagrun for example_setup_teardown_taskflow to 2023-12-18T00:00:00+00:00, run_after=2023-12-19T00:00:00+00:00
[2023-12-19T09:22:13.725+0000] {processor.py:183} INFO - Processing /home/airflow/.local/lib/python3.8/site-packages/airflow/example_dags/example_setup_teardown_taskflow.py took 0.163 seconds
[2023-12-19T09:22:44.691+0000] {processor.py:161} INFO - Started process (PID=2107) to work on /home/airflow/.local/lib/python3.8/site-packages/airflow/example_dags/example_setup_teardown_taskflow.py
[2023-12-19T09:22:44.693+0000] {processor.py:830} INFO - Processing file /home/airflow/.local/lib/python3.8/site-packages/airflow/example_dags/example_setup_teardown_taskflow.py for tasks to queue
[2023-12-19T09:22:44.696+0000] {logging_mixin.py:188} INFO - [2023-12-19T09:22:44.696+0000] {dagbag.py:538} INFO - Filling up the DagBag from /home/airflow/.local/lib/python3.8/site-packages/airflow/example_dags/example_setup_teardown_taskflow.py
[2023-12-19T09:22:44.703+0000] {processor.py:840} INFO - DAG(s) 'example_setup_teardown_taskflow' retrieved from /home/airflow/.local/lib/python3.8/site-packages/airflow/example_dags/example_setup_teardown_taskflow.py
[2023-12-19T09:22:44.719+0000] {logging_mixin.py:188} INFO - [2023-12-19T09:22:44.718+0000] {dag.py:3033} INFO - Sync 1 DAGs
[2023-12-19T09:22:44.733+0000] {logging_mixin.py:188} INFO - [2023-12-19T09:22:44.733+0000] {dag.py:3820} INFO - Setting next_dagrun for example_setup_teardown_taskflow to 2023-12-18T00:00:00+00:00, run_after=2023-12-19T00:00:00+00:00
[2023-12-19T09:22:44.746+0000] {processor.py:183} INFO - Processing /home/airflow/.local/lib/python3.8/site-packages/airflow/example_dags/example_setup_teardown_taskflow.py took 0.058 seconds
[2023-12-19T09:23:15.320+0000] {processor.py:161} INFO - Started process (PID=2162) to work on /home/airflow/.local/lib/python3.8/site-packages/airflow/example_dags/example_setup_teardown_taskflow.py
[2023-12-19T09:23:15.324+0000] {processor.py:830} INFO - Processing file /home/airflow/.local/lib/python3.8/site-packages/airflow/example_dags/example_setup_teardown_taskflow.py for tasks to queue
[2023-12-19T09:23:15.328+0000] {logging_mixin.py:188} INFO - [2023-12-19T09:23:15.328+0000] {dagbag.py:538} INFO - Filling up the DagBag from /home/airflow/.local/lib/python3.8/site-packages/airflow/example_dags/example_setup_teardown_taskflow.py
[2023-12-19T09:23:15.337+0000] {processor.py:840} INFO - DAG(s) 'example_setup_teardown_taskflow' retrieved from /home/airflow/.local/lib/python3.8/site-packages/airflow/example_dags/example_setup_teardown_taskflow.py
[2023-12-19T09:23:15.358+0000] {logging_mixin.py:188} INFO - [2023-12-19T09:23:15.357+0000] {dag.py:3033} INFO - Sync 1 DAGs
[2023-12-19T09:23:15.376+0000] {logging_mixin.py:188} INFO - [2023-12-19T09:23:15.376+0000] {dag.py:3820} INFO - Setting next_dagrun for example_setup_teardown_taskflow to 2023-12-18T00:00:00+00:00, run_after=2023-12-19T00:00:00+00:00
[2023-12-19T09:23:15.388+0000] {processor.py:183} INFO - Processing /home/airflow/.local/lib/python3.8/site-packages/airflow/example_dags/example_setup_teardown_taskflow.py took 0.072 seconds
[2023-12-19T09:23:46.033+0000] {processor.py:161} INFO - Started process (PID=2217) to work on /home/airflow/.local/lib/python3.8/site-packages/airflow/example_dags/example_setup_teardown_taskflow.py
[2023-12-19T09:23:46.037+0000] {processor.py:830} INFO - Processing file /home/airflow/.local/lib/python3.8/site-packages/airflow/example_dags/example_setup_teardown_taskflow.py for tasks to queue
[2023-12-19T09:23:46.041+0000] {logging_mixin.py:188} INFO - [2023-12-19T09:23:46.041+0000] {dagbag.py:538} INFO - Filling up the DagBag from /home/airflow/.local/lib/python3.8/site-packages/airflow/example_dags/example_setup_teardown_taskflow.py
[2023-12-19T09:23:46.051+0000] {processor.py:840} INFO - DAG(s) 'example_setup_teardown_taskflow' retrieved from /home/airflow/.local/lib/python3.8/site-packages/airflow/example_dags/example_setup_teardown_taskflow.py
[2023-12-19T09:23:46.071+0000] {logging_mixin.py:188} INFO - [2023-12-19T09:23:46.070+0000] {dag.py:3033} INFO - Sync 1 DAGs
[2023-12-19T09:23:46.084+0000] {logging_mixin.py:188} INFO - [2023-12-19T09:23:46.084+0000] {dag.py:3820} INFO - Setting next_dagrun for example_setup_teardown_taskflow to 2023-12-18T00:00:00+00:00, run_after=2023-12-19T00:00:00+00:00
[2023-12-19T09:23:46.097+0000] {processor.py:183} INFO - Processing /home/airflow/.local/lib/python3.8/site-packages/airflow/example_dags/example_setup_teardown_taskflow.py took 0.069 seconds
[2023-12-19T09:24:16.599+0000] {processor.py:161} INFO - Started process (PID=2271) to work on /home/airflow/.local/lib/python3.8/site-packages/airflow/example_dags/example_setup_teardown_taskflow.py
[2023-12-19T09:24:16.602+0000] {processor.py:830} INFO - Processing file /home/airflow/.local/lib/python3.8/site-packages/airflow/example_dags/example_setup_teardown_taskflow.py for tasks to queue
[2023-12-19T09:24:16.606+0000] {logging_mixin.py:188} INFO - [2023-12-19T09:24:16.605+0000] {dagbag.py:538} INFO - Filling up the DagBag from /home/airflow/.local/lib/python3.8/site-packages/airflow/example_dags/example_setup_teardown_taskflow.py
[2023-12-19T09:24:16.615+0000] {processor.py:840} INFO - DAG(s) 'example_setup_teardown_taskflow' retrieved from /home/airflow/.local/lib/python3.8/site-packages/airflow/example_dags/example_setup_teardown_taskflow.py
[2023-12-19T09:24:16.634+0000] {logging_mixin.py:188} INFO - [2023-12-19T09:24:16.634+0000] {dag.py:3033} INFO - Sync 1 DAGs
[2023-12-19T09:24:16.649+0000] {logging_mixin.py:188} INFO - [2023-12-19T09:24:16.649+0000] {dag.py:3820} INFO - Setting next_dagrun for example_setup_teardown_taskflow to 2023-12-18T00:00:00+00:00, run_after=2023-12-19T00:00:00+00:00
[2023-12-19T09:24:16.660+0000] {processor.py:183} INFO - Processing /home/airflow/.local/lib/python3.8/site-packages/airflow/example_dags/example_setup_teardown_taskflow.py took 0.068 seconds
[2023-12-19T09:24:46.963+0000] {processor.py:161} INFO - Started process (PID=2326) to work on /home/airflow/.local/lib/python3.8/site-packages/airflow/example_dags/example_setup_teardown_taskflow.py
[2023-12-19T09:24:46.966+0000] {processor.py:830} INFO - Processing file /home/airflow/.local/lib/python3.8/site-packages/airflow/example_dags/example_setup_teardown_taskflow.py for tasks to queue
[2023-12-19T09:24:46.970+0000] {logging_mixin.py:188} INFO - [2023-12-19T09:24:46.970+0000] {dagbag.py:538} INFO - Filling up the DagBag from /home/airflow/.local/lib/python3.8/site-packages/airflow/example_dags/example_setup_teardown_taskflow.py
[2023-12-19T09:24:46.981+0000] {processor.py:840} INFO - DAG(s) 'example_setup_teardown_taskflow' retrieved from /home/airflow/.local/lib/python3.8/site-packages/airflow/example_dags/example_setup_teardown_taskflow.py
[2023-12-19T09:24:46.998+0000] {logging_mixin.py:188} INFO - [2023-12-19T09:24:46.998+0000] {dag.py:3033} INFO - Sync 1 DAGs
[2023-12-19T09:24:47.011+0000] {logging_mixin.py:188} INFO - [2023-12-19T09:24:47.011+0000] {dag.py:3820} INFO - Setting next_dagrun for example_setup_teardown_taskflow to 2023-12-18T00:00:00+00:00, run_after=2023-12-19T00:00:00+00:00
[2023-12-19T09:24:47.023+0000] {processor.py:183} INFO - Processing /home/airflow/.local/lib/python3.8/site-packages/airflow/example_dags/example_setup_teardown_taskflow.py took 0.066 seconds
[2023-12-19T09:25:17.437+0000] {processor.py:161} INFO - Started process (PID=2381) to work on /home/airflow/.local/lib/python3.8/site-packages/airflow/example_dags/example_setup_teardown_taskflow.py
[2023-12-19T09:25:17.443+0000] {processor.py:830} INFO - Processing file /home/airflow/.local/lib/python3.8/site-packages/airflow/example_dags/example_setup_teardown_taskflow.py for tasks to queue
[2023-12-19T09:25:17.448+0000] {logging_mixin.py:188} INFO - [2023-12-19T09:25:17.448+0000] {dagbag.py:538} INFO - Filling up the DagBag from /home/airflow/.local/lib/python3.8/site-packages/airflow/example_dags/example_setup_teardown_taskflow.py
[2023-12-19T09:25:17.457+0000] {processor.py:840} INFO - DAG(s) 'example_setup_teardown_taskflow' retrieved from /home/airflow/.local/lib/python3.8/site-packages/airflow/example_dags/example_setup_teardown_taskflow.py
[2023-12-19T09:25:17.473+0000] {logging_mixin.py:188} INFO - [2023-12-19T09:25:17.473+0000] {dag.py:3033} INFO - Sync 1 DAGs
[2023-12-19T09:25:17.486+0000] {logging_mixin.py:188} INFO - [2023-12-19T09:25:17.486+0000] {dag.py:3820} INFO - Setting next_dagrun for example_setup_teardown_taskflow to 2023-12-18T00:00:00+00:00, run_after=2023-12-19T00:00:00+00:00
[2023-12-19T09:25:17.498+0000] {processor.py:183} INFO - Processing /home/airflow/.local/lib/python3.8/site-packages/airflow/example_dags/example_setup_teardown_taskflow.py took 0.067 seconds
[2023-12-19T09:25:48.106+0000] {processor.py:161} INFO - Started process (PID=2436) to work on /home/airflow/.local/lib/python3.8/site-packages/airflow/example_dags/example_setup_teardown_taskflow.py
[2023-12-19T09:25:48.110+0000] {processor.py:830} INFO - Processing file /home/airflow/.local/lib/python3.8/site-packages/airflow/example_dags/example_setup_teardown_taskflow.py for tasks to queue
[2023-12-19T09:25:48.114+0000] {logging_mixin.py:188} INFO - [2023-12-19T09:25:48.114+0000] {dagbag.py:538} INFO - Filling up the DagBag from /home/airflow/.local/lib/python3.8/site-packages/airflow/example_dags/example_setup_teardown_taskflow.py
[2023-12-19T09:25:48.123+0000] {processor.py:840} INFO - DAG(s) 'example_setup_teardown_taskflow' retrieved from /home/airflow/.local/lib/python3.8/site-packages/airflow/example_dags/example_setup_teardown_taskflow.py
[2023-12-19T09:25:48.141+0000] {logging_mixin.py:188} INFO - [2023-12-19T09:25:48.141+0000] {dag.py:3033} INFO - Sync 1 DAGs
[2023-12-19T09:25:48.154+0000] {logging_mixin.py:188} INFO - [2023-12-19T09:25:48.154+0000] {dag.py:3820} INFO - Setting next_dagrun for example_setup_teardown_taskflow to 2023-12-18T00:00:00+00:00, run_after=2023-12-19T00:00:00+00:00
[2023-12-19T09:25:48.166+0000] {processor.py:183} INFO - Processing /home/airflow/.local/lib/python3.8/site-packages/airflow/example_dags/example_setup_teardown_taskflow.py took 0.067 seconds
[2023-12-19T09:26:18.532+0000] {processor.py:161} INFO - Started process (PID=2491) to work on /home/airflow/.local/lib/python3.8/site-packages/airflow/example_dags/example_setup_teardown_taskflow.py
[2023-12-19T09:26:18.535+0000] {processor.py:830} INFO - Processing file /home/airflow/.local/lib/python3.8/site-packages/airflow/example_dags/example_setup_teardown_taskflow.py for tasks to queue
[2023-12-19T09:26:18.539+0000] {logging_mixin.py:188} INFO - [2023-12-19T09:26:18.539+0000] {dagbag.py:538} INFO - Filling up the DagBag from /home/airflow/.local/lib/python3.8/site-packages/airflow/example_dags/example_setup_teardown_taskflow.py
[2023-12-19T09:26:18.547+0000] {processor.py:840} INFO - DAG(s) 'example_setup_teardown_taskflow' retrieved from /home/airflow/.local/lib/python3.8/site-packages/airflow/example_dags/example_setup_teardown_taskflow.py
[2023-12-19T09:26:18.563+0000] {logging_mixin.py:188} INFO - [2023-12-19T09:26:18.563+0000] {dag.py:3033} INFO - Sync 1 DAGs
[2023-12-19T09:26:18.576+0000] {logging_mixin.py:188} INFO - [2023-12-19T09:26:18.576+0000] {dag.py:3820} INFO - Setting next_dagrun for example_setup_teardown_taskflow to 2023-12-18T00:00:00+00:00, run_after=2023-12-19T00:00:00+00:00
[2023-12-19T09:26:18.589+0000] {processor.py:183} INFO - Processing /home/airflow/.local/lib/python3.8/site-packages/airflow/example_dags/example_setup_teardown_taskflow.py took 0.068 seconds
[2023-12-19T09:26:49.048+0000] {processor.py:161} INFO - Started process (PID=2546) to work on /home/airflow/.local/lib/python3.8/site-packages/airflow/example_dags/example_setup_teardown_taskflow.py
[2023-12-19T09:26:49.052+0000] {processor.py:830} INFO - Processing file /home/airflow/.local/lib/python3.8/site-packages/airflow/example_dags/example_setup_teardown_taskflow.py for tasks to queue
[2023-12-19T09:26:49.055+0000] {logging_mixin.py:188} INFO - [2023-12-19T09:26:49.055+0000] {dagbag.py:538} INFO - Filling up the DagBag from /home/airflow/.local/lib/python3.8/site-packages/airflow/example_dags/example_setup_teardown_taskflow.py
[2023-12-19T09:26:49.063+0000] {processor.py:840} INFO - DAG(s) 'example_setup_teardown_taskflow' retrieved from /home/airflow/.local/lib/python3.8/site-packages/airflow/example_dags/example_setup_teardown_taskflow.py
[2023-12-19T09:26:49.079+0000] {logging_mixin.py:188} INFO - [2023-12-19T09:26:49.079+0000] {dag.py:3033} INFO - Sync 1 DAGs
[2023-12-19T09:26:49.093+0000] {logging_mixin.py:188} INFO - [2023-12-19T09:26:49.092+0000] {dag.py:3820} INFO - Setting next_dagrun for example_setup_teardown_taskflow to 2023-12-18T00:00:00+00:00, run_after=2023-12-19T00:00:00+00:00
[2023-12-19T09:26:49.105+0000] {processor.py:183} INFO - Processing /home/airflow/.local/lib/python3.8/site-packages/airflow/example_dags/example_setup_teardown_taskflow.py took 0.067 seconds
