[2023-12-19T09:03:50.444+0000] {processor.py:161} INFO - Started process (PID=46) to work on /home/airflow/.local/lib/python3.8/site-packages/airflow/example_dags/example_task_group_decorator.py
[2023-12-19T09:03:50.446+0000] {processor.py:830} INFO - Processing file /home/airflow/.local/lib/python3.8/site-packages/airflow/example_dags/example_task_group_decorator.py for tasks to queue
[2023-12-19T09:03:50.450+0000] {logging_mixin.py:188} INFO - [2023-12-19T09:03:50.449+0000] {dagbag.py:538} INFO - Filling up the DagBag from /home/airflow/.local/lib/python3.8/site-packages/airflow/example_dags/example_task_group_decorator.py
[2023-12-19T09:03:50.466+0000] {processor.py:840} INFO - DAG(s) 'example_task_group_decorator' retrieved from /home/airflow/.local/lib/python3.8/site-packages/airflow/example_dags/example_task_group_decorator.py
[2023-12-19T09:03:50.482+0000] {logging_mixin.py:188} INFO - [2023-12-19T09:03:50.482+0000] {dag.py:3033} INFO - Sync 1 DAGs
[2023-12-19T09:03:50.508+0000] {logging_mixin.py:188} INFO - [2023-12-19T09:03:50.508+0000] {dag.py:3820} INFO - Setting next_dagrun for example_task_group_decorator to 2023-12-18T00:00:00+00:00, run_after=2023-12-19T00:00:00+00:00
[2023-12-19T09:03:50.524+0000] {processor.py:183} INFO - Processing /home/airflow/.local/lib/python3.8/site-packages/airflow/example_dags/example_task_group_decorator.py took 0.085 seconds
[2023-12-19T09:04:21.623+0000] {processor.py:161} INFO - Started process (PID=102) to work on /home/airflow/.local/lib/python3.8/site-packages/airflow/example_dags/example_task_group_decorator.py
[2023-12-19T09:04:21.625+0000] {processor.py:830} INFO - Processing file /home/airflow/.local/lib/python3.8/site-packages/airflow/example_dags/example_task_group_decorator.py for tasks to queue
[2023-12-19T09:04:21.627+0000] {logging_mixin.py:188} INFO - [2023-12-19T09:04:21.627+0000] {dagbag.py:538} INFO - Filling up the DagBag from /home/airflow/.local/lib/python3.8/site-packages/airflow/example_dags/example_task_group_decorator.py
[2023-12-19T09:04:21.638+0000] {processor.py:840} INFO - DAG(s) 'example_task_group_decorator' retrieved from /home/airflow/.local/lib/python3.8/site-packages/airflow/example_dags/example_task_group_decorator.py
[2023-12-19T09:04:21.715+0000] {logging_mixin.py:188} INFO - [2023-12-19T09:04:21.714+0000] {dag.py:3033} INFO - Sync 1 DAGs
[2023-12-19T09:04:21.730+0000] {logging_mixin.py:188} INFO - [2023-12-19T09:04:21.730+0000] {dag.py:3820} INFO - Setting next_dagrun for example_task_group_decorator to 2023-12-18T00:00:00+00:00, run_after=2023-12-19T00:00:00+00:00
[2023-12-19T09:04:21.745+0000] {processor.py:183} INFO - Processing /home/airflow/.local/lib/python3.8/site-packages/airflow/example_dags/example_task_group_decorator.py took 0.125 seconds
[2023-12-19T09:04:52.093+0000] {processor.py:161} INFO - Started process (PID=156) to work on /home/airflow/.local/lib/python3.8/site-packages/airflow/example_dags/example_task_group_decorator.py
[2023-12-19T09:04:52.095+0000] {processor.py:830} INFO - Processing file /home/airflow/.local/lib/python3.8/site-packages/airflow/example_dags/example_task_group_decorator.py for tasks to queue
[2023-12-19T09:04:52.098+0000] {logging_mixin.py:188} INFO - [2023-12-19T09:04:52.098+0000] {dagbag.py:538} INFO - Filling up the DagBag from /home/airflow/.local/lib/python3.8/site-packages/airflow/example_dags/example_task_group_decorator.py
[2023-12-19T09:04:52.110+0000] {processor.py:840} INFO - DAG(s) 'example_task_group_decorator' retrieved from /home/airflow/.local/lib/python3.8/site-packages/airflow/example_dags/example_task_group_decorator.py
[2023-12-19T09:04:52.132+0000] {logging_mixin.py:188} INFO - [2023-12-19T09:04:52.131+0000] {dag.py:3033} INFO - Sync 1 DAGs
[2023-12-19T09:04:52.149+0000] {logging_mixin.py:188} INFO - [2023-12-19T09:04:52.149+0000] {dag.py:3820} INFO - Setting next_dagrun for example_task_group_decorator to 2023-12-18T00:00:00+00:00, run_after=2023-12-19T00:00:00+00:00
[2023-12-19T09:04:52.165+0000] {processor.py:183} INFO - Processing /home/airflow/.local/lib/python3.8/site-packages/airflow/example_dags/example_task_group_decorator.py took 0.075 seconds
[2023-12-19T09:05:22.265+0000] {processor.py:161} INFO - Started process (PID=211) to work on /home/airflow/.local/lib/python3.8/site-packages/airflow/example_dags/example_task_group_decorator.py
[2023-12-19T09:05:22.266+0000] {processor.py:830} INFO - Processing file /home/airflow/.local/lib/python3.8/site-packages/airflow/example_dags/example_task_group_decorator.py for tasks to queue
[2023-12-19T09:05:22.269+0000] {logging_mixin.py:188} INFO - [2023-12-19T09:05:22.269+0000] {dagbag.py:538} INFO - Filling up the DagBag from /home/airflow/.local/lib/python3.8/site-packages/airflow/example_dags/example_task_group_decorator.py
[2023-12-19T09:05:22.280+0000] {processor.py:840} INFO - DAG(s) 'example_task_group_decorator' retrieved from /home/airflow/.local/lib/python3.8/site-packages/airflow/example_dags/example_task_group_decorator.py
[2023-12-19T09:05:22.300+0000] {logging_mixin.py:188} INFO - [2023-12-19T09:05:22.300+0000] {dag.py:3033} INFO - Sync 1 DAGs
[2023-12-19T09:05:22.316+0000] {logging_mixin.py:188} INFO - [2023-12-19T09:05:22.316+0000] {dag.py:3820} INFO - Setting next_dagrun for example_task_group_decorator to 2023-12-18T00:00:00+00:00, run_after=2023-12-19T00:00:00+00:00
[2023-12-19T09:05:22.329+0000] {processor.py:183} INFO - Processing /home/airflow/.local/lib/python3.8/site-packages/airflow/example_dags/example_task_group_decorator.py took 0.068 seconds
[2023-12-19T09:05:52.740+0000] {processor.py:161} INFO - Started process (PID=266) to work on /home/airflow/.local/lib/python3.8/site-packages/airflow/example_dags/example_task_group_decorator.py
[2023-12-19T09:05:52.742+0000] {processor.py:830} INFO - Processing file /home/airflow/.local/lib/python3.8/site-packages/airflow/example_dags/example_task_group_decorator.py for tasks to queue
[2023-12-19T09:05:52.744+0000] {logging_mixin.py:188} INFO - [2023-12-19T09:05:52.744+0000] {dagbag.py:538} INFO - Filling up the DagBag from /home/airflow/.local/lib/python3.8/site-packages/airflow/example_dags/example_task_group_decorator.py
[2023-12-19T09:05:52.764+0000] {processor.py:840} INFO - DAG(s) 'example_task_group_decorator' retrieved from /home/airflow/.local/lib/python3.8/site-packages/airflow/example_dags/example_task_group_decorator.py
[2023-12-19T09:05:52.792+0000] {logging_mixin.py:188} INFO - [2023-12-19T09:05:52.792+0000] {dag.py:3033} INFO - Sync 1 DAGs
[2023-12-19T09:05:52.808+0000] {logging_mixin.py:188} INFO - [2023-12-19T09:05:52.808+0000] {dag.py:3820} INFO - Setting next_dagrun for example_task_group_decorator to 2023-12-18T00:00:00+00:00, run_after=2023-12-19T00:00:00+00:00
[2023-12-19T09:05:52.823+0000] {processor.py:183} INFO - Processing /home/airflow/.local/lib/python3.8/site-packages/airflow/example_dags/example_task_group_decorator.py took 0.087 seconds
[2023-12-19T09:06:23.406+0000] {processor.py:161} INFO - Started process (PID=321) to work on /home/airflow/.local/lib/python3.8/site-packages/airflow/example_dags/example_task_group_decorator.py
[2023-12-19T09:06:23.408+0000] {processor.py:830} INFO - Processing file /home/airflow/.local/lib/python3.8/site-packages/airflow/example_dags/example_task_group_decorator.py for tasks to queue
[2023-12-19T09:06:23.411+0000] {logging_mixin.py:188} INFO - [2023-12-19T09:06:23.411+0000] {dagbag.py:538} INFO - Filling up the DagBag from /home/airflow/.local/lib/python3.8/site-packages/airflow/example_dags/example_task_group_decorator.py
[2023-12-19T09:06:23.423+0000] {processor.py:840} INFO - DAG(s) 'example_task_group_decorator' retrieved from /home/airflow/.local/lib/python3.8/site-packages/airflow/example_dags/example_task_group_decorator.py
[2023-12-19T09:06:23.444+0000] {logging_mixin.py:188} INFO - [2023-12-19T09:06:23.444+0000] {dag.py:3033} INFO - Sync 1 DAGs
[2023-12-19T09:06:23.460+0000] {logging_mixin.py:188} INFO - [2023-12-19T09:06:23.460+0000] {dag.py:3820} INFO - Setting next_dagrun for example_task_group_decorator to 2023-12-18T00:00:00+00:00, run_after=2023-12-19T00:00:00+00:00
[2023-12-19T09:06:23.477+0000] {processor.py:183} INFO - Processing /home/airflow/.local/lib/python3.8/site-packages/airflow/example_dags/example_task_group_decorator.py took 0.074 seconds
[2023-12-19T09:06:54.224+0000] {processor.py:161} INFO - Started process (PID=376) to work on /home/airflow/.local/lib/python3.8/site-packages/airflow/example_dags/example_task_group_decorator.py
[2023-12-19T09:06:54.225+0000] {processor.py:830} INFO - Processing file /home/airflow/.local/lib/python3.8/site-packages/airflow/example_dags/example_task_group_decorator.py for tasks to queue
[2023-12-19T09:06:54.227+0000] {logging_mixin.py:188} INFO - [2023-12-19T09:06:54.227+0000] {dagbag.py:538} INFO - Filling up the DagBag from /home/airflow/.local/lib/python3.8/site-packages/airflow/example_dags/example_task_group_decorator.py
[2023-12-19T09:06:54.238+0000] {processor.py:840} INFO - DAG(s) 'example_task_group_decorator' retrieved from /home/airflow/.local/lib/python3.8/site-packages/airflow/example_dags/example_task_group_decorator.py
[2023-12-19T09:06:54.259+0000] {logging_mixin.py:188} INFO - [2023-12-19T09:06:54.259+0000] {dag.py:3033} INFO - Sync 1 DAGs
[2023-12-19T09:06:54.276+0000] {logging_mixin.py:188} INFO - [2023-12-19T09:06:54.276+0000] {dag.py:3820} INFO - Setting next_dagrun for example_task_group_decorator to 2023-12-18T00:00:00+00:00, run_after=2023-12-19T00:00:00+00:00
[2023-12-19T09:06:54.291+0000] {processor.py:183} INFO - Processing /home/airflow/.local/lib/python3.8/site-packages/airflow/example_dags/example_task_group_decorator.py took 0.070 seconds
[2023-12-19T09:07:25.033+0000] {processor.py:161} INFO - Started process (PID=431) to work on /home/airflow/.local/lib/python3.8/site-packages/airflow/example_dags/example_task_group_decorator.py
[2023-12-19T09:07:25.035+0000] {processor.py:830} INFO - Processing file /home/airflow/.local/lib/python3.8/site-packages/airflow/example_dags/example_task_group_decorator.py for tasks to queue
[2023-12-19T09:07:25.037+0000] {logging_mixin.py:188} INFO - [2023-12-19T09:07:25.037+0000] {dagbag.py:538} INFO - Filling up the DagBag from /home/airflow/.local/lib/python3.8/site-packages/airflow/example_dags/example_task_group_decorator.py
[2023-12-19T09:07:25.049+0000] {processor.py:840} INFO - DAG(s) 'example_task_group_decorator' retrieved from /home/airflow/.local/lib/python3.8/site-packages/airflow/example_dags/example_task_group_decorator.py
[2023-12-19T09:07:25.071+0000] {logging_mixin.py:188} INFO - [2023-12-19T09:07:25.071+0000] {dag.py:3033} INFO - Sync 1 DAGs
[2023-12-19T09:07:25.088+0000] {logging_mixin.py:188} INFO - [2023-12-19T09:07:25.088+0000] {dag.py:3820} INFO - Setting next_dagrun for example_task_group_decorator to 2023-12-18T00:00:00+00:00, run_after=2023-12-19T00:00:00+00:00
[2023-12-19T09:07:25.102+0000] {processor.py:183} INFO - Processing /home/airflow/.local/lib/python3.8/site-packages/airflow/example_dags/example_task_group_decorator.py took 0.071 seconds
[2023-12-19T09:07:55.819+0000] {processor.py:161} INFO - Started process (PID=486) to work on /home/airflow/.local/lib/python3.8/site-packages/airflow/example_dags/example_task_group_decorator.py
[2023-12-19T09:07:55.821+0000] {processor.py:830} INFO - Processing file /home/airflow/.local/lib/python3.8/site-packages/airflow/example_dags/example_task_group_decorator.py for tasks to queue
[2023-12-19T09:07:55.823+0000] {logging_mixin.py:188} INFO - [2023-12-19T09:07:55.823+0000] {dagbag.py:538} INFO - Filling up the DagBag from /home/airflow/.local/lib/python3.8/site-packages/airflow/example_dags/example_task_group_decorator.py
[2023-12-19T09:07:55.833+0000] {processor.py:840} INFO - DAG(s) 'example_task_group_decorator' retrieved from /home/airflow/.local/lib/python3.8/site-packages/airflow/example_dags/example_task_group_decorator.py
[2023-12-19T09:07:55.853+0000] {logging_mixin.py:188} INFO - [2023-12-19T09:07:55.853+0000] {dag.py:3033} INFO - Sync 1 DAGs
[2023-12-19T09:07:55.870+0000] {logging_mixin.py:188} INFO - [2023-12-19T09:07:55.869+0000] {dag.py:3820} INFO - Setting next_dagrun for example_task_group_decorator to 2023-12-18T00:00:00+00:00, run_after=2023-12-19T00:00:00+00:00
[2023-12-19T09:07:55.887+0000] {processor.py:183} INFO - Processing /home/airflow/.local/lib/python3.8/site-packages/airflow/example_dags/example_task_group_decorator.py took 0.071 seconds
[2023-12-19T09:08:26.668+0000] {processor.py:161} INFO - Started process (PID=541) to work on /home/airflow/.local/lib/python3.8/site-packages/airflow/example_dags/example_task_group_decorator.py
[2023-12-19T09:08:26.670+0000] {processor.py:830} INFO - Processing file /home/airflow/.local/lib/python3.8/site-packages/airflow/example_dags/example_task_group_decorator.py for tasks to queue
[2023-12-19T09:08:26.672+0000] {logging_mixin.py:188} INFO - [2023-12-19T09:08:26.672+0000] {dagbag.py:538} INFO - Filling up the DagBag from /home/airflow/.local/lib/python3.8/site-packages/airflow/example_dags/example_task_group_decorator.py
[2023-12-19T09:08:26.683+0000] {processor.py:840} INFO - DAG(s) 'example_task_group_decorator' retrieved from /home/airflow/.local/lib/python3.8/site-packages/airflow/example_dags/example_task_group_decorator.py
[2023-12-19T09:08:26.704+0000] {logging_mixin.py:188} INFO - [2023-12-19T09:08:26.704+0000] {dag.py:3033} INFO - Sync 1 DAGs
[2023-12-19T09:08:26.722+0000] {logging_mixin.py:188} INFO - [2023-12-19T09:08:26.722+0000] {dag.py:3820} INFO - Setting next_dagrun for example_task_group_decorator to 2023-12-18T00:00:00+00:00, run_after=2023-12-19T00:00:00+00:00
[2023-12-19T09:08:26.736+0000] {processor.py:183} INFO - Processing /home/airflow/.local/lib/python3.8/site-packages/airflow/example_dags/example_task_group_decorator.py took 0.071 seconds
[2023-12-19T09:08:56.906+0000] {processor.py:161} INFO - Started process (PID=596) to work on /home/airflow/.local/lib/python3.8/site-packages/airflow/example_dags/example_task_group_decorator.py
[2023-12-19T09:08:56.908+0000] {processor.py:830} INFO - Processing file /home/airflow/.local/lib/python3.8/site-packages/airflow/example_dags/example_task_group_decorator.py for tasks to queue
[2023-12-19T09:08:56.911+0000] {logging_mixin.py:188} INFO - [2023-12-19T09:08:56.910+0000] {dagbag.py:538} INFO - Filling up the DagBag from /home/airflow/.local/lib/python3.8/site-packages/airflow/example_dags/example_task_group_decorator.py
[2023-12-19T09:08:56.921+0000] {processor.py:840} INFO - DAG(s) 'example_task_group_decorator' retrieved from /home/airflow/.local/lib/python3.8/site-packages/airflow/example_dags/example_task_group_decorator.py
[2023-12-19T09:08:56.942+0000] {logging_mixin.py:188} INFO - [2023-12-19T09:08:56.942+0000] {dag.py:3033} INFO - Sync 1 DAGs
[2023-12-19T09:08:56.958+0000] {logging_mixin.py:188} INFO - [2023-12-19T09:08:56.958+0000] {dag.py:3820} INFO - Setting next_dagrun for example_task_group_decorator to 2023-12-18T00:00:00+00:00, run_after=2023-12-19T00:00:00+00:00
[2023-12-19T09:08:56.972+0000] {processor.py:183} INFO - Processing /home/airflow/.local/lib/python3.8/site-packages/airflow/example_dags/example_task_group_decorator.py took 0.069 seconds
[2023-12-19T09:09:27.139+0000] {processor.py:161} INFO - Started process (PID=651) to work on /home/airflow/.local/lib/python3.8/site-packages/airflow/example_dags/example_task_group_decorator.py
[2023-12-19T09:09:27.141+0000] {processor.py:830} INFO - Processing file /home/airflow/.local/lib/python3.8/site-packages/airflow/example_dags/example_task_group_decorator.py for tasks to queue
[2023-12-19T09:09:27.143+0000] {logging_mixin.py:188} INFO - [2023-12-19T09:09:27.143+0000] {dagbag.py:538} INFO - Filling up the DagBag from /home/airflow/.local/lib/python3.8/site-packages/airflow/example_dags/example_task_group_decorator.py
[2023-12-19T09:09:27.153+0000] {processor.py:840} INFO - DAG(s) 'example_task_group_decorator' retrieved from /home/airflow/.local/lib/python3.8/site-packages/airflow/example_dags/example_task_group_decorator.py
[2023-12-19T09:09:27.174+0000] {logging_mixin.py:188} INFO - [2023-12-19T09:09:27.174+0000] {dag.py:3033} INFO - Sync 1 DAGs
[2023-12-19T09:09:27.191+0000] {logging_mixin.py:188} INFO - [2023-12-19T09:09:27.191+0000] {dag.py:3820} INFO - Setting next_dagrun for example_task_group_decorator to 2023-12-18T00:00:00+00:00, run_after=2023-12-19T00:00:00+00:00
[2023-12-19T09:09:27.210+0000] {processor.py:183} INFO - Processing /home/airflow/.local/lib/python3.8/site-packages/airflow/example_dags/example_task_group_decorator.py took 0.074 seconds
[2023-12-19T09:09:57.375+0000] {processor.py:161} INFO - Started process (PID=706) to work on /home/airflow/.local/lib/python3.8/site-packages/airflow/example_dags/example_task_group_decorator.py
[2023-12-19T09:09:57.377+0000] {processor.py:830} INFO - Processing file /home/airflow/.local/lib/python3.8/site-packages/airflow/example_dags/example_task_group_decorator.py for tasks to queue
[2023-12-19T09:09:57.380+0000] {logging_mixin.py:188} INFO - [2023-12-19T09:09:57.380+0000] {dagbag.py:538} INFO - Filling up the DagBag from /home/airflow/.local/lib/python3.8/site-packages/airflow/example_dags/example_task_group_decorator.py
[2023-12-19T09:09:57.393+0000] {processor.py:840} INFO - DAG(s) 'example_task_group_decorator' retrieved from /home/airflow/.local/lib/python3.8/site-packages/airflow/example_dags/example_task_group_decorator.py
[2023-12-19T09:09:57.418+0000] {logging_mixin.py:188} INFO - [2023-12-19T09:09:57.417+0000] {dag.py:3033} INFO - Sync 1 DAGs
[2023-12-19T09:09:57.435+0000] {logging_mixin.py:188} INFO - [2023-12-19T09:09:57.435+0000] {dag.py:3820} INFO - Setting next_dagrun for example_task_group_decorator to 2023-12-18T00:00:00+00:00, run_after=2023-12-19T00:00:00+00:00
[2023-12-19T09:09:57.449+0000] {processor.py:183} INFO - Processing /home/airflow/.local/lib/python3.8/site-packages/airflow/example_dags/example_task_group_decorator.py took 0.077 seconds
[2023-12-19T09:10:27.688+0000] {processor.py:161} INFO - Started process (PID=762) to work on /home/airflow/.local/lib/python3.8/site-packages/airflow/example_dags/example_task_group_decorator.py
[2023-12-19T09:10:27.690+0000] {processor.py:830} INFO - Processing file /home/airflow/.local/lib/python3.8/site-packages/airflow/example_dags/example_task_group_decorator.py for tasks to queue
[2023-12-19T09:10:27.693+0000] {logging_mixin.py:188} INFO - [2023-12-19T09:10:27.693+0000] {dagbag.py:538} INFO - Filling up the DagBag from /home/airflow/.local/lib/python3.8/site-packages/airflow/example_dags/example_task_group_decorator.py
[2023-12-19T09:10:27.705+0000] {processor.py:840} INFO - DAG(s) 'example_task_group_decorator' retrieved from /home/airflow/.local/lib/python3.8/site-packages/airflow/example_dags/example_task_group_decorator.py
[2023-12-19T09:10:27.724+0000] {logging_mixin.py:188} INFO - [2023-12-19T09:10:27.724+0000] {dag.py:3033} INFO - Sync 1 DAGs
[2023-12-19T09:10:27.741+0000] {logging_mixin.py:188} INFO - [2023-12-19T09:10:27.741+0000] {dag.py:3820} INFO - Setting next_dagrun for example_task_group_decorator to 2023-12-18T00:00:00+00:00, run_after=2023-12-19T00:00:00+00:00
[2023-12-19T09:10:27.759+0000] {processor.py:183} INFO - Processing /home/airflow/.local/lib/python3.8/site-packages/airflow/example_dags/example_task_group_decorator.py took 0.074 seconds
[2023-12-19T09:10:57.795+0000] {processor.py:161} INFO - Started process (PID=817) to work on /home/airflow/.local/lib/python3.8/site-packages/airflow/example_dags/example_task_group_decorator.py
[2023-12-19T09:10:57.797+0000] {processor.py:830} INFO - Processing file /home/airflow/.local/lib/python3.8/site-packages/airflow/example_dags/example_task_group_decorator.py for tasks to queue
[2023-12-19T09:10:57.799+0000] {logging_mixin.py:188} INFO - [2023-12-19T09:10:57.799+0000] {dagbag.py:538} INFO - Filling up the DagBag from /home/airflow/.local/lib/python3.8/site-packages/airflow/example_dags/example_task_group_decorator.py
[2023-12-19T09:10:57.809+0000] {processor.py:840} INFO - DAG(s) 'example_task_group_decorator' retrieved from /home/airflow/.local/lib/python3.8/site-packages/airflow/example_dags/example_task_group_decorator.py
[2023-12-19T09:10:57.828+0000] {logging_mixin.py:188} INFO - [2023-12-19T09:10:57.828+0000] {dag.py:3033} INFO - Sync 1 DAGs
[2023-12-19T09:10:57.843+0000] {logging_mixin.py:188} INFO - [2023-12-19T09:10:57.843+0000] {dag.py:3820} INFO - Setting next_dagrun for example_task_group_decorator to 2023-12-18T00:00:00+00:00, run_after=2023-12-19T00:00:00+00:00
[2023-12-19T09:10:57.860+0000] {processor.py:183} INFO - Processing /home/airflow/.local/lib/python3.8/site-packages/airflow/example_dags/example_task_group_decorator.py took 0.068 seconds
[2023-12-19T09:11:28.238+0000] {processor.py:161} INFO - Started process (PID=872) to work on /home/airflow/.local/lib/python3.8/site-packages/airflow/example_dags/example_task_group_decorator.py
[2023-12-19T09:11:28.240+0000] {processor.py:830} INFO - Processing file /home/airflow/.local/lib/python3.8/site-packages/airflow/example_dags/example_task_group_decorator.py for tasks to queue
[2023-12-19T09:11:28.243+0000] {logging_mixin.py:188} INFO - [2023-12-19T09:11:28.242+0000] {dagbag.py:538} INFO - Filling up the DagBag from /home/airflow/.local/lib/python3.8/site-packages/airflow/example_dags/example_task_group_decorator.py
[2023-12-19T09:11:28.253+0000] {processor.py:840} INFO - DAG(s) 'example_task_group_decorator' retrieved from /home/airflow/.local/lib/python3.8/site-packages/airflow/example_dags/example_task_group_decorator.py
[2023-12-19T09:11:28.274+0000] {logging_mixin.py:188} INFO - [2023-12-19T09:11:28.274+0000] {dag.py:3033} INFO - Sync 1 DAGs
[2023-12-19T09:11:28.291+0000] {logging_mixin.py:188} INFO - [2023-12-19T09:11:28.291+0000] {dag.py:3820} INFO - Setting next_dagrun for example_task_group_decorator to 2023-12-18T00:00:00+00:00, run_after=2023-12-19T00:00:00+00:00
[2023-12-19T09:11:28.312+0000] {processor.py:183} INFO - Processing /home/airflow/.local/lib/python3.8/site-packages/airflow/example_dags/example_task_group_decorator.py took 0.077 seconds
[2023-12-19T09:11:58.990+0000] {processor.py:161} INFO - Started process (PID=927) to work on /home/airflow/.local/lib/python3.8/site-packages/airflow/example_dags/example_task_group_decorator.py
[2023-12-19T09:11:58.992+0000] {processor.py:830} INFO - Processing file /home/airflow/.local/lib/python3.8/site-packages/airflow/example_dags/example_task_group_decorator.py for tasks to queue
[2023-12-19T09:11:58.994+0000] {logging_mixin.py:188} INFO - [2023-12-19T09:11:58.993+0000] {dagbag.py:538} INFO - Filling up the DagBag from /home/airflow/.local/lib/python3.8/site-packages/airflow/example_dags/example_task_group_decorator.py
[2023-12-19T09:11:59.003+0000] {processor.py:840} INFO - DAG(s) 'example_task_group_decorator' retrieved from /home/airflow/.local/lib/python3.8/site-packages/airflow/example_dags/example_task_group_decorator.py
[2023-12-19T09:11:59.022+0000] {logging_mixin.py:188} INFO - [2023-12-19T09:11:59.022+0000] {dag.py:3033} INFO - Sync 1 DAGs
[2023-12-19T09:11:59.040+0000] {logging_mixin.py:188} INFO - [2023-12-19T09:11:59.040+0000] {dag.py:3820} INFO - Setting next_dagrun for example_task_group_decorator to 2023-12-18T00:00:00+00:00, run_after=2023-12-19T00:00:00+00:00
[2023-12-19T09:11:59.058+0000] {processor.py:183} INFO - Processing /home/airflow/.local/lib/python3.8/site-packages/airflow/example_dags/example_task_group_decorator.py took 0.071 seconds
[2023-12-19T09:12:29.595+0000] {processor.py:161} INFO - Started process (PID=983) to work on /home/airflow/.local/lib/python3.8/site-packages/airflow/example_dags/example_task_group_decorator.py
[2023-12-19T09:12:29.596+0000] {processor.py:830} INFO - Processing file /home/airflow/.local/lib/python3.8/site-packages/airflow/example_dags/example_task_group_decorator.py for tasks to queue
[2023-12-19T09:12:29.599+0000] {logging_mixin.py:188} INFO - [2023-12-19T09:12:29.599+0000] {dagbag.py:538} INFO - Filling up the DagBag from /home/airflow/.local/lib/python3.8/site-packages/airflow/example_dags/example_task_group_decorator.py
[2023-12-19T09:12:29.607+0000] {processor.py:840} INFO - DAG(s) 'example_task_group_decorator' retrieved from /home/airflow/.local/lib/python3.8/site-packages/airflow/example_dags/example_task_group_decorator.py
[2023-12-19T09:12:29.625+0000] {logging_mixin.py:188} INFO - [2023-12-19T09:12:29.625+0000] {dag.py:3033} INFO - Sync 1 DAGs
[2023-12-19T09:12:29.641+0000] {logging_mixin.py:188} INFO - [2023-12-19T09:12:29.641+0000] {dag.py:3820} INFO - Setting next_dagrun for example_task_group_decorator to 2023-12-18T00:00:00+00:00, run_after=2023-12-19T00:00:00+00:00
[2023-12-19T09:12:29.655+0000] {processor.py:183} INFO - Processing /home/airflow/.local/lib/python3.8/site-packages/airflow/example_dags/example_task_group_decorator.py took 0.063 seconds
[2023-12-19T09:13:00.100+0000] {processor.py:161} INFO - Started process (PID=1038) to work on /home/airflow/.local/lib/python3.8/site-packages/airflow/example_dags/example_task_group_decorator.py
[2023-12-19T09:13:00.102+0000] {processor.py:830} INFO - Processing file /home/airflow/.local/lib/python3.8/site-packages/airflow/example_dags/example_task_group_decorator.py for tasks to queue
[2023-12-19T09:13:00.104+0000] {logging_mixin.py:188} INFO - [2023-12-19T09:13:00.104+0000] {dagbag.py:538} INFO - Filling up the DagBag from /home/airflow/.local/lib/python3.8/site-packages/airflow/example_dags/example_task_group_decorator.py
[2023-12-19T09:13:00.112+0000] {processor.py:840} INFO - DAG(s) 'example_task_group_decorator' retrieved from /home/airflow/.local/lib/python3.8/site-packages/airflow/example_dags/example_task_group_decorator.py
[2023-12-19T09:13:00.129+0000] {logging_mixin.py:188} INFO - [2023-12-19T09:13:00.129+0000] {dag.py:3033} INFO - Sync 1 DAGs
[2023-12-19T09:13:00.147+0000] {logging_mixin.py:188} INFO - [2023-12-19T09:13:00.147+0000] {dag.py:3820} INFO - Setting next_dagrun for example_task_group_decorator to 2023-12-18T00:00:00+00:00, run_after=2023-12-19T00:00:00+00:00
[2023-12-19T09:13:00.162+0000] {processor.py:183} INFO - Processing /home/airflow/.local/lib/python3.8/site-packages/airflow/example_dags/example_task_group_decorator.py took 0.065 seconds
[2023-12-19T09:13:30.581+0000] {processor.py:161} INFO - Started process (PID=1093) to work on /home/airflow/.local/lib/python3.8/site-packages/airflow/example_dags/example_task_group_decorator.py
[2023-12-19T09:13:30.583+0000] {processor.py:830} INFO - Processing file /home/airflow/.local/lib/python3.8/site-packages/airflow/example_dags/example_task_group_decorator.py for tasks to queue
[2023-12-19T09:13:30.585+0000] {logging_mixin.py:188} INFO - [2023-12-19T09:13:30.585+0000] {dagbag.py:538} INFO - Filling up the DagBag from /home/airflow/.local/lib/python3.8/site-packages/airflow/example_dags/example_task_group_decorator.py
[2023-12-19T09:13:30.595+0000] {processor.py:840} INFO - DAG(s) 'example_task_group_decorator' retrieved from /home/airflow/.local/lib/python3.8/site-packages/airflow/example_dags/example_task_group_decorator.py
[2023-12-19T09:13:30.615+0000] {logging_mixin.py:188} INFO - [2023-12-19T09:13:30.614+0000] {dag.py:3033} INFO - Sync 1 DAGs
[2023-12-19T09:13:30.635+0000] {logging_mixin.py:188} INFO - [2023-12-19T09:13:30.635+0000] {dag.py:3820} INFO - Setting next_dagrun for example_task_group_decorator to 2023-12-18T00:00:00+00:00, run_after=2023-12-19T00:00:00+00:00
[2023-12-19T09:13:30.647+0000] {processor.py:183} INFO - Processing /home/airflow/.local/lib/python3.8/site-packages/airflow/example_dags/example_task_group_decorator.py took 0.069 seconds
[2023-12-19T09:14:01.245+0000] {processor.py:161} INFO - Started process (PID=1148) to work on /home/airflow/.local/lib/python3.8/site-packages/airflow/example_dags/example_task_group_decorator.py
[2023-12-19T09:14:01.247+0000] {processor.py:830} INFO - Processing file /home/airflow/.local/lib/python3.8/site-packages/airflow/example_dags/example_task_group_decorator.py for tasks to queue
[2023-12-19T09:14:01.249+0000] {logging_mixin.py:188} INFO - [2023-12-19T09:14:01.249+0000] {dagbag.py:538} INFO - Filling up the DagBag from /home/airflow/.local/lib/python3.8/site-packages/airflow/example_dags/example_task_group_decorator.py
[2023-12-19T09:14:01.258+0000] {processor.py:840} INFO - DAG(s) 'example_task_group_decorator' retrieved from /home/airflow/.local/lib/python3.8/site-packages/airflow/example_dags/example_task_group_decorator.py
[2023-12-19T09:14:01.274+0000] {logging_mixin.py:188} INFO - [2023-12-19T09:14:01.274+0000] {dag.py:3033} INFO - Sync 1 DAGs
[2023-12-19T09:14:01.288+0000] {logging_mixin.py:188} INFO - [2023-12-19T09:14:01.287+0000] {dag.py:3820} INFO - Setting next_dagrun for example_task_group_decorator to 2023-12-18T00:00:00+00:00, run_after=2023-12-19T00:00:00+00:00
[2023-12-19T09:14:01.302+0000] {processor.py:183} INFO - Processing /home/airflow/.local/lib/python3.8/site-packages/airflow/example_dags/example_task_group_decorator.py took 0.059 seconds
[2023-12-19T09:14:31.746+0000] {processor.py:161} INFO - Started process (PID=1203) to work on /home/airflow/.local/lib/python3.8/site-packages/airflow/example_dags/example_task_group_decorator.py
[2023-12-19T09:14:31.748+0000] {processor.py:830} INFO - Processing file /home/airflow/.local/lib/python3.8/site-packages/airflow/example_dags/example_task_group_decorator.py for tasks to queue
[2023-12-19T09:14:31.751+0000] {logging_mixin.py:188} INFO - [2023-12-19T09:14:31.751+0000] {dagbag.py:538} INFO - Filling up the DagBag from /home/airflow/.local/lib/python3.8/site-packages/airflow/example_dags/example_task_group_decorator.py
[2023-12-19T09:14:31.760+0000] {processor.py:840} INFO - DAG(s) 'example_task_group_decorator' retrieved from /home/airflow/.local/lib/python3.8/site-packages/airflow/example_dags/example_task_group_decorator.py
[2023-12-19T09:14:31.777+0000] {logging_mixin.py:188} INFO - [2023-12-19T09:14:31.776+0000] {dag.py:3033} INFO - Sync 1 DAGs
[2023-12-19T09:14:31.791+0000] {logging_mixin.py:188} INFO - [2023-12-19T09:14:31.791+0000] {dag.py:3820} INFO - Setting next_dagrun for example_task_group_decorator to 2023-12-18T00:00:00+00:00, run_after=2023-12-19T00:00:00+00:00
[2023-12-19T09:14:31.805+0000] {processor.py:183} INFO - Processing /home/airflow/.local/lib/python3.8/site-packages/airflow/example_dags/example_task_group_decorator.py took 0.062 seconds
[2023-12-19T09:15:02.201+0000] {processor.py:161} INFO - Started process (PID=1258) to work on /home/airflow/.local/lib/python3.8/site-packages/airflow/example_dags/example_task_group_decorator.py
[2023-12-19T09:15:02.203+0000] {processor.py:830} INFO - Processing file /home/airflow/.local/lib/python3.8/site-packages/airflow/example_dags/example_task_group_decorator.py for tasks to queue
[2023-12-19T09:15:02.205+0000] {logging_mixin.py:188} INFO - [2023-12-19T09:15:02.205+0000] {dagbag.py:538} INFO - Filling up the DagBag from /home/airflow/.local/lib/python3.8/site-packages/airflow/example_dags/example_task_group_decorator.py
[2023-12-19T09:15:02.213+0000] {processor.py:840} INFO - DAG(s) 'example_task_group_decorator' retrieved from /home/airflow/.local/lib/python3.8/site-packages/airflow/example_dags/example_task_group_decorator.py
[2023-12-19T09:15:02.230+0000] {logging_mixin.py:188} INFO - [2023-12-19T09:15:02.230+0000] {dag.py:3033} INFO - Sync 1 DAGs
[2023-12-19T09:15:02.244+0000] {logging_mixin.py:188} INFO - [2023-12-19T09:15:02.244+0000] {dag.py:3820} INFO - Setting next_dagrun for example_task_group_decorator to 2023-12-18T00:00:00+00:00, run_after=2023-12-19T00:00:00+00:00
[2023-12-19T09:15:02.258+0000] {processor.py:183} INFO - Processing /home/airflow/.local/lib/python3.8/site-packages/airflow/example_dags/example_task_group_decorator.py took 0.059 seconds
[2023-12-19T09:15:32.982+0000] {processor.py:161} INFO - Started process (PID=1313) to work on /home/airflow/.local/lib/python3.8/site-packages/airflow/example_dags/example_task_group_decorator.py
[2023-12-19T09:15:32.983+0000] {processor.py:830} INFO - Processing file /home/airflow/.local/lib/python3.8/site-packages/airflow/example_dags/example_task_group_decorator.py for tasks to queue
[2023-12-19T09:15:32.986+0000] {logging_mixin.py:188} INFO - [2023-12-19T09:15:32.986+0000] {dagbag.py:538} INFO - Filling up the DagBag from /home/airflow/.local/lib/python3.8/site-packages/airflow/example_dags/example_task_group_decorator.py
[2023-12-19T09:15:32.995+0000] {processor.py:840} INFO - DAG(s) 'example_task_group_decorator' retrieved from /home/airflow/.local/lib/python3.8/site-packages/airflow/example_dags/example_task_group_decorator.py
[2023-12-19T09:15:33.012+0000] {logging_mixin.py:188} INFO - [2023-12-19T09:15:33.012+0000] {dag.py:3033} INFO - Sync 1 DAGs
[2023-12-19T09:15:33.026+0000] {logging_mixin.py:188} INFO - [2023-12-19T09:15:33.026+0000] {dag.py:3820} INFO - Setting next_dagrun for example_task_group_decorator to 2023-12-18T00:00:00+00:00, run_after=2023-12-19T00:00:00+00:00
[2023-12-19T09:15:33.041+0000] {processor.py:183} INFO - Processing /home/airflow/.local/lib/python3.8/site-packages/airflow/example_dags/example_task_group_decorator.py took 0.061 seconds
[2023-12-19T09:16:03.561+0000] {processor.py:161} INFO - Started process (PID=1368) to work on /home/airflow/.local/lib/python3.8/site-packages/airflow/example_dags/example_task_group_decorator.py
[2023-12-19T09:16:03.562+0000] {processor.py:830} INFO - Processing file /home/airflow/.local/lib/python3.8/site-packages/airflow/example_dags/example_task_group_decorator.py for tasks to queue
[2023-12-19T09:16:03.564+0000] {logging_mixin.py:188} INFO - [2023-12-19T09:16:03.564+0000] {dagbag.py:538} INFO - Filling up the DagBag from /home/airflow/.local/lib/python3.8/site-packages/airflow/example_dags/example_task_group_decorator.py
[2023-12-19T09:16:03.572+0000] {processor.py:840} INFO - DAG(s) 'example_task_group_decorator' retrieved from /home/airflow/.local/lib/python3.8/site-packages/airflow/example_dags/example_task_group_decorator.py
[2023-12-19T09:16:03.589+0000] {logging_mixin.py:188} INFO - [2023-12-19T09:16:03.589+0000] {dag.py:3033} INFO - Sync 1 DAGs
[2023-12-19T09:16:03.602+0000] {logging_mixin.py:188} INFO - [2023-12-19T09:16:03.602+0000] {dag.py:3820} INFO - Setting next_dagrun for example_task_group_decorator to 2023-12-18T00:00:00+00:00, run_after=2023-12-19T00:00:00+00:00
[2023-12-19T09:16:03.614+0000] {processor.py:183} INFO - Processing /home/airflow/.local/lib/python3.8/site-packages/airflow/example_dags/example_task_group_decorator.py took 0.056 seconds
[2023-12-19T09:16:34.090+0000] {processor.py:161} INFO - Started process (PID=1423) to work on /home/airflow/.local/lib/python3.8/site-packages/airflow/example_dags/example_task_group_decorator.py
[2023-12-19T09:16:34.091+0000] {processor.py:830} INFO - Processing file /home/airflow/.local/lib/python3.8/site-packages/airflow/example_dags/example_task_group_decorator.py for tasks to queue
[2023-12-19T09:16:34.094+0000] {logging_mixin.py:188} INFO - [2023-12-19T09:16:34.094+0000] {dagbag.py:538} INFO - Filling up the DagBag from /home/airflow/.local/lib/python3.8/site-packages/airflow/example_dags/example_task_group_decorator.py
[2023-12-19T09:16:34.102+0000] {processor.py:840} INFO - DAG(s) 'example_task_group_decorator' retrieved from /home/airflow/.local/lib/python3.8/site-packages/airflow/example_dags/example_task_group_decorator.py
[2023-12-19T09:16:34.120+0000] {logging_mixin.py:188} INFO - [2023-12-19T09:16:34.120+0000] {dag.py:3033} INFO - Sync 1 DAGs
[2023-12-19T09:16:34.136+0000] {logging_mixin.py:188} INFO - [2023-12-19T09:16:34.136+0000] {dag.py:3820} INFO - Setting next_dagrun for example_task_group_decorator to 2023-12-18T00:00:00+00:00, run_after=2023-12-19T00:00:00+00:00
[2023-12-19T09:16:34.151+0000] {processor.py:183} INFO - Processing /home/airflow/.local/lib/python3.8/site-packages/airflow/example_dags/example_task_group_decorator.py took 0.063 seconds
[2023-12-19T09:17:04.699+0000] {processor.py:161} INFO - Started process (PID=1478) to work on /home/airflow/.local/lib/python3.8/site-packages/airflow/example_dags/example_task_group_decorator.py
[2023-12-19T09:17:04.701+0000] {processor.py:830} INFO - Processing file /home/airflow/.local/lib/python3.8/site-packages/airflow/example_dags/example_task_group_decorator.py for tasks to queue
[2023-12-19T09:17:04.703+0000] {logging_mixin.py:188} INFO - [2023-12-19T09:17:04.703+0000] {dagbag.py:538} INFO - Filling up the DagBag from /home/airflow/.local/lib/python3.8/site-packages/airflow/example_dags/example_task_group_decorator.py
[2023-12-19T09:17:04.711+0000] {processor.py:840} INFO - DAG(s) 'example_task_group_decorator' retrieved from /home/airflow/.local/lib/python3.8/site-packages/airflow/example_dags/example_task_group_decorator.py
[2023-12-19T09:17:04.728+0000] {logging_mixin.py:188} INFO - [2023-12-19T09:17:04.728+0000] {dag.py:3033} INFO - Sync 1 DAGs
[2023-12-19T09:17:04.742+0000] {logging_mixin.py:188} INFO - [2023-12-19T09:17:04.742+0000] {dag.py:3820} INFO - Setting next_dagrun for example_task_group_decorator to 2023-12-18T00:00:00+00:00, run_after=2023-12-19T00:00:00+00:00
[2023-12-19T09:17:04.758+0000] {processor.py:183} INFO - Processing /home/airflow/.local/lib/python3.8/site-packages/airflow/example_dags/example_task_group_decorator.py took 0.061 seconds
[2023-12-19T09:17:35.256+0000] {processor.py:161} INFO - Started process (PID=1533) to work on /home/airflow/.local/lib/python3.8/site-packages/airflow/example_dags/example_task_group_decorator.py
[2023-12-19T09:17:35.257+0000] {processor.py:830} INFO - Processing file /home/airflow/.local/lib/python3.8/site-packages/airflow/example_dags/example_task_group_decorator.py for tasks to queue
[2023-12-19T09:17:35.259+0000] {logging_mixin.py:188} INFO - [2023-12-19T09:17:35.259+0000] {dagbag.py:538} INFO - Filling up the DagBag from /home/airflow/.local/lib/python3.8/site-packages/airflow/example_dags/example_task_group_decorator.py
[2023-12-19T09:17:35.268+0000] {processor.py:840} INFO - DAG(s) 'example_task_group_decorator' retrieved from /home/airflow/.local/lib/python3.8/site-packages/airflow/example_dags/example_task_group_decorator.py
[2023-12-19T09:17:35.286+0000] {logging_mixin.py:188} INFO - [2023-12-19T09:17:35.286+0000] {dag.py:3033} INFO - Sync 1 DAGs
[2023-12-19T09:17:35.300+0000] {logging_mixin.py:188} INFO - [2023-12-19T09:17:35.300+0000] {dag.py:3820} INFO - Setting next_dagrun for example_task_group_decorator to 2023-12-18T00:00:00+00:00, run_after=2023-12-19T00:00:00+00:00
[2023-12-19T09:17:35.312+0000] {processor.py:183} INFO - Processing /home/airflow/.local/lib/python3.8/site-packages/airflow/example_dags/example_task_group_decorator.py took 0.059 seconds
[2023-12-19T09:18:05.735+0000] {processor.py:161} INFO - Started process (PID=1588) to work on /home/airflow/.local/lib/python3.8/site-packages/airflow/example_dags/example_task_group_decorator.py
[2023-12-19T09:18:05.737+0000] {processor.py:830} INFO - Processing file /home/airflow/.local/lib/python3.8/site-packages/airflow/example_dags/example_task_group_decorator.py for tasks to queue
[2023-12-19T09:18:05.739+0000] {logging_mixin.py:188} INFO - [2023-12-19T09:18:05.739+0000] {dagbag.py:538} INFO - Filling up the DagBag from /home/airflow/.local/lib/python3.8/site-packages/airflow/example_dags/example_task_group_decorator.py
[2023-12-19T09:18:05.749+0000] {processor.py:840} INFO - DAG(s) 'example_task_group_decorator' retrieved from /home/airflow/.local/lib/python3.8/site-packages/airflow/example_dags/example_task_group_decorator.py
[2023-12-19T09:18:05.768+0000] {logging_mixin.py:188} INFO - [2023-12-19T09:18:05.768+0000] {dag.py:3033} INFO - Sync 1 DAGs
[2023-12-19T09:18:05.782+0000] {logging_mixin.py:188} INFO - [2023-12-19T09:18:05.782+0000] {dag.py:3820} INFO - Setting next_dagrun for example_task_group_decorator to 2023-12-18T00:00:00+00:00, run_after=2023-12-19T00:00:00+00:00
[2023-12-19T09:18:05.794+0000] {processor.py:183} INFO - Processing /home/airflow/.local/lib/python3.8/site-packages/airflow/example_dags/example_task_group_decorator.py took 0.061 seconds
[2023-12-19T09:18:36.302+0000] {processor.py:161} INFO - Started process (PID=1643) to work on /home/airflow/.local/lib/python3.8/site-packages/airflow/example_dags/example_task_group_decorator.py
[2023-12-19T09:18:36.303+0000] {processor.py:830} INFO - Processing file /home/airflow/.local/lib/python3.8/site-packages/airflow/example_dags/example_task_group_decorator.py for tasks to queue
[2023-12-19T09:18:36.306+0000] {logging_mixin.py:188} INFO - [2023-12-19T09:18:36.306+0000] {dagbag.py:538} INFO - Filling up the DagBag from /home/airflow/.local/lib/python3.8/site-packages/airflow/example_dags/example_task_group_decorator.py
[2023-12-19T09:18:36.315+0000] {processor.py:840} INFO - DAG(s) 'example_task_group_decorator' retrieved from /home/airflow/.local/lib/python3.8/site-packages/airflow/example_dags/example_task_group_decorator.py
[2023-12-19T09:18:36.334+0000] {logging_mixin.py:188} INFO - [2023-12-19T09:18:36.334+0000] {dag.py:3033} INFO - Sync 1 DAGs
[2023-12-19T09:18:36.347+0000] {logging_mixin.py:188} INFO - [2023-12-19T09:18:36.347+0000] {dag.py:3820} INFO - Setting next_dagrun for example_task_group_decorator to 2023-12-18T00:00:00+00:00, run_after=2023-12-19T00:00:00+00:00
[2023-12-19T09:18:36.363+0000] {processor.py:183} INFO - Processing /home/airflow/.local/lib/python3.8/site-packages/airflow/example_dags/example_task_group_decorator.py took 0.063 seconds
[2023-12-19T09:19:07.172+0000] {processor.py:161} INFO - Started process (PID=1698) to work on /home/airflow/.local/lib/python3.8/site-packages/airflow/example_dags/example_task_group_decorator.py
[2023-12-19T09:19:07.174+0000] {processor.py:830} INFO - Processing file /home/airflow/.local/lib/python3.8/site-packages/airflow/example_dags/example_task_group_decorator.py for tasks to queue
[2023-12-19T09:19:07.176+0000] {logging_mixin.py:188} INFO - [2023-12-19T09:19:07.176+0000] {dagbag.py:538} INFO - Filling up the DagBag from /home/airflow/.local/lib/python3.8/site-packages/airflow/example_dags/example_task_group_decorator.py
[2023-12-19T09:19:07.185+0000] {processor.py:840} INFO - DAG(s) 'example_task_group_decorator' retrieved from /home/airflow/.local/lib/python3.8/site-packages/airflow/example_dags/example_task_group_decorator.py
[2023-12-19T09:19:07.203+0000] {logging_mixin.py:188} INFO - [2023-12-19T09:19:07.202+0000] {dag.py:3033} INFO - Sync 1 DAGs
[2023-12-19T09:19:07.320+0000] {logging_mixin.py:188} INFO - [2023-12-19T09:19:07.320+0000] {dag.py:3820} INFO - Setting next_dagrun for example_task_group_decorator to 2023-12-18T00:00:00+00:00, run_after=2023-12-19T00:00:00+00:00
[2023-12-19T09:19:07.333+0000] {processor.py:183} INFO - Processing /home/airflow/.local/lib/python3.8/site-packages/airflow/example_dags/example_task_group_decorator.py took 0.163 seconds
[2023-12-19T09:19:38.069+0000] {processor.py:161} INFO - Started process (PID=1753) to work on /home/airflow/.local/lib/python3.8/site-packages/airflow/example_dags/example_task_group_decorator.py
[2023-12-19T09:19:38.072+0000] {processor.py:830} INFO - Processing file /home/airflow/.local/lib/python3.8/site-packages/airflow/example_dags/example_task_group_decorator.py for tasks to queue
[2023-12-19T09:19:38.074+0000] {logging_mixin.py:188} INFO - [2023-12-19T09:19:38.074+0000] {dagbag.py:538} INFO - Filling up the DagBag from /home/airflow/.local/lib/python3.8/site-packages/airflow/example_dags/example_task_group_decorator.py
[2023-12-19T09:19:38.084+0000] {processor.py:840} INFO - DAG(s) 'example_task_group_decorator' retrieved from /home/airflow/.local/lib/python3.8/site-packages/airflow/example_dags/example_task_group_decorator.py
[2023-12-19T09:19:38.105+0000] {logging_mixin.py:188} INFO - [2023-12-19T09:19:38.105+0000] {dag.py:3033} INFO - Sync 1 DAGs
[2023-12-19T09:19:38.118+0000] {logging_mixin.py:188} INFO - [2023-12-19T09:19:38.118+0000] {dag.py:3820} INFO - Setting next_dagrun for example_task_group_decorator to 2023-12-18T00:00:00+00:00, run_after=2023-12-19T00:00:00+00:00
[2023-12-19T09:19:38.227+0000] {processor.py:183} INFO - Processing /home/airflow/.local/lib/python3.8/site-packages/airflow/example_dags/example_task_group_decorator.py took 0.160 seconds
[2023-12-19T09:20:08.271+0000] {processor.py:161} INFO - Started process (PID=1808) to work on /home/airflow/.local/lib/python3.8/site-packages/airflow/example_dags/example_task_group_decorator.py
[2023-12-19T09:20:08.272+0000] {processor.py:830} INFO - Processing file /home/airflow/.local/lib/python3.8/site-packages/airflow/example_dags/example_task_group_decorator.py for tasks to queue
[2023-12-19T09:20:08.274+0000] {logging_mixin.py:188} INFO - [2023-12-19T09:20:08.274+0000] {dagbag.py:538} INFO - Filling up the DagBag from /home/airflow/.local/lib/python3.8/site-packages/airflow/example_dags/example_task_group_decorator.py
[2023-12-19T09:20:08.283+0000] {processor.py:840} INFO - DAG(s) 'example_task_group_decorator' retrieved from /home/airflow/.local/lib/python3.8/site-packages/airflow/example_dags/example_task_group_decorator.py
[2023-12-19T09:20:08.300+0000] {logging_mixin.py:188} INFO - [2023-12-19T09:20:08.300+0000] {dag.py:3033} INFO - Sync 1 DAGs
[2023-12-19T09:20:08.315+0000] {logging_mixin.py:188} INFO - [2023-12-19T09:20:08.315+0000] {dag.py:3820} INFO - Setting next_dagrun for example_task_group_decorator to 2023-12-18T00:00:00+00:00, run_after=2023-12-19T00:00:00+00:00
[2023-12-19T09:20:08.329+0000] {processor.py:183} INFO - Processing /home/airflow/.local/lib/python3.8/site-packages/airflow/example_dags/example_task_group_decorator.py took 0.060 seconds
[2023-12-19T09:20:38.520+0000] {processor.py:161} INFO - Started process (PID=1862) to work on /home/airflow/.local/lib/python3.8/site-packages/airflow/example_dags/example_task_group_decorator.py
[2023-12-19T09:20:38.522+0000] {processor.py:830} INFO - Processing file /home/airflow/.local/lib/python3.8/site-packages/airflow/example_dags/example_task_group_decorator.py for tasks to queue
[2023-12-19T09:20:38.524+0000] {logging_mixin.py:188} INFO - [2023-12-19T09:20:38.524+0000] {dagbag.py:538} INFO - Filling up the DagBag from /home/airflow/.local/lib/python3.8/site-packages/airflow/example_dags/example_task_group_decorator.py
[2023-12-19T09:20:38.534+0000] {processor.py:840} INFO - DAG(s) 'example_task_group_decorator' retrieved from /home/airflow/.local/lib/python3.8/site-packages/airflow/example_dags/example_task_group_decorator.py
[2023-12-19T09:20:38.548+0000] {logging_mixin.py:188} INFO - [2023-12-19T09:20:38.548+0000] {dag.py:3033} INFO - Sync 1 DAGs
[2023-12-19T09:20:38.561+0000] {logging_mixin.py:188} INFO - [2023-12-19T09:20:38.561+0000] {dag.py:3820} INFO - Setting next_dagrun for example_task_group_decorator to 2023-12-18T00:00:00+00:00, run_after=2023-12-19T00:00:00+00:00
[2023-12-19T09:20:38.577+0000] {processor.py:183} INFO - Processing /home/airflow/.local/lib/python3.8/site-packages/airflow/example_dags/example_task_group_decorator.py took 0.062 seconds
[2023-12-19T09:21:09.907+0000] {processor.py:161} INFO - Started process (PID=1917) to work on /home/airflow/.local/lib/python3.8/site-packages/airflow/example_dags/example_task_group_decorator.py
[2023-12-19T09:21:09.910+0000] {processor.py:830} INFO - Processing file /home/airflow/.local/lib/python3.8/site-packages/airflow/example_dags/example_task_group_decorator.py for tasks to queue
[2023-12-19T09:21:09.912+0000] {logging_mixin.py:188} INFO - [2023-12-19T09:21:09.912+0000] {dagbag.py:538} INFO - Filling up the DagBag from /home/airflow/.local/lib/python3.8/site-packages/airflow/example_dags/example_task_group_decorator.py
[2023-12-19T09:21:09.924+0000] {processor.py:840} INFO - DAG(s) 'example_task_group_decorator' retrieved from /home/airflow/.local/lib/python3.8/site-packages/airflow/example_dags/example_task_group_decorator.py
[2023-12-19T09:21:10.039+0000] {logging_mixin.py:188} INFO - [2023-12-19T09:21:10.039+0000] {dag.py:3033} INFO - Sync 1 DAGs
[2023-12-19T09:21:10.053+0000] {logging_mixin.py:188} INFO - [2023-12-19T09:21:10.053+0000] {dag.py:3820} INFO - Setting next_dagrun for example_task_group_decorator to 2023-12-18T00:00:00+00:00, run_after=2023-12-19T00:00:00+00:00
[2023-12-19T09:21:10.065+0000] {processor.py:183} INFO - Processing /home/airflow/.local/lib/python3.8/site-packages/airflow/example_dags/example_task_group_decorator.py took 0.160 seconds
[2023-12-19T09:21:40.794+0000] {processor.py:161} INFO - Started process (PID=1972) to work on /home/airflow/.local/lib/python3.8/site-packages/airflow/example_dags/example_task_group_decorator.py
[2023-12-19T09:21:40.796+0000] {processor.py:830} INFO - Processing file /home/airflow/.local/lib/python3.8/site-packages/airflow/example_dags/example_task_group_decorator.py for tasks to queue
[2023-12-19T09:21:40.799+0000] {logging_mixin.py:188} INFO - [2023-12-19T09:21:40.798+0000] {dagbag.py:538} INFO - Filling up the DagBag from /home/airflow/.local/lib/python3.8/site-packages/airflow/example_dags/example_task_group_decorator.py
[2023-12-19T09:21:40.808+0000] {processor.py:840} INFO - DAG(s) 'example_task_group_decorator' retrieved from /home/airflow/.local/lib/python3.8/site-packages/airflow/example_dags/example_task_group_decorator.py
[2023-12-19T09:21:40.824+0000] {logging_mixin.py:188} INFO - [2023-12-19T09:21:40.824+0000] {dag.py:3033} INFO - Sync 1 DAGs
[2023-12-19T09:21:40.930+0000] {logging_mixin.py:188} INFO - [2023-12-19T09:21:40.930+0000] {dag.py:3820} INFO - Setting next_dagrun for example_task_group_decorator to 2023-12-18T00:00:00+00:00, run_after=2023-12-19T00:00:00+00:00
[2023-12-19T09:21:40.942+0000] {processor.py:183} INFO - Processing /home/airflow/.local/lib/python3.8/site-packages/airflow/example_dags/example_task_group_decorator.py took 0.150 seconds
[2023-12-19T09:22:11.781+0000] {processor.py:161} INFO - Started process (PID=2033) to work on /home/airflow/.local/lib/python3.8/site-packages/airflow/example_dags/example_task_group_decorator.py
[2023-12-19T09:22:11.782+0000] {processor.py:830} INFO - Processing file /home/airflow/.local/lib/python3.8/site-packages/airflow/example_dags/example_task_group_decorator.py for tasks to queue
[2023-12-19T09:22:11.784+0000] {logging_mixin.py:188} INFO - [2023-12-19T09:22:11.784+0000] {dagbag.py:538} INFO - Filling up the DagBag from /home/airflow/.local/lib/python3.8/site-packages/airflow/example_dags/example_task_group_decorator.py
[2023-12-19T09:22:11.793+0000] {processor.py:840} INFO - DAG(s) 'example_task_group_decorator' retrieved from /home/airflow/.local/lib/python3.8/site-packages/airflow/example_dags/example_task_group_decorator.py
[2023-12-19T09:22:11.810+0000] {logging_mixin.py:188} INFO - [2023-12-19T09:22:11.810+0000] {dag.py:3033} INFO - Sync 1 DAGs
[2023-12-19T09:22:11.825+0000] {logging_mixin.py:188} INFO - [2023-12-19T09:22:11.825+0000] {dag.py:3820} INFO - Setting next_dagrun for example_task_group_decorator to 2023-12-18T00:00:00+00:00, run_after=2023-12-19T00:00:00+00:00
[2023-12-19T09:22:11.944+0000] {processor.py:183} INFO - Processing /home/airflow/.local/lib/python3.8/site-packages/airflow/example_dags/example_task_group_decorator.py took 0.165 seconds
[2023-12-19T09:22:42.827+0000] {processor.py:161} INFO - Started process (PID=2088) to work on /home/airflow/.local/lib/python3.8/site-packages/airflow/example_dags/example_task_group_decorator.py
[2023-12-19T09:22:42.829+0000] {processor.py:830} INFO - Processing file /home/airflow/.local/lib/python3.8/site-packages/airflow/example_dags/example_task_group_decorator.py for tasks to queue
[2023-12-19T09:22:42.831+0000] {logging_mixin.py:188} INFO - [2023-12-19T09:22:42.831+0000] {dagbag.py:538} INFO - Filling up the DagBag from /home/airflow/.local/lib/python3.8/site-packages/airflow/example_dags/example_task_group_decorator.py
[2023-12-19T09:22:42.842+0000] {processor.py:840} INFO - DAG(s) 'example_task_group_decorator' retrieved from /home/airflow/.local/lib/python3.8/site-packages/airflow/example_dags/example_task_group_decorator.py
[2023-12-19T09:22:42.857+0000] {logging_mixin.py:188} INFO - [2023-12-19T09:22:42.857+0000] {dag.py:3033} INFO - Sync 1 DAGs
[2023-12-19T09:22:42.871+0000] {logging_mixin.py:188} INFO - [2023-12-19T09:22:42.871+0000] {dag.py:3820} INFO - Setting next_dagrun for example_task_group_decorator to 2023-12-18T00:00:00+00:00, run_after=2023-12-19T00:00:00+00:00
[2023-12-19T09:22:42.882+0000] {processor.py:183} INFO - Processing /home/airflow/.local/lib/python3.8/site-packages/airflow/example_dags/example_task_group_decorator.py took 0.060 seconds
[2023-12-19T09:23:13.334+0000] {processor.py:161} INFO - Started process (PID=2143) to work on /home/airflow/.local/lib/python3.8/site-packages/airflow/example_dags/example_task_group_decorator.py
[2023-12-19T09:23:13.337+0000] {processor.py:830} INFO - Processing file /home/airflow/.local/lib/python3.8/site-packages/airflow/example_dags/example_task_group_decorator.py for tasks to queue
[2023-12-19T09:23:13.339+0000] {logging_mixin.py:188} INFO - [2023-12-19T09:23:13.339+0000] {dagbag.py:538} INFO - Filling up the DagBag from /home/airflow/.local/lib/python3.8/site-packages/airflow/example_dags/example_task_group_decorator.py
[2023-12-19T09:23:13.348+0000] {processor.py:840} INFO - DAG(s) 'example_task_group_decorator' retrieved from /home/airflow/.local/lib/python3.8/site-packages/airflow/example_dags/example_task_group_decorator.py
[2023-12-19T09:23:13.364+0000] {logging_mixin.py:188} INFO - [2023-12-19T09:23:13.364+0000] {dag.py:3033} INFO - Sync 1 DAGs
[2023-12-19T09:23:13.378+0000] {logging_mixin.py:188} INFO - [2023-12-19T09:23:13.378+0000] {dag.py:3820} INFO - Setting next_dagrun for example_task_group_decorator to 2023-12-18T00:00:00+00:00, run_after=2023-12-19T00:00:00+00:00
[2023-12-19T09:23:13.388+0000] {processor.py:183} INFO - Processing /home/airflow/.local/lib/python3.8/site-packages/airflow/example_dags/example_task_group_decorator.py took 0.057 seconds
[2023-12-19T09:23:44.052+0000] {processor.py:161} INFO - Started process (PID=2198) to work on /home/airflow/.local/lib/python3.8/site-packages/airflow/example_dags/example_task_group_decorator.py
[2023-12-19T09:23:44.054+0000] {processor.py:830} INFO - Processing file /home/airflow/.local/lib/python3.8/site-packages/airflow/example_dags/example_task_group_decorator.py for tasks to queue
[2023-12-19T09:23:44.055+0000] {logging_mixin.py:188} INFO - [2023-12-19T09:23:44.055+0000] {dagbag.py:538} INFO - Filling up the DagBag from /home/airflow/.local/lib/python3.8/site-packages/airflow/example_dags/example_task_group_decorator.py
[2023-12-19T09:23:44.065+0000] {processor.py:840} INFO - DAG(s) 'example_task_group_decorator' retrieved from /home/airflow/.local/lib/python3.8/site-packages/airflow/example_dags/example_task_group_decorator.py
[2023-12-19T09:23:44.080+0000] {logging_mixin.py:188} INFO - [2023-12-19T09:23:44.080+0000] {dag.py:3033} INFO - Sync 1 DAGs
[2023-12-19T09:23:44.094+0000] {logging_mixin.py:188} INFO - [2023-12-19T09:23:44.094+0000] {dag.py:3820} INFO - Setting next_dagrun for example_task_group_decorator to 2023-12-18T00:00:00+00:00, run_after=2023-12-19T00:00:00+00:00
[2023-12-19T09:23:44.106+0000] {processor.py:183} INFO - Processing /home/airflow/.local/lib/python3.8/site-packages/airflow/example_dags/example_task_group_decorator.py took 0.056 seconds
[2023-12-19T09:24:14.727+0000] {processor.py:161} INFO - Started process (PID=2252) to work on /home/airflow/.local/lib/python3.8/site-packages/airflow/example_dags/example_task_group_decorator.py
[2023-12-19T09:24:14.729+0000] {processor.py:830} INFO - Processing file /home/airflow/.local/lib/python3.8/site-packages/airflow/example_dags/example_task_group_decorator.py for tasks to queue
[2023-12-19T09:24:14.732+0000] {logging_mixin.py:188} INFO - [2023-12-19T09:24:14.732+0000] {dagbag.py:538} INFO - Filling up the DagBag from /home/airflow/.local/lib/python3.8/site-packages/airflow/example_dags/example_task_group_decorator.py
[2023-12-19T09:24:14.742+0000] {processor.py:840} INFO - DAG(s) 'example_task_group_decorator' retrieved from /home/airflow/.local/lib/python3.8/site-packages/airflow/example_dags/example_task_group_decorator.py
[2023-12-19T09:24:14.758+0000] {logging_mixin.py:188} INFO - [2023-12-19T09:24:14.758+0000] {dag.py:3033} INFO - Sync 1 DAGs
[2023-12-19T09:24:14.773+0000] {logging_mixin.py:188} INFO - [2023-12-19T09:24:14.772+0000] {dag.py:3820} INFO - Setting next_dagrun for example_task_group_decorator to 2023-12-18T00:00:00+00:00, run_after=2023-12-19T00:00:00+00:00
[2023-12-19T09:24:14.786+0000] {processor.py:183} INFO - Processing /home/airflow/.local/lib/python3.8/site-packages/airflow/example_dags/example_task_group_decorator.py took 0.062 seconds
[2023-12-19T09:24:45.159+0000] {processor.py:161} INFO - Started process (PID=2307) to work on /home/airflow/.local/lib/python3.8/site-packages/airflow/example_dags/example_task_group_decorator.py
[2023-12-19T09:24:45.161+0000] {processor.py:830} INFO - Processing file /home/airflow/.local/lib/python3.8/site-packages/airflow/example_dags/example_task_group_decorator.py for tasks to queue
[2023-12-19T09:24:45.164+0000] {logging_mixin.py:188} INFO - [2023-12-19T09:24:45.164+0000] {dagbag.py:538} INFO - Filling up the DagBag from /home/airflow/.local/lib/python3.8/site-packages/airflow/example_dags/example_task_group_decorator.py
[2023-12-19T09:24:45.174+0000] {processor.py:840} INFO - DAG(s) 'example_task_group_decorator' retrieved from /home/airflow/.local/lib/python3.8/site-packages/airflow/example_dags/example_task_group_decorator.py
[2023-12-19T09:24:45.190+0000] {logging_mixin.py:188} INFO - [2023-12-19T09:24:45.190+0000] {dag.py:3033} INFO - Sync 1 DAGs
[2023-12-19T09:24:45.203+0000] {logging_mixin.py:188} INFO - [2023-12-19T09:24:45.203+0000] {dag.py:3820} INFO - Setting next_dagrun for example_task_group_decorator to 2023-12-18T00:00:00+00:00, run_after=2023-12-19T00:00:00+00:00
[2023-12-19T09:24:45.217+0000] {processor.py:183} INFO - Processing /home/airflow/.local/lib/python3.8/site-packages/airflow/example_dags/example_task_group_decorator.py took 0.060 seconds
[2023-12-19T09:25:15.641+0000] {processor.py:161} INFO - Started process (PID=2362) to work on /home/airflow/.local/lib/python3.8/site-packages/airflow/example_dags/example_task_group_decorator.py
[2023-12-19T09:25:15.643+0000] {processor.py:830} INFO - Processing file /home/airflow/.local/lib/python3.8/site-packages/airflow/example_dags/example_task_group_decorator.py for tasks to queue
[2023-12-19T09:25:15.646+0000] {logging_mixin.py:188} INFO - [2023-12-19T09:25:15.646+0000] {dagbag.py:538} INFO - Filling up the DagBag from /home/airflow/.local/lib/python3.8/site-packages/airflow/example_dags/example_task_group_decorator.py
[2023-12-19T09:25:15.656+0000] {processor.py:840} INFO - DAG(s) 'example_task_group_decorator' retrieved from /home/airflow/.local/lib/python3.8/site-packages/airflow/example_dags/example_task_group_decorator.py
[2023-12-19T09:25:15.674+0000] {logging_mixin.py:188} INFO - [2023-12-19T09:25:15.674+0000] {dag.py:3033} INFO - Sync 1 DAGs
[2023-12-19T09:25:15.688+0000] {logging_mixin.py:188} INFO - [2023-12-19T09:25:15.687+0000] {dag.py:3820} INFO - Setting next_dagrun for example_task_group_decorator to 2023-12-18T00:00:00+00:00, run_after=2023-12-19T00:00:00+00:00
[2023-12-19T09:25:15.702+0000] {processor.py:183} INFO - Processing /home/airflow/.local/lib/python3.8/site-packages/airflow/example_dags/example_task_group_decorator.py took 0.064 seconds
[2023-12-19T09:25:46.190+0000] {processor.py:161} INFO - Started process (PID=2417) to work on /home/airflow/.local/lib/python3.8/site-packages/airflow/example_dags/example_task_group_decorator.py
[2023-12-19T09:25:46.192+0000] {processor.py:830} INFO - Processing file /home/airflow/.local/lib/python3.8/site-packages/airflow/example_dags/example_task_group_decorator.py for tasks to queue
[2023-12-19T09:25:46.194+0000] {logging_mixin.py:188} INFO - [2023-12-19T09:25:46.194+0000] {dagbag.py:538} INFO - Filling up the DagBag from /home/airflow/.local/lib/python3.8/site-packages/airflow/example_dags/example_task_group_decorator.py
[2023-12-19T09:25:46.203+0000] {processor.py:840} INFO - DAG(s) 'example_task_group_decorator' retrieved from /home/airflow/.local/lib/python3.8/site-packages/airflow/example_dags/example_task_group_decorator.py
[2023-12-19T09:25:46.220+0000] {logging_mixin.py:188} INFO - [2023-12-19T09:25:46.220+0000] {dag.py:3033} INFO - Sync 1 DAGs
[2023-12-19T09:25:46.234+0000] {logging_mixin.py:188} INFO - [2023-12-19T09:25:46.234+0000] {dag.py:3820} INFO - Setting next_dagrun for example_task_group_decorator to 2023-12-18T00:00:00+00:00, run_after=2023-12-19T00:00:00+00:00
[2023-12-19T09:25:46.246+0000] {processor.py:183} INFO - Processing /home/airflow/.local/lib/python3.8/site-packages/airflow/example_dags/example_task_group_decorator.py took 0.059 seconds
[2023-12-19T09:26:16.697+0000] {processor.py:161} INFO - Started process (PID=2472) to work on /home/airflow/.local/lib/python3.8/site-packages/airflow/example_dags/example_task_group_decorator.py
[2023-12-19T09:26:16.699+0000] {processor.py:830} INFO - Processing file /home/airflow/.local/lib/python3.8/site-packages/airflow/example_dags/example_task_group_decorator.py for tasks to queue
[2023-12-19T09:26:16.702+0000] {logging_mixin.py:188} INFO - [2023-12-19T09:26:16.701+0000] {dagbag.py:538} INFO - Filling up the DagBag from /home/airflow/.local/lib/python3.8/site-packages/airflow/example_dags/example_task_group_decorator.py
[2023-12-19T09:26:16.712+0000] {processor.py:840} INFO - DAG(s) 'example_task_group_decorator' retrieved from /home/airflow/.local/lib/python3.8/site-packages/airflow/example_dags/example_task_group_decorator.py
[2023-12-19T09:26:16.731+0000] {logging_mixin.py:188} INFO - [2023-12-19T09:26:16.731+0000] {dag.py:3033} INFO - Sync 1 DAGs
[2023-12-19T09:26:16.743+0000] {logging_mixin.py:188} INFO - [2023-12-19T09:26:16.743+0000] {dag.py:3820} INFO - Setting next_dagrun for example_task_group_decorator to 2023-12-18T00:00:00+00:00, run_after=2023-12-19T00:00:00+00:00
[2023-12-19T09:26:16.755+0000] {processor.py:183} INFO - Processing /home/airflow/.local/lib/python3.8/site-packages/airflow/example_dags/example_task_group_decorator.py took 0.061 seconds
[2023-12-19T09:26:47.218+0000] {processor.py:161} INFO - Started process (PID=2527) to work on /home/airflow/.local/lib/python3.8/site-packages/airflow/example_dags/example_task_group_decorator.py
[2023-12-19T09:26:47.220+0000] {processor.py:830} INFO - Processing file /home/airflow/.local/lib/python3.8/site-packages/airflow/example_dags/example_task_group_decorator.py for tasks to queue
[2023-12-19T09:26:47.222+0000] {logging_mixin.py:188} INFO - [2023-12-19T09:26:47.222+0000] {dagbag.py:538} INFO - Filling up the DagBag from /home/airflow/.local/lib/python3.8/site-packages/airflow/example_dags/example_task_group_decorator.py
[2023-12-19T09:26:47.233+0000] {processor.py:840} INFO - DAG(s) 'example_task_group_decorator' retrieved from /home/airflow/.local/lib/python3.8/site-packages/airflow/example_dags/example_task_group_decorator.py
[2023-12-19T09:26:47.249+0000] {logging_mixin.py:188} INFO - [2023-12-19T09:26:47.249+0000] {dag.py:3033} INFO - Sync 1 DAGs
[2023-12-19T09:26:47.262+0000] {logging_mixin.py:188} INFO - [2023-12-19T09:26:47.262+0000] {dag.py:3820} INFO - Setting next_dagrun for example_task_group_decorator to 2023-12-18T00:00:00+00:00, run_after=2023-12-19T00:00:00+00:00
[2023-12-19T09:26:47.273+0000] {processor.py:183} INFO - Processing /home/airflow/.local/lib/python3.8/site-packages/airflow/example_dags/example_task_group_decorator.py took 0.058 seconds
