[2023-12-19T09:03:51.834+0000] {processor.py:161} INFO - Started process (PID=62) to work on /home/airflow/.local/lib/python3.8/site-packages/airflow/example_dags/example_branch_python_dop_operator_3.py
[2023-12-19T09:03:51.840+0000] {processor.py:830} INFO - Processing file /home/airflow/.local/lib/python3.8/site-packages/airflow/example_dags/example_branch_python_dop_operator_3.py for tasks to queue
[2023-12-19T09:03:51.848+0000] {logging_mixin.py:188} INFO - [2023-12-19T09:03:51.848+0000] {dagbag.py:538} INFO - Filling up the DagBag from /home/airflow/.local/lib/python3.8/site-packages/airflow/example_dags/example_branch_python_dop_operator_3.py
[2023-12-19T09:03:51.868+0000] {processor.py:840} INFO - DAG(s) 'example_branch_dop_operator_v3' retrieved from /home/airflow/.local/lib/python3.8/site-packages/airflow/example_dags/example_branch_python_dop_operator_3.py
[2023-12-19T09:03:51.882+0000] {logging_mixin.py:188} INFO - [2023-12-19T09:03:51.881+0000] {dag.py:3033} INFO - Sync 1 DAGs
[2023-12-19T09:03:51.909+0000] {logging_mixin.py:188} INFO - [2023-12-19T09:03:51.909+0000] {dag.py:3820} INFO - Setting next_dagrun for example_branch_dop_operator_v3 to 2023-12-19T09:02:00+00:00, run_after=2023-12-19T09:03:00+00:00
[2023-12-19T09:03:51.928+0000] {processor.py:183} INFO - Processing /home/airflow/.local/lib/python3.8/site-packages/airflow/example_dags/example_branch_python_dop_operator_3.py took 0.099 seconds
[2023-12-19T09:04:22.857+0000] {processor.py:161} INFO - Started process (PID=118) to work on /home/airflow/.local/lib/python3.8/site-packages/airflow/example_dags/example_branch_python_dop_operator_3.py
[2023-12-19T09:04:22.859+0000] {processor.py:830} INFO - Processing file /home/airflow/.local/lib/python3.8/site-packages/airflow/example_dags/example_branch_python_dop_operator_3.py for tasks to queue
[2023-12-19T09:04:22.861+0000] {logging_mixin.py:188} INFO - [2023-12-19T09:04:22.861+0000] {dagbag.py:538} INFO - Filling up the DagBag from /home/airflow/.local/lib/python3.8/site-packages/airflow/example_dags/example_branch_python_dop_operator_3.py
[2023-12-19T09:04:22.869+0000] {processor.py:840} INFO - DAG(s) 'example_branch_dop_operator_v3' retrieved from /home/airflow/.local/lib/python3.8/site-packages/airflow/example_dags/example_branch_python_dop_operator_3.py
[2023-12-19T09:04:22.945+0000] {logging_mixin.py:188} INFO - [2023-12-19T09:04:22.944+0000] {dag.py:3033} INFO - Sync 1 DAGs
[2023-12-19T09:04:22.962+0000] {logging_mixin.py:188} INFO - [2023-12-19T09:04:22.962+0000] {dag.py:3820} INFO - Setting next_dagrun for example_branch_dop_operator_v3 to 2023-12-19T09:03:00+00:00, run_after=2023-12-19T09:04:00+00:00
[2023-12-19T09:04:22.977+0000] {processor.py:183} INFO - Processing /home/airflow/.local/lib/python3.8/site-packages/airflow/example_dags/example_branch_python_dop_operator_3.py took 0.122 seconds
[2023-12-19T09:04:53.072+0000] {processor.py:161} INFO - Started process (PID=172) to work on /home/airflow/.local/lib/python3.8/site-packages/airflow/example_dags/example_branch_python_dop_operator_3.py
[2023-12-19T09:04:53.074+0000] {processor.py:830} INFO - Processing file /home/airflow/.local/lib/python3.8/site-packages/airflow/example_dags/example_branch_python_dop_operator_3.py for tasks to queue
[2023-12-19T09:04:53.077+0000] {logging_mixin.py:188} INFO - [2023-12-19T09:04:53.077+0000] {dagbag.py:538} INFO - Filling up the DagBag from /home/airflow/.local/lib/python3.8/site-packages/airflow/example_dags/example_branch_python_dop_operator_3.py
[2023-12-19T09:04:53.085+0000] {processor.py:840} INFO - DAG(s) 'example_branch_dop_operator_v3' retrieved from /home/airflow/.local/lib/python3.8/site-packages/airflow/example_dags/example_branch_python_dop_operator_3.py
[2023-12-19T09:04:53.103+0000] {logging_mixin.py:188} INFO - [2023-12-19T09:04:53.103+0000] {dag.py:3033} INFO - Sync 1 DAGs
[2023-12-19T09:04:53.123+0000] {logging_mixin.py:188} INFO - [2023-12-19T09:04:53.123+0000] {dag.py:3820} INFO - Setting next_dagrun for example_branch_dop_operator_v3 to 2023-12-19T09:03:00+00:00, run_after=2023-12-19T09:04:00+00:00
[2023-12-19T09:04:53.141+0000] {processor.py:183} INFO - Processing /home/airflow/.local/lib/python3.8/site-packages/airflow/example_dags/example_branch_python_dop_operator_3.py took 0.072 seconds
[2023-12-19T09:05:23.211+0000] {processor.py:161} INFO - Started process (PID=227) to work on /home/airflow/.local/lib/python3.8/site-packages/airflow/example_dags/example_branch_python_dop_operator_3.py
[2023-12-19T09:05:23.213+0000] {processor.py:830} INFO - Processing file /home/airflow/.local/lib/python3.8/site-packages/airflow/example_dags/example_branch_python_dop_operator_3.py for tasks to queue
[2023-12-19T09:05:23.215+0000] {logging_mixin.py:188} INFO - [2023-12-19T09:05:23.215+0000] {dagbag.py:538} INFO - Filling up the DagBag from /home/airflow/.local/lib/python3.8/site-packages/airflow/example_dags/example_branch_python_dop_operator_3.py
[2023-12-19T09:05:23.222+0000] {processor.py:840} INFO - DAG(s) 'example_branch_dop_operator_v3' retrieved from /home/airflow/.local/lib/python3.8/site-packages/airflow/example_dags/example_branch_python_dop_operator_3.py
[2023-12-19T09:05:23.239+0000] {logging_mixin.py:188} INFO - [2023-12-19T09:05:23.239+0000] {dag.py:3033} INFO - Sync 1 DAGs
[2023-12-19T09:05:23.257+0000] {logging_mixin.py:188} INFO - [2023-12-19T09:05:23.257+0000] {dag.py:3820} INFO - Setting next_dagrun for example_branch_dop_operator_v3 to 2023-12-19T09:04:00+00:00, run_after=2023-12-19T09:05:00+00:00
[2023-12-19T09:05:23.270+0000] {processor.py:183} INFO - Processing /home/airflow/.local/lib/python3.8/site-packages/airflow/example_dags/example_branch_python_dop_operator_3.py took 0.062 seconds
[2023-12-19T09:05:53.579+0000] {processor.py:161} INFO - Started process (PID=282) to work on /home/airflow/.local/lib/python3.8/site-packages/airflow/example_dags/example_branch_python_dop_operator_3.py
[2023-12-19T09:05:53.581+0000] {processor.py:830} INFO - Processing file /home/airflow/.local/lib/python3.8/site-packages/airflow/example_dags/example_branch_python_dop_operator_3.py for tasks to queue
[2023-12-19T09:05:53.584+0000] {logging_mixin.py:188} INFO - [2023-12-19T09:05:53.583+0000] {dagbag.py:538} INFO - Filling up the DagBag from /home/airflow/.local/lib/python3.8/site-packages/airflow/example_dags/example_branch_python_dop_operator_3.py
[2023-12-19T09:05:53.591+0000] {processor.py:840} INFO - DAG(s) 'example_branch_dop_operator_v3' retrieved from /home/airflow/.local/lib/python3.8/site-packages/airflow/example_dags/example_branch_python_dop_operator_3.py
[2023-12-19T09:05:53.608+0000] {logging_mixin.py:188} INFO - [2023-12-19T09:05:53.608+0000] {dag.py:3033} INFO - Sync 1 DAGs
[2023-12-19T09:05:53.625+0000] {logging_mixin.py:188} INFO - [2023-12-19T09:05:53.625+0000] {dag.py:3820} INFO - Setting next_dagrun for example_branch_dop_operator_v3 to 2023-12-19T09:04:00+00:00, run_after=2023-12-19T09:05:00+00:00
[2023-12-19T09:05:53.638+0000] {processor.py:183} INFO - Processing /home/airflow/.local/lib/python3.8/site-packages/airflow/example_dags/example_branch_python_dop_operator_3.py took 0.061 seconds
[2023-12-19T09:06:24.214+0000] {processor.py:161} INFO - Started process (PID=337) to work on /home/airflow/.local/lib/python3.8/site-packages/airflow/example_dags/example_branch_python_dop_operator_3.py
[2023-12-19T09:06:24.216+0000] {processor.py:830} INFO - Processing file /home/airflow/.local/lib/python3.8/site-packages/airflow/example_dags/example_branch_python_dop_operator_3.py for tasks to queue
[2023-12-19T09:06:24.218+0000] {logging_mixin.py:188} INFO - [2023-12-19T09:06:24.218+0000] {dagbag.py:538} INFO - Filling up the DagBag from /home/airflow/.local/lib/python3.8/site-packages/airflow/example_dags/example_branch_python_dop_operator_3.py
[2023-12-19T09:06:24.226+0000] {processor.py:840} INFO - DAG(s) 'example_branch_dop_operator_v3' retrieved from /home/airflow/.local/lib/python3.8/site-packages/airflow/example_dags/example_branch_python_dop_operator_3.py
[2023-12-19T09:06:24.243+0000] {logging_mixin.py:188} INFO - [2023-12-19T09:06:24.243+0000] {dag.py:3033} INFO - Sync 1 DAGs
[2023-12-19T09:06:24.264+0000] {logging_mixin.py:188} INFO - [2023-12-19T09:06:24.264+0000] {dag.py:3820} INFO - Setting next_dagrun for example_branch_dop_operator_v3 to 2023-12-19T09:05:00+00:00, run_after=2023-12-19T09:06:00+00:00
[2023-12-19T09:06:24.279+0000] {processor.py:183} INFO - Processing /home/airflow/.local/lib/python3.8/site-packages/airflow/example_dags/example_branch_python_dop_operator_3.py took 0.068 seconds
[2023-12-19T09:06:55.034+0000] {processor.py:161} INFO - Started process (PID=392) to work on /home/airflow/.local/lib/python3.8/site-packages/airflow/example_dags/example_branch_python_dop_operator_3.py
[2023-12-19T09:06:55.036+0000] {processor.py:830} INFO - Processing file /home/airflow/.local/lib/python3.8/site-packages/airflow/example_dags/example_branch_python_dop_operator_3.py for tasks to queue
[2023-12-19T09:06:55.039+0000] {logging_mixin.py:188} INFO - [2023-12-19T09:06:55.039+0000] {dagbag.py:538} INFO - Filling up the DagBag from /home/airflow/.local/lib/python3.8/site-packages/airflow/example_dags/example_branch_python_dop_operator_3.py
[2023-12-19T09:06:55.047+0000] {processor.py:840} INFO - DAG(s) 'example_branch_dop_operator_v3' retrieved from /home/airflow/.local/lib/python3.8/site-packages/airflow/example_dags/example_branch_python_dop_operator_3.py
[2023-12-19T09:06:55.063+0000] {logging_mixin.py:188} INFO - [2023-12-19T09:06:55.063+0000] {dag.py:3033} INFO - Sync 1 DAGs
[2023-12-19T09:06:55.082+0000] {logging_mixin.py:188} INFO - [2023-12-19T09:06:55.082+0000] {dag.py:3820} INFO - Setting next_dagrun for example_branch_dop_operator_v3 to 2023-12-19T09:05:00+00:00, run_after=2023-12-19T09:06:00+00:00
[2023-12-19T09:06:55.100+0000] {processor.py:183} INFO - Processing /home/airflow/.local/lib/python3.8/site-packages/airflow/example_dags/example_branch_python_dop_operator_3.py took 0.068 seconds
[2023-12-19T09:07:25.889+0000] {processor.py:161} INFO - Started process (PID=447) to work on /home/airflow/.local/lib/python3.8/site-packages/airflow/example_dags/example_branch_python_dop_operator_3.py
[2023-12-19T09:07:25.891+0000] {processor.py:830} INFO - Processing file /home/airflow/.local/lib/python3.8/site-packages/airflow/example_dags/example_branch_python_dop_operator_3.py for tasks to queue
[2023-12-19T09:07:25.893+0000] {logging_mixin.py:188} INFO - [2023-12-19T09:07:25.893+0000] {dagbag.py:538} INFO - Filling up the DagBag from /home/airflow/.local/lib/python3.8/site-packages/airflow/example_dags/example_branch_python_dop_operator_3.py
[2023-12-19T09:07:25.900+0000] {processor.py:840} INFO - DAG(s) 'example_branch_dop_operator_v3' retrieved from /home/airflow/.local/lib/python3.8/site-packages/airflow/example_dags/example_branch_python_dop_operator_3.py
[2023-12-19T09:07:25.919+0000] {logging_mixin.py:188} INFO - [2023-12-19T09:07:25.919+0000] {dag.py:3033} INFO - Sync 1 DAGs
[2023-12-19T09:07:25.939+0000] {logging_mixin.py:188} INFO - [2023-12-19T09:07:25.939+0000] {dag.py:3820} INFO - Setting next_dagrun for example_branch_dop_operator_v3 to 2023-12-19T09:06:00+00:00, run_after=2023-12-19T09:07:00+00:00
[2023-12-19T09:07:25.959+0000] {processor.py:183} INFO - Processing /home/airflow/.local/lib/python3.8/site-packages/airflow/example_dags/example_branch_python_dop_operator_3.py took 0.073 seconds
[2023-12-19T09:07:56.704+0000] {processor.py:161} INFO - Started process (PID=502) to work on /home/airflow/.local/lib/python3.8/site-packages/airflow/example_dags/example_branch_python_dop_operator_3.py
[2023-12-19T09:07:56.706+0000] {processor.py:830} INFO - Processing file /home/airflow/.local/lib/python3.8/site-packages/airflow/example_dags/example_branch_python_dop_operator_3.py for tasks to queue
[2023-12-19T09:07:56.708+0000] {logging_mixin.py:188} INFO - [2023-12-19T09:07:56.708+0000] {dagbag.py:538} INFO - Filling up the DagBag from /home/airflow/.local/lib/python3.8/site-packages/airflow/example_dags/example_branch_python_dop_operator_3.py
[2023-12-19T09:07:56.716+0000] {processor.py:840} INFO - DAG(s) 'example_branch_dop_operator_v3' retrieved from /home/airflow/.local/lib/python3.8/site-packages/airflow/example_dags/example_branch_python_dop_operator_3.py
[2023-12-19T09:07:56.735+0000] {logging_mixin.py:188} INFO - [2023-12-19T09:07:56.735+0000] {dag.py:3033} INFO - Sync 1 DAGs
[2023-12-19T09:07:56.755+0000] {logging_mixin.py:188} INFO - [2023-12-19T09:07:56.755+0000] {dag.py:3820} INFO - Setting next_dagrun for example_branch_dop_operator_v3 to 2023-12-19T09:06:00+00:00, run_after=2023-12-19T09:07:00+00:00
[2023-12-19T09:07:56.771+0000] {processor.py:183} INFO - Processing /home/airflow/.local/lib/python3.8/site-packages/airflow/example_dags/example_branch_python_dop_operator_3.py took 0.070 seconds
[2023-12-19T09:08:27.549+0000] {processor.py:161} INFO - Started process (PID=557) to work on /home/airflow/.local/lib/python3.8/site-packages/airflow/example_dags/example_branch_python_dop_operator_3.py
[2023-12-19T09:08:27.551+0000] {processor.py:830} INFO - Processing file /home/airflow/.local/lib/python3.8/site-packages/airflow/example_dags/example_branch_python_dop_operator_3.py for tasks to queue
[2023-12-19T09:08:27.554+0000] {logging_mixin.py:188} INFO - [2023-12-19T09:08:27.553+0000] {dagbag.py:538} INFO - Filling up the DagBag from /home/airflow/.local/lib/python3.8/site-packages/airflow/example_dags/example_branch_python_dop_operator_3.py
[2023-12-19T09:08:27.561+0000] {processor.py:840} INFO - DAG(s) 'example_branch_dop_operator_v3' retrieved from /home/airflow/.local/lib/python3.8/site-packages/airflow/example_dags/example_branch_python_dop_operator_3.py
[2023-12-19T09:08:27.578+0000] {logging_mixin.py:188} INFO - [2023-12-19T09:08:27.578+0000] {dag.py:3033} INFO - Sync 1 DAGs
[2023-12-19T09:08:27.596+0000] {logging_mixin.py:188} INFO - [2023-12-19T09:08:27.595+0000] {dag.py:3820} INFO - Setting next_dagrun for example_branch_dop_operator_v3 to 2023-12-19T09:07:00+00:00, run_after=2023-12-19T09:08:00+00:00
[2023-12-19T09:08:27.609+0000] {processor.py:183} INFO - Processing /home/airflow/.local/lib/python3.8/site-packages/airflow/example_dags/example_branch_python_dop_operator_3.py took 0.063 seconds
[2023-12-19T09:08:57.778+0000] {processor.py:161} INFO - Started process (PID=612) to work on /home/airflow/.local/lib/python3.8/site-packages/airflow/example_dags/example_branch_python_dop_operator_3.py
[2023-12-19T09:08:57.780+0000] {processor.py:830} INFO - Processing file /home/airflow/.local/lib/python3.8/site-packages/airflow/example_dags/example_branch_python_dop_operator_3.py for tasks to queue
[2023-12-19T09:08:57.783+0000] {logging_mixin.py:188} INFO - [2023-12-19T09:08:57.783+0000] {dagbag.py:538} INFO - Filling up the DagBag from /home/airflow/.local/lib/python3.8/site-packages/airflow/example_dags/example_branch_python_dop_operator_3.py
[2023-12-19T09:08:57.791+0000] {processor.py:840} INFO - DAG(s) 'example_branch_dop_operator_v3' retrieved from /home/airflow/.local/lib/python3.8/site-packages/airflow/example_dags/example_branch_python_dop_operator_3.py
[2023-12-19T09:08:57.810+0000] {logging_mixin.py:188} INFO - [2023-12-19T09:08:57.810+0000] {dag.py:3033} INFO - Sync 1 DAGs
[2023-12-19T09:08:57.829+0000] {logging_mixin.py:188} INFO - [2023-12-19T09:08:57.829+0000] {dag.py:3820} INFO - Setting next_dagrun for example_branch_dop_operator_v3 to 2023-12-19T09:07:00+00:00, run_after=2023-12-19T09:08:00+00:00
[2023-12-19T09:08:57.844+0000] {processor.py:183} INFO - Processing /home/airflow/.local/lib/python3.8/site-packages/airflow/example_dags/example_branch_python_dop_operator_3.py took 0.068 seconds
[2023-12-19T09:09:27.955+0000] {processor.py:161} INFO - Started process (PID=667) to work on /home/airflow/.local/lib/python3.8/site-packages/airflow/example_dags/example_branch_python_dop_operator_3.py
[2023-12-19T09:09:27.958+0000] {processor.py:830} INFO - Processing file /home/airflow/.local/lib/python3.8/site-packages/airflow/example_dags/example_branch_python_dop_operator_3.py for tasks to queue
[2023-12-19T09:09:27.960+0000] {logging_mixin.py:188} INFO - [2023-12-19T09:09:27.960+0000] {dagbag.py:538} INFO - Filling up the DagBag from /home/airflow/.local/lib/python3.8/site-packages/airflow/example_dags/example_branch_python_dop_operator_3.py
[2023-12-19T09:09:27.969+0000] {processor.py:840} INFO - DAG(s) 'example_branch_dop_operator_v3' retrieved from /home/airflow/.local/lib/python3.8/site-packages/airflow/example_dags/example_branch_python_dop_operator_3.py
[2023-12-19T09:09:27.986+0000] {logging_mixin.py:188} INFO - [2023-12-19T09:09:27.985+0000] {dag.py:3033} INFO - Sync 1 DAGs
[2023-12-19T09:09:28.004+0000] {logging_mixin.py:188} INFO - [2023-12-19T09:09:28.004+0000] {dag.py:3820} INFO - Setting next_dagrun for example_branch_dop_operator_v3 to 2023-12-19T09:08:00+00:00, run_after=2023-12-19T09:09:00+00:00
[2023-12-19T09:09:28.019+0000] {processor.py:183} INFO - Processing /home/airflow/.local/lib/python3.8/site-packages/airflow/example_dags/example_branch_python_dop_operator_3.py took 0.068 seconds
[2023-12-19T09:09:58.358+0000] {processor.py:161} INFO - Started process (PID=722) to work on /home/airflow/.local/lib/python3.8/site-packages/airflow/example_dags/example_branch_python_dop_operator_3.py
[2023-12-19T09:09:58.360+0000] {processor.py:830} INFO - Processing file /home/airflow/.local/lib/python3.8/site-packages/airflow/example_dags/example_branch_python_dop_operator_3.py for tasks to queue
[2023-12-19T09:09:58.363+0000] {logging_mixin.py:188} INFO - [2023-12-19T09:09:58.363+0000] {dagbag.py:538} INFO - Filling up the DagBag from /home/airflow/.local/lib/python3.8/site-packages/airflow/example_dags/example_branch_python_dop_operator_3.py
[2023-12-19T09:09:58.373+0000] {processor.py:840} INFO - DAG(s) 'example_branch_dop_operator_v3' retrieved from /home/airflow/.local/lib/python3.8/site-packages/airflow/example_dags/example_branch_python_dop_operator_3.py
[2023-12-19T09:09:58.393+0000] {logging_mixin.py:188} INFO - [2023-12-19T09:09:58.393+0000] {dag.py:3033} INFO - Sync 1 DAGs
[2023-12-19T09:09:58.414+0000] {logging_mixin.py:188} INFO - [2023-12-19T09:09:58.414+0000] {dag.py:3820} INFO - Setting next_dagrun for example_branch_dop_operator_v3 to 2023-12-19T09:08:00+00:00, run_after=2023-12-19T09:09:00+00:00
[2023-12-19T09:09:58.431+0000] {processor.py:183} INFO - Processing /home/airflow/.local/lib/python3.8/site-packages/airflow/example_dags/example_branch_python_dop_operator_3.py took 0.076 seconds
[2023-12-19T09:10:28.637+0000] {processor.py:161} INFO - Started process (PID=778) to work on /home/airflow/.local/lib/python3.8/site-packages/airflow/example_dags/example_branch_python_dop_operator_3.py
[2023-12-19T09:10:28.638+0000] {processor.py:830} INFO - Processing file /home/airflow/.local/lib/python3.8/site-packages/airflow/example_dags/example_branch_python_dop_operator_3.py for tasks to queue
[2023-12-19T09:10:28.641+0000] {logging_mixin.py:188} INFO - [2023-12-19T09:10:28.641+0000] {dagbag.py:538} INFO - Filling up the DagBag from /home/airflow/.local/lib/python3.8/site-packages/airflow/example_dags/example_branch_python_dop_operator_3.py
[2023-12-19T09:10:28.648+0000] {processor.py:840} INFO - DAG(s) 'example_branch_dop_operator_v3' retrieved from /home/airflow/.local/lib/python3.8/site-packages/airflow/example_dags/example_branch_python_dop_operator_3.py
[2023-12-19T09:10:28.667+0000] {logging_mixin.py:188} INFO - [2023-12-19T09:10:28.667+0000] {dag.py:3033} INFO - Sync 1 DAGs
[2023-12-19T09:10:28.685+0000] {logging_mixin.py:188} INFO - [2023-12-19T09:10:28.685+0000] {dag.py:3820} INFO - Setting next_dagrun for example_branch_dop_operator_v3 to 2023-12-19T09:09:00+00:00, run_after=2023-12-19T09:10:00+00:00
[2023-12-19T09:10:28.700+0000] {processor.py:183} INFO - Processing /home/airflow/.local/lib/python3.8/site-packages/airflow/example_dags/example_branch_python_dop_operator_3.py took 0.066 seconds
[2023-12-19T09:10:59.038+0000] {processor.py:161} INFO - Started process (PID=833) to work on /home/airflow/.local/lib/python3.8/site-packages/airflow/example_dags/example_branch_python_dop_operator_3.py
[2023-12-19T09:10:59.040+0000] {processor.py:830} INFO - Processing file /home/airflow/.local/lib/python3.8/site-packages/airflow/example_dags/example_branch_python_dop_operator_3.py for tasks to queue
[2023-12-19T09:10:59.044+0000] {logging_mixin.py:188} INFO - [2023-12-19T09:10:59.043+0000] {dagbag.py:538} INFO - Filling up the DagBag from /home/airflow/.local/lib/python3.8/site-packages/airflow/example_dags/example_branch_python_dop_operator_3.py
[2023-12-19T09:10:59.051+0000] {processor.py:840} INFO - DAG(s) 'example_branch_dop_operator_v3' retrieved from /home/airflow/.local/lib/python3.8/site-packages/airflow/example_dags/example_branch_python_dop_operator_3.py
[2023-12-19T09:10:59.068+0000] {logging_mixin.py:188} INFO - [2023-12-19T09:10:59.068+0000] {dag.py:3033} INFO - Sync 1 DAGs
[2023-12-19T09:10:59.089+0000] {logging_mixin.py:188} INFO - [2023-12-19T09:10:59.089+0000] {dag.py:3820} INFO - Setting next_dagrun for example_branch_dop_operator_v3 to 2023-12-19T09:09:00+00:00, run_after=2023-12-19T09:10:00+00:00
[2023-12-19T09:10:59.104+0000] {processor.py:183} INFO - Processing /home/airflow/.local/lib/python3.8/site-packages/airflow/example_dags/example_branch_python_dop_operator_3.py took 0.068 seconds
[2023-12-19T09:11:29.236+0000] {processor.py:161} INFO - Started process (PID=888) to work on /home/airflow/.local/lib/python3.8/site-packages/airflow/example_dags/example_branch_python_dop_operator_3.py
[2023-12-19T09:11:29.238+0000] {processor.py:830} INFO - Processing file /home/airflow/.local/lib/python3.8/site-packages/airflow/example_dags/example_branch_python_dop_operator_3.py for tasks to queue
[2023-12-19T09:11:29.240+0000] {logging_mixin.py:188} INFO - [2023-12-19T09:11:29.240+0000] {dagbag.py:538} INFO - Filling up the DagBag from /home/airflow/.local/lib/python3.8/site-packages/airflow/example_dags/example_branch_python_dop_operator_3.py
[2023-12-19T09:11:29.248+0000] {processor.py:840} INFO - DAG(s) 'example_branch_dop_operator_v3' retrieved from /home/airflow/.local/lib/python3.8/site-packages/airflow/example_dags/example_branch_python_dop_operator_3.py
[2023-12-19T09:11:29.265+0000] {logging_mixin.py:188} INFO - [2023-12-19T09:11:29.265+0000] {dag.py:3033} INFO - Sync 1 DAGs
[2023-12-19T09:11:29.283+0000] {logging_mixin.py:188} INFO - [2023-12-19T09:11:29.282+0000] {dag.py:3820} INFO - Setting next_dagrun for example_branch_dop_operator_v3 to 2023-12-19T09:10:00+00:00, run_after=2023-12-19T09:11:00+00:00
[2023-12-19T09:11:29.295+0000] {processor.py:183} INFO - Processing /home/airflow/.local/lib/python3.8/site-packages/airflow/example_dags/example_branch_python_dop_operator_3.py took 0.062 seconds
[2023-12-19T09:11:59.810+0000] {processor.py:161} INFO - Started process (PID=943) to work on /home/airflow/.local/lib/python3.8/site-packages/airflow/example_dags/example_branch_python_dop_operator_3.py
[2023-12-19T09:11:59.812+0000] {processor.py:830} INFO - Processing file /home/airflow/.local/lib/python3.8/site-packages/airflow/example_dags/example_branch_python_dop_operator_3.py for tasks to queue
[2023-12-19T09:11:59.814+0000] {logging_mixin.py:188} INFO - [2023-12-19T09:11:59.814+0000] {dagbag.py:538} INFO - Filling up the DagBag from /home/airflow/.local/lib/python3.8/site-packages/airflow/example_dags/example_branch_python_dop_operator_3.py
[2023-12-19T09:11:59.820+0000] {processor.py:840} INFO - DAG(s) 'example_branch_dop_operator_v3' retrieved from /home/airflow/.local/lib/python3.8/site-packages/airflow/example_dags/example_branch_python_dop_operator_3.py
[2023-12-19T09:11:59.835+0000] {logging_mixin.py:188} INFO - [2023-12-19T09:11:59.835+0000] {dag.py:3033} INFO - Sync 1 DAGs
[2023-12-19T09:11:59.850+0000] {logging_mixin.py:188} INFO - [2023-12-19T09:11:59.850+0000] {dag.py:3820} INFO - Setting next_dagrun for example_branch_dop_operator_v3 to 2023-12-19T09:10:00+00:00, run_after=2023-12-19T09:11:00+00:00
[2023-12-19T09:11:59.862+0000] {processor.py:183} INFO - Processing /home/airflow/.local/lib/python3.8/site-packages/airflow/example_dags/example_branch_python_dop_operator_3.py took 0.055 seconds
[2023-12-19T09:12:30.370+0000] {processor.py:161} INFO - Started process (PID=999) to work on /home/airflow/.local/lib/python3.8/site-packages/airflow/example_dags/example_branch_python_dop_operator_3.py
[2023-12-19T09:12:30.374+0000] {processor.py:830} INFO - Processing file /home/airflow/.local/lib/python3.8/site-packages/airflow/example_dags/example_branch_python_dop_operator_3.py for tasks to queue
[2023-12-19T09:12:30.376+0000] {logging_mixin.py:188} INFO - [2023-12-19T09:12:30.376+0000] {dagbag.py:538} INFO - Filling up the DagBag from /home/airflow/.local/lib/python3.8/site-packages/airflow/example_dags/example_branch_python_dop_operator_3.py
[2023-12-19T09:12:30.382+0000] {processor.py:840} INFO - DAG(s) 'example_branch_dop_operator_v3' retrieved from /home/airflow/.local/lib/python3.8/site-packages/airflow/example_dags/example_branch_python_dop_operator_3.py
[2023-12-19T09:12:30.397+0000] {logging_mixin.py:188} INFO - [2023-12-19T09:12:30.396+0000] {dag.py:3033} INFO - Sync 1 DAGs
[2023-12-19T09:12:30.411+0000] {logging_mixin.py:188} INFO - [2023-12-19T09:12:30.411+0000] {dag.py:3820} INFO - Setting next_dagrun for example_branch_dop_operator_v3 to 2023-12-19T09:11:00+00:00, run_after=2023-12-19T09:12:00+00:00
[2023-12-19T09:12:30.423+0000] {processor.py:183} INFO - Processing /home/airflow/.local/lib/python3.8/site-packages/airflow/example_dags/example_branch_python_dop_operator_3.py took 0.055 seconds
[2023-12-19T09:13:00.861+0000] {processor.py:161} INFO - Started process (PID=1054) to work on /home/airflow/.local/lib/python3.8/site-packages/airflow/example_dags/example_branch_python_dop_operator_3.py
[2023-12-19T09:13:00.863+0000] {processor.py:830} INFO - Processing file /home/airflow/.local/lib/python3.8/site-packages/airflow/example_dags/example_branch_python_dop_operator_3.py for tasks to queue
[2023-12-19T09:13:00.865+0000] {logging_mixin.py:188} INFO - [2023-12-19T09:13:00.865+0000] {dagbag.py:538} INFO - Filling up the DagBag from /home/airflow/.local/lib/python3.8/site-packages/airflow/example_dags/example_branch_python_dop_operator_3.py
[2023-12-19T09:13:00.872+0000] {processor.py:840} INFO - DAG(s) 'example_branch_dop_operator_v3' retrieved from /home/airflow/.local/lib/python3.8/site-packages/airflow/example_dags/example_branch_python_dop_operator_3.py
[2023-12-19T09:13:00.888+0000] {logging_mixin.py:188} INFO - [2023-12-19T09:13:00.888+0000] {dag.py:3033} INFO - Sync 1 DAGs
[2023-12-19T09:13:00.910+0000] {logging_mixin.py:188} INFO - [2023-12-19T09:13:00.909+0000] {dag.py:3820} INFO - Setting next_dagrun for example_branch_dop_operator_v3 to 2023-12-19T09:12:00+00:00, run_after=2023-12-19T09:13:00+00:00
[2023-12-19T09:13:00.923+0000] {processor.py:183} INFO - Processing /home/airflow/.local/lib/python3.8/site-packages/airflow/example_dags/example_branch_python_dop_operator_3.py took 0.064 seconds
[2023-12-19T09:13:31.369+0000] {processor.py:161} INFO - Started process (PID=1109) to work on /home/airflow/.local/lib/python3.8/site-packages/airflow/example_dags/example_branch_python_dop_operator_3.py
[2023-12-19T09:13:31.371+0000] {processor.py:830} INFO - Processing file /home/airflow/.local/lib/python3.8/site-packages/airflow/example_dags/example_branch_python_dop_operator_3.py for tasks to queue
[2023-12-19T09:13:31.374+0000] {logging_mixin.py:188} INFO - [2023-12-19T09:13:31.374+0000] {dagbag.py:538} INFO - Filling up the DagBag from /home/airflow/.local/lib/python3.8/site-packages/airflow/example_dags/example_branch_python_dop_operator_3.py
[2023-12-19T09:13:31.380+0000] {processor.py:840} INFO - DAG(s) 'example_branch_dop_operator_v3' retrieved from /home/airflow/.local/lib/python3.8/site-packages/airflow/example_dags/example_branch_python_dop_operator_3.py
[2023-12-19T09:13:31.397+0000] {logging_mixin.py:188} INFO - [2023-12-19T09:13:31.397+0000] {dag.py:3033} INFO - Sync 1 DAGs
[2023-12-19T09:13:31.413+0000] {logging_mixin.py:188} INFO - [2023-12-19T09:13:31.413+0000] {dag.py:3820} INFO - Setting next_dagrun for example_branch_dop_operator_v3 to 2023-12-19T09:12:00+00:00, run_after=2023-12-19T09:13:00+00:00
[2023-12-19T09:13:31.427+0000] {processor.py:183} INFO - Processing /home/airflow/.local/lib/python3.8/site-packages/airflow/example_dags/example_branch_python_dop_operator_3.py took 0.060 seconds
[2023-12-19T09:14:01.999+0000] {processor.py:161} INFO - Started process (PID=1164) to work on /home/airflow/.local/lib/python3.8/site-packages/airflow/example_dags/example_branch_python_dop_operator_3.py
[2023-12-19T09:14:02.001+0000] {processor.py:830} INFO - Processing file /home/airflow/.local/lib/python3.8/site-packages/airflow/example_dags/example_branch_python_dop_operator_3.py for tasks to queue
[2023-12-19T09:14:02.003+0000] {logging_mixin.py:188} INFO - [2023-12-19T09:14:02.002+0000] {dagbag.py:538} INFO - Filling up the DagBag from /home/airflow/.local/lib/python3.8/site-packages/airflow/example_dags/example_branch_python_dop_operator_3.py
[2023-12-19T09:14:02.009+0000] {processor.py:840} INFO - DAG(s) 'example_branch_dop_operator_v3' retrieved from /home/airflow/.local/lib/python3.8/site-packages/airflow/example_dags/example_branch_python_dop_operator_3.py
[2023-12-19T09:14:02.024+0000] {logging_mixin.py:188} INFO - [2023-12-19T09:14:02.024+0000] {dag.py:3033} INFO - Sync 1 DAGs
[2023-12-19T09:14:02.040+0000] {logging_mixin.py:188} INFO - [2023-12-19T09:14:02.040+0000] {dag.py:3820} INFO - Setting next_dagrun for example_branch_dop_operator_v3 to 2023-12-19T09:13:00+00:00, run_after=2023-12-19T09:14:00+00:00
[2023-12-19T09:14:02.051+0000] {processor.py:183} INFO - Processing /home/airflow/.local/lib/python3.8/site-packages/airflow/example_dags/example_branch_python_dop_operator_3.py took 0.054 seconds
[2023-12-19T09:14:32.553+0000] {processor.py:161} INFO - Started process (PID=1219) to work on /home/airflow/.local/lib/python3.8/site-packages/airflow/example_dags/example_branch_python_dop_operator_3.py
[2023-12-19T09:14:32.555+0000] {processor.py:830} INFO - Processing file /home/airflow/.local/lib/python3.8/site-packages/airflow/example_dags/example_branch_python_dop_operator_3.py for tasks to queue
[2023-12-19T09:14:32.558+0000] {logging_mixin.py:188} INFO - [2023-12-19T09:14:32.558+0000] {dagbag.py:538} INFO - Filling up the DagBag from /home/airflow/.local/lib/python3.8/site-packages/airflow/example_dags/example_branch_python_dop_operator_3.py
[2023-12-19T09:14:32.563+0000] {processor.py:840} INFO - DAG(s) 'example_branch_dop_operator_v3' retrieved from /home/airflow/.local/lib/python3.8/site-packages/airflow/example_dags/example_branch_python_dop_operator_3.py
[2023-12-19T09:14:32.576+0000] {logging_mixin.py:188} INFO - [2023-12-19T09:14:32.576+0000] {dag.py:3033} INFO - Sync 1 DAGs
[2023-12-19T09:14:32.591+0000] {logging_mixin.py:188} INFO - [2023-12-19T09:14:32.591+0000] {dag.py:3820} INFO - Setting next_dagrun for example_branch_dop_operator_v3 to 2023-12-19T09:13:00+00:00, run_after=2023-12-19T09:14:00+00:00
[2023-12-19T09:14:32.601+0000] {processor.py:183} INFO - Processing /home/airflow/.local/lib/python3.8/site-packages/airflow/example_dags/example_branch_python_dop_operator_3.py took 0.050 seconds
[2023-12-19T09:15:02.960+0000] {processor.py:161} INFO - Started process (PID=1274) to work on /home/airflow/.local/lib/python3.8/site-packages/airflow/example_dags/example_branch_python_dop_operator_3.py
[2023-12-19T09:15:02.962+0000] {processor.py:830} INFO - Processing file /home/airflow/.local/lib/python3.8/site-packages/airflow/example_dags/example_branch_python_dop_operator_3.py for tasks to queue
[2023-12-19T09:15:02.964+0000] {logging_mixin.py:188} INFO - [2023-12-19T09:15:02.964+0000] {dagbag.py:538} INFO - Filling up the DagBag from /home/airflow/.local/lib/python3.8/site-packages/airflow/example_dags/example_branch_python_dop_operator_3.py
[2023-12-19T09:15:02.970+0000] {processor.py:840} INFO - DAG(s) 'example_branch_dop_operator_v3' retrieved from /home/airflow/.local/lib/python3.8/site-packages/airflow/example_dags/example_branch_python_dop_operator_3.py
[2023-12-19T09:15:02.987+0000] {logging_mixin.py:188} INFO - [2023-12-19T09:15:02.987+0000] {dag.py:3033} INFO - Sync 1 DAGs
[2023-12-19T09:15:03.004+0000] {logging_mixin.py:188} INFO - [2023-12-19T09:15:03.004+0000] {dag.py:3820} INFO - Setting next_dagrun for example_branch_dop_operator_v3 to 2023-12-19T09:14:00+00:00, run_after=2023-12-19T09:15:00+00:00
[2023-12-19T09:15:03.020+0000] {processor.py:183} INFO - Processing /home/airflow/.local/lib/python3.8/site-packages/airflow/example_dags/example_branch_python_dop_operator_3.py took 0.062 seconds
[2023-12-19T09:15:33.786+0000] {processor.py:161} INFO - Started process (PID=1329) to work on /home/airflow/.local/lib/python3.8/site-packages/airflow/example_dags/example_branch_python_dop_operator_3.py
[2023-12-19T09:15:33.788+0000] {processor.py:830} INFO - Processing file /home/airflow/.local/lib/python3.8/site-packages/airflow/example_dags/example_branch_python_dop_operator_3.py for tasks to queue
[2023-12-19T09:15:33.790+0000] {logging_mixin.py:188} INFO - [2023-12-19T09:15:33.790+0000] {dagbag.py:538} INFO - Filling up the DagBag from /home/airflow/.local/lib/python3.8/site-packages/airflow/example_dags/example_branch_python_dop_operator_3.py
[2023-12-19T09:15:33.796+0000] {processor.py:840} INFO - DAG(s) 'example_branch_dop_operator_v3' retrieved from /home/airflow/.local/lib/python3.8/site-packages/airflow/example_dags/example_branch_python_dop_operator_3.py
[2023-12-19T09:15:33.811+0000] {logging_mixin.py:188} INFO - [2023-12-19T09:15:33.810+0000] {dag.py:3033} INFO - Sync 1 DAGs
[2023-12-19T09:15:33.824+0000] {logging_mixin.py:188} INFO - [2023-12-19T09:15:33.824+0000] {dag.py:3820} INFO - Setting next_dagrun for example_branch_dop_operator_v3 to 2023-12-19T09:14:00+00:00, run_after=2023-12-19T09:15:00+00:00
[2023-12-19T09:15:33.835+0000] {processor.py:183} INFO - Processing /home/airflow/.local/lib/python3.8/site-packages/airflow/example_dags/example_branch_python_dop_operator_3.py took 0.051 seconds
[2023-12-19T09:16:04.309+0000] {processor.py:161} INFO - Started process (PID=1384) to work on /home/airflow/.local/lib/python3.8/site-packages/airflow/example_dags/example_branch_python_dop_operator_3.py
[2023-12-19T09:16:04.311+0000] {processor.py:830} INFO - Processing file /home/airflow/.local/lib/python3.8/site-packages/airflow/example_dags/example_branch_python_dop_operator_3.py for tasks to queue
[2023-12-19T09:16:04.314+0000] {logging_mixin.py:188} INFO - [2023-12-19T09:16:04.313+0000] {dagbag.py:538} INFO - Filling up the DagBag from /home/airflow/.local/lib/python3.8/site-packages/airflow/example_dags/example_branch_python_dop_operator_3.py
[2023-12-19T09:16:04.320+0000] {processor.py:840} INFO - DAG(s) 'example_branch_dop_operator_v3' retrieved from /home/airflow/.local/lib/python3.8/site-packages/airflow/example_dags/example_branch_python_dop_operator_3.py
[2023-12-19T09:16:04.340+0000] {logging_mixin.py:188} INFO - [2023-12-19T09:16:04.340+0000] {dag.py:3033} INFO - Sync 1 DAGs
[2023-12-19T09:16:04.357+0000] {logging_mixin.py:188} INFO - [2023-12-19T09:16:04.356+0000] {dag.py:3820} INFO - Setting next_dagrun for example_branch_dop_operator_v3 to 2023-12-19T09:15:00+00:00, run_after=2023-12-19T09:16:00+00:00
[2023-12-19T09:16:04.371+0000] {processor.py:183} INFO - Processing /home/airflow/.local/lib/python3.8/site-packages/airflow/example_dags/example_branch_python_dop_operator_3.py took 0.065 seconds
[2023-12-19T09:16:34.850+0000] {processor.py:161} INFO - Started process (PID=1439) to work on /home/airflow/.local/lib/python3.8/site-packages/airflow/example_dags/example_branch_python_dop_operator_3.py
[2023-12-19T09:16:34.852+0000] {processor.py:830} INFO - Processing file /home/airflow/.local/lib/python3.8/site-packages/airflow/example_dags/example_branch_python_dop_operator_3.py for tasks to queue
[2023-12-19T09:16:34.854+0000] {logging_mixin.py:188} INFO - [2023-12-19T09:16:34.854+0000] {dagbag.py:538} INFO - Filling up the DagBag from /home/airflow/.local/lib/python3.8/site-packages/airflow/example_dags/example_branch_python_dop_operator_3.py
[2023-12-19T09:16:34.860+0000] {processor.py:840} INFO - DAG(s) 'example_branch_dop_operator_v3' retrieved from /home/airflow/.local/lib/python3.8/site-packages/airflow/example_dags/example_branch_python_dop_operator_3.py
[2023-12-19T09:16:34.876+0000] {logging_mixin.py:188} INFO - [2023-12-19T09:16:34.876+0000] {dag.py:3033} INFO - Sync 1 DAGs
[2023-12-19T09:16:34.892+0000] {logging_mixin.py:188} INFO - [2023-12-19T09:16:34.892+0000] {dag.py:3820} INFO - Setting next_dagrun for example_branch_dop_operator_v3 to 2023-12-19T09:15:00+00:00, run_after=2023-12-19T09:16:00+00:00
[2023-12-19T09:16:34.903+0000] {processor.py:183} INFO - Processing /home/airflow/.local/lib/python3.8/site-packages/airflow/example_dags/example_branch_python_dop_operator_3.py took 0.055 seconds
[2023-12-19T09:17:05.441+0000] {processor.py:161} INFO - Started process (PID=1494) to work on /home/airflow/.local/lib/python3.8/site-packages/airflow/example_dags/example_branch_python_dop_operator_3.py
[2023-12-19T09:17:05.442+0000] {processor.py:830} INFO - Processing file /home/airflow/.local/lib/python3.8/site-packages/airflow/example_dags/example_branch_python_dop_operator_3.py for tasks to queue
[2023-12-19T09:17:05.444+0000] {logging_mixin.py:188} INFO - [2023-12-19T09:17:05.444+0000] {dagbag.py:538} INFO - Filling up the DagBag from /home/airflow/.local/lib/python3.8/site-packages/airflow/example_dags/example_branch_python_dop_operator_3.py
[2023-12-19T09:17:05.451+0000] {processor.py:840} INFO - DAG(s) 'example_branch_dop_operator_v3' retrieved from /home/airflow/.local/lib/python3.8/site-packages/airflow/example_dags/example_branch_python_dop_operator_3.py
[2023-12-19T09:17:05.466+0000] {logging_mixin.py:188} INFO - [2023-12-19T09:17:05.466+0000] {dag.py:3033} INFO - Sync 1 DAGs
[2023-12-19T09:17:05.481+0000] {logging_mixin.py:188} INFO - [2023-12-19T09:17:05.481+0000] {dag.py:3820} INFO - Setting next_dagrun for example_branch_dop_operator_v3 to 2023-12-19T09:16:00+00:00, run_after=2023-12-19T09:17:00+00:00
[2023-12-19T09:17:05.494+0000] {processor.py:183} INFO - Processing /home/airflow/.local/lib/python3.8/site-packages/airflow/example_dags/example_branch_python_dop_operator_3.py took 0.056 seconds
[2023-12-19T09:17:35.958+0000] {processor.py:161} INFO - Started process (PID=1549) to work on /home/airflow/.local/lib/python3.8/site-packages/airflow/example_dags/example_branch_python_dop_operator_3.py
[2023-12-19T09:17:35.960+0000] {processor.py:830} INFO - Processing file /home/airflow/.local/lib/python3.8/site-packages/airflow/example_dags/example_branch_python_dop_operator_3.py for tasks to queue
[2023-12-19T09:17:35.963+0000] {logging_mixin.py:188} INFO - [2023-12-19T09:17:35.963+0000] {dagbag.py:538} INFO - Filling up the DagBag from /home/airflow/.local/lib/python3.8/site-packages/airflow/example_dags/example_branch_python_dop_operator_3.py
[2023-12-19T09:17:35.969+0000] {processor.py:840} INFO - DAG(s) 'example_branch_dop_operator_v3' retrieved from /home/airflow/.local/lib/python3.8/site-packages/airflow/example_dags/example_branch_python_dop_operator_3.py
[2023-12-19T09:17:35.984+0000] {logging_mixin.py:188} INFO - [2023-12-19T09:17:35.984+0000] {dag.py:3033} INFO - Sync 1 DAGs
[2023-12-19T09:17:36.001+0000] {logging_mixin.py:188} INFO - [2023-12-19T09:17:36.001+0000] {dag.py:3820} INFO - Setting next_dagrun for example_branch_dop_operator_v3 to 2023-12-19T09:16:00+00:00, run_after=2023-12-19T09:17:00+00:00
[2023-12-19T09:17:36.014+0000] {processor.py:183} INFO - Processing /home/airflow/.local/lib/python3.8/site-packages/airflow/example_dags/example_branch_python_dop_operator_3.py took 0.059 seconds
[2023-12-19T09:18:06.460+0000] {processor.py:161} INFO - Started process (PID=1604) to work on /home/airflow/.local/lib/python3.8/site-packages/airflow/example_dags/example_branch_python_dop_operator_3.py
[2023-12-19T09:18:06.461+0000] {processor.py:830} INFO - Processing file /home/airflow/.local/lib/python3.8/site-packages/airflow/example_dags/example_branch_python_dop_operator_3.py for tasks to queue
[2023-12-19T09:18:06.463+0000] {logging_mixin.py:188} INFO - [2023-12-19T09:18:06.463+0000] {dagbag.py:538} INFO - Filling up the DagBag from /home/airflow/.local/lib/python3.8/site-packages/airflow/example_dags/example_branch_python_dop_operator_3.py
[2023-12-19T09:18:06.470+0000] {processor.py:840} INFO - DAG(s) 'example_branch_dop_operator_v3' retrieved from /home/airflow/.local/lib/python3.8/site-packages/airflow/example_dags/example_branch_python_dop_operator_3.py
[2023-12-19T09:18:06.488+0000] {logging_mixin.py:188} INFO - [2023-12-19T09:18:06.488+0000] {dag.py:3033} INFO - Sync 1 DAGs
[2023-12-19T09:18:06.503+0000] {logging_mixin.py:188} INFO - [2023-12-19T09:18:06.503+0000] {dag.py:3820} INFO - Setting next_dagrun for example_branch_dop_operator_v3 to 2023-12-19T09:17:00+00:00, run_after=2023-12-19T09:18:00+00:00
[2023-12-19T09:18:06.516+0000] {processor.py:183} INFO - Processing /home/airflow/.local/lib/python3.8/site-packages/airflow/example_dags/example_branch_python_dop_operator_3.py took 0.058 seconds
[2023-12-19T09:18:37.057+0000] {processor.py:161} INFO - Started process (PID=1659) to work on /home/airflow/.local/lib/python3.8/site-packages/airflow/example_dags/example_branch_python_dop_operator_3.py
[2023-12-19T09:18:37.059+0000] {processor.py:830} INFO - Processing file /home/airflow/.local/lib/python3.8/site-packages/airflow/example_dags/example_branch_python_dop_operator_3.py for tasks to queue
[2023-12-19T09:18:37.062+0000] {logging_mixin.py:188} INFO - [2023-12-19T09:18:37.061+0000] {dagbag.py:538} INFO - Filling up the DagBag from /home/airflow/.local/lib/python3.8/site-packages/airflow/example_dags/example_branch_python_dop_operator_3.py
[2023-12-19T09:18:37.067+0000] {processor.py:840} INFO - DAG(s) 'example_branch_dop_operator_v3' retrieved from /home/airflow/.local/lib/python3.8/site-packages/airflow/example_dags/example_branch_python_dop_operator_3.py
[2023-12-19T09:18:37.083+0000] {logging_mixin.py:188} INFO - [2023-12-19T09:18:37.083+0000] {dag.py:3033} INFO - Sync 1 DAGs
[2023-12-19T09:18:37.101+0000] {logging_mixin.py:188} INFO - [2023-12-19T09:18:37.100+0000] {dag.py:3820} INFO - Setting next_dagrun for example_branch_dop_operator_v3 to 2023-12-19T09:17:00+00:00, run_after=2023-12-19T09:18:00+00:00
[2023-12-19T09:18:37.113+0000] {processor.py:183} INFO - Processing /home/airflow/.local/lib/python3.8/site-packages/airflow/example_dags/example_branch_python_dop_operator_3.py took 0.058 seconds
[2023-12-19T09:19:08.227+0000] {processor.py:161} INFO - Started process (PID=1714) to work on /home/airflow/.local/lib/python3.8/site-packages/airflow/example_dags/example_branch_python_dop_operator_3.py
[2023-12-19T09:19:08.228+0000] {processor.py:830} INFO - Processing file /home/airflow/.local/lib/python3.8/site-packages/airflow/example_dags/example_branch_python_dop_operator_3.py for tasks to queue
[2023-12-19T09:19:08.231+0000] {logging_mixin.py:188} INFO - [2023-12-19T09:19:08.230+0000] {dagbag.py:538} INFO - Filling up the DagBag from /home/airflow/.local/lib/python3.8/site-packages/airflow/example_dags/example_branch_python_dop_operator_3.py
[2023-12-19T09:19:08.238+0000] {processor.py:840} INFO - DAG(s) 'example_branch_dop_operator_v3' retrieved from /home/airflow/.local/lib/python3.8/site-packages/airflow/example_dags/example_branch_python_dop_operator_3.py
[2023-12-19T09:19:08.258+0000] {logging_mixin.py:188} INFO - [2023-12-19T09:19:08.258+0000] {dag.py:3033} INFO - Sync 1 DAGs
[2023-12-19T09:19:08.274+0000] {logging_mixin.py:188} INFO - [2023-12-19T09:19:08.274+0000] {dag.py:3820} INFO - Setting next_dagrun for example_branch_dop_operator_v3 to 2023-12-19T09:18:00+00:00, run_after=2023-12-19T09:19:00+00:00
[2023-12-19T09:19:08.288+0000] {processor.py:183} INFO - Processing /home/airflow/.local/lib/python3.8/site-packages/airflow/example_dags/example_branch_python_dop_operator_3.py took 0.064 seconds
[2023-12-19T09:19:39.619+0000] {processor.py:161} INFO - Started process (PID=1769) to work on /home/airflow/.local/lib/python3.8/site-packages/airflow/example_dags/example_branch_python_dop_operator_3.py
[2023-12-19T09:19:39.620+0000] {processor.py:830} INFO - Processing file /home/airflow/.local/lib/python3.8/site-packages/airflow/example_dags/example_branch_python_dop_operator_3.py for tasks to queue
[2023-12-19T09:19:39.623+0000] {logging_mixin.py:188} INFO - [2023-12-19T09:19:39.623+0000] {dagbag.py:538} INFO - Filling up the DagBag from /home/airflow/.local/lib/python3.8/site-packages/airflow/example_dags/example_branch_python_dop_operator_3.py
[2023-12-19T09:19:39.631+0000] {processor.py:840} INFO - DAG(s) 'example_branch_dop_operator_v3' retrieved from /home/airflow/.local/lib/python3.8/site-packages/airflow/example_dags/example_branch_python_dop_operator_3.py
[2023-12-19T09:19:39.648+0000] {logging_mixin.py:188} INFO - [2023-12-19T09:19:39.648+0000] {dag.py:3033} INFO - Sync 1 DAGs
[2023-12-19T09:19:39.771+0000] {logging_mixin.py:188} INFO - [2023-12-19T09:19:39.771+0000] {dag.py:3820} INFO - Setting next_dagrun for example_branch_dop_operator_v3 to 2023-12-19T09:18:00+00:00, run_after=2023-12-19T09:19:00+00:00
[2023-12-19T09:19:39.787+0000] {processor.py:183} INFO - Processing /home/airflow/.local/lib/python3.8/site-packages/airflow/example_dags/example_branch_python_dop_operator_3.py took 0.171 seconds
[2023-12-19T09:20:10.191+0000] {processor.py:161} INFO - Started process (PID=1823) to work on /home/airflow/.local/lib/python3.8/site-packages/airflow/example_dags/example_branch_python_dop_operator_3.py
[2023-12-19T09:20:10.193+0000] {processor.py:830} INFO - Processing file /home/airflow/.local/lib/python3.8/site-packages/airflow/example_dags/example_branch_python_dop_operator_3.py for tasks to queue
[2023-12-19T09:20:10.195+0000] {logging_mixin.py:188} INFO - [2023-12-19T09:20:10.195+0000] {dagbag.py:538} INFO - Filling up the DagBag from /home/airflow/.local/lib/python3.8/site-packages/airflow/example_dags/example_branch_python_dop_operator_3.py
[2023-12-19T09:20:10.204+0000] {processor.py:840} INFO - DAG(s) 'example_branch_dop_operator_v3' retrieved from /home/airflow/.local/lib/python3.8/site-packages/airflow/example_dags/example_branch_python_dop_operator_3.py
[2023-12-19T09:20:10.224+0000] {logging_mixin.py:188} INFO - [2023-12-19T09:20:10.224+0000] {dag.py:3033} INFO - Sync 1 DAGs
[2023-12-19T09:20:10.240+0000] {logging_mixin.py:188} INFO - [2023-12-19T09:20:10.240+0000] {dag.py:3820} INFO - Setting next_dagrun for example_branch_dop_operator_v3 to 2023-12-19T09:19:00+00:00, run_after=2023-12-19T09:20:00+00:00
[2023-12-19T09:20:10.253+0000] {processor.py:183} INFO - Processing /home/airflow/.local/lib/python3.8/site-packages/airflow/example_dags/example_branch_python_dop_operator_3.py took 0.064 seconds
[2023-12-19T09:20:40.302+0000] {processor.py:161} INFO - Started process (PID=1878) to work on /home/airflow/.local/lib/python3.8/site-packages/airflow/example_dags/example_branch_python_dop_operator_3.py
[2023-12-19T09:20:40.304+0000] {processor.py:830} INFO - Processing file /home/airflow/.local/lib/python3.8/site-packages/airflow/example_dags/example_branch_python_dop_operator_3.py for tasks to queue
[2023-12-19T09:20:40.306+0000] {logging_mixin.py:188} INFO - [2023-12-19T09:20:40.306+0000] {dagbag.py:538} INFO - Filling up the DagBag from /home/airflow/.local/lib/python3.8/site-packages/airflow/example_dags/example_branch_python_dop_operator_3.py
[2023-12-19T09:20:40.312+0000] {processor.py:840} INFO - DAG(s) 'example_branch_dop_operator_v3' retrieved from /home/airflow/.local/lib/python3.8/site-packages/airflow/example_dags/example_branch_python_dop_operator_3.py
[2023-12-19T09:20:40.328+0000] {logging_mixin.py:188} INFO - [2023-12-19T09:20:40.328+0000] {dag.py:3033} INFO - Sync 1 DAGs
[2023-12-19T09:20:40.345+0000] {logging_mixin.py:188} INFO - [2023-12-19T09:20:40.344+0000] {dag.py:3820} INFO - Setting next_dagrun for example_branch_dop_operator_v3 to 2023-12-19T09:19:00+00:00, run_after=2023-12-19T09:20:00+00:00
[2023-12-19T09:20:40.357+0000] {processor.py:183} INFO - Processing /home/airflow/.local/lib/python3.8/site-packages/airflow/example_dags/example_branch_python_dop_operator_3.py took 0.058 seconds
[2023-12-19T09:21:11.160+0000] {processor.py:161} INFO - Started process (PID=1939) to work on /home/airflow/.local/lib/python3.8/site-packages/airflow/example_dags/example_branch_python_dop_operator_3.py
[2023-12-19T09:21:11.162+0000] {processor.py:830} INFO - Processing file /home/airflow/.local/lib/python3.8/site-packages/airflow/example_dags/example_branch_python_dop_operator_3.py for tasks to queue
[2023-12-19T09:21:11.165+0000] {logging_mixin.py:188} INFO - [2023-12-19T09:21:11.164+0000] {dagbag.py:538} INFO - Filling up the DagBag from /home/airflow/.local/lib/python3.8/site-packages/airflow/example_dags/example_branch_python_dop_operator_3.py
[2023-12-19T09:21:11.171+0000] {processor.py:840} INFO - DAG(s) 'example_branch_dop_operator_v3' retrieved from /home/airflow/.local/lib/python3.8/site-packages/airflow/example_dags/example_branch_python_dop_operator_3.py
[2023-12-19T09:21:11.187+0000] {logging_mixin.py:188} INFO - [2023-12-19T09:21:11.187+0000] {dag.py:3033} INFO - Sync 1 DAGs
[2023-12-19T09:21:11.202+0000] {logging_mixin.py:188} INFO - [2023-12-19T09:21:11.202+0000] {dag.py:3820} INFO - Setting next_dagrun for example_branch_dop_operator_v3 to 2023-12-19T09:20:00+00:00, run_after=2023-12-19T09:21:00+00:00
[2023-12-19T09:21:11.214+0000] {processor.py:183} INFO - Processing /home/airflow/.local/lib/python3.8/site-packages/airflow/example_dags/example_branch_python_dop_operator_3.py took 0.058 seconds
[2023-12-19T09:21:42.542+0000] {processor.py:161} INFO - Started process (PID=1994) to work on /home/airflow/.local/lib/python3.8/site-packages/airflow/example_dags/example_branch_python_dop_operator_3.py
[2023-12-19T09:21:42.544+0000] {processor.py:830} INFO - Processing file /home/airflow/.local/lib/python3.8/site-packages/airflow/example_dags/example_branch_python_dop_operator_3.py for tasks to queue
[2023-12-19T09:21:42.547+0000] {logging_mixin.py:188} INFO - [2023-12-19T09:21:42.546+0000] {dagbag.py:538} INFO - Filling up the DagBag from /home/airflow/.local/lib/python3.8/site-packages/airflow/example_dags/example_branch_python_dop_operator_3.py
[2023-12-19T09:21:42.553+0000] {processor.py:840} INFO - DAG(s) 'example_branch_dop_operator_v3' retrieved from /home/airflow/.local/lib/python3.8/site-packages/airflow/example_dags/example_branch_python_dop_operator_3.py
[2023-12-19T09:21:42.672+0000] {logging_mixin.py:188} INFO - [2023-12-19T09:21:42.672+0000] {dag.py:3033} INFO - Sync 1 DAGs
[2023-12-19T09:21:42.686+0000] {logging_mixin.py:188} INFO - [2023-12-19T09:21:42.686+0000] {dag.py:3820} INFO - Setting next_dagrun for example_branch_dop_operator_v3 to 2023-12-19T09:20:00+00:00, run_after=2023-12-19T09:21:00+00:00
[2023-12-19T09:21:42.704+0000] {processor.py:183} INFO - Processing /home/airflow/.local/lib/python3.8/site-packages/airflow/example_dags/example_branch_python_dop_operator_3.py took 0.165 seconds
[2023-12-19T09:22:13.287+0000] {processor.py:161} INFO - Started process (PID=2049) to work on /home/airflow/.local/lib/python3.8/site-packages/airflow/example_dags/example_branch_python_dop_operator_3.py
[2023-12-19T09:22:13.288+0000] {processor.py:830} INFO - Processing file /home/airflow/.local/lib/python3.8/site-packages/airflow/example_dags/example_branch_python_dop_operator_3.py for tasks to queue
[2023-12-19T09:22:13.290+0000] {logging_mixin.py:188} INFO - [2023-12-19T09:22:13.290+0000] {dagbag.py:538} INFO - Filling up the DagBag from /home/airflow/.local/lib/python3.8/site-packages/airflow/example_dags/example_branch_python_dop_operator_3.py
[2023-12-19T09:22:13.297+0000] {processor.py:840} INFO - DAG(s) 'example_branch_dop_operator_v3' retrieved from /home/airflow/.local/lib/python3.8/site-packages/airflow/example_dags/example_branch_python_dop_operator_3.py
[2023-12-19T09:22:13.315+0000] {logging_mixin.py:188} INFO - [2023-12-19T09:22:13.315+0000] {dag.py:3033} INFO - Sync 1 DAGs
[2023-12-19T09:22:13.443+0000] {logging_mixin.py:188} INFO - [2023-12-19T09:22:13.443+0000] {dag.py:3820} INFO - Setting next_dagrun for example_branch_dop_operator_v3 to 2023-12-19T09:21:00+00:00, run_after=2023-12-19T09:22:00+00:00
[2023-12-19T09:22:13.455+0000] {processor.py:183} INFO - Processing /home/airflow/.local/lib/python3.8/site-packages/airflow/example_dags/example_branch_python_dop_operator_3.py took 0.171 seconds
[2023-12-19T09:22:43.490+0000] {processor.py:161} INFO - Started process (PID=2104) to work on /home/airflow/.local/lib/python3.8/site-packages/airflow/example_dags/example_branch_python_dop_operator_3.py
[2023-12-19T09:22:43.493+0000] {processor.py:830} INFO - Processing file /home/airflow/.local/lib/python3.8/site-packages/airflow/example_dags/example_branch_python_dop_operator_3.py for tasks to queue
[2023-12-19T09:22:43.495+0000] {logging_mixin.py:188} INFO - [2023-12-19T09:22:43.495+0000] {dagbag.py:538} INFO - Filling up the DagBag from /home/airflow/.local/lib/python3.8/site-packages/airflow/example_dags/example_branch_python_dop_operator_3.py
[2023-12-19T09:22:43.501+0000] {processor.py:840} INFO - DAG(s) 'example_branch_dop_operator_v3' retrieved from /home/airflow/.local/lib/python3.8/site-packages/airflow/example_dags/example_branch_python_dop_operator_3.py
[2023-12-19T09:22:43.516+0000] {logging_mixin.py:188} INFO - [2023-12-19T09:22:43.516+0000] {dag.py:3033} INFO - Sync 1 DAGs
[2023-12-19T09:22:43.533+0000] {logging_mixin.py:188} INFO - [2023-12-19T09:22:43.533+0000] {dag.py:3820} INFO - Setting next_dagrun for example_branch_dop_operator_v3 to 2023-12-19T09:21:00+00:00, run_after=2023-12-19T09:22:00+00:00
[2023-12-19T09:22:43.548+0000] {processor.py:183} INFO - Processing /home/airflow/.local/lib/python3.8/site-packages/airflow/example_dags/example_branch_python_dop_operator_3.py took 0.060 seconds
[2023-12-19T09:23:14.141+0000] {processor.py:161} INFO - Started process (PID=2159) to work on /home/airflow/.local/lib/python3.8/site-packages/airflow/example_dags/example_branch_python_dop_operator_3.py
[2023-12-19T09:23:14.143+0000] {processor.py:830} INFO - Processing file /home/airflow/.local/lib/python3.8/site-packages/airflow/example_dags/example_branch_python_dop_operator_3.py for tasks to queue
[2023-12-19T09:23:14.145+0000] {logging_mixin.py:188} INFO - [2023-12-19T09:23:14.145+0000] {dagbag.py:538} INFO - Filling up the DagBag from /home/airflow/.local/lib/python3.8/site-packages/airflow/example_dags/example_branch_python_dop_operator_3.py
[2023-12-19T09:23:14.152+0000] {processor.py:840} INFO - DAG(s) 'example_branch_dop_operator_v3' retrieved from /home/airflow/.local/lib/python3.8/site-packages/airflow/example_dags/example_branch_python_dop_operator_3.py
[2023-12-19T09:23:14.168+0000] {logging_mixin.py:188} INFO - [2023-12-19T09:23:14.168+0000] {dag.py:3033} INFO - Sync 1 DAGs
[2023-12-19T09:23:14.186+0000] {logging_mixin.py:188} INFO - [2023-12-19T09:23:14.186+0000] {dag.py:3820} INFO - Setting next_dagrun for example_branch_dop_operator_v3 to 2023-12-19T09:22:00+00:00, run_after=2023-12-19T09:23:00+00:00
[2023-12-19T09:23:14.206+0000] {processor.py:183} INFO - Processing /home/airflow/.local/lib/python3.8/site-packages/airflow/example_dags/example_branch_python_dop_operator_3.py took 0.068 seconds
[2023-12-19T09:23:44.869+0000] {processor.py:161} INFO - Started process (PID=2214) to work on /home/airflow/.local/lib/python3.8/site-packages/airflow/example_dags/example_branch_python_dop_operator_3.py
[2023-12-19T09:23:44.871+0000] {processor.py:830} INFO - Processing file /home/airflow/.local/lib/python3.8/site-packages/airflow/example_dags/example_branch_python_dop_operator_3.py for tasks to queue
[2023-12-19T09:23:44.873+0000] {logging_mixin.py:188} INFO - [2023-12-19T09:23:44.872+0000] {dagbag.py:538} INFO - Filling up the DagBag from /home/airflow/.local/lib/python3.8/site-packages/airflow/example_dags/example_branch_python_dop_operator_3.py
[2023-12-19T09:23:44.880+0000] {processor.py:840} INFO - DAG(s) 'example_branch_dop_operator_v3' retrieved from /home/airflow/.local/lib/python3.8/site-packages/airflow/example_dags/example_branch_python_dop_operator_3.py
[2023-12-19T09:23:44.898+0000] {logging_mixin.py:188} INFO - [2023-12-19T09:23:44.898+0000] {dag.py:3033} INFO - Sync 1 DAGs
[2023-12-19T09:23:44.916+0000] {logging_mixin.py:188} INFO - [2023-12-19T09:23:44.916+0000] {dag.py:3820} INFO - Setting next_dagrun for example_branch_dop_operator_v3 to 2023-12-19T09:22:00+00:00, run_after=2023-12-19T09:23:00+00:00
[2023-12-19T09:23:44.929+0000] {processor.py:183} INFO - Processing /home/airflow/.local/lib/python3.8/site-packages/airflow/example_dags/example_branch_python_dop_operator_3.py took 0.062 seconds
[2023-12-19T09:24:15.439+0000] {processor.py:161} INFO - Started process (PID=2268) to work on /home/airflow/.local/lib/python3.8/site-packages/airflow/example_dags/example_branch_python_dop_operator_3.py
[2023-12-19T09:24:15.440+0000] {processor.py:830} INFO - Processing file /home/airflow/.local/lib/python3.8/site-packages/airflow/example_dags/example_branch_python_dop_operator_3.py for tasks to queue
[2023-12-19T09:24:15.443+0000] {logging_mixin.py:188} INFO - [2023-12-19T09:24:15.442+0000] {dagbag.py:538} INFO - Filling up the DagBag from /home/airflow/.local/lib/python3.8/site-packages/airflow/example_dags/example_branch_python_dop_operator_3.py
[2023-12-19T09:24:15.449+0000] {processor.py:840} INFO - DAG(s) 'example_branch_dop_operator_v3' retrieved from /home/airflow/.local/lib/python3.8/site-packages/airflow/example_dags/example_branch_python_dop_operator_3.py
[2023-12-19T09:24:15.464+0000] {logging_mixin.py:188} INFO - [2023-12-19T09:24:15.464+0000] {dag.py:3033} INFO - Sync 1 DAGs
[2023-12-19T09:24:15.480+0000] {logging_mixin.py:188} INFO - [2023-12-19T09:24:15.480+0000] {dag.py:3820} INFO - Setting next_dagrun for example_branch_dop_operator_v3 to 2023-12-19T09:23:00+00:00, run_after=2023-12-19T09:24:00+00:00
[2023-12-19T09:24:15.492+0000] {processor.py:183} INFO - Processing /home/airflow/.local/lib/python3.8/site-packages/airflow/example_dags/example_branch_python_dop_operator_3.py took 0.056 seconds
[2023-12-19T09:24:45.801+0000] {processor.py:161} INFO - Started process (PID=2323) to work on /home/airflow/.local/lib/python3.8/site-packages/airflow/example_dags/example_branch_python_dop_operator_3.py
[2023-12-19T09:24:45.803+0000] {processor.py:830} INFO - Processing file /home/airflow/.local/lib/python3.8/site-packages/airflow/example_dags/example_branch_python_dop_operator_3.py for tasks to queue
[2023-12-19T09:24:45.806+0000] {logging_mixin.py:188} INFO - [2023-12-19T09:24:45.806+0000] {dagbag.py:538} INFO - Filling up the DagBag from /home/airflow/.local/lib/python3.8/site-packages/airflow/example_dags/example_branch_python_dop_operator_3.py
[2023-12-19T09:24:45.816+0000] {processor.py:840} INFO - DAG(s) 'example_branch_dop_operator_v3' retrieved from /home/airflow/.local/lib/python3.8/site-packages/airflow/example_dags/example_branch_python_dop_operator_3.py
[2023-12-19T09:24:45.833+0000] {logging_mixin.py:188} INFO - [2023-12-19T09:24:45.833+0000] {dag.py:3033} INFO - Sync 1 DAGs
[2023-12-19T09:24:45.851+0000] {logging_mixin.py:188} INFO - [2023-12-19T09:24:45.851+0000] {dag.py:3820} INFO - Setting next_dagrun for example_branch_dop_operator_v3 to 2023-12-19T09:23:00+00:00, run_after=2023-12-19T09:24:00+00:00
[2023-12-19T09:24:45.863+0000] {processor.py:183} INFO - Processing /home/airflow/.local/lib/python3.8/site-packages/airflow/example_dags/example_branch_python_dop_operator_3.py took 0.064 seconds
[2023-12-19T09:25:16.283+0000] {processor.py:161} INFO - Started process (PID=2378) to work on /home/airflow/.local/lib/python3.8/site-packages/airflow/example_dags/example_branch_python_dop_operator_3.py
[2023-12-19T09:25:16.285+0000] {processor.py:830} INFO - Processing file /home/airflow/.local/lib/python3.8/site-packages/airflow/example_dags/example_branch_python_dop_operator_3.py for tasks to queue
[2023-12-19T09:25:16.287+0000] {logging_mixin.py:188} INFO - [2023-12-19T09:25:16.287+0000] {dagbag.py:538} INFO - Filling up the DagBag from /home/airflow/.local/lib/python3.8/site-packages/airflow/example_dags/example_branch_python_dop_operator_3.py
[2023-12-19T09:25:16.294+0000] {processor.py:840} INFO - DAG(s) 'example_branch_dop_operator_v3' retrieved from /home/airflow/.local/lib/python3.8/site-packages/airflow/example_dags/example_branch_python_dop_operator_3.py
[2023-12-19T09:25:16.310+0000] {logging_mixin.py:188} INFO - [2023-12-19T09:25:16.310+0000] {dag.py:3033} INFO - Sync 1 DAGs
[2023-12-19T09:25:16.325+0000] {logging_mixin.py:188} INFO - [2023-12-19T09:25:16.325+0000] {dag.py:3820} INFO - Setting next_dagrun for example_branch_dop_operator_v3 to 2023-12-19T09:24:00+00:00, run_after=2023-12-19T09:25:00+00:00
[2023-12-19T09:25:16.338+0000] {processor.py:183} INFO - Processing /home/airflow/.local/lib/python3.8/site-packages/airflow/example_dags/example_branch_python_dop_operator_3.py took 0.058 seconds
[2023-12-19T09:25:46.977+0000] {processor.py:161} INFO - Started process (PID=2433) to work on /home/airflow/.local/lib/python3.8/site-packages/airflow/example_dags/example_branch_python_dop_operator_3.py
[2023-12-19T09:25:46.979+0000] {processor.py:830} INFO - Processing file /home/airflow/.local/lib/python3.8/site-packages/airflow/example_dags/example_branch_python_dop_operator_3.py for tasks to queue
[2023-12-19T09:25:46.981+0000] {logging_mixin.py:188} INFO - [2023-12-19T09:25:46.980+0000] {dagbag.py:538} INFO - Filling up the DagBag from /home/airflow/.local/lib/python3.8/site-packages/airflow/example_dags/example_branch_python_dop_operator_3.py
[2023-12-19T09:25:46.987+0000] {processor.py:840} INFO - DAG(s) 'example_branch_dop_operator_v3' retrieved from /home/airflow/.local/lib/python3.8/site-packages/airflow/example_dags/example_branch_python_dop_operator_3.py
[2023-12-19T09:25:47.002+0000] {logging_mixin.py:188} INFO - [2023-12-19T09:25:47.001+0000] {dag.py:3033} INFO - Sync 1 DAGs
[2023-12-19T09:25:47.017+0000] {logging_mixin.py:188} INFO - [2023-12-19T09:25:47.017+0000] {dag.py:3820} INFO - Setting next_dagrun for example_branch_dop_operator_v3 to 2023-12-19T09:24:00+00:00, run_after=2023-12-19T09:25:00+00:00
[2023-12-19T09:25:47.027+0000] {processor.py:183} INFO - Processing /home/airflow/.local/lib/python3.8/site-packages/airflow/example_dags/example_branch_python_dop_operator_3.py took 0.052 seconds
[2023-12-19T09:26:17.379+0000] {processor.py:161} INFO - Started process (PID=2488) to work on /home/airflow/.local/lib/python3.8/site-packages/airflow/example_dags/example_branch_python_dop_operator_3.py
[2023-12-19T09:26:17.380+0000] {processor.py:830} INFO - Processing file /home/airflow/.local/lib/python3.8/site-packages/airflow/example_dags/example_branch_python_dop_operator_3.py for tasks to queue
[2023-12-19T09:26:17.383+0000] {logging_mixin.py:188} INFO - [2023-12-19T09:26:17.383+0000] {dagbag.py:538} INFO - Filling up the DagBag from /home/airflow/.local/lib/python3.8/site-packages/airflow/example_dags/example_branch_python_dop_operator_3.py
[2023-12-19T09:26:17.390+0000] {processor.py:840} INFO - DAG(s) 'example_branch_dop_operator_v3' retrieved from /home/airflow/.local/lib/python3.8/site-packages/airflow/example_dags/example_branch_python_dop_operator_3.py
[2023-12-19T09:26:17.407+0000] {logging_mixin.py:188} INFO - [2023-12-19T09:26:17.407+0000] {dag.py:3033} INFO - Sync 1 DAGs
[2023-12-19T09:26:17.423+0000] {logging_mixin.py:188} INFO - [2023-12-19T09:26:17.423+0000] {dag.py:3820} INFO - Setting next_dagrun for example_branch_dop_operator_v3 to 2023-12-19T09:25:00+00:00, run_after=2023-12-19T09:26:00+00:00
[2023-12-19T09:26:17.436+0000] {processor.py:183} INFO - Processing /home/airflow/.local/lib/python3.8/site-packages/airflow/example_dags/example_branch_python_dop_operator_3.py took 0.059 seconds
[2023-12-19T09:26:47.894+0000] {processor.py:161} INFO - Started process (PID=2543) to work on /home/airflow/.local/lib/python3.8/site-packages/airflow/example_dags/example_branch_python_dop_operator_3.py
[2023-12-19T09:26:47.896+0000] {processor.py:830} INFO - Processing file /home/airflow/.local/lib/python3.8/site-packages/airflow/example_dags/example_branch_python_dop_operator_3.py for tasks to queue
[2023-12-19T09:26:47.898+0000] {logging_mixin.py:188} INFO - [2023-12-19T09:26:47.898+0000] {dagbag.py:538} INFO - Filling up the DagBag from /home/airflow/.local/lib/python3.8/site-packages/airflow/example_dags/example_branch_python_dop_operator_3.py
[2023-12-19T09:26:47.906+0000] {processor.py:840} INFO - DAG(s) 'example_branch_dop_operator_v3' retrieved from /home/airflow/.local/lib/python3.8/site-packages/airflow/example_dags/example_branch_python_dop_operator_3.py
[2023-12-19T09:26:47.920+0000] {logging_mixin.py:188} INFO - [2023-12-19T09:26:47.920+0000] {dag.py:3033} INFO - Sync 1 DAGs
[2023-12-19T09:26:47.936+0000] {logging_mixin.py:188} INFO - [2023-12-19T09:26:47.936+0000] {dag.py:3820} INFO - Setting next_dagrun for example_branch_dop_operator_v3 to 2023-12-19T09:25:00+00:00, run_after=2023-12-19T09:26:00+00:00
[2023-12-19T09:26:47.948+0000] {processor.py:183} INFO - Processing /home/airflow/.local/lib/python3.8/site-packages/airflow/example_dags/example_branch_python_dop_operator_3.py took 0.057 seconds
