[2023-12-19T09:03:49.573+0000] {processor.py:161} INFO - Started process (PID=33) to work on /home/airflow/.local/lib/python3.8/site-packages/airflow/example_dags/tutorial_objectstorage.py
[2023-12-19T09:03:49.575+0000] {processor.py:830} INFO - Processing file /home/airflow/.local/lib/python3.8/site-packages/airflow/example_dags/tutorial_objectstorage.py for tasks to queue
[2023-12-19T09:03:49.577+0000] {logging_mixin.py:188} INFO - [2023-12-19T09:03:49.577+0000] {dagbag.py:538} INFO - Filling up the DagBag from /home/airflow/.local/lib/python3.8/site-packages/airflow/example_dags/tutorial_objectstorage.py
[2023-12-19T09:03:49.584+0000] {processor.py:840} INFO - DAG(s) 'tutorial_objectstorage' retrieved from /home/airflow/.local/lib/python3.8/site-packages/airflow/example_dags/tutorial_objectstorage.py
[2023-12-19T09:03:49.596+0000] {logging_mixin.py:188} INFO - [2023-12-19T09:03:49.596+0000] {dag.py:3033} INFO - Sync 1 DAGs
[2023-12-19T09:03:49.610+0000] {logging_mixin.py:188} INFO - [2023-12-19T09:03:49.609+0000] {dag.py:3820} INFO - Setting next_dagrun for tutorial_objectstorage to None, run_after=None
[2023-12-19T09:03:49.633+0000] {processor.py:183} INFO - Processing /home/airflow/.local/lib/python3.8/site-packages/airflow/example_dags/tutorial_objectstorage.py took 0.063 seconds
[2023-12-19T09:04:20.517+0000] {processor.py:161} INFO - Started process (PID=89) to work on /home/airflow/.local/lib/python3.8/site-packages/airflow/example_dags/tutorial_objectstorage.py
[2023-12-19T09:04:20.519+0000] {processor.py:830} INFO - Processing file /home/airflow/.local/lib/python3.8/site-packages/airflow/example_dags/tutorial_objectstorage.py for tasks to queue
[2023-12-19T09:04:20.522+0000] {logging_mixin.py:188} INFO - [2023-12-19T09:04:20.521+0000] {dagbag.py:538} INFO - Filling up the DagBag from /home/airflow/.local/lib/python3.8/site-packages/airflow/example_dags/tutorial_objectstorage.py
[2023-12-19T09:04:20.528+0000] {processor.py:840} INFO - DAG(s) 'tutorial_objectstorage' retrieved from /home/airflow/.local/lib/python3.8/site-packages/airflow/example_dags/tutorial_objectstorage.py
[2023-12-19T09:04:20.597+0000] {logging_mixin.py:188} INFO - [2023-12-19T09:04:20.597+0000] {dag.py:3033} INFO - Sync 1 DAGs
[2023-12-19T09:04:20.607+0000] {logging_mixin.py:188} INFO - [2023-12-19T09:04:20.607+0000] {dag.py:3820} INFO - Setting next_dagrun for tutorial_objectstorage to None, run_after=None
[2023-12-19T09:04:20.628+0000] {processor.py:183} INFO - Processing /home/airflow/.local/lib/python3.8/site-packages/airflow/example_dags/tutorial_objectstorage.py took 0.114 seconds
[2023-12-19T09:04:51.365+0000] {processor.py:161} INFO - Started process (PID=143) to work on /home/airflow/.local/lib/python3.8/site-packages/airflow/example_dags/tutorial_objectstorage.py
[2023-12-19T09:04:51.367+0000] {processor.py:830} INFO - Processing file /home/airflow/.local/lib/python3.8/site-packages/airflow/example_dags/tutorial_objectstorage.py for tasks to queue
[2023-12-19T09:04:51.371+0000] {logging_mixin.py:188} INFO - [2023-12-19T09:04:51.370+0000] {dagbag.py:538} INFO - Filling up the DagBag from /home/airflow/.local/lib/python3.8/site-packages/airflow/example_dags/tutorial_objectstorage.py
[2023-12-19T09:04:51.377+0000] {processor.py:840} INFO - DAG(s) 'tutorial_objectstorage' retrieved from /home/airflow/.local/lib/python3.8/site-packages/airflow/example_dags/tutorial_objectstorage.py
[2023-12-19T09:04:51.394+0000] {logging_mixin.py:188} INFO - [2023-12-19T09:04:51.393+0000] {dag.py:3033} INFO - Sync 1 DAGs
[2023-12-19T09:04:51.404+0000] {logging_mixin.py:188} INFO - [2023-12-19T09:04:51.404+0000] {dag.py:3820} INFO - Setting next_dagrun for tutorial_objectstorage to None, run_after=None
[2023-12-19T09:04:51.420+0000] {processor.py:183} INFO - Processing /home/airflow/.local/lib/python3.8/site-packages/airflow/example_dags/tutorial_objectstorage.py took 0.057 seconds
[2023-12-19T09:05:21.533+0000] {processor.py:161} INFO - Started process (PID=198) to work on /home/airflow/.local/lib/python3.8/site-packages/airflow/example_dags/tutorial_objectstorage.py
[2023-12-19T09:05:21.537+0000] {processor.py:830} INFO - Processing file /home/airflow/.local/lib/python3.8/site-packages/airflow/example_dags/tutorial_objectstorage.py for tasks to queue
[2023-12-19T09:05:21.539+0000] {logging_mixin.py:188} INFO - [2023-12-19T09:05:21.539+0000] {dagbag.py:538} INFO - Filling up the DagBag from /home/airflow/.local/lib/python3.8/site-packages/airflow/example_dags/tutorial_objectstorage.py
[2023-12-19T09:05:21.545+0000] {processor.py:840} INFO - DAG(s) 'tutorial_objectstorage' retrieved from /home/airflow/.local/lib/python3.8/site-packages/airflow/example_dags/tutorial_objectstorage.py
[2023-12-19T09:05:21.562+0000] {logging_mixin.py:188} INFO - [2023-12-19T09:05:21.562+0000] {dag.py:3033} INFO - Sync 1 DAGs
[2023-12-19T09:05:21.573+0000] {logging_mixin.py:188} INFO - [2023-12-19T09:05:21.573+0000] {dag.py:3820} INFO - Setting next_dagrun for tutorial_objectstorage to None, run_after=None
[2023-12-19T09:05:21.589+0000] {processor.py:183} INFO - Processing /home/airflow/.local/lib/python3.8/site-packages/airflow/example_dags/tutorial_objectstorage.py took 0.059 seconds
[2023-12-19T09:05:52.006+0000] {processor.py:161} INFO - Started process (PID=253) to work on /home/airflow/.local/lib/python3.8/site-packages/airflow/example_dags/tutorial_objectstorage.py
[2023-12-19T09:05:52.008+0000] {processor.py:830} INFO - Processing file /home/airflow/.local/lib/python3.8/site-packages/airflow/example_dags/tutorial_objectstorage.py for tasks to queue
[2023-12-19T09:05:52.011+0000] {logging_mixin.py:188} INFO - [2023-12-19T09:05:52.010+0000] {dagbag.py:538} INFO - Filling up the DagBag from /home/airflow/.local/lib/python3.8/site-packages/airflow/example_dags/tutorial_objectstorage.py
[2023-12-19T09:05:52.016+0000] {processor.py:840} INFO - DAG(s) 'tutorial_objectstorage' retrieved from /home/airflow/.local/lib/python3.8/site-packages/airflow/example_dags/tutorial_objectstorage.py
[2023-12-19T09:05:52.033+0000] {logging_mixin.py:188} INFO - [2023-12-19T09:05:52.032+0000] {dag.py:3033} INFO - Sync 1 DAGs
[2023-12-19T09:05:52.043+0000] {logging_mixin.py:188} INFO - [2023-12-19T09:05:52.043+0000] {dag.py:3820} INFO - Setting next_dagrun for tutorial_objectstorage to None, run_after=None
[2023-12-19T09:05:52.059+0000] {processor.py:183} INFO - Processing /home/airflow/.local/lib/python3.8/site-packages/airflow/example_dags/tutorial_objectstorage.py took 0.055 seconds
[2023-12-19T09:06:22.813+0000] {processor.py:161} INFO - Started process (PID=308) to work on /home/airflow/.local/lib/python3.8/site-packages/airflow/example_dags/tutorial_objectstorage.py
[2023-12-19T09:06:22.816+0000] {processor.py:830} INFO - Processing file /home/airflow/.local/lib/python3.8/site-packages/airflow/example_dags/tutorial_objectstorage.py for tasks to queue
[2023-12-19T09:06:22.818+0000] {logging_mixin.py:188} INFO - [2023-12-19T09:06:22.818+0000] {dagbag.py:538} INFO - Filling up the DagBag from /home/airflow/.local/lib/python3.8/site-packages/airflow/example_dags/tutorial_objectstorage.py
[2023-12-19T09:06:22.825+0000] {processor.py:840} INFO - DAG(s) 'tutorial_objectstorage' retrieved from /home/airflow/.local/lib/python3.8/site-packages/airflow/example_dags/tutorial_objectstorage.py
[2023-12-19T09:06:22.846+0000] {logging_mixin.py:188} INFO - [2023-12-19T09:06:22.846+0000] {dag.py:3033} INFO - Sync 1 DAGs
[2023-12-19T09:06:22.855+0000] {logging_mixin.py:188} INFO - [2023-12-19T09:06:22.855+0000] {dag.py:3820} INFO - Setting next_dagrun for tutorial_objectstorage to None, run_after=None
[2023-12-19T09:06:22.872+0000] {processor.py:183} INFO - Processing /home/airflow/.local/lib/python3.8/site-packages/airflow/example_dags/tutorial_objectstorage.py took 0.061 seconds
[2023-12-19T09:06:53.630+0000] {processor.py:161} INFO - Started process (PID=363) to work on /home/airflow/.local/lib/python3.8/site-packages/airflow/example_dags/tutorial_objectstorage.py
[2023-12-19T09:06:53.631+0000] {processor.py:830} INFO - Processing file /home/airflow/.local/lib/python3.8/site-packages/airflow/example_dags/tutorial_objectstorage.py for tasks to queue
[2023-12-19T09:06:53.635+0000] {logging_mixin.py:188} INFO - [2023-12-19T09:06:53.635+0000] {dagbag.py:538} INFO - Filling up the DagBag from /home/airflow/.local/lib/python3.8/site-packages/airflow/example_dags/tutorial_objectstorage.py
[2023-12-19T09:06:53.641+0000] {processor.py:840} INFO - DAG(s) 'tutorial_objectstorage' retrieved from /home/airflow/.local/lib/python3.8/site-packages/airflow/example_dags/tutorial_objectstorage.py
[2023-12-19T09:06:53.658+0000] {logging_mixin.py:188} INFO - [2023-12-19T09:06:53.657+0000] {dag.py:3033} INFO - Sync 1 DAGs
[2023-12-19T09:06:53.668+0000] {logging_mixin.py:188} INFO - [2023-12-19T09:06:53.668+0000] {dag.py:3820} INFO - Setting next_dagrun for tutorial_objectstorage to None, run_after=None
[2023-12-19T09:06:53.684+0000] {processor.py:183} INFO - Processing /home/airflow/.local/lib/python3.8/site-packages/airflow/example_dags/tutorial_objectstorage.py took 0.057 seconds
[2023-12-19T09:07:24.345+0000] {processor.py:161} INFO - Started process (PID=418) to work on /home/airflow/.local/lib/python3.8/site-packages/airflow/example_dags/tutorial_objectstorage.py
[2023-12-19T09:07:24.347+0000] {processor.py:830} INFO - Processing file /home/airflow/.local/lib/python3.8/site-packages/airflow/example_dags/tutorial_objectstorage.py for tasks to queue
[2023-12-19T09:07:24.350+0000] {logging_mixin.py:188} INFO - [2023-12-19T09:07:24.349+0000] {dagbag.py:538} INFO - Filling up the DagBag from /home/airflow/.local/lib/python3.8/site-packages/airflow/example_dags/tutorial_objectstorage.py
[2023-12-19T09:07:24.355+0000] {processor.py:840} INFO - DAG(s) 'tutorial_objectstorage' retrieved from /home/airflow/.local/lib/python3.8/site-packages/airflow/example_dags/tutorial_objectstorage.py
[2023-12-19T09:07:24.373+0000] {logging_mixin.py:188} INFO - [2023-12-19T09:07:24.373+0000] {dag.py:3033} INFO - Sync 1 DAGs
[2023-12-19T09:07:24.383+0000] {logging_mixin.py:188} INFO - [2023-12-19T09:07:24.383+0000] {dag.py:3820} INFO - Setting next_dagrun for tutorial_objectstorage to None, run_after=None
[2023-12-19T09:07:24.399+0000] {processor.py:183} INFO - Processing /home/airflow/.local/lib/python3.8/site-packages/airflow/example_dags/tutorial_objectstorage.py took 0.056 seconds
[2023-12-19T09:07:55.239+0000] {processor.py:161} INFO - Started process (PID=473) to work on /home/airflow/.local/lib/python3.8/site-packages/airflow/example_dags/tutorial_objectstorage.py
[2023-12-19T09:07:55.241+0000] {processor.py:830} INFO - Processing file /home/airflow/.local/lib/python3.8/site-packages/airflow/example_dags/tutorial_objectstorage.py for tasks to queue
[2023-12-19T09:07:55.243+0000] {logging_mixin.py:188} INFO - [2023-12-19T09:07:55.243+0000] {dagbag.py:538} INFO - Filling up the DagBag from /home/airflow/.local/lib/python3.8/site-packages/airflow/example_dags/tutorial_objectstorage.py
[2023-12-19T09:07:55.249+0000] {processor.py:840} INFO - DAG(s) 'tutorial_objectstorage' retrieved from /home/airflow/.local/lib/python3.8/site-packages/airflow/example_dags/tutorial_objectstorage.py
[2023-12-19T09:07:55.266+0000] {logging_mixin.py:188} INFO - [2023-12-19T09:07:55.266+0000] {dag.py:3033} INFO - Sync 1 DAGs
[2023-12-19T09:07:55.276+0000] {logging_mixin.py:188} INFO - [2023-12-19T09:07:55.276+0000] {dag.py:3820} INFO - Setting next_dagrun for tutorial_objectstorage to None, run_after=None
[2023-12-19T09:07:55.293+0000] {processor.py:183} INFO - Processing /home/airflow/.local/lib/python3.8/site-packages/airflow/example_dags/tutorial_objectstorage.py took 0.057 seconds
[2023-12-19T09:08:25.972+0000] {processor.py:161} INFO - Started process (PID=528) to work on /home/airflow/.local/lib/python3.8/site-packages/airflow/example_dags/tutorial_objectstorage.py
[2023-12-19T09:08:25.974+0000] {processor.py:830} INFO - Processing file /home/airflow/.local/lib/python3.8/site-packages/airflow/example_dags/tutorial_objectstorage.py for tasks to queue
[2023-12-19T09:08:25.977+0000] {logging_mixin.py:188} INFO - [2023-12-19T09:08:25.976+0000] {dagbag.py:538} INFO - Filling up the DagBag from /home/airflow/.local/lib/python3.8/site-packages/airflow/example_dags/tutorial_objectstorage.py
[2023-12-19T09:08:25.983+0000] {processor.py:840} INFO - DAG(s) 'tutorial_objectstorage' retrieved from /home/airflow/.local/lib/python3.8/site-packages/airflow/example_dags/tutorial_objectstorage.py
[2023-12-19T09:08:25.999+0000] {logging_mixin.py:188} INFO - [2023-12-19T09:08:25.999+0000] {dag.py:3033} INFO - Sync 1 DAGs
[2023-12-19T09:08:26.009+0000] {logging_mixin.py:188} INFO - [2023-12-19T09:08:26.009+0000] {dag.py:3820} INFO - Setting next_dagrun for tutorial_objectstorage to None, run_after=None
[2023-12-19T09:08:26.023+0000] {processor.py:183} INFO - Processing /home/airflow/.local/lib/python3.8/site-packages/airflow/example_dags/tutorial_objectstorage.py took 0.053 seconds
[2023-12-19T09:08:56.227+0000] {processor.py:161} INFO - Started process (PID=583) to work on /home/airflow/.local/lib/python3.8/site-packages/airflow/example_dags/tutorial_objectstorage.py
[2023-12-19T09:08:56.229+0000] {processor.py:830} INFO - Processing file /home/airflow/.local/lib/python3.8/site-packages/airflow/example_dags/tutorial_objectstorage.py for tasks to queue
[2023-12-19T09:08:56.231+0000] {logging_mixin.py:188} INFO - [2023-12-19T09:08:56.231+0000] {dagbag.py:538} INFO - Filling up the DagBag from /home/airflow/.local/lib/python3.8/site-packages/airflow/example_dags/tutorial_objectstorage.py
[2023-12-19T09:08:56.238+0000] {processor.py:840} INFO - DAG(s) 'tutorial_objectstorage' retrieved from /home/airflow/.local/lib/python3.8/site-packages/airflow/example_dags/tutorial_objectstorage.py
[2023-12-19T09:08:56.255+0000] {logging_mixin.py:188} INFO - [2023-12-19T09:08:56.255+0000] {dag.py:3033} INFO - Sync 1 DAGs
[2023-12-19T09:08:56.264+0000] {logging_mixin.py:188} INFO - [2023-12-19T09:08:56.264+0000] {dag.py:3820} INFO - Setting next_dagrun for tutorial_objectstorage to None, run_after=None
[2023-12-19T09:08:56.281+0000] {processor.py:183} INFO - Processing /home/airflow/.local/lib/python3.8/site-packages/airflow/example_dags/tutorial_objectstorage.py took 0.056 seconds
[2023-12-19T09:09:26.461+0000] {processor.py:161} INFO - Started process (PID=638) to work on /home/airflow/.local/lib/python3.8/site-packages/airflow/example_dags/tutorial_objectstorage.py
[2023-12-19T09:09:26.464+0000] {processor.py:830} INFO - Processing file /home/airflow/.local/lib/python3.8/site-packages/airflow/example_dags/tutorial_objectstorage.py for tasks to queue
[2023-12-19T09:09:26.466+0000] {logging_mixin.py:188} INFO - [2023-12-19T09:09:26.466+0000] {dagbag.py:538} INFO - Filling up the DagBag from /home/airflow/.local/lib/python3.8/site-packages/airflow/example_dags/tutorial_objectstorage.py
[2023-12-19T09:09:26.472+0000] {processor.py:840} INFO - DAG(s) 'tutorial_objectstorage' retrieved from /home/airflow/.local/lib/python3.8/site-packages/airflow/example_dags/tutorial_objectstorage.py
[2023-12-19T09:09:26.489+0000] {logging_mixin.py:188} INFO - [2023-12-19T09:09:26.489+0000] {dag.py:3033} INFO - Sync 1 DAGs
[2023-12-19T09:09:26.501+0000] {logging_mixin.py:188} INFO - [2023-12-19T09:09:26.501+0000] {dag.py:3820} INFO - Setting next_dagrun for tutorial_objectstorage to None, run_after=None
[2023-12-19T09:09:26.519+0000] {processor.py:183} INFO - Processing /home/airflow/.local/lib/python3.8/site-packages/airflow/example_dags/tutorial_objectstorage.py took 0.063 seconds
[2023-12-19T09:09:56.671+0000] {processor.py:161} INFO - Started process (PID=693) to work on /home/airflow/.local/lib/python3.8/site-packages/airflow/example_dags/tutorial_objectstorage.py
[2023-12-19T09:09:56.673+0000] {processor.py:830} INFO - Processing file /home/airflow/.local/lib/python3.8/site-packages/airflow/example_dags/tutorial_objectstorage.py for tasks to queue
[2023-12-19T09:09:56.676+0000] {logging_mixin.py:188} INFO - [2023-12-19T09:09:56.676+0000] {dagbag.py:538} INFO - Filling up the DagBag from /home/airflow/.local/lib/python3.8/site-packages/airflow/example_dags/tutorial_objectstorage.py
[2023-12-19T09:09:56.682+0000] {processor.py:840} INFO - DAG(s) 'tutorial_objectstorage' retrieved from /home/airflow/.local/lib/python3.8/site-packages/airflow/example_dags/tutorial_objectstorage.py
[2023-12-19T09:09:56.700+0000] {logging_mixin.py:188} INFO - [2023-12-19T09:09:56.700+0000] {dag.py:3033} INFO - Sync 1 DAGs
[2023-12-19T09:09:56.711+0000] {logging_mixin.py:188} INFO - [2023-12-19T09:09:56.711+0000] {dag.py:3820} INFO - Setting next_dagrun for tutorial_objectstorage to None, run_after=None
[2023-12-19T09:09:56.729+0000] {processor.py:183} INFO - Processing /home/airflow/.local/lib/python3.8/site-packages/airflow/example_dags/tutorial_objectstorage.py took 0.060 seconds
[2023-12-19T09:10:26.906+0000] {processor.py:161} INFO - Started process (PID=749) to work on /home/airflow/.local/lib/python3.8/site-packages/airflow/example_dags/tutorial_objectstorage.py
[2023-12-19T09:10:26.908+0000] {processor.py:830} INFO - Processing file /home/airflow/.local/lib/python3.8/site-packages/airflow/example_dags/tutorial_objectstorage.py for tasks to queue
[2023-12-19T09:10:26.910+0000] {logging_mixin.py:188} INFO - [2023-12-19T09:10:26.910+0000] {dagbag.py:538} INFO - Filling up the DagBag from /home/airflow/.local/lib/python3.8/site-packages/airflow/example_dags/tutorial_objectstorage.py
[2023-12-19T09:10:26.917+0000] {processor.py:840} INFO - DAG(s) 'tutorial_objectstorage' retrieved from /home/airflow/.local/lib/python3.8/site-packages/airflow/example_dags/tutorial_objectstorage.py
[2023-12-19T09:10:26.933+0000] {logging_mixin.py:188} INFO - [2023-12-19T09:10:26.933+0000] {dag.py:3033} INFO - Sync 1 DAGs
[2023-12-19T09:10:26.943+0000] {logging_mixin.py:188} INFO - [2023-12-19T09:10:26.943+0000] {dag.py:3820} INFO - Setting next_dagrun for tutorial_objectstorage to None, run_after=None
[2023-12-19T09:10:26.957+0000] {processor.py:183} INFO - Processing /home/airflow/.local/lib/python3.8/site-packages/airflow/example_dags/tutorial_objectstorage.py took 0.054 seconds
[2023-12-19T09:10:57.078+0000] {processor.py:161} INFO - Started process (PID=804) to work on /home/airflow/.local/lib/python3.8/site-packages/airflow/example_dags/tutorial_objectstorage.py
[2023-12-19T09:10:57.080+0000] {processor.py:830} INFO - Processing file /home/airflow/.local/lib/python3.8/site-packages/airflow/example_dags/tutorial_objectstorage.py for tasks to queue
[2023-12-19T09:10:57.082+0000] {logging_mixin.py:188} INFO - [2023-12-19T09:10:57.082+0000] {dagbag.py:538} INFO - Filling up the DagBag from /home/airflow/.local/lib/python3.8/site-packages/airflow/example_dags/tutorial_objectstorage.py
[2023-12-19T09:10:57.088+0000] {processor.py:840} INFO - DAG(s) 'tutorial_objectstorage' retrieved from /home/airflow/.local/lib/python3.8/site-packages/airflow/example_dags/tutorial_objectstorage.py
[2023-12-19T09:10:57.104+0000] {logging_mixin.py:188} INFO - [2023-12-19T09:10:57.104+0000] {dag.py:3033} INFO - Sync 1 DAGs
[2023-12-19T09:10:57.114+0000] {logging_mixin.py:188} INFO - [2023-12-19T09:10:57.114+0000] {dag.py:3820} INFO - Setting next_dagrun for tutorial_objectstorage to None, run_after=None
[2023-12-19T09:10:57.128+0000] {processor.py:183} INFO - Processing /home/airflow/.local/lib/python3.8/site-packages/airflow/example_dags/tutorial_objectstorage.py took 0.053 seconds
[2023-12-19T09:11:27.645+0000] {processor.py:161} INFO - Started process (PID=859) to work on /home/airflow/.local/lib/python3.8/site-packages/airflow/example_dags/tutorial_objectstorage.py
[2023-12-19T09:11:27.646+0000] {processor.py:830} INFO - Processing file /home/airflow/.local/lib/python3.8/site-packages/airflow/example_dags/tutorial_objectstorage.py for tasks to queue
[2023-12-19T09:11:27.649+0000] {logging_mixin.py:188} INFO - [2023-12-19T09:11:27.649+0000] {dagbag.py:538} INFO - Filling up the DagBag from /home/airflow/.local/lib/python3.8/site-packages/airflow/example_dags/tutorial_objectstorage.py
[2023-12-19T09:11:27.656+0000] {processor.py:840} INFO - DAG(s) 'tutorial_objectstorage' retrieved from /home/airflow/.local/lib/python3.8/site-packages/airflow/example_dags/tutorial_objectstorage.py
[2023-12-19T09:11:27.673+0000] {logging_mixin.py:188} INFO - [2023-12-19T09:11:27.673+0000] {dag.py:3033} INFO - Sync 1 DAGs
[2023-12-19T09:11:27.683+0000] {logging_mixin.py:188} INFO - [2023-12-19T09:11:27.683+0000] {dag.py:3820} INFO - Setting next_dagrun for tutorial_objectstorage to None, run_after=None
[2023-12-19T09:11:27.702+0000] {processor.py:183} INFO - Processing /home/airflow/.local/lib/python3.8/site-packages/airflow/example_dags/tutorial_objectstorage.py took 0.060 seconds
[2023-12-19T09:11:58.395+0000] {processor.py:161} INFO - Started process (PID=914) to work on /home/airflow/.local/lib/python3.8/site-packages/airflow/example_dags/tutorial_objectstorage.py
[2023-12-19T09:11:58.397+0000] {processor.py:830} INFO - Processing file /home/airflow/.local/lib/python3.8/site-packages/airflow/example_dags/tutorial_objectstorage.py for tasks to queue
[2023-12-19T09:11:58.399+0000] {logging_mixin.py:188} INFO - [2023-12-19T09:11:58.399+0000] {dagbag.py:538} INFO - Filling up the DagBag from /home/airflow/.local/lib/python3.8/site-packages/airflow/example_dags/tutorial_objectstorage.py
[2023-12-19T09:11:58.404+0000] {processor.py:840} INFO - DAG(s) 'tutorial_objectstorage' retrieved from /home/airflow/.local/lib/python3.8/site-packages/airflow/example_dags/tutorial_objectstorage.py
[2023-12-19T09:11:58.418+0000] {logging_mixin.py:188} INFO - [2023-12-19T09:11:58.418+0000] {dag.py:3033} INFO - Sync 1 DAGs
[2023-12-19T09:11:58.426+0000] {logging_mixin.py:188} INFO - [2023-12-19T09:11:58.426+0000] {dag.py:3820} INFO - Setting next_dagrun for tutorial_objectstorage to None, run_after=None
[2023-12-19T09:11:58.439+0000] {processor.py:183} INFO - Processing /home/airflow/.local/lib/python3.8/site-packages/airflow/example_dags/tutorial_objectstorage.py took 0.046 seconds
[2023-12-19T09:12:29.053+0000] {processor.py:161} INFO - Started process (PID=970) to work on /home/airflow/.local/lib/python3.8/site-packages/airflow/example_dags/tutorial_objectstorage.py
[2023-12-19T09:12:29.054+0000] {processor.py:830} INFO - Processing file /home/airflow/.local/lib/python3.8/site-packages/airflow/example_dags/tutorial_objectstorage.py for tasks to queue
[2023-12-19T09:12:29.057+0000] {logging_mixin.py:188} INFO - [2023-12-19T09:12:29.057+0000] {dagbag.py:538} INFO - Filling up the DagBag from /home/airflow/.local/lib/python3.8/site-packages/airflow/example_dags/tutorial_objectstorage.py
[2023-12-19T09:12:29.062+0000] {processor.py:840} INFO - DAG(s) 'tutorial_objectstorage' retrieved from /home/airflow/.local/lib/python3.8/site-packages/airflow/example_dags/tutorial_objectstorage.py
[2023-12-19T09:12:29.075+0000] {logging_mixin.py:188} INFO - [2023-12-19T09:12:29.075+0000] {dag.py:3033} INFO - Sync 1 DAGs
[2023-12-19T09:12:29.092+0000] {logging_mixin.py:188} INFO - [2023-12-19T09:12:29.092+0000] {dag.py:3820} INFO - Setting next_dagrun for tutorial_objectstorage to None, run_after=None
[2023-12-19T09:12:29.111+0000] {processor.py:183} INFO - Processing /home/airflow/.local/lib/python3.8/site-packages/airflow/example_dags/tutorial_objectstorage.py took 0.060 seconds
[2023-12-19T09:12:59.588+0000] {processor.py:161} INFO - Started process (PID=1025) to work on /home/airflow/.local/lib/python3.8/site-packages/airflow/example_dags/tutorial_objectstorage.py
[2023-12-19T09:12:59.590+0000] {processor.py:830} INFO - Processing file /home/airflow/.local/lib/python3.8/site-packages/airflow/example_dags/tutorial_objectstorage.py for tasks to queue
[2023-12-19T09:12:59.592+0000] {logging_mixin.py:188} INFO - [2023-12-19T09:12:59.592+0000] {dagbag.py:538} INFO - Filling up the DagBag from /home/airflow/.local/lib/python3.8/site-packages/airflow/example_dags/tutorial_objectstorage.py
[2023-12-19T09:12:59.598+0000] {processor.py:840} INFO - DAG(s) 'tutorial_objectstorage' retrieved from /home/airflow/.local/lib/python3.8/site-packages/airflow/example_dags/tutorial_objectstorage.py
[2023-12-19T09:12:59.612+0000] {logging_mixin.py:188} INFO - [2023-12-19T09:12:59.611+0000] {dag.py:3033} INFO - Sync 1 DAGs
[2023-12-19T09:12:59.620+0000] {logging_mixin.py:188} INFO - [2023-12-19T09:12:59.620+0000] {dag.py:3820} INFO - Setting next_dagrun for tutorial_objectstorage to None, run_after=None
[2023-12-19T09:12:59.633+0000] {processor.py:183} INFO - Processing /home/airflow/.local/lib/python3.8/site-packages/airflow/example_dags/tutorial_objectstorage.py took 0.047 seconds
[2023-12-19T09:13:30.016+0000] {processor.py:161} INFO - Started process (PID=1080) to work on /home/airflow/.local/lib/python3.8/site-packages/airflow/example_dags/tutorial_objectstorage.py
[2023-12-19T09:13:30.017+0000] {processor.py:830} INFO - Processing file /home/airflow/.local/lib/python3.8/site-packages/airflow/example_dags/tutorial_objectstorage.py for tasks to queue
[2023-12-19T09:13:30.020+0000] {logging_mixin.py:188} INFO - [2023-12-19T09:13:30.020+0000] {dagbag.py:538} INFO - Filling up the DagBag from /home/airflow/.local/lib/python3.8/site-packages/airflow/example_dags/tutorial_objectstorage.py
[2023-12-19T09:13:30.025+0000] {processor.py:840} INFO - DAG(s) 'tutorial_objectstorage' retrieved from /home/airflow/.local/lib/python3.8/site-packages/airflow/example_dags/tutorial_objectstorage.py
[2023-12-19T09:13:30.039+0000] {logging_mixin.py:188} INFO - [2023-12-19T09:13:30.038+0000] {dag.py:3033} INFO - Sync 1 DAGs
[2023-12-19T09:13:30.046+0000] {logging_mixin.py:188} INFO - [2023-12-19T09:13:30.046+0000] {dag.py:3820} INFO - Setting next_dagrun for tutorial_objectstorage to None, run_after=None
[2023-12-19T09:13:30.061+0000] {processor.py:183} INFO - Processing /home/airflow/.local/lib/python3.8/site-packages/airflow/example_dags/tutorial_objectstorage.py took 0.047 seconds
[2023-12-19T09:14:00.648+0000] {processor.py:161} INFO - Started process (PID=1135) to work on /home/airflow/.local/lib/python3.8/site-packages/airflow/example_dags/tutorial_objectstorage.py
[2023-12-19T09:14:00.650+0000] {processor.py:830} INFO - Processing file /home/airflow/.local/lib/python3.8/site-packages/airflow/example_dags/tutorial_objectstorage.py for tasks to queue
[2023-12-19T09:14:00.652+0000] {logging_mixin.py:188} INFO - [2023-12-19T09:14:00.652+0000] {dagbag.py:538} INFO - Filling up the DagBag from /home/airflow/.local/lib/python3.8/site-packages/airflow/example_dags/tutorial_objectstorage.py
[2023-12-19T09:14:00.657+0000] {processor.py:840} INFO - DAG(s) 'tutorial_objectstorage' retrieved from /home/airflow/.local/lib/python3.8/site-packages/airflow/example_dags/tutorial_objectstorage.py
[2023-12-19T09:14:00.672+0000] {logging_mixin.py:188} INFO - [2023-12-19T09:14:00.672+0000] {dag.py:3033} INFO - Sync 1 DAGs
[2023-12-19T09:14:00.683+0000] {logging_mixin.py:188} INFO - [2023-12-19T09:14:00.682+0000] {dag.py:3820} INFO - Setting next_dagrun for tutorial_objectstorage to None, run_after=None
[2023-12-19T09:14:00.696+0000] {processor.py:183} INFO - Processing /home/airflow/.local/lib/python3.8/site-packages/airflow/example_dags/tutorial_objectstorage.py took 0.050 seconds
[2023-12-19T09:14:31.182+0000] {processor.py:161} INFO - Started process (PID=1190) to work on /home/airflow/.local/lib/python3.8/site-packages/airflow/example_dags/tutorial_objectstorage.py
[2023-12-19T09:14:31.185+0000] {processor.py:830} INFO - Processing file /home/airflow/.local/lib/python3.8/site-packages/airflow/example_dags/tutorial_objectstorage.py for tasks to queue
[2023-12-19T09:14:31.187+0000] {logging_mixin.py:188} INFO - [2023-12-19T09:14:31.187+0000] {dagbag.py:538} INFO - Filling up the DagBag from /home/airflow/.local/lib/python3.8/site-packages/airflow/example_dags/tutorial_objectstorage.py
[2023-12-19T09:14:31.192+0000] {processor.py:840} INFO - DAG(s) 'tutorial_objectstorage' retrieved from /home/airflow/.local/lib/python3.8/site-packages/airflow/example_dags/tutorial_objectstorage.py
[2023-12-19T09:14:31.208+0000] {logging_mixin.py:188} INFO - [2023-12-19T09:14:31.208+0000] {dag.py:3033} INFO - Sync 1 DAGs
[2023-12-19T09:14:31.217+0000] {logging_mixin.py:188} INFO - [2023-12-19T09:14:31.217+0000] {dag.py:3820} INFO - Setting next_dagrun for tutorial_objectstorage to None, run_after=None
[2023-12-19T09:14:31.231+0000] {processor.py:183} INFO - Processing /home/airflow/.local/lib/python3.8/site-packages/airflow/example_dags/tutorial_objectstorage.py took 0.052 seconds
[2023-12-19T09:15:01.707+0000] {processor.py:161} INFO - Started process (PID=1245) to work on /home/airflow/.local/lib/python3.8/site-packages/airflow/example_dags/tutorial_objectstorage.py
[2023-12-19T09:15:01.709+0000] {processor.py:830} INFO - Processing file /home/airflow/.local/lib/python3.8/site-packages/airflow/example_dags/tutorial_objectstorage.py for tasks to queue
[2023-12-19T09:15:01.711+0000] {logging_mixin.py:188} INFO - [2023-12-19T09:15:01.711+0000] {dagbag.py:538} INFO - Filling up the DagBag from /home/airflow/.local/lib/python3.8/site-packages/airflow/example_dags/tutorial_objectstorage.py
[2023-12-19T09:15:01.716+0000] {processor.py:840} INFO - DAG(s) 'tutorial_objectstorage' retrieved from /home/airflow/.local/lib/python3.8/site-packages/airflow/example_dags/tutorial_objectstorage.py
[2023-12-19T09:15:01.730+0000] {logging_mixin.py:188} INFO - [2023-12-19T09:15:01.730+0000] {dag.py:3033} INFO - Sync 1 DAGs
[2023-12-19T09:15:01.739+0000] {logging_mixin.py:188} INFO - [2023-12-19T09:15:01.739+0000] {dag.py:3820} INFO - Setting next_dagrun for tutorial_objectstorage to None, run_after=None
[2023-12-19T09:15:01.752+0000] {processor.py:183} INFO - Processing /home/airflow/.local/lib/python3.8/site-packages/airflow/example_dags/tutorial_objectstorage.py took 0.048 seconds
[2023-12-19T09:15:32.396+0000] {processor.py:161} INFO - Started process (PID=1300) to work on /home/airflow/.local/lib/python3.8/site-packages/airflow/example_dags/tutorial_objectstorage.py
[2023-12-19T09:15:32.398+0000] {processor.py:830} INFO - Processing file /home/airflow/.local/lib/python3.8/site-packages/airflow/example_dags/tutorial_objectstorage.py for tasks to queue
[2023-12-19T09:15:32.400+0000] {logging_mixin.py:188} INFO - [2023-12-19T09:15:32.400+0000] {dagbag.py:538} INFO - Filling up the DagBag from /home/airflow/.local/lib/python3.8/site-packages/airflow/example_dags/tutorial_objectstorage.py
[2023-12-19T09:15:32.405+0000] {processor.py:840} INFO - DAG(s) 'tutorial_objectstorage' retrieved from /home/airflow/.local/lib/python3.8/site-packages/airflow/example_dags/tutorial_objectstorage.py
[2023-12-19T09:15:32.419+0000] {logging_mixin.py:188} INFO - [2023-12-19T09:15:32.419+0000] {dag.py:3033} INFO - Sync 1 DAGs
[2023-12-19T09:15:32.428+0000] {logging_mixin.py:188} INFO - [2023-12-19T09:15:32.427+0000] {dag.py:3820} INFO - Setting next_dagrun for tutorial_objectstorage to None, run_after=None
[2023-12-19T09:15:32.441+0000] {processor.py:183} INFO - Processing /home/airflow/.local/lib/python3.8/site-packages/airflow/example_dags/tutorial_objectstorage.py took 0.047 seconds
[2023-12-19T09:16:03.064+0000] {processor.py:161} INFO - Started process (PID=1355) to work on /home/airflow/.local/lib/python3.8/site-packages/airflow/example_dags/tutorial_objectstorage.py
[2023-12-19T09:16:03.066+0000] {processor.py:830} INFO - Processing file /home/airflow/.local/lib/python3.8/site-packages/airflow/example_dags/tutorial_objectstorage.py for tasks to queue
[2023-12-19T09:16:03.069+0000] {logging_mixin.py:188} INFO - [2023-12-19T09:16:03.068+0000] {dagbag.py:538} INFO - Filling up the DagBag from /home/airflow/.local/lib/python3.8/site-packages/airflow/example_dags/tutorial_objectstorage.py
[2023-12-19T09:16:03.074+0000] {processor.py:840} INFO - DAG(s) 'tutorial_objectstorage' retrieved from /home/airflow/.local/lib/python3.8/site-packages/airflow/example_dags/tutorial_objectstorage.py
[2023-12-19T09:16:03.088+0000] {logging_mixin.py:188} INFO - [2023-12-19T09:16:03.088+0000] {dag.py:3033} INFO - Sync 1 DAGs
[2023-12-19T09:16:03.096+0000] {logging_mixin.py:188} INFO - [2023-12-19T09:16:03.096+0000] {dag.py:3820} INFO - Setting next_dagrun for tutorial_objectstorage to None, run_after=None
[2023-12-19T09:16:03.109+0000] {processor.py:183} INFO - Processing /home/airflow/.local/lib/python3.8/site-packages/airflow/example_dags/tutorial_objectstorage.py took 0.048 seconds
[2023-12-19T09:16:33.590+0000] {processor.py:161} INFO - Started process (PID=1410) to work on /home/airflow/.local/lib/python3.8/site-packages/airflow/example_dags/tutorial_objectstorage.py
[2023-12-19T09:16:33.593+0000] {processor.py:830} INFO - Processing file /home/airflow/.local/lib/python3.8/site-packages/airflow/example_dags/tutorial_objectstorage.py for tasks to queue
[2023-12-19T09:16:33.595+0000] {logging_mixin.py:188} INFO - [2023-12-19T09:16:33.595+0000] {dagbag.py:538} INFO - Filling up the DagBag from /home/airflow/.local/lib/python3.8/site-packages/airflow/example_dags/tutorial_objectstorage.py
[2023-12-19T09:16:33.601+0000] {processor.py:840} INFO - DAG(s) 'tutorial_objectstorage' retrieved from /home/airflow/.local/lib/python3.8/site-packages/airflow/example_dags/tutorial_objectstorage.py
[2023-12-19T09:16:33.615+0000] {logging_mixin.py:188} INFO - [2023-12-19T09:16:33.615+0000] {dag.py:3033} INFO - Sync 1 DAGs
[2023-12-19T09:16:33.623+0000] {logging_mixin.py:188} INFO - [2023-12-19T09:16:33.622+0000] {dag.py:3820} INFO - Setting next_dagrun for tutorial_objectstorage to None, run_after=None
[2023-12-19T09:16:33.636+0000] {processor.py:183} INFO - Processing /home/airflow/.local/lib/python3.8/site-packages/airflow/example_dags/tutorial_objectstorage.py took 0.049 seconds
[2023-12-19T09:17:04.189+0000] {processor.py:161} INFO - Started process (PID=1465) to work on /home/airflow/.local/lib/python3.8/site-packages/airflow/example_dags/tutorial_objectstorage.py
[2023-12-19T09:17:04.191+0000] {processor.py:830} INFO - Processing file /home/airflow/.local/lib/python3.8/site-packages/airflow/example_dags/tutorial_objectstorage.py for tasks to queue
[2023-12-19T09:17:04.193+0000] {logging_mixin.py:188} INFO - [2023-12-19T09:17:04.193+0000] {dagbag.py:538} INFO - Filling up the DagBag from /home/airflow/.local/lib/python3.8/site-packages/airflow/example_dags/tutorial_objectstorage.py
[2023-12-19T09:17:04.198+0000] {processor.py:840} INFO - DAG(s) 'tutorial_objectstorage' retrieved from /home/airflow/.local/lib/python3.8/site-packages/airflow/example_dags/tutorial_objectstorage.py
[2023-12-19T09:17:04.213+0000] {logging_mixin.py:188} INFO - [2023-12-19T09:17:04.213+0000] {dag.py:3033} INFO - Sync 1 DAGs
[2023-12-19T09:17:04.222+0000] {logging_mixin.py:188} INFO - [2023-12-19T09:17:04.221+0000] {dag.py:3820} INFO - Setting next_dagrun for tutorial_objectstorage to None, run_after=None
[2023-12-19T09:17:04.236+0000] {processor.py:183} INFO - Processing /home/airflow/.local/lib/python3.8/site-packages/airflow/example_dags/tutorial_objectstorage.py took 0.050 seconds
[2023-12-19T09:17:34.617+0000] {processor.py:161} INFO - Started process (PID=1520) to work on /home/airflow/.local/lib/python3.8/site-packages/airflow/example_dags/tutorial_objectstorage.py
[2023-12-19T09:17:34.619+0000] {processor.py:830} INFO - Processing file /home/airflow/.local/lib/python3.8/site-packages/airflow/example_dags/tutorial_objectstorage.py for tasks to queue
[2023-12-19T09:17:34.621+0000] {logging_mixin.py:188} INFO - [2023-12-19T09:17:34.621+0000] {dagbag.py:538} INFO - Filling up the DagBag from /home/airflow/.local/lib/python3.8/site-packages/airflow/example_dags/tutorial_objectstorage.py
[2023-12-19T09:17:34.626+0000] {processor.py:840} INFO - DAG(s) 'tutorial_objectstorage' retrieved from /home/airflow/.local/lib/python3.8/site-packages/airflow/example_dags/tutorial_objectstorage.py
[2023-12-19T09:17:34.639+0000] {logging_mixin.py:188} INFO - [2023-12-19T09:17:34.639+0000] {dag.py:3033} INFO - Sync 1 DAGs
[2023-12-19T09:17:34.647+0000] {logging_mixin.py:188} INFO - [2023-12-19T09:17:34.647+0000] {dag.py:3820} INFO - Setting next_dagrun for tutorial_objectstorage to None, run_after=None
[2023-12-19T09:17:34.661+0000] {processor.py:183} INFO - Processing /home/airflow/.local/lib/python3.8/site-packages/airflow/example_dags/tutorial_objectstorage.py took 0.047 seconds
[2023-12-19T09:18:05.159+0000] {processor.py:161} INFO - Started process (PID=1575) to work on /home/airflow/.local/lib/python3.8/site-packages/airflow/example_dags/tutorial_objectstorage.py
[2023-12-19T09:18:05.161+0000] {processor.py:830} INFO - Processing file /home/airflow/.local/lib/python3.8/site-packages/airflow/example_dags/tutorial_objectstorage.py for tasks to queue
[2023-12-19T09:18:05.163+0000] {logging_mixin.py:188} INFO - [2023-12-19T09:18:05.163+0000] {dagbag.py:538} INFO - Filling up the DagBag from /home/airflow/.local/lib/python3.8/site-packages/airflow/example_dags/tutorial_objectstorage.py
[2023-12-19T09:18:05.169+0000] {processor.py:840} INFO - DAG(s) 'tutorial_objectstorage' retrieved from /home/airflow/.local/lib/python3.8/site-packages/airflow/example_dags/tutorial_objectstorage.py
[2023-12-19T09:18:05.183+0000] {logging_mixin.py:188} INFO - [2023-12-19T09:18:05.183+0000] {dag.py:3033} INFO - Sync 1 DAGs
[2023-12-19T09:18:05.191+0000] {logging_mixin.py:188} INFO - [2023-12-19T09:18:05.191+0000] {dag.py:3820} INFO - Setting next_dagrun for tutorial_objectstorage to None, run_after=None
[2023-12-19T09:18:05.204+0000] {processor.py:183} INFO - Processing /home/airflow/.local/lib/python3.8/site-packages/airflow/example_dags/tutorial_objectstorage.py took 0.048 seconds
[2023-12-19T09:18:35.801+0000] {processor.py:161} INFO - Started process (PID=1630) to work on /home/airflow/.local/lib/python3.8/site-packages/airflow/example_dags/tutorial_objectstorage.py
[2023-12-19T09:18:35.803+0000] {processor.py:830} INFO - Processing file /home/airflow/.local/lib/python3.8/site-packages/airflow/example_dags/tutorial_objectstorage.py for tasks to queue
[2023-12-19T09:18:35.806+0000] {logging_mixin.py:188} INFO - [2023-12-19T09:18:35.806+0000] {dagbag.py:538} INFO - Filling up the DagBag from /home/airflow/.local/lib/python3.8/site-packages/airflow/example_dags/tutorial_objectstorage.py
[2023-12-19T09:18:35.811+0000] {processor.py:840} INFO - DAG(s) 'tutorial_objectstorage' retrieved from /home/airflow/.local/lib/python3.8/site-packages/airflow/example_dags/tutorial_objectstorage.py
[2023-12-19T09:18:35.831+0000] {logging_mixin.py:188} INFO - [2023-12-19T09:18:35.831+0000] {dag.py:3033} INFO - Sync 1 DAGs
[2023-12-19T09:18:35.841+0000] {logging_mixin.py:188} INFO - [2023-12-19T09:18:35.841+0000] {dag.py:3820} INFO - Setting next_dagrun for tutorial_objectstorage to None, run_after=None
[2023-12-19T09:18:35.854+0000] {processor.py:183} INFO - Processing /home/airflow/.local/lib/python3.8/site-packages/airflow/example_dags/tutorial_objectstorage.py took 0.055 seconds
[2023-12-19T09:19:06.254+0000] {processor.py:161} INFO - Started process (PID=1685) to work on /home/airflow/.local/lib/python3.8/site-packages/airflow/example_dags/tutorial_objectstorage.py
[2023-12-19T09:19:06.255+0000] {processor.py:830} INFO - Processing file /home/airflow/.local/lib/python3.8/site-packages/airflow/example_dags/tutorial_objectstorage.py for tasks to queue
[2023-12-19T09:19:06.257+0000] {logging_mixin.py:188} INFO - [2023-12-19T09:19:06.257+0000] {dagbag.py:538} INFO - Filling up the DagBag from /home/airflow/.local/lib/python3.8/site-packages/airflow/example_dags/tutorial_objectstorage.py
[2023-12-19T09:19:06.262+0000] {processor.py:840} INFO - DAG(s) 'tutorial_objectstorage' retrieved from /home/airflow/.local/lib/python3.8/site-packages/airflow/example_dags/tutorial_objectstorage.py
[2023-12-19T09:19:06.278+0000] {logging_mixin.py:188} INFO - [2023-12-19T09:19:06.278+0000] {dag.py:3033} INFO - Sync 1 DAGs
[2023-12-19T09:19:06.289+0000] {logging_mixin.py:188} INFO - [2023-12-19T09:19:06.289+0000] {dag.py:3820} INFO - Setting next_dagrun for tutorial_objectstorage to None, run_after=None
[2023-12-19T09:19:06.302+0000] {processor.py:183} INFO - Processing /home/airflow/.local/lib/python3.8/site-packages/airflow/example_dags/tutorial_objectstorage.py took 0.050 seconds
[2023-12-19T09:19:36.422+0000] {processor.py:161} INFO - Started process (PID=1740) to work on /home/airflow/.local/lib/python3.8/site-packages/airflow/example_dags/tutorial_objectstorage.py
[2023-12-19T09:19:36.423+0000] {processor.py:830} INFO - Processing file /home/airflow/.local/lib/python3.8/site-packages/airflow/example_dags/tutorial_objectstorage.py for tasks to queue
[2023-12-19T09:19:36.425+0000] {logging_mixin.py:188} INFO - [2023-12-19T09:19:36.425+0000] {dagbag.py:538} INFO - Filling up the DagBag from /home/airflow/.local/lib/python3.8/site-packages/airflow/example_dags/tutorial_objectstorage.py
[2023-12-19T09:19:36.431+0000] {processor.py:840} INFO - DAG(s) 'tutorial_objectstorage' retrieved from /home/airflow/.local/lib/python3.8/site-packages/airflow/example_dags/tutorial_objectstorage.py
[2023-12-19T09:19:36.446+0000] {logging_mixin.py:188} INFO - [2023-12-19T09:19:36.446+0000] {dag.py:3033} INFO - Sync 1 DAGs
[2023-12-19T09:19:36.455+0000] {logging_mixin.py:188} INFO - [2023-12-19T09:19:36.455+0000] {dag.py:3820} INFO - Setting next_dagrun for tutorial_objectstorage to None, run_after=None
[2023-12-19T09:19:36.468+0000] {processor.py:183} INFO - Processing /home/airflow/.local/lib/python3.8/site-packages/airflow/example_dags/tutorial_objectstorage.py took 0.049 seconds
[2023-12-19T09:20:06.631+0000] {processor.py:161} INFO - Started process (PID=1794) to work on /home/airflow/.local/lib/python3.8/site-packages/airflow/example_dags/tutorial_objectstorage.py
[2023-12-19T09:20:06.632+0000] {processor.py:830} INFO - Processing file /home/airflow/.local/lib/python3.8/site-packages/airflow/example_dags/tutorial_objectstorage.py for tasks to queue
[2023-12-19T09:20:06.634+0000] {logging_mixin.py:188} INFO - [2023-12-19T09:20:06.634+0000] {dagbag.py:538} INFO - Filling up the DagBag from /home/airflow/.local/lib/python3.8/site-packages/airflow/example_dags/tutorial_objectstorage.py
[2023-12-19T09:20:06.639+0000] {processor.py:840} INFO - DAG(s) 'tutorial_objectstorage' retrieved from /home/airflow/.local/lib/python3.8/site-packages/airflow/example_dags/tutorial_objectstorage.py
[2023-12-19T09:20:06.655+0000] {logging_mixin.py:188} INFO - [2023-12-19T09:20:06.655+0000] {dag.py:3033} INFO - Sync 1 DAGs
[2023-12-19T09:20:06.663+0000] {logging_mixin.py:188} INFO - [2023-12-19T09:20:06.663+0000] {dag.py:3820} INFO - Setting next_dagrun for tutorial_objectstorage to None, run_after=None
[2023-12-19T09:20:06.677+0000] {processor.py:183} INFO - Processing /home/airflow/.local/lib/python3.8/site-packages/airflow/example_dags/tutorial_objectstorage.py took 0.049 seconds
[2023-12-19T09:20:36.854+0000] {processor.py:161} INFO - Started process (PID=1849) to work on /home/airflow/.local/lib/python3.8/site-packages/airflow/example_dags/tutorial_objectstorage.py
[2023-12-19T09:20:36.856+0000] {processor.py:830} INFO - Processing file /home/airflow/.local/lib/python3.8/site-packages/airflow/example_dags/tutorial_objectstorage.py for tasks to queue
[2023-12-19T09:20:36.859+0000] {logging_mixin.py:188} INFO - [2023-12-19T09:20:36.858+0000] {dagbag.py:538} INFO - Filling up the DagBag from /home/airflow/.local/lib/python3.8/site-packages/airflow/example_dags/tutorial_objectstorage.py
[2023-12-19T09:20:36.864+0000] {processor.py:840} INFO - DAG(s) 'tutorial_objectstorage' retrieved from /home/airflow/.local/lib/python3.8/site-packages/airflow/example_dags/tutorial_objectstorage.py
[2023-12-19T09:20:36.879+0000] {logging_mixin.py:188} INFO - [2023-12-19T09:20:36.879+0000] {dag.py:3033} INFO - Sync 1 DAGs
[2023-12-19T09:20:36.887+0000] {logging_mixin.py:188} INFO - [2023-12-19T09:20:36.887+0000] {dag.py:3820} INFO - Setting next_dagrun for tutorial_objectstorage to None, run_after=None
[2023-12-19T09:20:36.899+0000] {processor.py:183} INFO - Processing /home/airflow/.local/lib/python3.8/site-packages/airflow/example_dags/tutorial_objectstorage.py took 0.047 seconds
[2023-12-19T09:21:07.537+0000] {processor.py:161} INFO - Started process (PID=1904) to work on /home/airflow/.local/lib/python3.8/site-packages/airflow/example_dags/tutorial_objectstorage.py
[2023-12-19T09:21:07.539+0000] {processor.py:830} INFO - Processing file /home/airflow/.local/lib/python3.8/site-packages/airflow/example_dags/tutorial_objectstorage.py for tasks to queue
[2023-12-19T09:21:07.542+0000] {logging_mixin.py:188} INFO - [2023-12-19T09:21:07.542+0000] {dagbag.py:538} INFO - Filling up the DagBag from /home/airflow/.local/lib/python3.8/site-packages/airflow/example_dags/tutorial_objectstorage.py
[2023-12-19T09:21:07.549+0000] {processor.py:840} INFO - DAG(s) 'tutorial_objectstorage' retrieved from /home/airflow/.local/lib/python3.8/site-packages/airflow/example_dags/tutorial_objectstorage.py
[2023-12-19T09:21:07.564+0000] {logging_mixin.py:188} INFO - [2023-12-19T09:21:07.563+0000] {dag.py:3033} INFO - Sync 1 DAGs
[2023-12-19T09:21:07.665+0000] {logging_mixin.py:188} INFO - [2023-12-19T09:21:07.665+0000] {dag.py:3820} INFO - Setting next_dagrun for tutorial_objectstorage to None, run_after=None
[2023-12-19T09:21:07.677+0000] {processor.py:183} INFO - Processing /home/airflow/.local/lib/python3.8/site-packages/airflow/example_dags/tutorial_objectstorage.py took 0.142 seconds
[2023-12-19T09:21:38.464+0000] {processor.py:161} INFO - Started process (PID=1959) to work on /home/airflow/.local/lib/python3.8/site-packages/airflow/example_dags/tutorial_objectstorage.py
[2023-12-19T09:21:38.465+0000] {processor.py:830} INFO - Processing file /home/airflow/.local/lib/python3.8/site-packages/airflow/example_dags/tutorial_objectstorage.py for tasks to queue
[2023-12-19T09:21:38.468+0000] {logging_mixin.py:188} INFO - [2023-12-19T09:21:38.468+0000] {dagbag.py:538} INFO - Filling up the DagBag from /home/airflow/.local/lib/python3.8/site-packages/airflow/example_dags/tutorial_objectstorage.py
[2023-12-19T09:21:38.477+0000] {processor.py:840} INFO - DAG(s) 'tutorial_objectstorage' retrieved from /home/airflow/.local/lib/python3.8/site-packages/airflow/example_dags/tutorial_objectstorage.py
[2023-12-19T09:21:38.494+0000] {logging_mixin.py:188} INFO - [2023-12-19T09:21:38.494+0000] {dag.py:3033} INFO - Sync 1 DAGs
[2023-12-19T09:21:38.507+0000] {logging_mixin.py:188} INFO - [2023-12-19T09:21:38.507+0000] {dag.py:3820} INFO - Setting next_dagrun for tutorial_objectstorage to None, run_after=None
[2023-12-19T09:21:38.663+0000] {processor.py:183} INFO - Processing /home/airflow/.local/lib/python3.8/site-packages/airflow/example_dags/tutorial_objectstorage.py took 0.202 seconds
[2023-12-19T09:22:08.940+0000] {processor.py:161} INFO - Started process (PID=2014) to work on /home/airflow/.local/lib/python3.8/site-packages/airflow/example_dags/tutorial_objectstorage.py
[2023-12-19T09:22:08.942+0000] {processor.py:830} INFO - Processing file /home/airflow/.local/lib/python3.8/site-packages/airflow/example_dags/tutorial_objectstorage.py for tasks to queue
[2023-12-19T09:22:08.944+0000] {logging_mixin.py:188} INFO - [2023-12-19T09:22:08.944+0000] {dagbag.py:538} INFO - Filling up the DagBag from /home/airflow/.local/lib/python3.8/site-packages/airflow/example_dags/tutorial_objectstorage.py
[2023-12-19T09:22:08.950+0000] {processor.py:840} INFO - DAG(s) 'tutorial_objectstorage' retrieved from /home/airflow/.local/lib/python3.8/site-packages/airflow/example_dags/tutorial_objectstorage.py
[2023-12-19T09:22:08.965+0000] {logging_mixin.py:188} INFO - [2023-12-19T09:22:08.965+0000] {dag.py:3033} INFO - Sync 1 DAGs
[2023-12-19T09:22:08.975+0000] {logging_mixin.py:188} INFO - [2023-12-19T09:22:08.974+0000] {dag.py:3820} INFO - Setting next_dagrun for tutorial_objectstorage to None, run_after=None
[2023-12-19T09:22:08.996+0000] {processor.py:183} INFO - Processing /home/airflow/.local/lib/python3.8/site-packages/airflow/example_dags/tutorial_objectstorage.py took 0.058 seconds
[2023-12-19T09:22:39.115+0000] {processor.py:161} INFO - Started process (PID=2069) to work on /home/airflow/.local/lib/python3.8/site-packages/airflow/example_dags/tutorial_objectstorage.py
[2023-12-19T09:22:39.117+0000] {processor.py:830} INFO - Processing file /home/airflow/.local/lib/python3.8/site-packages/airflow/example_dags/tutorial_objectstorage.py for tasks to queue
[2023-12-19T09:22:39.119+0000] {logging_mixin.py:188} INFO - [2023-12-19T09:22:39.119+0000] {dagbag.py:538} INFO - Filling up the DagBag from /home/airflow/.local/lib/python3.8/site-packages/airflow/example_dags/tutorial_objectstorage.py
[2023-12-19T09:22:39.124+0000] {processor.py:840} INFO - DAG(s) 'tutorial_objectstorage' retrieved from /home/airflow/.local/lib/python3.8/site-packages/airflow/example_dags/tutorial_objectstorage.py
[2023-12-19T09:22:39.140+0000] {logging_mixin.py:188} INFO - [2023-12-19T09:22:39.140+0000] {dag.py:3033} INFO - Sync 1 DAGs
[2023-12-19T09:22:39.148+0000] {logging_mixin.py:188} INFO - [2023-12-19T09:22:39.148+0000] {dag.py:3820} INFO - Setting next_dagrun for tutorial_objectstorage to None, run_after=None
[2023-12-19T09:22:39.159+0000] {processor.py:183} INFO - Processing /home/airflow/.local/lib/python3.8/site-packages/airflow/example_dags/tutorial_objectstorage.py took 0.047 seconds
[2023-12-19T09:23:09.679+0000] {processor.py:161} INFO - Started process (PID=2124) to work on /home/airflow/.local/lib/python3.8/site-packages/airflow/example_dags/tutorial_objectstorage.py
[2023-12-19T09:23:09.681+0000] {processor.py:830} INFO - Processing file /home/airflow/.local/lib/python3.8/site-packages/airflow/example_dags/tutorial_objectstorage.py for tasks to queue
[2023-12-19T09:23:09.683+0000] {logging_mixin.py:188} INFO - [2023-12-19T09:23:09.683+0000] {dagbag.py:538} INFO - Filling up the DagBag from /home/airflow/.local/lib/python3.8/site-packages/airflow/example_dags/tutorial_objectstorage.py
[2023-12-19T09:23:09.688+0000] {processor.py:840} INFO - DAG(s) 'tutorial_objectstorage' retrieved from /home/airflow/.local/lib/python3.8/site-packages/airflow/example_dags/tutorial_objectstorage.py
[2023-12-19T09:23:09.703+0000] {logging_mixin.py:188} INFO - [2023-12-19T09:23:09.703+0000] {dag.py:3033} INFO - Sync 1 DAGs
[2023-12-19T09:23:09.711+0000] {logging_mixin.py:188} INFO - [2023-12-19T09:23:09.711+0000] {dag.py:3820} INFO - Setting next_dagrun for tutorial_objectstorage to None, run_after=None
[2023-12-19T09:23:09.725+0000] {processor.py:183} INFO - Processing /home/airflow/.local/lib/python3.8/site-packages/airflow/example_dags/tutorial_objectstorage.py took 0.048 seconds
[2023-12-19T09:23:40.493+0000] {processor.py:161} INFO - Started process (PID=2179) to work on /home/airflow/.local/lib/python3.8/site-packages/airflow/example_dags/tutorial_objectstorage.py
[2023-12-19T09:23:40.496+0000] {processor.py:830} INFO - Processing file /home/airflow/.local/lib/python3.8/site-packages/airflow/example_dags/tutorial_objectstorage.py for tasks to queue
[2023-12-19T09:23:40.498+0000] {logging_mixin.py:188} INFO - [2023-12-19T09:23:40.498+0000] {dagbag.py:538} INFO - Filling up the DagBag from /home/airflow/.local/lib/python3.8/site-packages/airflow/example_dags/tutorial_objectstorage.py
[2023-12-19T09:23:40.504+0000] {processor.py:840} INFO - DAG(s) 'tutorial_objectstorage' retrieved from /home/airflow/.local/lib/python3.8/site-packages/airflow/example_dags/tutorial_objectstorage.py
[2023-12-19T09:23:40.519+0000] {logging_mixin.py:188} INFO - [2023-12-19T09:23:40.519+0000] {dag.py:3033} INFO - Sync 1 DAGs
[2023-12-19T09:23:40.527+0000] {logging_mixin.py:188} INFO - [2023-12-19T09:23:40.526+0000] {dag.py:3820} INFO - Setting next_dagrun for tutorial_objectstorage to None, run_after=None
[2023-12-19T09:23:40.541+0000] {processor.py:183} INFO - Processing /home/airflow/.local/lib/python3.8/site-packages/airflow/example_dags/tutorial_objectstorage.py took 0.050 seconds
[2023-12-19T09:24:11.103+0000] {processor.py:161} INFO - Started process (PID=2234) to work on /home/airflow/.local/lib/python3.8/site-packages/airflow/example_dags/tutorial_objectstorage.py
[2023-12-19T09:24:11.105+0000] {processor.py:830} INFO - Processing file /home/airflow/.local/lib/python3.8/site-packages/airflow/example_dags/tutorial_objectstorage.py for tasks to queue
[2023-12-19T09:24:11.107+0000] {logging_mixin.py:188} INFO - [2023-12-19T09:24:11.107+0000] {dagbag.py:538} INFO - Filling up the DagBag from /home/airflow/.local/lib/python3.8/site-packages/airflow/example_dags/tutorial_objectstorage.py
[2023-12-19T09:24:11.113+0000] {processor.py:840} INFO - DAG(s) 'tutorial_objectstorage' retrieved from /home/airflow/.local/lib/python3.8/site-packages/airflow/example_dags/tutorial_objectstorage.py
[2023-12-19T09:24:11.128+0000] {logging_mixin.py:188} INFO - [2023-12-19T09:24:11.128+0000] {dag.py:3033} INFO - Sync 1 DAGs
[2023-12-19T09:24:11.138+0000] {logging_mixin.py:188} INFO - [2023-12-19T09:24:11.138+0000] {dag.py:3820} INFO - Setting next_dagrun for tutorial_objectstorage to None, run_after=None
[2023-12-19T09:24:11.151+0000] {processor.py:183} INFO - Processing /home/airflow/.local/lib/python3.8/site-packages/airflow/example_dags/tutorial_objectstorage.py took 0.051 seconds
[2023-12-19T09:24:41.488+0000] {processor.py:161} INFO - Started process (PID=2288) to work on /home/airflow/.local/lib/python3.8/site-packages/airflow/example_dags/tutorial_objectstorage.py
[2023-12-19T09:24:41.490+0000] {processor.py:830} INFO - Processing file /home/airflow/.local/lib/python3.8/site-packages/airflow/example_dags/tutorial_objectstorage.py for tasks to queue
[2023-12-19T09:24:41.492+0000] {logging_mixin.py:188} INFO - [2023-12-19T09:24:41.492+0000] {dagbag.py:538} INFO - Filling up the DagBag from /home/airflow/.local/lib/python3.8/site-packages/airflow/example_dags/tutorial_objectstorage.py
[2023-12-19T09:24:41.497+0000] {processor.py:840} INFO - DAG(s) 'tutorial_objectstorage' retrieved from /home/airflow/.local/lib/python3.8/site-packages/airflow/example_dags/tutorial_objectstorage.py
[2023-12-19T09:24:41.512+0000] {logging_mixin.py:188} INFO - [2023-12-19T09:24:41.512+0000] {dag.py:3033} INFO - Sync 1 DAGs
[2023-12-19T09:24:41.520+0000] {logging_mixin.py:188} INFO - [2023-12-19T09:24:41.520+0000] {dag.py:3820} INFO - Setting next_dagrun for tutorial_objectstorage to None, run_after=None
[2023-12-19T09:24:41.532+0000] {processor.py:183} INFO - Processing /home/airflow/.local/lib/python3.8/site-packages/airflow/example_dags/tutorial_objectstorage.py took 0.046 seconds
[2023-12-19T09:25:11.960+0000] {processor.py:161} INFO - Started process (PID=2349) to work on /home/airflow/.local/lib/python3.8/site-packages/airflow/example_dags/tutorial_objectstorage.py
[2023-12-19T09:25:11.962+0000] {processor.py:830} INFO - Processing file /home/airflow/.local/lib/python3.8/site-packages/airflow/example_dags/tutorial_objectstorage.py for tasks to queue
[2023-12-19T09:25:11.964+0000] {logging_mixin.py:188} INFO - [2023-12-19T09:25:11.964+0000] {dagbag.py:538} INFO - Filling up the DagBag from /home/airflow/.local/lib/python3.8/site-packages/airflow/example_dags/tutorial_objectstorage.py
[2023-12-19T09:25:11.969+0000] {processor.py:840} INFO - DAG(s) 'tutorial_objectstorage' retrieved from /home/airflow/.local/lib/python3.8/site-packages/airflow/example_dags/tutorial_objectstorage.py
[2023-12-19T09:25:11.984+0000] {logging_mixin.py:188} INFO - [2023-12-19T09:25:11.984+0000] {dag.py:3033} INFO - Sync 1 DAGs
[2023-12-19T09:25:11.992+0000] {logging_mixin.py:188} INFO - [2023-12-19T09:25:11.992+0000] {dag.py:3820} INFO - Setting next_dagrun for tutorial_objectstorage to None, run_after=None
[2023-12-19T09:25:12.004+0000] {processor.py:183} INFO - Processing /home/airflow/.local/lib/python3.8/site-packages/airflow/example_dags/tutorial_objectstorage.py took 0.046 seconds
[2023-12-19T09:25:42.532+0000] {processor.py:161} INFO - Started process (PID=2404) to work on /home/airflow/.local/lib/python3.8/site-packages/airflow/example_dags/tutorial_objectstorage.py
[2023-12-19T09:25:42.534+0000] {processor.py:830} INFO - Processing file /home/airflow/.local/lib/python3.8/site-packages/airflow/example_dags/tutorial_objectstorage.py for tasks to queue
[2023-12-19T09:25:42.536+0000] {logging_mixin.py:188} INFO - [2023-12-19T09:25:42.536+0000] {dagbag.py:538} INFO - Filling up the DagBag from /home/airflow/.local/lib/python3.8/site-packages/airflow/example_dags/tutorial_objectstorage.py
[2023-12-19T09:25:42.541+0000] {processor.py:840} INFO - DAG(s) 'tutorial_objectstorage' retrieved from /home/airflow/.local/lib/python3.8/site-packages/airflow/example_dags/tutorial_objectstorage.py
[2023-12-19T09:25:42.556+0000] {logging_mixin.py:188} INFO - [2023-12-19T09:25:42.556+0000] {dag.py:3033} INFO - Sync 1 DAGs
[2023-12-19T09:25:42.563+0000] {logging_mixin.py:188} INFO - [2023-12-19T09:25:42.563+0000] {dag.py:3820} INFO - Setting next_dagrun for tutorial_objectstorage to None, run_after=None
[2023-12-19T09:25:42.577+0000] {processor.py:183} INFO - Processing /home/airflow/.local/lib/python3.8/site-packages/airflow/example_dags/tutorial_objectstorage.py took 0.047 seconds
[2023-12-19T09:26:13.060+0000] {processor.py:161} INFO - Started process (PID=2459) to work on /home/airflow/.local/lib/python3.8/site-packages/airflow/example_dags/tutorial_objectstorage.py
[2023-12-19T09:26:13.062+0000] {processor.py:830} INFO - Processing file /home/airflow/.local/lib/python3.8/site-packages/airflow/example_dags/tutorial_objectstorage.py for tasks to queue
[2023-12-19T09:26:13.064+0000] {logging_mixin.py:188} INFO - [2023-12-19T09:26:13.064+0000] {dagbag.py:538} INFO - Filling up the DagBag from /home/airflow/.local/lib/python3.8/site-packages/airflow/example_dags/tutorial_objectstorage.py
[2023-12-19T09:26:13.069+0000] {processor.py:840} INFO - DAG(s) 'tutorial_objectstorage' retrieved from /home/airflow/.local/lib/python3.8/site-packages/airflow/example_dags/tutorial_objectstorage.py
[2023-12-19T09:26:13.083+0000] {logging_mixin.py:188} INFO - [2023-12-19T09:26:13.083+0000] {dag.py:3033} INFO - Sync 1 DAGs
[2023-12-19T09:26:13.091+0000] {logging_mixin.py:188} INFO - [2023-12-19T09:26:13.091+0000] {dag.py:3820} INFO - Setting next_dagrun for tutorial_objectstorage to None, run_after=None
[2023-12-19T09:26:13.104+0000] {processor.py:183} INFO - Processing /home/airflow/.local/lib/python3.8/site-packages/airflow/example_dags/tutorial_objectstorage.py took 0.047 seconds
[2023-12-19T09:26:43.540+0000] {processor.py:161} INFO - Started process (PID=2514) to work on /home/airflow/.local/lib/python3.8/site-packages/airflow/example_dags/tutorial_objectstorage.py
[2023-12-19T09:26:43.542+0000] {processor.py:830} INFO - Processing file /home/airflow/.local/lib/python3.8/site-packages/airflow/example_dags/tutorial_objectstorage.py for tasks to queue
[2023-12-19T09:26:43.544+0000] {logging_mixin.py:188} INFO - [2023-12-19T09:26:43.544+0000] {dagbag.py:538} INFO - Filling up the DagBag from /home/airflow/.local/lib/python3.8/site-packages/airflow/example_dags/tutorial_objectstorage.py
[2023-12-19T09:26:43.551+0000] {processor.py:840} INFO - DAG(s) 'tutorial_objectstorage' retrieved from /home/airflow/.local/lib/python3.8/site-packages/airflow/example_dags/tutorial_objectstorage.py
[2023-12-19T09:26:43.567+0000] {logging_mixin.py:188} INFO - [2023-12-19T09:26:43.567+0000] {dag.py:3033} INFO - Sync 1 DAGs
[2023-12-19T09:26:43.576+0000] {logging_mixin.py:188} INFO - [2023-12-19T09:26:43.576+0000] {dag.py:3820} INFO - Setting next_dagrun for tutorial_objectstorage to None, run_after=None
[2023-12-19T09:26:43.597+0000] {processor.py:183} INFO - Processing /home/airflow/.local/lib/python3.8/site-packages/airflow/example_dags/tutorial_objectstorage.py took 0.060 seconds
